>>> including systematics
>>> using the Profile Likelihood test statistics modified for upper limits (Q_LHC)
>>> method used to compute upper limit is HybridNew
>>> random number generator seed is 123456
Adding /uscms_data/d2/lpcljm/sapta/SUSYSearch/LimitSetting/CMSSW_7_1_5/src to include path
Adding /cvmfs/cms.cern.ch/slc6_amd64_gcc481/lcg/roofit/5.34.18-cms3//include to include path
Input workspace 'w': 

RooWorkspace(w) w contents

variables
---------
(jerUp_unc,jerUp_unc_In,jesUp_unc,jesUp_unc_In,lumi,lumi_In,n_obs_binbin1,pdf_unc,pdf_unc_In,r,xs_Bkg,xs_Bkg_In)

p.d.f.s
-------
SimpleGaussianConstraint::jerUp_unc_Pdf[ x=jerUp_unc mean=jerUp_unc_In sigma=1 ] = 1
SimpleGaussianConstraint::jesUp_unc_Pdf[ x=jesUp_unc mean=jesUp_unc_In sigma=1 ] = 1
SimpleGaussianConstraint::lumi_Pdf[ x=lumi mean=lumi_In sigma=1 ] = 1
RooProdPdf::modelObs_b[ pdf_binbin1_bonly ] = 0.302996
RooProdPdf::modelObs_s[ pdf_binbin1 ] = 0.174854
RooProdPdf::model_b[ modelObs_b * nuisancePdf ] = 0.302996
RooProdPdf::model_s[ modelObs_s * nuisancePdf ] = 0.174854
RooProdPdf::nuisancePdf[ lumi_Pdf * jesUp_unc_Pdf * pdf_unc_Pdf * xs_Bkg_Pdf * jerUp_unc_Pdf ] = 1
RooPoisson::pdf_binbin1[ x=n_obs_binbin1 mean=n_exp_binbin1 ] = 0.174854
RooPoisson::pdf_binbin1_bonly[ x=n_obs_binbin1 mean=n_exp_binbin1_bonly ] = 0.302996
SimpleGaussianConstraint::pdf_unc_Pdf[ x=pdf_unc mean=pdf_unc_In sigma=1 ] = 1
SimpleGaussianConstraint::xs_Bkg_Pdf[ x=xs_Bkg mean=xs_Bkg_In sigma=1 ] = 1

functions
--------
RooAddition::n_exp_binbin1[ n_exp_binbin1_proc_BH + n_exp_binbin1_proc_Background ] = 2.75849
RooAddition::n_exp_binbin1_bonly[ n_exp_binbin1_proc_Background ] = 1.75849
ProcessNormalization::n_exp_binbin1_proc_BH[ thetaList=(lumi,jesUp_unc,pdf_unc,jerUp_unc) asymmThetaList=() otherFactorList=(r) ] = 1
ProcessNormalization::n_exp_binbin1_proc_Background[ thetaList=(xs_Bkg) asymmThetaList=() otherFactorList=() ] = 1.75849

datasets
--------
RooDataSet::data_obs(n_obs_binbin1)

named sets
----------
ModelConfig_GlobalObservables:(lumi_In,jesUp_unc_In,pdf_unc_In,xs_Bkg_In,jerUp_unc_In)
ModelConfig_NuisParams:(lumi,jesUp_unc,pdf_unc,xs_Bkg,jerUp_unc)
ModelConfig_Observables:(n_obs_binbin1)
ModelConfig_POI:(r)
ModelConfig_bonly_GlobalObservables:(lumi_In,jesUp_unc_In,pdf_unc_In,xs_Bkg_In,jerUp_unc_In)
ModelConfig_bonly_NuisParams:(lumi,jesUp_unc,pdf_unc,xs_Bkg,jerUp_unc)
ModelConfig_bonly_Observables:(n_obs_binbin1)
ModelConfig_bonly_POI:(r)
POI:(r)
globalObservables:(lumi_In,jesUp_unc_In,pdf_unc_In,xs_Bkg_In,jerUp_unc_In)
nuisances:(lumi,jesUp_unc,pdf_unc,xs_Bkg,jerUp_unc)
observables:(n_obs_binbin1)

generic objects
---------------
RooStats::ModelConfig::ModelConfig
RooStats::ModelConfig::ModelConfig_bonly
RooArgSet::discreteParams

Workspace has a ModelConfig for signal called 'ModelConfig', with contents:

=== Using the following for ModelConfig ===
Observables:             RooArgSet:: = (n_obs_binbin1)
Parameters of Interest:  RooArgSet:: = (r)
Nuisance Parameters:     RooArgSet:: = (lumi,jesUp_unc,pdf_unc,xs_Bkg,jerUp_unc)
Global Observables:      RooArgSet:: = (lumi_In,jesUp_unc_In,pdf_unc_In,xs_Bkg_In,jerUp_unc_In)
PDF:                     RooProdPdf::model_s[ modelObs_s * nuisancePdf ] = 0.174854

Input ModelConfig 'ModelConfig': 

=== Using the following for ModelConfig ===
Observables:             RooArgSet:: = (n_obs_binbin1)
Parameters of Interest:  RooArgSet:: = (r)
Nuisance Parameters:     RooArgSet:: = (lumi,jesUp_unc,pdf_unc,xs_Bkg,jerUp_unc)
Global Observables:      RooArgSet:: = (lumi_In,jesUp_unc_In,pdf_unc_In,xs_Bkg_In,jerUp_unc_In)
PDF:                     RooProdPdf::model_s[ modelObs_s * nuisancePdf ] = 0.174854

[#1] INFO:ObjectHandling -- RooWorkspace::import(w) importing RooUniform::prior
Computing limit starting from observation
  1) RooRealVar:: n_obs_binbin1 = 1
Set default minimizer to Minuit2
Search for upper limit using pre-computed grid of p-values
  Do HypoTestResult_mh120_r3_3841307175 -> 3 --> 3
  Do HypoTestResult_mh120_r12_2705338746 -> 12 --> 12
  Do HypoTestResult_mh120_r1.5_2114616338 -> 1.5 --> 1.5
  Do HypoTestResult_mh120_r3.5_984277165 -> 3.5 --> 3.5
  Do HypoTestResult_mh120_r2_2180181877 -> 2 --> 2
  Do HypoTestResult_mh120_r5.5_2228815071 -> 5.5 --> 5.5
  Do HypoTestResult_mh120_r8_3604062611 -> 8 --> 8
  Do HypoTestResult_mh120_r10_694583256 -> 10 --> 10
  Do HypoTestResult_mh120_r1_579518094 -> 1 --> 1
  Do HypoTestResult_mh120_r4.5_2952009423 -> 4.5 --> 4.5
  Do HypoTestResult_mh120_r6_1488107512 -> 6 --> 6
  Do HypoTestResult_mh120_r2.5_2098734620 -> 2.5 --> 2.5
  Do HypoTestResult_mh120_r7_1339664850 -> 7 --> 7
  Do HypoTestResult_mh120_r4_596426416 -> 4 --> 4
  Do HypoTestResult_mh120_r9_1313904242 -> 9 --> 9
  Do HypoTestResult_mh120_r5_4177336615 -> 5 --> 5
GRID, as is.
  - 1  (CLs = 0.486054 +/- 0.016691)
  - 1.5  (CLs = 0.319937 +/- 0.0135046)
  - 2  (CLs = 0.225434 +/- 0.0111732)
  - 2.5  (CLs = 0.133745 +/- 0.00841696)
  - 3  (CLs = 0.0873385 +/- 0.00678433)
  - 3.5  (CLs = 0.0533545 +/- 0.00534324)
  - 4  (CLs = 0.0352514 +/- 0.00429204)
  - 4.5  (CLs = 0.0281104 +/- 0.00383777)
  - 5  (CLs = 0.0242233 +/- 0.00358191)
  - 5.5  (CLs = 0.0115404 +/- 0.00240915)
  - 6  (CLs = 0.00956697 +/- 0.00219697)
  - 7  (CLs = 0.0014627 +/- 0.000844602)
  - 8  (CLs = 0.0004995 +/- 0.000499525)
  - 9  (CLs = 0.000489476 +/- 0.000489498)
  - 10  (CLs = 0 +/- 0)
  - 12  (CLs = 0 +/- 0)
Bisecting range [0, 15]
At r = 4.5:
	CLs      = 0.0185185 +/- 0.00705414
	CLb      = 0.0756 +/- 0.00373857
	CLsplusb = 0.0014 +/- 0.00052878

    Midpoint 7 value 0.0185185 +/- 0.00705414
    Replacing Max
Bisecting range [0, 7]
At r = 2.5:
	CLs      = 0.104787 +/- 0.012057
	CLb      = 0.1546 +/- 0.00511271
	CLsplusb = 0.0162 +/- 0.00178536

    Midpoint 3 value 0.104787 +/- 0.012057
    Replacing Min
Bisecting range [3, 7]
At r = 3.5:
	CLs      = 0.0377551 +/- 0.00627774
	CLb      = 0.196 +/- 0.00561398
	CLsplusb = 0.0074 +/- 0.00121204

    Midpoint 5 value 0.0377551 +/- 0.00627774
    Tightening Range
At r = 3:
	CLs      = 0.0547945 +/- 0.00841281
	CLb      = 0.1606 +/- 0.00519245
	CLsplusb = 0.0088 +/- 0.0013208

        Lowpoint 4 value 0.0547945 +/- 0.00841281
At r = 4:
	CLs      = 0.0186335 +/- 0.00766861
	CLb      = 0.0644 +/- 0.00347139
	CLsplusb = 0.0012 +/- 0.000489604

        Highpoint 6 value 0.0186335 +/- 0.00766861
Final range [3, 6]
  Will not use point 0 (r 1)
  Will not use point 1 (r 1.5)
  Will not use point 2 (r 2)
   Point 3 (r 2.5) was already updated during search.
   Point 4 (r 3) was already updated during search.
   Point 5 (r 3.5) was already updated during search.
   Point 6 (r 4) was already updated during search.
  Will not use point 7 (r 4.5)
  Will not use point 8 (r 5)
  Will not use point 9 (r 5.5)
  Will not use point 10 (r 6)
  Will not use point 11 (r 7)
  Will not use point 12 (r 8)
  Will not use point 13 (r 9)
  Will not use point 14 (r 10)
  Will not use point 15 (r 12)
  r 2.50: CLs = 0.1048 +/- 0.0121
  r 3.00: CLs = 0.0548 +/- 0.0084
  r 3.50: CLs = 0.0378 +/- 0.0063
  r 4.00: CLs = 0.0186 +/- 0.0077
 after scan x ~ 3, bounds [ 2.5, 4]

 -- HybridNew, before fit -- 
Limit: r < 3 +/- 1 [2.5, 4]

****************************************
Minimizer is Minuit2 / Migrad
Chi2                      =     0.644882
NDf                       =            2
Edm                       =  1.45402e-10
NCalls                    =           46
p0                        =         0.05                      	 (fixed)
p1                        =     -1.08386   +/-   0.180541    
p2                        =      3.16077   +/-   0.0839571   
Fit to 4 points: 3.16077 +/- 0.0839571

 -- Hybrid New -- 
Limit: r < 3.16077 +/- 0.0839571 @ 95% CL
Total toys: 0
Done in 0.00 min (cpu), 0.01 min (real)
