>>> including systematics
>>> using the Profile Likelihood test statistics modified for upper limits (Q_LHC)
>>> method used to compute upper limit is HybridNew
>>> random number generator seed is 123456
Adding /uscms_data/d2/lpcljm/sapta/SUSYSearch/LimitSetting/CMSSW_7_1_5/src to include path
Adding /cvmfs/cms.cern.ch/slc6_amd64_gcc481/lcg/roofit/5.34.18-cms3//include to include path
Input workspace 'w': 

RooWorkspace(w) w contents

variables
---------
(jerUp_unc,jerUp_unc_In,jesUp_unc,jesUp_unc_In,lumi,lumi_In,n_obs_binbin1,pdf_unc,pdf_unc_In,r,xs_Bkg,xs_Bkg_In)

p.d.f.s
-------
SimpleGaussianConstraint::jerUp_unc_Pdf[ x=jerUp_unc mean=jerUp_unc_In sigma=1 ] = 1
SimpleGaussianConstraint::jesUp_unc_Pdf[ x=jesUp_unc mean=jesUp_unc_In sigma=1 ] = 1
SimpleGaussianConstraint::lumi_Pdf[ x=lumi mean=lumi_In sigma=1 ] = 1
RooProdPdf::modelObs_b[ pdf_binbin1_bonly ] = 0.00936378
RooProdPdf::modelObs_s[ pdf_binbin1 ] = 0.00944803
RooProdPdf::model_b[ modelObs_b * nuisancePdf ] = 0.00936378
RooProdPdf::model_s[ modelObs_s * nuisancePdf ] = 0.00944803
RooProdPdf::nuisancePdf[ lumi_Pdf * jesUp_unc_Pdf * pdf_unc_Pdf * xs_Bkg_Pdf * jerUp_unc_Pdf ] = 1
RooPoisson::pdf_binbin1[ x=n_obs_binbin1 mean=n_exp_binbin1 ] = 0.00944803
RooPoisson::pdf_binbin1_bonly[ x=n_obs_binbin1 mean=n_exp_binbin1_bonly ] = 0.00936378
SimpleGaussianConstraint::pdf_unc_Pdf[ x=pdf_unc mean=pdf_unc_In sigma=1 ] = 1
SimpleGaussianConstraint::xs_Bkg_Pdf[ x=xs_Bkg mean=xs_Bkg_In sigma=1 ] = 1

functions
--------
RooAddition::n_exp_binbin1[ n_exp_binbin1_proc_BH + n_exp_binbin1_proc_Background ] = 1572.42
RooAddition::n_exp_binbin1_bonly[ n_exp_binbin1_proc_Background ] = 1571.42
ProcessNormalization::n_exp_binbin1_proc_BH[ thetaList=(lumi,jesUp_unc,pdf_unc,jerUp_unc) asymmThetaList=() otherFactorList=(r) ] = 1
ProcessNormalization::n_exp_binbin1_proc_Background[ thetaList=(xs_Bkg) asymmThetaList=() otherFactorList=() ] = 1571.42

datasets
--------
RooDataSet::data_obs(n_obs_binbin1)

named sets
----------
ModelConfig_GlobalObservables:(lumi_In,jesUp_unc_In,pdf_unc_In,xs_Bkg_In,jerUp_unc_In)
ModelConfig_NuisParams:(lumi,jesUp_unc,pdf_unc,xs_Bkg,jerUp_unc)
ModelConfig_Observables:(n_obs_binbin1)
ModelConfig_POI:(r)
ModelConfig_bonly_GlobalObservables:(lumi_In,jesUp_unc_In,pdf_unc_In,xs_Bkg_In,jerUp_unc_In)
ModelConfig_bonly_NuisParams:(lumi,jesUp_unc,pdf_unc,xs_Bkg,jerUp_unc)
ModelConfig_bonly_Observables:(n_obs_binbin1)
ModelConfig_bonly_POI:(r)
POI:(r)
globalObservables:(lumi_In,jesUp_unc_In,pdf_unc_In,xs_Bkg_In,jerUp_unc_In)
nuisances:(lumi,jesUp_unc,pdf_unc,xs_Bkg,jerUp_unc)
observables:(n_obs_binbin1)

generic objects
---------------
RooStats::ModelConfig::ModelConfig
RooStats::ModelConfig::ModelConfig_bonly
RooArgSet::discreteParams

Workspace has a ModelConfig for signal called 'ModelConfig', with contents:

=== Using the following for ModelConfig ===
Observables:             RooArgSet:: = (n_obs_binbin1)
Parameters of Interest:  RooArgSet:: = (r)
Nuisance Parameters:     RooArgSet:: = (lumi,jesUp_unc,pdf_unc,xs_Bkg,jerUp_unc)
Global Observables:      RooArgSet:: = (lumi_In,jesUp_unc_In,pdf_unc_In,xs_Bkg_In,jerUp_unc_In)
PDF:                     RooProdPdf::model_s[ modelObs_s * nuisancePdf ] = 0.00944803

Input ModelConfig 'ModelConfig': 

=== Using the following for ModelConfig ===
Observables:             RooArgSet:: = (n_obs_binbin1)
Parameters of Interest:  RooArgSet:: = (r)
Nuisance Parameters:     RooArgSet:: = (lumi,jesUp_unc,pdf_unc,xs_Bkg,jerUp_unc)
Global Observables:      RooArgSet:: = (lumi_In,jesUp_unc_In,pdf_unc_In,xs_Bkg_In,jerUp_unc_In)
PDF:                     RooProdPdf::model_s[ modelObs_s * nuisancePdf ] = 0.00944803

[#1] INFO:ObjectHandling -- RooWorkspace::import(w) importing RooUniform::prior
Computing limit starting from observation
  1) RooRealVar:: n_obs_binbin1 = 1586
Set default minimizer to Minuit2
Search for upper limit using pre-computed grid of p-values
  Do HypoTestResult_mh120_r100_3478255416 -> 100 --> 100
  Do HypoTestResult_mh120_r100_3608214640 -> 100 --> 100
  Do HypoTestResult_mh120_r800_703832495 -> 800 --> 800
  Do HypoTestResult_mh120_r100_2662990546 -> 100 --> 100
  Do HypoTestResult_mh120_r700_4116739797 -> 700 --> 700
  Do HypoTestResult_mh120_r100_3572891195 -> 100 --> 100
  Do HypoTestResult_mh120_r100_1520729943 -> 100 --> 100
  Do HypoTestResult_mh120_r100_4154170966 -> 100 --> 100
  Do HypoTestResult_mh120_r100_2716914541 -> 100 --> 100
  Do HypoTestResult_mh120_r100_2932945131 -> 100 --> 100
  Do HypoTestResult_mh120_r100_1653072508 -> 100 --> 100
  Do HypoTestResult_mh120_r650_3758182250 -> 650 --> 650
  Do HypoTestResult_mh120_r750_3950665793 -> 750 --> 750
GRID, as is.
  - 100  (CLs = 0.674988 +/- 0.00526038)
  - 650  (CLs = 0.00186846 +/- 0.000835546)
  - 700  (CLs = 0.000386847 +/- 0.000386845)
  - 750  (CLs = 0.000754148 +/- 0.000533251)
  - 800  (CLs = 0 +/- 0)
Bisecting range [0, 4]
At r = 700:
	CLs      = 0 +/- 0
	CLb      = 0.4606 +/- 0.00704908
	CLsplusb = 0 +/- 0

    Midpoint 2 value 0 +/- 0
    Replacing Max
Final range [0, 2]
   Updaing point 0 (r 100)
At r = 100:
	CLs      = 0.329071 +/- 0.0191844
	CLb      = 0.0260667 +/- 0.000751106
	CLsplusb = 0.00857778 +/- 0.000434721

   Updaing point 1 (r 650)
At r = 650:
	CLs      = 0 +/- 0
	CLb      = 0.2376 +/- 0.00601907
	CLsplusb = 0 +/- 0

   Point 2 (r 700) was already updated during search.
  Will not use point 3 (r 750)
  Will not use point 4 (r 800)
  r 100.00: CLs = 0.3291 +/- 0.0192
  r 650.00: CLs = 0.0000 +/- 0.0000
 after scan x ~ 650, bounds [ 100, 650]

 -- HybridNew, before fit -- 
Limit: r < 650 +/- 550 [100, 650]

****************************************
Minimizer is Minuit2 / Migrad
Chi2                      =  2.84314e-08
NDf                       =            0
Edm                       =  2.84027e-08
NCalls                    =           53
p0                        =         0.05                      	 (fixed)
p1                        =  -0.00510684   +/-   0.00249948  
p2                        =      468.968   +/-   180.587     
Fit to 2 points: 468.968 +/- 180.587

 -- Hybrid New -- 
Limit: r < 468.968 +/- 180.587 @ 95% CL
Total toys: 0
Done in 0.00 min (cpu), 0.01 min (real)
