>>> including systematics
>>> using the Profile Likelihood test statistics modified for upper limits (Q_LHC)
>>> method used to compute upper limit is HybridNew
>>> random number generator seed is 123456
Adding /uscms_data/d2/lpcljm/sapta/SUSYSearch/LimitSetting/CMSSW_7_1_5/src to include path
Adding /cvmfs/cms.cern.ch/slc6_amd64_gcc481/lcg/roofit/5.34.18-cms3//include to include path
Input workspace 'w': 

RooWorkspace(w) w contents

variables
---------
(jerUp_unc,jerUp_unc_In,jesUp_unc,jesUp_unc_In,lumi,lumi_In,n_obs_binbin1,pdf_unc,pdf_unc_In,r,xs_Bkg,xs_Bkg_In)

p.d.f.s
-------
SimpleGaussianConstraint::jerUp_unc_Pdf[ x=jerUp_unc mean=jerUp_unc_In sigma=1 ] = 1
SimpleGaussianConstraint::jesUp_unc_Pdf[ x=jesUp_unc mean=jesUp_unc_In sigma=1 ] = 1
SimpleGaussianConstraint::lumi_Pdf[ x=lumi mean=lumi_In sigma=1 ] = 1
RooProdPdf::modelObs_b[ pdf_binbin1_bonly ] = 0.00574904
RooProdPdf::modelObs_s[ pdf_binbin1 ] = 0.00496779
RooProdPdf::model_b[ modelObs_b * nuisancePdf ] = 0.00574904
RooProdPdf::model_s[ modelObs_s * nuisancePdf ] = 0.00496779
RooProdPdf::nuisancePdf[ lumi_Pdf * jesUp_unc_Pdf * pdf_unc_Pdf * xs_Bkg_Pdf * jerUp_unc_Pdf ] = 1
RooPoisson::pdf_binbin1[ x=n_obs_binbin1 mean=n_exp_binbin1 ] = 0.00496779
RooPoisson::pdf_binbin1_bonly[ x=n_obs_binbin1 mean=n_exp_binbin1_bonly ] = 0.00574904
SimpleGaussianConstraint::pdf_unc_Pdf[ x=pdf_unc mean=pdf_unc_In sigma=1 ] = 1
SimpleGaussianConstraint::xs_Bkg_Pdf[ x=xs_Bkg mean=xs_Bkg_In sigma=1 ] = 1

functions
--------
RooAddition::n_exp_binbin1[ n_exp_binbin1_proc_BH + n_exp_binbin1_proc_Background ] = 164.446
RooAddition::n_exp_binbin1_bonly[ n_exp_binbin1_proc_Background ] = 163.446
ProcessNormalization::n_exp_binbin1_proc_BH[ thetaList=(lumi,jesUp_unc,pdf_unc,jerUp_unc) asymmThetaList=() otherFactorList=(r) ] = 1
ProcessNormalization::n_exp_binbin1_proc_Background[ thetaList=(xs_Bkg) asymmThetaList=() otherFactorList=() ] = 163.446

datasets
--------
RooDataSet::data_obs(n_obs_binbin1)

named sets
----------
ModelConfig_GlobalObservables:(lumi_In,jesUp_unc_In,pdf_unc_In,xs_Bkg_In,jerUp_unc_In)
ModelConfig_NuisParams:(lumi,jesUp_unc,pdf_unc,xs_Bkg,jerUp_unc)
ModelConfig_Observables:(n_obs_binbin1)
ModelConfig_POI:(r)
ModelConfig_bonly_GlobalObservables:(lumi_In,jesUp_unc_In,pdf_unc_In,xs_Bkg_In,jerUp_unc_In)
ModelConfig_bonly_NuisParams:(lumi,jesUp_unc,pdf_unc,xs_Bkg,jerUp_unc)
ModelConfig_bonly_Observables:(n_obs_binbin1)
ModelConfig_bonly_POI:(r)
POI:(r)
globalObservables:(lumi_In,jesUp_unc_In,pdf_unc_In,xs_Bkg_In,jerUp_unc_In)
nuisances:(lumi,jesUp_unc,pdf_unc,xs_Bkg,jerUp_unc)
observables:(n_obs_binbin1)

generic objects
---------------
RooStats::ModelConfig::ModelConfig
RooStats::ModelConfig::ModelConfig_bonly
RooArgSet::discreteParams

Workspace has a ModelConfig for signal called 'ModelConfig', with contents:

=== Using the following for ModelConfig ===
Observables:             RooArgSet:: = (n_obs_binbin1)
Parameters of Interest:  RooArgSet:: = (r)
Nuisance Parameters:     RooArgSet:: = (lumi,jesUp_unc,pdf_unc,xs_Bkg,jerUp_unc)
Global Observables:      RooArgSet:: = (lumi_In,jesUp_unc_In,pdf_unc_In,xs_Bkg_In,jerUp_unc_In)
PDF:                     RooProdPdf::model_s[ modelObs_s * nuisancePdf ] = 0.00496779

Input ModelConfig 'ModelConfig': 

=== Using the following for ModelConfig ===
Observables:             RooArgSet:: = (n_obs_binbin1)
Parameters of Interest:  RooArgSet:: = (r)
Nuisance Parameters:     RooArgSet:: = (lumi,jesUp_unc,pdf_unc,xs_Bkg,jerUp_unc)
Global Observables:      RooArgSet:: = (lumi_In,jesUp_unc_In,pdf_unc_In,xs_Bkg_In,jerUp_unc_In)
PDF:                     RooProdPdf::model_s[ modelObs_s * nuisancePdf ] = 0.00496779

[#1] INFO:ObjectHandling -- RooWorkspace::import(w) importing RooUniform::prior
Computing limit starting from observation
  1) RooRealVar:: n_obs_binbin1 = 140
Set default minimizer to Minuit2
Search for upper limit using pre-computed grid of p-values
  Do HypoTestResult_mh120_r130_3493454330 -> 130 --> 130
  Do HypoTestResult_mh120_r50_3234504753 -> 50 --> 50
  Do HypoTestResult_mh120_r70_2606037528 -> 70 --> 70
  Do HypoTestResult_mh120_r110_1312176311 -> 110 --> 110
  Do HypoTestResult_mh120_r80_869473857 -> 80 --> 80
  Do HypoTestResult_mh120_r40_1687529569 -> 40 --> 40
  Do HypoTestResult_mh120_r30_4003169107 -> 30 --> 30
  Do HypoTestResult_mh120_r100_3342042940 -> 100 --> 100
  Do HypoTestResult_mh120_r90_1484296748 -> 90 --> 90
  Do HypoTestResult_mh120_r60_3022097063 -> 60 --> 60
  Do HypoTestResult_mh120_r120_3960571196 -> 120 --> 120
GRID, as is.
  - 30  (CLs = 0.406897 +/- 0.017108)
  - 40  (CLs = 0.272671 +/- 0.0136309)
  - 50  (CLs = 0.159379 +/- 0.00980597)
  - 60  (CLs = 0.0951814 +/- 0.00764117)
  - 70  (CLs = 0.0333333 +/- 0.004399)
  - 80  (CLs = 0.0203488 +/- 0.00345048)
  - 90  (CLs = 0.00635471 +/- 0.00191789)
  - 100  (CLs = 0.00275786 +/- 0.00123382)
  - 110  (CLs = 0 +/- 0)
  - 120  (CLs = 0 +/- 0)
  - 130  (CLs = 0 +/- 0)
Bisecting range [0, 10]
At r = 80:
	CLs      = 0 +/- 0
	CLb      = 0.0864 +/- 0.00397329
	CLsplusb = 0 +/- 0

    Midpoint 5 value 0 +/- 0
    Replacing Max
Bisecting range [0, 5]
At r = 50:
	CLs      = 0.0387097 +/- 0.0160875
	CLb      = 0.031 +/- 0.00245108
	CLsplusb = 0.0012 +/- 0.000489604

    Midpoint 2 value 0.0387097 +/- 0.0160875
    Tightening Range
At r = 40:
	CLs      = 0.097561 +/- 0.0254777
	CLb      = 0.0328 +/- 0.00251889
	CLsplusb = 0.0032 +/- 0.000798719

        Lowpoint 1 value 0.097561 +/- 0.0254777
At r = 60:
	CLs      = 0.00775194 +/- 0.00778038
	CLb      = 0.0258 +/- 0.00224207
	CLsplusb = 0.0002 +/- 0.00019998

        Highpoint 3 value 0.00775194 +/- 0.00778038
Final range [0, 3]
   Updaing point 0 (r 30)
At r = 30:
	CLs      = 0.175926 +/- 0.043625
	CLb      = 0.0216 +/- 0.00205589
	CLsplusb = 0.0038 +/- 0.000870122

   Point 1 (r 40) was already updated during search.
   Point 2 (r 50) was already updated during search.
   Point 3 (r 60) was already updated during search.
  Will not use point 4 (r 70)
  Will not use point 5 (r 80)
  Will not use point 6 (r 90)
  Will not use point 7 (r 100)
  Will not use point 8 (r 110)
  Will not use point 9 (r 120)
  Will not use point 10 (r 130)
  r 30.00: CLs = 0.1759 +/- 0.0436
  r 40.00: CLs = 0.0976 +/- 0.0255
  r 50.00: CLs = 0.0387 +/- 0.0161
  r 60.00: CLs = 0.0078 +/- 0.0078
 after scan x ~ 50, bounds [ 30, 60]

 -- HybridNew, before fit -- 
Limit: r < 50 +/- 20 [30, 60]

****************************************
Minimizer is Minuit2 / Migrad
Chi2                      =      1.33661
NDf                       =            2
Edm                       =  1.26852e-07
NCalls                    =           73
p0                        =         0.05                      	 (fixed)
p1                        =   -0.0889032   +/-   0.0159995   
p2                        =      45.1959   +/-   2.33621     
Fit to 4 points: 45.1959 +/- 2.33621

 -- Hybrid New -- 
Limit: r < 45.1959 +/- 2.33621 @ 95% CL
Total toys: 0
Done in 0.00 min (cpu), 0.00 min (real)
