>>> including systematics
>>> using the Profile Likelihood test statistics modified for upper limits (Q_LHC)
>>> method used to compute upper limit is HybridNew
>>> random number generator seed is 123456
Adding /uscms_data/d2/lpcljm/sapta/SUSYSearch/LimitSetting/CMSSW_7_1_5/src to include path
Adding /cvmfs/cms.cern.ch/slc6_amd64_gcc481/lcg/roofit/5.34.18-cms3//include to include path
Input workspace 'w': 

RooWorkspace(w) w contents

variables
---------
(jerUp_unc,jerUp_unc_In,jesUp_unc,jesUp_unc_In,lumi,lumi_In,n_obs_binbin1,pdf_unc,pdf_unc_In,r,xs_Bkg,xs_Bkg_In)

p.d.f.s
-------
SimpleGaussianConstraint::jerUp_unc_Pdf[ x=jerUp_unc mean=jerUp_unc_In sigma=1 ] = 1
SimpleGaussianConstraint::jesUp_unc_Pdf[ x=jesUp_unc mean=jesUp_unc_In sigma=1 ] = 1
SimpleGaussianConstraint::lumi_Pdf[ x=lumi mean=lumi_In sigma=1 ] = 1
RooProdPdf::modelObs_b[ pdf_binbin1_bonly ] = 0.593506
RooProdPdf::modelObs_s[ pdf_binbin1 ] = 0.218339
RooProdPdf::model_b[ modelObs_b * nuisancePdf ] = 0.593506
RooProdPdf::model_s[ modelObs_s * nuisancePdf ] = 0.218339
RooProdPdf::nuisancePdf[ lumi_Pdf * jesUp_unc_Pdf * pdf_unc_Pdf * xs_Bkg_Pdf * jerUp_unc_Pdf ] = 1
RooPoisson::pdf_binbin1[ x=n_obs_binbin1 mean=n_exp_binbin1 ] = 0.218339
RooPoisson::pdf_binbin1_bonly[ x=n_obs_binbin1 mean=n_exp_binbin1_bonly ] = 0.593506
SimpleGaussianConstraint::pdf_unc_Pdf[ x=pdf_unc mean=pdf_unc_In sigma=1 ] = 1
SimpleGaussianConstraint::xs_Bkg_Pdf[ x=xs_Bkg mean=xs_Bkg_In sigma=1 ] = 1

functions
--------
RooAddition::n_exp_binbin1[ n_exp_binbin1_proc_BH + n_exp_binbin1_proc_Background ] = 1.52171
RooAddition::n_exp_binbin1_bonly[ n_exp_binbin1_proc_Background ] = 0.521708
ProcessNormalization::n_exp_binbin1_proc_BH[ thetaList=(lumi,jesUp_unc,pdf_unc) asymmThetaList=() otherFactorList=(r) ] = 1
ProcessNormalization::n_exp_binbin1_proc_Background[ thetaList=(xs_Bkg,jerUp_unc) asymmThetaList=() otherFactorList=() ] = 0.521708

datasets
--------
RooDataSet::data_obs(n_obs_binbin1)

named sets
----------
ModelConfig_GlobalObservables:(lumi_In,jesUp_unc_In,pdf_unc_In,xs_Bkg_In,jerUp_unc_In)
ModelConfig_NuisParams:(lumi,jesUp_unc,pdf_unc,xs_Bkg,jerUp_unc)
ModelConfig_Observables:(n_obs_binbin1)
ModelConfig_POI:(r)
ModelConfig_bonly_GlobalObservables:(lumi_In,jesUp_unc_In,pdf_unc_In,xs_Bkg_In,jerUp_unc_In)
ModelConfig_bonly_NuisParams:(lumi,jesUp_unc,pdf_unc,xs_Bkg,jerUp_unc)
ModelConfig_bonly_Observables:(n_obs_binbin1)
ModelConfig_bonly_POI:(r)
POI:(r)
globalObservables:(lumi_In,jesUp_unc_In,pdf_unc_In,xs_Bkg_In,jerUp_unc_In)
nuisances:(lumi,jesUp_unc,pdf_unc,xs_Bkg,jerUp_unc)
observables:(n_obs_binbin1)

generic objects
---------------
RooStats::ModelConfig::ModelConfig
RooStats::ModelConfig::ModelConfig_bonly
RooArgSet::discreteParams

Workspace has a ModelConfig for signal called 'ModelConfig', with contents:

=== Using the following for ModelConfig ===
Observables:             RooArgSet:: = (n_obs_binbin1)
Parameters of Interest:  RooArgSet:: = (r)
Nuisance Parameters:     RooArgSet:: = (lumi,jesUp_unc,pdf_unc,xs_Bkg,jerUp_unc)
Global Observables:      RooArgSet:: = (lumi_In,jesUp_unc_In,pdf_unc_In,xs_Bkg_In,jerUp_unc_In)
PDF:                     RooProdPdf::model_s[ modelObs_s * nuisancePdf ] = 0.218339

Input ModelConfig 'ModelConfig': 

=== Using the following for ModelConfig ===
Observables:             RooArgSet:: = (n_obs_binbin1)
Parameters of Interest:  RooArgSet:: = (r)
Nuisance Parameters:     RooArgSet:: = (lumi,jesUp_unc,pdf_unc,xs_Bkg,jerUp_unc)
Global Observables:      RooArgSet:: = (lumi_In,jesUp_unc_In,pdf_unc_In,xs_Bkg_In,jerUp_unc_In)
PDF:                     RooProdPdf::model_s[ modelObs_s * nuisancePdf ] = 0.218339

[#1] INFO:ObjectHandling -- RooWorkspace::import(w) importing RooUniform::prior
Computing limit starting from observation
  1) RooRealVar:: n_obs_binbin1 = 0
Set default minimizer to Minuit2
Search for upper limit using pre-computed grid of p-values
  Do HypoTestResult_mh120_r9_1003840836 -> 9 --> 9
  Do HypoTestResult_mh120_r8_3433517620 -> 8 --> 8
  Do HypoTestResult_mh120_r1_2044982704 -> 1 --> 1
  Do HypoTestResult_mh120_r0.75_3103873000 -> 0.75 --> 0.75
  Do HypoTestResult_mh120_r3_488375005 -> 3 --> 3
  Do HypoTestResult_mh120_r1.5_3052252829 -> 1.5 --> 1.5
  Do HypoTestResult_mh120_r4.5_701370443 -> 4.5 --> 4.5
  Do HypoTestResult_mh120_r2_2425211683 -> 2 --> 2
  Do HypoTestResult_mh120_r3.5_2444012210 -> 3.5 --> 3.5
  Do HypoTestResult_mh120_r5.5_1064929519 -> 5.5 --> 5.5
  Do HypoTestResult_mh120_r2.5_3113376493 -> 2.5 --> 2.5
  Do HypoTestResult_mh120_r7_2309972730 -> 7 --> 7
  Do HypoTestResult_mh120_r4_1647229355 -> 4 --> 4
  Do HypoTestResult_mh120_r5_153977665 -> 5 --> 5
  Do HypoTestResult_mh120_r0.5_1789202799 -> 0.5 --> 0.5
  Do HypoTestResult_mh120_r6_3873388807 -> 6 --> 6
GRID, as is.
  - 0.5  (CLs = 0.575848 +/- 0.0201789)
  - 0.75  (CLs = 0.458824 +/- 0.0181727)
  - 1  (CLs = 0.342823 +/- 0.0152256)
  - 1.5  (CLs = 0.204671 +/- 0.0116098)
  - 2  (CLs = 0.117299 +/- 0.00849336)
  - 2.5  (CLs = 0.0720238 +/- 0.00662451)
  - 3  (CLs = 0.0451843 +/- 0.00522117)
  - 3.5  (CLs = 0.0165877 +/- 0.00314321)
  - 4  (CLs = 0.0143198 +/- 0.00292991)
  - 4.5  (CLs = 0.0106509 +/- 0.00251477)
  - 5  (CLs = 0.00609385 +/- 0.00192906)
  - 5.5  (CLs = 0.00298329 +/- 0.00133483)
  - 6  (CLs = 0.00237671 +/- 0.00118882)
  - 7  (CLs = 0 +/- 0)
  - 8  (CLs = 0.000602047 +/- 0.000602108)
  - 9  (CLs = 0 +/- 0)
Bisecting range [0, 15]
At r = 3.5:
	CLs      = 0.0808298 +/- 0.00426815
	CLb      = 0.8388 +/- 0.00520028
	CLsplusb = 0.0678 +/- 0.00355537

    Midpoint 7 value 0.0808298 +/- 0.00426815
    Replacing Min
Bisecting range [7, 15]
At r = 5.5:
	CLs      = 0.0175272 +/- 0.00202516
	CLb      = 0.8444 +/- 0.00512618
	CLsplusb = 0.0148 +/- 0.00170769

    Midpoint 11 value 0.0175272 +/- 0.00202516
    Replacing Max
Bisecting range [7, 11]
At r = 4.5:
	CLs      = 0.036398 +/- 0.00289584
	CLb      = 0.8462 +/- 0.00510187
	CLsplusb = 0.0308 +/- 0.00244341

    Midpoint 9 value 0.036398 +/- 0.00289584
    Tightening Range
At r = 4:
	CLs      = 0.0533079 +/- 0.00349656
	CLb      = 0.8404 +/- 0.00517934
	CLsplusb = 0.0448 +/- 0.00292551

        Lowpoint 8 value 0.0533079 +/- 0.00349656
At r = 5:
	CLs      = 0.0259524 +/- 0.00246376
	CLb      = 0.84 +/- 0.00518459
	CLsplusb = 0.0218 +/- 0.00206518

        Highpoint 10 value 0.0259524 +/- 0.00246376
Final range [7, 11]
  Will not use point 0 (r 0.5)
  Will not use point 1 (r 0.75)
  Will not use point 2 (r 1)
  Will not use point 3 (r 1.5)
  Will not use point 4 (r 2)
  Will not use point 5 (r 2.5)
  Will not use point 6 (r 3)
   Point 7 (r 3.5) was already updated during search.
   Point 8 (r 4) was already updated during search.
   Point 9 (r 4.5) was already updated during search.
   Point 10 (r 5) was already updated during search.
   Point 11 (r 5.5) was already updated during search.
  Will not use point 12 (r 6)
  Will not use point 13 (r 7)
  Will not use point 14 (r 8)
  Will not use point 15 (r 9)
  r 3.50: CLs = 0.0808 +/- 0.0043
  r 4.00: CLs = 0.0533 +/- 0.0035
  r 4.50: CLs = 0.0364 +/- 0.0029
  r 5.00: CLs = 0.0260 +/- 0.0025
  r 5.50: CLs = 0.0175 +/- 0.0020
 after scan x ~ 4, bounds [ 3.5, 5.5]

 -- HybridNew, before fit -- 
Limit: r < 4 +/- 1.5 [3.5, 5.5]

****************************************
Minimizer is Minuit2 / Migrad
Chi2                      =     0.305152
NDf                       =            3
Edm                       =  8.85257e-11
NCalls                    =           43
p0                        =         0.05                      	 (fixed)
p1                        =    -0.764225   +/-   0.0514981   
p2                        =      4.11091   +/-   0.0428243   
Fit to 5 points: 4.11091 +/- 0.0428243

 -- Hybrid New -- 
Limit: r < 4.11091 +/- 0.0428243 @ 95% CL
Total toys: 0
Done in 0.00 min (cpu), 0.01 min (real)
