>>> including systematics
>>> using the Profile Likelihood test statistics modified for upper limits (Q_LHC)
>>> method used to compute upper limit is HybridNew
>>> random number generator seed is 123456
Adding /uscms_data/d2/lpcljm/sapta/SUSYSearch/LimitSetting/CMSSW_7_1_5/src to include path
Adding /cvmfs/cms.cern.ch/slc6_amd64_gcc481/lcg/roofit/5.34.18-cms3//include to include path
Input workspace 'w': 

RooWorkspace(w) w contents

variables
---------
(jerUp_unc,jerUp_unc_In,jesUp_unc,jesUp_unc_In,lumi,lumi_In,n_obs_binbin1,pdf_unc,pdf_unc_In,r,xs_Bkg,xs_Bkg_In)

p.d.f.s
-------
SimpleGaussianConstraint::jerUp_unc_Pdf[ x=jerUp_unc mean=jerUp_unc_In sigma=1 ] = 1
SimpleGaussianConstraint::jesUp_unc_Pdf[ x=jesUp_unc mean=jesUp_unc_In sigma=1 ] = 1
SimpleGaussianConstraint::lumi_Pdf[ x=lumi mean=lumi_In sigma=1 ] = 1
RooProdPdf::modelObs_b[ pdf_binbin1_bonly ] = 0.0852248
RooProdPdf::modelObs_s[ pdf_binbin1 ] = 0.0734196
RooProdPdf::model_b[ modelObs_b * nuisancePdf ] = 0.0852248
RooProdPdf::model_s[ modelObs_s * nuisancePdf ] = 0.0734196
RooProdPdf::nuisancePdf[ lumi_Pdf * jesUp_unc_Pdf * pdf_unc_Pdf * xs_Bkg_Pdf * jerUp_unc_Pdf ] = 1
RooPoisson::pdf_binbin1[ x=n_obs_binbin1 mean=n_exp_binbin1 ] = 0.0734196
RooPoisson::pdf_binbin1_bonly[ x=n_obs_binbin1 mean=n_exp_binbin1_bonly ] = 0.0852248
SimpleGaussianConstraint::pdf_unc_Pdf[ x=pdf_unc mean=pdf_unc_In sigma=1 ] = 1
SimpleGaussianConstraint::xs_Bkg_Pdf[ x=xs_Bkg mean=xs_Bkg_In sigma=1 ] = 1

functions
--------
RooAddition::n_exp_binbin1[ n_exp_binbin1_proc_BH + n_exp_binbin1_proc_Background ] = 19.3081
RooAddition::n_exp_binbin1_bonly[ n_exp_binbin1_proc_Background ] = 18.3081
ProcessNormalization::n_exp_binbin1_proc_BH[ thetaList=(lumi,jesUp_unc,pdf_unc,jerUp_unc) asymmThetaList=() otherFactorList=(r) ] = 1
ProcessNormalization::n_exp_binbin1_proc_Background[ thetaList=(xs_Bkg) asymmThetaList=() otherFactorList=() ] = 18.3081

datasets
--------
RooDataSet::data_obs(n_obs_binbin1)

named sets
----------
ModelConfig_GlobalObservables:(lumi_In,jesUp_unc_In,pdf_unc_In,xs_Bkg_In,jerUp_unc_In)
ModelConfig_NuisParams:(lumi,jesUp_unc,pdf_unc,xs_Bkg,jerUp_unc)
ModelConfig_Observables:(n_obs_binbin1)
ModelConfig_POI:(r)
ModelConfig_bonly_GlobalObservables:(lumi_In,jesUp_unc_In,pdf_unc_In,xs_Bkg_In,jerUp_unc_In)
ModelConfig_bonly_NuisParams:(lumi,jesUp_unc,pdf_unc,xs_Bkg,jerUp_unc)
ModelConfig_bonly_Observables:(n_obs_binbin1)
ModelConfig_bonly_POI:(r)
POI:(r)
globalObservables:(lumi_In,jesUp_unc_In,pdf_unc_In,xs_Bkg_In,jerUp_unc_In)
nuisances:(lumi,jesUp_unc,pdf_unc,xs_Bkg,jerUp_unc)
observables:(n_obs_binbin1)

generic objects
---------------
RooStats::ModelConfig::ModelConfig
RooStats::ModelConfig::ModelConfig_bonly
RooArgSet::discreteParams

Workspace has a ModelConfig for signal called 'ModelConfig', with contents:

=== Using the following for ModelConfig ===
Observables:             RooArgSet:: = (n_obs_binbin1)
Parameters of Interest:  RooArgSet:: = (r)
Nuisance Parameters:     RooArgSet:: = (lumi,jesUp_unc,pdf_unc,xs_Bkg,jerUp_unc)
Global Observables:      RooArgSet:: = (lumi_In,jesUp_unc_In,pdf_unc_In,xs_Bkg_In,jerUp_unc_In)
PDF:                     RooProdPdf::model_s[ modelObs_s * nuisancePdf ] = 0.0734196

Input ModelConfig 'ModelConfig': 

=== Using the following for ModelConfig ===
Observables:             RooArgSet:: = (n_obs_binbin1)
Parameters of Interest:  RooArgSet:: = (r)
Nuisance Parameters:     RooArgSet:: = (lumi,jesUp_unc,pdf_unc,xs_Bkg,jerUp_unc)
Global Observables:      RooArgSet:: = (lumi_In,jesUp_unc_In,pdf_unc_In,xs_Bkg_In,jerUp_unc_In)
PDF:                     RooProdPdf::model_s[ modelObs_s * nuisancePdf ] = 0.0734196

[#1] INFO:ObjectHandling -- RooWorkspace::import(w) importing RooUniform::prior
Computing limit starting from observation
  1) RooRealVar:: n_obs_binbin1 = 16
Set default minimizer to Minuit2
Search for upper limit using pre-computed grid of p-values
  Do HypoTestResult_mh120_r19_838217380 -> 19 --> 19
  Do HypoTestResult_mh120_r15_168006192 -> 15 --> 15
  Do HypoTestResult_mh120_r9_2426116315 -> 9 --> 9
  Do HypoTestResult_mh120_r27_3276969727 -> 27 --> 27
  Do HypoTestResult_mh120_r25_136142337 -> 25 --> 25
  Do HypoTestResult_mh120_r8_3267225073 -> 8 --> 8
  Do HypoTestResult_mh120_r11_189436559 -> 11 --> 11
  Do HypoTestResult_mh120_r29_4158006870 -> 29 --> 29
  Do HypoTestResult_mh120_r21_883532504 -> 21 --> 21
  Do HypoTestResult_mh120_r17_1523576726 -> 17 --> 17
  Do HypoTestResult_mh120_r13_3963369408 -> 13 --> 13
  Do HypoTestResult_mh120_r23_4266033110 -> 23 --> 23
  Do HypoTestResult_mh120_r6_1276760213 -> 6 --> 6
  Do HypoTestResult_mh120_r5_2656652722 -> 5 --> 5
  Do HypoTestResult_mh120_r7_2388833550 -> 7 --> 7
GRID, as is.
  - 5  (CLs = 0.541938 +/- 0.0164898)
  - 6  (CLs = 0.457357 +/- 0.0151218)
  - 7  (CLs = 0.377101 +/- 0.0133813)
  - 8  (CLs = 0.33015 +/- 0.0124942)
  - 9  (CLs = 0.247756 +/- 0.0106864)
  - 11  (CLs = 0.151961 +/- 0.00829292)
  - 13  (CLs = 0.0930233 +/- 0.0064816)
  - 15  (CLs = 0.0519892 +/- 0.00486251)
  - 17  (CLs = 0.0229075 +/- 0.00318004)
  - 19  (CLs = 0.00858563 +/- 0.00197065)
  - 21  (CLs = 0.00640752 +/- 0.00165475)
  - 23  (CLs = 0.0022686 +/- 0.00101469)
  - 25  (CLs = 0.000445236 +/- 0.000445246)
  - 27  (CLs = 0.000439754 +/- 0.000439762)
  - 29  (CLs = 0 +/- 0)
Bisecting range [0, 14]
At r = 15:
	CLs      = 0.215289 +/- 0.00661589
	CLb      = 0.8398 +/- 0.00518721
	CLsplusb = 0.1808 +/- 0.00544263

    Midpoint 7 value 0.215289 +/- 0.00661589
    Replacing Min
Bisecting range [7, 14]
At r = 21:
	CLs      = 0.0504762 +/- 0.0034067
	CLb      = 0.84 +/- 0.00518459
	CLsplusb = 0.0424 +/- 0.00284964

    Midpoint 10 value 0.0504762 +/- 0.0034067
    Tightening Range
At r = 17:
	CLs      = 0.137176 +/- 0.00544271
	CLb      = 0.8398 +/- 0.00518721
	CLsplusb = 0.1152 +/- 0.00451506

        Lowpoint 8 value 0.137176 +/- 0.00544271
At r = 19:
	CLs      = 0.0711566 +/- 0.00401418
	CLb      = 0.8404 +/- 0.00517934
	CLsplusb = 0.0598 +/- 0.00335333

        Lowpoint 9 value 0.0711566 +/- 0.00401418
At r = 25:
	CLs      = 0.0137669 +/- 0.00179914
	CLb      = 0.8426 +/- 0.00515025
	CLsplusb = 0.0116 +/- 0.00151429

        Highpoint 12 value 0.0137669 +/- 0.00179914
At r = 23:
	CLs      = 0.0275862 +/- 0.00253711
	CLb      = 0.841 +/- 0.00517144
	CLsplusb = 0.0232 +/- 0.00212893

        Highpoint 11 value 0.0275862 +/- 0.00253711
Final range [8, 12]
  Will not use point 0 (r 5)
  Will not use point 1 (r 6)
  Will not use point 2 (r 7)
  Will not use point 3 (r 8)
  Will not use point 4 (r 9)
  Will not use point 5 (r 11)
  Will not use point 6 (r 13)
  Will not use point 7 (r 15)
   Point 8 (r 17) was already updated during search.
   Point 9 (r 19) was already updated during search.
   Point 10 (r 21) was already updated during search.
   Point 11 (r 23) was already updated during search.
   Point 12 (r 25) was already updated during search.
  Will not use point 13 (r 27)
  Will not use point 14 (r 29)
  r 17.00: CLs = 0.1372 +/- 0.0054
  r 19.00: CLs = 0.0712 +/- 0.0040
  r 21.00: CLs = 0.0505 +/- 0.0034
  r 23.00: CLs = 0.0276 +/- 0.0025
  r 25.00: CLs = 0.0138 +/- 0.0018
 after scan x ~ 21, bounds [ 17, 25]

 -- HybridNew, before fit -- 
Limit: r < 21 +/- 4 [17, 25]

****************************************
Minimizer is Minuit2 / Migrad
Chi2                      =      6.44323
NDf                       =            3
Edm                       =  3.80686e-09
NCalls                    =           46
p0                        =         0.05                      	 (fixed)
p1                        =    -0.272718   +/-   0.0116159   
p2                        =      20.6256   +/-   0.122088    
Fit to 5 points: 20.6256 +/- 0.122088

 -- Hybrid New -- 
Limit: r < 20.6256 +/- 0.122088 @ 95% CL
Total toys: 0
Done in 0.00 min (cpu), 0.01 min (real)
