>>> including systematics
>>> using the Profile Likelihood test statistics modified for upper limits (Q_LHC)
>>> method used to compute upper limit is HybridNew
>>> random number generator seed is 123456
Adding /uscms_data/d2/lpcljm/sapta/SUSYSearch/LimitSetting/CMSSW_7_1_5/src to include path
Adding /cvmfs/cms.cern.ch/slc6_amd64_gcc481/lcg/roofit/5.34.18-cms3//include to include path
Input workspace 'w': 

RooWorkspace(w) w contents

variables
---------
(jerUp_unc,jerUp_unc_In,jesUp_unc,jesUp_unc_In,lumi,lumi_In,n_obs_binbin1,pdf_unc,pdf_unc_In,r,xs_Bkg,xs_Bkg_In)

p.d.f.s
-------
SimpleGaussianConstraint::jerUp_unc_Pdf[ x=jerUp_unc mean=jerUp_unc_In sigma=1 ] = 1
SimpleGaussianConstraint::jesUp_unc_Pdf[ x=jesUp_unc mean=jesUp_unc_In sigma=1 ] = 1
SimpleGaussianConstraint::lumi_Pdf[ x=lumi mean=lumi_In sigma=1 ] = 1
RooProdPdf::modelObs_b[ pdf_binbin1_bonly ] = 0.00574904
RooProdPdf::modelObs_s[ pdf_binbin1 ] = 0.00496779
RooProdPdf::model_b[ modelObs_b * nuisancePdf ] = 0.00574904
RooProdPdf::model_s[ modelObs_s * nuisancePdf ] = 0.00496779
RooProdPdf::nuisancePdf[ lumi_Pdf * jesUp_unc_Pdf * pdf_unc_Pdf * xs_Bkg_Pdf * jerUp_unc_Pdf ] = 1
RooPoisson::pdf_binbin1[ x=n_obs_binbin1 mean=n_exp_binbin1 ] = 0.00496779
RooPoisson::pdf_binbin1_bonly[ x=n_obs_binbin1 mean=n_exp_binbin1_bonly ] = 0.00574904
SimpleGaussianConstraint::pdf_unc_Pdf[ x=pdf_unc mean=pdf_unc_In sigma=1 ] = 1
SimpleGaussianConstraint::xs_Bkg_Pdf[ x=xs_Bkg mean=xs_Bkg_In sigma=1 ] = 1

functions
--------
RooAddition::n_exp_binbin1[ n_exp_binbin1_proc_BH + n_exp_binbin1_proc_Background ] = 164.446
RooAddition::n_exp_binbin1_bonly[ n_exp_binbin1_proc_Background ] = 163.446
ProcessNormalization::n_exp_binbin1_proc_BH[ thetaList=(lumi,jesUp_unc,pdf_unc,jerUp_unc) asymmThetaList=() otherFactorList=(r) ] = 1
ProcessNormalization::n_exp_binbin1_proc_Background[ thetaList=(xs_Bkg) asymmThetaList=() otherFactorList=() ] = 163.446

datasets
--------
RooDataSet::data_obs(n_obs_binbin1)

named sets
----------
ModelConfig_GlobalObservables:(lumi_In,jesUp_unc_In,pdf_unc_In,xs_Bkg_In,jerUp_unc_In)
ModelConfig_NuisParams:(lumi,jesUp_unc,pdf_unc,xs_Bkg,jerUp_unc)
ModelConfig_Observables:(n_obs_binbin1)
ModelConfig_POI:(r)
ModelConfig_bonly_GlobalObservables:(lumi_In,jesUp_unc_In,pdf_unc_In,xs_Bkg_In,jerUp_unc_In)
ModelConfig_bonly_NuisParams:(lumi,jesUp_unc,pdf_unc,xs_Bkg,jerUp_unc)
ModelConfig_bonly_Observables:(n_obs_binbin1)
ModelConfig_bonly_POI:(r)
POI:(r)
globalObservables:(lumi_In,jesUp_unc_In,pdf_unc_In,xs_Bkg_In,jerUp_unc_In)
nuisances:(lumi,jesUp_unc,pdf_unc,xs_Bkg,jerUp_unc)
observables:(n_obs_binbin1)

generic objects
---------------
RooStats::ModelConfig::ModelConfig
RooStats::ModelConfig::ModelConfig_bonly
RooArgSet::discreteParams

Workspace has a ModelConfig for signal called 'ModelConfig', with contents:

=== Using the following for ModelConfig ===
Observables:             RooArgSet:: = (n_obs_binbin1)
Parameters of Interest:  RooArgSet:: = (r)
Nuisance Parameters:     RooArgSet:: = (lumi,jesUp_unc,pdf_unc,xs_Bkg,jerUp_unc)
Global Observables:      RooArgSet:: = (lumi_In,jesUp_unc_In,pdf_unc_In,xs_Bkg_In,jerUp_unc_In)
PDF:                     RooProdPdf::model_s[ modelObs_s * nuisancePdf ] = 0.00496779

Input ModelConfig 'ModelConfig': 

=== Using the following for ModelConfig ===
Observables:             RooArgSet:: = (n_obs_binbin1)
Parameters of Interest:  RooArgSet:: = (r)
Nuisance Parameters:     RooArgSet:: = (lumi,jesUp_unc,pdf_unc,xs_Bkg,jerUp_unc)
Global Observables:      RooArgSet:: = (lumi_In,jesUp_unc_In,pdf_unc_In,xs_Bkg_In,jerUp_unc_In)
PDF:                     RooProdPdf::model_s[ modelObs_s * nuisancePdf ] = 0.00496779

[#1] INFO:ObjectHandling -- RooWorkspace::import(w) importing RooUniform::prior
Computing limit starting from observation
  1) RooRealVar:: n_obs_binbin1 = 140
Set default minimizer to Minuit2
Search for upper limit using pre-computed grid of p-values
  Do HypoTestResult_mh120_r130_3493454330 -> 130 --> 130
  Do HypoTestResult_mh120_r50_3234504753 -> 50 --> 50
  Do HypoTestResult_mh120_r70_2606037528 -> 70 --> 70
  Do HypoTestResult_mh120_r110_1312176311 -> 110 --> 110
  Do HypoTestResult_mh120_r80_869473857 -> 80 --> 80
  Do HypoTestResult_mh120_r40_1687529569 -> 40 --> 40
  Do HypoTestResult_mh120_r30_4003169107 -> 30 --> 30
  Do HypoTestResult_mh120_r100_3342042940 -> 100 --> 100
  Do HypoTestResult_mh120_r90_1484296748 -> 90 --> 90
  Do HypoTestResult_mh120_r60_3022097063 -> 60 --> 60
  Do HypoTestResult_mh120_r120_3960571196 -> 120 --> 120
GRID, as is.
  - 30  (CLs = 0.406897 +/- 0.017108)
  - 40  (CLs = 0.272671 +/- 0.0136309)
  - 50  (CLs = 0.159379 +/- 0.00980597)
  - 60  (CLs = 0.0951814 +/- 0.00764117)
  - 70  (CLs = 0.0333333 +/- 0.004399)
  - 80  (CLs = 0.0203488 +/- 0.00345048)
  - 90  (CLs = 0.00635471 +/- 0.00191789)
  - 100  (CLs = 0.00275786 +/- 0.00123382)
  - 110  (CLs = 0 +/- 0)
  - 120  (CLs = 0 +/- 0)
  - 130  (CLs = 0 +/- 0)
Bisecting range [0, 10]
At r = 80:
	CLs      = 0.425584 +/- 0.00720606
	CLb      = 0.9756 +/- 0.00218196
	CLsplusb = 0.4152 +/- 0.00696863

    Midpoint 5 value 0.425584 +/- 0.00720606
    Replacing Min
Bisecting range [5, 10]
At r = 100:
	CLs      = 0.205744 +/- 0.00582708
	CLb      = 0.975 +/- 0.00220794
	CLsplusb = 0.2006 +/- 0.00566321

    Midpoint 7 value 0.205744 +/- 0.00582708
    Replacing Min
Final range [7, 10]
  Will not use point 0 (r 30)
  Will not use point 1 (r 40)
  Will not use point 2 (r 50)
  Will not use point 3 (r 60)
  Will not use point 4 (r 70)
  Will not use point 5 (r 80)
  Will not use point 6 (r 90)
   Point 7 (r 100) was already updated during search.
   Updaing point 8 (r 110)
At r = 110:
	CLs      = 0.132103 +/- 0.00486798
	CLb      = 0.975 +/- 0.00220794
	CLsplusb = 0.1288 +/- 0.00473731

   Updaing point 9 (r 120)
At r = 120:
	CLs      = 0.0728056 +/- 0.00372803
	CLb      = 0.9752 +/- 0.00219932
	CLsplusb = 0.071 +/- 0.00363205

   Updaing point 10 (r 130)
At r = 130:
	CLs      = 0.0289171 +/- 0.00240157
	CLb      = 0.9752 +/- 0.00219932
	CLsplusb = 0.0282 +/- 0.00234114

  r 100.00: CLs = 0.2057 +/- 0.0058
  r 110.00: CLs = 0.1321 +/- 0.0049
  r 120.00: CLs = 0.0728 +/- 0.0037
  r 130.00: CLs = 0.0289 +/- 0.0024
 after scan x ~ 130, bounds [ 110, 130]

 -- HybridNew, before fit -- 
Limit: r < 130 +/- 20 [110, 130]

****************************************
Minimizer is Minuit2 / Migrad
Chi2                      =        5.607
NDf                       =            1
Edm                       =  2.13907e-10
NCalls                    =           61
p0                        =         0.05                      	 (fixed)
p1                        =   -0.0720712   +/-   0.00377712  
p2                        =      123.787   +/-   0.592987    
Fit to 3 points: 123.787 +/- 0.592987

 -- Hybrid New -- 
Limit: r < 123.787 +/- 0.592987 @ 95% CL
Total toys: 0
Done in 0.00 min (cpu), 0.00 min (real)
