>>> including systematics
>>> using the Profile Likelihood test statistics modified for upper limits (Q_LHC)
>>> method used to compute upper limit is HybridNew
>>> Using OpenSSL to get a really random seed 
>>> Used OpenSSL to get a really random seed 1023774640
Adding /uscms_data/d2/lpcljm/sapta/SUSYSearch/LimitSetting/CMSSW_7_1_5/src to include path
Adding /cvmfs/cms.cern.ch/slc6_amd64_gcc481/lcg/roofit/5.34.18-cms3//include to include path
Input workspace 'w': 

RooWorkspace(w) w contents

variables
---------
(jerUp_unc,jerUp_unc_In,jesUp_unc,jesUp_unc_In,lumi,lumi_In,n_obs_binbin1,pdf_unc,pdf_unc_In,r,xs_Bkg,xs_Bkg_In)

p.d.f.s
-------
SimpleGaussianConstraint::jerUp_unc_Pdf[ x=jerUp_unc mean=jerUp_unc_In sigma=1 ] = 1
SimpleGaussianConstraint::jesUp_unc_Pdf[ x=jesUp_unc mean=jesUp_unc_In sigma=1 ] = 1
SimpleGaussianConstraint::lumi_Pdf[ x=lumi mean=lumi_In sigma=1 ] = 1
RooProdPdf::modelObs_b[ pdf_binbin1_bonly ] = 0.0164198
RooProdPdf::modelObs_s[ pdf_binbin1 ] = 0.0162001
RooProdPdf::model_b[ modelObs_b * nuisancePdf ] = 0.0164198
RooProdPdf::model_s[ modelObs_s * nuisancePdf ] = 0.0162001
RooProdPdf::nuisancePdf[ lumi_Pdf * jesUp_unc_Pdf * pdf_unc_Pdf * xs_Bkg_Pdf * jerUp_unc_Pdf ] = 1
RooPoisson::pdf_binbin1[ x=n_obs_binbin1 mean=n_exp_binbin1 ] = 0.0162001
RooPoisson::pdf_binbin1_bonly[ x=n_obs_binbin1 mean=n_exp_binbin1_bonly ] = 0.0164198
SimpleGaussianConstraint::pdf_unc_Pdf[ x=pdf_unc mean=pdf_unc_In sigma=1 ] = 1
SimpleGaussianConstraint::xs_Bkg_Pdf[ x=xs_Bkg mean=xs_Bkg_In sigma=1 ] = 1

functions
--------
RooAddition::n_exp_binbin1[ n_exp_binbin1_proc_BH + n_exp_binbin1_proc_Background ] = 548.887
RooAddition::n_exp_binbin1_bonly[ n_exp_binbin1_proc_Background ] = 547.887
ProcessNormalization::n_exp_binbin1_proc_BH[ thetaList=(lumi,jesUp_unc,pdf_unc,jerUp_unc) asymmThetaList=() otherFactorList=(r) ] = 1
ProcessNormalization::n_exp_binbin1_proc_Background[ thetaList=(xs_Bkg) asymmThetaList=() otherFactorList=() ] = 547.887

datasets
--------
RooDataSet::data_obs(n_obs_binbin1)

named sets
----------
ModelConfig_GlobalObservables:(lumi_In,jesUp_unc_In,pdf_unc_In,xs_Bkg_In,jerUp_unc_In)
ModelConfig_NuisParams:(lumi,jesUp_unc,pdf_unc,xs_Bkg,jerUp_unc)
ModelConfig_Observables:(n_obs_binbin1)
ModelConfig_POI:(r)
ModelConfig_bonly_GlobalObservables:(lumi_In,jesUp_unc_In,pdf_unc_In,xs_Bkg_In,jerUp_unc_In)
ModelConfig_bonly_NuisParams:(lumi,jesUp_unc,pdf_unc,xs_Bkg,jerUp_unc)
ModelConfig_bonly_Observables:(n_obs_binbin1)
ModelConfig_bonly_POI:(r)
POI:(r)
globalObservables:(lumi_In,jesUp_unc_In,pdf_unc_In,xs_Bkg_In,jerUp_unc_In)
nuisances:(lumi,jesUp_unc,pdf_unc,xs_Bkg,jerUp_unc)
observables:(n_obs_binbin1)

generic objects
---------------
RooStats::ModelConfig::ModelConfig
RooStats::ModelConfig::ModelConfig_bonly
RooArgSet::discreteParams

Workspace has a ModelConfig for signal called 'ModelConfig', with contents:

=== Using the following for ModelConfig ===
Observables:             RooArgSet:: = (n_obs_binbin1)
Parameters of Interest:  RooArgSet:: = (r)
Nuisance Parameters:     RooArgSet:: = (lumi,jesUp_unc,pdf_unc,xs_Bkg,jerUp_unc)
Global Observables:      RooArgSet:: = (lumi_In,jesUp_unc_In,pdf_unc_In,xs_Bkg_In,jerUp_unc_In)
PDF:                     RooProdPdf::model_s[ modelObs_s * nuisancePdf ] = 0.0162001

Input ModelConfig 'ModelConfig': 

=== Using the following for ModelConfig ===
Observables:             RooArgSet:: = (n_obs_binbin1)
Parameters of Interest:  RooArgSet:: = (r)
Nuisance Parameters:     RooArgSet:: = (lumi,jesUp_unc,pdf_unc,xs_Bkg,jerUp_unc)
Global Observables:      RooArgSet:: = (lumi_In,jesUp_unc_In,pdf_unc_In,xs_Bkg_In,jerUp_unc_In)
PDF:                     RooProdPdf::model_s[ modelObs_s * nuisancePdf ] = 0.0162001

[#1] INFO:ObjectHandling -- RooWorkspace::import(w) importing RooUniform::prior
Computing limit starting from observation
  1) RooRealVar:: n_obs_binbin1 = 541
Set default minimizer to Minuit2
  r = 100 +/- 0
[#1] INFO:Minization --  Including the following contraint terms in minimization: (nuisancePdf)
[#1] INFO:Fitting -- RooAddition::defaultErrorLevel(nll_model_s_data_obs_with_constr) Summation contains a RooNLLVar, using its error level
Minuit2Minimizer: Minimize with max-calls 2500 convergence for edm < 0.01 strategy 1
MnSeedGenerator: for initial parameters FCN = 8.70396
MnSeedGenerator: Initial state:   - FCN =   8.703962564079 Edm =    0.0418031 NCalls =     21
VariableMetric: start iterating until Edm is < 1e-05
VariableMetric: Initial state   - FCN =   8.703962564079 Edm =    0.0418031 NCalls =     21
VariableMetric: Iteration #   1 - FCN =   8.661996670273 Edm =  1.42922e-06 NCalls =     32
VariableMetric: After Hessian   - FCN =   8.661996670273 Edm =  1.44611e-06 NCalls =     63
Number of iterations 3
----------> Iteration 0
            FVAL = 8.70396256408 Edm = 0.0418030862974 Nfcn = 21
            Error matrix change = 1
            Parameters :  p0 = 0 p1 = 0 p2 = 0 p3 = 0 p4 = 0
----------> Iteration 1
            FVAL = 8.66199667027 Edm = 1.4292213694e-06 Nfcn = 32
            Error matrix change = 0.500025
            Parameters :  p0 = 0 p1 = 0 p2 = 0 p3 = 0 p4 = -0.0535046
----------> Iteration 2
            FVAL = 8.66199667027 Edm = 1.44610816596e-06 Nfcn = 63
            Error matrix change = 0
            Parameters :  p0 = 0 p1 = 0 p2 = 0 p3 = 0 p4 = -0.0535046
Minuit2Minimizer : Valid minimum - status = 0
FVAL  = 8.66199667027313325
Edm   = 1.44610816595568894e-06
Nfcn  = 63
jerUp_unc	  = 0	 +/-  0.996602	(limited)
jesUp_unc	  = 0	 +/-  0.996602	(limited)
lumi	  = 0	 +/-  0.996602	(limited)
pdf_unc	  = 0	 +/-  0.996602	(limited)
xs_Bkg	  = -0.0535046	 +/-  0.18611	(limited)
Zero signal fit
   0) jerUp_unc                      =         0
   1) jesUp_unc                      =         0
   2) lumi                           =         0
   3) pdf_unc                        =         0
   4) xs_Bkg                         = -0.0535046

Fitting of the background hypothesis done in 0.288895 s
[#1] INFO:Fitting -- RooAddition::defaultErrorLevel(nll_model_s_data_obs_with_constr) Summation contains a RooNLLVar, using its error level
Minuit2Minimizer: Minimize with max-calls 2500 convergence for edm < 0.01 strategy 1
MnSeedGenerator: for initial parameters FCN = 16.9459
MnSeedGenerator: Initial state:   - FCN =   16.94594166141 Edm =      8.33503 NCalls =     21
VariableMetric: start iterating until Edm is < 1e-05
VariableMetric: Initial state   - FCN =   16.94594166141 Edm =      8.33503 NCalls =     21
VariableMetric: Iteration #   1 - FCN =   9.841308244108 Edm =     0.532256 NCalls =     33
VariableMetric: Iteration #   2 - FCN =   9.093447529364 Edm =   0.00218161 NCalls =     45
VariableMetric: Iteration #   3 - FCN =   9.090932982378 Edm =  1.01718e-06 NCalls =     57
VariableMetric: After Hessian   - FCN =   9.090932982378 Edm =   1.0633e-06 NCalls =     88
Number of iterations 5
----------> Iteration 0
            FVAL = 16.9459416614 Edm = 8.3350343765 Nfcn = 21
            Error matrix change = 1
            Parameters :  p0 = 0 p1 = 0 p2 = 0 p3 = 0 p4 = -0.0535046
----------> Iteration 1
            FVAL = 9.84130824411 Edm = 0.532256323397 Nfcn = 33
            Error matrix change = 0.574117
            Parameters :  p0 = -0.503861 p1 = -0.61232 p2 = -0.570012 p3 = -0.711495 p4 = -0.704377
----------> Iteration 2
            FVAL = 9.09344752936 Edm = 0.00218160751315 Nfcn = 45
            Error matrix change = 0.373958
            Parameters :  p0 = -0.0157712 p1 = -0.0385933 p2 = -0.0283548 p3 = -0.0705755 p4 = -0.886077
----------> Iteration 3
            FVAL = 9.09093298238 Edm = 1.01718205695e-06 Nfcn = 57
            Error matrix change = 0.191359
            Parameters :  p0 = -0.0357138 p1 = -0.0432968 p2 = -0.0402383 p3 = -0.0515248 p4 = -0.900033
----------> Iteration 4
            FVAL = 9.09093298238 Edm = 1.06330471108e-06 Nfcn = 88
            Error matrix change = 0
            Parameters :  p0 = -0.0357138 p1 = -0.0432968 p2 = -0.0402383 p3 = -0.0515248 p4 = -0.900033
Minuit2Minimizer : Valid minimum - status = 0
FVAL  = 9.09093298237771563
Edm   = 1.0633047110750487e-06
Nfcn  = 88
jerUp_unc	  = -0.0357138	 +/-  0.995131	(limited)
jesUp_unc	  = -0.0432968	 +/-  0.994325	(limited)
lumi	  = -0.0402383	 +/-  0.994668	(limited)
pdf_unc	  = -0.0515248	 +/-  0.993352	(limited)
xs_Bkg	  = -0.900033	 +/-  0.241016	(limited)
Reference signal fit
   0) jerUp_unc                      = -0.0357138
   1) jesUp_unc                      = -0.0432968
   2) lumi                           = -0.0402383
   3) pdf_unc                        = -0.0515248
   4) xs_Bkg                         = -0.900033

Fitting of the signal-plus-background hypothesis done in 0.00223708 s
      Evaluation of p-values done in  6.50106 s
	CLs = 0.356077 +/- 0.0278565
      Evaluation of p-values done in  6.25861 s
	CLs = 0.349223 +/- 0.0191393
      Evaluation of p-values done in  6.19291 s
	CLs = 0.377903 +/- 0.0164692
      Evaluation of p-values done in  6.04584 s
	CLs = 0.377023 +/- 0.0141433
      Evaluation of p-values done in  6.28014 s
	CLs = 0.370138 +/- 0.012542
	CLs      = 0.370138 +/- 0.012542
	CLb      = 0.4782 +/- 0.00706434
	CLsplusb = 0.177 +/- 0.00539761

Hybrid result saved as HypoTestResult_mh120_r100_3364949924 in higgsCombineTest.HybridNew.mH120.1023774640.root : higgsCombineTest.HybridNew.mH120.1023774640.root:/toys

 -- Hybrid New -- 
CLs = 0.370138 +/- 0.012542
Total toys: 10000
Done in 0.00 min (cpu), 0.53 min (real)
