>>> including systematics
>>> using the Profile Likelihood test statistics modified for upper limits (Q_LHC)
>>> method used to compute upper limit is HybridNew
>>> Using OpenSSL to get a really random seed 
>>> Used OpenSSL to get a really random seed 1257808810
Adding /uscms_data/d2/lpcljm/sapta/SUSYSearch/LimitSetting/CMSSW_7_1_5/src to include path
Adding /cvmfs/cms.cern.ch/slc6_amd64_gcc481/lcg/roofit/5.34.18-cms3//include to include path
Input workspace 'w': 

RooWorkspace(w) w contents

variables
---------
(jerUp_unc,jerUp_unc_In,jesUp_unc,jesUp_unc_In,lumi,lumi_In,n_obs_binbin1,pdf_unc,pdf_unc_In,r,xs_Bkg,xs_Bkg_In)

p.d.f.s
-------
SimpleGaussianConstraint::jerUp_unc_Pdf[ x=jerUp_unc mean=jerUp_unc_In sigma=1 ] = 1
SimpleGaussianConstraint::jesUp_unc_Pdf[ x=jesUp_unc mean=jesUp_unc_In sigma=1 ] = 1
SimpleGaussianConstraint::lumi_Pdf[ x=lumi mean=lumi_In sigma=1 ] = 1
RooProdPdf::modelObs_b[ pdf_binbin1_bonly ] = 0.00574904
RooProdPdf::modelObs_s[ pdf_binbin1 ] = 0.00496779
RooProdPdf::model_b[ modelObs_b * nuisancePdf ] = 0.00574904
RooProdPdf::model_s[ modelObs_s * nuisancePdf ] = 0.00496779
RooProdPdf::nuisancePdf[ lumi_Pdf * jesUp_unc_Pdf * pdf_unc_Pdf * xs_Bkg_Pdf * jerUp_unc_Pdf ] = 1
RooPoisson::pdf_binbin1[ x=n_obs_binbin1 mean=n_exp_binbin1 ] = 0.00496779
RooPoisson::pdf_binbin1_bonly[ x=n_obs_binbin1 mean=n_exp_binbin1_bonly ] = 0.00574904
SimpleGaussianConstraint::pdf_unc_Pdf[ x=pdf_unc mean=pdf_unc_In sigma=1 ] = 1
SimpleGaussianConstraint::xs_Bkg_Pdf[ x=xs_Bkg mean=xs_Bkg_In sigma=1 ] = 1

functions
--------
RooAddition::n_exp_binbin1[ n_exp_binbin1_proc_BH + n_exp_binbin1_proc_Background ] = 164.446
RooAddition::n_exp_binbin1_bonly[ n_exp_binbin1_proc_Background ] = 163.446
ProcessNormalization::n_exp_binbin1_proc_BH[ thetaList=(lumi,jesUp_unc,pdf_unc,jerUp_unc) asymmThetaList=() otherFactorList=(r) ] = 1
ProcessNormalization::n_exp_binbin1_proc_Background[ thetaList=(xs_Bkg) asymmThetaList=() otherFactorList=() ] = 163.446

datasets
--------
RooDataSet::data_obs(n_obs_binbin1)

named sets
----------
ModelConfig_GlobalObservables:(lumi_In,jesUp_unc_In,pdf_unc_In,xs_Bkg_In,jerUp_unc_In)
ModelConfig_NuisParams:(lumi,jesUp_unc,pdf_unc,xs_Bkg,jerUp_unc)
ModelConfig_Observables:(n_obs_binbin1)
ModelConfig_POI:(r)
ModelConfig_bonly_GlobalObservables:(lumi_In,jesUp_unc_In,pdf_unc_In,xs_Bkg_In,jerUp_unc_In)
ModelConfig_bonly_NuisParams:(lumi,jesUp_unc,pdf_unc,xs_Bkg,jerUp_unc)
ModelConfig_bonly_Observables:(n_obs_binbin1)
ModelConfig_bonly_POI:(r)
POI:(r)
globalObservables:(lumi_In,jesUp_unc_In,pdf_unc_In,xs_Bkg_In,jerUp_unc_In)
nuisances:(lumi,jesUp_unc,pdf_unc,xs_Bkg,jerUp_unc)
observables:(n_obs_binbin1)

generic objects
---------------
RooStats::ModelConfig::ModelConfig
RooStats::ModelConfig::ModelConfig_bonly
RooArgSet::discreteParams

Workspace has a ModelConfig for signal called 'ModelConfig', with contents:

=== Using the following for ModelConfig ===
Observables:             RooArgSet:: = (n_obs_binbin1)
Parameters of Interest:  RooArgSet:: = (r)
Nuisance Parameters:     RooArgSet:: = (lumi,jesUp_unc,pdf_unc,xs_Bkg,jerUp_unc)
Global Observables:      RooArgSet:: = (lumi_In,jesUp_unc_In,pdf_unc_In,xs_Bkg_In,jerUp_unc_In)
PDF:                     RooProdPdf::model_s[ modelObs_s * nuisancePdf ] = 0.00496779

Input ModelConfig 'ModelConfig': 

=== Using the following for ModelConfig ===
Observables:             RooArgSet:: = (n_obs_binbin1)
Parameters of Interest:  RooArgSet:: = (r)
Nuisance Parameters:     RooArgSet:: = (lumi,jesUp_unc,pdf_unc,xs_Bkg,jerUp_unc)
Global Observables:      RooArgSet:: = (lumi_In,jesUp_unc_In,pdf_unc_In,xs_Bkg_In,jerUp_unc_In)
PDF:                     RooProdPdf::model_s[ modelObs_s * nuisancePdf ] = 0.00496779

[#1] INFO:ObjectHandling -- RooWorkspace::import(w) importing RooUniform::prior
Computing limit starting from observation
  1) RooRealVar:: n_obs_binbin1 = 140
Set default minimizer to Minuit2
  r = 100 +/- 0
[#1] INFO:Minization --  Including the following contraint terms in minimization: (nuisancePdf)
[#1] INFO:Fitting -- RooAddition::defaultErrorLevel(nll_model_s_data_obs_with_constr) Summation contains a RooNLLVar, using its error level
Minuit2Minimizer: Minimize with max-calls 2500 convergence for edm < 0.01 strategy 1
MnSeedGenerator: for initial parameters FCN = 9.75341
MnSeedGenerator: Initial state:   - FCN =   9.753414335195 Edm =      1.59473 NCalls =     21
VariableMetric: start iterating until Edm is < 1e-05
VariableMetric: Initial state   - FCN =   9.753414335195 Edm =      1.59473 NCalls =     21
VariableMetric: Iteration #   1 - FCN =    8.09248621602 Edm =   0.00614251 NCalls =     32
VariableMetric: Iteration #   2 - FCN =   8.085456958466 Edm =  2.25229e-08 NCalls =     44
VariableMetric: After Hessian   - FCN =   8.085456958466 Edm =  2.43216e-08 NCalls =     75
Number of iterations 4
----------> Iteration 0
            FVAL = 9.7534143352 Edm = 1.59473354779 Nfcn = 21
            Error matrix change = 1
            Parameters :  p0 = 0 p1 = 0 p2 = 0 p3 = 0 p4 = 0
----------> Iteration 1
            FVAL = 8.09248621602 Edm = 0.0061425118635 Nfcn = 32
            Error matrix change = 0.500422
            Parameters :  p0 = 0 p1 = 0 p2 = 0 p3 = 0 p4 = -0.405768
----------> Iteration 2
            FVAL = 8.08545695847 Edm = 2.25228908642e-08 Nfcn = 44
            Error matrix change = 0.25072
            Parameters :  p0 = 0 p1 = 0 p2 = 0 p3 = 0 p4 = -0.434544
----------> Iteration 3
            FVAL = 8.08545695847 Edm = 2.43216205339e-08 Nfcn = 75
            Error matrix change = 0
            Parameters :  p0 = 0 p1 = 0 p2 = 0 p3 = 0 p4 = -0.434544
Minuit2Minimizer : Valid minimum - status = 0
FVAL  = 8.0854569584661391
Edm   = 2.43216205339157592e-08
Nfcn  = 75
jerUp_unc	  = 0	 +/-  0.996602	(limited)
jesUp_unc	  = 0	 +/-  0.996602	(limited)
lumi	  = 0	 +/-  0.996602	(limited)
pdf_unc	  = 0	 +/-  0.996602	(limited)
xs_Bkg	  = -0.434544	 +/-  0.243466	(limited)
Zero signal fit
   0) jerUp_unc                      =         0
   1) jesUp_unc                      =         0
   2) lumi                           =         0
   3) pdf_unc                        =         0
   4) xs_Bkg                         = -0.434544

Fitting of the background hypothesis done in 0.64538 s
[#1] INFO:Fitting -- RooAddition::defaultErrorLevel(nll_model_s_data_obs_with_constr) Summation contains a RooNLLVar, using its error level
Minuit2Minimizer: Minimize with max-calls 2500 convergence for edm < 0.01 strategy 1
MnSeedGenerator: for initial parameters FCN = 33.1635
MnSeedGenerator: Initial state:   - FCN =   33.16349790821 Edm =       21.352 NCalls =     21
VariableMetric: start iterating until Edm is < 1e-05
VariableMetric: Initial state   - FCN =   33.16349790821 Edm =       21.352 NCalls =     21
VariableMetric: Iteration #   1 - FCN =   16.29852900648 Edm =      1.51643 NCalls =     33
VariableMetric: Iteration #   2 - FCN =   13.26870630463 Edm =     0.112288 NCalls =     45
VariableMetric: Iteration #   3 - FCN =   13.07086787772 Edm =   0.00245162 NCalls =     57
VariableMetric: Iteration #   4 - FCN =   13.06780386667 Edm =  1.29782e-05 NCalls =     69
VariableMetric: Iteration #   5 - FCN =     13.067789323 Edm =  4.21862e-08 NCalls =     81
VariableMetric: After Hessian   - FCN =     13.067789323 Edm =  4.72102e-08 NCalls =    112
Number of iterations 7
----------> Iteration 0
            FVAL = 33.1634979082 Edm = 21.3520204313 Nfcn = 21
            Error matrix change = 1
            Parameters :  p0 = 0 p1 = 0 p2 = 0 p3 = 0 p4 = -0.434544
----------> Iteration 1
            FVAL = 16.2985290065 Edm = 1.51643096067 Nfcn = 33
            Error matrix change = 0.599424
            Parameters :  p0 = -1.2039 p1 = -1.42281 p2 = -1.33992 p3 = -1.60314 p4 = -1.61269
----------> Iteration 2
            FVAL = 13.2687063046 Edm = 0.11228763183 Nfcn = 45
            Error matrix change = 0.401978
            Parameters :  p0 = -0.297483 p1 = -0.479817 p2 = -0.402352 p3 = -0.693371 p4 = -2.36591
----------> Iteration 3
            FVAL = 13.0708678777 Edm = 0.00245161933968 Nfcn = 57
            Error matrix change = 0.225881
            Parameters :  p0 = -0.455005 p1 = -0.5365 p2 = -0.503578 p3 = -0.62671 p4 = -2.59825
----------> Iteration 4
            FVAL = 13.0678038667 Edm = 1.29782239765e-05 Nfcn = 69
            Error matrix change = 0.144958
            Parameters :  p0 = -0.412904 p1 = -0.512024 p2 = -0.472845 p3 = -0.608162 p4 = -2.62952
----------> Iteration 5
            FVAL = 13.067789323 Edm = 4.21861761305e-08 Nfcn = 81
            Error matrix change = 0.0914733
            Parameters :  p0 = -0.412238 p1 = -0.512954 p2 = -0.472816 p3 = -0.612262 p4 = -2.63028
----------> Iteration 6
            FVAL = 13.067789323 Edm = 4.7210232057e-08 Nfcn = 112
            Error matrix change = 0
            Parameters :  p0 = -0.412238 p1 = -0.512954 p2 = -0.472816 p3 = -0.612262 p4 = -2.63028
Minuit2Minimizer : Valid minimum - status = 0
FVAL  = 13.0677893230030264
Edm   = 4.72102320570105369e-08
Nfcn  = 112
jerUp_unc	  = -0.412238	 +/-  0.979226	(limited)
jesUp_unc	  = -0.512954	 +/-  0.969579	(limited)
lumi	  = -0.472816	 +/-  0.97369	(limited)
pdf_unc	  = -0.612262	 +/-  0.957819	(limited)
xs_Bkg	  = -2.63028	 +/-  0.502778	(limited)
Reference signal fit
   0) jerUp_unc                      = -0.412238
   1) jesUp_unc                      = -0.512954
   2) lumi                           = -0.472816
   3) pdf_unc                        = -0.612262
   4) xs_Bkg                         =  -2.63028

Fitting of the signal-plus-background hypothesis done in 0.00238919 s
      Evaluation of p-values done in  6.81921 s
	CLs = 0 +/- 0
      Evaluation of p-values done in  6.33222 s
	CLs = 0.00143266 +/- 0.00143297
      Evaluation of p-values done in  6.48518 s
	CLs = 0.002849 +/- 0.00164557
      Evaluation of p-values done in  6.31139 s
	CLs = 0.00340368 +/- 0.00152286
      Evaluation of p-values done in  6.47175 s
	CLs = 0.00275786 +/- 0.00123382
	CLs      = 0.00275786 +/- 0.00123382
	CLb      = 0.3626 +/- 0.00679884
	CLsplusb = 0.001 +/- 0.00044699

Hybrid result saved as HypoTestResult_mh120_r100_3342042940 in higgsCombineTest.HybridNew.mH120.1257808810.root : higgsCombineTest.HybridNew.mH120.1257808810.root:/toys

 -- Hybrid New -- 
CLs = 0.00275786 +/- 0.00123382
Total toys: 10000
Done in 0.00 min (cpu), 0.55 min (real)
