>>> including systematics
>>> using the Profile Likelihood test statistics modified for upper limits (Q_LHC)
>>> method used to compute upper limit is HybridNew
>>> Using OpenSSL to get a really random seed 
>>> Used OpenSSL to get a really random seed -279402081
Adding /uscms_data/d2/lpcljm/sapta/SUSYSearch/LimitSetting/CMSSW_7_1_5/src to include path
Adding /cvmfs/cms.cern.ch/slc6_amd64_gcc481/lcg/roofit/5.34.18-cms3//include to include path
Input workspace 'w': 

RooWorkspace(w) w contents

variables
---------
(jerUp_unc,jerUp_unc_In,jesUp_unc,jesUp_unc_In,lumi,lumi_In,n_obs_binbin1,pdf_unc,pdf_unc_In,r,xs_Bkg,xs_Bkg_In)

p.d.f.s
-------
SimpleGaussianConstraint::jerUp_unc_Pdf[ x=jerUp_unc mean=jerUp_unc_In sigma=1 ] = 1
SimpleGaussianConstraint::jesUp_unc_Pdf[ x=jesUp_unc mean=jesUp_unc_In sigma=1 ] = 1
SimpleGaussianConstraint::lumi_Pdf[ x=lumi mean=lumi_In sigma=1 ] = 1
RooProdPdf::modelObs_b[ pdf_binbin1_bonly ] = 0.00574904
RooProdPdf::modelObs_s[ pdf_binbin1 ] = 0.00496779
RooProdPdf::model_b[ modelObs_b * nuisancePdf ] = 0.00574904
RooProdPdf::model_s[ modelObs_s * nuisancePdf ] = 0.00496779
RooProdPdf::nuisancePdf[ lumi_Pdf * jesUp_unc_Pdf * pdf_unc_Pdf * xs_Bkg_Pdf * jerUp_unc_Pdf ] = 1
RooPoisson::pdf_binbin1[ x=n_obs_binbin1 mean=n_exp_binbin1 ] = 0.00496779
RooPoisson::pdf_binbin1_bonly[ x=n_obs_binbin1 mean=n_exp_binbin1_bonly ] = 0.00574904
SimpleGaussianConstraint::pdf_unc_Pdf[ x=pdf_unc mean=pdf_unc_In sigma=1 ] = 1
SimpleGaussianConstraint::xs_Bkg_Pdf[ x=xs_Bkg mean=xs_Bkg_In sigma=1 ] = 1

functions
--------
RooAddition::n_exp_binbin1[ n_exp_binbin1_proc_BH + n_exp_binbin1_proc_Background ] = 164.446
RooAddition::n_exp_binbin1_bonly[ n_exp_binbin1_proc_Background ] = 163.446
ProcessNormalization::n_exp_binbin1_proc_BH[ thetaList=(lumi,jesUp_unc,pdf_unc,jerUp_unc) asymmThetaList=() otherFactorList=(r) ] = 1
ProcessNormalization::n_exp_binbin1_proc_Background[ thetaList=(xs_Bkg) asymmThetaList=() otherFactorList=() ] = 163.446

datasets
--------
RooDataSet::data_obs(n_obs_binbin1)

named sets
----------
ModelConfig_GlobalObservables:(lumi_In,jesUp_unc_In,pdf_unc_In,xs_Bkg_In,jerUp_unc_In)
ModelConfig_NuisParams:(lumi,jesUp_unc,pdf_unc,xs_Bkg,jerUp_unc)
ModelConfig_Observables:(n_obs_binbin1)
ModelConfig_POI:(r)
ModelConfig_bonly_GlobalObservables:(lumi_In,jesUp_unc_In,pdf_unc_In,xs_Bkg_In,jerUp_unc_In)
ModelConfig_bonly_NuisParams:(lumi,jesUp_unc,pdf_unc,xs_Bkg,jerUp_unc)
ModelConfig_bonly_Observables:(n_obs_binbin1)
ModelConfig_bonly_POI:(r)
POI:(r)
globalObservables:(lumi_In,jesUp_unc_In,pdf_unc_In,xs_Bkg_In,jerUp_unc_In)
nuisances:(lumi,jesUp_unc,pdf_unc,xs_Bkg,jerUp_unc)
observables:(n_obs_binbin1)

generic objects
---------------
RooStats::ModelConfig::ModelConfig
RooStats::ModelConfig::ModelConfig_bonly
RooArgSet::discreteParams

Workspace has a ModelConfig for signal called 'ModelConfig', with contents:

=== Using the following for ModelConfig ===
Observables:             RooArgSet:: = (n_obs_binbin1)
Parameters of Interest:  RooArgSet:: = (r)
Nuisance Parameters:     RooArgSet:: = (lumi,jesUp_unc,pdf_unc,xs_Bkg,jerUp_unc)
Global Observables:      RooArgSet:: = (lumi_In,jesUp_unc_In,pdf_unc_In,xs_Bkg_In,jerUp_unc_In)
PDF:                     RooProdPdf::model_s[ modelObs_s * nuisancePdf ] = 0.00496779

Input ModelConfig 'ModelConfig': 

=== Using the following for ModelConfig ===
Observables:             RooArgSet:: = (n_obs_binbin1)
Parameters of Interest:  RooArgSet:: = (r)
Nuisance Parameters:     RooArgSet:: = (lumi,jesUp_unc,pdf_unc,xs_Bkg,jerUp_unc)
Global Observables:      RooArgSet:: = (lumi_In,jesUp_unc_In,pdf_unc_In,xs_Bkg_In,jerUp_unc_In)
PDF:                     RooProdPdf::model_s[ modelObs_s * nuisancePdf ] = 0.00496779

[#1] INFO:ObjectHandling -- RooWorkspace::import(w) importing RooUniform::prior
Computing limit starting from observation
  1) RooRealVar:: n_obs_binbin1 = 140
Set default minimizer to Minuit2
  r = 110 +/- 0
[#1] INFO:Minization --  Including the following contraint terms in minimization: (nuisancePdf)
[#1] INFO:Fitting -- RooAddition::defaultErrorLevel(nll_model_s_data_obs_with_constr) Summation contains a RooNLLVar, using its error level
Minuit2Minimizer: Minimize with max-calls 2500 convergence for edm < 0.01 strategy 1
MnSeedGenerator: for initial parameters FCN = 9.75341
MnSeedGenerator: Initial state:   - FCN =   9.753414335195 Edm =      1.59473 NCalls =     21
VariableMetric: start iterating until Edm is < 1e-05
VariableMetric: Initial state   - FCN =   9.753414335195 Edm =      1.59473 NCalls =     21
VariableMetric: Iteration #   1 - FCN =    8.09248621602 Edm =   0.00614251 NCalls =     32
VariableMetric: Iteration #   2 - FCN =   8.085456958466 Edm =  2.25229e-08 NCalls =     44
VariableMetric: After Hessian   - FCN =   8.085456958466 Edm =  2.43216e-08 NCalls =     75
Number of iterations 4
----------> Iteration 0
            FVAL = 9.7534143352 Edm = 1.59473354779 Nfcn = 21
            Error matrix change = 1
            Parameters :  p0 = 0 p1 = 0 p2 = 0 p3 = 0 p4 = 0
----------> Iteration 1
            FVAL = 8.09248621602 Edm = 0.0061425118635 Nfcn = 32
            Error matrix change = 0.500422
            Parameters :  p0 = 0 p1 = 0 p2 = 0 p3 = 0 p4 = -0.405768
----------> Iteration 2
            FVAL = 8.08545695847 Edm = 2.25228908642e-08 Nfcn = 44
            Error matrix change = 0.25072
            Parameters :  p0 = 0 p1 = 0 p2 = 0 p3 = 0 p4 = -0.434544
----------> Iteration 3
            FVAL = 8.08545695847 Edm = 2.43216205339e-08 Nfcn = 75
            Error matrix change = 0
            Parameters :  p0 = 0 p1 = 0 p2 = 0 p3 = 0 p4 = -0.434544
Minuit2Minimizer : Valid minimum - status = 0
FVAL  = 8.0854569584661391
Edm   = 2.43216205339157592e-08
Nfcn  = 75
jerUp_unc	  = 0	 +/-  0.996602	(limited)
jesUp_unc	  = 0	 +/-  0.996602	(limited)
lumi	  = 0	 +/-  0.996602	(limited)
pdf_unc	  = 0	 +/-  0.996602	(limited)
xs_Bkg	  = -0.434544	 +/-  0.243466	(limited)
Zero signal fit
   0) jerUp_unc                      =         0
   1) jesUp_unc                      =         0
   2) lumi                           =         0
   3) pdf_unc                        =         0
   4) xs_Bkg                         = -0.434544

Fitting of the background hypothesis done in 0.427237 s
[#1] INFO:Fitting -- RooAddition::defaultErrorLevel(nll_model_s_data_obs_with_constr) Summation contains a RooNLLVar, using its error level
Minuit2Minimizer: Minimize with max-calls 2500 convergence for edm < 0.01 strategy 1
MnSeedGenerator: for initial parameters FCN = 37.4786
MnSeedGenerator: Initial state:   - FCN =   37.47858264986 Edm =      25.3174 NCalls =     21
VariableMetric: start iterating until Edm is < 1e-05
VariableMetric: Initial state   - FCN =   37.47858264986 Edm =      25.3174 NCalls =     21
VariableMetric: Iteration #   1 - FCN =   18.02192736428 Edm =       1.7257 NCalls =     33
VariableMetric: Iteration #   2 - FCN =   14.44671181898 Edm =     0.142315 NCalls =     45
VariableMetric: Iteration #   3 - FCN =    14.1832438976 Edm =   0.00381722 NCalls =     57
VariableMetric: Iteration #   4 - FCN =   14.17831986698 Edm =  2.98054e-05 NCalls =     69
VariableMetric: Iteration #   5 - FCN =   14.17828604636 Edm =  1.27872e-07 NCalls =     81
VariableMetric: After Hessian   - FCN =   14.17828604636 Edm =  1.46153e-07 NCalls =    112
Number of iterations 7
----------> Iteration 0
            FVAL = 37.4785826499 Edm = 25.3174172326 Nfcn = 21
            Error matrix change = 1
            Parameters :  p0 = 0 p1 = 0 p2 = 0 p3 = 0 p4 = -0.434544
----------> Iteration 1
            FVAL = 18.0219273643 Edm = 1.72570347358 Nfcn = 33
            Error matrix change = 0.60164
            Parameters :  p0 = -1.34534 p1 = -1.57953 p2 = -1.49153 p3 = -1.76736 p4 = -1.6537
----------> Iteration 2
            FVAL = 14.446711819 Edm = 0.142315473205 Nfcn = 45
            Error matrix change = 0.40301
            Parameters :  p0 = -0.366847 p1 = -0.593801 p2 = -0.497913 p3 = -0.853811 p4 = -2.49543
----------> Iteration 3
            FVAL = 14.1832438976 Edm = 0.0038172243429 Nfcn = 57
            Error matrix change = 0.230315
            Parameters :  p0 = -0.556802 p1 = -0.654888 p2 = -0.614781 p3 = -0.768145 p4 = -2.76941
----------> Iteration 4
            FVAL = 14.178319867 Edm = 2.98054449317e-05 Nfcn = 69
            Error matrix change = 0.148707
            Parameters :  p0 = -0.505474 p1 = -0.62591 p2 = -0.578363 p3 = -0.742956 p4 = -2.81135
----------> Iteration 5
            FVAL = 14.1782860464 Edm = 1.27872079931e-07 Nfcn = 81
            Error matrix change = 0.0959492
            Parameters :  p0 = -0.504311 p1 = -0.627566 p2 = -0.578474 p3 = -0.748866 p4 = -2.81267
----------> Iteration 6
            FVAL = 14.1782860464 Edm = 1.461527229e-07 Nfcn = 112
            Error matrix change = 0
            Parameters :  p0 = -0.504311 p1 = -0.627566 p2 = -0.578474 p3 = -0.748866 p4 = -2.81267
Minuit2Minimizer : Valid minimum - status = 0
FVAL  = 14.1782860463569325
Edm   = 1.46152722899567012e-07
Nfcn  = 112
jerUp_unc	  = -0.504311	 +/-  0.976075	(limited)
jesUp_unc	  = -0.627566	 +/-  0.964649	(limited)
lumi	  = -0.578474	 +/-  0.969521	(limited)
pdf_unc	  = -0.748866	 +/-  0.950689	(limited)
xs_Bkg	  = -2.81267	 +/-  0.522103	(limited)
Reference signal fit
   0) jerUp_unc                      = -0.504311
   1) jesUp_unc                      = -0.627566
   2) lumi                           = -0.578474
   3) pdf_unc                        = -0.748866
   4) xs_Bkg                         =  -2.81267

Fitting of the signal-plus-background hypothesis done in 0.00159788 s
      Evaluation of p-values done in  6.7958 s
	CLs = 0 +/- 0
      Evaluation of p-values done in  6.54009 s
	CLs = 0 +/- 0
      Evaluation of p-values done in  6.22588 s
	CLs = 0 +/- 0
      Evaluation of p-values done in  5.9991 s
	CLs = 0 +/- 0
      Evaluation of p-values done in  6.16682 s
	CLs = 0 +/- 0
	CLs      = 0 +/- 0
	CLb      = 0.3514 +/- 0.00675156
	CLsplusb = 0 +/- 0

Hybrid result saved as HypoTestResult_mh120_r110_1312176311 in higgsCombineTest.HybridNew.mH120.-279402081.root : higgsCombineTest.HybridNew.mH120.-279402081.root:/toys

 -- Hybrid New -- 
CLs = 0 +/- 0
Total toys: 10000
Done in 0.00 min (cpu), 0.54 min (real)
