>>> including systematics
>>> using the Profile Likelihood test statistics modified for upper limits (Q_LHC)
>>> method used to compute upper limit is HybridNew
>>> Using OpenSSL to get a really random seed 
>>> Used OpenSSL to get a really random seed 152791037
Adding /uscms_data/d2/lpcljm/sapta/SUSYSearch/LimitSetting/CMSSW_7_1_5/src to include path
Adding /cvmfs/cms.cern.ch/slc6_amd64_gcc481/lcg/roofit/5.34.18-cms3//include to include path
Input workspace 'w': 

RooWorkspace(w) w contents

variables
---------
(jerUp_unc,jerUp_unc_In,jesUp_unc,jesUp_unc_In,lumi,lumi_In,n_obs_binbin1,pdf_unc,pdf_unc_In,r,xs_Bkg,xs_Bkg_In)

p.d.f.s
-------
SimpleGaussianConstraint::jerUp_unc_Pdf[ x=jerUp_unc mean=jerUp_unc_In sigma=1 ] = 1
SimpleGaussianConstraint::jesUp_unc_Pdf[ x=jesUp_unc mean=jesUp_unc_In sigma=1 ] = 1
SimpleGaussianConstraint::lumi_Pdf[ x=lumi mean=lumi_In sigma=1 ] = 1
RooProdPdf::modelObs_b[ pdf_binbin1_bonly ] = 0.0164198
RooProdPdf::modelObs_s[ pdf_binbin1 ] = 0.0162001
RooProdPdf::model_b[ modelObs_b * nuisancePdf ] = 0.0164198
RooProdPdf::model_s[ modelObs_s * nuisancePdf ] = 0.0162001
RooProdPdf::nuisancePdf[ lumi_Pdf * jesUp_unc_Pdf * pdf_unc_Pdf * xs_Bkg_Pdf * jerUp_unc_Pdf ] = 1
RooPoisson::pdf_binbin1[ x=n_obs_binbin1 mean=n_exp_binbin1 ] = 0.0162001
RooPoisson::pdf_binbin1_bonly[ x=n_obs_binbin1 mean=n_exp_binbin1_bonly ] = 0.0164198
SimpleGaussianConstraint::pdf_unc_Pdf[ x=pdf_unc mean=pdf_unc_In sigma=1 ] = 1
SimpleGaussianConstraint::xs_Bkg_Pdf[ x=xs_Bkg mean=xs_Bkg_In sigma=1 ] = 1

functions
--------
RooAddition::n_exp_binbin1[ n_exp_binbin1_proc_BH + n_exp_binbin1_proc_Background ] = 548.887
RooAddition::n_exp_binbin1_bonly[ n_exp_binbin1_proc_Background ] = 547.887
ProcessNormalization::n_exp_binbin1_proc_BH[ thetaList=(lumi,jesUp_unc,pdf_unc,jerUp_unc) asymmThetaList=() otherFactorList=(r) ] = 1
ProcessNormalization::n_exp_binbin1_proc_Background[ thetaList=(xs_Bkg) asymmThetaList=() otherFactorList=() ] = 547.887

datasets
--------
RooDataSet::data_obs(n_obs_binbin1)

named sets
----------
ModelConfig_GlobalObservables:(lumi_In,jesUp_unc_In,pdf_unc_In,xs_Bkg_In,jerUp_unc_In)
ModelConfig_NuisParams:(lumi,jesUp_unc,pdf_unc,xs_Bkg,jerUp_unc)
ModelConfig_Observables:(n_obs_binbin1)
ModelConfig_POI:(r)
ModelConfig_bonly_GlobalObservables:(lumi_In,jesUp_unc_In,pdf_unc_In,xs_Bkg_In,jerUp_unc_In)
ModelConfig_bonly_NuisParams:(lumi,jesUp_unc,pdf_unc,xs_Bkg,jerUp_unc)
ModelConfig_bonly_Observables:(n_obs_binbin1)
ModelConfig_bonly_POI:(r)
POI:(r)
globalObservables:(lumi_In,jesUp_unc_In,pdf_unc_In,xs_Bkg_In,jerUp_unc_In)
nuisances:(lumi,jesUp_unc,pdf_unc,xs_Bkg,jerUp_unc)
observables:(n_obs_binbin1)

generic objects
---------------
RooStats::ModelConfig::ModelConfig
RooStats::ModelConfig::ModelConfig_bonly
RooArgSet::discreteParams

Workspace has a ModelConfig for signal called 'ModelConfig', with contents:

=== Using the following for ModelConfig ===
Observables:             RooArgSet:: = (n_obs_binbin1)
Parameters of Interest:  RooArgSet:: = (r)
Nuisance Parameters:     RooArgSet:: = (lumi,jesUp_unc,pdf_unc,xs_Bkg,jerUp_unc)
Global Observables:      RooArgSet:: = (lumi_In,jesUp_unc_In,pdf_unc_In,xs_Bkg_In,jerUp_unc_In)
PDF:                     RooProdPdf::model_s[ modelObs_s * nuisancePdf ] = 0.0162001

Input ModelConfig 'ModelConfig': 

=== Using the following for ModelConfig ===
Observables:             RooArgSet:: = (n_obs_binbin1)
Parameters of Interest:  RooArgSet:: = (r)
Nuisance Parameters:     RooArgSet:: = (lumi,jesUp_unc,pdf_unc,xs_Bkg,jerUp_unc)
Global Observables:      RooArgSet:: = (lumi_In,jesUp_unc_In,pdf_unc_In,xs_Bkg_In,jerUp_unc_In)
PDF:                     RooProdPdf::model_s[ modelObs_s * nuisancePdf ] = 0.0162001

[#1] INFO:ObjectHandling -- RooWorkspace::import(w) importing RooUniform::prior
Computing limit starting from observation
  1) RooRealVar:: n_obs_binbin1 = 541
Set default minimizer to Minuit2
  r = 120 +/- 0
[#1] INFO:Minization --  Including the following contraint terms in minimization: (nuisancePdf)
[#1] INFO:Fitting -- RooAddition::defaultErrorLevel(nll_model_s_data_obs_with_constr) Summation contains a RooNLLVar, using its error level
Minuit2Minimizer: Minimize with max-calls 2500 convergence for edm < 0.01 strategy 1
MnSeedGenerator: for initial parameters FCN = 8.70396
MnSeedGenerator: Initial state:   - FCN =   8.703962564079 Edm =    0.0418031 NCalls =     21
VariableMetric: start iterating until Edm is < 1e-05
VariableMetric: Initial state   - FCN =   8.703962564079 Edm =    0.0418031 NCalls =     21
VariableMetric: Iteration #   1 - FCN =   8.661996670273 Edm =  1.42922e-06 NCalls =     32
VariableMetric: After Hessian   - FCN =   8.661996670273 Edm =  1.44611e-06 NCalls =     63
Number of iterations 3
----------> Iteration 0
            FVAL = 8.70396256408 Edm = 0.0418030862974 Nfcn = 21
            Error matrix change = 1
            Parameters :  p0 = 0 p1 = 0 p2 = 0 p3 = 0 p4 = 0
----------> Iteration 1
            FVAL = 8.66199667027 Edm = 1.4292213694e-06 Nfcn = 32
            Error matrix change = 0.500025
            Parameters :  p0 = 0 p1 = 0 p2 = 0 p3 = 0 p4 = -0.0535046
----------> Iteration 2
            FVAL = 8.66199667027 Edm = 1.44610816596e-06 Nfcn = 63
            Error matrix change = 0
            Parameters :  p0 = 0 p1 = 0 p2 = 0 p3 = 0 p4 = -0.0535046
Minuit2Minimizer : Valid minimum - status = 0
FVAL  = 8.66199667027313325
Edm   = 1.44610816595568894e-06
Nfcn  = 63
jerUp_unc	  = 0	 +/-  0.996602	(limited)
jesUp_unc	  = 0	 +/-  0.996602	(limited)
lumi	  = 0	 +/-  0.996602	(limited)
pdf_unc	  = 0	 +/-  0.996602	(limited)
xs_Bkg	  = -0.0535046	 +/-  0.18611	(limited)
Zero signal fit
   0) jerUp_unc                      =         0
   1) jesUp_unc                      =         0
   2) lumi                           =         0
   3) pdf_unc                        =         0
   4) xs_Bkg                         = -0.0535046

Fitting of the background hypothesis done in 0.291691 s
[#1] INFO:Fitting -- RooAddition::defaultErrorLevel(nll_model_s_data_obs_with_constr) Summation contains a RooNLLVar, using its error level
Minuit2Minimizer: Minimize with max-calls 2500 convergence for edm < 0.01 strategy 1
MnSeedGenerator: for initial parameters FCN = 20.3311
MnSeedGenerator: Initial state:   - FCN =   20.33109795339 Edm =      12.0531 NCalls =     19
VariableMetric: start iterating until Edm is < 1e-05
VariableMetric: Initial state   - FCN =   20.33109795339 Edm =      12.0531 NCalls =     19
VariableMetric: Iteration #   1 - FCN =   10.56875946812 Edm =     0.830947 NCalls =     31
VariableMetric: Iteration #   2 - FCN =   9.296569621852 Edm =   0.00640903 NCalls =     43
VariableMetric: Iteration #   3 - FCN =   9.288712937493 Edm =  6.35902e-06 NCalls =     55
VariableMetric: Iteration #   4 - FCN =   9.288706272079 Edm =  1.99143e-08 NCalls =     66
VariableMetric: After Hessian   - FCN =   9.288706272079 Edm =  2.17795e-08 NCalls =     97
Number of iterations 6
----------> Iteration 0
            FVAL = 20.3310979534 Edm = 12.0531238209 Nfcn = 19
            Error matrix change = 1
            Parameters :  p0 = 0 p1 = 0 p2 = 0 p3 = 0 p4 = -0.0535046
----------> Iteration 1
            FVAL = 10.5687594681 Edm = 0.83094727018 Nfcn = 31
            Error matrix change = 0.584148
            Parameters :  p0 = -0.65987 p1 = -0.795291 p2 = -0.74291 p3 = -0.915474 p4 = -0.789239
----------> Iteration 2
            FVAL = 9.29656962185 Edm = 0.00640902880928 Nfcn = 43
            Error matrix change = 0.394992
            Parameters :  p0 = -0.0203431 p1 = -0.0610817 p2 = -0.0428376 p3 = -0.117317 p4 = -1.05597
----------> Iteration 3
            FVAL = 9.28871293749 Edm = 6.35901918365e-06 Nfcn = 55
            Error matrix change = 0.204953
            Parameters :  p0 = -0.0545522 p1 = -0.0653005 p2 = -0.0608934 p3 = -0.0779775 p4 = -1.08207
----------> Iteration 4
            FVAL = 9.28870627208 Edm = 1.99143041229e-08 Nfcn = 66
            Error matrix change = 0.117043
            Parameters :  p0 = -0.0519231 p1 = -0.0643932 p2 = -0.0594266 p3 = -0.0768457 p4 = -1.0826
----------> Iteration 5
            FVAL = 9.28870627208 Edm = 2.17794860412e-08 Nfcn = 97
            Error matrix change = 0
            Parameters :  p0 = -0.0519231 p1 = -0.0643932 p2 = -0.0594266 p3 = -0.0768457 p4 = -1.0826
Minuit2Minimizer : Valid minimum - status = 0
FVAL  = 9.28870627207901123
Edm   = 2.1779486041239161e-08
Nfcn  = 97
jerUp_unc	  = -0.0519231	 +/-  0.994345	(limited)
jesUp_unc	  = -0.0643932	 +/-  0.993107	(limited)
lumi	  = -0.0594266	 +/-  0.993634	(limited)
pdf_unc	  = -0.0768457	 +/-  0.991614	(limited)
xs_Bkg	  = -1.0826	 +/-  0.257348	(limited)
Reference signal fit
   0) jerUp_unc                      = -0.0519231
   1) jesUp_unc                      = -0.0643932
   2) lumi                           = -0.0594266
   3) pdf_unc                        = -0.0768457
   4) xs_Bkg                         =   -1.0826

Fitting of the signal-plus-background hypothesis done in 0.00246096 s
      Evaluation of p-values done in  6.49692 s
	CLs = 0.269874 +/- 0.0239018
      Evaluation of p-values done in  6.2734 s
	CLs = 0.27428 +/- 0.0172563
      Evaluation of p-values done in  6.27143 s
	CLs = 0.280764 +/- 0.0142041
      Evaluation of p-values done in  5.82782 s
	CLs = 0.289586 +/- 0.01251
      Evaluation of p-values done in  6.24273 s
	CLs = 0.289732 +/- 0.0112088
	CLs      = 0.289732 +/- 0.0112088
	CLb      = 0.4694 +/- 0.00705781
	CLsplusb = 0.136 +/- 0.00484776

Hybrid result saved as HypoTestResult_mh120_r120_1830072788 in higgsCombineTest.HybridNew.mH120.152791037.root : higgsCombineTest.HybridNew.mH120.152791037.root:/toys

 -- Hybrid New -- 
CLs = 0.289732 +/- 0.0112088
Total toys: 10000
Done in 0.00 min (cpu), 0.52 min (real)
