>>> including systematics
>>> using the Profile Likelihood test statistics modified for upper limits (Q_LHC)
>>> method used to compute upper limit is HybridNew
>>> Using OpenSSL to get a really random seed 
>>> Used OpenSSL to get a really random seed 84868626
Adding /uscms_data/d2/lpcljm/sapta/SUSYSearch/LimitSetting/CMSSW_7_1_5/src to include path
Adding /cvmfs/cms.cern.ch/slc6_amd64_gcc481/lcg/roofit/5.34.18-cms3//include to include path
Input workspace 'w': 

RooWorkspace(w) w contents

variables
---------
(jerUp_unc,jerUp_unc_In,jesUp_unc,jesUp_unc_In,lumi,lumi_In,n_obs_binbin1,pdf_unc,pdf_unc_In,r,xs_Bkg,xs_Bkg_In)

p.d.f.s
-------
SimpleGaussianConstraint::jerUp_unc_Pdf[ x=jerUp_unc mean=jerUp_unc_In sigma=1 ] = 1
SimpleGaussianConstraint::jesUp_unc_Pdf[ x=jesUp_unc mean=jesUp_unc_In sigma=1 ] = 1
SimpleGaussianConstraint::lumi_Pdf[ x=lumi mean=lumi_In sigma=1 ] = 1
RooProdPdf::modelObs_b[ pdf_binbin1_bonly ] = 0.00574904
RooProdPdf::modelObs_s[ pdf_binbin1 ] = 0.00496779
RooProdPdf::model_b[ modelObs_b * nuisancePdf ] = 0.00574904
RooProdPdf::model_s[ modelObs_s * nuisancePdf ] = 0.00496779
RooProdPdf::nuisancePdf[ lumi_Pdf * jesUp_unc_Pdf * pdf_unc_Pdf * xs_Bkg_Pdf * jerUp_unc_Pdf ] = 1
RooPoisson::pdf_binbin1[ x=n_obs_binbin1 mean=n_exp_binbin1 ] = 0.00496779
RooPoisson::pdf_binbin1_bonly[ x=n_obs_binbin1 mean=n_exp_binbin1_bonly ] = 0.00574904
SimpleGaussianConstraint::pdf_unc_Pdf[ x=pdf_unc mean=pdf_unc_In sigma=1 ] = 1
SimpleGaussianConstraint::xs_Bkg_Pdf[ x=xs_Bkg mean=xs_Bkg_In sigma=1 ] = 1

functions
--------
RooAddition::n_exp_binbin1[ n_exp_binbin1_proc_BH + n_exp_binbin1_proc_Background ] = 164.446
RooAddition::n_exp_binbin1_bonly[ n_exp_binbin1_proc_Background ] = 163.446
ProcessNormalization::n_exp_binbin1_proc_BH[ thetaList=(lumi,jesUp_unc,pdf_unc,jerUp_unc) asymmThetaList=() otherFactorList=(r) ] = 1
ProcessNormalization::n_exp_binbin1_proc_Background[ thetaList=(xs_Bkg) asymmThetaList=() otherFactorList=() ] = 163.446

datasets
--------
RooDataSet::data_obs(n_obs_binbin1)

named sets
----------
ModelConfig_GlobalObservables:(lumi_In,jesUp_unc_In,pdf_unc_In,xs_Bkg_In,jerUp_unc_In)
ModelConfig_NuisParams:(lumi,jesUp_unc,pdf_unc,xs_Bkg,jerUp_unc)
ModelConfig_Observables:(n_obs_binbin1)
ModelConfig_POI:(r)
ModelConfig_bonly_GlobalObservables:(lumi_In,jesUp_unc_In,pdf_unc_In,xs_Bkg_In,jerUp_unc_In)
ModelConfig_bonly_NuisParams:(lumi,jesUp_unc,pdf_unc,xs_Bkg,jerUp_unc)
ModelConfig_bonly_Observables:(n_obs_binbin1)
ModelConfig_bonly_POI:(r)
POI:(r)
globalObservables:(lumi_In,jesUp_unc_In,pdf_unc_In,xs_Bkg_In,jerUp_unc_In)
nuisances:(lumi,jesUp_unc,pdf_unc,xs_Bkg,jerUp_unc)
observables:(n_obs_binbin1)

generic objects
---------------
RooStats::ModelConfig::ModelConfig
RooStats::ModelConfig::ModelConfig_bonly
RooArgSet::discreteParams

Workspace has a ModelConfig for signal called 'ModelConfig', with contents:

=== Using the following for ModelConfig ===
Observables:             RooArgSet:: = (n_obs_binbin1)
Parameters of Interest:  RooArgSet:: = (r)
Nuisance Parameters:     RooArgSet:: = (lumi,jesUp_unc,pdf_unc,xs_Bkg,jerUp_unc)
Global Observables:      RooArgSet:: = (lumi_In,jesUp_unc_In,pdf_unc_In,xs_Bkg_In,jerUp_unc_In)
PDF:                     RooProdPdf::model_s[ modelObs_s * nuisancePdf ] = 0.00496779

Input ModelConfig 'ModelConfig': 

=== Using the following for ModelConfig ===
Observables:             RooArgSet:: = (n_obs_binbin1)
Parameters of Interest:  RooArgSet:: = (r)
Nuisance Parameters:     RooArgSet:: = (lumi,jesUp_unc,pdf_unc,xs_Bkg,jerUp_unc)
Global Observables:      RooArgSet:: = (lumi_In,jesUp_unc_In,pdf_unc_In,xs_Bkg_In,jerUp_unc_In)
PDF:                     RooProdPdf::model_s[ modelObs_s * nuisancePdf ] = 0.00496779

[#1] INFO:ObjectHandling -- RooWorkspace::import(w) importing RooUniform::prior
Computing limit starting from observation
  1) RooRealVar:: n_obs_binbin1 = 140
Set default minimizer to Minuit2
  r = 120 +/- 0
[#1] INFO:Minization --  Including the following contraint terms in minimization: (nuisancePdf)
[#1] INFO:Fitting -- RooAddition::defaultErrorLevel(nll_model_s_data_obs_with_constr) Summation contains a RooNLLVar, using its error level
Minuit2Minimizer: Minimize with max-calls 2500 convergence for edm < 0.01 strategy 1
MnSeedGenerator: for initial parameters FCN = 9.75341
MnSeedGenerator: Initial state:   - FCN =   9.753414335195 Edm =      1.59473 NCalls =     21
VariableMetric: start iterating until Edm is < 1e-05
VariableMetric: Initial state   - FCN =   9.753414335195 Edm =      1.59473 NCalls =     21
VariableMetric: Iteration #   1 - FCN =    8.09248621602 Edm =   0.00614251 NCalls =     32
VariableMetric: Iteration #   2 - FCN =   8.085456958466 Edm =  2.25229e-08 NCalls =     44
VariableMetric: After Hessian   - FCN =   8.085456958466 Edm =  2.43216e-08 NCalls =     75
Number of iterations 4
----------> Iteration 0
            FVAL = 9.7534143352 Edm = 1.59473354779 Nfcn = 21
            Error matrix change = 1
            Parameters :  p0 = 0 p1 = 0 p2 = 0 p3 = 0 p4 = 0
----------> Iteration 1
            FVAL = 8.09248621602 Edm = 0.0061425118635 Nfcn = 32
            Error matrix change = 0.500422
            Parameters :  p0 = 0 p1 = 0 p2 = 0 p3 = 0 p4 = -0.405768
----------> Iteration 2
            FVAL = 8.08545695847 Edm = 2.25228908642e-08 Nfcn = 44
            Error matrix change = 0.25072
            Parameters :  p0 = 0 p1 = 0 p2 = 0 p3 = 0 p4 = -0.434544
----------> Iteration 3
            FVAL = 8.08545695847 Edm = 2.43216205339e-08 Nfcn = 75
            Error matrix change = 0
            Parameters :  p0 = 0 p1 = 0 p2 = 0 p3 = 0 p4 = -0.434544
Minuit2Minimizer : Valid minimum - status = 0
FVAL  = 8.0854569584661391
Edm   = 2.43216205339157592e-08
Nfcn  = 75
jerUp_unc	  = 0	 +/-  0.996602	(limited)
jesUp_unc	  = 0	 +/-  0.996602	(limited)
lumi	  = 0	 +/-  0.996602	(limited)
pdf_unc	  = 0	 +/-  0.996602	(limited)
xs_Bkg	  = -0.434544	 +/-  0.243466	(limited)
Zero signal fit
   0) jerUp_unc                      =         0
   1) jesUp_unc                      =         0
   2) lumi                           =         0
   3) pdf_unc                        =         0
   4) xs_Bkg                         = -0.434544

Fitting of the background hypothesis done in 0.195638 s
[#1] INFO:Fitting -- RooAddition::defaultErrorLevel(nll_model_s_data_obs_with_constr) Summation contains a RooNLLVar, using its error level
Minuit2Minimizer: Minimize with max-calls 2500 convergence for edm < 0.01 strategy 1
MnSeedGenerator: for initial parameters FCN = 42.0155
MnSeedGenerator: Initial state:   - FCN =   42.01553224671 Edm =      29.5877 NCalls =     21
VariableMetric: start iterating until Edm is < 1e-05
VariableMetric: Initial state   - FCN =   42.01553224671 Edm =      29.5877 NCalls =     21
VariableMetric: Iteration #   1 - FCN =   19.84903880621 Edm =      1.92245 NCalls =     33
VariableMetric: Iteration #   2 - FCN =   15.72279998232 Edm =     0.195095 NCalls =     46
VariableMetric: Iteration #   3 - FCN =   15.41848983237 Edm =    0.0119736 NCalls =     58
VariableMetric: Iteration #   4 - FCN =   15.40284501419 Edm =  9.39804e-05 NCalls =     70
VariableMetric: Iteration #   5 - FCN =   15.40273249387 Edm =  5.27897e-07 NCalls =     82
VariableMetric: After Hessian   - FCN =   15.40273249387 Edm =  6.04172e-07 NCalls =    113
Number of iterations 7
----------> Iteration 0
            FVAL = 42.0155322467 Edm = 29.5877227461 Nfcn = 21
            Error matrix change = 1
            Parameters :  p0 = 0 p1 = 0 p2 = 0 p3 = 0 p4 = -0.434544
----------> Iteration 1
            FVAL = 19.8490388062 Edm = 1.92245495869 Nfcn = 33
            Error matrix change = 0.603422
            Parameters :  p0 = -1.48417 p1 = -1.73123 p2 = -1.63913 p3 = -1.92401 p4 = -1.6887
----------> Iteration 2
            FVAL = 15.7227999823 Edm = 0.195094986997 Nfcn = 46
            Error matrix change = 0.40288
            Parameters :  p0 = -0.3827 p1 = -0.658155 p2 = -0.541803 p3 = -0.971373 p4 = -2.66196
----------> Iteration 3
            FVAL = 15.4184898324 Edm = 0.0119735564555 Nfcn = 58
            Error matrix change = 0.245014
            Parameters :  p0 = -0.675163 p1 = -0.801295 p2 = -0.749253 p3 = -0.949193 p4 = -2.89656
----------> Iteration 4
            FVAL = 15.4028450142 Edm = 9.39804050475e-05 Nfcn = 70
            Error matrix change = 0.166787
            Parameters :  p0 = -0.605823 p1 = -0.746234 p2 = -0.690831 p3 = -0.883771 p4 = -2.97533
----------> Iteration 5
            FVAL = 15.4027324939 Edm = 5.27897376602e-07 Nfcn = 82
            Error matrix change = 0.114988
            Parameters :  p0 = -0.601966 p1 = -0.749111 p2 = -0.690567 p3 = -0.893421 p4 = -2.97874
----------> Iteration 6
            FVAL = 15.4027324939 Edm = 6.04172334888e-07 Nfcn = 113
            Error matrix change = 0
            Parameters :  p0 = -0.601966 p1 = -0.749111 p2 = -0.690567 p3 = -0.893421 p4 = -2.97874
Minuit2Minimizer : Valid minimum - status = 0
FVAL  = 15.4027324938699728
Edm   = 6.04172334888273167e-07
Nfcn  = 113
jerUp_unc	  = -0.601966	 +/-  0.973101	(limited)
jesUp_unc	  = -0.749111	 +/-  0.959987	(limited)
lumi	  = -0.690567	 +/-  0.965583	(limited)
pdf_unc	  = -0.893421	 +/-  0.943927	(limited)
xs_Bkg	  = -2.97874	 +/-  0.537897	(limited)
Reference signal fit
   0) jerUp_unc                      = -0.601966
   1) jesUp_unc                      = -0.749111
   2) lumi                           = -0.690567
   3) pdf_unc                        = -0.893421
   4) xs_Bkg                         =  -2.97874

Fitting of the signal-plus-background hypothesis done in 0.00157809 s
      Evaluation of p-values done in  6.48692 s
	CLs = 0 +/- 0
      Evaluation of p-values done in  6.06887 s
	CLs = 0 +/- 0
      Evaluation of p-values done in  6.35132 s
	CLs = 0 +/- 0
      Evaluation of p-values done in  6.34502 s
	CLs = 0 +/- 0
      Evaluation of p-values done in  6.08796 s
	CLs = 0 +/- 0
	CLs      = 0 +/- 0
	CLb      = 0.3628 +/- 0.00679965
	CLsplusb = 0 +/- 0

Hybrid result saved as HypoTestResult_mh120_r120_3960571196 in higgsCombineTest.HybridNew.mH120.84868626.root : higgsCombineTest.HybridNew.mH120.84868626.root:/toys

 -- Hybrid New -- 
CLs = 0 +/- 0
Total toys: 10000
Done in 0.00 min (cpu), 0.53 min (real)
