>>> including systematics
>>> using the Profile Likelihood test statistics modified for upper limits (Q_LHC)
>>> method used to compute upper limit is HybridNew
>>> Using OpenSSL to get a really random seed 
>>> Used OpenSSL to get a really random seed 1881921179
Adding /uscms_data/d2/lpcljm/sapta/SUSYSearch/LimitSetting/CMSSW_7_1_5/src to include path
Adding /cvmfs/cms.cern.ch/slc6_amd64_gcc481/lcg/roofit/5.34.18-cms3//include to include path
Input workspace 'w': 

RooWorkspace(w) w contents

variables
---------
(jerUp_unc,jerUp_unc_In,jesUp_unc,jesUp_unc_In,lumi,lumi_In,n_obs_binbin1,pdf_unc,pdf_unc_In,r,xs_Bkg,xs_Bkg_In)

p.d.f.s
-------
SimpleGaussianConstraint::jerUp_unc_Pdf[ x=jerUp_unc mean=jerUp_unc_In sigma=1 ] = 1
SimpleGaussianConstraint::jesUp_unc_Pdf[ x=jesUp_unc mean=jesUp_unc_In sigma=1 ] = 1
SimpleGaussianConstraint::lumi_Pdf[ x=lumi mean=lumi_In sigma=1 ] = 1
RooProdPdf::modelObs_b[ pdf_binbin1_bonly ] = 0.153991
RooProdPdf::modelObs_s[ pdf_binbin1 ] = 0.119232
RooProdPdf::model_b[ modelObs_b * nuisancePdf ] = 0.153991
RooProdPdf::model_s[ modelObs_s * nuisancePdf ] = 0.119232
RooProdPdf::nuisancePdf[ lumi_Pdf * jesUp_unc_Pdf * pdf_unc_Pdf * xs_Bkg_Pdf * jerUp_unc_Pdf ] = 1
RooPoisson::pdf_binbin1[ x=n_obs_binbin1 mean=n_exp_binbin1 ] = 0.119232
RooPoisson::pdf_binbin1_bonly[ x=n_obs_binbin1 mean=n_exp_binbin1_bonly ] = 0.153991
SimpleGaussianConstraint::pdf_unc_Pdf[ x=pdf_unc mean=pdf_unc_In sigma=1 ] = 1
SimpleGaussianConstraint::xs_Bkg_Pdf[ x=xs_Bkg mean=xs_Bkg_In sigma=1 ] = 1

functions
--------
RooAddition::n_exp_binbin1[ n_exp_binbin1_proc_BH + n_exp_binbin1_proc_Background ] = 7.23126
RooAddition::n_exp_binbin1_bonly[ n_exp_binbin1_proc_Background ] = 6.23126
ProcessNormalization::n_exp_binbin1_proc_BH[ thetaList=(lumi,jesUp_unc,pdf_unc,jerUp_unc) asymmThetaList=() otherFactorList=(r) ] = 1
ProcessNormalization::n_exp_binbin1_proc_Background[ thetaList=(xs_Bkg) asymmThetaList=() otherFactorList=() ] = 6.23126

datasets
--------
RooDataSet::data_obs(n_obs_binbin1)

named sets
----------
ModelConfig_GlobalObservables:(lumi_In,jesUp_unc_In,pdf_unc_In,xs_Bkg_In,jerUp_unc_In)
ModelConfig_NuisParams:(lumi,jesUp_unc,pdf_unc,xs_Bkg,jerUp_unc)
ModelConfig_Observables:(n_obs_binbin1)
ModelConfig_POI:(r)
ModelConfig_bonly_GlobalObservables:(lumi_In,jesUp_unc_In,pdf_unc_In,xs_Bkg_In,jerUp_unc_In)
ModelConfig_bonly_NuisParams:(lumi,jesUp_unc,pdf_unc,xs_Bkg,jerUp_unc)
ModelConfig_bonly_Observables:(n_obs_binbin1)
ModelConfig_bonly_POI:(r)
POI:(r)
globalObservables:(lumi_In,jesUp_unc_In,pdf_unc_In,xs_Bkg_In,jerUp_unc_In)
nuisances:(lumi,jesUp_unc,pdf_unc,xs_Bkg,jerUp_unc)
observables:(n_obs_binbin1)

generic objects
---------------
RooStats::ModelConfig::ModelConfig
RooStats::ModelConfig::ModelConfig_bonly
RooArgSet::discreteParams

Workspace has a ModelConfig for signal called 'ModelConfig', with contents:

=== Using the following for ModelConfig ===
Observables:             RooArgSet:: = (n_obs_binbin1)
Parameters of Interest:  RooArgSet:: = (r)
Nuisance Parameters:     RooArgSet:: = (lumi,jesUp_unc,pdf_unc,xs_Bkg,jerUp_unc)
Global Observables:      RooArgSet:: = (lumi_In,jesUp_unc_In,pdf_unc_In,xs_Bkg_In,jerUp_unc_In)
PDF:                     RooProdPdf::model_s[ modelObs_s * nuisancePdf ] = 0.119232

Input ModelConfig 'ModelConfig': 

=== Using the following for ModelConfig ===
Observables:             RooArgSet:: = (n_obs_binbin1)
Parameters of Interest:  RooArgSet:: = (r)
Nuisance Parameters:     RooArgSet:: = (lumi,jesUp_unc,pdf_unc,xs_Bkg,jerUp_unc)
Global Observables:      RooArgSet:: = (lumi_In,jesUp_unc_In,pdf_unc_In,xs_Bkg_In,jerUp_unc_In)
PDF:                     RooProdPdf::model_s[ modelObs_s * nuisancePdf ] = 0.119232

[#1] INFO:ObjectHandling -- RooWorkspace::import(w) importing RooUniform::prior
Computing limit starting from observation
  1) RooRealVar:: n_obs_binbin1 = 5
Set default minimizer to Minuit2
  r = 13 +/- 0
[#1] INFO:Minization --  Including the following contraint terms in minimization: (nuisancePdf)
[#1] INFO:Fitting -- RooAddition::defaultErrorLevel(nll_model_s_data_obs_with_constr) Summation contains a RooNLLVar, using its error level
Minuit2Minimizer: Minimize with max-calls 2500 convergence for edm < 0.01 strategy 1
MnSeedGenerator: for initial parameters FCN = 6.46555
MnSeedGenerator: Initial state:   - FCN =   6.465551611087 Edm =    0.0887612 NCalls =     21
VariableMetric: start iterating until Edm is < 1e-05
VariableMetric: Initial state   - FCN =   6.465551611087 Edm =    0.0887612 NCalls =     21
VariableMetric: Iteration #   1 - FCN =   6.373788309166 Edm =   0.00022444 NCalls =     32
VariableMetric: Iteration #   2 - FCN =   6.373538786682 Edm =  2.75943e-10 NCalls =     44
VariableMetric: After Hessian   - FCN =   6.373538786682 Edm =  2.89215e-10 NCalls =     75
Number of iterations 4
----------> Iteration 0
            FVAL = 6.46555161109 Edm = 0.0887611805625 Nfcn = 21
            Error matrix change = 1
            Parameters :  p0 = 0 p1 = 0 p2 = 0 p3 = 0 p4 = 0
----------> Iteration 1
            FVAL = 6.37378830917 Edm = 0.000224440302654 Nfcn = 32
            Error matrix change = 0.50167
            Parameters :  p0 = 0 p1 = 0 p2 = 0 p3 = 0 p4 = -0.219028
----------> Iteration 2
            FVAL = 6.37353878668 Edm = 2.75942645877e-10 Nfcn = 44
            Error matrix change = 0.252717
            Parameters :  p0 = 0 p1 = 0 p2 = 0 p3 = 0 p4 = -0.231267
----------> Iteration 3
            FVAL = 6.37353878668 Edm = 2.89214674132e-10 Nfcn = 75
            Error matrix change = 0
            Parameters :  p0 = 0 p1 = 0 p2 = 0 p3 = 0 p4 = -0.231267
Minuit2Minimizer : Valid minimum - status = 0
FVAL  = 6.37353878668151186
Edm   = 2.89214674131736137e-10
Nfcn  = 75
jerUp_unc	  = 0	 +/-  0.996602	(limited)
jesUp_unc	  = 0	 +/-  0.996602	(limited)
lumi	  = 0	 +/-  0.996602	(limited)
pdf_unc	  = 0	 +/-  0.996602	(limited)
xs_Bkg	  = -0.231267	 +/-  0.548413	(limited)
Zero signal fit
   0) jerUp_unc                      =         0
   1) jesUp_unc                      =         0
   2) lumi                           =         0
   3) pdf_unc                        =         0
   4) xs_Bkg                         = -0.231267

Fitting of the background hypothesis done in 0.305112 s
[#1] INFO:Fitting -- RooAddition::defaultErrorLevel(nll_model_s_data_obs_with_constr) Summation contains a RooNLLVar, using its error level
Minuit2Minimizer: Minimize with max-calls 2500 convergence for edm < 0.01 strategy 1
MnSeedGenerator: for initial parameters FCN = 13.2118
MnSeedGenerator: Initial state:   - FCN =   13.21183313648 Edm =      1.34828 NCalls =     21
VariableMetric: start iterating until Edm is < 1e-05
VariableMetric: Initial state   - FCN =   13.21183313648 Edm =      1.34828 NCalls =     21
VariableMetric: Iteration #   1 - FCN =   11.82717527981 Edm =    0.0271471 NCalls =     32
VariableMetric: Iteration #   2 - FCN =   11.78933133488 Edm =  0.000183968 NCalls =     44
VariableMetric: Iteration #   3 - FCN =   11.78912691383 Edm =  2.56154e-08 NCalls =     56
VariableMetric: After Hessian   - FCN =   11.78912691383 Edm =  2.63549e-08 NCalls =     87
Number of iterations 5
----------> Iteration 0
            FVAL = 13.2118331365 Edm = 1.34828444141 Nfcn = 21
            Error matrix change = 1
            Parameters :  p0 = 0 p1 = 0 p2 = 0 p3 = 0 p4 = -0.231267
----------> Iteration 1
            FVAL = 11.8271752798 Edm = 0.0271471317138 Nfcn = 32
            Error matrix change = 0.535902
            Parameters :  p0 = -0.364082 p1 = -0.448371 p2 = -0.415064 p3 = -0.529087 p4 = -1.03689
----------> Iteration 2
            FVAL = 11.7893313349 Edm = 0.000183967979389 Nfcn = 44
            Error matrix change = 0.289866
            Parameters :  p0 = -0.306145 p1 = -0.382899 p2 = -0.352159 p3 = -0.459981 p4 = -1.21038
----------> Iteration 3
            FVAL = 11.7891269138 Edm = 2.56153746664e-08 Nfcn = 56
            Error matrix change = 0.161551
            Parameters :  p0 = -0.314049 p1 = -0.390548 p2 = -0.360039 p3 = -0.466324 p4 = -1.21932
----------> Iteration 4
            FVAL = 11.7891269138 Edm = 2.63549024314e-08 Nfcn = 87
            Error matrix change = 0
            Parameters :  p0 = -0.314049 p1 = -0.390548 p2 = -0.360039 p3 = -0.466324 p4 = -1.21932
Minuit2Minimizer : Valid minimum - status = 0
FVAL  = 11.789126913828877
Edm   = 2.63549024313799853e-08
Nfcn  = 87
jerUp_unc	  = -0.314049	 +/-  0.988867	(limited)
jesUp_unc	  = -0.390548	 +/-  0.984605	(limited)
lumi	  = -0.360039	 +/-  0.986418	(limited)
pdf_unc	  = -0.466324	 +/-  0.979445	(limited)
xs_Bkg	  = -1.21932	 +/-  0.728532	(limited)
Reference signal fit
   0) jerUp_unc                      = -0.314049
   1) jesUp_unc                      = -0.390548
   2) lumi                           = -0.360039
   3) pdf_unc                        = -0.466324
   4) xs_Bkg                         =  -1.21932

Fitting of the signal-plus-background hypothesis done in 0.00234604 s
      Evaluation of p-values done in  5.63863 s
	CLs = 0.00215054 +/- 0.0021507
      Evaluation of p-values done in  5.71785 s
	CLs = 0.00108696 +/- 0.001087
      Evaluation of p-values done in  5.56652 s
	CLs = 0.00218978 +/- 0.00126439
      Evaluation of p-values done in  5.40392 s
	CLs = 0.00165472 +/- 0.000955425
      Evaluation of p-values done in  5.53756 s
	CLs = 0.00219202 +/- 0.000980396
	CLs      = 0.00219202 +/- 0.000980396
	CLb      = 0.4562 +/- 0.00704388
	CLsplusb = 0.001 +/- 0.00044699

Hybrid result saved as HypoTestResult_mh120_r13_3436495313 in higgsCombineTest.HybridNew.mH120.1881921179.root : higgsCombineTest.HybridNew.mH120.1881921179.root:/toys

 -- Hybrid New -- 
CLs = 0.00219202 +/- 0.000980396
Total toys: 10000
Done in 0.00 min (cpu), 0.47 min (real)
