>>> including systematics
>>> using the Profile Likelihood test statistics modified for upper limits (Q_LHC)
>>> method used to compute upper limit is HybridNew
>>> Using OpenSSL to get a really random seed 
>>> Used OpenSSL to get a really random seed 719809680
Adding /uscms_data/d2/lpcljm/sapta/SUSYSearch/LimitSetting/CMSSW_7_1_5/src to include path
Adding /cvmfs/cms.cern.ch/slc6_amd64_gcc481/lcg/roofit/5.34.18-cms3//include to include path
Input workspace 'w': 

RooWorkspace(w) w contents

variables
---------
(jerUp_unc,jerUp_unc_In,jesUp_unc,jesUp_unc_In,lumi,lumi_In,n_obs_binbin1,pdf_unc,pdf_unc_In,r,xs_Bkg,xs_Bkg_In)

p.d.f.s
-------
SimpleGaussianConstraint::jerUp_unc_Pdf[ x=jerUp_unc mean=jerUp_unc_In sigma=1 ] = 1
SimpleGaussianConstraint::jesUp_unc_Pdf[ x=jesUp_unc mean=jesUp_unc_In sigma=1 ] = 1
SimpleGaussianConstraint::lumi_Pdf[ x=lumi mean=lumi_In sigma=1 ] = 1
RooProdPdf::modelObs_b[ pdf_binbin1_bonly ] = 0.0300624
RooProdPdf::modelObs_s[ pdf_binbin1 ] = 0.0255328
RooProdPdf::model_b[ modelObs_b * nuisancePdf ] = 0.0300624
RooProdPdf::model_s[ modelObs_s * nuisancePdf ] = 0.0255328
RooProdPdf::nuisancePdf[ lumi_Pdf * jesUp_unc_Pdf * pdf_unc_Pdf * xs_Bkg_Pdf * jerUp_unc_Pdf ] = 1
RooPoisson::pdf_binbin1[ x=n_obs_binbin1 mean=n_exp_binbin1 ] = 0.0255328
RooPoisson::pdf_binbin1_bonly[ x=n_obs_binbin1 mean=n_exp_binbin1_bonly ] = 0.0300624
SimpleGaussianConstraint::pdf_unc_Pdf[ x=pdf_unc mean=pdf_unc_In sigma=1 ] = 1
SimpleGaussianConstraint::xs_Bkg_Pdf[ x=xs_Bkg mean=xs_Bkg_In sigma=1 ] = 1

functions
--------
RooAddition::n_exp_binbin1[ n_exp_binbin1_proc_BH + n_exp_binbin1_proc_Background ] = 54.2851
RooAddition::n_exp_binbin1_bonly[ n_exp_binbin1_proc_Background ] = 53.2851
ProcessNormalization::n_exp_binbin1_proc_BH[ thetaList=(lumi,jesUp_unc,pdf_unc,jerUp_unc) asymmThetaList=() otherFactorList=(r) ] = 1
ProcessNormalization::n_exp_binbin1_proc_Background[ thetaList=(xs_Bkg) asymmThetaList=() otherFactorList=() ] = 53.2851

datasets
--------
RooDataSet::data_obs(n_obs_binbin1)

named sets
----------
ModelConfig_GlobalObservables:(lumi_In,jesUp_unc_In,pdf_unc_In,xs_Bkg_In,jerUp_unc_In)
ModelConfig_NuisParams:(lumi,jesUp_unc,pdf_unc,xs_Bkg,jerUp_unc)
ModelConfig_Observables:(n_obs_binbin1)
ModelConfig_POI:(r)
ModelConfig_bonly_GlobalObservables:(lumi_In,jesUp_unc_In,pdf_unc_In,xs_Bkg_In,jerUp_unc_In)
ModelConfig_bonly_NuisParams:(lumi,jesUp_unc,pdf_unc,xs_Bkg,jerUp_unc)
ModelConfig_bonly_Observables:(n_obs_binbin1)
ModelConfig_bonly_POI:(r)
POI:(r)
globalObservables:(lumi_In,jesUp_unc_In,pdf_unc_In,xs_Bkg_In,jerUp_unc_In)
nuisances:(lumi,jesUp_unc,pdf_unc,xs_Bkg,jerUp_unc)
observables:(n_obs_binbin1)

generic objects
---------------
RooStats::ModelConfig::ModelConfig
RooStats::ModelConfig::ModelConfig_bonly
RooArgSet::discreteParams

Workspace has a ModelConfig for signal called 'ModelConfig', with contents:

=== Using the following for ModelConfig ===
Observables:             RooArgSet:: = (n_obs_binbin1)
Parameters of Interest:  RooArgSet:: = (r)
Nuisance Parameters:     RooArgSet:: = (lumi,jesUp_unc,pdf_unc,xs_Bkg,jerUp_unc)
Global Observables:      RooArgSet:: = (lumi_In,jesUp_unc_In,pdf_unc_In,xs_Bkg_In,jerUp_unc_In)
PDF:                     RooProdPdf::model_s[ modelObs_s * nuisancePdf ] = 0.0255328

Input ModelConfig 'ModelConfig': 

=== Using the following for ModelConfig ===
Observables:             RooArgSet:: = (n_obs_binbin1)
Parameters of Interest:  RooArgSet:: = (r)
Nuisance Parameters:     RooArgSet:: = (lumi,jesUp_unc,pdf_unc,xs_Bkg,jerUp_unc)
Global Observables:      RooArgSet:: = (lumi_In,jesUp_unc_In,pdf_unc_In,xs_Bkg_In,jerUp_unc_In)
PDF:                     RooProdPdf::model_s[ modelObs_s * nuisancePdf ] = 0.0255328

[#1] INFO:ObjectHandling -- RooWorkspace::import(w) importing RooUniform::prior
Computing limit starting from observation
  1) RooRealVar:: n_obs_binbin1 = 45
Set default minimizer to Minuit2
  r = 19 +/- 0
[#1] INFO:Minization --  Including the following contraint terms in minimization: (nuisancePdf)
[#1] INFO:Fitting -- RooAddition::defaultErrorLevel(nll_model_s_data_obs_with_constr) Summation contains a RooNLLVar, using its error level
Minuit2Minimizer: Minimize with max-calls 2500 convergence for edm < 0.01 strategy 1
MnSeedGenerator: for initial parameters FCN = 8.09917
MnSeedGenerator: Initial state:   - FCN =   8.099172898401 Edm =     0.588941 NCalls =     21
VariableMetric: start iterating until Edm is < 1e-05
VariableMetric: Initial state   - FCN =   8.099172898401 Edm =     0.588941 NCalls =     21
VariableMetric: Iteration #   1 - FCN =   7.485619365648 Edm =   0.00228289 NCalls =     32
VariableMetric: Iteration #   2 - FCN =   7.483008555282 Edm =  7.96503e-09 NCalls =     44
VariableMetric: After Hessian   - FCN =   7.483008555282 Edm =  8.58624e-09 NCalls =     75
Number of iterations 4
----------> Iteration 0
            FVAL = 8.0991728984 Edm = 0.588941499353 Nfcn = 21
            Error matrix change = 1
            Parameters :  p0 = 0 p1 = 0 p2 = 0 p3 = 0 p4 = 0
----------> Iteration 1
            FVAL = 7.48561936565 Edm = 0.00228288521164 Nfcn = 32
            Error matrix change = 0.500695
            Parameters :  p0 = 0 p1 = 0 p2 = 0 p3 = 0 p4 = -0.317517
----------> Iteration 2
            FVAL = 7.48300855528 Edm = 7.96502507491e-09 Nfcn = 44
            Error matrix change = 0.251174
            Parameters :  p0 = 0 p1 = 0 p2 = 0 p3 = 0 p4 = -0.340103
----------> Iteration 3
            FVAL = 7.48300855528 Edm = 8.58623519019e-09 Nfcn = 75
            Error matrix change = 0
            Parameters :  p0 = 0 p1 = 0 p2 = 0 p3 = 0 p4 = -0.340103
Minuit2Minimizer : Valid minimum - status = 0
FVAL  = 7.48300855528180353
Edm   = 8.58623519018588795e-09
Nfcn  = 75
jerUp_unc	  = 0	 +/-  0.996602	(limited)
jesUp_unc	  = 0	 +/-  0.996602	(limited)
lumi	  = 0	 +/-  0.996602	(limited)
pdf_unc	  = 0	 +/-  0.996602	(limited)
xs_Bkg	  = -0.340103	 +/-  0.313501	(limited)
Zero signal fit
   0) jerUp_unc                      =         0
   1) jesUp_unc                      =         0
   2) lumi                           =         0
   3) pdf_unc                        =         0
   4) xs_Bkg                         = -0.340103

Fitting of the background hypothesis done in 0.233513 s
[#1] INFO:Fitting -- RooAddition::defaultErrorLevel(nll_model_s_data_obs_with_constr) Summation contains a RooNLLVar, using its error level
Minuit2Minimizer: Minimize with max-calls 2500 convergence for edm < 0.01 strategy 1
MnSeedGenerator: for initial parameters FCN = 10.8557
MnSeedGenerator: Initial state:   - FCN =   10.85573150766 Edm =      2.24704 NCalls =     21
VariableMetric: start iterating until Edm is < 1e-05
VariableMetric: Initial state   - FCN =   10.85573150766 Edm =      2.24704 NCalls =     21
VariableMetric: Iteration #   1 - FCN =   8.529872998931 Edm =    0.0917941 NCalls =     32
VariableMetric: Iteration #   2 - FCN =   8.394878632172 Edm =   0.00138358 NCalls =     44
VariableMetric: Iteration #   3 - FCN =   8.393194794222 Edm =    6.144e-07 NCalls =     56
VariableMetric: After Hessian   - FCN =   8.393194794222 Edm =  6.36979e-07 NCalls =     87
Number of iterations 5
----------> Iteration 0
            FVAL = 10.8557315077 Edm = 2.24703541722 Nfcn = 21
            Error matrix change = 1
            Parameters :  p0 = 0 p1 = 0 p2 = 0 p3 = 0 p4 = -0.340103
----------> Iteration 1
            FVAL = 8.52987299893 Edm = 0.091794093854 Nfcn = 32
            Error matrix change = 0.540764
            Parameters :  p0 = -0.224013 p1 = -0.276427 p2 = -0.255677 p3 = -0.326959 p4 = -1.04575
----------> Iteration 2
            FVAL = 8.39487863217 Edm = 0.00138358030304 Nfcn = 44
            Error matrix change = 0.298262
            Parameters :  p0 = -0.0529148 p1 = -0.0683403 p2 = -0.0620195 p3 = -0.085092 p4 = -1.20989
----------> Iteration 3
            FVAL = 8.39319479422 Edm = 6.14400082921e-07 Nfcn = 56
            Error matrix change = 0.162502
            Parameters :  p0 = -0.066348 p1 = -0.0820939 p2 = -0.0758381 p3 = -0.0975001 p4 = -1.23026
----------> Iteration 4
            FVAL = 8.39319479422 Edm = 6.36978689387e-07 Nfcn = 87
            Error matrix change = 0
            Parameters :  p0 = -0.066348 p1 = -0.0820939 p2 = -0.0758381 p3 = -0.0975001 p4 = -1.23026
Minuit2Minimizer : Valid minimum - status = 0
FVAL  = 8.39319479422179349
Edm   = 6.36978689387176946e-07
Nfcn  = 87
jerUp_unc	  = -0.066348	 +/-  0.993904	(limited)
jesUp_unc	  = -0.0820939	 +/-  0.992423	(limited)
lumi	  = -0.0758381	 +/-  0.993052	(limited)
pdf_unc	  = -0.0975001	 +/-  0.990635	(limited)
xs_Bkg	  = -1.23026	 +/-  0.454231	(limited)
Reference signal fit
   0) jerUp_unc                      = -0.066348
   1) jesUp_unc                      = -0.0820939
   2) lumi                           = -0.0758381
   3) pdf_unc                        = -0.0975001
   4) xs_Bkg                         =  -1.23026

Fitting of the signal-plus-background hypothesis done in 0.00158 s
      Evaluation of p-values done in  6.13531 s
	CLs = 0.238693 +/- 0.0250786
      Evaluation of p-values done in  5.92586 s
	CLs = 0.235677 +/- 0.0179903
      Evaluation of p-values done in  5.9261 s
	CLs = 0.234361 +/- 0.0147737
      Evaluation of p-values done in  5.90329 s
	CLs = 0.225196 +/- 0.0124395
      Evaluation of p-values done in  6.1392 s
	CLs = 0.221816 +/- 0.0110349
	CLs      = 0.221816 +/- 0.0110349
	CLb      = 0.3832 +/- 0.00687543
	CLsplusb = 0.085 +/- 0.00394398

Hybrid result saved as HypoTestResult_mh120_r19_1966496689 in higgsCombineTest.HybridNew.mH120.719809680.root : higgsCombineTest.HybridNew.mH120.719809680.root:/toys

 -- Hybrid New -- 
CLs = 0.221816 +/- 0.0110349
Total toys: 10000
Done in 0.00 min (cpu), 0.50 min (real)
