>>> including systematics
>>> using the Profile Likelihood test statistics modified for upper limits (Q_LHC)
>>> method used to compute upper limit is HybridNew
>>> Using OpenSSL to get a really random seed 
>>> Used OpenSSL to get a really random seed -976732248
Adding /uscms_data/d2/lpcljm/sapta/SUSYSearch/LimitSetting/CMSSW_7_1_5/src to include path
Adding /cvmfs/cms.cern.ch/slc6_amd64_gcc481/lcg/roofit/5.34.18-cms3//include to include path
Input workspace 'w': 

RooWorkspace(w) w contents

variables
---------
(jerUp_unc,jerUp_unc_In,jesUp_unc,jesUp_unc_In,lumi,lumi_In,n_obs_binbin1,pdf_unc,pdf_unc_In,r,xs_Bkg,xs_Bkg_In)

p.d.f.s
-------
SimpleGaussianConstraint::jerUp_unc_Pdf[ x=jerUp_unc mean=jerUp_unc_In sigma=1 ] = 1
SimpleGaussianConstraint::jesUp_unc_Pdf[ x=jesUp_unc mean=jesUp_unc_In sigma=1 ] = 1
SimpleGaussianConstraint::lumi_Pdf[ x=lumi mean=lumi_In sigma=1 ] = 1
RooProdPdf::modelObs_b[ pdf_binbin1_bonly ] = 0.0852248
RooProdPdf::modelObs_s[ pdf_binbin1 ] = 0.0734196
RooProdPdf::model_b[ modelObs_b * nuisancePdf ] = 0.0852248
RooProdPdf::model_s[ modelObs_s * nuisancePdf ] = 0.0734196
RooProdPdf::nuisancePdf[ lumi_Pdf * jesUp_unc_Pdf * pdf_unc_Pdf * xs_Bkg_Pdf * jerUp_unc_Pdf ] = 1
RooPoisson::pdf_binbin1[ x=n_obs_binbin1 mean=n_exp_binbin1 ] = 0.0734196
RooPoisson::pdf_binbin1_bonly[ x=n_obs_binbin1 mean=n_exp_binbin1_bonly ] = 0.0852248
SimpleGaussianConstraint::pdf_unc_Pdf[ x=pdf_unc mean=pdf_unc_In sigma=1 ] = 1
SimpleGaussianConstraint::xs_Bkg_Pdf[ x=xs_Bkg mean=xs_Bkg_In sigma=1 ] = 1

functions
--------
RooAddition::n_exp_binbin1[ n_exp_binbin1_proc_BH + n_exp_binbin1_proc_Background ] = 19.3081
RooAddition::n_exp_binbin1_bonly[ n_exp_binbin1_proc_Background ] = 18.3081
ProcessNormalization::n_exp_binbin1_proc_BH[ thetaList=(lumi,jesUp_unc,pdf_unc,jerUp_unc) asymmThetaList=() otherFactorList=(r) ] = 1
ProcessNormalization::n_exp_binbin1_proc_Background[ thetaList=(xs_Bkg) asymmThetaList=() otherFactorList=() ] = 18.3081

datasets
--------
RooDataSet::data_obs(n_obs_binbin1)

named sets
----------
ModelConfig_GlobalObservables:(lumi_In,jesUp_unc_In,pdf_unc_In,xs_Bkg_In,jerUp_unc_In)
ModelConfig_NuisParams:(lumi,jesUp_unc,pdf_unc,xs_Bkg,jerUp_unc)
ModelConfig_Observables:(n_obs_binbin1)
ModelConfig_POI:(r)
ModelConfig_bonly_GlobalObservables:(lumi_In,jesUp_unc_In,pdf_unc_In,xs_Bkg_In,jerUp_unc_In)
ModelConfig_bonly_NuisParams:(lumi,jesUp_unc,pdf_unc,xs_Bkg,jerUp_unc)
ModelConfig_bonly_Observables:(n_obs_binbin1)
ModelConfig_bonly_POI:(r)
POI:(r)
globalObservables:(lumi_In,jesUp_unc_In,pdf_unc_In,xs_Bkg_In,jerUp_unc_In)
nuisances:(lumi,jesUp_unc,pdf_unc,xs_Bkg,jerUp_unc)
observables:(n_obs_binbin1)

generic objects
---------------
RooStats::ModelConfig::ModelConfig
RooStats::ModelConfig::ModelConfig_bonly
RooArgSet::discreteParams

Workspace has a ModelConfig for signal called 'ModelConfig', with contents:

=== Using the following for ModelConfig ===
Observables:             RooArgSet:: = (n_obs_binbin1)
Parameters of Interest:  RooArgSet:: = (r)
Nuisance Parameters:     RooArgSet:: = (lumi,jesUp_unc,pdf_unc,xs_Bkg,jerUp_unc)
Global Observables:      RooArgSet:: = (lumi_In,jesUp_unc_In,pdf_unc_In,xs_Bkg_In,jerUp_unc_In)
PDF:                     RooProdPdf::model_s[ modelObs_s * nuisancePdf ] = 0.0734196

Input ModelConfig 'ModelConfig': 

=== Using the following for ModelConfig ===
Observables:             RooArgSet:: = (n_obs_binbin1)
Parameters of Interest:  RooArgSet:: = (r)
Nuisance Parameters:     RooArgSet:: = (lumi,jesUp_unc,pdf_unc,xs_Bkg,jerUp_unc)
Global Observables:      RooArgSet:: = (lumi_In,jesUp_unc_In,pdf_unc_In,xs_Bkg_In,jerUp_unc_In)
PDF:                     RooProdPdf::model_s[ modelObs_s * nuisancePdf ] = 0.0734196

[#1] INFO:ObjectHandling -- RooWorkspace::import(w) importing RooUniform::prior
Computing limit starting from observation
  1) RooRealVar:: n_obs_binbin1 = 16
Set default minimizer to Minuit2
  r = 23 +/- 0
[#1] INFO:Minization --  Including the following contraint terms in minimization: (nuisancePdf)
[#1] INFO:Fitting -- RooAddition::defaultErrorLevel(nll_model_s_data_obs_with_constr) Summation contains a RooNLLVar, using its error level
Minuit2Minimizer: Minimize with max-calls 2500 convergence for edm < 0.01 strategy 1
MnSeedGenerator: for initial parameters FCN = 7.05716
MnSeedGenerator: Initial state:   - FCN =   7.057155414178 Edm =     0.123731 NCalls =     21
VariableMetric: start iterating until Edm is < 1e-05
VariableMetric: Initial state   - FCN =   7.057155414178 Edm =     0.123731 NCalls =     21
VariableMetric: Iteration #   1 - FCN =   6.929764353745 Edm =  0.000240643 NCalls =     32
VariableMetric: Iteration #   2 - FCN =     6.9295009449 Edm =   5.5639e-07 NCalls =     43
VariableMetric: After Hessian   - FCN =     6.9295009449 Edm =  5.84958e-07 NCalls =     74
Number of iterations 4
----------> Iteration 0
            FVAL = 7.05715541418 Edm = 0.123730669504 Nfcn = 21
            Error matrix change = 1
            Parameters :  p0 = 0 p1 = 0 p2 = 0 p3 = 0 p4 = 0
----------> Iteration 1
            FVAL = 6.92976435375 Edm = 0.000240643445301 Nfcn = 32
            Error matrix change = 0.50083
            Parameters :  p0 = 0 p1 = 0 p2 = 0 p3 = 0 p4 = -0.19236
----------> Iteration 2
            FVAL = 6.9295009449 Edm = 5.56389803182e-07 Nfcn = 43
            Error matrix change = 0.251342
            Parameters :  p0 = 0 p1 = 0 p2 = 0 p3 = 0 p4 = -0.201232
----------> Iteration 3
            FVAL = 6.9295009449 Edm = 5.84957981315e-07 Nfcn = 74
            Error matrix change = 0
            Parameters :  p0 = 0 p1 = 0 p2 = 0 p3 = 0 p4 = -0.201232
Minuit2Minimizer : Valid minimum - status = 0
FVAL  = 6.92950094489999913
Edm   = 5.84957981314930397e-07
Nfcn  = 74
jerUp_unc	  = 0	 +/-  0.996602	(limited)
jesUp_unc	  = 0	 +/-  0.996602	(limited)
lumi	  = 0	 +/-  0.996602	(limited)
pdf_unc	  = 0	 +/-  0.996602	(limited)
xs_Bkg	  = -0.201232	 +/-  0.405232	(limited)
Zero signal fit
   0) jerUp_unc                      =         0
   1) jesUp_unc                      =         0
   2) lumi                           =         0
   3) pdf_unc                        =         0
   4) xs_Bkg                         = -0.201232

Fitting of the background hypothesis done in 0.312878 s
[#1] INFO:Fitting -- RooAddition::defaultErrorLevel(nll_model_s_data_obs_with_constr) Summation contains a RooNLLVar, using its error level
Minuit2Minimizer: Minimize with max-calls 2500 convergence for edm < 0.01 strategy 1
MnSeedGenerator: for initial parameters FCN = 15.8863
MnSeedGenerator: Initial state:   - FCN =   15.88628579175 Edm =      3.60387 NCalls =     21
VariableMetric: start iterating until Edm is < 1e-05
VariableMetric: Initial state   - FCN =   15.88628579175 Edm =      3.60387 NCalls =     21
VariableMetric: Iteration #   1 - FCN =   12.17407962776 Edm =      0.16986 NCalls =     32
VariableMetric: Iteration #   2 - FCN =   11.88727417612 Edm =   0.00555053 NCalls =     44
VariableMetric: Iteration #   3 - FCN =   11.87998391876 Edm =  8.79433e-06 NCalls =     56
VariableMetric: Iteration #   4 - FCN =   11.87997446453 Edm =  2.69993e-10 NCalls =     68
VariableMetric: After Hessian   - FCN =   11.87997446453 Edm =  2.79944e-10 NCalls =    101
Number of iterations 6
----------> Iteration 0
            FVAL = 15.8862857918 Edm = 3.60386579669 Nfcn = 21
            Error matrix change = 1
            Parameters :  p0 = 0 p1 = 0 p2 = 0 p3 = 0 p4 = -0.201232
----------> Iteration 1
            FVAL = 12.1740796278 Edm = 0.169860463319 Nfcn = 32
            Error matrix change = 0.554804
            Parameters :  p0 = -0.519662 p1 = -0.636207 p2 = -0.590413 p3 = -0.745582 p4 = -1.25915
----------> Iteration 2
            FVAL = 11.8872741761 Edm = 0.00555053496149 Nfcn = 44
            Error matrix change = 0.311083
            Parameters :  p0 = -0.323001 p1 = -0.410975 p2 = -0.375333 p3 = -0.502701 p4 = -1.64658
----------> Iteration 3
            FVAL = 11.8799839188 Edm = 8.7943339791e-06 Nfcn = 56
            Error matrix change = 0.182997
            Parameters :  p0 = -0.360517 p1 = -0.446935 p2 = -0.412521 p3 = -0.532264 p4 = -1.70362
----------> Iteration 4
            FVAL = 11.8799744645 Edm = 2.69992719534e-10 Nfcn = 68
            Error matrix change = 0.104088
            Parameters :  p0 = -0.35827 p1 = -0.445717 p2 = -0.410843 p3 = -0.532284 p4 = -1.70574
----------> Iteration 5
            FVAL = 11.8799744645 Edm = 2.79943966304e-10 Nfcn = 101
            Error matrix change = 0
            Parameters :  p0 = -0.35827 p1 = -0.445717 p2 = -0.410843 p3 = -0.532284 p4 = -1.70574
Minuit2Minimizer : Valid minimum - status = 0
FVAL  = 11.8799744645265175
Edm   = 2.79943966303943425e-10
Nfcn  = 101
jerUp_unc	  = -0.35827	 +/-  0.985434	(limited)
jesUp_unc	  = -0.445717	 +/-  0.979265	(limited)
lumi	  = -0.410843	 +/-  0.981891	(limited)
pdf_unc	  = -0.532284	 +/-  0.971778	(limited)
xs_Bkg	  = -1.70574	 +/-  0.666906	(limited)
Reference signal fit
   0) jerUp_unc                      =  -0.35827
   1) jesUp_unc                      = -0.445717
   2) lumi                           = -0.410843
   3) pdf_unc                        = -0.532284
   4) xs_Bkg                         =  -1.70574

Fitting of the signal-plus-background hypothesis done in 0.002527 s
      Evaluation of p-values done in  6.01967 s
	CLs = 0 +/- 0
      Evaluation of p-values done in  5.78512 s
	CLs = 0.00230947 +/- 0.00163329
      Evaluation of p-values done in  5.62862 s
	CLs = 0.00230769 +/- 0.00133255
      Evaluation of p-values done in  5.75106 s
	CLs = 0.00170551 +/- 0.00098478
      Evaluation of p-values done in  5.83972 s
	CLs = 0.0022686 +/- 0.00101469
	CLs      = 0.0022686 +/- 0.00101469
	CLb      = 0.4408 +/- 0.00702133
	CLsplusb = 0.001 +/- 0.00044699

Hybrid result saved as HypoTestResult_mh120_r23_4266033110 in higgsCombineTest.HybridNew.mH120.-976732248.root : higgsCombineTest.HybridNew.mH120.-976732248.root:/toys

 -- Hybrid New -- 
CLs = 0.0022686 +/- 0.00101469
Total toys: 10000
Done in 0.00 min (cpu), 0.49 min (real)
