>>> including systematics
>>> using the Profile Likelihood test statistics modified for upper limits (Q_LHC)
>>> method used to compute upper limit is HybridNew
>>> Using OpenSSL to get a really random seed 
>>> Used OpenSSL to get a really random seed -1763055539
Adding /uscms_data/d2/lpcljm/sapta/SUSYSearch/LimitSetting/CMSSW_7_1_5/src to include path
Adding /cvmfs/cms.cern.ch/slc6_amd64_gcc481/lcg/roofit/5.34.18-cms3//include to include path
Input workspace 'w': 

RooWorkspace(w) w contents

variables
---------
(jerUp_unc,jerUp_unc_In,jesUp_unc,jesUp_unc_In,lumi,lumi_In,n_obs_binbin1,pdf_unc,pdf_unc_In,r,xs_Bkg,xs_Bkg_In)

p.d.f.s
-------
SimpleGaussianConstraint::jerUp_unc_Pdf[ x=jerUp_unc mean=jerUp_unc_In sigma=1 ] = 1
SimpleGaussianConstraint::jesUp_unc_Pdf[ x=jesUp_unc mean=jesUp_unc_In sigma=1 ] = 1
SimpleGaussianConstraint::lumi_Pdf[ x=lumi mean=lumi_In sigma=1 ] = 1
RooProdPdf::modelObs_b[ pdf_binbin1_bonly ] = 0.0852248
RooProdPdf::modelObs_s[ pdf_binbin1 ] = 0.0734196
RooProdPdf::model_b[ modelObs_b * nuisancePdf ] = 0.0852248
RooProdPdf::model_s[ modelObs_s * nuisancePdf ] = 0.0734196
RooProdPdf::nuisancePdf[ lumi_Pdf * jesUp_unc_Pdf * pdf_unc_Pdf * xs_Bkg_Pdf * jerUp_unc_Pdf ] = 1
RooPoisson::pdf_binbin1[ x=n_obs_binbin1 mean=n_exp_binbin1 ] = 0.0734196
RooPoisson::pdf_binbin1_bonly[ x=n_obs_binbin1 mean=n_exp_binbin1_bonly ] = 0.0852248
SimpleGaussianConstraint::pdf_unc_Pdf[ x=pdf_unc mean=pdf_unc_In sigma=1 ] = 1
SimpleGaussianConstraint::xs_Bkg_Pdf[ x=xs_Bkg mean=xs_Bkg_In sigma=1 ] = 1

functions
--------
RooAddition::n_exp_binbin1[ n_exp_binbin1_proc_BH + n_exp_binbin1_proc_Background ] = 19.3081
RooAddition::n_exp_binbin1_bonly[ n_exp_binbin1_proc_Background ] = 18.3081
ProcessNormalization::n_exp_binbin1_proc_BH[ thetaList=(lumi,jesUp_unc,pdf_unc,jerUp_unc) asymmThetaList=() otherFactorList=(r) ] = 1
ProcessNormalization::n_exp_binbin1_proc_Background[ thetaList=(xs_Bkg) asymmThetaList=() otherFactorList=() ] = 18.3081

datasets
--------
RooDataSet::data_obs(n_obs_binbin1)

named sets
----------
ModelConfig_GlobalObservables:(lumi_In,jesUp_unc_In,pdf_unc_In,xs_Bkg_In,jerUp_unc_In)
ModelConfig_NuisParams:(lumi,jesUp_unc,pdf_unc,xs_Bkg,jerUp_unc)
ModelConfig_Observables:(n_obs_binbin1)
ModelConfig_POI:(r)
ModelConfig_bonly_GlobalObservables:(lumi_In,jesUp_unc_In,pdf_unc_In,xs_Bkg_In,jerUp_unc_In)
ModelConfig_bonly_NuisParams:(lumi,jesUp_unc,pdf_unc,xs_Bkg,jerUp_unc)
ModelConfig_bonly_Observables:(n_obs_binbin1)
ModelConfig_bonly_POI:(r)
POI:(r)
globalObservables:(lumi_In,jesUp_unc_In,pdf_unc_In,xs_Bkg_In,jerUp_unc_In)
nuisances:(lumi,jesUp_unc,pdf_unc,xs_Bkg,jerUp_unc)
observables:(n_obs_binbin1)

generic objects
---------------
RooStats::ModelConfig::ModelConfig
RooStats::ModelConfig::ModelConfig_bonly
RooArgSet::discreteParams

Workspace has a ModelConfig for signal called 'ModelConfig', with contents:

=== Using the following for ModelConfig ===
Observables:             RooArgSet:: = (n_obs_binbin1)
Parameters of Interest:  RooArgSet:: = (r)
Nuisance Parameters:     RooArgSet:: = (lumi,jesUp_unc,pdf_unc,xs_Bkg,jerUp_unc)
Global Observables:      RooArgSet:: = (lumi_In,jesUp_unc_In,pdf_unc_In,xs_Bkg_In,jerUp_unc_In)
PDF:                     RooProdPdf::model_s[ modelObs_s * nuisancePdf ] = 0.0734196

Input ModelConfig 'ModelConfig': 

=== Using the following for ModelConfig ===
Observables:             RooArgSet:: = (n_obs_binbin1)
Parameters of Interest:  RooArgSet:: = (r)
Nuisance Parameters:     RooArgSet:: = (lumi,jesUp_unc,pdf_unc,xs_Bkg,jerUp_unc)
Global Observables:      RooArgSet:: = (lumi_In,jesUp_unc_In,pdf_unc_In,xs_Bkg_In,jerUp_unc_In)
PDF:                     RooProdPdf::model_s[ modelObs_s * nuisancePdf ] = 0.0734196

[#1] INFO:ObjectHandling -- RooWorkspace::import(w) importing RooUniform::prior
Computing limit starting from observation
  1) RooRealVar:: n_obs_binbin1 = 16
Set default minimizer to Minuit2
  r = 25 +/- 0
[#1] INFO:Minization --  Including the following contraint terms in minimization: (nuisancePdf)
[#1] INFO:Fitting -- RooAddition::defaultErrorLevel(nll_model_s_data_obs_with_constr) Summation contains a RooNLLVar, using its error level
Minuit2Minimizer: Minimize with max-calls 2500 convergence for edm < 0.01 strategy 1
MnSeedGenerator: for initial parameters FCN = 7.05716
MnSeedGenerator: Initial state:   - FCN =   7.057155414178 Edm =     0.123731 NCalls =     21
VariableMetric: start iterating until Edm is < 1e-05
VariableMetric: Initial state   - FCN =   7.057155414178 Edm =     0.123731 NCalls =     21
VariableMetric: Iteration #   1 - FCN =   6.929764353745 Edm =  0.000240643 NCalls =     32
VariableMetric: Iteration #   2 - FCN =     6.9295009449 Edm =   5.5639e-07 NCalls =     43
VariableMetric: After Hessian   - FCN =     6.9295009449 Edm =  5.84958e-07 NCalls =     74
Number of iterations 4
----------> Iteration 0
            FVAL = 7.05715541418 Edm = 0.123730669504 Nfcn = 21
            Error matrix change = 1
            Parameters :  p0 = 0 p1 = 0 p2 = 0 p3 = 0 p4 = 0
----------> Iteration 1
            FVAL = 6.92976435375 Edm = 0.000240643445301 Nfcn = 32
            Error matrix change = 0.50083
            Parameters :  p0 = 0 p1 = 0 p2 = 0 p3 = 0 p4 = -0.19236
----------> Iteration 2
            FVAL = 6.9295009449 Edm = 5.56389803182e-07 Nfcn = 43
            Error matrix change = 0.251342
            Parameters :  p0 = 0 p1 = 0 p2 = 0 p3 = 0 p4 = -0.201232
----------> Iteration 3
            FVAL = 6.9295009449 Edm = 5.84957981315e-07 Nfcn = 74
            Error matrix change = 0
            Parameters :  p0 = 0 p1 = 0 p2 = 0 p3 = 0 p4 = -0.201232
Minuit2Minimizer : Valid minimum - status = 0
FVAL  = 6.92950094489999913
Edm   = 5.84957981314930397e-07
Nfcn  = 74
jerUp_unc	  = 0	 +/-  0.996602	(limited)
jesUp_unc	  = 0	 +/-  0.996602	(limited)
lumi	  = 0	 +/-  0.996602	(limited)
pdf_unc	  = 0	 +/-  0.996602	(limited)
xs_Bkg	  = -0.201232	 +/-  0.405232	(limited)
Zero signal fit
   0) jerUp_unc                      =         0
   1) jesUp_unc                      =         0
   2) lumi                           =         0
   3) pdf_unc                        =         0
   4) xs_Bkg                         = -0.201232

Fitting of the background hypothesis done in 0.309899 s
[#1] INFO:Fitting -- RooAddition::defaultErrorLevel(nll_model_s_data_obs_with_constr) Summation contains a RooNLLVar, using its error level
Minuit2Minimizer: Minimize with max-calls 2500 convergence for edm < 0.01 strategy 1
MnSeedGenerator: for initial parameters FCN = 17.0934
MnSeedGenerator: Initial state:   - FCN =   17.09337473238 Edm =      3.99757 NCalls =     21
VariableMetric: start iterating until Edm is < 1e-05
VariableMetric: Initial state   - FCN =   17.09337473238 Edm =      3.99757 NCalls =     21
VariableMetric: Iteration #   1 - FCN =   13.01895404894 Edm =     0.189827 NCalls =     32
VariableMetric: Iteration #   2 - FCN =    12.7026772995 Edm =   0.00662151 NCalls =     44
VariableMetric: Iteration #   3 - FCN =    12.6939084645 Edm =  1.16914e-05 NCalls =     56
VariableMetric: Iteration #   4 - FCN =   12.69389586171 Edm =  5.59188e-10 NCalls =     68
VariableMetric: After Hessian   - FCN =   12.69389586171 Edm =  5.91157e-10 NCalls =    101
Number of iterations 6
----------> Iteration 0
            FVAL = 17.0933747324 Edm = 3.99757172265 Nfcn = 21
            Error matrix change = 1
            Parameters :  p0 = 0 p1 = 0 p2 = 0 p3 = 0 p4 = -0.201232
----------> Iteration 1
            FVAL = 13.0189540489 Edm = 0.18982729302 Nfcn = 32
            Error matrix change = 0.556649
            Parameters :  p0 = -0.581624 p1 = -0.710843 p2 = -0.660153 p3 = -0.831394 p4 = -1.29084
----------> Iteration 2
            FVAL = 12.7026772995 Edm = 0.00662150516712 Nfcn = 44
            Error matrix change = 0.313224
            Parameters :  p0 = -0.36902 p1 = -0.470086 p2 = -0.429124 p3 = -0.575508 p4 = -1.69201
----------> Iteration 3
            FVAL = 12.6939084645 Edm = 1.16914138089e-05 Nfcn = 56
            Error matrix change = 0.185715
            Parameters :  p0 = -0.410735 p1 = -0.509091 p2 = -0.469918 p3 = -0.606292 p4 = -1.75507
----------> Iteration 4
            FVAL = 12.6938958617 Edm = 5.59187617214e-10 Nfcn = 68
            Error matrix change = 0.106269
            Parameters :  p0 = -0.408133 p1 = -0.507745 p2 = -0.468021 p3 = -0.606345 p4 = -1.75755
----------> Iteration 5
            FVAL = 12.6938958617 Edm = 5.91156721713e-10 Nfcn = 101
            Error matrix change = 0
            Parameters :  p0 = -0.408133 p1 = -0.507745 p2 = -0.468021 p3 = -0.606345 p4 = -1.75755
Minuit2Minimizer : Valid minimum - status = 0
FVAL  = 12.693895861711356
Edm   = 5.91156721712683168e-10
Nfcn  = 101
jerUp_unc	  = -0.408133	 +/-  0.984393	(limited)
jesUp_unc	  = -0.507745	 +/-  0.977643	(limited)
lumi	  = -0.468021	 +/-  0.980517	(limited)
pdf_unc	  = -0.606345	 +/-  0.969446	(limited)
xs_Bkg	  = -1.75755	 +/-  0.668815	(limited)
Reference signal fit
   0) jerUp_unc                      = -0.408133
   1) jesUp_unc                      = -0.507745
   2) lumi                           = -0.468021
   3) pdf_unc                        = -0.606345
   4) xs_Bkg                         =  -1.75755

Fitting of the signal-plus-background hypothesis done in 0.0024271 s
      Evaluation of p-values done in  5.99531 s
	CLs = 0 +/- 0
      Evaluation of p-values done in  5.83831 s
	CLs = 0.00109769 +/- 0.00109775
      Evaluation of p-values done in  5.71231 s
	CLs = 0.000733138 +/- 0.000733162
      Evaluation of p-values done in  5.86339 s
	CLs = 0.000545256 +/- 0.000545269
      Evaluation of p-values done in  5.82481 s
	CLs = 0.000445236 +/- 0.000445246
	CLs      = 0.000445236 +/- 0.000445246
	CLb      = 0.4492 +/- 0.00703448
	CLsplusb = 0.0002 +/- 0.00019998

Hybrid result saved as HypoTestResult_mh120_r25_136142337 in higgsCombineTest.HybridNew.mH120.-1763055539.root : higgsCombineTest.HybridNew.mH120.-1763055539.root:/toys

 -- Hybrid New -- 
CLs = 0.000445236 +/- 0.000445246
Total toys: 10000
Done in 0.00 min (cpu), 0.49 min (real)
