>>> including systematics
>>> using the Profile Likelihood test statistics modified for upper limits (Q_LHC)
>>> method used to compute upper limit is HybridNew
>>> Using OpenSSL to get a really random seed 
>>> Used OpenSSL to get a really random seed -1153439167
Adding /uscms_data/d2/lpcljm/sapta/SUSYSearch/LimitSetting/CMSSW_7_1_5/src to include path
Adding /cvmfs/cms.cern.ch/slc6_amd64_gcc481/lcg/roofit/5.34.18-cms3//include to include path
Input workspace 'w': 

RooWorkspace(w) w contents

variables
---------
(jerUp_unc,jerUp_unc_In,jesUp_unc,jesUp_unc_In,lumi,lumi_In,n_obs_binbin1,pdf_unc,pdf_unc_In,r,xs_Bkg,xs_Bkg_In)

p.d.f.s
-------
SimpleGaussianConstraint::jerUp_unc_Pdf[ x=jerUp_unc mean=jerUp_unc_In sigma=1 ] = 1
SimpleGaussianConstraint::jesUp_unc_Pdf[ x=jesUp_unc mean=jesUp_unc_In sigma=1 ] = 1
SimpleGaussianConstraint::lumi_Pdf[ x=lumi mean=lumi_In sigma=1 ] = 1
RooProdPdf::modelObs_b[ pdf_binbin1_bonly ] = 0.0300624
RooProdPdf::modelObs_s[ pdf_binbin1 ] = 0.0255328
RooProdPdf::model_b[ modelObs_b * nuisancePdf ] = 0.0300624
RooProdPdf::model_s[ modelObs_s * nuisancePdf ] = 0.0255328
RooProdPdf::nuisancePdf[ lumi_Pdf * jesUp_unc_Pdf * pdf_unc_Pdf * xs_Bkg_Pdf * jerUp_unc_Pdf ] = 1
RooPoisson::pdf_binbin1[ x=n_obs_binbin1 mean=n_exp_binbin1 ] = 0.0255328
RooPoisson::pdf_binbin1_bonly[ x=n_obs_binbin1 mean=n_exp_binbin1_bonly ] = 0.0300624
SimpleGaussianConstraint::pdf_unc_Pdf[ x=pdf_unc mean=pdf_unc_In sigma=1 ] = 1
SimpleGaussianConstraint::xs_Bkg_Pdf[ x=xs_Bkg mean=xs_Bkg_In sigma=1 ] = 1

functions
--------
RooAddition::n_exp_binbin1[ n_exp_binbin1_proc_BH + n_exp_binbin1_proc_Background ] = 54.2851
RooAddition::n_exp_binbin1_bonly[ n_exp_binbin1_proc_Background ] = 53.2851
ProcessNormalization::n_exp_binbin1_proc_BH[ thetaList=(lumi,jesUp_unc,pdf_unc,jerUp_unc) asymmThetaList=() otherFactorList=(r) ] = 1
ProcessNormalization::n_exp_binbin1_proc_Background[ thetaList=(xs_Bkg) asymmThetaList=() otherFactorList=() ] = 53.2851

datasets
--------
RooDataSet::data_obs(n_obs_binbin1)

named sets
----------
ModelConfig_GlobalObservables:(lumi_In,jesUp_unc_In,pdf_unc_In,xs_Bkg_In,jerUp_unc_In)
ModelConfig_NuisParams:(lumi,jesUp_unc,pdf_unc,xs_Bkg,jerUp_unc)
ModelConfig_Observables:(n_obs_binbin1)
ModelConfig_POI:(r)
ModelConfig_bonly_GlobalObservables:(lumi_In,jesUp_unc_In,pdf_unc_In,xs_Bkg_In,jerUp_unc_In)
ModelConfig_bonly_NuisParams:(lumi,jesUp_unc,pdf_unc,xs_Bkg,jerUp_unc)
ModelConfig_bonly_Observables:(n_obs_binbin1)
ModelConfig_bonly_POI:(r)
POI:(r)
globalObservables:(lumi_In,jesUp_unc_In,pdf_unc_In,xs_Bkg_In,jerUp_unc_In)
nuisances:(lumi,jesUp_unc,pdf_unc,xs_Bkg,jerUp_unc)
observables:(n_obs_binbin1)

generic objects
---------------
RooStats::ModelConfig::ModelConfig
RooStats::ModelConfig::ModelConfig_bonly
RooArgSet::discreteParams

Workspace has a ModelConfig for signal called 'ModelConfig', with contents:

=== Using the following for ModelConfig ===
Observables:             RooArgSet:: = (n_obs_binbin1)
Parameters of Interest:  RooArgSet:: = (r)
Nuisance Parameters:     RooArgSet:: = (lumi,jesUp_unc,pdf_unc,xs_Bkg,jerUp_unc)
Global Observables:      RooArgSet:: = (lumi_In,jesUp_unc_In,pdf_unc_In,xs_Bkg_In,jerUp_unc_In)
PDF:                     RooProdPdf::model_s[ modelObs_s * nuisancePdf ] = 0.0255328

Input ModelConfig 'ModelConfig': 

=== Using the following for ModelConfig ===
Observables:             RooArgSet:: = (n_obs_binbin1)
Parameters of Interest:  RooArgSet:: = (r)
Nuisance Parameters:     RooArgSet:: = (lumi,jesUp_unc,pdf_unc,xs_Bkg,jerUp_unc)
Global Observables:      RooArgSet:: = (lumi_In,jesUp_unc_In,pdf_unc_In,xs_Bkg_In,jerUp_unc_In)
PDF:                     RooProdPdf::model_s[ modelObs_s * nuisancePdf ] = 0.0255328

[#1] INFO:ObjectHandling -- RooWorkspace::import(w) importing RooUniform::prior
Computing limit starting from observation
  1) RooRealVar:: n_obs_binbin1 = 45
Set default minimizer to Minuit2
  r = 30 +/- 0
[#1] INFO:Minization --  Including the following contraint terms in minimization: (nuisancePdf)
[#1] INFO:Fitting -- RooAddition::defaultErrorLevel(nll_model_s_data_obs_with_constr) Summation contains a RooNLLVar, using its error level
Minuit2Minimizer: Minimize with max-calls 2500 convergence for edm < 0.01 strategy 1
MnSeedGenerator: for initial parameters FCN = 8.09917
MnSeedGenerator: Initial state:   - FCN =   8.099172898401 Edm =     0.588941 NCalls =     21
VariableMetric: start iterating until Edm is < 1e-05
VariableMetric: Initial state   - FCN =   8.099172898401 Edm =     0.588941 NCalls =     21
VariableMetric: Iteration #   1 - FCN =   7.485619365648 Edm =   0.00228289 NCalls =     32
VariableMetric: Iteration #   2 - FCN =   7.483008555282 Edm =  7.96503e-09 NCalls =     44
VariableMetric: After Hessian   - FCN =   7.483008555282 Edm =  8.58624e-09 NCalls =     75
Number of iterations 4
----------> Iteration 0
            FVAL = 8.0991728984 Edm = 0.588941499353 Nfcn = 21
            Error matrix change = 1
            Parameters :  p0 = 0 p1 = 0 p2 = 0 p3 = 0 p4 = 0
----------> Iteration 1
            FVAL = 7.48561936565 Edm = 0.00228288521164 Nfcn = 32
            Error matrix change = 0.500695
            Parameters :  p0 = 0 p1 = 0 p2 = 0 p3 = 0 p4 = -0.317517
----------> Iteration 2
            FVAL = 7.48300855528 Edm = 7.96502507491e-09 Nfcn = 44
            Error matrix change = 0.251174
            Parameters :  p0 = 0 p1 = 0 p2 = 0 p3 = 0 p4 = -0.340103
----------> Iteration 3
            FVAL = 7.48300855528 Edm = 8.58623519019e-09 Nfcn = 75
            Error matrix change = 0
            Parameters :  p0 = 0 p1 = 0 p2 = 0 p3 = 0 p4 = -0.340103
Minuit2Minimizer : Valid minimum - status = 0
FVAL  = 7.48300855528180353
Edm   = 8.58623519018588795e-09
Nfcn  = 75
jerUp_unc	  = 0	 +/-  0.996602	(limited)
jesUp_unc	  = 0	 +/-  0.996602	(limited)
lumi	  = 0	 +/-  0.996602	(limited)
pdf_unc	  = 0	 +/-  0.996602	(limited)
xs_Bkg	  = -0.340103	 +/-  0.313501	(limited)
Zero signal fit
   0) jerUp_unc                      =         0
   1) jesUp_unc                      =         0
   2) lumi                           =         0
   3) pdf_unc                        =         0
   4) xs_Bkg                         = -0.340103

Fitting of the background hypothesis done in 0.296852 s
[#1] INFO:Fitting -- RooAddition::defaultErrorLevel(nll_model_s_data_obs_with_constr) Summation contains a RooNLLVar, using its error level
Minuit2Minimizer: Minimize with max-calls 2500 convergence for edm < 0.01 strategy 1
MnSeedGenerator: for initial parameters FCN = 14.7961
MnSeedGenerator: Initial state:   - FCN =   14.79610513172 Edm =      4.60382 NCalls =     21
VariableMetric: start iterating until Edm is < 1e-05
VariableMetric: Initial state   - FCN =   14.79610513172 Edm =      4.60382 NCalls =     21
VariableMetric: Iteration #   1 - FCN =   10.16104255941 Edm =     0.276589 NCalls =     32
VariableMetric: Iteration #   2 - FCN =   9.713140903359 Edm =     0.011372 NCalls =     44
VariableMetric: Iteration #   3 - FCN =   9.697231048053 Edm =  3.36385e-05 NCalls =     56
VariableMetric: Iteration #   4 - FCN =   9.697194390186 Edm =  1.60393e-09 NCalls =     68
VariableMetric: After Hessian   - FCN =   9.697194390186 Edm =  1.64858e-09 NCalls =     99
Number of iterations 6
----------> Iteration 0
            FVAL = 14.7961051317 Edm = 4.60382409182 Nfcn = 21
            Error matrix change = 1
            Parameters :  p0 = 0 p1 = 0 p2 = 0 p3 = 0 p4 = -0.340103
----------> Iteration 1
            FVAL = 10.1610425594 Edm = 0.276588564229 Nfcn = 32
            Error matrix change = 0.559946
            Parameters :  p0 = -0.463667 p1 = -0.567654 p2 = -0.526795 p3 = -0.665238 p4 = -1.32216
----------> Iteration 2
            FVAL = 9.71314090336 Edm = 0.0113719572367 Nfcn = 44
            Error matrix change = 0.325898
            Parameters :  p0 = -0.141162 p1 = -0.186454 p2 = -0.167712 p3 = -0.237025 p4 = -1.64945
----------> Iteration 3
            FVAL = 9.69723104805 Edm = 3.36385495435e-05 Nfcn = 56
            Error matrix change = 0.180332
            Parameters :  p0 = -0.181552 p1 = -0.223071 p2 = -0.206636 p3 = -0.263354 p4 = -1.72321
----------> Iteration 4
            FVAL = 9.69719439019 Edm = 1.60392938602e-09 Nfcn = 68
            Error matrix change = 0.103007
            Parameters :  p0 = -0.176828 p1 = -0.220027 p2 = -0.202804 p3 = -0.262724 p4 = -1.72647
----------> Iteration 5
            FVAL = 9.69719439019 Edm = 1.64857790842e-09 Nfcn = 99
            Error matrix change = 0
            Parameters :  p0 = -0.176828 p1 = -0.220027 p2 = -0.202804 p3 = -0.262724 p4 = -1.72647
Minuit2Minimizer : Valid minimum - status = 0
FVAL  = 9.69719439018594187
Edm   = 1.64857790842078142e-09
Nfcn  = 99
jerUp_unc	  = -0.176828	 +/-  0.989108	(limited)
jesUp_unc	  = -0.220027	 +/-  0.984981	(limited)
lumi	  = -0.202804	 +/-  0.986737	(limited)
pdf_unc	  = -0.262724	 +/-  0.979983	(limited)
xs_Bkg	  = -1.72647	 +/-  0.534878	(limited)
Reference signal fit
   0) jerUp_unc                      = -0.176828
   1) jesUp_unc                      = -0.220027
   2) lumi                           = -0.202804
   3) pdf_unc                        = -0.262724
   4) xs_Bkg                         =  -1.72647

Fitting of the signal-plus-background hypothesis done in 0.00237489 s
      Evaluation of p-values done in  5.98343 s
	CLs = 0.0382653 +/- 0.00992081
      Evaluation of p-values done in  5.97908 s
	CLs = 0.0362694 +/- 0.00688256
      Evaluation of p-values done in  5.98855 s
	CLs = 0.0426458 +/- 0.00612258
      Evaluation of p-values done in  6.00088 s
	CLs = 0.0426789 +/- 0.00532054
      Evaluation of p-values done in  6.03407 s
	CLs = 0.0435467 +/- 0.00480454
	CLs      = 0.0435467 +/- 0.00480454
	CLb      = 0.3812 +/- 0.00686857
	CLsplusb = 0.0166 +/- 0.0018069

Hybrid result saved as HypoTestResult_mh120_r30_98697862 in higgsCombineTest.HybridNew.mH120.-1153439167.root : higgsCombineTest.HybridNew.mH120.-1153439167.root:/toys

 -- Hybrid New -- 
CLs = 0.0435467 +/- 0.00480454
Total toys: 10000
Done in 0.00 min (cpu), 0.51 min (real)
