>>> including systematics
>>> using the Profile Likelihood test statistics modified for upper limits (Q_LHC)
>>> method used to compute upper limit is HybridNew
>>> Using OpenSSL to get a really random seed 
>>> Used OpenSSL to get a really random seed 1239340944
Adding /uscms_data/d2/lpcljm/sapta/SUSYSearch/LimitSetting/CMSSW_7_1_5/src to include path
Adding /cvmfs/cms.cern.ch/slc6_amd64_gcc481/lcg/roofit/5.34.18-cms3//include to include path
Input workspace 'w': 

RooWorkspace(w) w contents

variables
---------
(jerUp_unc,jerUp_unc_In,jesUp_unc,jesUp_unc_In,lumi,lumi_In,n_obs_binbin1,pdf_unc,pdf_unc_In,r,xs_Bkg,xs_Bkg_In)

p.d.f.s
-------
SimpleGaussianConstraint::jerUp_unc_Pdf[ x=jerUp_unc mean=jerUp_unc_In sigma=1 ] = 1
SimpleGaussianConstraint::jesUp_unc_Pdf[ x=jesUp_unc mean=jesUp_unc_In sigma=1 ] = 1
SimpleGaussianConstraint::lumi_Pdf[ x=lumi mean=lumi_In sigma=1 ] = 1
RooProdPdf::modelObs_b[ pdf_binbin1_bonly ] = 0.00574904
RooProdPdf::modelObs_s[ pdf_binbin1 ] = 0.00496779
RooProdPdf::model_b[ modelObs_b * nuisancePdf ] = 0.00574904
RooProdPdf::model_s[ modelObs_s * nuisancePdf ] = 0.00496779
RooProdPdf::nuisancePdf[ lumi_Pdf * jesUp_unc_Pdf * pdf_unc_Pdf * xs_Bkg_Pdf * jerUp_unc_Pdf ] = 1
RooPoisson::pdf_binbin1[ x=n_obs_binbin1 mean=n_exp_binbin1 ] = 0.00496779
RooPoisson::pdf_binbin1_bonly[ x=n_obs_binbin1 mean=n_exp_binbin1_bonly ] = 0.00574904
SimpleGaussianConstraint::pdf_unc_Pdf[ x=pdf_unc mean=pdf_unc_In sigma=1 ] = 1
SimpleGaussianConstraint::xs_Bkg_Pdf[ x=xs_Bkg mean=xs_Bkg_In sigma=1 ] = 1

functions
--------
RooAddition::n_exp_binbin1[ n_exp_binbin1_proc_BH + n_exp_binbin1_proc_Background ] = 164.446
RooAddition::n_exp_binbin1_bonly[ n_exp_binbin1_proc_Background ] = 163.446
ProcessNormalization::n_exp_binbin1_proc_BH[ thetaList=(lumi,jesUp_unc,pdf_unc,jerUp_unc) asymmThetaList=() otherFactorList=(r) ] = 1
ProcessNormalization::n_exp_binbin1_proc_Background[ thetaList=(xs_Bkg) asymmThetaList=() otherFactorList=() ] = 163.446

datasets
--------
RooDataSet::data_obs(n_obs_binbin1)

named sets
----------
ModelConfig_GlobalObservables:(lumi_In,jesUp_unc_In,pdf_unc_In,xs_Bkg_In,jerUp_unc_In)
ModelConfig_NuisParams:(lumi,jesUp_unc,pdf_unc,xs_Bkg,jerUp_unc)
ModelConfig_Observables:(n_obs_binbin1)
ModelConfig_POI:(r)
ModelConfig_bonly_GlobalObservables:(lumi_In,jesUp_unc_In,pdf_unc_In,xs_Bkg_In,jerUp_unc_In)
ModelConfig_bonly_NuisParams:(lumi,jesUp_unc,pdf_unc,xs_Bkg,jerUp_unc)
ModelConfig_bonly_Observables:(n_obs_binbin1)
ModelConfig_bonly_POI:(r)
POI:(r)
globalObservables:(lumi_In,jesUp_unc_In,pdf_unc_In,xs_Bkg_In,jerUp_unc_In)
nuisances:(lumi,jesUp_unc,pdf_unc,xs_Bkg,jerUp_unc)
observables:(n_obs_binbin1)

generic objects
---------------
RooStats::ModelConfig::ModelConfig
RooStats::ModelConfig::ModelConfig_bonly
RooArgSet::discreteParams

Workspace has a ModelConfig for signal called 'ModelConfig', with contents:

=== Using the following for ModelConfig ===
Observables:             RooArgSet:: = (n_obs_binbin1)
Parameters of Interest:  RooArgSet:: = (r)
Nuisance Parameters:     RooArgSet:: = (lumi,jesUp_unc,pdf_unc,xs_Bkg,jerUp_unc)
Global Observables:      RooArgSet:: = (lumi_In,jesUp_unc_In,pdf_unc_In,xs_Bkg_In,jerUp_unc_In)
PDF:                     RooProdPdf::model_s[ modelObs_s * nuisancePdf ] = 0.00496779

Input ModelConfig 'ModelConfig': 

=== Using the following for ModelConfig ===
Observables:             RooArgSet:: = (n_obs_binbin1)
Parameters of Interest:  RooArgSet:: = (r)
Nuisance Parameters:     RooArgSet:: = (lumi,jesUp_unc,pdf_unc,xs_Bkg,jerUp_unc)
Global Observables:      RooArgSet:: = (lumi_In,jesUp_unc_In,pdf_unc_In,xs_Bkg_In,jerUp_unc_In)
PDF:                     RooProdPdf::model_s[ modelObs_s * nuisancePdf ] = 0.00496779

[#1] INFO:ObjectHandling -- RooWorkspace::import(w) importing RooUniform::prior
Computing limit starting from observation
  1) RooRealVar:: n_obs_binbin1 = 140
Set default minimizer to Minuit2
  r = 30 +/- 0
[#1] INFO:Minization --  Including the following contraint terms in minimization: (nuisancePdf)
[#1] INFO:Fitting -- RooAddition::defaultErrorLevel(nll_model_s_data_obs_with_constr) Summation contains a RooNLLVar, using its error level
Minuit2Minimizer: Minimize with max-calls 2500 convergence for edm < 0.01 strategy 1
MnSeedGenerator: for initial parameters FCN = 9.75341
MnSeedGenerator: Initial state:   - FCN =   9.753414335195 Edm =      1.59473 NCalls =     21
VariableMetric: start iterating until Edm is < 1e-05
VariableMetric: Initial state   - FCN =   9.753414335195 Edm =      1.59473 NCalls =     21
VariableMetric: Iteration #   1 - FCN =    8.09248621602 Edm =   0.00614251 NCalls =     32
VariableMetric: Iteration #   2 - FCN =   8.085456958466 Edm =  2.25229e-08 NCalls =     44
VariableMetric: After Hessian   - FCN =   8.085456958466 Edm =  2.43216e-08 NCalls =     75
Number of iterations 4
----------> Iteration 0
            FVAL = 9.7534143352 Edm = 1.59473354779 Nfcn = 21
            Error matrix change = 1
            Parameters :  p0 = 0 p1 = 0 p2 = 0 p3 = 0 p4 = 0
----------> Iteration 1
            FVAL = 8.09248621602 Edm = 0.0061425118635 Nfcn = 32
            Error matrix change = 0.500422
            Parameters :  p0 = 0 p1 = 0 p2 = 0 p3 = 0 p4 = -0.405768
----------> Iteration 2
            FVAL = 8.08545695847 Edm = 2.25228908642e-08 Nfcn = 44
            Error matrix change = 0.25072
            Parameters :  p0 = 0 p1 = 0 p2 = 0 p3 = 0 p4 = -0.434544
----------> Iteration 3
            FVAL = 8.08545695847 Edm = 2.43216205339e-08 Nfcn = 75
            Error matrix change = 0
            Parameters :  p0 = 0 p1 = 0 p2 = 0 p3 = 0 p4 = -0.434544
Minuit2Minimizer : Valid minimum - status = 0
FVAL  = 8.0854569584661391
Edm   = 2.43216205339157592e-08
Nfcn  = 75
jerUp_unc	  = 0	 +/-  0.996602	(limited)
jesUp_unc	  = 0	 +/-  0.996602	(limited)
lumi	  = 0	 +/-  0.996602	(limited)
pdf_unc	  = 0	 +/-  0.996602	(limited)
xs_Bkg	  = -0.434544	 +/-  0.243466	(limited)
Zero signal fit
   0) jerUp_unc                      =         0
   1) jesUp_unc                      =         0
   2) lumi                           =         0
   3) pdf_unc                        =         0
   4) xs_Bkg                         = -0.434544

Fitting of the background hypothesis done in 0.320959 s
[#1] INFO:Fitting -- RooAddition::defaultErrorLevel(nll_model_s_data_obs_with_constr) Summation contains a RooNLLVar, using its error level
Minuit2Minimizer: Minimize with max-calls 2500 convergence for edm < 0.01 strategy 1
MnSeedGenerator: for initial parameters FCN = 11.131
MnSeedGenerator: Initial state:   - FCN =   11.13103170107 Edm =      2.43831 NCalls =     21
VariableMetric: start iterating until Edm is < 1e-05
VariableMetric: Initial state   - FCN =   11.13103170107 Edm =      2.43831 NCalls =     21
VariableMetric: Iteration #   1 - FCN =   8.725686417162 Edm =    0.0914525 NCalls =     32
VariableMetric: Iteration #   2 - FCN =    8.61632105683 Edm =  0.000328441 NCalls =     44
VariableMetric: Iteration #   3 - FCN =   8.615947388816 Edm =  8.51732e-08 NCalls =     56
VariableMetric: After Hessian   - FCN =   8.615947388816 Edm =  8.72792e-08 NCalls =     87
Number of iterations 5
----------> Iteration 0
            FVAL = 11.1310317011 Edm = 2.43830673095 Nfcn = 21
            Error matrix change = 1
            Parameters :  p0 = 0 p1 = 0 p2 = 0 p3 = 0 p4 = -0.434544
----------> Iteration 1
            FVAL = 8.72568641716 Edm = 0.0914524691542 Nfcn = 32
            Error matrix change = 0.545028
            Parameters :  p0 = -0.211773 p1 = -0.261303 p2 = -0.241696 p3 = -0.309043 p4 = -0.992766
----------> Iteration 2
            FVAL = 8.61632105683 Edm = 0.000328441449226 Nfcn = 44
            Error matrix change = 0.315557
            Parameters :  p0 = -0.0279112 p1 = -0.0369475 p2 = -0.0331941 p3 = -0.0472057 p4 = -1.06125
----------> Iteration 3
            FVAL = 8.61594738882 Edm = 8.51731970035e-08 Nfcn = 56
            Error matrix change = 0.161464
            Parameters :  p0 = -0.0328848 p1 = -0.0406554 p2 = -0.0375686 p3 = -0.0482635 p4 = -1.06863
----------> Iteration 4
            FVAL = 8.61594738882 Edm = 8.72792077475e-08 Nfcn = 87
            Error matrix change = 0
            Parameters :  p0 = -0.0328848 p1 = -0.0406554 p2 = -0.0375686 p3 = -0.0482635 p4 = -1.06863
Minuit2Minimizer : Valid minimum - status = 0
FVAL  = 8.6159473888162168
Edm   = 8.72792077475106986e-08
Nfcn  = 87
jerUp_unc	  = -0.0328848	 +/-  0.995436	(limited)
jesUp_unc	  = -0.0406554	 +/-  0.994796	(limited)
lumi	  = -0.0375686	 +/-  0.995068	(limited)
pdf_unc	  = -0.0482635	 +/-  0.994025	(limited)
xs_Bkg	  = -1.06863	 +/-  0.305174	(limited)
Reference signal fit
   0) jerUp_unc                      = -0.0328848
   1) jesUp_unc                      = -0.0406554
   2) lumi                           = -0.0375686
   3) pdf_unc                        = -0.0482635
   4) xs_Bkg                         =  -1.06863

Fitting of the signal-plus-background hypothesis done in 0.00230408 s
      Evaluation of p-values done in  6.12373 s
	CLs = 0.305136 +/- 0.0318895
      Evaluation of p-values done in  5.93215 s
	CLs = 0.376582 +/- 0.0260468
      Evaluation of p-values done in  5.93563 s
	CLs = 0.395349 +/- 0.0218847
      Evaluation of p-values done in  5.93432 s
	CLs = 0.411765 +/- 0.0194247
      Evaluation of p-values done in  5.88815 s
	CLs = 0.406897 +/- 0.017108
	CLs      = 0.406897 +/- 0.017108
	CLb      = 0.319 +/- 0.00659149
	CLsplusb = 0.1298 +/- 0.00475294

Hybrid result saved as HypoTestResult_mh120_r30_4003169107 in higgsCombineTest.HybridNew.mH120.1239340944.root : higgsCombineTest.HybridNew.mH120.1239340944.root:/toys

 -- Hybrid New -- 
CLs = 0.406897 +/- 0.017108
Total toys: 10000
Done in 0.00 min (cpu), 0.50 min (real)
