>>> including systematics
>>> using the Profile Likelihood test statistics modified for upper limits (Q_LHC)
>>> method used to compute upper limit is HybridNew
>>> Using OpenSSL to get a really random seed 
>>> Used OpenSSL to get a really random seed -1450002832
Adding /uscms_data/d2/lpcljm/sapta/SUSYSearch/LimitSetting/CMSSW_7_1_5/src to include path
Adding /cvmfs/cms.cern.ch/slc6_amd64_gcc481/lcg/roofit/5.34.18-cms3//include to include path
Input workspace 'w': 

RooWorkspace(w) w contents

variables
---------
(jerUp_unc,jerUp_unc_In,jesUp_unc,jesUp_unc_In,lumi,lumi_In,n_obs_binbin1,pdf_unc,pdf_unc_In,r,xs_Bkg,xs_Bkg_In)

p.d.f.s
-------
SimpleGaussianConstraint::jerUp_unc_Pdf[ x=jerUp_unc mean=jerUp_unc_In sigma=1 ] = 1
SimpleGaussianConstraint::jesUp_unc_Pdf[ x=jesUp_unc mean=jesUp_unc_In sigma=1 ] = 1
SimpleGaussianConstraint::lumi_Pdf[ x=lumi mean=lumi_In sigma=1 ] = 1
RooProdPdf::modelObs_b[ pdf_binbin1_bonly ] = 0.0164198
RooProdPdf::modelObs_s[ pdf_binbin1 ] = 0.0162001
RooProdPdf::model_b[ modelObs_b * nuisancePdf ] = 0.0164198
RooProdPdf::model_s[ modelObs_s * nuisancePdf ] = 0.0162001
RooProdPdf::nuisancePdf[ lumi_Pdf * jesUp_unc_Pdf * pdf_unc_Pdf * xs_Bkg_Pdf * jerUp_unc_Pdf ] = 1
RooPoisson::pdf_binbin1[ x=n_obs_binbin1 mean=n_exp_binbin1 ] = 0.0162001
RooPoisson::pdf_binbin1_bonly[ x=n_obs_binbin1 mean=n_exp_binbin1_bonly ] = 0.0164198
SimpleGaussianConstraint::pdf_unc_Pdf[ x=pdf_unc mean=pdf_unc_In sigma=1 ] = 1
SimpleGaussianConstraint::xs_Bkg_Pdf[ x=xs_Bkg mean=xs_Bkg_In sigma=1 ] = 1

functions
--------
RooAddition::n_exp_binbin1[ n_exp_binbin1_proc_BH + n_exp_binbin1_proc_Background ] = 548.887
RooAddition::n_exp_binbin1_bonly[ n_exp_binbin1_proc_Background ] = 547.887
ProcessNormalization::n_exp_binbin1_proc_BH[ thetaList=(lumi,jesUp_unc,pdf_unc,jerUp_unc) asymmThetaList=() otherFactorList=(r) ] = 1
ProcessNormalization::n_exp_binbin1_proc_Background[ thetaList=(xs_Bkg) asymmThetaList=() otherFactorList=() ] = 547.887

datasets
--------
RooDataSet::data_obs(n_obs_binbin1)

named sets
----------
ModelConfig_GlobalObservables:(lumi_In,jesUp_unc_In,pdf_unc_In,xs_Bkg_In,jerUp_unc_In)
ModelConfig_NuisParams:(lumi,jesUp_unc,pdf_unc,xs_Bkg,jerUp_unc)
ModelConfig_Observables:(n_obs_binbin1)
ModelConfig_POI:(r)
ModelConfig_bonly_GlobalObservables:(lumi_In,jesUp_unc_In,pdf_unc_In,xs_Bkg_In,jerUp_unc_In)
ModelConfig_bonly_NuisParams:(lumi,jesUp_unc,pdf_unc,xs_Bkg,jerUp_unc)
ModelConfig_bonly_Observables:(n_obs_binbin1)
ModelConfig_bonly_POI:(r)
POI:(r)
globalObservables:(lumi_In,jesUp_unc_In,pdf_unc_In,xs_Bkg_In,jerUp_unc_In)
nuisances:(lumi,jesUp_unc,pdf_unc,xs_Bkg,jerUp_unc)
observables:(n_obs_binbin1)

generic objects
---------------
RooStats::ModelConfig::ModelConfig
RooStats::ModelConfig::ModelConfig_bonly
RooArgSet::discreteParams

Workspace has a ModelConfig for signal called 'ModelConfig', with contents:

=== Using the following for ModelConfig ===
Observables:             RooArgSet:: = (n_obs_binbin1)
Parameters of Interest:  RooArgSet:: = (r)
Nuisance Parameters:     RooArgSet:: = (lumi,jesUp_unc,pdf_unc,xs_Bkg,jerUp_unc)
Global Observables:      RooArgSet:: = (lumi_In,jesUp_unc_In,pdf_unc_In,xs_Bkg_In,jerUp_unc_In)
PDF:                     RooProdPdf::model_s[ modelObs_s * nuisancePdf ] = 0.0162001

Input ModelConfig 'ModelConfig': 

=== Using the following for ModelConfig ===
Observables:             RooArgSet:: = (n_obs_binbin1)
Parameters of Interest:  RooArgSet:: = (r)
Nuisance Parameters:     RooArgSet:: = (lumi,jesUp_unc,pdf_unc,xs_Bkg,jerUp_unc)
Global Observables:      RooArgSet:: = (lumi_In,jesUp_unc_In,pdf_unc_In,xs_Bkg_In,jerUp_unc_In)
PDF:                     RooProdPdf::model_s[ modelObs_s * nuisancePdf ] = 0.0162001

[#1] INFO:ObjectHandling -- RooWorkspace::import(w) importing RooUniform::prior
Computing limit starting from observation
  1) RooRealVar:: n_obs_binbin1 = 541
Set default minimizer to Minuit2
  r = 310 +/- 0
[#1] INFO:Minization --  Including the following contraint terms in minimization: (nuisancePdf)
[#1] INFO:Fitting -- RooAddition::defaultErrorLevel(nll_model_s_data_obs_with_constr) Summation contains a RooNLLVar, using its error level
Minuit2Minimizer: Minimize with max-calls 2500 convergence for edm < 0.01 strategy 1
MnSeedGenerator: for initial parameters FCN = 8.70396
MnSeedGenerator: Initial state:   - FCN =   8.703962564079 Edm =    0.0418031 NCalls =     21
VariableMetric: start iterating until Edm is < 1e-05
VariableMetric: Initial state   - FCN =   8.703962564079 Edm =    0.0418031 NCalls =     21
VariableMetric: Iteration #   1 - FCN =   8.661996670273 Edm =  1.42922e-06 NCalls =     32
VariableMetric: After Hessian   - FCN =   8.661996670273 Edm =  1.44611e-06 NCalls =     63
Number of iterations 3
----------> Iteration 0
            FVAL = 8.70396256408 Edm = 0.0418030862974 Nfcn = 21
            Error matrix change = 1
            Parameters :  p0 = 0 p1 = 0 p2 = 0 p3 = 0 p4 = 0
----------> Iteration 1
            FVAL = 8.66199667027 Edm = 1.4292213694e-06 Nfcn = 32
            Error matrix change = 0.500025
            Parameters :  p0 = 0 p1 = 0 p2 = 0 p3 = 0 p4 = -0.0535046
----------> Iteration 2
            FVAL = 8.66199667027 Edm = 1.44610816596e-06 Nfcn = 63
            Error matrix change = 0
            Parameters :  p0 = 0 p1 = 0 p2 = 0 p3 = 0 p4 = -0.0535046
Minuit2Minimizer : Valid minimum - status = 0
FVAL  = 8.66199667027313325
Edm   = 1.44610816595568894e-06
Nfcn  = 63
jerUp_unc	  = 0	 +/-  0.996602	(limited)
jesUp_unc	  = 0	 +/-  0.996602	(limited)
lumi	  = 0	 +/-  0.996602	(limited)
pdf_unc	  = 0	 +/-  0.996602	(limited)
xs_Bkg	  = -0.0535046	 +/-  0.18611	(limited)
Zero signal fit
   0) jerUp_unc                      =         0
   1) jesUp_unc                      =         0
   2) lumi                           =         0
   3) pdf_unc                        =         0
   4) xs_Bkg                         = -0.0535046

Fitting of the background hypothesis done in 0.323915 s
[#1] INFO:Fitting -- RooAddition::defaultErrorLevel(nll_model_s_data_obs_with_constr) Summation contains a RooNLLVar, using its error level
Minuit2Minimizer: Minimize with max-calls 2500 convergence for edm < 0.01 strategy 1
MnSeedGenerator: for initial parameters FCN = 73.6934
MnSeedGenerator: Initial state:   - FCN =     73.693395921 Edm =      85.4083 NCalls =     21
VariableMetric: start iterating until Edm is < 1e-05
VariableMetric: Initial state   - FCN =     73.693395921 Edm =      85.4083 NCalls =     21
VariableMetric: Iteration #   1 - FCN =   23.95158243361 Edm =      3.77137 NCalls =     33
VariableMetric: Iteration #   2 - FCN =   14.65357823667 Edm =     0.364505 NCalls =     45
VariableMetric: Iteration #   3 - FCN =   13.90502510371 Edm =    0.0261772 NCalls =     57
VariableMetric: Iteration #   4 - FCN =   13.87405083676 Edm =  0.000819708 NCalls =     68
VariableMetric: Iteration #   5 - FCN =   13.87294223442 Edm =  1.16773e-05 NCalls =     80
VariableMetric: Iteration #   6 - FCN =   13.87292771036 Edm =  1.76081e-07 NCalls =     92
VariableMetric: After Hessian   - FCN =   13.87292771036 Edm =  2.44428e-07 NCalls =    123
Number of iterations 8
----------> Iteration 0
            FVAL = 73.693395921 Edm = 85.4083342252 Nfcn = 21
            Error matrix change = 1
            Parameters :  p0 = 0 p1 = 0 p2 = 0 p3 = 0 p4 = -0.0535046
----------> Iteration 1
            FVAL = 23.9515824336 Edm = 3.77137047256 Nfcn = 33
            Error matrix change = 0.617572
            Parameters :  p0 = -2.14938 p1 = -2.37586 p2 = -2.29849 p3 = -2.50466 p4 = -1.30579
----------> Iteration 2
            FVAL = 14.6535782367 Edm = 0.364505200473 Nfcn = 45
            Error matrix change = 0.480027
            Parameters :  p0 = -0.209476 p1 = -0.731453 p2 = -0.518902 p3 = -1.24493 p4 = -2.39059
----------> Iteration 3
            FVAL = 13.9050251037 Edm = 0.0261772406625 Nfcn = 57
            Error matrix change = 0.309517
            Parameters :  p0 = -0.596367 p1 = -0.653819 p2 = -0.61589 p3 = -0.83953 p4 = -2.74141
----------> Iteration 4
            FVAL = 13.8740508368 Edm = 0.000819708419438 Nfcn = 68
            Error matrix change = 0.196454
            Parameters :  p0 = -0.49529 p1 = -0.572436 p2 = -0.537983 p3 = -0.698954 p4 = -2.81601
----------> Iteration 5
            FVAL = 13.8729422344 Edm = 1.16772717458e-05 Nfcn = 80
            Error matrix change = 0.136351
            Parameters :  p0 = -0.472533 p1 = -0.584376 p2 = -0.541099 p3 = -0.694261 p4 = -2.83057
----------> Iteration 6
            FVAL = 13.8729277104 Edm = 1.76080671963e-07 Nfcn = 92
            Error matrix change = 0.124234
            Parameters :  p0 = -0.470141 p1 = -0.585476 p2 = -0.539707 p3 = -0.698567 p4 = -2.82975
----------> Iteration 7
            FVAL = 13.8729277104 Edm = 2.44427616955e-07 Nfcn = 123
            Error matrix change = 0
            Parameters :  p0 = -0.470141 p1 = -0.585476 p2 = -0.539707 p3 = -0.698567 p4 = -2.82975
Minuit2Minimizer : Valid minimum - status = 0
FVAL  = 13.8729277103586703
Edm   = 2.44427616954749128e-07
Nfcn  = 123
jerUp_unc	  = -0.470141	 +/-  0.975856	(limited)
jesUp_unc	  = -0.585476	 +/-  0.964307	(limited)
lumi	  = -0.539707	 +/-  0.969233	(limited)
pdf_unc	  = -0.698567	 +/-  0.950193	(limited)
xs_Bkg	  = -2.82975	 +/-  0.442274	(limited)
Reference signal fit
   0) jerUp_unc                      = -0.470141
   1) jesUp_unc                      = -0.585476
   2) lumi                           = -0.539707
   3) pdf_unc                        = -0.698567
   4) xs_Bkg                         =  -2.82975

Fitting of the signal-plus-background hypothesis done in 0.00257778 s
      Evaluation of p-values done in  6.57186 s
	CLs = 0.00208768 +/- 0.00208777
      Evaluation of p-values done in  6.19913 s
	CLs = 0.0020555 +/- 0.0014535
      Evaluation of p-values done in  6.19305 s
	CLs = 0.00135318 +/- 0.000956852
      Evaluation of p-values done in  6.40964 s
	CLs = 0.00101317 +/- 0.000716425
      Evaluation of p-values done in  6.40148 s
	CLs = 0.000810701 +/- 0.000573255
	CLs      = 0.000810701 +/- 0.000573255
	CLb      = 0.4934 +/- 0.00707045
	CLsplusb = 0.0004 +/- 0.000282786

Hybrid result saved as HypoTestResult_mh120_r310_3734823426 in higgsCombineTest.HybridNew.mH120.-1450002832.root : higgsCombineTest.HybridNew.mH120.-1450002832.root:/toys

 -- Hybrid New -- 
CLs = 0.000810701 +/- 0.000573255
Total toys: 10000
Done in 0.00 min (cpu), 0.54 min (real)
