>>> including systematics
>>> using the Profile Likelihood test statistics modified for upper limits (Q_LHC)
>>> method used to compute upper limit is HybridNew
>>> Using OpenSSL to get a really random seed 
>>> Used OpenSSL to get a really random seed -1663957319
Adding /uscms_data/d2/lpcljm/sapta/SUSYSearch/LimitSetting/CMSSW_7_1_5/src to include path
Adding /cvmfs/cms.cern.ch/slc6_amd64_gcc481/lcg/roofit/5.34.18-cms3//include to include path
Input workspace 'w': 

RooWorkspace(w) w contents

variables
---------
(jerUp_unc,jerUp_unc_In,jesUp_unc,jesUp_unc_In,lumi,lumi_In,n_obs_binbin1,pdf_unc,pdf_unc_In,r,xs_Bkg,xs_Bkg_In)

p.d.f.s
-------
SimpleGaussianConstraint::jerUp_unc_Pdf[ x=jerUp_unc mean=jerUp_unc_In sigma=1 ] = 1
SimpleGaussianConstraint::jesUp_unc_Pdf[ x=jesUp_unc mean=jesUp_unc_In sigma=1 ] = 1
SimpleGaussianConstraint::lumi_Pdf[ x=lumi mean=lumi_In sigma=1 ] = 1
RooProdPdf::modelObs_b[ pdf_binbin1_bonly ] = 0.302996
RooProdPdf::modelObs_s[ pdf_binbin1 ] = 0.174854
RooProdPdf::model_b[ modelObs_b * nuisancePdf ] = 0.302996
RooProdPdf::model_s[ modelObs_s * nuisancePdf ] = 0.174854
RooProdPdf::nuisancePdf[ lumi_Pdf * jesUp_unc_Pdf * pdf_unc_Pdf * xs_Bkg_Pdf * jerUp_unc_Pdf ] = 1
RooPoisson::pdf_binbin1[ x=n_obs_binbin1 mean=n_exp_binbin1 ] = 0.174854
RooPoisson::pdf_binbin1_bonly[ x=n_obs_binbin1 mean=n_exp_binbin1_bonly ] = 0.302996
SimpleGaussianConstraint::pdf_unc_Pdf[ x=pdf_unc mean=pdf_unc_In sigma=1 ] = 1
SimpleGaussianConstraint::xs_Bkg_Pdf[ x=xs_Bkg mean=xs_Bkg_In sigma=1 ] = 1

functions
--------
RooAddition::n_exp_binbin1[ n_exp_binbin1_proc_BH + n_exp_binbin1_proc_Background ] = 2.75849
RooAddition::n_exp_binbin1_bonly[ n_exp_binbin1_proc_Background ] = 1.75849
ProcessNormalization::n_exp_binbin1_proc_BH[ thetaList=(lumi,jesUp_unc,pdf_unc,jerUp_unc) asymmThetaList=() otherFactorList=(r) ] = 1
ProcessNormalization::n_exp_binbin1_proc_Background[ thetaList=(xs_Bkg) asymmThetaList=() otherFactorList=() ] = 1.75849

datasets
--------
RooDataSet::data_obs(n_obs_binbin1)

named sets
----------
ModelConfig_GlobalObservables:(lumi_In,jesUp_unc_In,pdf_unc_In,xs_Bkg_In,jerUp_unc_In)
ModelConfig_NuisParams:(lumi,jesUp_unc,pdf_unc,xs_Bkg,jerUp_unc)
ModelConfig_Observables:(n_obs_binbin1)
ModelConfig_POI:(r)
ModelConfig_bonly_GlobalObservables:(lumi_In,jesUp_unc_In,pdf_unc_In,xs_Bkg_In,jerUp_unc_In)
ModelConfig_bonly_NuisParams:(lumi,jesUp_unc,pdf_unc,xs_Bkg,jerUp_unc)
ModelConfig_bonly_Observables:(n_obs_binbin1)
ModelConfig_bonly_POI:(r)
POI:(r)
globalObservables:(lumi_In,jesUp_unc_In,pdf_unc_In,xs_Bkg_In,jerUp_unc_In)
nuisances:(lumi,jesUp_unc,pdf_unc,xs_Bkg,jerUp_unc)
observables:(n_obs_binbin1)

generic objects
---------------
RooStats::ModelConfig::ModelConfig
RooStats::ModelConfig::ModelConfig_bonly
RooArgSet::discreteParams

Workspace has a ModelConfig for signal called 'ModelConfig', with contents:

=== Using the following for ModelConfig ===
Observables:             RooArgSet:: = (n_obs_binbin1)
Parameters of Interest:  RooArgSet:: = (r)
Nuisance Parameters:     RooArgSet:: = (lumi,jesUp_unc,pdf_unc,xs_Bkg,jerUp_unc)
Global Observables:      RooArgSet:: = (lumi_In,jesUp_unc_In,pdf_unc_In,xs_Bkg_In,jerUp_unc_In)
PDF:                     RooProdPdf::model_s[ modelObs_s * nuisancePdf ] = 0.174854

Input ModelConfig 'ModelConfig': 

=== Using the following for ModelConfig ===
Observables:             RooArgSet:: = (n_obs_binbin1)
Parameters of Interest:  RooArgSet:: = (r)
Nuisance Parameters:     RooArgSet:: = (lumi,jesUp_unc,pdf_unc,xs_Bkg,jerUp_unc)
Global Observables:      RooArgSet:: = (lumi_In,jesUp_unc_In,pdf_unc_In,xs_Bkg_In,jerUp_unc_In)
PDF:                     RooProdPdf::model_s[ modelObs_s * nuisancePdf ] = 0.174854

[#1] INFO:ObjectHandling -- RooWorkspace::import(w) importing RooUniform::prior
Computing limit starting from observation
  1) RooRealVar:: n_obs_binbin1 = 1
Set default minimizer to Minuit2
  r = 3.5 +/- 0
[#1] INFO:Minization --  Including the following contraint terms in minimization: (nuisancePdf)
[#1] INFO:Fitting -- RooAddition::defaultErrorLevel(nll_model_s_data_obs_with_constr) Summation contains a RooNLLVar, using its error level
Minuit2Minimizer: Minimize with max-calls 2500 convergence for edm < 0.01 strategy 1
MnSeedGenerator: for initial parameters FCN = 5.78873
MnSeedGenerator: Initial state:   - FCN =    5.78872717976 Edm =     0.080867 NCalls =     21
VariableMetric: start iterating until Edm is < 1e-05
VariableMetric: Initial state   - FCN =    5.78872717976 Edm =     0.080867 NCalls =     21
VariableMetric: Iteration #   1 - FCN =   5.705166161365 Edm =  0.000197042 NCalls =     32
VariableMetric: Iteration #   2 - FCN =   5.704947722388 Edm =   2.0906e-10 NCalls =     44
VariableMetric: After Hessian   - FCN =   5.704947722388 Edm =  2.18564e-10 NCalls =     75
Number of iterations 4
----------> Iteration 0
            FVAL = 5.78872717976 Edm = 0.0808670486392 Nfcn = 21
            Error matrix change = 1
            Parameters :  p0 = 0 p1 = 0 p2 = 0 p3 = 0 p4 = 0
----------> Iteration 1
            FVAL = 5.70516616136 Edm = 0.000197042181448 Nfcn = 32
            Error matrix change = 0.502897
            Parameters :  p0 = 0 p1 = 0 p2 = 0 p3 = 0 p4 = -0.285892
----------> Iteration 2
            FVAL = 5.70494772239 Edm = 2.09059943317e-10 Nfcn = 44
            Error matrix change = 0.254645
            Parameters :  p0 = 0 p1 = 0 p2 = 0 p3 = 0 p4 = -0.301526
----------> Iteration 3
            FVAL = 5.70494772239 Edm = 2.18563858869e-10 Nfcn = 75
            Error matrix change = 0
            Parameters :  p0 = 0 p1 = 0 p2 = 0 p3 = 0 p4 = -0.301526
Minuit2Minimizer : Valid minimum - status = 0
FVAL  = 5.70494772238752379
Edm   = 2.18563858868880141e-10
Nfcn  = 75
jerUp_unc	  = 0	 +/-  0.996602	(limited)
jesUp_unc	  = 0	 +/-  0.996602	(limited)
lumi	  = 0	 +/-  0.996602	(limited)
pdf_unc	  = 0	 +/-  0.996602	(limited)
xs_Bkg	  = -0.301526	 +/-  0.747924	(limited)
Zero signal fit
   0) jerUp_unc                      =         0
   1) jesUp_unc                      =         0
   2) lumi                           =         0
   3) pdf_unc                        =         0
   4) xs_Bkg                         = -0.301526

Fitting of the background hypothesis done in 0.302162 s
[#1] INFO:Fitting -- RooAddition::defaultErrorLevel(nll_model_s_data_obs_with_constr) Summation contains a RooNLLVar, using its error level
Minuit2Minimizer: Minimize with max-calls 2500 convergence for edm < 0.01 strategy 1
MnSeedGenerator: for initial parameters FCN = 7.95444
MnSeedGenerator: Initial state:   - FCN =   7.954436429192 Edm =     0.120704 NCalls =     21
VariableMetric: start iterating until Edm is < 1e-05
VariableMetric: Initial state   - FCN =   7.954436429192 Edm =     0.120704 NCalls =     21
VariableMetric: Iteration #   1 - FCN =    7.83280039699 Edm =  0.000218746 NCalls =     32
VariableMetric: Iteration #   2 - FCN =   7.832562154973 Edm =  8.10648e-08 NCalls =     44
VariableMetric: After Hessian   - FCN =   7.832562154973 Edm =   8.2465e-08 NCalls =     75
Number of iterations 4
----------> Iteration 0
            FVAL = 7.95443642919 Edm = 0.120703764186 Nfcn = 21
            Error matrix change = 1
            Parameters :  p0 = 0 p1 = 0 p2 = 0 p3 = 0 p4 = -0.301526
----------> Iteration 1
            FVAL = 7.83280039699 Edm = 0.000218746106565 Nfcn = 32
            Error matrix change = 0.5119
            Parameters :  p0 = -0.108727 p1 = -0.13488 p2 = -0.124476 p3 = -0.160547 p4 = -0.61966
----------> Iteration 2
            FVAL = 7.83256215497 Edm = 8.10647892718e-08 Nfcn = 44
            Error matrix change = 0.262687
            Parameters :  p0 = -0.104038 p1 = -0.129463 p2 = -0.11932 p3 = -0.154669 p4 = -0.6352
----------> Iteration 3
            FVAL = 7.83256215497 Edm = 8.24650232671e-08 Nfcn = 75
            Error matrix change = 0
            Parameters :  p0 = -0.104038 p1 = -0.129463 p2 = -0.11932 p3 = -0.154669 p4 = -0.6352
Minuit2Minimizer : Valid minimum - status = 0
FVAL  = 7.8325621549733464
Edm   = 8.2465023267094656e-08
Nfcn  = 75
jerUp_unc	  = -0.104038	 +/-  0.99422	(limited)
jesUp_unc	  = -0.129463	 +/-  0.992913	(limited)
lumi	  = -0.11932	 +/-  0.993469	(limited)
pdf_unc	  = -0.154669	 +/-  0.991336	(limited)
xs_Bkg	  = -0.6352	 +/-  0.812894	(limited)
Reference signal fit
   0) jerUp_unc                      = -0.104038
   1) jesUp_unc                      = -0.129463
   2) lumi                           =  -0.11932
   3) pdf_unc                        = -0.154669
   4) xs_Bkg                         =   -0.6352

Fitting of the signal-plus-background hypothesis done in 0.0022099 s
      Evaluation of p-values done in  5.40586 s
	CLs = 0.0626632 +/- 0.0128845
      Evaluation of p-values done in  5.30184 s
	CLs = 0.0569948 +/- 0.00864794
      Evaluation of p-values done in  5.30748 s
	CLs = 0.0522648 +/- 0.00678861
      Evaluation of p-values done in  5.31439 s
	CLs = 0.0513834 +/- 0.00585394
      Evaluation of p-values done in  5.15547 s
	CLs = 0.0533545 +/- 0.00534324
	CLs      = 0.0533545 +/- 0.00534324
	CLb      = 0.3786 +/- 0.00685948
	CLsplusb = 0.0202 +/- 0.00198957

Hybrid result saved as HypoTestResult_mh120_r3.5_984277165 in higgsCombineTest.HybridNew.mH120.-1663957319.root : higgsCombineTest.HybridNew.mH120.-1663957319.root:/toys

 -- Hybrid New -- 
CLs = 0.0533545 +/- 0.00534324
Total toys: 10000
Done in 0.00 min (cpu), 0.45 min (real)
