>>> including systematics
>>> using the Profile Likelihood test statistics modified for upper limits (Q_LHC)
>>> method used to compute upper limit is HybridNew
>>> Using OpenSSL to get a really random seed 
>>> Used OpenSSL to get a really random seed -739108796
Adding /uscms_data/d2/lpcljm/sapta/SUSYSearch/LimitSetting/CMSSW_7_1_5/src to include path
Adding /cvmfs/cms.cern.ch/slc6_amd64_gcc481/lcg/roofit/5.34.18-cms3//include to include path
Input workspace 'w': 

RooWorkspace(w) w contents

variables
---------
(jerUp_unc,jerUp_unc_In,jesUp_unc,jesUp_unc_In,lumi,lumi_In,n_obs_binbin1,pdf_unc,pdf_unc_In,r,xs_Bkg,xs_Bkg_In)

p.d.f.s
-------
SimpleGaussianConstraint::jerUp_unc_Pdf[ x=jerUp_unc mean=jerUp_unc_In sigma=1 ] = 1
SimpleGaussianConstraint::jesUp_unc_Pdf[ x=jesUp_unc mean=jesUp_unc_In sigma=1 ] = 1
SimpleGaussianConstraint::lumi_Pdf[ x=lumi mean=lumi_In sigma=1 ] = 1
RooProdPdf::modelObs_b[ pdf_binbin1_bonly ] = 0.0300624
RooProdPdf::modelObs_s[ pdf_binbin1 ] = 0.0255328
RooProdPdf::model_b[ modelObs_b * nuisancePdf ] = 0.0300624
RooProdPdf::model_s[ modelObs_s * nuisancePdf ] = 0.0255328
RooProdPdf::nuisancePdf[ lumi_Pdf * jesUp_unc_Pdf * pdf_unc_Pdf * xs_Bkg_Pdf * jerUp_unc_Pdf ] = 1
RooPoisson::pdf_binbin1[ x=n_obs_binbin1 mean=n_exp_binbin1 ] = 0.0255328
RooPoisson::pdf_binbin1_bonly[ x=n_obs_binbin1 mean=n_exp_binbin1_bonly ] = 0.0300624
SimpleGaussianConstraint::pdf_unc_Pdf[ x=pdf_unc mean=pdf_unc_In sigma=1 ] = 1
SimpleGaussianConstraint::xs_Bkg_Pdf[ x=xs_Bkg mean=xs_Bkg_In sigma=1 ] = 1

functions
--------
RooAddition::n_exp_binbin1[ n_exp_binbin1_proc_BH + n_exp_binbin1_proc_Background ] = 54.2851
RooAddition::n_exp_binbin1_bonly[ n_exp_binbin1_proc_Background ] = 53.2851
ProcessNormalization::n_exp_binbin1_proc_BH[ thetaList=(lumi,jesUp_unc,pdf_unc,jerUp_unc) asymmThetaList=() otherFactorList=(r) ] = 1
ProcessNormalization::n_exp_binbin1_proc_Background[ thetaList=(xs_Bkg) asymmThetaList=() otherFactorList=() ] = 53.2851

datasets
--------
RooDataSet::data_obs(n_obs_binbin1)

named sets
----------
ModelConfig_GlobalObservables:(lumi_In,jesUp_unc_In,pdf_unc_In,xs_Bkg_In,jerUp_unc_In)
ModelConfig_NuisParams:(lumi,jesUp_unc,pdf_unc,xs_Bkg,jerUp_unc)
ModelConfig_Observables:(n_obs_binbin1)
ModelConfig_POI:(r)
ModelConfig_bonly_GlobalObservables:(lumi_In,jesUp_unc_In,pdf_unc_In,xs_Bkg_In,jerUp_unc_In)
ModelConfig_bonly_NuisParams:(lumi,jesUp_unc,pdf_unc,xs_Bkg,jerUp_unc)
ModelConfig_bonly_Observables:(n_obs_binbin1)
ModelConfig_bonly_POI:(r)
POI:(r)
globalObservables:(lumi_In,jesUp_unc_In,pdf_unc_In,xs_Bkg_In,jerUp_unc_In)
nuisances:(lumi,jesUp_unc,pdf_unc,xs_Bkg,jerUp_unc)
observables:(n_obs_binbin1)

generic objects
---------------
RooStats::ModelConfig::ModelConfig
RooStats::ModelConfig::ModelConfig_bonly
RooArgSet::discreteParams

Workspace has a ModelConfig for signal called 'ModelConfig', with contents:

=== Using the following for ModelConfig ===
Observables:             RooArgSet:: = (n_obs_binbin1)
Parameters of Interest:  RooArgSet:: = (r)
Nuisance Parameters:     RooArgSet:: = (lumi,jesUp_unc,pdf_unc,xs_Bkg,jerUp_unc)
Global Observables:      RooArgSet:: = (lumi_In,jesUp_unc_In,pdf_unc_In,xs_Bkg_In,jerUp_unc_In)
PDF:                     RooProdPdf::model_s[ modelObs_s * nuisancePdf ] = 0.0255328

Input ModelConfig 'ModelConfig': 

=== Using the following for ModelConfig ===
Observables:             RooArgSet:: = (n_obs_binbin1)
Parameters of Interest:  RooArgSet:: = (r)
Nuisance Parameters:     RooArgSet:: = (lumi,jesUp_unc,pdf_unc,xs_Bkg,jerUp_unc)
Global Observables:      RooArgSet:: = (lumi_In,jesUp_unc_In,pdf_unc_In,xs_Bkg_In,jerUp_unc_In)
PDF:                     RooProdPdf::model_s[ modelObs_s * nuisancePdf ] = 0.0255328

[#1] INFO:ObjectHandling -- RooWorkspace::import(w) importing RooUniform::prior
Computing limit starting from observation
  1) RooRealVar:: n_obs_binbin1 = 45
Set default minimizer to Minuit2
  r = 40 +/- 0
[#1] INFO:Minization --  Including the following contraint terms in minimization: (nuisancePdf)
[#1] INFO:Fitting -- RooAddition::defaultErrorLevel(nll_model_s_data_obs_with_constr) Summation contains a RooNLLVar, using its error level
Minuit2Minimizer: Minimize with max-calls 2500 convergence for edm < 0.01 strategy 1
MnSeedGenerator: for initial parameters FCN = 8.09917
MnSeedGenerator: Initial state:   - FCN =   8.099172898401 Edm =     0.588941 NCalls =     21
VariableMetric: start iterating until Edm is < 1e-05
VariableMetric: Initial state   - FCN =   8.099172898401 Edm =     0.588941 NCalls =     21
VariableMetric: Iteration #   1 - FCN =   7.485619365648 Edm =   0.00228289 NCalls =     32
VariableMetric: Iteration #   2 - FCN =   7.483008555282 Edm =  7.96503e-09 NCalls =     44
VariableMetric: After Hessian   - FCN =   7.483008555282 Edm =  8.58624e-09 NCalls =     75
Number of iterations 4
----------> Iteration 0
            FVAL = 8.0991728984 Edm = 0.588941499353 Nfcn = 21
            Error matrix change = 1
            Parameters :  p0 = 0 p1 = 0 p2 = 0 p3 = 0 p4 = 0
----------> Iteration 1
            FVAL = 7.48561936565 Edm = 0.00228288521164 Nfcn = 32
            Error matrix change = 0.500695
            Parameters :  p0 = 0 p1 = 0 p2 = 0 p3 = 0 p4 = -0.317517
----------> Iteration 2
            FVAL = 7.48300855528 Edm = 7.96502507491e-09 Nfcn = 44
            Error matrix change = 0.251174
            Parameters :  p0 = 0 p1 = 0 p2 = 0 p3 = 0 p4 = -0.340103
----------> Iteration 3
            FVAL = 7.48300855528 Edm = 8.58623519019e-09 Nfcn = 75
            Error matrix change = 0
            Parameters :  p0 = 0 p1 = 0 p2 = 0 p3 = 0 p4 = -0.340103
Minuit2Minimizer : Valid minimum - status = 0
FVAL  = 7.48300855528180353
Edm   = 8.58623519018588795e-09
Nfcn  = 75
jerUp_unc	  = 0	 +/-  0.996602	(limited)
jesUp_unc	  = 0	 +/-  0.996602	(limited)
lumi	  = 0	 +/-  0.996602	(limited)
pdf_unc	  = 0	 +/-  0.996602	(limited)
xs_Bkg	  = -0.340103	 +/-  0.313501	(limited)
Zero signal fit
   0) jerUp_unc                      =         0
   1) jesUp_unc                      =         0
   2) lumi                           =         0
   3) pdf_unc                        =         0
   4) xs_Bkg                         = -0.340103

Fitting of the background hypothesis done in 0.300175 s
[#1] INFO:Fitting -- RooAddition::defaultErrorLevel(nll_model_s_data_obs_with_constr) Summation contains a RooNLLVar, using its error level
Minuit2Minimizer: Minimize with max-calls 2500 convergence for edm < 0.01 strategy 1
MnSeedGenerator: for initial parameters FCN = 19.217
MnSeedGenerator: Initial state:   - FCN =   19.21695751604 Edm =      7.09681 NCalls =     21
VariableMetric: start iterating until Edm is < 1e-05
VariableMetric: Initial state   - FCN =   19.21695751604 Edm =      7.09681 NCalls =     21
VariableMetric: Iteration #   1 - FCN =   12.34153194667 Edm =     0.500814 NCalls =     32
VariableMetric: Iteration #   2 - FCN =   11.53329964442 Edm =     0.029624 NCalls =     44
VariableMetric: Iteration #   3 - FCN =   11.48808880892 Edm =  0.000220618 NCalls =     56
VariableMetric: Iteration #   4 - FCN =   11.48783841264 Edm =  9.78028e-08 NCalls =     68
VariableMetric: After Hessian   - FCN =   11.48783841264 Edm =  1.02894e-07 NCalls =     99
Number of iterations 6
----------> Iteration 0
            FVAL = 19.216957516 Edm = 7.09680635276 Nfcn = 21
            Error matrix change = 1
            Parameters :  p0 = 0 p1 = 0 p2 = 0 p3 = 0 p4 = -0.340103
----------> Iteration 1
            FVAL = 12.3415319467 Edm = 0.500813811835 Nfcn = 32
            Error matrix change = 0.578815
            Parameters :  p0 = -0.71277 p1 = -0.865832 p2 = -0.806149 p3 = -1.00561 p4 = -1.50566
----------> Iteration 2
            FVAL = 11.5332996444 Edm = 0.0296240429355 Nfcn = 44
            Error matrix change = 0.358374
            Parameters :  p0 = -0.263456 p1 = -0.351676 p2 = -0.315115 p3 = -0.45013 p4 = -1.94659
----------> Iteration 3
            FVAL = 11.4880888089 Edm = 0.000220617728799 Nfcn = 56
            Error matrix change = 0.201459
            Parameters :  p0 = -0.335874 p1 = -0.410589 p2 = -0.381033 p3 = -0.483362 p4 = -2.08006
----------> Iteration 4
            FVAL = 11.4878384126 Edm = 9.78027991892e-08 Nfcn = 68
            Error matrix change = 0.117743
            Parameters :  p0 = -0.32424 p1 = -0.403394 p2 = -0.37186 p3 = -0.481413 p4 = -2.08986
----------> Iteration 5
            FVAL = 11.4878384126 Edm = 1.02893987136e-07 Nfcn = 99
            Error matrix change = 0
            Parameters :  p0 = -0.32424 p1 = -0.403394 p2 = -0.37186 p3 = -0.481413 p4 = -2.08986
Minuit2Minimizer : Valid minimum - status = 0
FVAL  = 11.4878384126396718
Edm   = 1.02893987136270198e-07
Nfcn  = 99
jerUp_unc	  = -0.32424	 +/-  0.98384	(limited)
jesUp_unc	  = -0.403394	 +/-  0.97678	(limited)
lumi	  = -0.37186	 +/-  0.979786	(limited)
pdf_unc	  = -0.481413	 +/-  0.968202	(limited)
xs_Bkg	  = -2.08986	 +/-  0.581639	(limited)
Reference signal fit
   0) jerUp_unc                      =  -0.32424
   1) jesUp_unc                      = -0.403394
   2) lumi                           =  -0.37186
   3) pdf_unc                        = -0.481413
   4) xs_Bkg                         =  -2.08986

Fitting of the signal-plus-background hypothesis done in 0.00245619 s
      Evaluation of p-values done in  6.21949 s
	CLs = 0.00963855 +/- 0.00482322
      Evaluation of p-values done in  6.18643 s
	CLs = 0.00896287 +/- 0.00339097
      Evaluation of p-values done in  5.93159 s
	CLs = 0.00823723 +/- 0.00260689
      Evaluation of p-values done in  5.73221 s
	CLs = 0.00803958 +/- 0.00223149
      Evaluation of p-values done in  6.39787 s
	CLs = 0.00751503 +/- 0.00194184
	CLs      = 0.00751503 +/- 0.00194184
	CLb      = 0.3992 +/- 0.00692588
	CLsplusb = 0.003 +/- 0.000773434

Hybrid result saved as HypoTestResult_mh120_r40_3022932511 in higgsCombineTest.HybridNew.mH120.-739108796.root : higgsCombineTest.HybridNew.mH120.-739108796.root:/toys

 -- Hybrid New -- 
CLs = 0.00751503 +/- 0.00194184
Total toys: 10000
Done in 0.00 min (cpu), 0.51 min (real)
