>>> including systematics
>>> using the Profile Likelihood test statistics modified for upper limits (Q_LHC)
>>> method used to compute upper limit is HybridNew
>>> Using OpenSSL to get a really random seed 
>>> Used OpenSSL to get a really random seed -1669044461
Adding /uscms_data/d2/lpcljm/sapta/SUSYSearch/LimitSetting/CMSSW_7_1_5/src to include path
Adding /cvmfs/cms.cern.ch/slc6_amd64_gcc481/lcg/roofit/5.34.18-cms3//include to include path
Input workspace 'w': 

RooWorkspace(w) w contents

variables
---------
(jerUp_unc,jerUp_unc_In,jesUp_unc,jesUp_unc_In,lumi,lumi_In,n_obs_binbin1,pdf_unc,pdf_unc_In,r,xs_Bkg,xs_Bkg_In)

p.d.f.s
-------
SimpleGaussianConstraint::jerUp_unc_Pdf[ x=jerUp_unc mean=jerUp_unc_In sigma=1 ] = 1
SimpleGaussianConstraint::jesUp_unc_Pdf[ x=jesUp_unc mean=jesUp_unc_In sigma=1 ] = 1
SimpleGaussianConstraint::lumi_Pdf[ x=lumi mean=lumi_In sigma=1 ] = 1
RooProdPdf::modelObs_b[ pdf_binbin1_bonly ] = 0.00574904
RooProdPdf::modelObs_s[ pdf_binbin1 ] = 0.00496779
RooProdPdf::model_b[ modelObs_b * nuisancePdf ] = 0.00574904
RooProdPdf::model_s[ modelObs_s * nuisancePdf ] = 0.00496779
RooProdPdf::nuisancePdf[ lumi_Pdf * jesUp_unc_Pdf * pdf_unc_Pdf * xs_Bkg_Pdf * jerUp_unc_Pdf ] = 1
RooPoisson::pdf_binbin1[ x=n_obs_binbin1 mean=n_exp_binbin1 ] = 0.00496779
RooPoisson::pdf_binbin1_bonly[ x=n_obs_binbin1 mean=n_exp_binbin1_bonly ] = 0.00574904
SimpleGaussianConstraint::pdf_unc_Pdf[ x=pdf_unc mean=pdf_unc_In sigma=1 ] = 1
SimpleGaussianConstraint::xs_Bkg_Pdf[ x=xs_Bkg mean=xs_Bkg_In sigma=1 ] = 1

functions
--------
RooAddition::n_exp_binbin1[ n_exp_binbin1_proc_BH + n_exp_binbin1_proc_Background ] = 164.446
RooAddition::n_exp_binbin1_bonly[ n_exp_binbin1_proc_Background ] = 163.446
ProcessNormalization::n_exp_binbin1_proc_BH[ thetaList=(lumi,jesUp_unc,pdf_unc,jerUp_unc) asymmThetaList=() otherFactorList=(r) ] = 1
ProcessNormalization::n_exp_binbin1_proc_Background[ thetaList=(xs_Bkg) asymmThetaList=() otherFactorList=() ] = 163.446

datasets
--------
RooDataSet::data_obs(n_obs_binbin1)

named sets
----------
ModelConfig_GlobalObservables:(lumi_In,jesUp_unc_In,pdf_unc_In,xs_Bkg_In,jerUp_unc_In)
ModelConfig_NuisParams:(lumi,jesUp_unc,pdf_unc,xs_Bkg,jerUp_unc)
ModelConfig_Observables:(n_obs_binbin1)
ModelConfig_POI:(r)
ModelConfig_bonly_GlobalObservables:(lumi_In,jesUp_unc_In,pdf_unc_In,xs_Bkg_In,jerUp_unc_In)
ModelConfig_bonly_NuisParams:(lumi,jesUp_unc,pdf_unc,xs_Bkg,jerUp_unc)
ModelConfig_bonly_Observables:(n_obs_binbin1)
ModelConfig_bonly_POI:(r)
POI:(r)
globalObservables:(lumi_In,jesUp_unc_In,pdf_unc_In,xs_Bkg_In,jerUp_unc_In)
nuisances:(lumi,jesUp_unc,pdf_unc,xs_Bkg,jerUp_unc)
observables:(n_obs_binbin1)

generic objects
---------------
RooStats::ModelConfig::ModelConfig
RooStats::ModelConfig::ModelConfig_bonly
RooArgSet::discreteParams

Workspace has a ModelConfig for signal called 'ModelConfig', with contents:

=== Using the following for ModelConfig ===
Observables:             RooArgSet:: = (n_obs_binbin1)
Parameters of Interest:  RooArgSet:: = (r)
Nuisance Parameters:     RooArgSet:: = (lumi,jesUp_unc,pdf_unc,xs_Bkg,jerUp_unc)
Global Observables:      RooArgSet:: = (lumi_In,jesUp_unc_In,pdf_unc_In,xs_Bkg_In,jerUp_unc_In)
PDF:                     RooProdPdf::model_s[ modelObs_s * nuisancePdf ] = 0.00496779

Input ModelConfig 'ModelConfig': 

=== Using the following for ModelConfig ===
Observables:             RooArgSet:: = (n_obs_binbin1)
Parameters of Interest:  RooArgSet:: = (r)
Nuisance Parameters:     RooArgSet:: = (lumi,jesUp_unc,pdf_unc,xs_Bkg,jerUp_unc)
Global Observables:      RooArgSet:: = (lumi_In,jesUp_unc_In,pdf_unc_In,xs_Bkg_In,jerUp_unc_In)
PDF:                     RooProdPdf::model_s[ modelObs_s * nuisancePdf ] = 0.00496779

[#1] INFO:ObjectHandling -- RooWorkspace::import(w) importing RooUniform::prior
Computing limit starting from observation
  1) RooRealVar:: n_obs_binbin1 = 140
Set default minimizer to Minuit2
  r = 50 +/- 0
[#1] INFO:Minization --  Including the following contraint terms in minimization: (nuisancePdf)
[#1] INFO:Fitting -- RooAddition::defaultErrorLevel(nll_model_s_data_obs_with_constr) Summation contains a RooNLLVar, using its error level
Minuit2Minimizer: Minimize with max-calls 2500 convergence for edm < 0.01 strategy 1
MnSeedGenerator: for initial parameters FCN = 9.75341
MnSeedGenerator: Initial state:   - FCN =   9.753414335195 Edm =      1.59473 NCalls =     21
VariableMetric: start iterating until Edm is < 1e-05
VariableMetric: Initial state   - FCN =   9.753414335195 Edm =      1.59473 NCalls =     21
VariableMetric: Iteration #   1 - FCN =    8.09248621602 Edm =   0.00614251 NCalls =     32
VariableMetric: Iteration #   2 - FCN =   8.085456958466 Edm =  2.25229e-08 NCalls =     44
VariableMetric: After Hessian   - FCN =   8.085456958466 Edm =  2.43216e-08 NCalls =     75
Number of iterations 4
----------> Iteration 0
            FVAL = 9.7534143352 Edm = 1.59473354779 Nfcn = 21
            Error matrix change = 1
            Parameters :  p0 = 0 p1 = 0 p2 = 0 p3 = 0 p4 = 0
----------> Iteration 1
            FVAL = 8.09248621602 Edm = 0.0061425118635 Nfcn = 32
            Error matrix change = 0.500422
            Parameters :  p0 = 0 p1 = 0 p2 = 0 p3 = 0 p4 = -0.405768
----------> Iteration 2
            FVAL = 8.08545695847 Edm = 2.25228908642e-08 Nfcn = 44
            Error matrix change = 0.25072
            Parameters :  p0 = 0 p1 = 0 p2 = 0 p3 = 0 p4 = -0.434544
----------> Iteration 3
            FVAL = 8.08545695847 Edm = 2.43216205339e-08 Nfcn = 75
            Error matrix change = 0
            Parameters :  p0 = 0 p1 = 0 p2 = 0 p3 = 0 p4 = -0.434544
Minuit2Minimizer : Valid minimum - status = 0
FVAL  = 8.0854569584661391
Edm   = 2.43216205339157592e-08
Nfcn  = 75
jerUp_unc	  = 0	 +/-  0.996602	(limited)
jesUp_unc	  = 0	 +/-  0.996602	(limited)
lumi	  = 0	 +/-  0.996602	(limited)
pdf_unc	  = 0	 +/-  0.996602	(limited)
xs_Bkg	  = -0.434544	 +/-  0.243466	(limited)
Zero signal fit
   0) jerUp_unc                      =         0
   1) jesUp_unc                      =         0
   2) lumi                           =         0
   3) pdf_unc                        =         0
   4) xs_Bkg                         = -0.434544

Fitting of the background hypothesis done in 0.308808 s
[#1] INFO:Fitting -- RooAddition::defaultErrorLevel(nll_model_s_data_obs_with_constr) Summation contains a RooNLLVar, using its error level
Minuit2Minimizer: Minimize with max-calls 2500 convergence for edm < 0.01 strategy 1
MnSeedGenerator: for initial parameters FCN = 15.6713
MnSeedGenerator: Initial state:   - FCN =   15.67129173442 Edm =      6.18655 NCalls =     21
VariableMetric: start iterating until Edm is < 1e-05
VariableMetric: Initial state   - FCN =   15.67129173442 Edm =      6.18655 NCalls =     21
VariableMetric: Iteration #   1 - FCN =   9.920704691915 Edm =     0.450959 NCalls =     33
VariableMetric: Iteration #   2 - FCN =   9.355663472845 Edm =    0.0108589 NCalls =     45
VariableMetric: Iteration #   3 - FCN =   9.341445630302 Edm =  2.87193e-05 NCalls =     57
VariableMetric: Iteration #   4 - FCN =   9.341415533277 Edm =  4.35807e-08 NCalls =     68
VariableMetric: After Hessian   - FCN =   9.341415533277 Edm =  4.62488e-08 NCalls =     99
Number of iterations 6
----------> Iteration 0
            FVAL = 15.6712917344 Edm = 6.18654787643 Nfcn = 21
            Error matrix change = 1
            Parameters :  p0 = 0 p1 = 0 p2 = 0 p3 = 0 p4 = -0.434544
----------> Iteration 1
            FVAL = 9.92070469192 Edm = 0.450959171739 Nfcn = 33
            Error matrix change = 0.573328
            Parameters :  p0 = -0.507484 p1 = -0.619457 p2 = -0.575586 p3 = -0.723458 p4 = -1.30849
----------> Iteration 2
            FVAL = 9.35566347284 Edm = 0.0108589358117 Nfcn = 45
            Error matrix change = 0.368328
            Parameters :  p0 = -0.0688379 p1 = -0.0991425 p2 = -0.0862256 p3 = -0.1361 p4 = -1.47524
----------> Iteration 3
            FVAL = 9.3414456303 Edm = 2.87192947916e-05 Nfcn = 57
            Error matrix change = 0.191012
            Parameters :  p0 = -0.0943855 p1 = -0.1146 p2 = -0.106642 p3 = -0.134052 p4 = -1.52797
----------> Iteration 4
            FVAL = 9.34141553328 Edm = 4.35806717921e-08 Nfcn = 68
            Error matrix change = 0.107967
            Parameters :  p0 = -0.0896894 p1 = -0.111442 p2 = -0.102782 p3 = -0.132849 p4 = -1.52956
----------> Iteration 5
            FVAL = 9.34141553328 Edm = 4.62487923395e-08 Nfcn = 99
            Error matrix change = 0
            Parameters :  p0 = -0.0896894 p1 = -0.111442 p2 = -0.102782 p3 = -0.132849 p4 = -1.52956
Minuit2Minimizer : Valid minimum - status = 0
FVAL  = 9.3414155332772868
Edm   = 4.62487923395141244e-08
Nfcn  = 99
jerUp_unc	  = -0.0896894	 +/-  0.992923	(limited)
jesUp_unc	  = -0.111442	 +/-  0.990902	(limited)
lumi	  = -0.102782	 +/-  0.991761	(limited)
pdf_unc	  = -0.132849	 +/-  0.988462	(limited)
xs_Bkg	  = -1.52956	 +/-  0.361874	(limited)
Reference signal fit
   0) jerUp_unc                      = -0.0896894
   1) jesUp_unc                      = -0.111442
   2) lumi                           = -0.102782
   3) pdf_unc                        = -0.132849
   4) xs_Bkg                         =  -1.52956

Fitting of the signal-plus-background hypothesis done in 0.00240779 s
      Evaluation of p-values done in  6.03642 s
	CLs = 0.140299 +/- 0.020933
      Evaluation of p-values done in  6.17261 s
	CLs = 0.164964 +/- 0.0159166
      Evaluation of p-values done in  5.79147 s
	CLs = 0.169756 +/- 0.0132105
      Evaluation of p-values done in  6.21102 s
	CLs = 0.163059 +/- 0.0111147
      Evaluation of p-values done in  5.97817 s
	CLs = 0.159379 +/- 0.00980597
	CLs      = 0.159379 +/- 0.00980597
	CLb      = 0.3476 +/- 0.0067346
	CLsplusb = 0.0554 +/- 0.00323515

Hybrid result saved as HypoTestResult_mh120_r50_3234504753 in higgsCombineTest.HybridNew.mH120.-1669044461.root : higgsCombineTest.HybridNew.mH120.-1669044461.root:/toys

 -- Hybrid New -- 
CLs = 0.159379 +/- 0.00980597
Total toys: 10000
Done in 0.00 min (cpu), 0.51 min (real)
