>>> including systematics
>>> using the Profile Likelihood test statistics modified for upper limits (Q_LHC)
>>> method used to compute upper limit is HybridNew
>>> Using OpenSSL to get a really random seed 
>>> Used OpenSSL to get a really random seed 2065576793
Adding /uscms_data/d2/lpcljm/sapta/SUSYSearch/LimitSetting/CMSSW_7_1_5/src to include path
Adding /cvmfs/cms.cern.ch/slc6_amd64_gcc481/lcg/roofit/5.34.18-cms3//include to include path
Input workspace 'w': 

RooWorkspace(w) w contents

variables
---------
(jerUp_unc,jerUp_unc_In,jesUp_unc,jesUp_unc_In,lumi,lumi_In,n_obs_binbin1,pdf_unc,pdf_unc_In,r,xs_Bkg,xs_Bkg_In)

p.d.f.s
-------
SimpleGaussianConstraint::jerUp_unc_Pdf[ x=jerUp_unc mean=jerUp_unc_In sigma=1 ] = 1
SimpleGaussianConstraint::jesUp_unc_Pdf[ x=jesUp_unc mean=jesUp_unc_In sigma=1 ] = 1
SimpleGaussianConstraint::lumi_Pdf[ x=lumi mean=lumi_In sigma=1 ] = 1
RooProdPdf::modelObs_b[ pdf_binbin1_bonly ] = 0.0852248
RooProdPdf::modelObs_s[ pdf_binbin1 ] = 0.0734196
RooProdPdf::model_b[ modelObs_b * nuisancePdf ] = 0.0852248
RooProdPdf::model_s[ modelObs_s * nuisancePdf ] = 0.0734196
RooProdPdf::nuisancePdf[ lumi_Pdf * jesUp_unc_Pdf * pdf_unc_Pdf * xs_Bkg_Pdf * jerUp_unc_Pdf ] = 1
RooPoisson::pdf_binbin1[ x=n_obs_binbin1 mean=n_exp_binbin1 ] = 0.0734196
RooPoisson::pdf_binbin1_bonly[ x=n_obs_binbin1 mean=n_exp_binbin1_bonly ] = 0.0852248
SimpleGaussianConstraint::pdf_unc_Pdf[ x=pdf_unc mean=pdf_unc_In sigma=1 ] = 1
SimpleGaussianConstraint::xs_Bkg_Pdf[ x=xs_Bkg mean=xs_Bkg_In sigma=1 ] = 1

functions
--------
RooAddition::n_exp_binbin1[ n_exp_binbin1_proc_BH + n_exp_binbin1_proc_Background ] = 19.3081
RooAddition::n_exp_binbin1_bonly[ n_exp_binbin1_proc_Background ] = 18.3081
ProcessNormalization::n_exp_binbin1_proc_BH[ thetaList=(lumi,jesUp_unc,pdf_unc,jerUp_unc) asymmThetaList=() otherFactorList=(r) ] = 1
ProcessNormalization::n_exp_binbin1_proc_Background[ thetaList=(xs_Bkg) asymmThetaList=() otherFactorList=() ] = 18.3081

datasets
--------
RooDataSet::data_obs(n_obs_binbin1)

named sets
----------
ModelConfig_GlobalObservables:(lumi_In,jesUp_unc_In,pdf_unc_In,xs_Bkg_In,jerUp_unc_In)
ModelConfig_NuisParams:(lumi,jesUp_unc,pdf_unc,xs_Bkg,jerUp_unc)
ModelConfig_Observables:(n_obs_binbin1)
ModelConfig_POI:(r)
ModelConfig_bonly_GlobalObservables:(lumi_In,jesUp_unc_In,pdf_unc_In,xs_Bkg_In,jerUp_unc_In)
ModelConfig_bonly_NuisParams:(lumi,jesUp_unc,pdf_unc,xs_Bkg,jerUp_unc)
ModelConfig_bonly_Observables:(n_obs_binbin1)
ModelConfig_bonly_POI:(r)
POI:(r)
globalObservables:(lumi_In,jesUp_unc_In,pdf_unc_In,xs_Bkg_In,jerUp_unc_In)
nuisances:(lumi,jesUp_unc,pdf_unc,xs_Bkg,jerUp_unc)
observables:(n_obs_binbin1)

generic objects
---------------
RooStats::ModelConfig::ModelConfig
RooStats::ModelConfig::ModelConfig_bonly
RooArgSet::discreteParams

Workspace has a ModelConfig for signal called 'ModelConfig', with contents:

=== Using the following for ModelConfig ===
Observables:             RooArgSet:: = (n_obs_binbin1)
Parameters of Interest:  RooArgSet:: = (r)
Nuisance Parameters:     RooArgSet:: = (lumi,jesUp_unc,pdf_unc,xs_Bkg,jerUp_unc)
Global Observables:      RooArgSet:: = (lumi_In,jesUp_unc_In,pdf_unc_In,xs_Bkg_In,jerUp_unc_In)
PDF:                     RooProdPdf::model_s[ modelObs_s * nuisancePdf ] = 0.0734196

Input ModelConfig 'ModelConfig': 

=== Using the following for ModelConfig ===
Observables:             RooArgSet:: = (n_obs_binbin1)
Parameters of Interest:  RooArgSet:: = (r)
Nuisance Parameters:     RooArgSet:: = (lumi,jesUp_unc,pdf_unc,xs_Bkg,jerUp_unc)
Global Observables:      RooArgSet:: = (lumi_In,jesUp_unc_In,pdf_unc_In,xs_Bkg_In,jerUp_unc_In)
PDF:                     RooProdPdf::model_s[ modelObs_s * nuisancePdf ] = 0.0734196

[#1] INFO:ObjectHandling -- RooWorkspace::import(w) importing RooUniform::prior
Computing limit starting from observation
  1) RooRealVar:: n_obs_binbin1 = 16
Set default minimizer to Minuit2
  r = 5 +/- 0
[#1] INFO:Minization --  Including the following contraint terms in minimization: (nuisancePdf)
[#1] INFO:Fitting -- RooAddition::defaultErrorLevel(nll_model_s_data_obs_with_constr) Summation contains a RooNLLVar, using its error level
Minuit2Minimizer: Minimize with max-calls 2500 convergence for edm < 0.01 strategy 1
MnSeedGenerator: for initial parameters FCN = 7.05716
MnSeedGenerator: Initial state:   - FCN =   7.057155414178 Edm =     0.123731 NCalls =     21
VariableMetric: start iterating until Edm is < 1e-05
VariableMetric: Initial state   - FCN =   7.057155414178 Edm =     0.123731 NCalls =     21
VariableMetric: Iteration #   1 - FCN =   6.929764353745 Edm =  0.000240643 NCalls =     32
VariableMetric: Iteration #   2 - FCN =     6.9295009449 Edm =   5.5639e-07 NCalls =     43
VariableMetric: After Hessian   - FCN =     6.9295009449 Edm =  5.84958e-07 NCalls =     74
Number of iterations 4
----------> Iteration 0
            FVAL = 7.05715541418 Edm = 0.123730669504 Nfcn = 21
            Error matrix change = 1
            Parameters :  p0 = 0 p1 = 0 p2 = 0 p3 = 0 p4 = 0
----------> Iteration 1
            FVAL = 6.92976435375 Edm = 0.000240643445301 Nfcn = 32
            Error matrix change = 0.50083
            Parameters :  p0 = 0 p1 = 0 p2 = 0 p3 = 0 p4 = -0.19236
----------> Iteration 2
            FVAL = 6.9295009449 Edm = 5.56389803182e-07 Nfcn = 43
            Error matrix change = 0.251342
            Parameters :  p0 = 0 p1 = 0 p2 = 0 p3 = 0 p4 = -0.201232
----------> Iteration 3
            FVAL = 6.9295009449 Edm = 5.84957981315e-07 Nfcn = 74
            Error matrix change = 0
            Parameters :  p0 = 0 p1 = 0 p2 = 0 p3 = 0 p4 = -0.201232
Minuit2Minimizer : Valid minimum - status = 0
FVAL  = 6.92950094489999913
Edm   = 5.84957981314930397e-07
Nfcn  = 74
jerUp_unc	  = 0	 +/-  0.996602	(limited)
jesUp_unc	  = 0	 +/-  0.996602	(limited)
lumi	  = 0	 +/-  0.996602	(limited)
pdf_unc	  = 0	 +/-  0.996602	(limited)
xs_Bkg	  = -0.201232	 +/-  0.405232	(limited)
Zero signal fit
   0) jerUp_unc                      =         0
   1) jesUp_unc                      =         0
   2) lumi                           =         0
   3) pdf_unc                        =         0
   4) xs_Bkg                         = -0.201232

Fitting of the background hypothesis done in 0.232837 s
[#1] INFO:Fitting -- RooAddition::defaultErrorLevel(nll_model_s_data_obs_with_constr) Summation contains a RooNLLVar, using its error level
Minuit2Minimizer: Minimize with max-calls 2500 convergence for edm < 0.01 strategy 1
MnSeedGenerator: for initial parameters FCN = 7.66395
MnSeedGenerator: Initial state:   - FCN =   7.663954582657 Edm =     0.427009 NCalls =     21
VariableMetric: start iterating until Edm is < 1e-05
VariableMetric: Initial state   - FCN =   7.663954582657 Edm =     0.427009 NCalls =     21
VariableMetric: Iteration #   1 - FCN =   7.209034098914 Edm =   0.00442095 NCalls =     33
VariableMetric: Iteration #   2 - FCN =   7.203805112835 Edm =  2.11603e-05 NCalls =     45
VariableMetric: Iteration #   3 - FCN =   7.203781650689 Edm =  4.30333e-10 NCalls =     57
VariableMetric: After Hessian   - FCN =   7.203781650689 Edm =  4.30064e-10 NCalls =     88
Number of iterations 5
----------> Iteration 0
            FVAL = 7.66395458266 Edm = 0.427008646464 Nfcn = 21
            Error matrix change = 1
            Parameters :  p0 = 0 p1 = 0 p2 = 0 p3 = 0 p4 = -0.201232
----------> Iteration 1
            FVAL = 7.20903409891 Edm = 0.00442094652377 Nfcn = 33
            Error matrix change = 0.517506
            Parameters :  p0 = -0.0520581 p1 = -0.0646437 p2 = -0.0596321 p3 = -0.0770361 p4 = -0.626642
----------> Iteration 2
            FVAL = 7.20380511284 Edm = 2.11603187293e-05 Nfcn = 45
            Error matrix change = 0.269169
            Parameters :  p0 = -0.0167731 p1 = -0.020959 p2 = -0.0192829 p3 = -0.025164 p4 = -0.657427
----------> Iteration 3
            FVAL = 7.20378165069 Edm = 4.30332525297e-10 Nfcn = 57
            Error matrix change = 0.147026
            Parameters :  p0 = -0.0182733 p1 = -0.0227205 p2 = -0.0209475 p3 = -0.0271188 p4 = -0.660251
----------> Iteration 4
            FVAL = 7.20378165069 Edm = 4.30064334919e-10 Nfcn = 88
            Error matrix change = 0
            Parameters :  p0 = -0.0182733 p1 = -0.0227205 p2 = -0.0209475 p3 = -0.0271188 p4 = -0.660251
Minuit2Minimizer : Valid minimum - status = 0
FVAL  = 7.20378165068927778
Edm   = 4.3006433491946346e-10
Nfcn  = 88
jerUp_unc	  = -0.0182733	 +/-  0.995916	(limited)
jesUp_unc	  = -0.0227205	 +/-  0.99554	(limited)
lumi	  = -0.0209475	 +/-  0.9957	(limited)
pdf_unc	  = -0.0271188	 +/-  0.995087	(limited)
xs_Bkg	  = -0.660251	 +/-  0.505964	(limited)
Reference signal fit
   0) jerUp_unc                      = -0.0182733
   1) jesUp_unc                      = -0.0227205
   2) lumi                           = -0.0209475
   3) pdf_unc                        = -0.0271188
   4) xs_Bkg                         = -0.660251

Fitting of the signal-plus-background hypothesis done in 0.00159693 s
      Evaluation of p-values done in  5.4534 s
	CLs = 0.488372 +/- 0.0348339
      Evaluation of p-values done in  5.37416 s
	CLs = 0.497701 +/- 0.0246796
      Evaluation of p-values done in  5.21206 s
	CLs = 0.514526 +/- 0.0204762
      Evaluation of p-values done in  5.38763 s
	CLs = 0.526838 +/- 0.0181805
      Evaluation of p-values done in  5.25382 s
	CLs = 0.541938 +/- 0.0164898
	CLs      = 0.541938 +/- 0.0164898
	CLb      = 0.4292 +/- 0.00699982
	CLsplusb = 0.2326 +/- 0.0059749

Hybrid result saved as HypoTestResult_mh120_r5_2656652722 in higgsCombineTest.HybridNew.mH120.2065576793.root : higgsCombineTest.HybridNew.mH120.2065576793.root:/toys

 -- Hybrid New -- 
CLs = 0.541938 +/- 0.0164898
Total toys: 10000
Done in 0.00 min (cpu), 0.45 min (real)
