>>> including systematics
>>> using the Profile Likelihood test statistics modified for upper limits (Q_LHC)
>>> method used to compute upper limit is HybridNew
>>> Using OpenSSL to get a really random seed 
>>> Used OpenSSL to get a really random seed 52521459
Adding /uscms_data/d2/lpcljm/sapta/SUSYSearch/LimitSetting/CMSSW_7_1_5/src to include path
Adding /cvmfs/cms.cern.ch/slc6_amd64_gcc481/lcg/roofit/5.34.18-cms3//include to include path
Input workspace 'w': 

RooWorkspace(w) w contents

variables
---------
(jerUp_unc,jerUp_unc_In,jesUp_unc,jesUp_unc_In,lumi,lumi_In,n_obs_binbin1,pdf_unc,pdf_unc_In,r,xs_Bkg,xs_Bkg_In)

p.d.f.s
-------
SimpleGaussianConstraint::jerUp_unc_Pdf[ x=jerUp_unc mean=jerUp_unc_In sigma=1 ] = 1
SimpleGaussianConstraint::jesUp_unc_Pdf[ x=jesUp_unc mean=jesUp_unc_In sigma=1 ] = 1
SimpleGaussianConstraint::lumi_Pdf[ x=lumi mean=lumi_In sigma=1 ] = 1
RooProdPdf::modelObs_b[ pdf_binbin1_bonly ] = 0.00574904
RooProdPdf::modelObs_s[ pdf_binbin1 ] = 0.00496779
RooProdPdf::model_b[ modelObs_b * nuisancePdf ] = 0.00574904
RooProdPdf::model_s[ modelObs_s * nuisancePdf ] = 0.00496779
RooProdPdf::nuisancePdf[ lumi_Pdf * jesUp_unc_Pdf * pdf_unc_Pdf * xs_Bkg_Pdf * jerUp_unc_Pdf ] = 1
RooPoisson::pdf_binbin1[ x=n_obs_binbin1 mean=n_exp_binbin1 ] = 0.00496779
RooPoisson::pdf_binbin1_bonly[ x=n_obs_binbin1 mean=n_exp_binbin1_bonly ] = 0.00574904
SimpleGaussianConstraint::pdf_unc_Pdf[ x=pdf_unc mean=pdf_unc_In sigma=1 ] = 1
SimpleGaussianConstraint::xs_Bkg_Pdf[ x=xs_Bkg mean=xs_Bkg_In sigma=1 ] = 1

functions
--------
RooAddition::n_exp_binbin1[ n_exp_binbin1_proc_BH + n_exp_binbin1_proc_Background ] = 164.446
RooAddition::n_exp_binbin1_bonly[ n_exp_binbin1_proc_Background ] = 163.446
ProcessNormalization::n_exp_binbin1_proc_BH[ thetaList=(lumi,jesUp_unc,pdf_unc,jerUp_unc) asymmThetaList=() otherFactorList=(r) ] = 1
ProcessNormalization::n_exp_binbin1_proc_Background[ thetaList=(xs_Bkg) asymmThetaList=() otherFactorList=() ] = 163.446

datasets
--------
RooDataSet::data_obs(n_obs_binbin1)

named sets
----------
ModelConfig_GlobalObservables:(lumi_In,jesUp_unc_In,pdf_unc_In,xs_Bkg_In,jerUp_unc_In)
ModelConfig_NuisParams:(lumi,jesUp_unc,pdf_unc,xs_Bkg,jerUp_unc)
ModelConfig_Observables:(n_obs_binbin1)
ModelConfig_POI:(r)
ModelConfig_bonly_GlobalObservables:(lumi_In,jesUp_unc_In,pdf_unc_In,xs_Bkg_In,jerUp_unc_In)
ModelConfig_bonly_NuisParams:(lumi,jesUp_unc,pdf_unc,xs_Bkg,jerUp_unc)
ModelConfig_bonly_Observables:(n_obs_binbin1)
ModelConfig_bonly_POI:(r)
POI:(r)
globalObservables:(lumi_In,jesUp_unc_In,pdf_unc_In,xs_Bkg_In,jerUp_unc_In)
nuisances:(lumi,jesUp_unc,pdf_unc,xs_Bkg,jerUp_unc)
observables:(n_obs_binbin1)

generic objects
---------------
RooStats::ModelConfig::ModelConfig
RooStats::ModelConfig::ModelConfig_bonly
RooArgSet::discreteParams

Workspace has a ModelConfig for signal called 'ModelConfig', with contents:

=== Using the following for ModelConfig ===
Observables:             RooArgSet:: = (n_obs_binbin1)
Parameters of Interest:  RooArgSet:: = (r)
Nuisance Parameters:     RooArgSet:: = (lumi,jesUp_unc,pdf_unc,xs_Bkg,jerUp_unc)
Global Observables:      RooArgSet:: = (lumi_In,jesUp_unc_In,pdf_unc_In,xs_Bkg_In,jerUp_unc_In)
PDF:                     RooProdPdf::model_s[ modelObs_s * nuisancePdf ] = 0.00496779

Input ModelConfig 'ModelConfig': 

=== Using the following for ModelConfig ===
Observables:             RooArgSet:: = (n_obs_binbin1)
Parameters of Interest:  RooArgSet:: = (r)
Nuisance Parameters:     RooArgSet:: = (lumi,jesUp_unc,pdf_unc,xs_Bkg,jerUp_unc)
Global Observables:      RooArgSet:: = (lumi_In,jesUp_unc_In,pdf_unc_In,xs_Bkg_In,jerUp_unc_In)
PDF:                     RooProdPdf::model_s[ modelObs_s * nuisancePdf ] = 0.00496779

[#1] INFO:ObjectHandling -- RooWorkspace::import(w) importing RooUniform::prior
Computing limit starting from observation
  1) RooRealVar:: n_obs_binbin1 = 140
Set default minimizer to Minuit2
  r = 60 +/- 0
[#1] INFO:Minization --  Including the following contraint terms in minimization: (nuisancePdf)
[#1] INFO:Fitting -- RooAddition::defaultErrorLevel(nll_model_s_data_obs_with_constr) Summation contains a RooNLLVar, using its error level
Minuit2Minimizer: Minimize with max-calls 2500 convergence for edm < 0.01 strategy 1
MnSeedGenerator: for initial parameters FCN = 9.75341
MnSeedGenerator: Initial state:   - FCN =   9.753414335195 Edm =      1.59473 NCalls =     21
VariableMetric: start iterating until Edm is < 1e-05
VariableMetric: Initial state   - FCN =   9.753414335195 Edm =      1.59473 NCalls =     21
VariableMetric: Iteration #   1 - FCN =    8.09248621602 Edm =   0.00614251 NCalls =     32
VariableMetric: Iteration #   2 - FCN =   8.085456958466 Edm =  2.25229e-08 NCalls =     44
VariableMetric: After Hessian   - FCN =   8.085456958466 Edm =  2.43216e-08 NCalls =     75
Number of iterations 4
----------> Iteration 0
            FVAL = 9.7534143352 Edm = 1.59473354779 Nfcn = 21
            Error matrix change = 1
            Parameters :  p0 = 0 p1 = 0 p2 = 0 p3 = 0 p4 = 0
----------> Iteration 1
            FVAL = 8.09248621602 Edm = 0.0061425118635 Nfcn = 32
            Error matrix change = 0.500422
            Parameters :  p0 = 0 p1 = 0 p2 = 0 p3 = 0 p4 = -0.405768
----------> Iteration 2
            FVAL = 8.08545695847 Edm = 2.25228908642e-08 Nfcn = 44
            Error matrix change = 0.25072
            Parameters :  p0 = 0 p1 = 0 p2 = 0 p3 = 0 p4 = -0.434544
----------> Iteration 3
            FVAL = 8.08545695847 Edm = 2.43216205339e-08 Nfcn = 75
            Error matrix change = 0
            Parameters :  p0 = 0 p1 = 0 p2 = 0 p3 = 0 p4 = -0.434544
Minuit2Minimizer : Valid minimum - status = 0
FVAL  = 8.0854569584661391
Edm   = 2.43216205339157592e-08
Nfcn  = 75
jerUp_unc	  = 0	 +/-  0.996602	(limited)
jesUp_unc	  = 0	 +/-  0.996602	(limited)
lumi	  = 0	 +/-  0.996602	(limited)
pdf_unc	  = 0	 +/-  0.996602	(limited)
xs_Bkg	  = -0.434544	 +/-  0.243466	(limited)
Zero signal fit
   0) jerUp_unc                      =         0
   1) jesUp_unc                      =         0
   2) lumi                           =         0
   3) pdf_unc                        =         0
   4) xs_Bkg                         = -0.434544

Fitting of the background hypothesis done in 0.33249 s
[#1] INFO:Fitting -- RooAddition::defaultErrorLevel(nll_model_s_data_obs_with_constr) Summation contains a RooNLLVar, using its error level
Minuit2Minimizer: Minimize with max-calls 2500 convergence for edm < 0.01 strategy 1
MnSeedGenerator: for initial parameters FCN = 18.5378
MnSeedGenerator: Initial state:   - FCN =   18.53779339559 Edm =      8.58249 NCalls =     21
VariableMetric: start iterating until Edm is < 1e-05
VariableMetric: Initial state   - FCN =   18.53779339559 Edm =      8.58249 NCalls =     21
VariableMetric: Iteration #   1 - FCN =   10.83547795933 Edm =     0.601919 NCalls =     33
VariableMetric: Iteration #   2 - FCN =   9.872252694408 Edm =    0.0157411 NCalls =     45
VariableMetric: Iteration #   3 - FCN =   9.850600586992 Edm =  5.39447e-05 NCalls =     57
VariableMetric: Iteration #   4 - FCN =   9.850541674975 Edm =   2.9339e-08 NCalls =     69
VariableMetric: After Hessian   - FCN =   9.850541674975 Edm =  3.14063e-08 NCalls =    100
Number of iterations 6
----------> Iteration 0
            FVAL = 18.5377933956 Edm = 8.58248530221 Nfcn = 21
            Error matrix change = 1
            Parameters :  p0 = 0 p1 = 0 p2 = 0 p3 = 0 p4 = -0.434544
----------> Iteration 1
            FVAL = 10.8354779593 Edm = 0.601919095085 Nfcn = 33
            Error matrix change = 0.581363
            Parameters :  p0 = -0.619125 p1 = -0.751157 p2 = -0.699738 p3 = -0.871189 p4 = -1.35274
----------> Iteration 2
            FVAL = 9.87225269441 Edm = 0.0157411053592 Nfcn = 45
            Error matrix change = 0.378211
            Parameters :  p0 = -0.0957216 p1 = -0.144486 p2 = -0.123554 p3 = -0.204852 p4 = -1.69513
----------> Iteration 3
            FVAL = 9.85060058699 Edm = 5.39446869507e-05 Nfcn = 57
            Error matrix change = 0.197184
            Parameters :  p0 = -0.139743 p1 = -0.168722 p2 = -0.157293 p3 = -0.197081 p4 = -1.76113
----------> Iteration 4
            FVAL = 9.85054167498 Edm = 2.93389778811e-08 Nfcn = 69
            Error matrix change = 0.117737
            Parameters :  p0 = -0.132602 p1 = -0.164976 p2 = -0.152091 p3 = -0.196783 p4 = -1.7639
----------> Iteration 5
            FVAL = 9.85054167498 Edm = 3.14062623216e-08 Nfcn = 100
            Error matrix change = 0
            Parameters :  p0 = -0.132602 p1 = -0.164976 p2 = -0.152091 p3 = -0.196783 p4 = -1.7639
Minuit2Minimizer : Valid minimum - status = 0
FVAL  = 9.85054167497526301
Edm   = 3.14062623216251409e-08
Nfcn  = 100
jerUp_unc	  = -0.132602	 +/-  0.990934	(limited)
jesUp_unc	  = -0.164976	 +/-  0.987817	(limited)
lumi	  = -0.152091	 +/-  0.989143	(limited)
pdf_unc	  = -0.196783	 +/-  0.984048	(limited)
xs_Bkg	  = -1.7639	 +/-  0.392849	(limited)
Reference signal fit
   0) jerUp_unc                      = -0.132602
   1) jesUp_unc                      = -0.164976
   2) lumi                           = -0.152091
   3) pdf_unc                        = -0.196783
   4) xs_Bkg                         =   -1.7639

Fitting of the signal-plus-background hypothesis done in 0.00243783 s
      Evaluation of p-values done in  6.02989 s
	CLs = 0.0940439 +/- 0.0174598
      Evaluation of p-values done in  5.92568 s
	CLs = 0.0989505 +/- 0.012379
      Evaluation of p-values done in  5.78748 s
	CLs = 0.0882937 +/- 0.00949366
      Evaluation of p-values done in  6.14367 s
	CLs = 0.0922401 +/- 0.00833668
      Evaluation of p-values done in  5.94333 s
	CLs = 0.0951814 +/- 0.00764117
	CLs      = 0.0951814 +/- 0.00764117
	CLb      = 0.3362 +/- 0.00668086
	CLsplusb = 0.032 +/- 0.00248902

Hybrid result saved as HypoTestResult_mh120_r60_3022097063 in higgsCombineTest.HybridNew.mH120.52521459.root : higgsCombineTest.HybridNew.mH120.52521459.root:/toys

 -- Hybrid New -- 
CLs = 0.0951814 +/- 0.00764117
Total toys: 10000
Done in 0.00 min (cpu), 0.50 min (real)
