>>> including systematics
>>> using the Profile Likelihood test statistics modified for upper limits (Q_LHC)
>>> method used to compute upper limit is HybridNew
>>> Using OpenSSL to get a really random seed 
>>> Used OpenSSL to get a really random seed 325266803
Adding /uscms_data/d2/lpcljm/sapta/SUSYSearch/LimitSetting/CMSSW_7_1_5/src to include path
Adding /cvmfs/cms.cern.ch/slc6_amd64_gcc481/lcg/roofit/5.34.18-cms3//include to include path
Input workspace 'w': 

RooWorkspace(w) w contents

variables
---------
(jerUp_unc,jerUp_unc_In,jesUp_unc,jesUp_unc_In,lumi,lumi_In,n_obs_binbin1,pdf_unc,pdf_unc_In,r,xs_Bkg,xs_Bkg_In)

p.d.f.s
-------
SimpleGaussianConstraint::jerUp_unc_Pdf[ x=jerUp_unc mean=jerUp_unc_In sigma=1 ] = 1
SimpleGaussianConstraint::jesUp_unc_Pdf[ x=jesUp_unc mean=jesUp_unc_In sigma=1 ] = 1
SimpleGaussianConstraint::lumi_Pdf[ x=lumi mean=lumi_In sigma=1 ] = 1
RooProdPdf::modelObs_b[ pdf_binbin1_bonly ] = 0.0852248
RooProdPdf::modelObs_s[ pdf_binbin1 ] = 0.0734196
RooProdPdf::model_b[ modelObs_b * nuisancePdf ] = 0.0852248
RooProdPdf::model_s[ modelObs_s * nuisancePdf ] = 0.0734196
RooProdPdf::nuisancePdf[ lumi_Pdf * jesUp_unc_Pdf * pdf_unc_Pdf * xs_Bkg_Pdf * jerUp_unc_Pdf ] = 1
RooPoisson::pdf_binbin1[ x=n_obs_binbin1 mean=n_exp_binbin1 ] = 0.0734196
RooPoisson::pdf_binbin1_bonly[ x=n_obs_binbin1 mean=n_exp_binbin1_bonly ] = 0.0852248
SimpleGaussianConstraint::pdf_unc_Pdf[ x=pdf_unc mean=pdf_unc_In sigma=1 ] = 1
SimpleGaussianConstraint::xs_Bkg_Pdf[ x=xs_Bkg mean=xs_Bkg_In sigma=1 ] = 1

functions
--------
RooAddition::n_exp_binbin1[ n_exp_binbin1_proc_BH + n_exp_binbin1_proc_Background ] = 19.3081
RooAddition::n_exp_binbin1_bonly[ n_exp_binbin1_proc_Background ] = 18.3081
ProcessNormalization::n_exp_binbin1_proc_BH[ thetaList=(lumi,jesUp_unc,pdf_unc,jerUp_unc) asymmThetaList=() otherFactorList=(r) ] = 1
ProcessNormalization::n_exp_binbin1_proc_Background[ thetaList=(xs_Bkg) asymmThetaList=() otherFactorList=() ] = 18.3081

datasets
--------
RooDataSet::data_obs(n_obs_binbin1)

named sets
----------
ModelConfig_GlobalObservables:(lumi_In,jesUp_unc_In,pdf_unc_In,xs_Bkg_In,jerUp_unc_In)
ModelConfig_NuisParams:(lumi,jesUp_unc,pdf_unc,xs_Bkg,jerUp_unc)
ModelConfig_Observables:(n_obs_binbin1)
ModelConfig_POI:(r)
ModelConfig_bonly_GlobalObservables:(lumi_In,jesUp_unc_In,pdf_unc_In,xs_Bkg_In,jerUp_unc_In)
ModelConfig_bonly_NuisParams:(lumi,jesUp_unc,pdf_unc,xs_Bkg,jerUp_unc)
ModelConfig_bonly_Observables:(n_obs_binbin1)
ModelConfig_bonly_POI:(r)
POI:(r)
globalObservables:(lumi_In,jesUp_unc_In,pdf_unc_In,xs_Bkg_In,jerUp_unc_In)
nuisances:(lumi,jesUp_unc,pdf_unc,xs_Bkg,jerUp_unc)
observables:(n_obs_binbin1)

generic objects
---------------
RooStats::ModelConfig::ModelConfig
RooStats::ModelConfig::ModelConfig_bonly
RooArgSet::discreteParams

Workspace has a ModelConfig for signal called 'ModelConfig', with contents:

=== Using the following for ModelConfig ===
Observables:             RooArgSet:: = (n_obs_binbin1)
Parameters of Interest:  RooArgSet:: = (r)
Nuisance Parameters:     RooArgSet:: = (lumi,jesUp_unc,pdf_unc,xs_Bkg,jerUp_unc)
Global Observables:      RooArgSet:: = (lumi_In,jesUp_unc_In,pdf_unc_In,xs_Bkg_In,jerUp_unc_In)
PDF:                     RooProdPdf::model_s[ modelObs_s * nuisancePdf ] = 0.0734196

Input ModelConfig 'ModelConfig': 

=== Using the following for ModelConfig ===
Observables:             RooArgSet:: = (n_obs_binbin1)
Parameters of Interest:  RooArgSet:: = (r)
Nuisance Parameters:     RooArgSet:: = (lumi,jesUp_unc,pdf_unc,xs_Bkg,jerUp_unc)
Global Observables:      RooArgSet:: = (lumi_In,jesUp_unc_In,pdf_unc_In,xs_Bkg_In,jerUp_unc_In)
PDF:                     RooProdPdf::model_s[ modelObs_s * nuisancePdf ] = 0.0734196

[#1] INFO:ObjectHandling -- RooWorkspace::import(w) importing RooUniform::prior
Computing limit starting from observation
  1) RooRealVar:: n_obs_binbin1 = 16
Set default minimizer to Minuit2
  r = 7 +/- 0
[#1] INFO:Minization --  Including the following contraint terms in minimization: (nuisancePdf)
[#1] INFO:Fitting -- RooAddition::defaultErrorLevel(nll_model_s_data_obs_with_constr) Summation contains a RooNLLVar, using its error level
Minuit2Minimizer: Minimize with max-calls 2500 convergence for edm < 0.01 strategy 1
MnSeedGenerator: for initial parameters FCN = 7.05716
MnSeedGenerator: Initial state:   - FCN =   7.057155414178 Edm =     0.123731 NCalls =     21
VariableMetric: start iterating until Edm is < 1e-05
VariableMetric: Initial state   - FCN =   7.057155414178 Edm =     0.123731 NCalls =     21
VariableMetric: Iteration #   1 - FCN =   6.929764353745 Edm =  0.000240643 NCalls =     32
VariableMetric: Iteration #   2 - FCN =     6.9295009449 Edm =   5.5639e-07 NCalls =     43
VariableMetric: After Hessian   - FCN =     6.9295009449 Edm =  5.84958e-07 NCalls =     74
Number of iterations 4
----------> Iteration 0
            FVAL = 7.05715541418 Edm = 0.123730669504 Nfcn = 21
            Error matrix change = 1
            Parameters :  p0 = 0 p1 = 0 p2 = 0 p3 = 0 p4 = 0
----------> Iteration 1
            FVAL = 6.92976435375 Edm = 0.000240643445301 Nfcn = 32
            Error matrix change = 0.50083
            Parameters :  p0 = 0 p1 = 0 p2 = 0 p3 = 0 p4 = -0.19236
----------> Iteration 2
            FVAL = 6.9295009449 Edm = 5.56389803182e-07 Nfcn = 43
            Error matrix change = 0.251342
            Parameters :  p0 = 0 p1 = 0 p2 = 0 p3 = 0 p4 = -0.201232
----------> Iteration 3
            FVAL = 6.9295009449 Edm = 5.84957981315e-07 Nfcn = 74
            Error matrix change = 0
            Parameters :  p0 = 0 p1 = 0 p2 = 0 p3 = 0 p4 = -0.201232
Minuit2Minimizer : Valid minimum - status = 0
FVAL  = 6.92950094489999913
Edm   = 5.84957981314930397e-07
Nfcn  = 74
jerUp_unc	  = 0	 +/-  0.996602	(limited)
jesUp_unc	  = 0	 +/-  0.996602	(limited)
lumi	  = 0	 +/-  0.996602	(limited)
pdf_unc	  = 0	 +/-  0.996602	(limited)
xs_Bkg	  = -0.201232	 +/-  0.405232	(limited)
Zero signal fit
   0) jerUp_unc                      =         0
   1) jesUp_unc                      =         0
   2) lumi                           =         0
   3) pdf_unc                        =         0
   4) xs_Bkg                         = -0.201232

Fitting of the background hypothesis done in 0.292839 s
[#1] INFO:Fitting -- RooAddition::defaultErrorLevel(nll_model_s_data_obs_with_constr) Summation contains a RooNLLVar, using its error level
Minuit2Minimizer: Minimize with max-calls 2500 convergence for edm < 0.01 strategy 1
MnSeedGenerator: for initial parameters FCN = 8.23225
MnSeedGenerator: Initial state:   - FCN =   8.232248963258 Edm =     0.730288 NCalls =     21
VariableMetric: start iterating until Edm is < 1e-05
VariableMetric: Initial state   - FCN =   8.232248963258 Edm =     0.730288 NCalls =     21
VariableMetric: Iteration #   1 - FCN =   7.439300498353 Edm =    0.0119933 NCalls =     34
VariableMetric: Iteration #   2 - FCN =   7.426307236314 Edm =  5.82605e-05 NCalls =     46
VariableMetric: Iteration #   3 - FCN =   7.426236220711 Edm =  4.79477e-09 NCalls =     58
VariableMetric: After Hessian   - FCN =   7.426236220711 Edm =  4.84836e-09 NCalls =     89
Number of iterations 5
----------> Iteration 0
            FVAL = 8.23224896326 Edm = 0.730287512667 Nfcn = 21
            Error matrix change = 1
            Parameters :  p0 = 0 p1 = 0 p2 = 0 p3 = 0 p4 = -0.201232
----------> Iteration 1
            FVAL = 7.43930049835 Edm = 0.0119932629409 Nfcn = 34
            Error matrix change = 0.525336
            Parameters :  p0 = -0.0981576 p1 = -0.121733 p2 = -0.112356 p3 = -0.144849 p4 = -0.803507
----------> Iteration 2
            FVAL = 7.42630723631 Edm = 5.82605005161e-05 Nfcn = 46
            Error matrix change = 0.278636
            Parameters :  p0 = -0.0343878 p1 = -0.0430488 p2 = -0.0395756 p3 = -0.051795 p4 = -0.832318
----------> Iteration 3
            FVAL = 7.42623622071 Edm = 4.79477269754e-09 Nfcn = 58
            Error matrix change = 0.151245
            Parameters :  p0 = -0.0357619 p1 = -0.044432 p2 = -0.0409775 p3 = -0.0529887 p4 = -0.83845
----------> Iteration 4
            FVAL = 7.42623622071 Edm = 4.84835944384e-09 Nfcn = 89
            Error matrix change = 0
            Parameters :  p0 = -0.0357619 p1 = -0.044432 p2 = -0.0409775 p3 = -0.0529887 p4 = -0.83845
Minuit2Minimizer : Valid minimum - status = 0
FVAL  = 7.42623622071061895
Edm   = 4.84835944384221795e-09
Nfcn  = 89
jerUp_unc	  = -0.0357619	 +/-  0.995186	(limited)
jesUp_unc	  = -0.044432	 +/-  0.994409	(limited)
lumi	  = -0.0409775	 +/-  0.994739	(limited)
pdf_unc	  = -0.0529887	 +/-  0.993473	(limited)
xs_Bkg	  = -0.83845	 +/-  0.545247	(limited)
Reference signal fit
   0) jerUp_unc                      = -0.0357619
   1) jesUp_unc                      = -0.044432
   2) lumi                           = -0.0409775
   3) pdf_unc                        = -0.0529887
   4) xs_Bkg                         =  -0.83845

Fitting of the signal-plus-background hypothesis done in 0.002424 s
      Evaluation of p-values done in  5.55226 s
	CLs = 0.368778 +/- 0.0294963
      Evaluation of p-values done in  5.69307 s
	CLs = 0.373168 +/- 0.0209392
      Evaluation of p-values done in  5.24062 s
	CLs = 0.361174 +/- 0.0168212
      Evaluation of p-values done in  5.48229 s
	CLs = 0.374718 +/- 0.0148492
      Evaluation of p-values done in  5.3282 s
	CLs = 0.377101 +/- 0.0133813
	CLs      = 0.377101 +/- 0.0133813
	CLb      = 0.4402 +/- 0.00702031
	CLsplusb = 0.166 +/- 0.00526201

Hybrid result saved as HypoTestResult_mh120_r7_2388833550 in higgsCombineTest.HybridNew.mH120.325266803.root : higgsCombineTest.HybridNew.mH120.325266803.root:/toys

 -- Hybrid New -- 
CLs = 0.377101 +/- 0.0133813
Total toys: 10000
Done in 0.00 min (cpu), 0.46 min (real)
