>>> including systematics
>>> using the Profile Likelihood test statistics modified for upper limits (Q_LHC)
>>> method used to compute upper limit is HybridNew
>>> Using OpenSSL to get a really random seed 
>>> Used OpenSSL to get a really random seed -1730078111
Adding /uscms_data/d2/lpcljm/sapta/SUSYSearch/LimitSetting/CMSSW_7_1_5/src to include path
Adding /cvmfs/cms.cern.ch/slc6_amd64_gcc481/lcg/roofit/5.34.18-cms3//include to include path
Input workspace 'w': 

RooWorkspace(w) w contents

variables
---------
(jerUp_unc,jerUp_unc_In,jesUp_unc,jesUp_unc_In,lumi,lumi_In,n_obs_binbin1,pdf_unc,pdf_unc_In,r,xs_Bkg,xs_Bkg_In)

p.d.f.s
-------
SimpleGaussianConstraint::jerUp_unc_Pdf[ x=jerUp_unc mean=jerUp_unc_In sigma=1 ] = 1
SimpleGaussianConstraint::jesUp_unc_Pdf[ x=jesUp_unc mean=jesUp_unc_In sigma=1 ] = 1
SimpleGaussianConstraint::lumi_Pdf[ x=lumi mean=lumi_In sigma=1 ] = 1
RooProdPdf::modelObs_b[ pdf_binbin1_bonly ] = 0.00936378
RooProdPdf::modelObs_s[ pdf_binbin1 ] = 0.00944803
RooProdPdf::model_b[ modelObs_b * nuisancePdf ] = 0.00936378
RooProdPdf::model_s[ modelObs_s * nuisancePdf ] = 0.00944803
RooProdPdf::nuisancePdf[ lumi_Pdf * jesUp_unc_Pdf * pdf_unc_Pdf * xs_Bkg_Pdf * jerUp_unc_Pdf ] = 1
RooPoisson::pdf_binbin1[ x=n_obs_binbin1 mean=n_exp_binbin1 ] = 0.00944803
RooPoisson::pdf_binbin1_bonly[ x=n_obs_binbin1 mean=n_exp_binbin1_bonly ] = 0.00936378
SimpleGaussianConstraint::pdf_unc_Pdf[ x=pdf_unc mean=pdf_unc_In sigma=1 ] = 1
SimpleGaussianConstraint::xs_Bkg_Pdf[ x=xs_Bkg mean=xs_Bkg_In sigma=1 ] = 1

functions
--------
RooAddition::n_exp_binbin1[ n_exp_binbin1_proc_BH + n_exp_binbin1_proc_Background ] = 1572.42
RooAddition::n_exp_binbin1_bonly[ n_exp_binbin1_proc_Background ] = 1571.42
ProcessNormalization::n_exp_binbin1_proc_BH[ thetaList=(lumi,jesUp_unc,pdf_unc,jerUp_unc) asymmThetaList=() otherFactorList=(r) ] = 1
ProcessNormalization::n_exp_binbin1_proc_Background[ thetaList=(xs_Bkg) asymmThetaList=() otherFactorList=() ] = 1571.42

datasets
--------
RooDataSet::data_obs(n_obs_binbin1)

named sets
----------
ModelConfig_GlobalObservables:(lumi_In,jesUp_unc_In,pdf_unc_In,xs_Bkg_In,jerUp_unc_In)
ModelConfig_NuisParams:(lumi,jesUp_unc,pdf_unc,xs_Bkg,jerUp_unc)
ModelConfig_Observables:(n_obs_binbin1)
ModelConfig_POI:(r)
ModelConfig_bonly_GlobalObservables:(lumi_In,jesUp_unc_In,pdf_unc_In,xs_Bkg_In,jerUp_unc_In)
ModelConfig_bonly_NuisParams:(lumi,jesUp_unc,pdf_unc,xs_Bkg,jerUp_unc)
ModelConfig_bonly_Observables:(n_obs_binbin1)
ModelConfig_bonly_POI:(r)
POI:(r)
globalObservables:(lumi_In,jesUp_unc_In,pdf_unc_In,xs_Bkg_In,jerUp_unc_In)
nuisances:(lumi,jesUp_unc,pdf_unc,xs_Bkg,jerUp_unc)
observables:(n_obs_binbin1)

generic objects
---------------
RooStats::ModelConfig::ModelConfig
RooStats::ModelConfig::ModelConfig_bonly
RooArgSet::discreteParams

Workspace has a ModelConfig for signal called 'ModelConfig', with contents:

=== Using the following for ModelConfig ===
Observables:             RooArgSet:: = (n_obs_binbin1)
Parameters of Interest:  RooArgSet:: = (r)
Nuisance Parameters:     RooArgSet:: = (lumi,jesUp_unc,pdf_unc,xs_Bkg,jerUp_unc)
Global Observables:      RooArgSet:: = (lumi_In,jesUp_unc_In,pdf_unc_In,xs_Bkg_In,jerUp_unc_In)
PDF:                     RooProdPdf::model_s[ modelObs_s * nuisancePdf ] = 0.00944803

Input ModelConfig 'ModelConfig': 

=== Using the following for ModelConfig ===
Observables:             RooArgSet:: = (n_obs_binbin1)
Parameters of Interest:  RooArgSet:: = (r)
Nuisance Parameters:     RooArgSet:: = (lumi,jesUp_unc,pdf_unc,xs_Bkg,jerUp_unc)
Global Observables:      RooArgSet:: = (lumi_In,jesUp_unc_In,pdf_unc_In,xs_Bkg_In,jerUp_unc_In)
PDF:                     RooProdPdf::model_s[ modelObs_s * nuisancePdf ] = 0.00944803

[#1] INFO:ObjectHandling -- RooWorkspace::import(w) importing RooUniform::prior
Computing limit starting from observation
  1) RooRealVar:: n_obs_binbin1 = 1586
Set default minimizer to Minuit2
  r = 800 +/- 0
[#1] INFO:Minization --  Including the following contraint terms in minimization: (nuisancePdf)
[#1] INFO:Fitting -- RooAddition::defaultErrorLevel(nll_model_s_data_obs_with_constr) Summation contains a RooNLLVar, using its error level
Minuit2Minimizer: Minimize with max-calls 2500 convergence for edm < 0.01 strategy 1
MnSeedGenerator: for initial parameters FCN = 9.2656
MnSeedGenerator: Initial state:   - FCN =   9.265599034866 Edm =    0.0657392 NCalls =     21
VariableMetric: start iterating until Edm is < 1e-05
VariableMetric: Initial state   - FCN =   9.265599034866 Edm =    0.0657392 NCalls =     21
VariableMetric: Iteration #   1 - FCN =   9.200052302515 Edm =  1.26247e-06 NCalls =     32
VariableMetric: After Hessian   - FCN =   9.200052302515 Edm =  1.25152e-06 NCalls =     63
Number of iterations 3
----------> Iteration 0
            FVAL = 9.26559903487 Edm = 0.0657391620723 Nfcn = 21
            Error matrix change = 1
            Parameters :  p0 = 0 p1 = 0 p2 = 0 p3 = 0 p4 = 0
----------> Iteration 1
            FVAL = 9.20005230251 Edm = 1.26246769223e-06 Nfcn = 32
            Error matrix change = 0.500015
            Parameters :  p0 = 0 p1 = 0 p2 = 0 p3 = 0 p4 = 0.0607574
----------> Iteration 2
            FVAL = 9.20005230251 Edm = 1.25151979602e-06 Nfcn = 63
            Error matrix change = 0
            Parameters :  p0 = 0 p1 = 0 p2 = 0 p3 = 0 p4 = 0.0607574
Minuit2Minimizer : Valid minimum - status = 0
FVAL  = 9.20005230251479311
Edm   = 1.25151979601752853e-06
Nfcn  = 63
jerUp_unc	  = 0	 +/-  0.996602	(limited)
jesUp_unc	  = 0	 +/-  0.996602	(limited)
lumi	  = 0	 +/-  0.996602	(limited)
pdf_unc	  = 0	 +/-  0.996602	(limited)
xs_Bkg	  = 0.0607574	 +/-  0.166814	(limited)
Zero signal fit
   0) jerUp_unc                      =         0
   1) jesUp_unc                      =         0
   2) lumi                           =         0
   3) pdf_unc                        =         0
   4) xs_Bkg                         = 0.0607574

Fitting of the background hypothesis done in 0.29973 s
[#1] INFO:Fitting -- RooAddition::defaultErrorLevel(nll_model_s_data_obs_with_constr) Summation contains a RooNLLVar, using its error level
Minuit2Minimizer: Minimize with max-calls 2500 convergence for edm < 0.01 strategy 1
MnSeedGenerator: for initial parameters FCN = 161.357
MnSeedGenerator: Initial state:   - FCN =   161.3567243423 Edm =      272.121 NCalls =     19
VariableMetric: start iterating until Edm is < 1e-05
VariableMetric: Initial state   - FCN =   161.3567243423 Edm =      272.121 NCalls =     19
VariableMetric: Iteration #   1 - FCN =   35.86851149087 Edm =      5.64016 NCalls =     39
VariableMetric: Iteration #   2 - FCN =    19.8110237186 Edm =      1.16803 NCalls =     60
VariableMetric: Iteration #   3 - FCN =   17.51035310443 Edm =     0.441902 NCalls =     72
VariableMetric: Iteration #   4 - FCN =    16.9918982501 Edm =    0.0257374 NCalls =     83
VariableMetric: Iteration #   5 - FCN =   16.95496701405 Edm =   0.00147468 NCalls =     95
VariableMetric: Iteration #   6 - FCN =   16.95242189943 Edm =  0.000136483 NCalls =    107
VariableMetric: Iteration #   7 - FCN =   16.95227177395 Edm =  3.53633e-06 NCalls =    119
VariableMetric: After Hessian   - FCN =   16.95227177395 Edm =   6.3129e-06 NCalls =    150
Number of iterations 9
----------> Iteration 0
            FVAL = 161.356724342 Edm = 272.121343217 Nfcn = 19
            Error matrix change = 1
            Parameters :  p0 = 0 p1 = 0 p2 = 0 p3 = 0 p4 = 0.0607574
----------> Iteration 1
            FVAL = 35.8685114909 Edm = 5.64015967703 Nfcn = 39
            Error matrix change = 0.622902
            Parameters :  p0 = -3.40245 p1 = -3.45578 p2 = -3.45316 p3 = -3.3902 p4 = -1.53101
----------> Iteration 2
            FVAL = 19.8110237186 Edm = 1.16803287893 Nfcn = 60
            Error matrix change = 0.559308
            Parameters :  p0 = -0.334073 p1 = -1.31896 p2 = -0.960635 p3 = -2.00925 p4 = -2.60253
----------> Iteration 3
            FVAL = 17.5103531044 Edm = 0.441902344401 Nfcn = 72
            Error matrix change = 0.386477
            Parameters :  p0 = -0.900926 p1 = -1.20566 p2 = -1.04703 p3 = -1.69634 p4 = -3.08306
----------> Iteration 4
            FVAL = 16.9918982501 Edm = 0.0257373864754 Nfcn = 83
            Error matrix change = 0.257497
            Parameters :  p0 = -0.628026 p1 = -0.757739 p2 = -0.662936 p3 = -1.16953 p4 = -3.38761
----------> Iteration 5
            FVAL = 16.954967014 Edm = 0.00147468335914 Nfcn = 95
            Error matrix change = 0.214363
            Parameters :  p0 = -0.687676 p1 = -0.785315 p2 = -0.73473 p3 = -1.02275 p4 = -3.45074
----------> Iteration 6
            FVAL = 16.9524218994 Edm = 0.000136483248733 Nfcn = 107
            Error matrix change = 0.23112
            Parameters :  p0 = -0.654545 p1 = -0.809569 p2 = -0.751826 p3 = -0.977155 p4 = -3.45142
----------> Iteration 7
            FVAL = 16.9522717739 Edm = 3.53633034189e-06 Nfcn = 119
            Error matrix change = 0.159741
            Parameters :  p0 = -0.657777 p1 = -0.821028 p2 = -0.758629 p3 = -0.982259 p4 = -3.44522
----------> Iteration 8
            FVAL = 16.9522717739 Edm = 6.31290473887e-06 Nfcn = 150
            Error matrix change = 0
            Parameters :  p0 = -0.657777 p1 = -0.821028 p2 = -0.758629 p3 = -0.982259 p4 = -3.44522
Minuit2Minimizer : Valid minimum - status = 0
FVAL  = 16.9522717739488868
Edm   = 6.31290473887193421e-06
Nfcn  = 150
jerUp_unc	  = -0.657777	 +/-  0.970743	(limited)
jesUp_unc	  = -0.821028	 +/-  0.956302	(limited)
lumi	  = -0.758629	 +/-  0.962484	(limited)
pdf_unc	  = -0.982259	 +/-  0.938594	(limited)
xs_Bkg	  = -3.44522	 +/-  0.4421	(limited)
Reference signal fit
   0) jerUp_unc                      = -0.657777
   1) jesUp_unc                      = -0.821028
   2) lumi                           = -0.758629
   3) pdf_unc                        = -0.982259
   4) xs_Bkg                         =  -3.44522

Fitting of the signal-plus-background hypothesis done in 0.00272489 s
      Evaluation of p-values done in  6.92606 s
	CLs = 0 +/- 0
      Evaluation of p-values done in  6.85132 s
	CLs = 0 +/- 0
      Evaluation of p-values done in  7.37234 s
	CLs = 0 +/- 0
      Evaluation of p-values done in  6.6126 s
	CLs = 0 +/- 0
      Evaluation of p-values done in  6.6871 s
	CLs = 0 +/- 0
	CLs      = 0 +/- 0
	CLb      = 0.5228 +/- 0.00706371
	CLsplusb = 0 +/- 0

Hybrid result saved as HypoTestResult_mh120_r800_703832495 in higgsCombineTest.HybridNew.mH120.-1730078111.root : higgsCombineTest.HybridNew.mH120.-1730078111.root:/toys

 -- Hybrid New -- 
CLs = 0 +/- 0
Total toys: 10000
Done in 0.00 min (cpu), 0.58 min (real)
