>>> including systematics
>>> using the Profile Likelihood test statistics modified for upper limits (Q_LHC)
>>> method used to compute upper limit is HybridNew
>>> Using OpenSSL to get a really random seed 
>>> Used OpenSSL to get a really random seed -556048515
Adding /uscms_data/d2/lpcljm/sapta/SUSYSearch/LimitSetting/CMSSW_7_1_5/src to include path
Adding /cvmfs/cms.cern.ch/slc6_amd64_gcc481/lcg/roofit/5.34.18-cms3//include to include path
Input workspace 'w': 

RooWorkspace(w) w contents

variables
---------
(jerUp_unc,jerUp_unc_In,jesUp_unc,jesUp_unc_In,lumi,lumi_In,n_obs_binbin1,pdf_unc,pdf_unc_In,r,xs_Bkg,xs_Bkg_In)

p.d.f.s
-------
SimpleGaussianConstraint::jerUp_unc_Pdf[ x=jerUp_unc mean=jerUp_unc_In sigma=1 ] = 1
SimpleGaussianConstraint::jesUp_unc_Pdf[ x=jesUp_unc mean=jesUp_unc_In sigma=1 ] = 1
SimpleGaussianConstraint::lumi_Pdf[ x=lumi mean=lumi_In sigma=1 ] = 1
RooProdPdf::modelObs_b[ pdf_binbin1_bonly ] = 0.302996
RooProdPdf::modelObs_s[ pdf_binbin1 ] = 0.174854
RooProdPdf::model_b[ modelObs_b * nuisancePdf ] = 0.302996
RooProdPdf::model_s[ modelObs_s * nuisancePdf ] = 0.174854
RooProdPdf::nuisancePdf[ lumi_Pdf * jesUp_unc_Pdf * pdf_unc_Pdf * xs_Bkg_Pdf * jerUp_unc_Pdf ] = 1
RooPoisson::pdf_binbin1[ x=n_obs_binbin1 mean=n_exp_binbin1 ] = 0.174854
RooPoisson::pdf_binbin1_bonly[ x=n_obs_binbin1 mean=n_exp_binbin1_bonly ] = 0.302996
SimpleGaussianConstraint::pdf_unc_Pdf[ x=pdf_unc mean=pdf_unc_In sigma=1 ] = 1
SimpleGaussianConstraint::xs_Bkg_Pdf[ x=xs_Bkg mean=xs_Bkg_In sigma=1 ] = 1

functions
--------
RooAddition::n_exp_binbin1[ n_exp_binbin1_proc_BH + n_exp_binbin1_proc_Background ] = 2.75849
RooAddition::n_exp_binbin1_bonly[ n_exp_binbin1_proc_Background ] = 1.75849
ProcessNormalization::n_exp_binbin1_proc_BH[ thetaList=(lumi,jesUp_unc,pdf_unc,jerUp_unc) asymmThetaList=() otherFactorList=(r) ] = 1
ProcessNormalization::n_exp_binbin1_proc_Background[ thetaList=(xs_Bkg) asymmThetaList=() otherFactorList=() ] = 1.75849

datasets
--------
RooDataSet::data_obs(n_obs_binbin1)

named sets
----------
ModelConfig_GlobalObservables:(lumi_In,jesUp_unc_In,pdf_unc_In,xs_Bkg_In,jerUp_unc_In)
ModelConfig_NuisParams:(lumi,jesUp_unc,pdf_unc,xs_Bkg,jerUp_unc)
ModelConfig_Observables:(n_obs_binbin1)
ModelConfig_POI:(r)
ModelConfig_bonly_GlobalObservables:(lumi_In,jesUp_unc_In,pdf_unc_In,xs_Bkg_In,jerUp_unc_In)
ModelConfig_bonly_NuisParams:(lumi,jesUp_unc,pdf_unc,xs_Bkg,jerUp_unc)
ModelConfig_bonly_Observables:(n_obs_binbin1)
ModelConfig_bonly_POI:(r)
POI:(r)
globalObservables:(lumi_In,jesUp_unc_In,pdf_unc_In,xs_Bkg_In,jerUp_unc_In)
nuisances:(lumi,jesUp_unc,pdf_unc,xs_Bkg,jerUp_unc)
observables:(n_obs_binbin1)

generic objects
---------------
RooStats::ModelConfig::ModelConfig
RooStats::ModelConfig::ModelConfig_bonly
RooArgSet::discreteParams

Workspace has a ModelConfig for signal called 'ModelConfig', with contents:

=== Using the following for ModelConfig ===
Observables:             RooArgSet:: = (n_obs_binbin1)
Parameters of Interest:  RooArgSet:: = (r)
Nuisance Parameters:     RooArgSet:: = (lumi,jesUp_unc,pdf_unc,xs_Bkg,jerUp_unc)
Global Observables:      RooArgSet:: = (lumi_In,jesUp_unc_In,pdf_unc_In,xs_Bkg_In,jerUp_unc_In)
PDF:                     RooProdPdf::model_s[ modelObs_s * nuisancePdf ] = 0.174854

Input ModelConfig 'ModelConfig': 

=== Using the following for ModelConfig ===
Observables:             RooArgSet:: = (n_obs_binbin1)
Parameters of Interest:  RooArgSet:: = (r)
Nuisance Parameters:     RooArgSet:: = (lumi,jesUp_unc,pdf_unc,xs_Bkg,jerUp_unc)
Global Observables:      RooArgSet:: = (lumi_In,jesUp_unc_In,pdf_unc_In,xs_Bkg_In,jerUp_unc_In)
PDF:                     RooProdPdf::model_s[ modelObs_s * nuisancePdf ] = 0.174854

[#1] INFO:ObjectHandling -- RooWorkspace::import(w) importing RooUniform::prior
Computing limit starting from observation
  1) RooRealVar:: n_obs_binbin1 = 1
Set default minimizer to Minuit2
  r = 8 +/- 0
[#1] INFO:Minization --  Including the following contraint terms in minimization: (nuisancePdf)
[#1] INFO:Fitting -- RooAddition::defaultErrorLevel(nll_model_s_data_obs_with_constr) Summation contains a RooNLLVar, using its error level
Minuit2Minimizer: Minimize with max-calls 2500 convergence for edm < 0.01 strategy 1
MnSeedGenerator: for initial parameters FCN = 5.78873
MnSeedGenerator: Initial state:   - FCN =    5.78872717976 Edm =     0.080867 NCalls =     21
VariableMetric: start iterating until Edm is < 1e-05
VariableMetric: Initial state   - FCN =    5.78872717976 Edm =     0.080867 NCalls =     21
VariableMetric: Iteration #   1 - FCN =   5.705166161365 Edm =  0.000197042 NCalls =     32
VariableMetric: Iteration #   2 - FCN =   5.704947722388 Edm =   2.0906e-10 NCalls =     44
VariableMetric: After Hessian   - FCN =   5.704947722388 Edm =  2.18564e-10 NCalls =     75
Number of iterations 4
----------> Iteration 0
            FVAL = 5.78872717976 Edm = 0.0808670486392 Nfcn = 21
            Error matrix change = 1
            Parameters :  p0 = 0 p1 = 0 p2 = 0 p3 = 0 p4 = 0
----------> Iteration 1
            FVAL = 5.70516616136 Edm = 0.000197042181448 Nfcn = 32
            Error matrix change = 0.502897
            Parameters :  p0 = 0 p1 = 0 p2 = 0 p3 = 0 p4 = -0.285892
----------> Iteration 2
            FVAL = 5.70494772239 Edm = 2.09059943317e-10 Nfcn = 44
            Error matrix change = 0.254645
            Parameters :  p0 = 0 p1 = 0 p2 = 0 p3 = 0 p4 = -0.301526
----------> Iteration 3
            FVAL = 5.70494772239 Edm = 2.18563858869e-10 Nfcn = 75
            Error matrix change = 0
            Parameters :  p0 = 0 p1 = 0 p2 = 0 p3 = 0 p4 = -0.301526
Minuit2Minimizer : Valid minimum - status = 0
FVAL  = 5.70494772238752379
Edm   = 2.18563858868880141e-10
Nfcn  = 75
jerUp_unc	  = 0	 +/-  0.996602	(limited)
jesUp_unc	  = 0	 +/-  0.996602	(limited)
lumi	  = 0	 +/-  0.996602	(limited)
pdf_unc	  = 0	 +/-  0.996602	(limited)
xs_Bkg	  = -0.301526	 +/-  0.747924	(limited)
Zero signal fit
   0) jerUp_unc                      =         0
   1) jesUp_unc                      =         0
   2) lumi                           =         0
   3) pdf_unc                        =         0
   4) xs_Bkg                         = -0.301526

Fitting of the background hypothesis done in 0.315792 s
[#1] INFO:Fitting -- RooAddition::defaultErrorLevel(nll_model_s_data_obs_with_constr) Summation contains a RooNLLVar, using its error level
Minuit2Minimizer: Minimize with max-calls 2500 convergence for edm < 0.01 strategy 1
MnSeedGenerator: for initial parameters FCN = 11.8034
MnSeedGenerator: Initial state:   - FCN =   11.80339369588 Edm =     0.351319 NCalls =     21
VariableMetric: start iterating until Edm is < 1e-05
VariableMetric: Initial state   - FCN =   11.80339369588 Edm =     0.351319 NCalls =     21
VariableMetric: Iteration #   1 - FCN =   11.46158136645 Edm =  0.000979228 NCalls =     32
VariableMetric: Iteration #   2 - FCN =   11.46059464777 Edm =  3.38549e-06 NCalls =     43
VariableMetric: After Hessian   - FCN =   11.46059464777 Edm =  3.70179e-06 NCalls =     74
Number of iterations 4
----------> Iteration 0
            FVAL = 11.8033936959 Edm = 0.35131873214 Nfcn = 21
            Error matrix change = 1
            Parameters :  p0 = 0 p1 = 0 p2 = 0 p3 = 0 p4 = -0.301526
----------> Iteration 1
            FVAL = 11.4615813664 Edm = 0.000979227811359 Nfcn = 32
            Error matrix change = 0.519097
            Parameters :  p0 = -0.276975 p1 = -0.342264 p2 = -0.316382 p3 = -0.405511 p4 = -0.670987
----------> Iteration 2
            FVAL = 11.4605946478 Edm = 3.38549358622e-06 Nfcn = 43
            Error matrix change = 0.26986
            Parameters :  p0 = -0.260792 p1 = -0.324474 p2 = -0.299074 p3 = -0.387534 p4 = -0.689471
----------> Iteration 3
            FVAL = 11.4605946478 Edm = 3.70179171521e-06 Nfcn = 74
            Error matrix change = 0
            Parameters :  p0 = -0.260792 p1 = -0.324474 p2 = -0.299074 p3 = -0.387534 p4 = -0.689471
Minuit2Minimizer : Valid minimum - status = 0
FVAL  = 11.4605946477655252
Edm   = 3.70179171521451574e-06
Nfcn  = 74
jerUp_unc	  = -0.260792	 +/-  0.99131	(limited)
jesUp_unc	  = -0.324474	 +/-  0.988401	(limited)
lumi	  = -0.299074	 +/-  0.989638	(limited)
pdf_unc	  = -0.387534	 +/-  0.984883	(limited)
xs_Bkg	  = -0.689471	 +/-  0.807999	(limited)
Reference signal fit
   0) jerUp_unc                      = -0.260792
   1) jesUp_unc                      = -0.324474
   2) lumi                           = -0.299074
   3) pdf_unc                        = -0.387534
   4) xs_Bkg                         = -0.689471

Fitting of the signal-plus-background hypothesis done in 0.00211811 s
      Evaluation of p-values done in  5.60615 s
	CLs = 0.00262467 +/- 0.00262549
      Evaluation of p-values done in  5.27057 s
	CLs = 0.00125313 +/- 0.00125329
      Evaluation of p-values done in  5.40473 s
	CLs = 0.000820345 +/- 0.000820408
      Evaluation of p-values done in  5.36899 s
	CLs = 0.000613121 +/- 0.000613155
      Evaluation of p-values done in  5.43388 s
	CLs = 0.0004995 +/- 0.000499525
	CLs      = 0.0004995 +/- 0.000499525
	CLb      = 0.4004 +/- 0.00692936
	CLsplusb = 0.0002 +/- 0.00019998

Hybrid result saved as HypoTestResult_mh120_r8_3604062611 in higgsCombineTest.HybridNew.mH120.-556048515.root : higgsCombineTest.HybridNew.mH120.-556048515.root:/toys

 -- Hybrid New -- 
CLs = 0.0004995 +/- 0.000499525
Total toys: 10000
Done in 0.00 min (cpu), 0.46 min (real)
