>>> including systematics
>>> using the Profile Likelihood test statistics modified for upper limits (Q_LHC)
>>> method used to compute upper limit is HybridNew
>>> Using OpenSSL to get a really random seed 
>>> Used OpenSSL to get a really random seed 1725495105
Adding /uscms_data/d2/lpcljm/sapta/SUSYSearch/LimitSetting/CMSSW_7_1_5/src to include path
Adding /cvmfs/cms.cern.ch/slc6_amd64_gcc481/lcg/roofit/5.34.18-cms3//include to include path
Input workspace 'w': 

RooWorkspace(w) w contents

variables
---------
(jerUp_unc,jerUp_unc_In,jesUp_unc,jesUp_unc_In,lumi,lumi_In,n_obs_binbin1,pdf_unc,pdf_unc_In,r,xs_Bkg,xs_Bkg_In)

p.d.f.s
-------
SimpleGaussianConstraint::jerUp_unc_Pdf[ x=jerUp_unc mean=jerUp_unc_In sigma=1 ] = 1
SimpleGaussianConstraint::jesUp_unc_Pdf[ x=jesUp_unc mean=jesUp_unc_In sigma=1 ] = 1
SimpleGaussianConstraint::lumi_Pdf[ x=lumi mean=lumi_In sigma=1 ] = 1
RooProdPdf::modelObs_b[ pdf_binbin1_bonly ] = 0.00574904
RooProdPdf::modelObs_s[ pdf_binbin1 ] = 0.00496779
RooProdPdf::model_b[ modelObs_b * nuisancePdf ] = 0.00574904
RooProdPdf::model_s[ modelObs_s * nuisancePdf ] = 0.00496779
RooProdPdf::nuisancePdf[ lumi_Pdf * jesUp_unc_Pdf * pdf_unc_Pdf * xs_Bkg_Pdf * jerUp_unc_Pdf ] = 1
RooPoisson::pdf_binbin1[ x=n_obs_binbin1 mean=n_exp_binbin1 ] = 0.00496779
RooPoisson::pdf_binbin1_bonly[ x=n_obs_binbin1 mean=n_exp_binbin1_bonly ] = 0.00574904
SimpleGaussianConstraint::pdf_unc_Pdf[ x=pdf_unc mean=pdf_unc_In sigma=1 ] = 1
SimpleGaussianConstraint::xs_Bkg_Pdf[ x=xs_Bkg mean=xs_Bkg_In sigma=1 ] = 1

functions
--------
RooAddition::n_exp_binbin1[ n_exp_binbin1_proc_BH + n_exp_binbin1_proc_Background ] = 164.446
RooAddition::n_exp_binbin1_bonly[ n_exp_binbin1_proc_Background ] = 163.446
ProcessNormalization::n_exp_binbin1_proc_BH[ thetaList=(lumi,jesUp_unc,pdf_unc,jerUp_unc) asymmThetaList=() otherFactorList=(r) ] = 1
ProcessNormalization::n_exp_binbin1_proc_Background[ thetaList=(xs_Bkg) asymmThetaList=() otherFactorList=() ] = 163.446

datasets
--------
RooDataSet::data_obs(n_obs_binbin1)

named sets
----------
ModelConfig_GlobalObservables:(lumi_In,jesUp_unc_In,pdf_unc_In,xs_Bkg_In,jerUp_unc_In)
ModelConfig_NuisParams:(lumi,jesUp_unc,pdf_unc,xs_Bkg,jerUp_unc)
ModelConfig_Observables:(n_obs_binbin1)
ModelConfig_POI:(r)
ModelConfig_bonly_GlobalObservables:(lumi_In,jesUp_unc_In,pdf_unc_In,xs_Bkg_In,jerUp_unc_In)
ModelConfig_bonly_NuisParams:(lumi,jesUp_unc,pdf_unc,xs_Bkg,jerUp_unc)
ModelConfig_bonly_Observables:(n_obs_binbin1)
ModelConfig_bonly_POI:(r)
POI:(r)
globalObservables:(lumi_In,jesUp_unc_In,pdf_unc_In,xs_Bkg_In,jerUp_unc_In)
nuisances:(lumi,jesUp_unc,pdf_unc,xs_Bkg,jerUp_unc)
observables:(n_obs_binbin1)

generic objects
---------------
RooStats::ModelConfig::ModelConfig
RooStats::ModelConfig::ModelConfig_bonly
RooArgSet::discreteParams

Workspace has a ModelConfig for signal called 'ModelConfig', with contents:

=== Using the following for ModelConfig ===
Observables:             RooArgSet:: = (n_obs_binbin1)
Parameters of Interest:  RooArgSet:: = (r)
Nuisance Parameters:     RooArgSet:: = (lumi,jesUp_unc,pdf_unc,xs_Bkg,jerUp_unc)
Global Observables:      RooArgSet:: = (lumi_In,jesUp_unc_In,pdf_unc_In,xs_Bkg_In,jerUp_unc_In)
PDF:                     RooProdPdf::model_s[ modelObs_s * nuisancePdf ] = 0.00496779

Input ModelConfig 'ModelConfig': 

=== Using the following for ModelConfig ===
Observables:             RooArgSet:: = (n_obs_binbin1)
Parameters of Interest:  RooArgSet:: = (r)
Nuisance Parameters:     RooArgSet:: = (lumi,jesUp_unc,pdf_unc,xs_Bkg,jerUp_unc)
Global Observables:      RooArgSet:: = (lumi_In,jesUp_unc_In,pdf_unc_In,xs_Bkg_In,jerUp_unc_In)
PDF:                     RooProdPdf::model_s[ modelObs_s * nuisancePdf ] = 0.00496779

[#1] INFO:ObjectHandling -- RooWorkspace::import(w) importing RooUniform::prior
Computing limit starting from observation
  1) RooRealVar:: n_obs_binbin1 = 140
Set default minimizer to Minuit2
  r = 90 +/- 0
[#1] INFO:Minization --  Including the following contraint terms in minimization: (nuisancePdf)
[#1] INFO:Fitting -- RooAddition::defaultErrorLevel(nll_model_s_data_obs_with_constr) Summation contains a RooNLLVar, using its error level
Minuit2Minimizer: Minimize with max-calls 2500 convergence for edm < 0.01 strategy 1
MnSeedGenerator: for initial parameters FCN = 9.75341
MnSeedGenerator: Initial state:   - FCN =   9.753414335195 Edm =      1.59473 NCalls =     21
VariableMetric: start iterating until Edm is < 1e-05
VariableMetric: Initial state   - FCN =   9.753414335195 Edm =      1.59473 NCalls =     21
VariableMetric: Iteration #   1 - FCN =    8.09248621602 Edm =   0.00614251 NCalls =     32
VariableMetric: Iteration #   2 - FCN =   8.085456958466 Edm =  2.25229e-08 NCalls =     44
VariableMetric: After Hessian   - FCN =   8.085456958466 Edm =  2.43216e-08 NCalls =     75
Number of iterations 4
----------> Iteration 0
            FVAL = 9.7534143352 Edm = 1.59473354779 Nfcn = 21
            Error matrix change = 1
            Parameters :  p0 = 0 p1 = 0 p2 = 0 p3 = 0 p4 = 0
----------> Iteration 1
            FVAL = 8.09248621602 Edm = 0.0061425118635 Nfcn = 32
            Error matrix change = 0.500422
            Parameters :  p0 = 0 p1 = 0 p2 = 0 p3 = 0 p4 = -0.405768
----------> Iteration 2
            FVAL = 8.08545695847 Edm = 2.25228908642e-08 Nfcn = 44
            Error matrix change = 0.25072
            Parameters :  p0 = 0 p1 = 0 p2 = 0 p3 = 0 p4 = -0.434544
----------> Iteration 3
            FVAL = 8.08545695847 Edm = 2.43216205339e-08 Nfcn = 75
            Error matrix change = 0
            Parameters :  p0 = 0 p1 = 0 p2 = 0 p3 = 0 p4 = -0.434544
Minuit2Minimizer : Valid minimum - status = 0
FVAL  = 8.0854569584661391
Edm   = 2.43216205339157592e-08
Nfcn  = 75
jerUp_unc	  = 0	 +/-  0.996602	(limited)
jesUp_unc	  = 0	 +/-  0.996602	(limited)
lumi	  = 0	 +/-  0.996602	(limited)
pdf_unc	  = 0	 +/-  0.996602	(limited)
xs_Bkg	  = -0.434544	 +/-  0.243466	(limited)
Zero signal fit
   0) jerUp_unc                      =         0
   1) jesUp_unc                      =         0
   2) lumi                           =         0
   3) pdf_unc                        =         0
   4) xs_Bkg                         = -0.434544

Fitting of the background hypothesis done in 0.481507 s
[#1] INFO:Fitting -- RooAddition::defaultErrorLevel(nll_model_s_data_obs_with_constr) Summation contains a RooNLLVar, using its error level
Minuit2Minimizer: Minimize with max-calls 2500 convergence for edm < 0.01 strategy 1
MnSeedGenerator: for initial parameters FCN = 29.0891
MnSeedGenerator: Initial state:   - FCN =   29.08906436769 Edm =      17.6931 NCalls =     21
VariableMetric: start iterating until Edm is < 1e-05
VariableMetric: Initial state   - FCN =   29.08906436769 Edm =      17.6931 NCalls =     21
VariableMetric: Iteration #   1 - FCN =   14.69750832041 Edm =      1.29546 NCalls =     33
VariableMetric: Iteration #   2 - FCN =   12.21717035626 Edm =    0.0823131 NCalls =     45
VariableMetric: Iteration #   3 - FCN =   12.07967894797 Edm =   0.00134509 NCalls =     57
VariableMetric: Iteration #   4 - FCN =   12.07805338518 Edm =  4.42377e-06 NCalls =     69
VariableMetric: After Hessian   - FCN =   12.07805338518 Edm =  4.91053e-06 NCalls =    100
Number of iterations 6
----------> Iteration 0
            FVAL = 29.0890643677 Edm = 17.6931391278 Nfcn = 21
            Error matrix change = 1
            Parameters :  p0 = 0 p1 = 0 p2 = 0 p3 = 0 p4 = -0.434544
----------> Iteration 1
            FVAL = 14.6975083204 Edm = 1.29545670189 Nfcn = 33
            Error matrix change = 0.596603
            Parameters :  p0 = -1.05998 p1 = -1.26106 p2 = -1.18435 p3 = -1.43107 p4 = -1.56416
----------> Iteration 2
            FVAL = 12.2171703563 Edm = 0.0823130646681 Nfcn = 45
            Error matrix change = 0.39983
            Parameters :  p0 = -0.234762 p1 = -0.376012 p2 = -0.315709 p3 = -0.544844 p4 = -2.22168
----------> Iteration 3
            FVAL = 12.079678948 Edm = 0.00134508820495 Nfcn = 57
            Error matrix change = 0.220571
            Parameters :  p0 = -0.359882 p1 = -0.425892 p2 = -0.399497 p3 = -0.496055 p4 = -2.41041
----------> Iteration 4
            FVAL = 12.0780533852 Edm = 4.42377407528e-06 Nfcn = 69
            Error matrix change = 0.140001
            Parameters :  p0 = -0.327829 p1 = -0.407058 p2 = -0.375688 p3 = -0.483968 p4 = -2.43159
----------> Iteration 5
            FVAL = 12.0780533852 Edm = 4.91052612263e-06 Nfcn = 100
            Error matrix change = 0
            Parameters :  p0 = -0.327829 p1 = -0.407058 p2 = -0.375688 p3 = -0.483968 p4 = -2.43159
Minuit2Minimizer : Valid minimum - status = 0
FVAL  = 12.0780533851769771
Edm   = 4.91052612262701649e-06
Nfcn  = 100
jerUp_unc	  = -0.327829	 +/-  0.982434	(limited)
jesUp_unc	  = -0.407058	 +/-  0.974585	(limited)
lumi	  = -0.375688	 +/-  0.977929	(limited)
pdf_unc	  = -0.483968	 +/-  0.965033	(limited)
xs_Bkg	  = -2.43159	 +/-  0.479646	(limited)
Reference signal fit
   0) jerUp_unc                      = -0.327829
   1) jesUp_unc                      = -0.407058
   2) lumi                           = -0.375688
   3) pdf_unc                        = -0.483968
   4) xs_Bkg                         =  -2.43159

Fitting of the signal-plus-background hypothesis done in 0.00243616 s
      Evaluation of p-values done in  6.14276 s
	CLs = 0.0057971 +/- 0.00410285
      Evaluation of p-values done in  5.97546 s
	CLs = 0.00881057 +/- 0.00360195
      Evaluation of p-values done in  6.24366 s
	CLs = 0.00788955 +/- 0.00279294
      Evaluation of p-values done in  5.91731 s
	CLs = 0.00729927 +/- 0.00231088
      Evaluation of p-values done in  6.89197 s
	CLs = 0.00635471 +/- 0.00191789
	CLs      = 0.00635471 +/- 0.00191789
	CLb      = 0.3462 +/- 0.00672823
	CLsplusb = 0.0022 +/- 0.000662595

Hybrid result saved as HypoTestResult_mh120_r90_1484296748 in higgsCombineTest.HybridNew.mH120.1725495105.root : higgsCombineTest.HybridNew.mH120.1725495105.root:/toys

 -- Hybrid New -- 
CLs = 0.00635471 +/- 0.00191789
Total toys: 10000
Done in 0.00 min (cpu), 0.53 min (real)
