	CLs = 0.045 +/- 0.0156605
	CLs = 0.0422475 +/- 0.0106662
	CLs = 0.0522908 +/- 0.00987318
	CLs = 0.0480251 +/- 0.00815761
	CLs = 0.0468567 +/- 0.00722838
	CLs = 0.0425113 +/- 0.00626526
	CLs = 0.0410962 +/- 0.00571693
	CLs = 0.0461221 +/- 0.00568452
	CLs = 0.0464107 +/- 0.00543209
	CLs = 0.0436313 +/- 0.00500175
	CLs = 0.0472159 +/- 0.00497251
	CLs      = 0.0472159 +/- 0.00497251
	CLb      = 0.381227 +/- 0.0130507
	CLsplusb = 0.018 +/- 0.00179271


 -- HybridNew, before fit -- 
Limit: r < 3.57301 +/- 0.870895 [3.41018, 4.44757]
Fit to 4 points: 3.71422 +/- 0.0622362

 -- Hybrid New -- 
Limit: r < 3.71422 +/- 0.0622362 @ 95% CL
Done in 0.01 min (cpu), 1.29 min (real)
