	CLs = 0.0859375 +/- 0.0287806
	CLs = 0.0707949 +/- 0.0163429
	CLs = 0.0649278 +/- 0.012535
	CLs = 0.0656087 +/- 0.0108864
	CLs = 0.0648061 +/- 0.00975725
	CLs = 0.0621525 +/- 0.00851834
	CLs = 0.0635729 +/- 0.00791621
	CLs = 0.0609191 +/- 0.00713576
	CLs = 0.0595111 +/- 0.00664864
	CLs = 0.0611514 +/- 0.00646894
	CLs = 0.0626844 +/- 0.00622528
	CLs = 0.0632033 +/- 0.00595219
	CLs = 0.0646694 +/- 0.00581516
	CLs = 0.0649817 +/- 0.00563216
	CLs = 0.0661348 +/- 0.00549263
	CLs = 0.0645179 +/- 0.00519183
	CLs = 0.0647005 +/- 0.00506837
	CLs = 0.0642005 +/- 0.00491049
	CLs      = 0.0642005 +/- 0.00491049
	CLb      = 0.339215 +/- 0.00994356
	CLsplusb = 0.0217778 +/- 0.00153852


 -- Hybrid New -- 
Limit: r < 2.76317 +/- 0.107956 @ 95% CL
Done in 0.00 min (cpu), 1.03 min (real)
