>>> including systematics
>>> using the Profile Likelihood test statistics modified for upper limits (Q_LHC)
>>> method used to compute upper limit is HybridNew
>>> random number generator seed is 123456
Adding /uscms_data/d2/lpcljm/sapta/SUSYSearch/LimitSetting/CMSSW_7_1_5/src to include path
Adding /cvmfs/cms.cern.ch/slc6_amd64_gcc481/lcg/roofit/5.34.18-cms3//include to include path
Input workspace 'w': 

RooWorkspace(w) w contents

variables
---------
(jerUp_unc,jerUp_unc_In,jesUp_unc,jesUp_unc_In,lumi,lumi_In,n_obs_binbin1,pdf_unc,pdf_unc_In,r,xs_Bkg,xs_Bkg_In)

p.d.f.s
-------
SimpleGaussianConstraint::jerUp_unc_Pdf[ x=jerUp_unc mean=jerUp_unc_In sigma=1 ] = 1
SimpleGaussianConstraint::jesUp_unc_Pdf[ x=jesUp_unc mean=jesUp_unc_In sigma=1 ] = 1
SimpleGaussianConstraint::lumi_Pdf[ x=lumi mean=lumi_In sigma=1 ] = 1
RooProdPdf::modelObs_b[ pdf_binbin1_bonly ] = 1.50717e-06
RooProdPdf::modelObs_s[ pdf_binbin1 ] = 1.16377e-06
RooProdPdf::model_b[ modelObs_b * nuisancePdf ] = 1.50717e-06
RooProdPdf::model_s[ modelObs_s * nuisancePdf ] = 1.16377e-06
RooProdPdf::nuisancePdf[ lumi_Pdf * jesUp_unc_Pdf * pdf_unc_Pdf * xs_Bkg_Pdf * jerUp_unc_Pdf ] = 1
RooPoisson::pdf_binbin1[ x=n_obs_binbin1 mean=n_exp_binbin1 ] = 1.16377e-06
RooPoisson::pdf_binbin1_bonly[ x=n_obs_binbin1 mean=n_exp_binbin1_bonly ] = 1.50717e-06
SimpleGaussianConstraint::pdf_unc_Pdf[ x=pdf_unc mean=pdf_unc_In sigma=1 ] = 1
SimpleGaussianConstraint::xs_Bkg_Pdf[ x=xs_Bkg mean=xs_Bkg_In sigma=1 ] = 1

functions
--------
RooAddition::n_exp_binbin1[ n_exp_binbin1_proc_BH + n_exp_binbin1_proc_Background ] = 271.596
RooAddition::n_exp_binbin1_bonly[ n_exp_binbin1_proc_Background ] = 270.596
ProcessNormalization::n_exp_binbin1_proc_BH[ thetaList=(lumi,jesUp_unc,pdf_unc) asymmThetaList=() otherFactorList=(r) ] = 1
ProcessNormalization::n_exp_binbin1_proc_Background[ thetaList=(xs_Bkg,jerUp_unc) asymmThetaList=() otherFactorList=() ] = 270.596

datasets
--------
RooDataSet::data_obs(n_obs_binbin1)

named sets
----------
ModelConfig_GlobalObservables:(lumi_In,jesUp_unc_In,pdf_unc_In,xs_Bkg_In,jerUp_unc_In)
ModelConfig_NuisParams:(lumi,jesUp_unc,pdf_unc,xs_Bkg,jerUp_unc)
ModelConfig_Observables:(n_obs_binbin1)
ModelConfig_POI:(r)
ModelConfig_bonly_GlobalObservables:(lumi_In,jesUp_unc_In,pdf_unc_In,xs_Bkg_In,jerUp_unc_In)
ModelConfig_bonly_NuisParams:(lumi,jesUp_unc,pdf_unc,xs_Bkg,jerUp_unc)
ModelConfig_bonly_Observables:(n_obs_binbin1)
ModelConfig_bonly_POI:(r)
POI:(r)
globalObservables:(lumi_In,jesUp_unc_In,pdf_unc_In,xs_Bkg_In,jerUp_unc_In)
nuisances:(lumi,jesUp_unc,pdf_unc,xs_Bkg,jerUp_unc)
observables:(n_obs_binbin1)

generic objects
---------------
RooStats::ModelConfig::ModelConfig
RooStats::ModelConfig::ModelConfig_bonly
RooArgSet::discreteParams

Workspace has a ModelConfig for signal called 'ModelConfig', with contents:

=== Using the following for ModelConfig ===
Observables:             RooArgSet:: = (n_obs_binbin1)
Parameters of Interest:  RooArgSet:: = (r)
Nuisance Parameters:     RooArgSet:: = (lumi,jesUp_unc,pdf_unc,xs_Bkg,jerUp_unc)
Global Observables:      RooArgSet:: = (lumi_In,jesUp_unc_In,pdf_unc_In,xs_Bkg_In,jerUp_unc_In)
PDF:                     RooProdPdf::model_s[ modelObs_s * nuisancePdf ] = 1.16377e-06

Input ModelConfig 'ModelConfig': 

=== Using the following for ModelConfig ===
Observables:             RooArgSet:: = (n_obs_binbin1)
Parameters of Interest:  RooArgSet:: = (r)
Nuisance Parameters:     RooArgSet:: = (lumi,jesUp_unc,pdf_unc,xs_Bkg,jerUp_unc)
Global Observables:      RooArgSet:: = (lumi_In,jesUp_unc_In,pdf_unc_In,xs_Bkg_In,jerUp_unc_In)
PDF:                     RooProdPdf::model_s[ modelObs_s * nuisancePdf ] = 1.16377e-06

[#1] INFO:ObjectHandling -- RooWorkspace::import(w) importing RooUniform::prior
Computing limit starting from observation
  1) RooRealVar:: n_obs_binbin1 = 201
Set default minimizer to Minuit2
Search for upper limit using pre-computed grid of p-values
  Do HypoTestResult_mh120_r120_964444096 -> 120 --> 120
  Do HypoTestResult_mh120_r200_2037250717 -> 200 --> 200
  Do HypoTestResult_mh120_r220_1453842590 -> 220 --> 220
  Do HypoTestResult_mh120_r180_3786002073 -> 180 --> 180
  Do HypoTestResult_mh120_r70_2285771085 -> 70 --> 70
  Do HypoTestResult_mh120_r100_3464340719 -> 100 --> 100
  Do HypoTestResult_mh120_r140_618195548 -> 140 --> 140
  Do HypoTestResult_mh120_r80_2948778599 -> 80 --> 80
  Do HypoTestResult_mh120_r90_2136776544 -> 90 --> 90
  Do HypoTestResult_mh120_r160_2025440575 -> 160 --> 160
GRID, as is.
  - 70  (CLs = 0.237082 +/- 0.0141556)
  - 80  (CLs = 0.186695 +/- 0.0120223)
  - 90  (CLs = 0.122975 +/- 0.00977972)
  - 100  (CLs = 0.0782866 +/- 0.0077391)
  - 120  (CLs = 0.0266379 +/- 0.00440508)
  - 140  (CLs = 0.00844476 +/- 0.00244223)
  - 160  (CLs = 0.00265252 +/- 0.00132696)
  - 180  (CLs = 0.000662691 +/- 0.000662778)
  - 200  (CLs = 0 +/- 0)
  - 220  (CLs = 0 +/- 0)
Bisecting range [0, 9]
At r = 120:
	CLs      = 0.0149254 +/- 0.0106281
	CLb      = 0.0268 +/- 0.00228393
	CLsplusb = 0.0004 +/- 0.000282786

    Midpoint 4 value 0.0149254 +/- 0.0106281
    Replacing Max
Bisecting range [0, 4]
At r = 90:
	CLs      = 0.0777126 +/- 0.0109721
	CLb      = 0.1364 +/- 0.00485376
	CLsplusb = 0.0106 +/- 0.00144828

    Midpoint 2 value 0.0777126 +/- 0.0109721
    Tightening Range
At r = 80:
	CLs      = 0.142322 +/- 0.0139594
	CLb      = 0.1602 +/- 0.00518721
	CLsplusb = 0.0228 +/- 0.00211093

        Lowpoint 1 value 0.142322 +/- 0.0139594
At r = 100:
	CLs      = 0.0506135 +/- 0.00897398
	CLb      = 0.1304 +/- 0.00476227
	CLsplusb = 0.0066 +/- 0.00114511

        Highpoint 3 value 0.0506135 +/- 0.00897398
Final range [1, 4]
  Will not use point 0 (r 70)
   Point 1 (r 80) was already updated during search.
   Point 2 (r 90) was already updated during search.
   Point 3 (r 100) was already updated during search.
   Point 4 (r 120) was already updated during search.
  Will not use point 5 (r 140)
  Will not use point 6 (r 160)
  Will not use point 7 (r 180)
  Will not use point 8 (r 200)
  Will not use point 9 (r 220)
  r 80.00: CLs = 0.1423 +/- 0.0140
  r 90.00: CLs = 0.0777 +/- 0.0110
  r 100.00: CLs = 0.0506 +/- 0.0090
  r 120.00: CLs = 0.0149 +/- 0.0106
 after scan x ~ 100, bounds [ 80, 120]

 -- HybridNew, before fit -- 
Limit: r < 100 +/- 20 [80, 120]

****************************************
Minimizer is Minuit2 / Migrad
Chi2                      =     0.279783
NDf                       =            2
Edm                       =  1.37679e-07
NCalls                    =           39
p0                        =         0.05                      	 (fixed)
p1                        =   -0.0541105   +/-   0.00892465  
p2                        =      99.1084   +/-   2.48394     
Fit to 4 points: 99.1084 +/- 2.48394

 -- Hybrid New -- 
Limit: r < 99.1084 +/- 2.48394 @ 95% CL
Total toys: 0
Done in 0.00 min (cpu), 0.01 min (real)
