>>> including systematics
>>> using the Profile Likelihood test statistics modified for upper limits (Q_LHC)
>>> method used to compute upper limit is HybridNew
>>> random number generator seed is 123456
Adding /uscms_data/d2/lpcljm/sapta/SUSYSearch/LimitSetting/CMSSW_7_1_5/src to include path
Adding /cvmfs/cms.cern.ch/slc6_amd64_gcc481/lcg/roofit/5.34.18-cms3//include to include path
Input workspace 'w': 

RooWorkspace(w) w contents

variables
---------
(jerUp_unc,jerUp_unc_In,jesUp_unc,jesUp_unc_In,lumi,lumi_In,n_obs_binbin1,pdf_unc,pdf_unc_In,r,xs_Bkg,xs_Bkg_In)

p.d.f.s
-------
SimpleGaussianConstraint::jerUp_unc_Pdf[ x=jerUp_unc mean=jerUp_unc_In sigma=1 ] = 1
SimpleGaussianConstraint::jesUp_unc_Pdf[ x=jesUp_unc mean=jesUp_unc_In sigma=1 ] = 1
SimpleGaussianConstraint::lumi_Pdf[ x=lumi mean=lumi_In sigma=1 ] = 1
RooProdPdf::modelObs_b[ pdf_binbin1_bonly ] = 0.493559
RooProdPdf::modelObs_s[ pdf_binbin1 ] = 0.18157
RooProdPdf::model_b[ modelObs_b * nuisancePdf ] = 0.493559
RooProdPdf::model_s[ modelObs_s * nuisancePdf ] = 0.18157
RooProdPdf::nuisancePdf[ lumi_Pdf * jesUp_unc_Pdf * pdf_unc_Pdf * xs_Bkg_Pdf * jerUp_unc_Pdf ] = 1
RooPoisson::pdf_binbin1[ x=n_obs_binbin1 mean=n_exp_binbin1 ] = 0.18157
RooPoisson::pdf_binbin1_bonly[ x=n_obs_binbin1 mean=n_exp_binbin1_bonly ] = 0.493559
SimpleGaussianConstraint::pdf_unc_Pdf[ x=pdf_unc mean=pdf_unc_In sigma=1 ] = 1
SimpleGaussianConstraint::xs_Bkg_Pdf[ x=xs_Bkg mean=xs_Bkg_In sigma=1 ] = 1

functions
--------
RooAddition::n_exp_binbin1[ n_exp_binbin1_proc_BH + n_exp_binbin1_proc_Background ] = 1.70611
RooAddition::n_exp_binbin1_bonly[ n_exp_binbin1_proc_Background ] = 0.706112
ProcessNormalization::n_exp_binbin1_proc_BH[ thetaList=(lumi,jesUp_unc,pdf_unc) asymmThetaList=() otherFactorList=(r) ] = 1
ProcessNormalization::n_exp_binbin1_proc_Background[ thetaList=(xs_Bkg,jerUp_unc) asymmThetaList=() otherFactorList=() ] = 0.706112

datasets
--------
RooDataSet::data_obs(n_obs_binbin1)

named sets
----------
ModelConfig_GlobalObservables:(lumi_In,jesUp_unc_In,pdf_unc_In,xs_Bkg_In,jerUp_unc_In)
ModelConfig_NuisParams:(lumi,jesUp_unc,pdf_unc,xs_Bkg,jerUp_unc)
ModelConfig_Observables:(n_obs_binbin1)
ModelConfig_POI:(r)
ModelConfig_bonly_GlobalObservables:(lumi_In,jesUp_unc_In,pdf_unc_In,xs_Bkg_In,jerUp_unc_In)
ModelConfig_bonly_NuisParams:(lumi,jesUp_unc,pdf_unc,xs_Bkg,jerUp_unc)
ModelConfig_bonly_Observables:(n_obs_binbin1)
ModelConfig_bonly_POI:(r)
POI:(r)
globalObservables:(lumi_In,jesUp_unc_In,pdf_unc_In,xs_Bkg_In,jerUp_unc_In)
nuisances:(lumi,jesUp_unc,pdf_unc,xs_Bkg,jerUp_unc)
observables:(n_obs_binbin1)

generic objects
---------------
RooStats::ModelConfig::ModelConfig
RooStats::ModelConfig::ModelConfig_bonly
RooArgSet::discreteParams

Workspace has a ModelConfig for signal called 'ModelConfig', with contents:

=== Using the following for ModelConfig ===
Observables:             RooArgSet:: = (n_obs_binbin1)
Parameters of Interest:  RooArgSet:: = (r)
Nuisance Parameters:     RooArgSet:: = (lumi,jesUp_unc,pdf_unc,xs_Bkg,jerUp_unc)
Global Observables:      RooArgSet:: = (lumi_In,jesUp_unc_In,pdf_unc_In,xs_Bkg_In,jerUp_unc_In)
PDF:                     RooProdPdf::model_s[ modelObs_s * nuisancePdf ] = 0.18157

Input ModelConfig 'ModelConfig': 

=== Using the following for ModelConfig ===
Observables:             RooArgSet:: = (n_obs_binbin1)
Parameters of Interest:  RooArgSet:: = (r)
Nuisance Parameters:     RooArgSet:: = (lumi,jesUp_unc,pdf_unc,xs_Bkg,jerUp_unc)
Global Observables:      RooArgSet:: = (lumi_In,jesUp_unc_In,pdf_unc_In,xs_Bkg_In,jerUp_unc_In)
PDF:                     RooProdPdf::model_s[ modelObs_s * nuisancePdf ] = 0.18157

[#1] INFO:ObjectHandling -- RooWorkspace::import(w) importing RooUniform::prior
Computing limit starting from observation
  1) RooRealVar:: n_obs_binbin1 = 0
Set default minimizer to Minuit2
Search for upper limit using pre-computed grid of p-values
  Do HypoTestResult_mh120_r10_652072705 -> 10 --> 10
  Do HypoTestResult_mh120_r8_4285444464 -> 8 --> 8
  Do HypoTestResult_mh120_r4.5_3404941969 -> 4.5 --> 4.5
  Do HypoTestResult_mh120_r7_3694195933 -> 7 --> 7
  Do HypoTestResult_mh120_r2.5_1012289498 -> 2.5 --> 2.5
  Do HypoTestResult_mh120_r2_2641228836 -> 2 --> 2
  Do HypoTestResult_mh120_r1_782504604 -> 1 --> 1
  Do HypoTestResult_mh120_r9_4138733729 -> 9 --> 9
  Do HypoTestResult_mh120_r3.5_995923786 -> 3.5 --> 3.5
  Do HypoTestResult_mh120_r1.5_3206387447 -> 1.5 --> 1.5
  Do HypoTestResult_mh120_r12_1069409463 -> 12 --> 12
  Do HypoTestResult_mh120_r5_2871974130 -> 5 --> 5
  Do HypoTestResult_mh120_r11_1817580338 -> 11 --> 11
  Do HypoTestResult_mh120_r4_3141742792 -> 4 --> 4
  Do HypoTestResult_mh120_r5.5_1261933662 -> 5.5 --> 5.5
  Do HypoTestResult_mh120_r14_3518950692 -> 14 --> 14
  Do HypoTestResult_mh120_r3_3097274558 -> 3 --> 3
  Do HypoTestResult_mh120_r6_1636594179 -> 6 --> 6
GRID, as is.
  - 1  (CLs = 0.355422 +/- 0.0154816)
  - 1.5  (CLs = 0.197855 +/- 0.0112063)
  - 2  (CLs = 0.113184 +/- 0.00855749)
  - 2.5  (CLs = 0.0893513 +/- 0.00750833)
  - 3  (CLs = 0.0374622 +/- 0.00478774)
  - 3.5  (CLs = 0.0307018 +/- 0.00441024)
  - 4  (CLs = 0.0160099 +/- 0.00314858)
  - 4.5  (CLs = 0.0068793 +/- 0.00207676)
  - 5  (CLs = 0.00592066 +/- 0.00187408)
  - 5.5  (CLs = 0.00294811 +/- 0.00131906)
  - 6  (CLs = 0.00242277 +/- 0.00121189)
  - 7  (CLs = 0 +/- 0)
  - 8  (CLs = 0 +/- 0)
  - 9  (CLs = 0 +/- 0)
  - 10  (CLs = 0 +/- 0)
  - 11  (CLs = 0 +/- 0)
  - 12  (CLs = 0 +/- 0)
  - 14  (CLs = 0 +/- 0)
Bisecting range [0, 17]
At r = 5:
	CLs      = 0.00386598 +/- 0.002235
	CLb      = 0.1552 +/- 0.0051208
	CLsplusb = 0.0006 +/- 0.000346306

    Midpoint 8 value 0.00386598 +/- 0.002235
    Replacing Max
Bisecting range [0, 8]
At r = 3:
	CLs      = 0.0343348 +/- 0.0070947
	CLb      = 0.1398 +/- 0.0049042
	CLsplusb = 0.0048 +/- 0.000977442

    Midpoint 4 value 0.0343348 +/- 0.0070947
    Tightening Range
At r = 2:
	CLs      = 0.0942211 +/- 0.0112236
	CLb      = 0.1592 +/- 0.00517408
	CLsplusb = 0.015 +/- 0.00171901

        Lowpoint 2 value 0.0942211 +/- 0.0112236
At r = 2.5:
	CLs      = 0.0788804 +/- 0.0102851
	CLb      = 0.1572 +/- 0.00514759
	CLsplusb = 0.0124 +/- 0.00156501

        Lowpoint 3 value 0.0788804 +/- 0.0102851
At r = 4:
	CLs      = 0.0139344 +/- 0.00339163
	CLb      = 0.244 +/- 0.00607394
	CLsplusb = 0.0034 +/- 0.000823218

        Highpoint 6 value 0.0139344 +/- 0.00339163
At r = 3.5:
	CLs      = 0.0308989 +/- 0.0041849
	CLb      = 0.356 +/- 0.00677147
	CLsplusb = 0.011 +/- 0.00147506

        Highpoint 5 value 0.0308989 +/- 0.0041849
Final range [2, 6]
  Will not use point 0 (r 1)
  Will not use point 1 (r 1.5)
   Point 2 (r 2) was already updated during search.
   Point 3 (r 2.5) was already updated during search.
   Point 4 (r 3) was already updated during search.
   Point 5 (r 3.5) was already updated during search.
   Point 6 (r 4) was already updated during search.
  Will not use point 7 (r 4.5)
  Will not use point 8 (r 5)
  Will not use point 9 (r 5.5)
  Will not use point 10 (r 6)
  Will not use point 11 (r 7)
  Will not use point 12 (r 8)
  Will not use point 13 (r 9)
  Will not use point 14 (r 10)
  Will not use point 15 (r 11)
  Will not use point 16 (r 12)
  Will not use point 17 (r 14)
  r 2.00: CLs = 0.0942 +/- 0.0112
  r 2.50: CLs = 0.0789 +/- 0.0103
  r 3.00: CLs = 0.0343 +/- 0.0071
  r 3.50: CLs = 0.0309 +/- 0.0042
  r 4.00: CLs = 0.0139 +/- 0.0034
 after scan x ~ 3, bounds [ 2, 4]

 -- HybridNew, before fit -- 
Limit: r < 3 +/- 1 [2, 4]

****************************************
Minimizer is Minuit2 / Migrad
Chi2                      =      5.16924
NDf                       =            3
Edm                       =  4.92972e-08
NCalls                    =           42
p0                        =         0.05                      	 (fixed)
p1                        =    -0.893226   +/-   0.0923625   
p2                        =      2.78633   +/-   0.0757819   
Fit to 5 points: 2.78633 +/- 0.0757819

 -- Hybrid New -- 
Limit: r < 2.78633 +/- 0.0757819 @ 95% CL
Total toys: 0
Done in 0.01 min (cpu), 0.02 min (real)
