>>> including systematics
>>> using the Profile Likelihood test statistics modified for upper limits (Q_LHC)
>>> method used to compute upper limit is HybridNew
>>> random number generator seed is 123456
Adding /uscms_data/d2/lpcljm/sapta/SUSYSearch/LimitSetting/CMSSW_7_1_5/src to include path
Adding /cvmfs/cms.cern.ch/slc6_amd64_gcc481/lcg/roofit/5.34.18-cms3//include to include path
Input workspace 'w': 

RooWorkspace(w) w contents

variables
---------
(jerUp_unc,jerUp_unc_In,jesUp_unc,jesUp_unc_In,lumi,lumi_In,n_obs_binbin1,pdf_unc,pdf_unc_In,r,xs_Bkg,xs_Bkg_In)

p.d.f.s
-------
SimpleGaussianConstraint::jerUp_unc_Pdf[ x=jerUp_unc mean=jerUp_unc_In sigma=1 ] = 1
SimpleGaussianConstraint::jesUp_unc_Pdf[ x=jesUp_unc mean=jesUp_unc_In sigma=1 ] = 1
SimpleGaussianConstraint::lumi_Pdf[ x=lumi mean=lumi_In sigma=1 ] = 1
RooProdPdf::modelObs_b[ pdf_binbin1_bonly ] = 2.70653e-10
RooProdPdf::modelObs_s[ pdf_binbin1 ] = 2.42367e-10
RooProdPdf::model_b[ modelObs_b * nuisancePdf ] = 2.70653e-10
RooProdPdf::model_s[ modelObs_s * nuisancePdf ] = 2.42367e-10
RooProdPdf::nuisancePdf[ lumi_Pdf * jesUp_unc_Pdf * pdf_unc_Pdf * xs_Bkg_Pdf * jerUp_unc_Pdf ] = 1
RooPoisson::pdf_binbin1[ x=n_obs_binbin1 mean=n_exp_binbin1 ] = 2.42367e-10
RooPoisson::pdf_binbin1_bonly[ x=n_obs_binbin1 mean=n_exp_binbin1_bonly ] = 2.70653e-10
SimpleGaussianConstraint::pdf_unc_Pdf[ x=pdf_unc mean=pdf_unc_In sigma=1 ] = 1
SimpleGaussianConstraint::xs_Bkg_Pdf[ x=xs_Bkg mean=xs_Bkg_In sigma=1 ] = 1

functions
--------
RooAddition::n_exp_binbin1[ n_exp_binbin1_proc_BH + n_exp_binbin1_proc_Background ] = 2728.65
RooAddition::n_exp_binbin1_bonly[ n_exp_binbin1_proc_Background ] = 2727.65
ProcessNormalization::n_exp_binbin1_proc_BH[ thetaList=(lumi,jesUp_unc,pdf_unc) asymmThetaList=() otherFactorList=(r) ] = 1
ProcessNormalization::n_exp_binbin1_proc_Background[ thetaList=(xs_Bkg,jerUp_unc) asymmThetaList=() otherFactorList=() ] = 2727.65

datasets
--------
RooDataSet::data_obs(n_obs_binbin1)

named sets
----------
ModelConfig_GlobalObservables:(lumi_In,jesUp_unc_In,pdf_unc_In,xs_Bkg_In,jerUp_unc_In)
ModelConfig_NuisParams:(lumi,jesUp_unc,pdf_unc,xs_Bkg,jerUp_unc)
ModelConfig_Observables:(n_obs_binbin1)
ModelConfig_POI:(r)
ModelConfig_bonly_GlobalObservables:(lumi_In,jesUp_unc_In,pdf_unc_In,xs_Bkg_In,jerUp_unc_In)
ModelConfig_bonly_NuisParams:(lumi,jesUp_unc,pdf_unc,xs_Bkg,jerUp_unc)
ModelConfig_bonly_Observables:(n_obs_binbin1)
ModelConfig_bonly_POI:(r)
POI:(r)
globalObservables:(lumi_In,jesUp_unc_In,pdf_unc_In,xs_Bkg_In,jerUp_unc_In)
nuisances:(lumi,jesUp_unc,pdf_unc,xs_Bkg,jerUp_unc)
observables:(n_obs_binbin1)

generic objects
---------------
RooStats::ModelConfig::ModelConfig
RooStats::ModelConfig::ModelConfig_bonly
RooArgSet::discreteParams

Workspace has a ModelConfig for signal called 'ModelConfig', with contents:

=== Using the following for ModelConfig ===
Observables:             RooArgSet:: = (n_obs_binbin1)
Parameters of Interest:  RooArgSet:: = (r)
Nuisance Parameters:     RooArgSet:: = (lumi,jesUp_unc,pdf_unc,xs_Bkg,jerUp_unc)
Global Observables:      RooArgSet:: = (lumi_In,jesUp_unc_In,pdf_unc_In,xs_Bkg_In,jerUp_unc_In)
PDF:                     RooProdPdf::model_s[ modelObs_s * nuisancePdf ] = 2.42367e-10

Input ModelConfig 'ModelConfig': 

=== Using the following for ModelConfig ===
Observables:             RooArgSet:: = (n_obs_binbin1)
Parameters of Interest:  RooArgSet:: = (r)
Nuisance Parameters:     RooArgSet:: = (lumi,jesUp_unc,pdf_unc,xs_Bkg,jerUp_unc)
Global Observables:      RooArgSet:: = (lumi_In,jesUp_unc_In,pdf_unc_In,xs_Bkg_In,jerUp_unc_In)
PDF:                     RooProdPdf::model_s[ modelObs_s * nuisancePdf ] = 2.42367e-10

[#1] INFO:ObjectHandling -- RooWorkspace::import(w) importing RooUniform::prior
Computing limit starting from observation
  1) RooRealVar:: n_obs_binbin1 = 2427
Set default minimizer to Minuit2
Search for upper limit using pre-computed grid of p-values
  Do HypoTestResult_mh120_r1200_2202562728 -> 1200 --> 1200
  Do HypoTestResult_mh120_r600_1346015331 -> 600 --> 600
  Do HypoTestResult_mh120_r1000_4151758297 -> 1000 --> 1000
  Do HypoTestResult_mh120_r900_2569580998 -> 900 --> 900
  Do HypoTestResult_mh120_r1500_1823012221 -> 1500 --> 1500
  Do HypoTestResult_mh120_r700_1579735983 -> 700 --> 700
  Do HypoTestResult_mh120_r1300_1716712356 -> 1300 --> 1300
  Do HypoTestResult_mh120_r1100_1534771721 -> 1100 --> 1100
  Do HypoTestResult_mh120_r1500_232790310 -> 1500 --> 1500
  Do HypoTestResult_mh120_r500_3457634770 -> 500 --> 500
  Do HypoTestResult_mh120_r800_145628990 -> 800 --> 800
GRID, as is.
  - 500  (CLs = 0.208223 +/- 0.0122265)
  - 600  (CLs = 0.145305 +/- 0.00985646)
  - 700  (CLs = 0.0714746 +/- 0.00687529)
  - 800  (CLs = 0.0528376 +/- 0.00593053)
  - 900  (CLs = 0.0223187 +/- 0.00373448)
  - 1000  (CLs = 0.0114577 +/- 0.00270634)
  - 1100  (CLs = 0.00861538 +/- 0.00230603)
  - 1200  (CLs = 0.00245851 +/- 0.00122978)
  - 1300  (CLs = 0 +/- 0)
  - 1500  (CLs = 0 +/- 0)
Bisecting range [0, 9]
At r = 900:
	CLs      = 0.0113636 +/- 0.0036067
	CLb      = 0.176 +/- 0.00538561
	CLsplusb = 0.002 +/- 0.000631823

    Midpoint 4 value 0.0113636 +/- 0.0036067
    Replacing Max
Bisecting range [0, 4]
At r = 700:
	CLs      = 0.0478632 +/- 0.00920963
	CLb      = 0.117 +/- 0.00454557
	CLsplusb = 0.0056 +/- 0.00105533

    Midpoint 2 value 0.0478632 +/- 0.00920963
    Tightening Range
At r = 600:
	CLs      = 0.0831409 +/- 0.0100609
	CLb      = 0.1732 +/- 0.00535167
	CLsplusb = 0.0144 +/- 0.00168479

        Lowpoint 1 value 0.0831409 +/- 0.0100609
At r = 800:
	CLs      = 0.0232558 +/- 0.0235201
	CLb      = 0.0086 +/- 0.00130584
	CLsplusb = 0.0002 +/- 0.00019998

        Highpoint 3 value 0.0232558 +/- 0.0235201
Final range [1, 4]
  Will not use point 0 (r 500)
   Point 1 (r 600) was already updated during search.
   Point 2 (r 700) was already updated during search.
   Point 3 (r 800) was already updated during search.
   Point 4 (r 900) was already updated during search.
  Will not use point 5 (r 1000)
  Will not use point 6 (r 1100)
  Will not use point 7 (r 1200)
  Will not use point 8 (r 1300)
  Will not use point 9 (r 1500)
  r 600.00: CLs = 0.0831 +/- 0.0101
  r 700.00: CLs = 0.0479 +/- 0.0092
  r 800.00: CLs = 0.0233 +/- 0.0235
  r 900.00: CLs = 0.0114 +/- 0.0036
 after scan x ~ 700, bounds [ 600, 900]

 -- HybridNew, before fit -- 
Limit: r < 700 +/- 200 [600, 900]

****************************************
Minimizer is Minuit2 / Migrad
Chi2                      =     0.217059
NDf                       =            2
Edm                       =  1.62091e-09
NCalls                    =           46
p0                        =         0.05                      	 (fixed)
p1                        =   -0.0064976   +/-   0.00100514  
p2                        =      681.053   +/-   15.4761     
Fit to 4 points: 681.053 +/- 15.4761

 -- Hybrid New -- 
Limit: r < 681.053 +/- 15.4761 @ 95% CL
Total toys: 0
Done in 0.00 min (cpu), 0.01 min (real)
