>>> including systematics
>>> using the Profile Likelihood test statistics modified for upper limits (Q_LHC)
>>> method used to compute upper limit is HybridNew
>>> random number generator seed is 123456
Adding /uscms_data/d2/lpcljm/sapta/SUSYSearch/LimitSetting/CMSSW_7_1_5/src to include path
Adding /cvmfs/cms.cern.ch/slc6_amd64_gcc481/lcg/roofit/5.34.18-cms3//include to include path
Input workspace 'w': 

RooWorkspace(w) w contents

variables
---------
(jerUp_unc,jerUp_unc_In,jesUp_unc,jesUp_unc_In,lumi,lumi_In,n_obs_binbin1,pdf_unc,pdf_unc_In,r,xs_Bkg,xs_Bkg_In)

p.d.f.s
-------
SimpleGaussianConstraint::jerUp_unc_Pdf[ x=jerUp_unc mean=jerUp_unc_In sigma=1 ] = 1
SimpleGaussianConstraint::jesUp_unc_Pdf[ x=jesUp_unc mean=jesUp_unc_In sigma=1 ] = 1
SimpleGaussianConstraint::lumi_Pdf[ x=lumi mean=lumi_In sigma=1 ] = 1
RooProdPdf::modelObs_b[ pdf_binbin1_bonly ] = 1.16418e-07
RooProdPdf::modelObs_s[ pdf_binbin1 ] = 9.86712e-08
RooProdPdf::model_b[ modelObs_b * nuisancePdf ] = 1.16418e-07
RooProdPdf::model_s[ modelObs_s * nuisancePdf ] = 9.86712e-08
RooProdPdf::nuisancePdf[ lumi_Pdf * jesUp_unc_Pdf * pdf_unc_Pdf * xs_Bkg_Pdf * jerUp_unc_Pdf ] = 1
RooPoisson::pdf_binbin1[ x=n_obs_binbin1 mean=n_exp_binbin1 ] = 9.86712e-08
RooPoisson::pdf_binbin1_bonly[ x=n_obs_binbin1 mean=n_exp_binbin1_bonly ] = 1.16418e-07
SimpleGaussianConstraint::pdf_unc_Pdf[ x=pdf_unc mean=pdf_unc_In sigma=1 ] = 1
SimpleGaussianConstraint::xs_Bkg_Pdf[ x=xs_Bkg mean=xs_Bkg_In sigma=1 ] = 1

functions
--------
RooAddition::n_exp_binbin1[ n_exp_binbin1_proc_BH + n_exp_binbin1_proc_Background ] = 818.847
RooAddition::n_exp_binbin1_bonly[ n_exp_binbin1_proc_Background ] = 817.847
ProcessNormalization::n_exp_binbin1_proc_BH[ thetaList=(lumi,jesUp_unc,pdf_unc) asymmThetaList=() otherFactorList=(r) ] = 1
ProcessNormalization::n_exp_binbin1_proc_Background[ thetaList=(xs_Bkg,jerUp_unc) asymmThetaList=() otherFactorList=() ] = 817.847

datasets
--------
RooDataSet::data_obs(n_obs_binbin1)

named sets
----------
ModelConfig_GlobalObservables:(lumi_In,jesUp_unc_In,pdf_unc_In,xs_Bkg_In,jerUp_unc_In)
ModelConfig_NuisParams:(lumi,jesUp_unc,pdf_unc,xs_Bkg,jerUp_unc)
ModelConfig_Observables:(n_obs_binbin1)
ModelConfig_POI:(r)
ModelConfig_bonly_GlobalObservables:(lumi_In,jesUp_unc_In,pdf_unc_In,xs_Bkg_In,jerUp_unc_In)
ModelConfig_bonly_NuisParams:(lumi,jesUp_unc,pdf_unc,xs_Bkg,jerUp_unc)
ModelConfig_bonly_Observables:(n_obs_binbin1)
ModelConfig_bonly_POI:(r)
POI:(r)
globalObservables:(lumi_In,jesUp_unc_In,pdf_unc_In,xs_Bkg_In,jerUp_unc_In)
nuisances:(lumi,jesUp_unc,pdf_unc,xs_Bkg,jerUp_unc)
observables:(n_obs_binbin1)

generic objects
---------------
RooStats::ModelConfig::ModelConfig
RooStats::ModelConfig::ModelConfig_bonly
RooArgSet::discreteParams

Workspace has a ModelConfig for signal called 'ModelConfig', with contents:

=== Using the following for ModelConfig ===
Observables:             RooArgSet:: = (n_obs_binbin1)
Parameters of Interest:  RooArgSet:: = (r)
Nuisance Parameters:     RooArgSet:: = (lumi,jesUp_unc,pdf_unc,xs_Bkg,jerUp_unc)
Global Observables:      RooArgSet:: = (lumi_In,jesUp_unc_In,pdf_unc_In,xs_Bkg_In,jerUp_unc_In)
PDF:                     RooProdPdf::model_s[ modelObs_s * nuisancePdf ] = 9.86712e-08

Input ModelConfig 'ModelConfig': 

=== Using the following for ModelConfig ===
Observables:             RooArgSet:: = (n_obs_binbin1)
Parameters of Interest:  RooArgSet:: = (r)
Nuisance Parameters:     RooArgSet:: = (lumi,jesUp_unc,pdf_unc,xs_Bkg,jerUp_unc)
Global Observables:      RooArgSet:: = (lumi_In,jesUp_unc_In,pdf_unc_In,xs_Bkg_In,jerUp_unc_In)
PDF:                     RooProdPdf::model_s[ modelObs_s * nuisancePdf ] = 9.86712e-08

[#1] INFO:ObjectHandling -- RooWorkspace::import(w) importing RooUniform::prior
Computing limit starting from observation
  1) RooRealVar:: n_obs_binbin1 = 683
Set default minimizer to Minuit2
Search for upper limit using pre-computed grid of p-values
  Do HypoTestResult_mh120_r320_529740634 -> 320 --> 320
  Do HypoTestResult_mh120_r240_235109278 -> 240 --> 240
  Do HypoTestResult_mh120_r190_1222499881 -> 190 --> 190
  Do HypoTestResult_mh120_r210_3639240186 -> 210 --> 210
  Do HypoTestResult_mh120_r360_3340019173 -> 360 --> 360
  Do HypoTestResult_mh120_r600_3728311202 -> 600 --> 600
  Do HypoTestResult_mh120_r500_250287668 -> 500 --> 500
  Do HypoTestResult_mh120_r450_3301339708 -> 450 --> 450
  Do HypoTestResult_mh120_r280_4293987744 -> 280 --> 280
  Do HypoTestResult_mh120_r200_2108591965 -> 200 --> 200
  Do HypoTestResult_mh120_r550_2718203994 -> 550 --> 550
  Do HypoTestResult_mh120_r400_3172995388 -> 400 --> 400
GRID, as is.
  - 190  (CLs = 0.231028 +/- 0.0130251)
  - 200  (CLs = 0.21671 +/- 0.0123825)
  - 210  (CLs = 0.19313 +/- 0.0115939)
  - 240  (CLs = 0.136897 +/- 0.00969342)
  - 280  (CLs = 0.0676133 +/- 0.00685404)
  - 320  (CLs = 0.0392287 +/- 0.0051469)
  - 360  (CLs = 0.0175329 +/- 0.00332388)
  - 400  (CLs = 0.00494438 +/- 0.00174962)
  - 450  (CLs = 0.00312305 +/- 0.00139745)
  - 500  (CLs = 0 +/- 0)
  - 550  (CLs = 0 +/- 0)
  - 600  (CLs = 0 +/- 0)
Bisecting range [0, 11]
At r = 320:
	CLs      = 0.0210657 +/- 0.00514549
	CLb      = 0.1614 +/- 0.00520288
	CLsplusb = 0.0034 +/- 0.000823218

    Midpoint 5 value 0.0210657 +/- 0.00514549
    Tightening Range
At r = 210:
	CLs      = 0.146175 +/- 0.0148437
	CLb      = 0.1464 +/- 0.00499934
	CLsplusb = 0.0214 +/- 0.00204656

        Lowpoint 2 value 0.146175 +/- 0.0148437
At r = 240:
	CLs      = 0.0774648 +/- 0.0107311
	CLb      = 0.142 +/- 0.00493631
	CLsplusb = 0.011 +/- 0.00147506

        Lowpoint 3 value 0.0774648 +/- 0.0107311
At r = 450:
	CLs      = 0.00199203 +/- 0.00140942
	CLb      = 0.2008 +/- 0.00566532
	CLsplusb = 0.0004 +/- 0.000282786

        Highpoint 8 value 0.00199203 +/- 0.00140942
At r = 360:
	CLs      = 0.00337838 +/- 0.00195263
	CLb      = 0.1776 +/- 0.00540478
	CLsplusb = 0.0006 +/- 0.000346306

        Highpoint 6 value 0.00337838 +/- 0.00195263
Final range [2, 6]
  Will not use point 0 (r 190)
  Will not use point 1 (r 200)
   Point 2 (r 210) was already updated during search.
   Point 3 (r 240) was already updated during search.
   Updaing point 4 (r 280)
At r = 280:
	CLs      = 0.0399002 +/- 0.00714837
	CLb      = 0.1604 +/- 0.00518983
	CLsplusb = 0.0064 +/- 0.00112774

   Point 5 (r 320) was already updated during search.
   Point 6 (r 360) was already updated during search.
  Will not use point 7 (r 400)
  Will not use point 8 (r 450)
  Will not use point 9 (r 500)
  Will not use point 10 (r 550)
  Will not use point 11 (r 600)
  r 210.00: CLs = 0.1462 +/- 0.0148
  r 240.00: CLs = 0.0775 +/- 0.0107
  r 280.00: CLs = 0.0399 +/- 0.0071
  r 320.00: CLs = 0.0211 +/- 0.0051
  r 360.00: CLs = 0.0034 +/- 0.0020
 after scan x ~ 280, bounds [ 210, 360]

 -- HybridNew, before fit -- 
Limit: r < 280 +/- 80 [210, 360]

****************************************
Minimizer is Minuit2 / Migrad
Chi2                      =      4.50765
NDf                       =            3
Edm                       =  1.64153e-07
NCalls                    =           56
p0                        =         0.05                      	 (fixed)
p1                        =   -0.0213164   +/-   0.00168391  
p2                        =      261.425   +/-   3.82632     
Fit to 5 points: 261.425 +/- 3.82632

 -- Hybrid New -- 
Limit: r < 261.425 +/- 3.82632 @ 95% CL
Total toys: 0
Done in 0.00 min (cpu), 0.01 min (real)
