>>> including systematics
>>> using the Profile Likelihood test statistics modified for upper limits (Q_LHC)
>>> method used to compute upper limit is HybridNew
>>> random number generator seed is 123456
Adding /uscms_data/d2/lpcljm/sapta/SUSYSearch/LimitSetting/CMSSW_7_1_5/src to include path
Adding /cvmfs/cms.cern.ch/slc6_amd64_gcc481/lcg/roofit/5.34.18-cms3//include to include path
Input workspace 'w': 

RooWorkspace(w) w contents

variables
---------
(jerUp_unc,jerUp_unc_In,jesUp_unc,jesUp_unc_In,lumi,lumi_In,n_obs_binbin1,pdf_unc,pdf_unc_In,r,xs_Bkg,xs_Bkg_In)

p.d.f.s
-------
SimpleGaussianConstraint::jerUp_unc_Pdf[ x=jerUp_unc mean=jerUp_unc_In sigma=1 ] = 1
SimpleGaussianConstraint::jesUp_unc_Pdf[ x=jesUp_unc mean=jesUp_unc_In sigma=1 ] = 1
SimpleGaussianConstraint::lumi_Pdf[ x=lumi mean=lumi_In sigma=1 ] = 1
RooProdPdf::modelObs_b[ pdf_binbin1_bonly ] = 0.00629369
RooProdPdf::modelObs_s[ pdf_binbin1 ] = 0.00440286
RooProdPdf::model_b[ modelObs_b * nuisancePdf ] = 0.00629369
RooProdPdf::model_s[ modelObs_s * nuisancePdf ] = 0.00440286
RooProdPdf::nuisancePdf[ lumi_Pdf * jesUp_unc_Pdf * pdf_unc_Pdf * xs_Bkg_Pdf * jerUp_unc_Pdf ] = 1
RooPoisson::pdf_binbin1[ x=n_obs_binbin1 mean=n_exp_binbin1 ] = 0.00440286
RooPoisson::pdf_binbin1_bonly[ x=n_obs_binbin1 mean=n_exp_binbin1_bonly ] = 0.00629369
SimpleGaussianConstraint::pdf_unc_Pdf[ x=pdf_unc mean=pdf_unc_In sigma=1 ] = 1
SimpleGaussianConstraint::xs_Bkg_Pdf[ x=xs_Bkg mean=xs_Bkg_In sigma=1 ] = 1

functions
--------
RooAddition::n_exp_binbin1[ n_exp_binbin1_proc_BH + n_exp_binbin1_proc_Background ] = 37.8443
RooAddition::n_exp_binbin1_bonly[ n_exp_binbin1_proc_Background ] = 36.8443
ProcessNormalization::n_exp_binbin1_proc_BH[ thetaList=(lumi,jesUp_unc,pdf_unc) asymmThetaList=() otherFactorList=(r) ] = 1
ProcessNormalization::n_exp_binbin1_proc_Background[ thetaList=(xs_Bkg,jerUp_unc) asymmThetaList=() otherFactorList=() ] = 36.8443

datasets
--------
RooDataSet::data_obs(n_obs_binbin1)

named sets
----------
ModelConfig_GlobalObservables:(lumi_In,jesUp_unc_In,pdf_unc_In,xs_Bkg_In,jerUp_unc_In)
ModelConfig_NuisParams:(lumi,jesUp_unc,pdf_unc,xs_Bkg,jerUp_unc)
ModelConfig_Observables:(n_obs_binbin1)
ModelConfig_POI:(r)
ModelConfig_bonly_GlobalObservables:(lumi_In,jesUp_unc_In,pdf_unc_In,xs_Bkg_In,jerUp_unc_In)
ModelConfig_bonly_NuisParams:(lumi,jesUp_unc,pdf_unc,xs_Bkg,jerUp_unc)
ModelConfig_bonly_Observables:(n_obs_binbin1)
ModelConfig_bonly_POI:(r)
POI:(r)
globalObservables:(lumi_In,jesUp_unc_In,pdf_unc_In,xs_Bkg_In,jerUp_unc_In)
nuisances:(lumi,jesUp_unc,pdf_unc,xs_Bkg,jerUp_unc)
observables:(n_obs_binbin1)

generic objects
---------------
RooStats::ModelConfig::ModelConfig
RooStats::ModelConfig::ModelConfig_bonly
RooArgSet::discreteParams

Workspace has a ModelConfig for signal called 'ModelConfig', with contents:

=== Using the following for ModelConfig ===
Observables:             RooArgSet:: = (n_obs_binbin1)
Parameters of Interest:  RooArgSet:: = (r)
Nuisance Parameters:     RooArgSet:: = (lumi,jesUp_unc,pdf_unc,xs_Bkg,jerUp_unc)
Global Observables:      RooArgSet:: = (lumi_In,jesUp_unc_In,pdf_unc_In,xs_Bkg_In,jerUp_unc_In)
PDF:                     RooProdPdf::model_s[ modelObs_s * nuisancePdf ] = 0.00440286

Input ModelConfig 'ModelConfig': 

=== Using the following for ModelConfig ===
Observables:             RooArgSet:: = (n_obs_binbin1)
Parameters of Interest:  RooArgSet:: = (r)
Nuisance Parameters:     RooArgSet:: = (lumi,jesUp_unc,pdf_unc,xs_Bkg,jerUp_unc)
Global Observables:      RooArgSet:: = (lumi_In,jesUp_unc_In,pdf_unc_In,xs_Bkg_In,jerUp_unc_In)
PDF:                     RooProdPdf::model_s[ modelObs_s * nuisancePdf ] = 0.00440286

[#1] INFO:ObjectHandling -- RooWorkspace::import(w) importing RooUniform::prior
Computing limit starting from observation
  1) RooRealVar:: n_obs_binbin1 = 24
Set default minimizer to Minuit2
Search for upper limit using pre-computed grid of p-values
  Do HypoTestResult_mh120_r11_1604020205 -> 11 --> 11
  Do HypoTestResult_mh120_r37_3103378637 -> 37 --> 37
  Do HypoTestResult_mh120_r19_3243987003 -> 19 --> 19
  Do HypoTestResult_mh120_r33_3893327523 -> 33 --> 33
  Do HypoTestResult_mh120_r21_1299756787 -> 21 --> 21
  Do HypoTestResult_mh120_r23_1145809036 -> 23 --> 23
  Do HypoTestResult_mh120_r39_1042843076 -> 39 --> 39
  Do HypoTestResult_mh120_r27_979423174 -> 27 --> 27
  Do HypoTestResult_mh120_r29_1301238420 -> 29 --> 29
  Do HypoTestResult_mh120_r31_3042842945 -> 31 --> 31
  Do HypoTestResult_mh120_r15_3136133032 -> 15 --> 15
  Do HypoTestResult_mh120_r13_2213933350 -> 13 --> 13
  Do HypoTestResult_mh120_r35_4118152357 -> 35 --> 35
  Do HypoTestResult_mh120_r25_2222862965 -> 25 --> 25
  Do HypoTestResult_mh120_r41_3100447595 -> 41 --> 41
  Do HypoTestResult_mh120_r17_3173724983 -> 17 --> 17
GRID, as is.
  - 11  (CLs = 0.318783 +/- 0.0154077)
  - 13  (CLs = 0.262105 +/- 0.0136411)
  - 15  (CLs = 0.182836 +/- 0.0110055)
  - 17  (CLs = 0.121173 +/- 0.00898721)
  - 19  (CLs = 0.0707908 +/- 0.00680725)
  - 21  (CLs = 0.0424857 +/- 0.00523101)
  - 23  (CLs = 0.0280146 +/- 0.00415034)
  - 25  (CLs = 0.0194064 +/- 0.00333782)
  - 27  (CLs = 0.00622172 +/- 0.00187763)
  - 29  (CLs = 0.00530973 +/- 0.00177142)
  - 31  (CLs = 0.00229358 +/- 0.00114719)
  - 33  (CLs = 0.000562114 +/- 0.000562159)
  - 35  (CLs = 0 +/- 0)
  - 37  (CLs = 0 +/- 0)
  - 39  (CLs = 0 +/- 0)
  - 41  (CLs = 0 +/- 0)
Bisecting range [0, 15]
At r = 25:
	CLs      = 0 +/- 0
	CLb      = 0.0996 +/- 0.00423509
	CLsplusb = 0 +/- 0

    Midpoint 7 value 0 +/- 0
    Replacing Max
Bisecting range [0, 7]
At r = 17:
	CLs      = 0.0227273 +/- 0.0162458
	CLb      = 0.0176 +/- 0.00185958
	CLsplusb = 0.0004 +/- 0.000282786

    Midpoint 3 value 0.0227273 +/- 0.0162458
    Tightening Range
At r = 13:
	CLs      = 0.101124 +/- 0.0353133
	CLb      = 0.0178 +/- 0.00186993
	CLsplusb = 0.0018 +/- 0.00059946

        Lowpoint 1 value 0.101124 +/- 0.0353133
At r = 21:
	CLs      = 0.00775194 +/- 0.00778038
	CLb      = 0.0258 +/- 0.00224207
	CLsplusb = 0.0002 +/- 0.00019998

        Highpoint 5 value 0.00775194 +/- 0.00778038
At r = 19:
	CLs      = 0 +/- 0
	CLb      = 0.0102 +/- 0.00142098
	CLsplusb = 0 +/- 0

        Highpoint 4 value 0 +/- 0
Final range [0, 4]
   Updaing point 0 (r 11)
At r = 11:
	CLs      = 0.184127 +/- 0.0260499
	CLb      = 0.063 +/- 0.00343602
	CLsplusb = 0.0116 +/- 0.00151429

   Point 1 (r 13) was already updated during search.
   Updaing point 2 (r 15)
At r = 15:
	CLs      = 0.0687023 +/- 0.0236345
	CLb      = 0.0262 +/- 0.00225892
	CLsplusb = 0.0018 +/- 0.00059946

   Point 3 (r 17) was already updated during search.
   Point 4 (r 19) was already updated during search.
  Will not use point 5 (r 21)
  Will not use point 6 (r 23)
  Will not use point 7 (r 25)
  Will not use point 8 (r 27)
  Will not use point 9 (r 29)
  Will not use point 10 (r 31)
  Will not use point 11 (r 33)
  Will not use point 12 (r 35)
  Will not use point 13 (r 37)
  Will not use point 14 (r 39)
  Will not use point 15 (r 41)
  r 11.00: CLs = 0.1841 +/- 0.0260
  r 13.00: CLs = 0.1011 +/- 0.0353
  r 15.00: CLs = 0.0687 +/- 0.0236
  r 17.00: CLs = 0.0227 +/- 0.0162
  r 19.00: CLs = 0.0000 +/- 0.0000
 after scan x ~ 15, bounds [ 11, 19]

 -- HybridNew, before fit -- 
Limit: r < 15 +/- 4 [11, 19]

****************************************
Minimizer is Minuit2 / Migrad
Chi2                      =     0.535448
NDf                       =            2
Edm                       =  4.45583e-06
NCalls                    =           56
p0                        =         0.05                      	 (fixed)
p1                        =    -0.302115   +/-   0.0698321   
p2                        =      15.3415   +/-   0.89639     
Fit to 5 points: 15.3415 +/- 0.89639

 -- Hybrid New -- 
Limit: r < 15.3415 +/- 0.89639 @ 95% CL
Total toys: 0
Done in 0.00 min (cpu), 0.01 min (real)
