>>> including systematics
>>> using the Profile Likelihood test statistics modified for upper limits (Q_LHC)
>>> method used to compute upper limit is HybridNew
>>> random number generator seed is 123456
Adding /uscms_data/d2/lpcljm/sapta/SUSYSearch/LimitSetting/CMSSW_7_1_5/src to include path
Adding /cvmfs/cms.cern.ch/slc6_amd64_gcc481/lcg/roofit/5.34.18-cms3//include to include path
Input workspace 'w': 

RooWorkspace(w) w contents

variables
---------
(jerUp_unc,jerUp_unc_In,jesUp_unc,jesUp_unc_In,lumi,lumi_In,n_obs_binbin1,pdf_unc,pdf_unc_In,r,xs_Bkg,xs_Bkg_In)

p.d.f.s
-------
SimpleGaussianConstraint::jerUp_unc_Pdf[ x=jerUp_unc mean=jerUp_unc_In sigma=1 ] = 1
SimpleGaussianConstraint::jesUp_unc_Pdf[ x=jesUp_unc mean=jesUp_unc_In sigma=1 ] = 1
SimpleGaussianConstraint::lumi_Pdf[ x=lumi mean=lumi_In sigma=1 ] = 1
RooProdPdf::modelObs_b[ pdf_binbin1_bonly ] = 0.0126401
RooProdPdf::modelObs_s[ pdf_binbin1 ] = 0.00738806
RooProdPdf::model_b[ modelObs_b * nuisancePdf ] = 0.0126401
RooProdPdf::model_s[ modelObs_s * nuisancePdf ] = 0.00738806
RooProdPdf::nuisancePdf[ lumi_Pdf * jesUp_unc_Pdf * pdf_unc_Pdf * xs_Bkg_Pdf * jerUp_unc_Pdf ] = 1
RooPoisson::pdf_binbin1[ x=n_obs_binbin1 mean=n_exp_binbin1 ] = 0.00738806
RooPoisson::pdf_binbin1_bonly[ x=n_obs_binbin1 mean=n_exp_binbin1_bonly ] = 0.0126401
SimpleGaussianConstraint::pdf_unc_Pdf[ x=pdf_unc mean=pdf_unc_In sigma=1 ] = 1
SimpleGaussianConstraint::xs_Bkg_Pdf[ x=xs_Bkg mean=xs_Bkg_In sigma=1 ] = 1

functions
--------
RooAddition::n_exp_binbin1[ n_exp_binbin1_proc_BH + n_exp_binbin1_proc_Background ] = 15.6247
RooAddition::n_exp_binbin1_bonly[ n_exp_binbin1_proc_Background ] = 14.6247
ProcessNormalization::n_exp_binbin1_proc_BH[ thetaList=(lumi,jesUp_unc,pdf_unc) asymmThetaList=() otherFactorList=(r) ] = 1
ProcessNormalization::n_exp_binbin1_proc_Background[ thetaList=(xs_Bkg,jerUp_unc) asymmThetaList=() otherFactorList=() ] = 14.6247

datasets
--------
RooDataSet::data_obs(n_obs_binbin1)

named sets
----------
ModelConfig_GlobalObservables:(lumi_In,jesUp_unc_In,pdf_unc_In,xs_Bkg_In,jerUp_unc_In)
ModelConfig_NuisParams:(lumi,jesUp_unc,pdf_unc,xs_Bkg,jerUp_unc)
ModelConfig_Observables:(n_obs_binbin1)
ModelConfig_POI:(r)
ModelConfig_bonly_GlobalObservables:(lumi_In,jesUp_unc_In,pdf_unc_In,xs_Bkg_In,jerUp_unc_In)
ModelConfig_bonly_NuisParams:(lumi,jesUp_unc,pdf_unc,xs_Bkg,jerUp_unc)
ModelConfig_bonly_Observables:(n_obs_binbin1)
ModelConfig_bonly_POI:(r)
POI:(r)
globalObservables:(lumi_In,jesUp_unc_In,pdf_unc_In,xs_Bkg_In,jerUp_unc_In)
nuisances:(lumi,jesUp_unc,pdf_unc,xs_Bkg,jerUp_unc)
observables:(n_obs_binbin1)

generic objects
---------------
RooStats::ModelConfig::ModelConfig
RooStats::ModelConfig::ModelConfig_bonly
RooArgSet::discreteParams

Workspace has a ModelConfig for signal called 'ModelConfig', with contents:

=== Using the following for ModelConfig ===
Observables:             RooArgSet:: = (n_obs_binbin1)
Parameters of Interest:  RooArgSet:: = (r)
Nuisance Parameters:     RooArgSet:: = (lumi,jesUp_unc,pdf_unc,xs_Bkg,jerUp_unc)
Global Observables:      RooArgSet:: = (lumi_In,jesUp_unc_In,pdf_unc_In,xs_Bkg_In,jerUp_unc_In)
PDF:                     RooProdPdf::model_s[ modelObs_s * nuisancePdf ] = 0.00738806

Input ModelConfig 'ModelConfig': 

=== Using the following for ModelConfig ===
Observables:             RooArgSet:: = (n_obs_binbin1)
Parameters of Interest:  RooArgSet:: = (r)
Nuisance Parameters:     RooArgSet:: = (lumi,jesUp_unc,pdf_unc,xs_Bkg,jerUp_unc)
Global Observables:      RooArgSet:: = (lumi_In,jesUp_unc_In,pdf_unc_In,xs_Bkg_In,jerUp_unc_In)
PDF:                     RooProdPdf::model_s[ modelObs_s * nuisancePdf ] = 0.00738806

[#1] INFO:ObjectHandling -- RooWorkspace::import(w) importing RooUniform::prior
Computing limit starting from observation
  1) RooRealVar:: n_obs_binbin1 = 7
Set default minimizer to Minuit2
Search for upper limit using pre-computed grid of p-values
  Do HypoTestResult_mh120_r14_3331013096 -> 14 --> 14
  Do HypoTestResult_mh120_r9_2464603311 -> 9 --> 9
  Do HypoTestResult_mh120_r20_1017801608 -> 20 --> 20
  Do HypoTestResult_mh120_r22_3231952705 -> 22 --> 22
  Do HypoTestResult_mh120_r5_2425096133 -> 5 --> 5
  Do HypoTestResult_mh120_r12_3801448017 -> 12 --> 12
  Do HypoTestResult_mh120_r16_1965001191 -> 16 --> 16
  Do HypoTestResult_mh120_r4.5_2313082071 -> 4.5 --> 4.5
  Do HypoTestResult_mh120_r5.5_3966963304 -> 5.5 --> 5.5
  Do HypoTestResult_mh120_r6_1028143441 -> 6 --> 6
  Do HypoTestResult_mh120_r7_2690482491 -> 7 --> 7
  Do HypoTestResult_mh120_r18_1205576574 -> 18 --> 18
  Do HypoTestResult_mh120_r10_3898355022 -> 10 --> 10
  Do HypoTestResult_mh120_r8_3359918354 -> 8 --> 8
GRID, as is.
  - 4.5  (CLs = 0.304413 +/- 0.0161222)
  - 5  (CLs = 0.247619 +/- 0.0142056)
  - 5.5  (CLs = 0.196981 +/- 0.0127447)
  - 6  (CLs = 0.181952 +/- 0.0120225)
  - 7  (CLs = 0.100437 +/- 0.00874098)
  - 8  (CLs = 0.0741525 +/- 0.00735196)
  - 9  (CLs = 0.0398293 +/- 0.0053686)
  - 10  (CLs = 0.0297317 +/- 0.00467416)
  - 12  (CLs = 0.00745257 +/- 0.00225046)
  - 14  (CLs = 0.0046729 +/- 0.00176784)
  - 16  (CLs = 0.000657462 +/- 0.000657547)
  - 18  (CLs = 0 +/- 0)
  - 20  (CLs = 0 +/- 0)
  - 22  (CLs = 0 +/- 0)
Bisecting range [0, 13]
At r = 9:
	CLs      = 0.0136364 +/- 0.00792176
	CLb      = 0.044 +/- 0.00290048
	CLsplusb = 0.0006 +/- 0.000346306

    Midpoint 6 value 0.0136364 +/- 0.00792176
    Replacing Max
Bisecting range [0, 6]
At r = 6:
	CLs      = 0.0833333 +/- 0.0867201
	CLb      = 0.0024 +/- 0.000691988
	CLsplusb = 0.0002 +/- 0.00019998

    Midpoint 3 value 0.0833333 +/- 0.0867201
    Tightening Range
At r = 5:
	CLs      = 0.0842697 +/- 0.0225938
	CLb      = 0.0356 +/- 0.00262041
	CLsplusb = 0.003 +/- 0.000773434

        Lowpoint 1 value 0.0842697 +/- 0.0225938
At r = 7:
	CLs      = 0.0320285 +/- 0.0108268
	CLb      = 0.0562 +/- 0.00325704
	CLsplusb = 0.0018 +/- 0.00059946

        Highpoint 4 value 0.0320285 +/- 0.0108268
Final range [0, 6]
   Updaing point 0 (r 4.5)
At r = 4.5:
	CLs      = 0.184932 +/- 0.0385645
	CLb      = 0.0292 +/- 0.00238107
	CLsplusb = 0.0054 +/- 0.00103642

   Point 1 (r 5) was already updated during search.
   Updaing point 2 (r 5.5)
At r = 5.5:
	CLs      = 0.104895 +/- 0.0200209
	CLb      = 0.0572 +/- 0.00328415
	CLsplusb = 0.006 +/- 0.00109215

   Point 3 (r 6) was already updated during search.
   Point 4 (r 7) was already updated during search.
   Updaing point 5 (r 8)
At r = 8:
	CLs      = 0.0178042 +/- 0.00732428
	CLb      = 0.0674 +/- 0.00354562
	CLsplusb = 0.0012 +/- 0.000489604

   Point 6 (r 9) was already updated during search.
  Will not use point 7 (r 10)
  Will not use point 8 (r 12)
  Will not use point 9 (r 14)
  Will not use point 10 (r 16)
  Will not use point 11 (r 18)
  Will not use point 12 (r 20)
  Will not use point 13 (r 22)
  r 4.50: CLs = 0.1849 +/- 0.0386
  r 5.00: CLs = 0.0843 +/- 0.0226
  r 5.50: CLs = 0.1049 +/- 0.0200
  r 6.00: CLs = 0.0833 +/- 0.0867
  r 7.00: CLs = 0.0320 +/- 0.0108
  r 8.00: CLs = 0.0178 +/- 0.0073
 after scan x ~ 7, bounds [ 4.5, 8]

 -- HybridNew, before fit -- 
Limit: r < 7 +/- 2.5 [4.5, 8]

****************************************
Minimizer is Minuit2 / Migrad
Chi2                      =      3.51019
NDf                       =            4
Edm                       =   3.4981e-07
NCalls                    =           47
p0                        =         0.05                      	 (fixed)
p1                        =    -0.620338   +/-   0.110529    
p2                        =      6.34633   +/-   0.238454    
Fit to 6 points: 6.34633 +/- 0.238454

 -- Hybrid New -- 
Limit: r < 6.34633 +/- 0.238454 @ 95% CL
Total toys: 0
Done in 0.00 min (cpu), 0.01 min (real)
