>>> including systematics
>>> using the Profile Likelihood test statistics modified for upper limits (Q_LHC)
>>> method used to compute upper limit is HybridNew
>>> random number generator seed is 123456
Adding /uscms_data/d2/lpcljm/sapta/SUSYSearch/LimitSetting/CMSSW_7_1_5/src to include path
Adding /cvmfs/cms.cern.ch/slc6_amd64_gcc481/lcg/roofit/5.34.18-cms3//include to include path
Input workspace 'w': 

RooWorkspace(w) w contents

variables
---------
(jerUp_unc,jerUp_unc_In,jesUp_unc,jesUp_unc_In,lumi,lumi_In,n_obs_binbin1,pdf_unc,pdf_unc_In,r,xs_Bkg,xs_Bkg_In)

p.d.f.s
-------
SimpleGaussianConstraint::jerUp_unc_Pdf[ x=jerUp_unc mean=jerUp_unc_In sigma=1 ] = 1
SimpleGaussianConstraint::jesUp_unc_Pdf[ x=jesUp_unc mean=jesUp_unc_In sigma=1 ] = 1
SimpleGaussianConstraint::lumi_Pdf[ x=lumi mean=lumi_In sigma=1 ] = 1
RooProdPdf::modelObs_b[ pdf_binbin1_bonly ] = 1.16418e-07
RooProdPdf::modelObs_s[ pdf_binbin1 ] = 9.86712e-08
RooProdPdf::model_b[ modelObs_b * nuisancePdf ] = 1.16418e-07
RooProdPdf::model_s[ modelObs_s * nuisancePdf ] = 9.86712e-08
RooProdPdf::nuisancePdf[ lumi_Pdf * jesUp_unc_Pdf * pdf_unc_Pdf * xs_Bkg_Pdf * jerUp_unc_Pdf ] = 1
RooPoisson::pdf_binbin1[ x=n_obs_binbin1 mean=n_exp_binbin1 ] = 9.86712e-08
RooPoisson::pdf_binbin1_bonly[ x=n_obs_binbin1 mean=n_exp_binbin1_bonly ] = 1.16418e-07
SimpleGaussianConstraint::pdf_unc_Pdf[ x=pdf_unc mean=pdf_unc_In sigma=1 ] = 1
SimpleGaussianConstraint::xs_Bkg_Pdf[ x=xs_Bkg mean=xs_Bkg_In sigma=1 ] = 1

functions
--------
RooAddition::n_exp_binbin1[ n_exp_binbin1_proc_BH + n_exp_binbin1_proc_Background ] = 818.847
RooAddition::n_exp_binbin1_bonly[ n_exp_binbin1_proc_Background ] = 817.847
ProcessNormalization::n_exp_binbin1_proc_BH[ thetaList=(lumi,jesUp_unc,pdf_unc) asymmThetaList=() otherFactorList=(r) ] = 1
ProcessNormalization::n_exp_binbin1_proc_Background[ thetaList=(xs_Bkg,jerUp_unc) asymmThetaList=() otherFactorList=() ] = 817.847

datasets
--------
RooDataSet::data_obs(n_obs_binbin1)

named sets
----------
ModelConfig_GlobalObservables:(lumi_In,jesUp_unc_In,pdf_unc_In,xs_Bkg_In,jerUp_unc_In)
ModelConfig_NuisParams:(lumi,jesUp_unc,pdf_unc,xs_Bkg,jerUp_unc)
ModelConfig_Observables:(n_obs_binbin1)
ModelConfig_POI:(r)
ModelConfig_bonly_GlobalObservables:(lumi_In,jesUp_unc_In,pdf_unc_In,xs_Bkg_In,jerUp_unc_In)
ModelConfig_bonly_NuisParams:(lumi,jesUp_unc,pdf_unc,xs_Bkg,jerUp_unc)
ModelConfig_bonly_Observables:(n_obs_binbin1)
ModelConfig_bonly_POI:(r)
POI:(r)
globalObservables:(lumi_In,jesUp_unc_In,pdf_unc_In,xs_Bkg_In,jerUp_unc_In)
nuisances:(lumi,jesUp_unc,pdf_unc,xs_Bkg,jerUp_unc)
observables:(n_obs_binbin1)

generic objects
---------------
RooStats::ModelConfig::ModelConfig
RooStats::ModelConfig::ModelConfig_bonly
RooArgSet::discreteParams

Workspace has a ModelConfig for signal called 'ModelConfig', with contents:

=== Using the following for ModelConfig ===
Observables:             RooArgSet:: = (n_obs_binbin1)
Parameters of Interest:  RooArgSet:: = (r)
Nuisance Parameters:     RooArgSet:: = (lumi,jesUp_unc,pdf_unc,xs_Bkg,jerUp_unc)
Global Observables:      RooArgSet:: = (lumi_In,jesUp_unc_In,pdf_unc_In,xs_Bkg_In,jerUp_unc_In)
PDF:                     RooProdPdf::model_s[ modelObs_s * nuisancePdf ] = 9.86712e-08

Input ModelConfig 'ModelConfig': 

=== Using the following for ModelConfig ===
Observables:             RooArgSet:: = (n_obs_binbin1)
Parameters of Interest:  RooArgSet:: = (r)
Nuisance Parameters:     RooArgSet:: = (lumi,jesUp_unc,pdf_unc,xs_Bkg,jerUp_unc)
Global Observables:      RooArgSet:: = (lumi_In,jesUp_unc_In,pdf_unc_In,xs_Bkg_In,jerUp_unc_In)
PDF:                     RooProdPdf::model_s[ modelObs_s * nuisancePdf ] = 9.86712e-08

[#1] INFO:ObjectHandling -- RooWorkspace::import(w) importing RooUniform::prior
Computing limit starting from observation
  1) RooRealVar:: n_obs_binbin1 = 683
Set default minimizer to Minuit2
Search for upper limit using pre-computed grid of p-values
  Do HypoTestResult_mh120_r320_529740634 -> 320 --> 320
  Do HypoTestResult_mh120_r240_235109278 -> 240 --> 240
  Do HypoTestResult_mh120_r190_1222499881 -> 190 --> 190
  Do HypoTestResult_mh120_r210_3639240186 -> 210 --> 210
  Do HypoTestResult_mh120_r360_3340019173 -> 360 --> 360
  Do HypoTestResult_mh120_r600_3728311202 -> 600 --> 600
  Do HypoTestResult_mh120_r500_250287668 -> 500 --> 500
  Do HypoTestResult_mh120_r450_3301339708 -> 450 --> 450
  Do HypoTestResult_mh120_r280_4293987744 -> 280 --> 280
  Do HypoTestResult_mh120_r200_2108591965 -> 200 --> 200
  Do HypoTestResult_mh120_r550_2718203994 -> 550 --> 550
  Do HypoTestResult_mh120_r400_3172995388 -> 400 --> 400
GRID, as is.
  - 190  (CLs = 0.231028 +/- 0.0130251)
  - 200  (CLs = 0.21671 +/- 0.0123825)
  - 210  (CLs = 0.19313 +/- 0.0115939)
  - 240  (CLs = 0.136897 +/- 0.00969342)
  - 280  (CLs = 0.0676133 +/- 0.00685404)
  - 320  (CLs = 0.0392287 +/- 0.0051469)
  - 360  (CLs = 0.0175329 +/- 0.00332388)
  - 400  (CLs = 0.00494438 +/- 0.00174962)
  - 450  (CLs = 0.00312305 +/- 0.00139745)
  - 500  (CLs = 0 +/- 0)
  - 550  (CLs = 0 +/- 0)
  - 600  (CLs = 0 +/- 0)
Bisecting range [0, 11]
At r = 320:
	CLs      = 0.0882236 +/- 0.00593403
	CLb      = 0.501 +/- 0.00707105
	CLsplusb = 0.0442 +/- 0.00290676

    Midpoint 5 value 0.0882236 +/- 0.00593403
    Replacing Min
Bisecting range [5, 11]
At r = 450:
	CLs      = 0.00473747 +/- 0.00136755
	CLb      = 0.5066 +/- 0.00707045
	CLsplusb = 0.0024 +/- 0.000691988

    Midpoint 8 value 0.00473747 +/- 0.00136755
    Replacing Max
Final range [5, 8]
  Will not use point 0 (r 190)
  Will not use point 1 (r 200)
  Will not use point 2 (r 210)
  Will not use point 3 (r 240)
  Will not use point 4 (r 280)
   Point 5 (r 320) was already updated during search.
   Updaing point 6 (r 360)
At r = 360:
	CLs      = 0.0419832 +/- 0.00409711
	CLb      = 0.5002 +/- 0.00707107
	CLsplusb = 0.021 +/- 0.00202776

   Updaing point 7 (r 400)
At r = 400:
	CLs      = 0.0130024 +/- 0.0022632
	CLb      = 0.5076 +/- 0.00707025
	CLsplusb = 0.0066 +/- 0.00114511

   Point 8 (r 450) was already updated during search.
  Will not use point 9 (r 500)
  Will not use point 10 (r 550)
  Will not use point 11 (r 600)
  r 320.00: CLs = 0.0882 +/- 0.0059
  r 360.00: CLs = 0.0420 +/- 0.0041
  r 400.00: CLs = 0.0130 +/- 0.0023
 after scan x ~ 360, bounds [ 320, 400]

 -- HybridNew, before fit -- 
Limit: r < 360 +/- 40 [320, 400]

****************************************
Minimizer is Minuit2 / Migrad
Chi2                      =      2.49873
NDf                       =            1
Edm                       =   8.3511e-10
NCalls                    =           52
p0                        =         0.05                      	 (fixed)
p1                        =   -0.0224957   +/-   0.00182539  
p2                        =      346.347   +/-   2.43178     
Fit to 3 points: 346.347 +/- 2.43178

 -- Hybrid New -- 
Limit: r < 346.347 +/- 2.43178 @ 95% CL
Total toys: 0
Done in 0.00 min (cpu), 0.01 min (real)
