>>> including systematics
>>> using the Profile Likelihood test statistics modified for upper limits (Q_LHC)
>>> method used to compute upper limit is HybridNew
>>> random number generator seed is 123456
Adding /uscms_data/d2/lpcljm/sapta/SUSYSearch/LimitSetting/CMSSW_7_1_5/src to include path
Adding /cvmfs/cms.cern.ch/slc6_amd64_gcc481/lcg/roofit/5.34.18-cms3//include to include path
Input workspace 'w': 

RooWorkspace(w) w contents

variables
---------
(jerUp_unc,jerUp_unc_In,jesUp_unc,jesUp_unc_In,lumi,lumi_In,n_obs_binbin1,pdf_unc,pdf_unc_In,r,xs_Bkg,xs_Bkg_In)

p.d.f.s
-------
SimpleGaussianConstraint::jerUp_unc_Pdf[ x=jerUp_unc mean=jerUp_unc_In sigma=1 ] = 1
SimpleGaussianConstraint::jesUp_unc_Pdf[ x=jesUp_unc mean=jesUp_unc_In sigma=1 ] = 1
SimpleGaussianConstraint::lumi_Pdf[ x=lumi mean=lumi_In sigma=1 ] = 1
RooProdPdf::modelObs_b[ pdf_binbin1_bonly ] = 1.50717e-06
RooProdPdf::modelObs_s[ pdf_binbin1 ] = 1.16377e-06
RooProdPdf::model_b[ modelObs_b * nuisancePdf ] = 1.50717e-06
RooProdPdf::model_s[ modelObs_s * nuisancePdf ] = 1.16377e-06
RooProdPdf::nuisancePdf[ lumi_Pdf * jesUp_unc_Pdf * pdf_unc_Pdf * xs_Bkg_Pdf * jerUp_unc_Pdf ] = 1
RooPoisson::pdf_binbin1[ x=n_obs_binbin1 mean=n_exp_binbin1 ] = 1.16377e-06
RooPoisson::pdf_binbin1_bonly[ x=n_obs_binbin1 mean=n_exp_binbin1_bonly ] = 1.50717e-06
SimpleGaussianConstraint::pdf_unc_Pdf[ x=pdf_unc mean=pdf_unc_In sigma=1 ] = 1
SimpleGaussianConstraint::xs_Bkg_Pdf[ x=xs_Bkg mean=xs_Bkg_In sigma=1 ] = 1

functions
--------
RooAddition::n_exp_binbin1[ n_exp_binbin1_proc_BH + n_exp_binbin1_proc_Background ] = 271.596
RooAddition::n_exp_binbin1_bonly[ n_exp_binbin1_proc_Background ] = 270.596
ProcessNormalization::n_exp_binbin1_proc_BH[ thetaList=(lumi,jesUp_unc,pdf_unc) asymmThetaList=() otherFactorList=(r) ] = 1
ProcessNormalization::n_exp_binbin1_proc_Background[ thetaList=(xs_Bkg,jerUp_unc) asymmThetaList=() otherFactorList=() ] = 270.596

datasets
--------
RooDataSet::data_obs(n_obs_binbin1)

named sets
----------
ModelConfig_GlobalObservables:(lumi_In,jesUp_unc_In,pdf_unc_In,xs_Bkg_In,jerUp_unc_In)
ModelConfig_NuisParams:(lumi,jesUp_unc,pdf_unc,xs_Bkg,jerUp_unc)
ModelConfig_Observables:(n_obs_binbin1)
ModelConfig_POI:(r)
ModelConfig_bonly_GlobalObservables:(lumi_In,jesUp_unc_In,pdf_unc_In,xs_Bkg_In,jerUp_unc_In)
ModelConfig_bonly_NuisParams:(lumi,jesUp_unc,pdf_unc,xs_Bkg,jerUp_unc)
ModelConfig_bonly_Observables:(n_obs_binbin1)
ModelConfig_bonly_POI:(r)
POI:(r)
globalObservables:(lumi_In,jesUp_unc_In,pdf_unc_In,xs_Bkg_In,jerUp_unc_In)
nuisances:(lumi,jesUp_unc,pdf_unc,xs_Bkg,jerUp_unc)
observables:(n_obs_binbin1)

generic objects
---------------
RooStats::ModelConfig::ModelConfig
RooStats::ModelConfig::ModelConfig_bonly
RooArgSet::discreteParams

Workspace has a ModelConfig for signal called 'ModelConfig', with contents:

=== Using the following for ModelConfig ===
Observables:             RooArgSet:: = (n_obs_binbin1)
Parameters of Interest:  RooArgSet:: = (r)
Nuisance Parameters:     RooArgSet:: = (lumi,jesUp_unc,pdf_unc,xs_Bkg,jerUp_unc)
Global Observables:      RooArgSet:: = (lumi_In,jesUp_unc_In,pdf_unc_In,xs_Bkg_In,jerUp_unc_In)
PDF:                     RooProdPdf::model_s[ modelObs_s * nuisancePdf ] = 1.16377e-06

Input ModelConfig 'ModelConfig': 

=== Using the following for ModelConfig ===
Observables:             RooArgSet:: = (n_obs_binbin1)
Parameters of Interest:  RooArgSet:: = (r)
Nuisance Parameters:     RooArgSet:: = (lumi,jesUp_unc,pdf_unc,xs_Bkg,jerUp_unc)
Global Observables:      RooArgSet:: = (lumi_In,jesUp_unc_In,pdf_unc_In,xs_Bkg_In,jerUp_unc_In)
PDF:                     RooProdPdf::model_s[ modelObs_s * nuisancePdf ] = 1.16377e-06

[#1] INFO:ObjectHandling -- RooWorkspace::import(w) importing RooUniform::prior
Computing limit starting from observation
  1) RooRealVar:: n_obs_binbin1 = 201
Set default minimizer to Minuit2
Search for upper limit using pre-computed grid of p-values
  Do HypoTestResult_mh120_r120_964444096 -> 120 --> 120
  Do HypoTestResult_mh120_r200_2037250717 -> 200 --> 200
  Do HypoTestResult_mh120_r220_1453842590 -> 220 --> 220
  Do HypoTestResult_mh120_r180_3786002073 -> 180 --> 180
  Do HypoTestResult_mh120_r70_2285771085 -> 70 --> 70
  Do HypoTestResult_mh120_r100_3464340719 -> 100 --> 100
  Do HypoTestResult_mh120_r140_618195548 -> 140 --> 140
  Do HypoTestResult_mh120_r80_2948778599 -> 80 --> 80
  Do HypoTestResult_mh120_r90_2136776544 -> 90 --> 90
  Do HypoTestResult_mh120_r160_2025440575 -> 160 --> 160
GRID, as is.
  - 70  (CLs = 0.237082 +/- 0.0141556)
  - 80  (CLs = 0.186695 +/- 0.0120223)
  - 90  (CLs = 0.122975 +/- 0.00977972)
  - 100  (CLs = 0.0782866 +/- 0.0077391)
  - 120  (CLs = 0.0266379 +/- 0.00440508)
  - 140  (CLs = 0.00844476 +/- 0.00244223)
  - 160  (CLs = 0.00265252 +/- 0.00132696)
  - 180  (CLs = 0.000662691 +/- 0.000662778)
  - 200  (CLs = 0 +/- 0)
  - 220  (CLs = 0 +/- 0)
Bisecting range [0, 9]
At r = 120:
	CLs      = 0.0692277 +/- 0.00526336
	CLb      = 0.4998 +/- 0.00707107
	CLsplusb = 0.0346 +/- 0.00258468

    Midpoint 4 value 0.0692277 +/- 0.00526336
    Tightening Range
At r = 90:
	CLs      = 0.213771 +/- 0.00925157
	CLb      = 0.4996 +/- 0.00707107
	CLsplusb = 0.1068 +/- 0.00436792

        Lowpoint 2 value 0.213771 +/- 0.00925157
At r = 100:
	CLs      = 0.1628 +/- 0.0080697
	CLb      = 0.5 +/- 0.00707107
	CLsplusb = 0.0814 +/- 0.00386714

        Lowpoint 3 value 0.1628 +/- 0.0080697
At r = 160:
	CLs      = 0.00718276 +/- 0.00169298
	CLb      = 0.5012 +/- 0.00707105
	CLsplusb = 0.0036 +/- 0.000846999

        Highpoint 6 value 0.00718276 +/- 0.00169298
At r = 140:
	CLs      = 0.0246438 +/- 0.003079
	CLb      = 0.5194 +/- 0.00706574
	CLsplusb = 0.0128 +/- 0.00158973

        Highpoint 5 value 0.0246438 +/- 0.003079
Final range [3, 6]
  Will not use point 0 (r 70)
  Will not use point 1 (r 80)
  Will not use point 2 (r 90)
   Point 3 (r 100) was already updated during search.
   Point 4 (r 120) was already updated during search.
   Point 5 (r 140) was already updated during search.
   Point 6 (r 160) was already updated during search.
  Will not use point 7 (r 180)
  Will not use point 8 (r 200)
  Will not use point 9 (r 220)
  r 100.00: CLs = 0.1628 +/- 0.0081
  r 120.00: CLs = 0.0692 +/- 0.0053
  r 140.00: CLs = 0.0246 +/- 0.0031
  r 160.00: CLs = 0.0072 +/- 0.0017
 after scan x ~ 120, bounds [ 100, 160]

 -- HybridNew, before fit -- 
Limit: r < 120 +/- 40 [100, 160]

****************************************
Minimizer is Minuit2 / Migrad
Chi2                      =      2.85443
NDf                       =            2
Edm                       =  1.80678e-08
NCalls                    =           48
p0                        =         0.05                      	 (fixed)
p1                        =    -0.048555   +/-   0.00226403  
p2                        =      124.797   +/-   1.03946     
Fit to 4 points: 124.797 +/- 1.03946

 -- Hybrid New -- 
Limit: r < 124.797 +/- 1.03946 @ 95% CL
Total toys: 0
Done in 0.00 min (cpu), 0.01 min (real)
