>>> including systematics
>>> using the Profile Likelihood test statistics modified for upper limits (Q_LHC)
>>> method used to compute upper limit is HybridNew
>>> random number generator seed is 123456
Adding /uscms_data/d2/lpcljm/sapta/SUSYSearch/LimitSetting/CMSSW_7_1_5/src to include path
Adding /cvmfs/cms.cern.ch/slc6_amd64_gcc481/lcg/roofit/5.34.18-cms3//include to include path
Input workspace 'w': 

RooWorkspace(w) w contents

variables
---------
(jerUp_unc,jerUp_unc_In,jesUp_unc,jesUp_unc_In,lumi,lumi_In,n_obs_binbin1,pdf_unc,pdf_unc_In,r,xs_Bkg,xs_Bkg_In)

p.d.f.s
-------
SimpleGaussianConstraint::jerUp_unc_Pdf[ x=jerUp_unc mean=jerUp_unc_In sigma=1 ] = 1
SimpleGaussianConstraint::jesUp_unc_Pdf[ x=jesUp_unc mean=jesUp_unc_In sigma=1 ] = 1
SimpleGaussianConstraint::lumi_Pdf[ x=lumi mean=lumi_In sigma=1 ] = 1
RooProdPdf::modelObs_b[ pdf_binbin1_bonly ] = 0.493559
RooProdPdf::modelObs_s[ pdf_binbin1 ] = 0.18157
RooProdPdf::model_b[ modelObs_b * nuisancePdf ] = 0.493559
RooProdPdf::model_s[ modelObs_s * nuisancePdf ] = 0.18157
RooProdPdf::nuisancePdf[ lumi_Pdf * jesUp_unc_Pdf * pdf_unc_Pdf * xs_Bkg_Pdf * jerUp_unc_Pdf ] = 1
RooPoisson::pdf_binbin1[ x=n_obs_binbin1 mean=n_exp_binbin1 ] = 0.18157
RooPoisson::pdf_binbin1_bonly[ x=n_obs_binbin1 mean=n_exp_binbin1_bonly ] = 0.493559
SimpleGaussianConstraint::pdf_unc_Pdf[ x=pdf_unc mean=pdf_unc_In sigma=1 ] = 1
SimpleGaussianConstraint::xs_Bkg_Pdf[ x=xs_Bkg mean=xs_Bkg_In sigma=1 ] = 1

functions
--------
RooAddition::n_exp_binbin1[ n_exp_binbin1_proc_BH + n_exp_binbin1_proc_Background ] = 1.70611
RooAddition::n_exp_binbin1_bonly[ n_exp_binbin1_proc_Background ] = 0.706112
ProcessNormalization::n_exp_binbin1_proc_BH[ thetaList=(lumi,jesUp_unc,pdf_unc) asymmThetaList=() otherFactorList=(r) ] = 1
ProcessNormalization::n_exp_binbin1_proc_Background[ thetaList=(xs_Bkg,jerUp_unc) asymmThetaList=() otherFactorList=() ] = 0.706112

datasets
--------
RooDataSet::data_obs(n_obs_binbin1)

named sets
----------
ModelConfig_GlobalObservables:(lumi_In,jesUp_unc_In,pdf_unc_In,xs_Bkg_In,jerUp_unc_In)
ModelConfig_NuisParams:(lumi,jesUp_unc,pdf_unc,xs_Bkg,jerUp_unc)
ModelConfig_Observables:(n_obs_binbin1)
ModelConfig_POI:(r)
ModelConfig_bonly_GlobalObservables:(lumi_In,jesUp_unc_In,pdf_unc_In,xs_Bkg_In,jerUp_unc_In)
ModelConfig_bonly_NuisParams:(lumi,jesUp_unc,pdf_unc,xs_Bkg,jerUp_unc)
ModelConfig_bonly_Observables:(n_obs_binbin1)
ModelConfig_bonly_POI:(r)
POI:(r)
globalObservables:(lumi_In,jesUp_unc_In,pdf_unc_In,xs_Bkg_In,jerUp_unc_In)
nuisances:(lumi,jesUp_unc,pdf_unc,xs_Bkg,jerUp_unc)
observables:(n_obs_binbin1)

generic objects
---------------
RooStats::ModelConfig::ModelConfig
RooStats::ModelConfig::ModelConfig_bonly
RooArgSet::discreteParams

Workspace has a ModelConfig for signal called 'ModelConfig', with contents:

=== Using the following for ModelConfig ===
Observables:             RooArgSet:: = (n_obs_binbin1)
Parameters of Interest:  RooArgSet:: = (r)
Nuisance Parameters:     RooArgSet:: = (lumi,jesUp_unc,pdf_unc,xs_Bkg,jerUp_unc)
Global Observables:      RooArgSet:: = (lumi_In,jesUp_unc_In,pdf_unc_In,xs_Bkg_In,jerUp_unc_In)
PDF:                     RooProdPdf::model_s[ modelObs_s * nuisancePdf ] = 0.18157

Input ModelConfig 'ModelConfig': 

=== Using the following for ModelConfig ===
Observables:             RooArgSet:: = (n_obs_binbin1)
Parameters of Interest:  RooArgSet:: = (r)
Nuisance Parameters:     RooArgSet:: = (lumi,jesUp_unc,pdf_unc,xs_Bkg,jerUp_unc)
Global Observables:      RooArgSet:: = (lumi_In,jesUp_unc_In,pdf_unc_In,xs_Bkg_In,jerUp_unc_In)
PDF:                     RooProdPdf::model_s[ modelObs_s * nuisancePdf ] = 0.18157

[#1] INFO:ObjectHandling -- RooWorkspace::import(w) importing RooUniform::prior
Computing limit starting from observation
  1) RooRealVar:: n_obs_binbin1 = 0
Set default minimizer to Minuit2
Search for upper limit using pre-computed grid of p-values
  Do HypoTestResult_mh120_r10_652072705 -> 10 --> 10
  Do HypoTestResult_mh120_r8_4285444464 -> 8 --> 8
  Do HypoTestResult_mh120_r4.5_3404941969 -> 4.5 --> 4.5
  Do HypoTestResult_mh120_r7_3694195933 -> 7 --> 7
  Do HypoTestResult_mh120_r2.5_1012289498 -> 2.5 --> 2.5
  Do HypoTestResult_mh120_r2_2641228836 -> 2 --> 2
  Do HypoTestResult_mh120_r1_782504604 -> 1 --> 1
  Do HypoTestResult_mh120_r9_4138733729 -> 9 --> 9
  Do HypoTestResult_mh120_r3.5_995923786 -> 3.5 --> 3.5
  Do HypoTestResult_mh120_r1.5_3206387447 -> 1.5 --> 1.5
  Do HypoTestResult_mh120_r12_1069409463 -> 12 --> 12
  Do HypoTestResult_mh120_r5_2871974130 -> 5 --> 5
  Do HypoTestResult_mh120_r11_1817580338 -> 11 --> 11
  Do HypoTestResult_mh120_r4_3141742792 -> 4 --> 4
  Do HypoTestResult_mh120_r5.5_1261933662 -> 5.5 --> 5.5
  Do HypoTestResult_mh120_r14_3518950692 -> 14 --> 14
  Do HypoTestResult_mh120_r3_3097274558 -> 3 --> 3
  Do HypoTestResult_mh120_r6_1636594179 -> 6 --> 6
GRID, as is.
  - 1  (CLs = 0.355422 +/- 0.0154816)
  - 1.5  (CLs = 0.197855 +/- 0.0112063)
  - 2  (CLs = 0.113184 +/- 0.00855749)
  - 2.5  (CLs = 0.0893513 +/- 0.00750833)
  - 3  (CLs = 0.0374622 +/- 0.00478774)
  - 3.5  (CLs = 0.0307018 +/- 0.00441024)
  - 4  (CLs = 0.0160099 +/- 0.00314858)
  - 4.5  (CLs = 0.0068793 +/- 0.00207676)
  - 5  (CLs = 0.00592066 +/- 0.00187408)
  - 5.5  (CLs = 0.00294811 +/- 0.00131906)
  - 6  (CLs = 0.00242277 +/- 0.00121189)
  - 7  (CLs = 0 +/- 0)
  - 8  (CLs = 0 +/- 0)
  - 9  (CLs = 0 +/- 0)
  - 10  (CLs = 0 +/- 0)
  - 11  (CLs = 0 +/- 0)
  - 12  (CLs = 0 +/- 0)
  - 14  (CLs = 0 +/- 0)
Bisecting range [0, 17]
At r = 5:
	CLs      = 0.00679983 +/- 0.0017003
	CLb      = 0.4706 +/- 0.00705883
	CLsplusb = 0.0032 +/- 0.000798719

    Midpoint 8 value 0.00679983 +/- 0.0017003
    Replacing Max
Bisecting range [0, 8]
At r = 3:
	CLs      = 0.0467009 +/- 0.00448007
	CLb      = 0.4668 +/- 0.00705546
	CLsplusb = 0.0218 +/- 0.00206518

    Midpoint 4 value 0.0467009 +/- 0.00448007
    Tightening Range
At r = 2:
	CLs      = 0.120956 +/- 0.00759698
	CLb      = 0.4266 +/- 0.00699446
	CLsplusb = 0.0516 +/- 0.0031285

        Lowpoint 2 value 0.120956 +/- 0.00759698
At r = 2.5:
	CLs      = 0.0912758 +/- 0.00684821
	CLb      = 0.3966 +/- 0.00691821
	CLsplusb = 0.0362 +/- 0.00264157

        Lowpoint 3 value 0.0912758 +/- 0.00684821
At r = 4:
	CLs      = 0.0173993 +/- 0.00282564
	CLb      = 0.4368 +/- 0.00701435
	CLsplusb = 0.0076 +/- 0.00122819

        Highpoint 6 value 0.0173993 +/- 0.00282564
At r = 3.5:
	CLs      = 0.0332632 +/- 0.00374551
	CLb      = 0.475 +/- 0.00706222
	CLsplusb = 0.0158 +/- 0.00176354

        Highpoint 5 value 0.0332632 +/- 0.00374551
Final range [3, 6]
  Will not use point 0 (r 1)
  Will not use point 1 (r 1.5)
  Will not use point 2 (r 2)
   Point 3 (r 2.5) was already updated during search.
   Point 4 (r 3) was already updated during search.
   Point 5 (r 3.5) was already updated during search.
   Point 6 (r 4) was already updated during search.
  Will not use point 7 (r 4.5)
  Will not use point 8 (r 5)
  Will not use point 9 (r 5.5)
  Will not use point 10 (r 6)
  Will not use point 11 (r 7)
  Will not use point 12 (r 8)
  Will not use point 13 (r 9)
  Will not use point 14 (r 10)
  Will not use point 15 (r 11)
  Will not use point 16 (r 12)
  Will not use point 17 (r 14)
  r 2.50: CLs = 0.0913 +/- 0.0068
  r 3.00: CLs = 0.0467 +/- 0.0045
  r 3.50: CLs = 0.0333 +/- 0.0037
  r 4.00: CLs = 0.0174 +/- 0.0028
 after scan x ~ 3, bounds [ 2.5, 4]

 -- HybridNew, before fit -- 
Limit: r < 3 +/- 1 [2.5, 4]

****************************************
Minimizer is Minuit2 / Migrad
Chi2                      =      2.07845
NDf                       =            2
Edm                       =  1.40586e-12
NCalls                    =           38
p0                        =         0.05                      	 (fixed)
p1                        =     -1.07414   +/-   0.103591    
p2                        =      3.02749   +/-   0.0468108   
Fit to 4 points: 3.02749 +/- 0.0468108

 -- Hybrid New -- 
Limit: r < 3.02749 +/- 0.0468108 @ 95% CL
Total toys: 0
Done in 0.01 min (cpu), 0.02 min (real)
