>>> including systematics
>>> using the Profile Likelihood test statistics modified for upper limits (Q_LHC)
>>> method used to compute upper limit is HybridNew
>>> random number generator seed is 123456
Adding /uscms_data/d2/lpcljm/sapta/SUSYSearch/LimitSetting/CMSSW_7_1_5/src to include path
Adding /cvmfs/cms.cern.ch/slc6_amd64_gcc481/lcg/roofit/5.34.18-cms3//include to include path
Input workspace 'w': 

RooWorkspace(w) w contents

variables
---------
(jerUp_unc,jerUp_unc_In,jesUp_unc,jesUp_unc_In,lumi,lumi_In,n_obs_binbin1,pdf_unc,pdf_unc_In,r,xs_Bkg,xs_Bkg_In)

p.d.f.s
-------
SimpleGaussianConstraint::jerUp_unc_Pdf[ x=jerUp_unc mean=jerUp_unc_In sigma=1 ] = 1
SimpleGaussianConstraint::jesUp_unc_Pdf[ x=jesUp_unc mean=jesUp_unc_In sigma=1 ] = 1
SimpleGaussianConstraint::lumi_Pdf[ x=lumi mean=lumi_In sigma=1 ] = 1
RooProdPdf::modelObs_b[ pdf_binbin1_bonly ] = 0.0480281
RooProdPdf::modelObs_s[ pdf_binbin1 ] = 0.0241786
RooProdPdf::model_b[ modelObs_b * nuisancePdf ] = 0.0480281
RooProdPdf::model_s[ modelObs_s * nuisancePdf ] = 0.0241786
RooProdPdf::nuisancePdf[ lumi_Pdf * jesUp_unc_Pdf * pdf_unc_Pdf * xs_Bkg_Pdf * jerUp_unc_Pdf ] = 1
RooPoisson::pdf_binbin1[ x=n_obs_binbin1 mean=n_exp_binbin1 ] = 0.0241786
RooPoisson::pdf_binbin1_bonly[ x=n_obs_binbin1 mean=n_exp_binbin1_bonly ] = 0.0480281
SimpleGaussianConstraint::pdf_unc_Pdf[ x=pdf_unc mean=pdf_unc_In sigma=1 ] = 1
SimpleGaussianConstraint::xs_Bkg_Pdf[ x=xs_Bkg mean=xs_Bkg_In sigma=1 ] = 1

functions
--------
RooAddition::n_exp_binbin1[ n_exp_binbin1_proc_BH + n_exp_binbin1_proc_Background ] = 6.88899
RooAddition::n_exp_binbin1_bonly[ n_exp_binbin1_proc_Background ] = 5.88899
ProcessNormalization::n_exp_binbin1_proc_BH[ thetaList=(lumi,jesUp_unc,pdf_unc) asymmThetaList=() otherFactorList=(r) ] = 1
ProcessNormalization::n_exp_binbin1_proc_Background[ thetaList=(xs_Bkg,jerUp_unc) asymmThetaList=() otherFactorList=() ] = 5.88899

datasets
--------
RooDataSet::data_obs(n_obs_binbin1)

named sets
----------
ModelConfig_GlobalObservables:(lumi_In,jesUp_unc_In,pdf_unc_In,xs_Bkg_In,jerUp_unc_In)
ModelConfig_NuisParams:(lumi,jesUp_unc,pdf_unc,xs_Bkg,jerUp_unc)
ModelConfig_Observables:(n_obs_binbin1)
ModelConfig_POI:(r)
ModelConfig_bonly_GlobalObservables:(lumi_In,jesUp_unc_In,pdf_unc_In,xs_Bkg_In,jerUp_unc_In)
ModelConfig_bonly_NuisParams:(lumi,jesUp_unc,pdf_unc,xs_Bkg,jerUp_unc)
ModelConfig_bonly_Observables:(n_obs_binbin1)
ModelConfig_bonly_POI:(r)
POI:(r)
globalObservables:(lumi_In,jesUp_unc_In,pdf_unc_In,xs_Bkg_In,jerUp_unc_In)
nuisances:(lumi,jesUp_unc,pdf_unc,xs_Bkg,jerUp_unc)
observables:(n_obs_binbin1)

generic objects
---------------
RooStats::ModelConfig::ModelConfig
RooStats::ModelConfig::ModelConfig_bonly
RooArgSet::discreteParams

Workspace has a ModelConfig for signal called 'ModelConfig', with contents:

=== Using the following for ModelConfig ===
Observables:             RooArgSet:: = (n_obs_binbin1)
Parameters of Interest:  RooArgSet:: = (r)
Nuisance Parameters:     RooArgSet:: = (lumi,jesUp_unc,pdf_unc,xs_Bkg,jerUp_unc)
Global Observables:      RooArgSet:: = (lumi_In,jesUp_unc_In,pdf_unc_In,xs_Bkg_In,jerUp_unc_In)
PDF:                     RooProdPdf::model_s[ modelObs_s * nuisancePdf ] = 0.0241786

Input ModelConfig 'ModelConfig': 

=== Using the following for ModelConfig ===
Observables:             RooArgSet:: = (n_obs_binbin1)
Parameters of Interest:  RooArgSet:: = (r)
Nuisance Parameters:     RooArgSet:: = (lumi,jesUp_unc,pdf_unc,xs_Bkg,jerUp_unc)
Global Observables:      RooArgSet:: = (lumi_In,jesUp_unc_In,pdf_unc_In,xs_Bkg_In,jerUp_unc_In)
PDF:                     RooProdPdf::model_s[ modelObs_s * nuisancePdf ] = 0.0241786

[#1] INFO:ObjectHandling -- RooWorkspace::import(w) importing RooUniform::prior
Computing limit starting from observation
  1) RooRealVar:: n_obs_binbin1 = 2
Set default minimizer to Minuit2
Search for upper limit using pre-computed grid of p-values
  Do HypoTestResult_mh120_r6_2173862035 -> 6 --> 6
  Do HypoTestResult_mh120_r5.5_3554282720 -> 5.5 --> 5.5
  Do HypoTestResult_mh120_r2.5_3763668740 -> 2.5 --> 2.5
  Do HypoTestResult_mh120_r3_1962435966 -> 3 --> 3
  Do HypoTestResult_mh120_r7_1298875227 -> 7 --> 7
  Do HypoTestResult_mh120_r9_1575365231 -> 9 --> 9
  Do HypoTestResult_mh120_r1.5_1782453263 -> 1.5 --> 1.5
  Do HypoTestResult_mh120_r10_1644518367 -> 10 --> 10
  Do HypoTestResult_mh120_r8_522841214 -> 8 --> 8
  Do HypoTestResult_mh120_r2_1544068758 -> 2 --> 2
  Do HypoTestResult_mh120_r4.5_3798178449 -> 4.5 --> 4.5
  Do HypoTestResult_mh120_r14_1709417190 -> 14 --> 14
  Do HypoTestResult_mh120_r12_1900699509 -> 12 --> 12
  Do HypoTestResult_mh120_r3.5_713368212 -> 3.5 --> 3.5
  Do HypoTestResult_mh120_r5_1880012050 -> 5 --> 5
  Do HypoTestResult_mh120_r16_1997117477 -> 16 --> 16
  Do HypoTestResult_mh120_r4_1140710799 -> 4 --> 4
  Do HypoTestResult_mh120_r11_1801954521 -> 11 --> 11
GRID, as is.
  - 1.5  (CLs = 0.488673 +/- 0.0222048)
  - 2  (CLs = 0.350077 +/- 0.0177828)
  - 2.5  (CLs = 0.25168 +/- 0.014489)
  - 3  (CLs = 0.187737 +/- 0.0124378)
  - 3.5  (CLs = 0.125 +/- 0.00982579)
  - 4  (CLs = 0.0850291 +/- 0.00800979)
  - 4.5  (CLs = 0.0600707 +/- 0.00659997)
  - 5  (CLs = 0.0479943 +/- 0.00592524)
  - 5.5  (CLs = 0.0379213 +/- 0.00520238)
  - 6  (CLs = 0.0186593 +/- 0.00360507)
  - 7  (CLs = 0.00492958 +/- 0.00186519)
  - 8  (CLs = 0.00347947 +/- 0.00155722)
  - 9  (CLs = 0.000704722 +/- 0.000704829)
  - 10  (CLs = 0 +/- 0)
  - 11  (CLs = 0.000692521 +/- 0.000692622)
  - 12  (CLs = 0 +/- 0)
  - 14  (CLs = 0 +/- 0)
  - 16  (CLs = 0 +/- 0)
Bisecting range [0, 17]
At r = 5.5:
	CLs      = 0.217671 +/- 0.00664607
	CLb      = 0.8398 +/- 0.00518721
	CLsplusb = 0.1828 +/- 0.00546597

    Midpoint 8 value 0.217671 +/- 0.00664607
    Replacing Min
Bisecting range [8, 17]
At r = 9:
	CLs      = 0.0285239 +/- 0.00257838
	CLb      = 0.8414 +/- 0.00516616
	CLsplusb = 0.024 +/- 0.00216444

    Midpoint 12 value 0.0285239 +/- 0.00257838
    Tightening Range
At r = 7:
	CLs      = 0.0814286 +/- 0.00427951
	CLb      = 0.84 +/- 0.00518459
	CLsplusb = 0.0684 +/- 0.00356991

        Lowpoint 10 value 0.0814286 +/- 0.00427951
At r = 8:
	CLs      = 0.0562039 +/- 0.00358801
	CLb      = 0.8398 +/- 0.00518721
	CLsplusb = 0.0472 +/- 0.00299907

        Lowpoint 11 value 0.0562039 +/- 0.00358801
At r = 11:
	CLs      = 0.00795372 +/- 0.00138093
	CLb      = 0.8298 +/- 0.00531473
	CLsplusb = 0.0066 +/- 0.00114511

        Highpoint 14 value 0.00795372 +/- 0.00138093
At r = 10:
	CLs      = 0.0157518 +/- 0.00192856
	CLb      = 0.838 +/- 0.00521068
	CLsplusb = 0.0132 +/- 0.00161405

        Highpoint 13 value 0.0157518 +/- 0.00192856
Final range [10, 13]
  Will not use point 0 (r 1.5)
  Will not use point 1 (r 2)
  Will not use point 2 (r 2.5)
  Will not use point 3 (r 3)
  Will not use point 4 (r 3.5)
  Will not use point 5 (r 4)
  Will not use point 6 (r 4.5)
  Will not use point 7 (r 5)
  Will not use point 8 (r 5.5)
  Will not use point 9 (r 6)
   Point 10 (r 7) was already updated during search.
   Point 11 (r 8) was already updated during search.
   Point 12 (r 9) was already updated during search.
   Point 13 (r 10) was already updated during search.
  Will not use point 14 (r 11)
  Will not use point 15 (r 12)
  Will not use point 16 (r 14)
  Will not use point 17 (r 16)
  r 7.00: CLs = 0.0814 +/- 0.0043
  r 8.00: CLs = 0.0562 +/- 0.0036
  r 9.00: CLs = 0.0285 +/- 0.0026
  r 10.00: CLs = 0.0158 +/- 0.0019
 after scan x ~ 8, bounds [ 7, 10]

 -- HybridNew, before fit -- 
Limit: r < 8 +/- 2 [7, 10]

****************************************
Minimizer is Minuit2 / Migrad
Chi2                      =      4.42795
NDf                       =            2
Edm                       =  4.03898e-06
NCalls                    =           33
p0                        =         0.05                      	 (fixed)
p1                        =    -0.533133   +/-   0.0339808   
p2                        =       7.9908   +/-   0.0671276   
Fit to 4 points: 7.9908 +/- 0.0671276

 -- Hybrid New -- 
Limit: r < 7.9908 +/- 0.0671276 @ 95% CL
Total toys: 0
Done in 0.01 min (cpu), 0.03 min (real)
