>>> including systematics
>>> using the Profile Likelihood test statistics modified for upper limits (Q_LHC)
>>> method used to compute upper limit is HybridNew
>>> random number generator seed is 123456
Adding /uscms_data/d2/lpcljm/sapta/SUSYSearch/LimitSetting/CMSSW_7_1_5/src to include path
Adding /cvmfs/cms.cern.ch/slc6_amd64_gcc481/lcg/roofit/5.34.18-cms3//include to include path
Input workspace 'w': 

RooWorkspace(w) w contents

variables
---------
(jerUp_unc,jerUp_unc_In,jesUp_unc,jesUp_unc_In,lumi,lumi_In,n_obs_binbin1,pdf_unc,pdf_unc_In,r,xs_Bkg,xs_Bkg_In)

p.d.f.s
-------
SimpleGaussianConstraint::jerUp_unc_Pdf[ x=jerUp_unc mean=jerUp_unc_In sigma=1 ] = 1
SimpleGaussianConstraint::jesUp_unc_Pdf[ x=jesUp_unc mean=jesUp_unc_In sigma=1 ] = 1
SimpleGaussianConstraint::lumi_Pdf[ x=lumi mean=lumi_In sigma=1 ] = 1
RooProdPdf::modelObs_b[ pdf_binbin1_bonly ] = 1.50717e-06
RooProdPdf::modelObs_s[ pdf_binbin1 ] = 1.16377e-06
RooProdPdf::model_b[ modelObs_b * nuisancePdf ] = 1.50717e-06
RooProdPdf::model_s[ modelObs_s * nuisancePdf ] = 1.16377e-06
RooProdPdf::nuisancePdf[ lumi_Pdf * jesUp_unc_Pdf * pdf_unc_Pdf * xs_Bkg_Pdf * jerUp_unc_Pdf ] = 1
RooPoisson::pdf_binbin1[ x=n_obs_binbin1 mean=n_exp_binbin1 ] = 1.16377e-06
RooPoisson::pdf_binbin1_bonly[ x=n_obs_binbin1 mean=n_exp_binbin1_bonly ] = 1.50717e-06
SimpleGaussianConstraint::pdf_unc_Pdf[ x=pdf_unc mean=pdf_unc_In sigma=1 ] = 1
SimpleGaussianConstraint::xs_Bkg_Pdf[ x=xs_Bkg mean=xs_Bkg_In sigma=1 ] = 1

functions
--------
RooAddition::n_exp_binbin1[ n_exp_binbin1_proc_BH + n_exp_binbin1_proc_Background ] = 271.596
RooAddition::n_exp_binbin1_bonly[ n_exp_binbin1_proc_Background ] = 270.596
ProcessNormalization::n_exp_binbin1_proc_BH[ thetaList=(lumi,jesUp_unc,pdf_unc) asymmThetaList=() otherFactorList=(r) ] = 1
ProcessNormalization::n_exp_binbin1_proc_Background[ thetaList=(xs_Bkg,jerUp_unc) asymmThetaList=() otherFactorList=() ] = 270.596

datasets
--------
RooDataSet::data_obs(n_obs_binbin1)

named sets
----------
ModelConfig_GlobalObservables:(lumi_In,jesUp_unc_In,pdf_unc_In,xs_Bkg_In,jerUp_unc_In)
ModelConfig_NuisParams:(lumi,jesUp_unc,pdf_unc,xs_Bkg,jerUp_unc)
ModelConfig_Observables:(n_obs_binbin1)
ModelConfig_POI:(r)
ModelConfig_bonly_GlobalObservables:(lumi_In,jesUp_unc_In,pdf_unc_In,xs_Bkg_In,jerUp_unc_In)
ModelConfig_bonly_NuisParams:(lumi,jesUp_unc,pdf_unc,xs_Bkg,jerUp_unc)
ModelConfig_bonly_Observables:(n_obs_binbin1)
ModelConfig_bonly_POI:(r)
POI:(r)
globalObservables:(lumi_In,jesUp_unc_In,pdf_unc_In,xs_Bkg_In,jerUp_unc_In)
nuisances:(lumi,jesUp_unc,pdf_unc,xs_Bkg,jerUp_unc)
observables:(n_obs_binbin1)

generic objects
---------------
RooStats::ModelConfig::ModelConfig
RooStats::ModelConfig::ModelConfig_bonly
RooArgSet::discreteParams

Workspace has a ModelConfig for signal called 'ModelConfig', with contents:

=== Using the following for ModelConfig ===
Observables:             RooArgSet:: = (n_obs_binbin1)
Parameters of Interest:  RooArgSet:: = (r)
Nuisance Parameters:     RooArgSet:: = (lumi,jesUp_unc,pdf_unc,xs_Bkg,jerUp_unc)
Global Observables:      RooArgSet:: = (lumi_In,jesUp_unc_In,pdf_unc_In,xs_Bkg_In,jerUp_unc_In)
PDF:                     RooProdPdf::model_s[ modelObs_s * nuisancePdf ] = 1.16377e-06

Input ModelConfig 'ModelConfig': 

=== Using the following for ModelConfig ===
Observables:             RooArgSet:: = (n_obs_binbin1)
Parameters of Interest:  RooArgSet:: = (r)
Nuisance Parameters:     RooArgSet:: = (lumi,jesUp_unc,pdf_unc,xs_Bkg,jerUp_unc)
Global Observables:      RooArgSet:: = (lumi_In,jesUp_unc_In,pdf_unc_In,xs_Bkg_In,jerUp_unc_In)
PDF:                     RooProdPdf::model_s[ modelObs_s * nuisancePdf ] = 1.16377e-06

[#1] INFO:ObjectHandling -- RooWorkspace::import(w) importing RooUniform::prior
Computing limit starting from observation
  1) RooRealVar:: n_obs_binbin1 = 201
Set default minimizer to Minuit2
Search for upper limit using pre-computed grid of p-values
  Do HypoTestResult_mh120_r120_964444096 -> 120 --> 120
  Do HypoTestResult_mh120_r200_2037250717 -> 200 --> 200
  Do HypoTestResult_mh120_r220_1453842590 -> 220 --> 220
  Do HypoTestResult_mh120_r180_3786002073 -> 180 --> 180
  Do HypoTestResult_mh120_r70_2285771085 -> 70 --> 70
  Do HypoTestResult_mh120_r100_3464340719 -> 100 --> 100
  Do HypoTestResult_mh120_r140_618195548 -> 140 --> 140
  Do HypoTestResult_mh120_r80_2948778599 -> 80 --> 80
  Do HypoTestResult_mh120_r90_2136776544 -> 90 --> 90
  Do HypoTestResult_mh120_r160_2025440575 -> 160 --> 160
GRID, as is.
  - 70  (CLs = 0.237082 +/- 0.0141556)
  - 80  (CLs = 0.186695 +/- 0.0120223)
  - 90  (CLs = 0.122975 +/- 0.00977972)
  - 100  (CLs = 0.0782866 +/- 0.0077391)
  - 120  (CLs = 0.0266379 +/- 0.00440508)
  - 140  (CLs = 0.00844476 +/- 0.00244223)
  - 160  (CLs = 0.00265252 +/- 0.00132696)
  - 180  (CLs = 0.000662691 +/- 0.000662778)
  - 200  (CLs = 0 +/- 0)
  - 220  (CLs = 0 +/- 0)
Bisecting range [0, 9]
At r = 120:
	CLs      = 0.520803 +/- 0.00744681
	CLb      = 0.9662 +/- 0.00255568
	CLsplusb = 0.5032 +/- 0.00707092

    Midpoint 4 value 0.520803 +/- 0.00744681
    Replacing Min
Bisecting range [4, 9]
At r = 160:
	CLs      = 0.236308 +/- 0.00613119
	CLb      = 0.975 +/- 0.00220794
	CLsplusb = 0.2304 +/- 0.0059551

    Midpoint 6 value 0.236308 +/- 0.00613119
    Replacing Min
Final range [6, 9]
  Will not use point 0 (r 70)
  Will not use point 1 (r 80)
  Will not use point 2 (r 90)
  Will not use point 3 (r 100)
  Will not use point 4 (r 120)
  Will not use point 5 (r 140)
   Point 6 (r 160) was already updated during search.
   Updaing point 7 (r 180)
At r = 180:
	CLs      = 0.123692 +/- 0.00473194
	CLb      = 0.975 +/- 0.00220794
	CLsplusb = 0.1206 +/- 0.00460555

   Updaing point 8 (r 200)
At r = 200:
	CLs      = 0.0369155 +/- 0.00270282
	CLb      = 0.9752 +/- 0.00219932
	CLsplusb = 0.036 +/- 0.00263454

   Updaing point 9 (r 220)
At r = 220:
	CLs      = 0.0149621 +/- 0.00173867
	CLb      = 0.9758 +/- 0.00217322
	CLsplusb = 0.0146 +/- 0.00169628

  r 160.00: CLs = 0.2363 +/- 0.0061
  r 180.00: CLs = 0.1237 +/- 0.0047
  r 200.00: CLs = 0.0369 +/- 0.0027
  r 220.00: CLs = 0.0150 +/- 0.0017
 after scan x ~ 200, bounds [ 180, 220]

 -- HybridNew, before fit -- 
Limit: r < 200 +/- 20 [180, 220]

****************************************
Minimizer is Minuit2 / Migrad
Chi2                      =      2.55595
NDf                       =            1
Edm                       =  6.55014e-07
NCalls                    =           47
p0                        =         0.05                      	 (fixed)
p1                        =   -0.0559124   +/-   0.00283592  
p2                        =       195.98   +/-   0.738722    
Fit to 3 points: 195.98 +/- 0.738722

 -- Hybrid New -- 
Limit: r < 195.98 +/- 0.738722 @ 95% CL
Total toys: 0
Done in 0.00 min (cpu), 0.01 min (real)
