>>> including systematics
>>> using the Profile Likelihood test statistics modified for upper limits (Q_LHC)
>>> method used to compute upper limit is HybridNew
>>> random number generator seed is 123456
Adding /uscms_data/d2/lpcljm/sapta/SUSYSearch/LimitSetting/CMSSW_7_1_5/src to include path
Adding /cvmfs/cms.cern.ch/slc6_amd64_gcc481/lcg/roofit/5.34.18-cms3//include to include path
Input workspace 'w': 

RooWorkspace(w) w contents

variables
---------
(jerUp_unc,jerUp_unc_In,jesUp_unc,jesUp_unc_In,lumi,lumi_In,n_obs_binbin1,pdf_unc,pdf_unc_In,r,xs_Bkg,xs_Bkg_In)

p.d.f.s
-------
SimpleGaussianConstraint::jerUp_unc_Pdf[ x=jerUp_unc mean=jerUp_unc_In sigma=1 ] = 1
SimpleGaussianConstraint::jesUp_unc_Pdf[ x=jesUp_unc mean=jesUp_unc_In sigma=1 ] = 1
SimpleGaussianConstraint::lumi_Pdf[ x=lumi mean=lumi_In sigma=1 ] = 1
RooProdPdf::modelObs_b[ pdf_binbin1_bonly ] = 2.70653e-10
RooProdPdf::modelObs_s[ pdf_binbin1 ] = 2.42367e-10
RooProdPdf::model_b[ modelObs_b * nuisancePdf ] = 2.70653e-10
RooProdPdf::model_s[ modelObs_s * nuisancePdf ] = 2.42367e-10
RooProdPdf::nuisancePdf[ lumi_Pdf * jesUp_unc_Pdf * pdf_unc_Pdf * xs_Bkg_Pdf * jerUp_unc_Pdf ] = 1
RooPoisson::pdf_binbin1[ x=n_obs_binbin1 mean=n_exp_binbin1 ] = 2.42367e-10
RooPoisson::pdf_binbin1_bonly[ x=n_obs_binbin1 mean=n_exp_binbin1_bonly ] = 2.70653e-10
SimpleGaussianConstraint::pdf_unc_Pdf[ x=pdf_unc mean=pdf_unc_In sigma=1 ] = 1
SimpleGaussianConstraint::xs_Bkg_Pdf[ x=xs_Bkg mean=xs_Bkg_In sigma=1 ] = 1

functions
--------
RooAddition::n_exp_binbin1[ n_exp_binbin1_proc_BH + n_exp_binbin1_proc_Background ] = 2728.65
RooAddition::n_exp_binbin1_bonly[ n_exp_binbin1_proc_Background ] = 2727.65
ProcessNormalization::n_exp_binbin1_proc_BH[ thetaList=(lumi,jesUp_unc,pdf_unc) asymmThetaList=() otherFactorList=(r) ] = 1
ProcessNormalization::n_exp_binbin1_proc_Background[ thetaList=(xs_Bkg,jerUp_unc) asymmThetaList=() otherFactorList=() ] = 2727.65

datasets
--------
RooDataSet::data_obs(n_obs_binbin1)

named sets
----------
ModelConfig_GlobalObservables:(lumi_In,jesUp_unc_In,pdf_unc_In,xs_Bkg_In,jerUp_unc_In)
ModelConfig_NuisParams:(lumi,jesUp_unc,pdf_unc,xs_Bkg,jerUp_unc)
ModelConfig_Observables:(n_obs_binbin1)
ModelConfig_POI:(r)
ModelConfig_bonly_GlobalObservables:(lumi_In,jesUp_unc_In,pdf_unc_In,xs_Bkg_In,jerUp_unc_In)
ModelConfig_bonly_NuisParams:(lumi,jesUp_unc,pdf_unc,xs_Bkg,jerUp_unc)
ModelConfig_bonly_Observables:(n_obs_binbin1)
ModelConfig_bonly_POI:(r)
POI:(r)
globalObservables:(lumi_In,jesUp_unc_In,pdf_unc_In,xs_Bkg_In,jerUp_unc_In)
nuisances:(lumi,jesUp_unc,pdf_unc,xs_Bkg,jerUp_unc)
observables:(n_obs_binbin1)

generic objects
---------------
RooStats::ModelConfig::ModelConfig
RooStats::ModelConfig::ModelConfig_bonly
RooArgSet::discreteParams

Workspace has a ModelConfig for signal called 'ModelConfig', with contents:

=== Using the following for ModelConfig ===
Observables:             RooArgSet:: = (n_obs_binbin1)
Parameters of Interest:  RooArgSet:: = (r)
Nuisance Parameters:     RooArgSet:: = (lumi,jesUp_unc,pdf_unc,xs_Bkg,jerUp_unc)
Global Observables:      RooArgSet:: = (lumi_In,jesUp_unc_In,pdf_unc_In,xs_Bkg_In,jerUp_unc_In)
PDF:                     RooProdPdf::model_s[ modelObs_s * nuisancePdf ] = 2.42367e-10

Input ModelConfig 'ModelConfig': 

=== Using the following for ModelConfig ===
Observables:             RooArgSet:: = (n_obs_binbin1)
Parameters of Interest:  RooArgSet:: = (r)
Nuisance Parameters:     RooArgSet:: = (lumi,jesUp_unc,pdf_unc,xs_Bkg,jerUp_unc)
Global Observables:      RooArgSet:: = (lumi_In,jesUp_unc_In,pdf_unc_In,xs_Bkg_In,jerUp_unc_In)
PDF:                     RooProdPdf::model_s[ modelObs_s * nuisancePdf ] = 2.42367e-10

[#1] INFO:ObjectHandling -- RooWorkspace::import(w) importing RooUniform::prior
Computing limit starting from observation
  1) RooRealVar:: n_obs_binbin1 = 2427
Set default minimizer to Minuit2
Search for upper limit using pre-computed grid of p-values
  Do HypoTestResult_mh120_r1200_2202562728 -> 1200 --> 1200
  Do HypoTestResult_mh120_r600_1346015331 -> 600 --> 600
  Do HypoTestResult_mh120_r1000_4151758297 -> 1000 --> 1000
  Do HypoTestResult_mh120_r900_2569580998 -> 900 --> 900
  Do HypoTestResult_mh120_r1500_1823012221 -> 1500 --> 1500
  Do HypoTestResult_mh120_r700_1579735983 -> 700 --> 700
  Do HypoTestResult_mh120_r1300_1716712356 -> 1300 --> 1300
  Do HypoTestResult_mh120_r1100_1534771721 -> 1100 --> 1100
  Do HypoTestResult_mh120_r1500_232790310 -> 1500 --> 1500
  Do HypoTestResult_mh120_r500_3457634770 -> 500 --> 500
  Do HypoTestResult_mh120_r800_145628990 -> 800 --> 800
GRID, as is.
  - 500  (CLs = 0.208223 +/- 0.0122265)
  - 600  (CLs = 0.145305 +/- 0.00985646)
  - 700  (CLs = 0.0714746 +/- 0.00687529)
  - 800  (CLs = 0.0528376 +/- 0.00593053)
  - 900  (CLs = 0.0223187 +/- 0.00373448)
  - 1000  (CLs = 0.0114577 +/- 0.00270634)
  - 1100  (CLs = 0.00861538 +/- 0.00230603)
  - 1200  (CLs = 0.00245851 +/- 0.00122978)
  - 1300  (CLs = 0 +/- 0)
  - 1500  (CLs = 0 +/- 0)
Bisecting range [0, 9]
At r = 900:
	CLs      = 0.526769 +/- 0.00734718
	CLb      = 0.975 +/- 0.00220794
	CLsplusb = 0.5136 +/- 0.00706845

    Midpoint 4 value 0.526769 +/- 0.00734718
    Replacing Min
Bisecting range [4, 9]
At r = 1100:
	CLs      = 0.324103 +/- 0.00678327
	CLb      = 0.975 +/- 0.00220794
	CLsplusb = 0.316 +/- 0.00657486

    Midpoint 6 value 0.324103 +/- 0.00678327
    Replacing Min
Final range [6, 9]
  Will not use point 0 (r 500)
  Will not use point 1 (r 600)
  Will not use point 2 (r 700)
  Will not use point 3 (r 800)
  Will not use point 4 (r 900)
  Will not use point 5 (r 1000)
   Point 6 (r 1100) was already updated during search.
   Updaing point 7 (r 1200)
At r = 1200:
	CLs      = 0.230611 +/- 0.00607892
	CLb      = 0.9748 +/- 0.00221653
	CLsplusb = 0.2248 +/- 0.00590364

   Updaing point 8 (r 1300)
At r = 1300:
	CLs      = 0.137026 +/- 0.00494458
	CLb      = 0.975 +/- 0.00220794
	CLsplusb = 0.1336 +/- 0.00481147

   Updaing point 9 (r 1500)
At r = 1500:
	CLs      = 0.049641 +/- 0.00220256
	CLb      = 0.975 +/- 0.00156125
	CLsplusb = 0.0484 +/- 0.0021461

  r 1100.00: CLs = 0.3241 +/- 0.0068
  r 1200.00: CLs = 0.2306 +/- 0.0061
  r 1300.00: CLs = 0.1370 +/- 0.0049
  r 1500.00: CLs = 0.0496 +/- 0.0022
 after scan x ~ 1500, bounds [ 1300, 1500]

 -- HybridNew, before fit -- 
Limit: r < 1500 +/- 200 [1300, 1500]

****************************************
Minimizer is Minuit2 / Migrad
Chi2                      =  3.28055e-06
NDf                       =            0
Edm                       =  3.28025e-06
NCalls                    =           35
p0                        =         0.05                      	 (fixed)
p1                        =  -0.00507691   +/-   0.000285971 
p2                        =      1498.59   +/-   8.67854     
Fit to 2 points: 1498.59 +/- 8.67854

 -- Hybrid New -- 
Limit: r < 1498.59 +/- 8.67854 @ 95% CL
Total toys: 0
Done in 0.00 min (cpu), 0.01 min (real)
