>>> including systematics
>>> using the Profile Likelihood test statistics modified for upper limits (Q_LHC)
>>> method used to compute upper limit is HybridNew
>>> Using OpenSSL to get a really random seed 
>>> Used OpenSSL to get a really random seed -784569521
Adding /uscms_data/d2/lpcljm/sapta/SUSYSearch/LimitSetting/CMSSW_7_1_5/src to include path
Adding /cvmfs/cms.cern.ch/slc6_amd64_gcc481/lcg/roofit/5.34.18-cms3//include to include path
Input workspace 'w': 

RooWorkspace(w) w contents

variables
---------
(jerUp_unc,jerUp_unc_In,jesUp_unc,jesUp_unc_In,lumi,lumi_In,n_obs_binbin1,pdf_unc,pdf_unc_In,r,xs_Bkg,xs_Bkg_In)

p.d.f.s
-------
SimpleGaussianConstraint::jerUp_unc_Pdf[ x=jerUp_unc mean=jerUp_unc_In sigma=1 ] = 1
SimpleGaussianConstraint::jesUp_unc_Pdf[ x=jesUp_unc mean=jesUp_unc_In sigma=1 ] = 1
SimpleGaussianConstraint::lumi_Pdf[ x=lumi mean=lumi_In sigma=1 ] = 1
RooProdPdf::modelObs_b[ pdf_binbin1_bonly ] = 1.50717e-06
RooProdPdf::modelObs_s[ pdf_binbin1 ] = 1.16377e-06
RooProdPdf::model_b[ modelObs_b * nuisancePdf ] = 1.50717e-06
RooProdPdf::model_s[ modelObs_s * nuisancePdf ] = 1.16377e-06
RooProdPdf::nuisancePdf[ lumi_Pdf * jesUp_unc_Pdf * pdf_unc_Pdf * xs_Bkg_Pdf * jerUp_unc_Pdf ] = 1
RooPoisson::pdf_binbin1[ x=n_obs_binbin1 mean=n_exp_binbin1 ] = 1.16377e-06
RooPoisson::pdf_binbin1_bonly[ x=n_obs_binbin1 mean=n_exp_binbin1_bonly ] = 1.50717e-06
SimpleGaussianConstraint::pdf_unc_Pdf[ x=pdf_unc mean=pdf_unc_In sigma=1 ] = 1
SimpleGaussianConstraint::xs_Bkg_Pdf[ x=xs_Bkg mean=xs_Bkg_In sigma=1 ] = 1

functions
--------
RooAddition::n_exp_binbin1[ n_exp_binbin1_proc_BH + n_exp_binbin1_proc_Background ] = 271.596
RooAddition::n_exp_binbin1_bonly[ n_exp_binbin1_proc_Background ] = 270.596
ProcessNormalization::n_exp_binbin1_proc_BH[ thetaList=(lumi,jesUp_unc,pdf_unc) asymmThetaList=() otherFactorList=(r) ] = 1
ProcessNormalization::n_exp_binbin1_proc_Background[ thetaList=(xs_Bkg,jerUp_unc) asymmThetaList=() otherFactorList=() ] = 270.596

datasets
--------
RooDataSet::data_obs(n_obs_binbin1)

named sets
----------
ModelConfig_GlobalObservables:(lumi_In,jesUp_unc_In,pdf_unc_In,xs_Bkg_In,jerUp_unc_In)
ModelConfig_NuisParams:(lumi,jesUp_unc,pdf_unc,xs_Bkg,jerUp_unc)
ModelConfig_Observables:(n_obs_binbin1)
ModelConfig_POI:(r)
ModelConfig_bonly_GlobalObservables:(lumi_In,jesUp_unc_In,pdf_unc_In,xs_Bkg_In,jerUp_unc_In)
ModelConfig_bonly_NuisParams:(lumi,jesUp_unc,pdf_unc,xs_Bkg,jerUp_unc)
ModelConfig_bonly_Observables:(n_obs_binbin1)
ModelConfig_bonly_POI:(r)
POI:(r)
globalObservables:(lumi_In,jesUp_unc_In,pdf_unc_In,xs_Bkg_In,jerUp_unc_In)
nuisances:(lumi,jesUp_unc,pdf_unc,xs_Bkg,jerUp_unc)
observables:(n_obs_binbin1)

generic objects
---------------
RooStats::ModelConfig::ModelConfig
RooStats::ModelConfig::ModelConfig_bonly
RooArgSet::discreteParams

Workspace has a ModelConfig for signal called 'ModelConfig', with contents:

=== Using the following for ModelConfig ===
Observables:             RooArgSet:: = (n_obs_binbin1)
Parameters of Interest:  RooArgSet:: = (r)
Nuisance Parameters:     RooArgSet:: = (lumi,jesUp_unc,pdf_unc,xs_Bkg,jerUp_unc)
Global Observables:      RooArgSet:: = (lumi_In,jesUp_unc_In,pdf_unc_In,xs_Bkg_In,jerUp_unc_In)
PDF:                     RooProdPdf::model_s[ modelObs_s * nuisancePdf ] = 1.16377e-06

Input ModelConfig 'ModelConfig': 

=== Using the following for ModelConfig ===
Observables:             RooArgSet:: = (n_obs_binbin1)
Parameters of Interest:  RooArgSet:: = (r)
Nuisance Parameters:     RooArgSet:: = (lumi,jesUp_unc,pdf_unc,xs_Bkg,jerUp_unc)
Global Observables:      RooArgSet:: = (lumi_In,jesUp_unc_In,pdf_unc_In,xs_Bkg_In,jerUp_unc_In)
PDF:                     RooProdPdf::model_s[ modelObs_s * nuisancePdf ] = 1.16377e-06

[#1] INFO:ObjectHandling -- RooWorkspace::import(w) importing RooUniform::prior
Computing limit starting from observation
  1) RooRealVar:: n_obs_binbin1 = 201
Set default minimizer to Minuit2
  r = 100 +/- 0
[#1] INFO:Minization --  Including the following contraint terms in minimization: (nuisancePdf)
[#1] INFO:Fitting -- RooAddition::defaultErrorLevel(nll_model_s_data_obs_with_constr) Summation contains a RooNLLVar, using its error level
Minuit2Minimizer: Minimize with max-calls 2500 convergence for edm < 0.01 strategy 1
MnSeedGenerator: for initial parameters FCN = 18
MnSeedGenerator: Initial state:   - FCN =   17.99997110053 Edm =      11.4277 NCalls =     21
VariableMetric: start iterating until Edm is < 1e-05
VariableMetric: Initial state   - FCN =   17.99997110053 Edm =      11.4277 NCalls =     21
VariableMetric: Iteration #   1 - FCN =    9.54799617998 Edm =     0.528867 NCalls =     33
VariableMetric: Iteration #   2 - FCN =   8.367577308371 Edm =  0.000217526 NCalls =     45
VariableMetric: Iteration #   3 - FCN =   8.367124015138 Edm =  1.96007e-07 NCalls =     56
VariableMetric: After Hessian   - FCN =   8.367124015138 Edm =  2.04914e-07 NCalls =     87
Number of iterations 5
----------> Iteration 0
            FVAL = 17.9999711005 Edm = 11.4276543962 Nfcn = 21
            Error matrix change = 1
            Parameters :  p0 = 0 p1 = 0 p2 = 0 p3 = 0 p4 = 0
----------> Iteration 1
            FVAL = 9.54799617998 Edm = 0.528866966067 Nfcn = 33
            Error matrix change = 0.52771
            Parameters :  p0 = -1.45088 p1 = 0 p2 = 0 p3 = 0 p4 = -0.415186
----------> Iteration 2
            FVAL = 8.36757730837 Edm = 0.000217526435226 Nfcn = 45
            Error matrix change = 0.330812
            Parameters :  p0 = -0.0236413 p1 = 0 p2 = 0 p3 = 0 p4 = -0.62853
----------> Iteration 3
            FVAL = 8.36712401514 Edm = 1.96007348619e-07 Nfcn = 56
            Error matrix change = 0.167049
            Parameters :  p0 = -0.0535052 p1 = 0 p2 = 0 p3 = 0 p4 = -0.625138
----------> Iteration 4
            FVAL = 8.36712401514 Edm = 2.04914364322e-07 Nfcn = 87
            Error matrix change = 0
            Parameters :  p0 = -0.0535052 p1 = 0 p2 = 0 p3 = 0 p4 = -0.625138
Minuit2Minimizer : Valid minimum - status = 0
FVAL  = 8.36712401513802817
Edm   = 2.04914364322180788e-07
Nfcn  = 87
jerUp_unc	  = -0.0535052	 +/-  0.993159	(limited)
jesUp_unc	  = 0	 +/-  0.996602	(limited)
lumi	  = 0	 +/-  0.996602	(limited)
pdf_unc	  = 0	 +/-  0.996602	(limited)
xs_Bkg	  = -0.625138	 +/-  0.171839	(limited)
Zero signal fit
   0) jerUp_unc                      = -0.0535052
   1) jesUp_unc                      =         0
   2) lumi                           =         0
   3) pdf_unc                        =         0
   4) xs_Bkg                         = -0.625138

Fitting of the background hypothesis done in 0.297413 s
[#1] INFO:Fitting -- RooAddition::defaultErrorLevel(nll_model_s_data_obs_with_constr) Summation contains a RooNLLVar, using its error level
Minuit2Minimizer: Minimize with max-calls 2500 convergence for edm < 0.01 strategy 1
MnSeedGenerator: for initial parameters FCN = 27.6523
MnSeedGenerator: Initial state:   - FCN =   27.65229828021 Edm =      19.9785 NCalls =     21
VariableMetric: start iterating until Edm is < 1e-05
VariableMetric: Initial state   - FCN =   27.65229828021 Edm =      19.9785 NCalls =     21
VariableMetric: Iteration #   1 - FCN =   13.48051769948 Edm =      1.33195 NCalls =     33
VariableMetric: Iteration #   2 - FCN =   10.36018058032 Edm =     0.109439 NCalls =     45
VariableMetric: Iteration #   3 - FCN =   10.20121099775 Edm =    0.0052397 NCalls =     57
VariableMetric: Iteration #   4 - FCN =   10.19378661199 Edm =  1.11284e-05 NCalls =     69
VariableMetric: Iteration #   5 - FCN =   10.19377486352 Edm =  3.30008e-08 NCalls =     80
VariableMetric: After Hessian   - FCN =   10.19377486352 Edm =  3.65023e-08 NCalls =    111
Number of iterations 7
----------> Iteration 0
            FVAL = 27.6522982802 Edm = 19.9785014129 Nfcn = 21
            Error matrix change = 1
            Parameters :  p0 = -0.0535052 p1 = 0 p2 = 0 p3 = 0 p4 = -0.625138
----------> Iteration 1
            FVAL = 13.4805176995 Edm = 1.33195451822 Nfcn = 33
            Error matrix change = 0.601227
            Parameters :  p0 = -1.58176 p1 = -1.0603 p2 = -0.995269 p3 = -1.2049 p4 = -1.26713
----------> Iteration 2
            FVAL = 10.3601805803 Edm = 0.109439443399 Nfcn = 45
            Error matrix change = 0.438617
            Parameters :  p0 = -0.201523 p1 = -0.0929855 p2 = -0.0495907 p3 = -0.22559 p4 = -1.7713
----------> Iteration 3
            FVAL = 10.2012109977 Edm = 0.00523969818822 Nfcn = 57
            Error matrix change = 0.248274
            Parameters :  p0 = -0.101616 p1 = -0.225622 p2 = -0.213791 p3 = -0.259515 p4 = -1.88485
----------> Iteration 4
            FVAL = 10.193786612 Edm = 1.1128406551e-05 Nfcn = 69
            Error matrix change = 0.196324
            Parameters :  p0 = -0.158701 p1 = -0.175098 p2 = -0.161274 p3 = -0.20742 p4 = -1.90755
----------> Iteration 5
            FVAL = 10.1937748635 Edm = 3.30008354133e-08 Nfcn = 80
            Error matrix change = 0.111243
            Parameters :  p0 = -0.161972 p1 = -0.175897 p2 = -0.162111 p3 = -0.209792 p4 = -1.90741
----------> Iteration 6
            FVAL = 10.1937748635 Edm = 3.65022606592e-08 Nfcn = 111
            Error matrix change = 0
            Parameters :  p0 = -0.161972 p1 = -0.175897 p2 = -0.162111 p3 = -0.209792 p4 = -1.90741
Minuit2Minimizer : Valid minimum - status = 0
FVAL  = 10.1937748635244851
Edm   = 3.65022606591560186e-08
Nfcn  = 111
jerUp_unc	  = -0.161972	 +/-  0.993394	(limited)
jesUp_unc	  = -0.175897	 +/-  0.986225	(limited)
lumi	  = -0.162111	 +/-  0.987793	(limited)
pdf_unc	  = -0.209792	 +/-  0.981767	(limited)
xs_Bkg	  = -1.90741	 +/-  0.310331	(limited)
Reference signal fit
   0) jerUp_unc                      = -0.161972
   1) jesUp_unc                      = -0.175897
   2) lumi                           = -0.162111
   3) pdf_unc                        = -0.209792
   4) xs_Bkg                         =  -1.90741

Fitting of the signal-plus-background hypothesis done in 0.00251603 s
      Evaluation of p-values done in  6.51079 s
	CLs = 0.0927419 +/- 0.0197848
      Evaluation of p-values done in  6.5955 s
	CLs = 0.0781818 +/- 0.0121305
      Evaluation of p-values done in  6.6042 s
	CLs = 0.0825123 +/- 0.0102695
      Evaluation of p-values done in  6.6727 s
	CLs = 0.0848089 +/- 0.00906345
      Evaluation of p-values done in  6.60809 s
	CLs = 0.0782866 +/- 0.0077391
	CLs      = 0.0782866 +/- 0.0077391
	CLb      = 0.2708 +/- 0.00628438
	CLsplusb = 0.0212 +/- 0.00203718

Hybrid result saved as HypoTestResult_mh120_r100_3464340719 in higgsCombineTest.HybridNew.mH120.-784569521.root : higgsCombineTest.HybridNew.mH120.-784569521.root:/toys

 -- Hybrid New -- 
CLs = 0.0782866 +/- 0.0077391
Total toys: 10000
Done in 0.00 min (cpu), 0.56 min (real)
