>>> including systematics
>>> using the Profile Likelihood test statistics modified for upper limits (Q_LHC)
>>> method used to compute upper limit is HybridNew
>>> Using OpenSSL to get a really random seed 
>>> Used OpenSSL to get a really random seed -113296808
Adding /uscms_data/d2/lpcljm/sapta/SUSYSearch/LimitSetting/CMSSW_7_1_5/src to include path
Adding /cvmfs/cms.cern.ch/slc6_amd64_gcc481/lcg/roofit/5.34.18-cms3//include to include path
Input workspace 'w': 

RooWorkspace(w) w contents

variables
---------
(jerUp_unc,jerUp_unc_In,jesUp_unc,jesUp_unc_In,lumi,lumi_In,n_obs_binbin1,pdf_unc,pdf_unc_In,r,xs_Bkg,xs_Bkg_In)

p.d.f.s
-------
SimpleGaussianConstraint::jerUp_unc_Pdf[ x=jerUp_unc mean=jerUp_unc_In sigma=1 ] = 1
SimpleGaussianConstraint::jesUp_unc_Pdf[ x=jesUp_unc mean=jesUp_unc_In sigma=1 ] = 1
SimpleGaussianConstraint::lumi_Pdf[ x=lumi mean=lumi_In sigma=1 ] = 1
RooProdPdf::modelObs_b[ pdf_binbin1_bonly ] = 1.50717e-06
RooProdPdf::modelObs_s[ pdf_binbin1 ] = 1.16377e-06
RooProdPdf::model_b[ modelObs_b * nuisancePdf ] = 1.50717e-06
RooProdPdf::model_s[ modelObs_s * nuisancePdf ] = 1.16377e-06
RooProdPdf::nuisancePdf[ lumi_Pdf * jesUp_unc_Pdf * pdf_unc_Pdf * xs_Bkg_Pdf * jerUp_unc_Pdf ] = 1
RooPoisson::pdf_binbin1[ x=n_obs_binbin1 mean=n_exp_binbin1 ] = 1.16377e-06
RooPoisson::pdf_binbin1_bonly[ x=n_obs_binbin1 mean=n_exp_binbin1_bonly ] = 1.50717e-06
SimpleGaussianConstraint::pdf_unc_Pdf[ x=pdf_unc mean=pdf_unc_In sigma=1 ] = 1
SimpleGaussianConstraint::xs_Bkg_Pdf[ x=xs_Bkg mean=xs_Bkg_In sigma=1 ] = 1

functions
--------
RooAddition::n_exp_binbin1[ n_exp_binbin1_proc_BH + n_exp_binbin1_proc_Background ] = 271.596
RooAddition::n_exp_binbin1_bonly[ n_exp_binbin1_proc_Background ] = 270.596
ProcessNormalization::n_exp_binbin1_proc_BH[ thetaList=(lumi,jesUp_unc,pdf_unc) asymmThetaList=() otherFactorList=(r) ] = 1
ProcessNormalization::n_exp_binbin1_proc_Background[ thetaList=(xs_Bkg,jerUp_unc) asymmThetaList=() otherFactorList=() ] = 270.596

datasets
--------
RooDataSet::data_obs(n_obs_binbin1)

named sets
----------
ModelConfig_GlobalObservables:(lumi_In,jesUp_unc_In,pdf_unc_In,xs_Bkg_In,jerUp_unc_In)
ModelConfig_NuisParams:(lumi,jesUp_unc,pdf_unc,xs_Bkg,jerUp_unc)
ModelConfig_Observables:(n_obs_binbin1)
ModelConfig_POI:(r)
ModelConfig_bonly_GlobalObservables:(lumi_In,jesUp_unc_In,pdf_unc_In,xs_Bkg_In,jerUp_unc_In)
ModelConfig_bonly_NuisParams:(lumi,jesUp_unc,pdf_unc,xs_Bkg,jerUp_unc)
ModelConfig_bonly_Observables:(n_obs_binbin1)
ModelConfig_bonly_POI:(r)
POI:(r)
globalObservables:(lumi_In,jesUp_unc_In,pdf_unc_In,xs_Bkg_In,jerUp_unc_In)
nuisances:(lumi,jesUp_unc,pdf_unc,xs_Bkg,jerUp_unc)
observables:(n_obs_binbin1)

generic objects
---------------
RooStats::ModelConfig::ModelConfig
RooStats::ModelConfig::ModelConfig_bonly
RooArgSet::discreteParams

Workspace has a ModelConfig for signal called 'ModelConfig', with contents:

=== Using the following for ModelConfig ===
Observables:             RooArgSet:: = (n_obs_binbin1)
Parameters of Interest:  RooArgSet:: = (r)
Nuisance Parameters:     RooArgSet:: = (lumi,jesUp_unc,pdf_unc,xs_Bkg,jerUp_unc)
Global Observables:      RooArgSet:: = (lumi_In,jesUp_unc_In,pdf_unc_In,xs_Bkg_In,jerUp_unc_In)
PDF:                     RooProdPdf::model_s[ modelObs_s * nuisancePdf ] = 1.16377e-06

Input ModelConfig 'ModelConfig': 

=== Using the following for ModelConfig ===
Observables:             RooArgSet:: = (n_obs_binbin1)
Parameters of Interest:  RooArgSet:: = (r)
Nuisance Parameters:     RooArgSet:: = (lumi,jesUp_unc,pdf_unc,xs_Bkg,jerUp_unc)
Global Observables:      RooArgSet:: = (lumi_In,jesUp_unc_In,pdf_unc_In,xs_Bkg_In,jerUp_unc_In)
PDF:                     RooProdPdf::model_s[ modelObs_s * nuisancePdf ] = 1.16377e-06

[#1] INFO:ObjectHandling -- RooWorkspace::import(w) importing RooUniform::prior
Computing limit starting from observation
  1) RooRealVar:: n_obs_binbin1 = 201
Set default minimizer to Minuit2
  r = 120 +/- 0
[#1] INFO:Minization --  Including the following contraint terms in minimization: (nuisancePdf)
[#1] INFO:Fitting -- RooAddition::defaultErrorLevel(nll_model_s_data_obs_with_constr) Summation contains a RooNLLVar, using its error level
Minuit2Minimizer: Minimize with max-calls 2500 convergence for edm < 0.01 strategy 1
MnSeedGenerator: for initial parameters FCN = 18
MnSeedGenerator: Initial state:   - FCN =   17.99997110053 Edm =      11.4277 NCalls =     21
VariableMetric: start iterating until Edm is < 1e-05
VariableMetric: Initial state   - FCN =   17.99997110053 Edm =      11.4277 NCalls =     21
VariableMetric: Iteration #   1 - FCN =    9.54799617998 Edm =     0.528867 NCalls =     33
VariableMetric: Iteration #   2 - FCN =   8.367577308371 Edm =  0.000217526 NCalls =     45
VariableMetric: Iteration #   3 - FCN =   8.367124015138 Edm =  1.96007e-07 NCalls =     56
VariableMetric: After Hessian   - FCN =   8.367124015138 Edm =  2.04914e-07 NCalls =     87
Number of iterations 5
----------> Iteration 0
            FVAL = 17.9999711005 Edm = 11.4276543962 Nfcn = 21
            Error matrix change = 1
            Parameters :  p0 = 0 p1 = 0 p2 = 0 p3 = 0 p4 = 0
----------> Iteration 1
            FVAL = 9.54799617998 Edm = 0.528866966067 Nfcn = 33
            Error matrix change = 0.52771
            Parameters :  p0 = -1.45088 p1 = 0 p2 = 0 p3 = 0 p4 = -0.415186
----------> Iteration 2
            FVAL = 8.36757730837 Edm = 0.000217526435226 Nfcn = 45
            Error matrix change = 0.330812
            Parameters :  p0 = -0.0236413 p1 = 0 p2 = 0 p3 = 0 p4 = -0.62853
----------> Iteration 3
            FVAL = 8.36712401514 Edm = 1.96007348619e-07 Nfcn = 56
            Error matrix change = 0.167049
            Parameters :  p0 = -0.0535052 p1 = 0 p2 = 0 p3 = 0 p4 = -0.625138
----------> Iteration 4
            FVAL = 8.36712401514 Edm = 2.04914364322e-07 Nfcn = 87
            Error matrix change = 0
            Parameters :  p0 = -0.0535052 p1 = 0 p2 = 0 p3 = 0 p4 = -0.625138
Minuit2Minimizer : Valid minimum - status = 0
FVAL  = 8.36712401513802817
Edm   = 2.04914364322180788e-07
Nfcn  = 87
jerUp_unc	  = -0.0535052	 +/-  0.993159	(limited)
jesUp_unc	  = 0	 +/-  0.996602	(limited)
lumi	  = 0	 +/-  0.996602	(limited)
pdf_unc	  = 0	 +/-  0.996602	(limited)
xs_Bkg	  = -0.625138	 +/-  0.171839	(limited)
Zero signal fit
   0) jerUp_unc                      = -0.0535052
   1) jesUp_unc                      =         0
   2) lumi                           =         0
   3) pdf_unc                        =         0
   4) xs_Bkg                         = -0.625138

Fitting of the background hypothesis done in 0.303297 s
[#1] INFO:Fitting -- RooAddition::defaultErrorLevel(nll_model_s_data_obs_with_constr) Summation contains a RooNLLVar, using its error level
Minuit2Minimizer: Minimize with max-calls 2500 convergence for edm < 0.01 strategy 1
MnSeedGenerator: for initial parameters FCN = 34.7782
MnSeedGenerator: Initial state:   - FCN =   34.77822833442 Edm =      27.3744 NCalls =     21
VariableMetric: start iterating until Edm is < 1e-05
VariableMetric: Initial state   - FCN =   34.77822833442 Edm =      27.3744 NCalls =     21
VariableMetric: Iteration #   1 - FCN =   15.77018163265 Edm =       1.7363 NCalls =     33
VariableMetric: Iteration #   2 - FCN =   11.38256623047 Edm =      0.20117 NCalls =     45
VariableMetric: Iteration #   3 - FCN =   11.05050290463 Edm =    0.0171063 NCalls =     57
VariableMetric: Iteration #   4 - FCN =   11.02522674511 Edm =  9.08977e-05 NCalls =     69
VariableMetric: Iteration #   5 - FCN =   11.02512627663 Edm =  4.59667e-07 NCalls =     81
VariableMetric: After Hessian   - FCN =   11.02512627663 Edm =  5.34312e-07 NCalls =    112
Number of iterations 7
----------> Iteration 0
            FVAL = 34.7782283344 Edm = 27.3744480893 Nfcn = 21
            Error matrix change = 1
            Parameters :  p0 = -0.0535052 p1 = 0 p2 = 0 p3 = 0 p4 = -0.625138
----------> Iteration 1
            FVAL = 15.7701816326 Edm = 1.73630151005 Nfcn = 33
            Error matrix change = 0.605501
            Parameters :  p0 = -1.74832 p1 = -1.35345 p2 = -1.27688 p3 = -1.51788 p4 = -1.34575
----------> Iteration 2
            FVAL = 11.3825662305 Edm = 0.201169841818 Nfcn = 45
            Error matrix change = 0.446241
            Parameters :  p0 = -0.182303 p1 = -0.205316 p2 = -0.129567 p3 = -0.426121 p4 = -1.97989
----------> Iteration 3
            FVAL = 11.0505029046 Edm = 0.0171063182167 Nfcn = 57
            Error matrix change = 0.258402
            Parameters :  p0 = -0.0873379 p1 = -0.372931 p2 = -0.356382 p3 = -0.425713 p4 = -2.16216
----------> Iteration 4
            FVAL = 11.0252267451 Edm = 9.0897732919e-05 Nfcn = 69
            Error matrix change = 0.20622
            Parameters :  p0 = -0.181846 p1 = -0.277025 p2 = -0.256748 p3 = -0.32324 p4 = -2.2127
----------> Iteration 5
            FVAL = 11.0251262766 Edm = 4.59667192476e-07 Nfcn = 81
            Error matrix change = 0.124523
            Parameters :  p0 = -0.188594 p1 = -0.27838 p2 = -0.256651 p3 = -0.331281 p4 = -2.21381
----------> Iteration 6
            FVAL = 11.0251262766 Edm = 5.34312227044e-07 Nfcn = 112
            Error matrix change = 0
            Parameters :  p0 = -0.188594 p1 = -0.27838 p2 = -0.256651 p3 = -0.331281 p4 = -2.21381
Minuit2Minimizer : Valid minimum - status = 0
FVAL  = 11.0251262766320099
Edm   = 5.34312227043556449e-07
Nfcn  = 112
jerUp_unc	  = -0.188594	 +/-  0.993501	(limited)
jesUp_unc	  = -0.27838	 +/-  0.979157	(limited)
lumi	  = -0.256651	 +/-  0.9818	(limited)
pdf_unc	  = -0.331281	 +/-  0.971619	(limited)
xs_Bkg	  = -2.21381	 +/-  0.356341	(limited)
Reference signal fit
   0) jerUp_unc                      = -0.188594
   1) jesUp_unc                      =  -0.27838
   2) lumi                           = -0.256651
   3) pdf_unc                        = -0.331281
   4) xs_Bkg                         =  -2.21381

Fitting of the signal-plus-background hypothesis done in 0.00243282 s
      Evaluation of p-values done in  6.57378 s
	CLs = 0.0248227 +/- 0.00943273
      Evaluation of p-values done in  6.25455 s
	CLs = 0.0269784 +/- 0.00700739
      Evaluation of p-values done in  6.53277 s
	CLs = 0.0288115 +/- 0.00591868
      Evaluation of p-values done in  6.59553 s
	CLs = 0.030082 +/- 0.00527205
      Evaluation of p-values done in  6.52159 s
	CLs = 0.0266379 +/- 0.00440508
	CLs      = 0.0266379 +/- 0.00440508
	CLb      = 0.2778 +/- 0.00633446
	CLsplusb = 0.0074 +/- 0.00121204

Hybrid result saved as HypoTestResult_mh120_r120_964444096 in higgsCombineTest.HybridNew.mH120.-113296808.root : higgsCombineTest.HybridNew.mH120.-113296808.root:/toys

 -- Hybrid New -- 
CLs = 0.0266379 +/- 0.00440508
Total toys: 10000
Done in 0.00 min (cpu), 0.55 min (real)
