>>> including systematics
>>> using the Profile Likelihood test statistics modified for upper limits (Q_LHC)
>>> method used to compute upper limit is HybridNew
>>> Using OpenSSL to get a really random seed 
>>> Used OpenSSL to get a really random seed -510879569
Adding /uscms_data/d2/lpcljm/sapta/SUSYSearch/LimitSetting/CMSSW_7_1_5/src to include path
Adding /cvmfs/cms.cern.ch/slc6_amd64_gcc481/lcg/roofit/5.34.18-cms3//include to include path
Input workspace 'w': 

RooWorkspace(w) w contents

variables
---------
(jerUp_unc,jerUp_unc_In,jesUp_unc,jesUp_unc_In,lumi,lumi_In,n_obs_binbin1,pdf_unc,pdf_unc_In,r,xs_Bkg,xs_Bkg_In)

p.d.f.s
-------
SimpleGaussianConstraint::jerUp_unc_Pdf[ x=jerUp_unc mean=jerUp_unc_In sigma=1 ] = 1
SimpleGaussianConstraint::jesUp_unc_Pdf[ x=jesUp_unc mean=jesUp_unc_In sigma=1 ] = 1
SimpleGaussianConstraint::lumi_Pdf[ x=lumi mean=lumi_In sigma=1 ] = 1
RooProdPdf::modelObs_b[ pdf_binbin1_bonly ] = 2.70653e-10
RooProdPdf::modelObs_s[ pdf_binbin1 ] = 2.42367e-10
RooProdPdf::model_b[ modelObs_b * nuisancePdf ] = 2.70653e-10
RooProdPdf::model_s[ modelObs_s * nuisancePdf ] = 2.42367e-10
RooProdPdf::nuisancePdf[ lumi_Pdf * jesUp_unc_Pdf * pdf_unc_Pdf * xs_Bkg_Pdf * jerUp_unc_Pdf ] = 1
RooPoisson::pdf_binbin1[ x=n_obs_binbin1 mean=n_exp_binbin1 ] = 2.42367e-10
RooPoisson::pdf_binbin1_bonly[ x=n_obs_binbin1 mean=n_exp_binbin1_bonly ] = 2.70653e-10
SimpleGaussianConstraint::pdf_unc_Pdf[ x=pdf_unc mean=pdf_unc_In sigma=1 ] = 1
SimpleGaussianConstraint::xs_Bkg_Pdf[ x=xs_Bkg mean=xs_Bkg_In sigma=1 ] = 1

functions
--------
RooAddition::n_exp_binbin1[ n_exp_binbin1_proc_BH + n_exp_binbin1_proc_Background ] = 2728.65
RooAddition::n_exp_binbin1_bonly[ n_exp_binbin1_proc_Background ] = 2727.65
ProcessNormalization::n_exp_binbin1_proc_BH[ thetaList=(lumi,jesUp_unc,pdf_unc) asymmThetaList=() otherFactorList=(r) ] = 1
ProcessNormalization::n_exp_binbin1_proc_Background[ thetaList=(xs_Bkg,jerUp_unc) asymmThetaList=() otherFactorList=() ] = 2727.65

datasets
--------
RooDataSet::data_obs(n_obs_binbin1)

named sets
----------
ModelConfig_GlobalObservables:(lumi_In,jesUp_unc_In,pdf_unc_In,xs_Bkg_In,jerUp_unc_In)
ModelConfig_NuisParams:(lumi,jesUp_unc,pdf_unc,xs_Bkg,jerUp_unc)
ModelConfig_Observables:(n_obs_binbin1)
ModelConfig_POI:(r)
ModelConfig_bonly_GlobalObservables:(lumi_In,jesUp_unc_In,pdf_unc_In,xs_Bkg_In,jerUp_unc_In)
ModelConfig_bonly_NuisParams:(lumi,jesUp_unc,pdf_unc,xs_Bkg,jerUp_unc)
ModelConfig_bonly_Observables:(n_obs_binbin1)
ModelConfig_bonly_POI:(r)
POI:(r)
globalObservables:(lumi_In,jesUp_unc_In,pdf_unc_In,xs_Bkg_In,jerUp_unc_In)
nuisances:(lumi,jesUp_unc,pdf_unc,xs_Bkg,jerUp_unc)
observables:(n_obs_binbin1)

generic objects
---------------
RooStats::ModelConfig::ModelConfig
RooStats::ModelConfig::ModelConfig_bonly
RooArgSet::discreteParams

Workspace has a ModelConfig for signal called 'ModelConfig', with contents:

=== Using the following for ModelConfig ===
Observables:             RooArgSet:: = (n_obs_binbin1)
Parameters of Interest:  RooArgSet:: = (r)
Nuisance Parameters:     RooArgSet:: = (lumi,jesUp_unc,pdf_unc,xs_Bkg,jerUp_unc)
Global Observables:      RooArgSet:: = (lumi_In,jesUp_unc_In,pdf_unc_In,xs_Bkg_In,jerUp_unc_In)
PDF:                     RooProdPdf::model_s[ modelObs_s * nuisancePdf ] = 2.42367e-10

Input ModelConfig 'ModelConfig': 

=== Using the following for ModelConfig ===
Observables:             RooArgSet:: = (n_obs_binbin1)
Parameters of Interest:  RooArgSet:: = (r)
Nuisance Parameters:     RooArgSet:: = (lumi,jesUp_unc,pdf_unc,xs_Bkg,jerUp_unc)
Global Observables:      RooArgSet:: = (lumi_In,jesUp_unc_In,pdf_unc_In,xs_Bkg_In,jerUp_unc_In)
PDF:                     RooProdPdf::model_s[ modelObs_s * nuisancePdf ] = 2.42367e-10

[#1] INFO:ObjectHandling -- RooWorkspace::import(w) importing RooUniform::prior
Computing limit starting from observation
  1) RooRealVar:: n_obs_binbin1 = 2427
Set default minimizer to Minuit2
  r = 1500 +/- 0
[#1] INFO:Minization --  Including the following contraint terms in minimization: (nuisancePdf)
[#1] INFO:Fitting -- RooAddition::defaultErrorLevel(nll_model_s_data_obs_with_constr) Summation contains a RooNLLVar, using its error level
Minuit2Minimizer: Minimize with max-calls 2500 convergence for edm < 0.01 strategy 1
MnSeedGenerator: for initial parameters FCN = 26.6249
MnSeedGenerator: Initial state:   - FCN =   26.62487535396 Edm =      29.8348 NCalls =     21
VariableMetric: start iterating until Edm is < 1e-05
VariableMetric: Initial state   - FCN =   26.62487535396 Edm =      29.8348 NCalls =     21
VariableMetric: Iteration #   1 - FCN =   10.29124777661 Edm =    0.0840813 NCalls =     33
VariableMetric: Iteration #   2 - FCN =   9.692406690135 Edm =     0.116714 NCalls =     46
VariableMetric: Iteration #   3 - FCN =   9.536150623241 Edm =  7.06287e-05 NCalls =     58
VariableMetric: Iteration #   4 - FCN =   9.536080438531 Edm =  3.08216e-08 NCalls =     69
VariableMetric: After Hessian   - FCN =   9.536080438531 Edm =  3.01934e-08 NCalls =    100
Number of iterations 6
----------> Iteration 0
            FVAL = 26.624875354 Edm = 29.8347552757 Nfcn = 21
            Error matrix change = 1
            Parameters :  p0 = 0 p1 = 0 p2 = 0 p3 = 0 p4 = 0
----------> Iteration 1
            FVAL = 10.2912477766 Edm = 0.0840813222741 Nfcn = 33
            Error matrix change = 0.509054
            Parameters :  p0 = -1.27932 p1 = 0 p2 = 0 p3 = 0 p4 = -0.270717
----------> Iteration 2
            FVAL = 9.69240669013 Edm = 0.116714329587 Nfcn = 46
            Error matrix change = 0.373851
            Parameters :  p0 = -0.237372 p1 = 0 p2 = 0 p3 = 0 p4 = -0.418064
----------> Iteration 3
            FVAL = 9.53615062324 Edm = 7.06287014278e-05 Nfcn = 58
            Error matrix change = 0.192448
            Parameters :  p0 = -0.0957268 p1 = 0 p2 = 0 p3 = 0 p4 = -0.489505
----------> Iteration 4
            FVAL = 9.53608043853 Edm = 3.08216346026e-08 Nfcn = 69
            Error matrix change = 0.0988076
            Parameters :  p0 = -0.0838704 p1 = 0 p2 = 0 p3 = 0 p4 = -0.49141
----------> Iteration 5
            FVAL = 9.53608043853 Edm = 3.01934033882e-08 Nfcn = 100
            Error matrix change = 0
            Parameters :  p0 = -0.0838704 p1 = 0 p2 = 0 p3 = 0 p4 = -0.49141
Minuit2Minimizer : Valid minimum - status = 0
FVAL  = 9.53608043853127185
Edm   = 3.01934033881907302e-08
Nfcn  = 100
jerUp_unc	  = -0.0838704	 +/-  0.982668	(limited)
jesUp_unc	  = 0	 +/-  0.996602	(limited)
lumi	  = 0	 +/-  0.996602	(limited)
pdf_unc	  = 0	 +/-  0.996602	(limited)
xs_Bkg	  = -0.49141	 +/-  0.189222	(limited)
Zero signal fit
   0) jerUp_unc                      = -0.0838704
   1) jesUp_unc                      =         0
   2) lumi                           =         0
   3) pdf_unc                        =         0
   4) xs_Bkg                         =  -0.49141

Fitting of the background hypothesis done in 0.293383 s
[#1] INFO:Fitting -- RooAddition::defaultErrorLevel(nll_model_s_data_obs_with_constr) Summation contains a RooNLLVar, using its error level
Minuit2Minimizer: Minimize with max-calls 2500 convergence for edm < 0.01 strategy 1
MnSeedGenerator: for initial parameters FCN = 342.435
MnSeedGenerator: Initial state:   - FCN =   342.4354938456 Edm =      764.858 NCalls =     21
VariableMetric: start iterating until Edm is < 1e-05
VariableMetric: Initial state   - FCN =   342.4354938456 Edm =      764.858 NCalls =     21
VariableMetric: Iteration #   1 - FCN =   52.20987242211 Edm =      14.3657 NCalls =     41
VariableMetric: Iteration #   2 - FCN =   36.19535312535 Edm =      1.96322 NCalls =     62
VariableMetric: Iteration #   3 - FCN =   26.43770776229 Edm =      5.79628 NCalls =     74
VariableMetric: Iteration #   4 - FCN =   20.75890873942 Edm =      1.19449 NCalls =     86
VariableMetric: Iteration #   5 - FCN =   18.44563716231 Edm =     0.370137 NCalls =     99
VariableMetric: Iteration #   6 - FCN =    17.8289821096 Edm =    0.0602698 NCalls =    111
VariableMetric: Iteration #   7 - FCN =   17.73460178669 Edm =      0.01732 NCalls =    123
VariableMetric: Iteration #   8 - FCN =    17.7087219273 Edm =  0.000304106 NCalls =    135
VariableMetric: Iteration #   9 - FCN =   17.70779370778 Edm =  9.68697e-05 NCalls =    147
VariableMetric: Iteration #  10 - FCN =   17.70767030761 Edm =  4.79183e-06 NCalls =    159
VariableMetric: After Hessian   - FCN =   17.70767030761 Edm =  1.67626e-05 NCalls =    190
VariableMetric: Iteration #  12 - FCN =   17.70765354404 Edm =  6.40273e-12 NCalls =    201
Number of iterations 14
----------> Iteration 0
            FVAL = 342.435493846 Edm = 764.857512748 Nfcn = 21
            Error matrix change = 1
            Parameters :  p0 = -0.0838704 p1 = 0 p2 = 0 p3 = 0 p4 = -0.49141
----------> Iteration 1
            FVAL = 52.2098724221 Edm = 14.3656919183 Nfcn = 41
            Error matrix change = 0.622927
            Parameters :  p0 = -4.71259 p1 = -4.41962 p2 = -4.5232 p3 = -4.12949 p4 = -1.63634
----------> Iteration 2
            FVAL = 36.1953531253 Edm = 1.96322319987 Nfcn = 62
            Error matrix change = 0.522228
            Parameters :  p0 = -3.60356 p1 = -3.08309 p2 = -3.01224 p3 = -3.13009 p4 = -1.59176
----------> Iteration 3
            FVAL = 26.4377077623 Edm = 5.79628112233 Nfcn = 74
            Error matrix change = 0.404378
            Parameters :  p0 = -2.59316 p1 = -1.18998 p2 = -0.675629 p3 = -2.1622 p4 = -2.43108
----------> Iteration 4
            FVAL = 20.7589087394 Edm = 1.19448600751 Nfcn = 86
            Error matrix change = 0.291947
            Parameters :  p0 = -2.41039 p1 = -1.35329 p2 = -0.886175 p3 = -2.35591 p4 = -2.87522
----------> Iteration 5
            FVAL = 18.4456371623 Edm = 0.370137091404 Nfcn = 99
            Error matrix change = 0.356372
            Parameters :  p0 = -1.14465 p1 = -0.518319 p2 = -0.144772 p3 = -1.63469 p4 = -3.51318
----------> Iteration 6
            FVAL = 17.8289821096 Edm = 0.060269845653 Nfcn = 111
            Error matrix change = 0.327673
            Parameters :  p0 = -0.694177 p1 = -0.745169 p2 = -0.636162 p3 = -1.38811 p4 = -3.6466
----------> Iteration 7
            FVAL = 17.7346017867 Edm = 0.0173199607086 Nfcn = 123
            Error matrix change = 0.306405
            Parameters :  p0 = -0.482419 p1 = -0.744163 p2 = -0.722704 p3 = -1.10896 p4 = -3.69879
----------> Iteration 8
            FVAL = 17.7087219273 Edm = 0.000304105546416 Nfcn = 135
            Error matrix change = 0.262427
            Parameters :  p0 = -0.607489 p1 = -0.861537 p2 = -0.832472 p3 = -1.07037 p4 = -3.6293
----------> Iteration 9
            FVAL = 17.7077937078 Edm = 9.68697105972e-05 Nfcn = 147
            Error matrix change = 0.310636
            Parameters :  p0 = -0.616117 p1 = -0.8731 p2 = -0.803433 p3 = -1.04714 p4 = -3.63646
----------> Iteration 10
            FVAL = 17.7076703076 Edm = 4.79183025306e-06 Nfcn = 159
            Error matrix change = 0.17338
            Parameters :  p0 = -0.620074 p1 = -0.87779 p2 = -0.803793 p3 = -1.04596 p4 = -3.6376
----------> Iteration 11
            FVAL = 17.7076703076 Edm = 1.67625699467e-05 Nfcn = 190
            Error matrix change = 0
            Parameters :  p0 = -0.620074 p1 = -0.87779 p2 = -0.803793 p3 = -1.04596 p4 = -3.6376
----------> Iteration 12
            FVAL = 17.707653544 Edm = 6.40272910365e-12 Nfcn = 201
            Error matrix change = 0.000141456
            Parameters :  p0 = -0.622717 p1 = -0.873889 p2 = -0.805527 p3 = -1.04366 p4 = -3.63839
----------> Iteration 13
            FVAL = 17.707653544 Edm = 6.40272910365e-12 Nfcn = 201
            Error matrix change = 0.000141456
            Parameters :  p0 = -0.622717 p1 = -0.873889 p2 = -0.805527 p3 = -1.04366 p4 = -3.63839
Minuit2Minimizer : Valid minimum - status = 0
FVAL  = 17.707653544037953
Edm   = 6.40272910364652921e-12
Nfcn  = 201
jerUp_unc	  = -0.622717	 +/-  0.9846	(limited)
jesUp_unc	  = -0.873889	 +/-  0.947884	(limited)
lumi	  = -0.805527	 +/-  0.955177	(limited)
pdf_unc	  = -1.04366	 +/-  0.926312	(limited)
xs_Bkg	  = -3.63839	 +/-  0.409315	(limited)
Reference signal fit
   0) jerUp_unc                      = -0.622717
   1) jesUp_unc                      = -0.873889
   2) lumi                           = -0.805527
   3) pdf_unc                        =  -1.04366
   4) xs_Bkg                         =  -3.63839

Fitting of the signal-plus-background hypothesis done in 0.00366807 s
      Evaluation of p-values done in  8.44386 s
	CLs = 0 +/- 0
      Evaluation of p-values done in  8.41252 s
	CLs = 0 +/- 0
      Evaluation of p-values done in  8.24555 s
	CLs = 0 +/- 0
      Evaluation of p-values done in  8.18211 s
	CLs = 0 +/- 0
      Evaluation of p-values done in  8.1863 s
	CLs = 0 +/- 0
	CLs      = 0 +/- 0
	CLb      = 0.3388 +/- 0.0066935
	CLsplusb = 0 +/- 0

Hybrid result saved as HypoTestResult_mh120_r1500_1823012221 in higgsCombineTest.HybridNew.mH120.-510879569.root : higgsCombineTest.HybridNew.mH120.-510879569.root:/toys

 -- Hybrid New -- 
CLs = 0 +/- 0
Total toys: 10000
Done in 0.00 min (cpu), 0.70 min (real)
