>>> including systematics
>>> using the Profile Likelihood test statistics modified for upper limits (Q_LHC)
>>> method used to compute upper limit is HybridNew
>>> Using OpenSSL to get a really random seed 
>>> Used OpenSSL to get a really random seed 22128075
Adding /uscms_data/d2/lpcljm/sapta/SUSYSearch/LimitSetting/CMSSW_7_1_5/src to include path
Adding /cvmfs/cms.cern.ch/slc6_amd64_gcc481/lcg/roofit/5.34.18-cms3//include to include path
Input workspace 'w': 

RooWorkspace(w) w contents

variables
---------
(jerUp_unc,jerUp_unc_In,jesUp_unc,jesUp_unc_In,lumi,lumi_In,n_obs_binbin1,pdf_unc,pdf_unc_In,r,xs_Bkg,xs_Bkg_In)

p.d.f.s
-------
SimpleGaussianConstraint::jerUp_unc_Pdf[ x=jerUp_unc mean=jerUp_unc_In sigma=1 ] = 1
SimpleGaussianConstraint::jesUp_unc_Pdf[ x=jesUp_unc mean=jesUp_unc_In sigma=1 ] = 1
SimpleGaussianConstraint::lumi_Pdf[ x=lumi mean=lumi_In sigma=1 ] = 1
RooProdPdf::modelObs_b[ pdf_binbin1_bonly ] = 0.00629369
RooProdPdf::modelObs_s[ pdf_binbin1 ] = 0.00440286
RooProdPdf::model_b[ modelObs_b * nuisancePdf ] = 0.00629369
RooProdPdf::model_s[ modelObs_s * nuisancePdf ] = 0.00440286
RooProdPdf::nuisancePdf[ lumi_Pdf * jesUp_unc_Pdf * pdf_unc_Pdf * xs_Bkg_Pdf * jerUp_unc_Pdf ] = 1
RooPoisson::pdf_binbin1[ x=n_obs_binbin1 mean=n_exp_binbin1 ] = 0.00440286
RooPoisson::pdf_binbin1_bonly[ x=n_obs_binbin1 mean=n_exp_binbin1_bonly ] = 0.00629369
SimpleGaussianConstraint::pdf_unc_Pdf[ x=pdf_unc mean=pdf_unc_In sigma=1 ] = 1
SimpleGaussianConstraint::xs_Bkg_Pdf[ x=xs_Bkg mean=xs_Bkg_In sigma=1 ] = 1

functions
--------
RooAddition::n_exp_binbin1[ n_exp_binbin1_proc_BH + n_exp_binbin1_proc_Background ] = 37.8443
RooAddition::n_exp_binbin1_bonly[ n_exp_binbin1_proc_Background ] = 36.8443
ProcessNormalization::n_exp_binbin1_proc_BH[ thetaList=(lumi,jesUp_unc,pdf_unc) asymmThetaList=() otherFactorList=(r) ] = 1
ProcessNormalization::n_exp_binbin1_proc_Background[ thetaList=(xs_Bkg,jerUp_unc) asymmThetaList=() otherFactorList=() ] = 36.8443

datasets
--------
RooDataSet::data_obs(n_obs_binbin1)

named sets
----------
ModelConfig_GlobalObservables:(lumi_In,jesUp_unc_In,pdf_unc_In,xs_Bkg_In,jerUp_unc_In)
ModelConfig_NuisParams:(lumi,jesUp_unc,pdf_unc,xs_Bkg,jerUp_unc)
ModelConfig_Observables:(n_obs_binbin1)
ModelConfig_POI:(r)
ModelConfig_bonly_GlobalObservables:(lumi_In,jesUp_unc_In,pdf_unc_In,xs_Bkg_In,jerUp_unc_In)
ModelConfig_bonly_NuisParams:(lumi,jesUp_unc,pdf_unc,xs_Bkg,jerUp_unc)
ModelConfig_bonly_Observables:(n_obs_binbin1)
ModelConfig_bonly_POI:(r)
POI:(r)
globalObservables:(lumi_In,jesUp_unc_In,pdf_unc_In,xs_Bkg_In,jerUp_unc_In)
nuisances:(lumi,jesUp_unc,pdf_unc,xs_Bkg,jerUp_unc)
observables:(n_obs_binbin1)

generic objects
---------------
RooStats::ModelConfig::ModelConfig
RooStats::ModelConfig::ModelConfig_bonly
RooArgSet::discreteParams

Workspace has a ModelConfig for signal called 'ModelConfig', with contents:

=== Using the following for ModelConfig ===
Observables:             RooArgSet:: = (n_obs_binbin1)
Parameters of Interest:  RooArgSet:: = (r)
Nuisance Parameters:     RooArgSet:: = (lumi,jesUp_unc,pdf_unc,xs_Bkg,jerUp_unc)
Global Observables:      RooArgSet:: = (lumi_In,jesUp_unc_In,pdf_unc_In,xs_Bkg_In,jerUp_unc_In)
PDF:                     RooProdPdf::model_s[ modelObs_s * nuisancePdf ] = 0.00440286

Input ModelConfig 'ModelConfig': 

=== Using the following for ModelConfig ===
Observables:             RooArgSet:: = (n_obs_binbin1)
Parameters of Interest:  RooArgSet:: = (r)
Nuisance Parameters:     RooArgSet:: = (lumi,jesUp_unc,pdf_unc,xs_Bkg,jerUp_unc)
Global Observables:      RooArgSet:: = (lumi_In,jesUp_unc_In,pdf_unc_In,xs_Bkg_In,jerUp_unc_In)
PDF:                     RooProdPdf::model_s[ modelObs_s * nuisancePdf ] = 0.00440286

[#1] INFO:ObjectHandling -- RooWorkspace::import(w) importing RooUniform::prior
Computing limit starting from observation
  1) RooRealVar:: n_obs_binbin1 = 24
Set default minimizer to Minuit2
  r = 15 +/- 0
[#1] INFO:Minization --  Including the following contraint terms in minimization: (nuisancePdf)
[#1] INFO:Fitting -- RooAddition::defaultErrorLevel(nll_model_s_data_obs_with_constr) Summation contains a RooNLLVar, using its error level
Minuit2Minimizer: Minimize with max-calls 2500 convergence for edm < 0.01 strategy 1
MnSeedGenerator: for initial parameters FCN = 9.6629
MnSeedGenerator: Initial state:   - FCN =   9.662899851373 Edm =      2.24435 NCalls =     21
VariableMetric: start iterating until Edm is < 1e-05
VariableMetric: Initial state   - FCN =   9.662899851373 Edm =      2.24435 NCalls =     21
VariableMetric: Iteration #   1 - FCN =   7.405896184976 Edm =    0.0974038 NCalls =     32
VariableMetric: Iteration #   2 - FCN =   7.274584171732 Edm =  0.000175268 NCalls =     44
VariableMetric: Iteration #   3 - FCN =   7.274374143449 Edm =  1.38959e-08 NCalls =     56
VariableMetric: After Hessian   - FCN =   7.274374143449 Edm =  1.39546e-08 NCalls =     87
Number of iterations 5
----------> Iteration 0
            FVAL = 9.66289985137 Edm = 2.24435368868 Nfcn = 21
            Error matrix change = 1
            Parameters :  p0 = 0 p1 = 0 p2 = 0 p3 = 0 p4 = 0
----------> Iteration 1
            FVAL = 7.40589618498 Edm = 0.0974037898079 Nfcn = 32
            Error matrix change = 0.516654
            Parameters :  p0 = -0.476374 p1 = 0 p2 = 0 p3 = 0 p4 = -0.465907
----------> Iteration 2
            FVAL = 7.27458417173 Edm = 0.000175267567322 Nfcn = 44
            Error matrix change = 0.275918
            Parameters :  p0 = -0.0217281 p1 = 0 p2 = 0 p3 = 0 p4 = -0.552588
----------> Iteration 3
            FVAL = 7.27437414345 Edm = 1.38958890606e-08 Nfcn = 56
            Error matrix change = 0.144131
            Parameters :  p0 = -0.0309434 p1 = 0 p2 = 0 p3 = 0 p4 = -0.557095
----------> Iteration 4
            FVAL = 7.27437414345 Edm = 1.39546481614e-08 Nfcn = 87
            Error matrix change = 0
            Parameters :  p0 = -0.0309434 p1 = 0 p2 = 0 p3 = 0 p4 = -0.557095
Minuit2Minimizer : Valid minimum - status = 0
FVAL  = 7.27437414344867506
Edm   = 1.39546481614359021e-08
Nfcn  = 87
jerUp_unc	  = -0.0309434	 +/-  0.995213	(limited)
jesUp_unc	  = 0	 +/-  0.996602	(limited)
lumi	  = 0	 +/-  0.996602	(limited)
pdf_unc	  = 0	 +/-  0.996602	(limited)
xs_Bkg	  = -0.557095	 +/-  0.277106	(limited)
Zero signal fit
   0) jerUp_unc                      = -0.0309434
   1) jesUp_unc                      =         0
   2) lumi                           =         0
   3) pdf_unc                        =         0
   4) xs_Bkg                         = -0.557095

Fitting of the background hypothesis done in 0.275942 s
[#1] INFO:Fitting -- RooAddition::defaultErrorLevel(nll_model_s_data_obs_with_constr) Summation contains a RooNLLVar, using its error level
Minuit2Minimizer: Minimize with max-calls 2500 convergence for edm < 0.01 strategy 1
MnSeedGenerator: for initial parameters FCN = 10.9166
MnSeedGenerator: Initial state:   - FCN =    10.9166053671 Edm =      2.11959 NCalls =     21
VariableMetric: start iterating until Edm is < 1e-05
VariableMetric: Initial state   - FCN =    10.9166053671 Edm =      2.11959 NCalls =     21
VariableMetric: Iteration #   1 - FCN =   8.643641490179 Edm =     0.135821 NCalls =     34
VariableMetric: Iteration #   2 - FCN =   8.465170402163 Edm =    0.0036798 NCalls =     46
VariableMetric: Iteration #   3 - FCN =   8.459606149772 Edm =    1.497e-05 NCalls =     58
VariableMetric: Iteration #   4 - FCN =   8.459590339606 Edm =  6.17575e-09 NCalls =     69
VariableMetric: After Hessian   - FCN =   8.459590339606 Edm =  6.30613e-09 NCalls =    100
Number of iterations 6
----------> Iteration 0
            FVAL = 10.9166053671 Edm = 2.1195875179 Nfcn = 21
            Error matrix change = 1
            Parameters :  p0 = -0.0309434 p1 = 0 p2 = 0 p3 = 0 p4 = -0.557095
----------> Iteration 1
            FVAL = 8.64364149018 Edm = 0.13582052521 Nfcn = 34
            Error matrix change = 0.549953
            Parameters :  p0 = -0.42896 p1 = -0.328235 p2 = -0.303569 p3 = -0.388337 p4 = -1.24607
----------> Iteration 2
            FVAL = 8.46517040216 Edm = 0.00367979883128 Nfcn = 46
            Error matrix change = 0.322591
            Parameters :  p0 = -0.0548544 p1 = -0.0961514 p2 = -0.0876083 p3 = -0.118471 p4 = -1.37319
----------> Iteration 3
            FVAL = 8.45960614977 Edm = 1.49699677499e-05 Nfcn = 58
            Error matrix change = 0.180756
            Parameters :  p0 = -0.0760571 p1 = -0.109808 p2 = -0.101641 p3 = -0.129699 p4 = -1.41582
----------> Iteration 4
            FVAL = 8.45959033961 Edm = 6.17574892101e-09 Nfcn = 69
            Error matrix change = 0.0950129
            Parameters :  p0 = -0.07831 p1 = -0.10695 p2 = -0.0985895 p3 = -0.127691 p4 = -1.4169
----------> Iteration 5
            FVAL = 8.45959033961 Edm = 6.30613029626e-09 Nfcn = 100
            Error matrix change = 0
            Parameters :  p0 = -0.07831 p1 = -0.10695 p2 = -0.0985895 p3 = -0.127691 p4 = -1.4169
Minuit2Minimizer : Valid minimum - status = 0
FVAL  = 8.45959033960594198
Edm   = 6.3061302962578586e-09
Nfcn  = 100
jerUp_unc	  = -0.07831	 +/-  0.995425	(limited)
jesUp_unc	  = -0.10695	 +/-  0.99096	(limited)
lumi	  = -0.0985895	 +/-  0.99181	(limited)
pdf_unc	  = -0.127691	 +/-  0.988544	(limited)
xs_Bkg	  = -1.4169	 +/-  0.46686	(limited)
Reference signal fit
   0) jerUp_unc                      =  -0.07831
   1) jesUp_unc                      =  -0.10695
   2) lumi                           = -0.0985895
   3) pdf_unc                        = -0.127691
   4) xs_Bkg                         =   -1.4169

Fitting of the signal-plus-background hypothesis done in 0.00236487 s
      Evaluation of p-values done in  6.36712 s
	CLs = 0.23588 +/- 0.0292784
      Evaluation of p-values done in  5.85795 s
	CLs = 0.204368 +/- 0.0184992
      Evaluation of p-values done in  5.94922 s
	CLs = 0.202294 +/- 0.0150444
      Evaluation of p-values done in  5.76361 s
	CLs = 0.187162 +/- 0.0124228
      Evaluation of p-values done in  5.77194 s
	CLs = 0.182836 +/- 0.0110055
	CLs      = 0.182836 +/- 0.0110055
	CLb      = 0.3216 +/- 0.00660566
	CLsplusb = 0.0588 +/- 0.00332694

Hybrid result saved as HypoTestResult_mh120_r15_3136133032 in higgsCombineTest.HybridNew.mH120.22128075.root : higgsCombineTest.HybridNew.mH120.22128075.root:/toys

 -- Hybrid New -- 
CLs = 0.182836 +/- 0.0110055
Total toys: 10000
Done in 0.00 min (cpu), 0.50 min (real)
