>>> including systematics
>>> using the Profile Likelihood test statistics modified for upper limits (Q_LHC)
>>> method used to compute upper limit is HybridNew
>>> Using OpenSSL to get a really random seed 
>>> Used OpenSSL to get a really random seed -327657966
Adding /uscms_data/d2/lpcljm/sapta/SUSYSearch/LimitSetting/CMSSW_7_1_5/src to include path
Adding /cvmfs/cms.cern.ch/slc6_amd64_gcc481/lcg/roofit/5.34.18-cms3//include to include path
Input workspace 'w': 

RooWorkspace(w) w contents

variables
---------
(jerUp_unc,jerUp_unc_In,jesUp_unc,jesUp_unc_In,lumi,lumi_In,n_obs_binbin1,pdf_unc,pdf_unc_In,r,xs_Bkg,xs_Bkg_In)

p.d.f.s
-------
SimpleGaussianConstraint::jerUp_unc_Pdf[ x=jerUp_unc mean=jerUp_unc_In sigma=1 ] = 1
SimpleGaussianConstraint::jesUp_unc_Pdf[ x=jesUp_unc mean=jesUp_unc_In sigma=1 ] = 1
SimpleGaussianConstraint::lumi_Pdf[ x=lumi mean=lumi_In sigma=1 ] = 1
RooProdPdf::modelObs_b[ pdf_binbin1_bonly ] = 1.50717e-06
RooProdPdf::modelObs_s[ pdf_binbin1 ] = 1.16377e-06
RooProdPdf::model_b[ modelObs_b * nuisancePdf ] = 1.50717e-06
RooProdPdf::model_s[ modelObs_s * nuisancePdf ] = 1.16377e-06
RooProdPdf::nuisancePdf[ lumi_Pdf * jesUp_unc_Pdf * pdf_unc_Pdf * xs_Bkg_Pdf * jerUp_unc_Pdf ] = 1
RooPoisson::pdf_binbin1[ x=n_obs_binbin1 mean=n_exp_binbin1 ] = 1.16377e-06
RooPoisson::pdf_binbin1_bonly[ x=n_obs_binbin1 mean=n_exp_binbin1_bonly ] = 1.50717e-06
SimpleGaussianConstraint::pdf_unc_Pdf[ x=pdf_unc mean=pdf_unc_In sigma=1 ] = 1
SimpleGaussianConstraint::xs_Bkg_Pdf[ x=xs_Bkg mean=xs_Bkg_In sigma=1 ] = 1

functions
--------
RooAddition::n_exp_binbin1[ n_exp_binbin1_proc_BH + n_exp_binbin1_proc_Background ] = 271.596
RooAddition::n_exp_binbin1_bonly[ n_exp_binbin1_proc_Background ] = 270.596
ProcessNormalization::n_exp_binbin1_proc_BH[ thetaList=(lumi,jesUp_unc,pdf_unc) asymmThetaList=() otherFactorList=(r) ] = 1
ProcessNormalization::n_exp_binbin1_proc_Background[ thetaList=(xs_Bkg,jerUp_unc) asymmThetaList=() otherFactorList=() ] = 270.596

datasets
--------
RooDataSet::data_obs(n_obs_binbin1)

named sets
----------
ModelConfig_GlobalObservables:(lumi_In,jesUp_unc_In,pdf_unc_In,xs_Bkg_In,jerUp_unc_In)
ModelConfig_NuisParams:(lumi,jesUp_unc,pdf_unc,xs_Bkg,jerUp_unc)
ModelConfig_Observables:(n_obs_binbin1)
ModelConfig_POI:(r)
ModelConfig_bonly_GlobalObservables:(lumi_In,jesUp_unc_In,pdf_unc_In,xs_Bkg_In,jerUp_unc_In)
ModelConfig_bonly_NuisParams:(lumi,jesUp_unc,pdf_unc,xs_Bkg,jerUp_unc)
ModelConfig_bonly_Observables:(n_obs_binbin1)
ModelConfig_bonly_POI:(r)
POI:(r)
globalObservables:(lumi_In,jesUp_unc_In,pdf_unc_In,xs_Bkg_In,jerUp_unc_In)
nuisances:(lumi,jesUp_unc,pdf_unc,xs_Bkg,jerUp_unc)
observables:(n_obs_binbin1)

generic objects
---------------
RooStats::ModelConfig::ModelConfig
RooStats::ModelConfig::ModelConfig_bonly
RooArgSet::discreteParams

Workspace has a ModelConfig for signal called 'ModelConfig', with contents:

=== Using the following for ModelConfig ===
Observables:             RooArgSet:: = (n_obs_binbin1)
Parameters of Interest:  RooArgSet:: = (r)
Nuisance Parameters:     RooArgSet:: = (lumi,jesUp_unc,pdf_unc,xs_Bkg,jerUp_unc)
Global Observables:      RooArgSet:: = (lumi_In,jesUp_unc_In,pdf_unc_In,xs_Bkg_In,jerUp_unc_In)
PDF:                     RooProdPdf::model_s[ modelObs_s * nuisancePdf ] = 1.16377e-06

Input ModelConfig 'ModelConfig': 

=== Using the following for ModelConfig ===
Observables:             RooArgSet:: = (n_obs_binbin1)
Parameters of Interest:  RooArgSet:: = (r)
Nuisance Parameters:     RooArgSet:: = (lumi,jesUp_unc,pdf_unc,xs_Bkg,jerUp_unc)
Global Observables:      RooArgSet:: = (lumi_In,jesUp_unc_In,pdf_unc_In,xs_Bkg_In,jerUp_unc_In)
PDF:                     RooProdPdf::model_s[ modelObs_s * nuisancePdf ] = 1.16377e-06

[#1] INFO:ObjectHandling -- RooWorkspace::import(w) importing RooUniform::prior
Computing limit starting from observation
  1) RooRealVar:: n_obs_binbin1 = 201
Set default minimizer to Minuit2
  r = 180 +/- 0
[#1] INFO:Minization --  Including the following contraint terms in minimization: (nuisancePdf)
[#1] INFO:Fitting -- RooAddition::defaultErrorLevel(nll_model_s_data_obs_with_constr) Summation contains a RooNLLVar, using its error level
Minuit2Minimizer: Minimize with max-calls 2500 convergence for edm < 0.01 strategy 1
MnSeedGenerator: for initial parameters FCN = 18
MnSeedGenerator: Initial state:   - FCN =   17.99997110053 Edm =      11.4277 NCalls =     21
VariableMetric: start iterating until Edm is < 1e-05
VariableMetric: Initial state   - FCN =   17.99997110053 Edm =      11.4277 NCalls =     21
VariableMetric: Iteration #   1 - FCN =    9.54799617998 Edm =     0.528867 NCalls =     33
VariableMetric: Iteration #   2 - FCN =   8.367577308371 Edm =  0.000217526 NCalls =     45
VariableMetric: Iteration #   3 - FCN =   8.367124015138 Edm =  1.96007e-07 NCalls =     56
VariableMetric: After Hessian   - FCN =   8.367124015138 Edm =  2.04914e-07 NCalls =     87
Number of iterations 5
----------> Iteration 0
            FVAL = 17.9999711005 Edm = 11.4276543962 Nfcn = 21
            Error matrix change = 1
            Parameters :  p0 = 0 p1 = 0 p2 = 0 p3 = 0 p4 = 0
----------> Iteration 1
            FVAL = 9.54799617998 Edm = 0.528866966067 Nfcn = 33
            Error matrix change = 0.52771
            Parameters :  p0 = -1.45088 p1 = 0 p2 = 0 p3 = 0 p4 = -0.415186
----------> Iteration 2
            FVAL = 8.36757730837 Edm = 0.000217526435226 Nfcn = 45
            Error matrix change = 0.330812
            Parameters :  p0 = -0.0236413 p1 = 0 p2 = 0 p3 = 0 p4 = -0.62853
----------> Iteration 3
            FVAL = 8.36712401514 Edm = 1.96007348619e-07 Nfcn = 56
            Error matrix change = 0.167049
            Parameters :  p0 = -0.0535052 p1 = 0 p2 = 0 p3 = 0 p4 = -0.625138
----------> Iteration 4
            FVAL = 8.36712401514 Edm = 2.04914364322e-07 Nfcn = 87
            Error matrix change = 0
            Parameters :  p0 = -0.0535052 p1 = 0 p2 = 0 p3 = 0 p4 = -0.625138
Minuit2Minimizer : Valid minimum - status = 0
FVAL  = 8.36712401513802817
Edm   = 2.04914364322180788e-07
Nfcn  = 87
jerUp_unc	  = -0.0535052	 +/-  0.993159	(limited)
jesUp_unc	  = 0	 +/-  0.996602	(limited)
lumi	  = 0	 +/-  0.996602	(limited)
pdf_unc	  = 0	 +/-  0.996602	(limited)
xs_Bkg	  = -0.625138	 +/-  0.171839	(limited)
Zero signal fit
   0) jerUp_unc                      = -0.0535052
   1) jesUp_unc                      =         0
   2) lumi                           =         0
   3) pdf_unc                        =         0
   4) xs_Bkg                         = -0.625138

Fitting of the background hypothesis done in 0.299539 s
[#1] INFO:Fitting -- RooAddition::defaultErrorLevel(nll_model_s_data_obs_with_constr) Summation contains a RooNLLVar, using its error level
Minuit2Minimizer: Minimize with max-calls 2500 convergence for edm < 0.01 strategy 1
MnSeedGenerator: for initial parameters FCN = 60.469
MnSeedGenerator: Initial state:   - FCN =   60.46903267178 Edm =      54.6628 NCalls =     21
VariableMetric: start iterating until Edm is < 1e-05
VariableMetric: Initial state   - FCN =   60.46903267178 Edm =      54.6628 NCalls =     21
VariableMetric: Iteration #   1 - FCN =   24.48713745667 Edm =      2.72848 NCalls =     35
VariableMetric: Iteration #   2 - FCN =   16.40121696782 Edm =     0.521838 NCalls =     47
VariableMetric: Iteration #   3 - FCN =   15.25939035787 Edm =    0.0983267 NCalls =     60
VariableMetric: Iteration #   4 - FCN =   15.12267389949 Edm =   0.00378158 NCalls =     72
VariableMetric: Iteration #   5 - FCN =   15.11771216428 Edm =  6.28417e-05 NCalls =     84
VariableMetric: Iteration #   6 - FCN =   15.11763941299 Edm =  3.83158e-07 NCalls =     96
VariableMetric: After Hessian   - FCN =   15.11763941299 Edm =  4.53921e-07 NCalls =    127
Number of iterations 8
----------> Iteration 0
            FVAL = 60.4690326718 Edm = 54.662824679 Nfcn = 21
            Error matrix change = 1
            Parameters :  p0 = -0.0535052 p1 = 0 p2 = 0 p3 = 0 p4 = -0.625138
----------> Iteration 1
            FVAL = 24.4871374567 Edm = 2.72847535587 Nfcn = 35
            Error matrix change = 0.609686
            Parameters :  p0 = -2.11874 p1 = -2.19084 p2 = -2.0969 p3 = -2.36994 p4 = -1.51725
----------> Iteration 2
            FVAL = 16.4012169678 Edm = 0.521837909252 Nfcn = 47
            Error matrix change = 0.451774
            Parameters :  p0 = -0.0591615 p1 = -0.74098 p2 = -0.533738 p3 = -1.27677 p4 = -2.47656
----------> Iteration 3
            FVAL = 15.2593903579 Edm = 0.0983266629435 Nfcn = 60
            Error matrix change = 0.281061
            Parameters :  p0 = -0.119615 p1 = -1.01361 p2 = -0.99218 p3 = -1.14378 p4 = -2.88793
----------> Iteration 4
            FVAL = 15.1226738995 Edm = 0.00378158069403 Nfcn = 72
            Error matrix change = 0.207959
            Parameters :  p0 = -0.244159 p1 = -0.784398 p2 = -0.739647 p3 = -0.902254 p4 = -3.0357
----------> Iteration 5
            FVAL = 15.1177121643 Edm = 6.28416972993e-05 Nfcn = 84
            Error matrix change = 0.135326
            Parameters :  p0 = -0.267419 p1 = -0.795337 p2 = -0.733225 p3 = -0.939845 p4 = -3.06114
----------> Iteration 6
            FVAL = 15.117639413 Edm = 3.83158424445e-07 Nfcn = 96
            Error matrix change = 0.114899
            Parameters :  p0 = -0.260546 p1 = -0.789339 p2 = -0.727083 p3 = -0.941645 p4 = -3.06418
----------> Iteration 7
            FVAL = 15.117639413 Edm = 4.53921402259e-07 Nfcn = 127
            Error matrix change = 0
            Parameters :  p0 = -0.260546 p1 = -0.789339 p2 = -0.727083 p3 = -0.941645 p4 = -3.06418
Minuit2Minimizer : Valid minimum - status = 0
FVAL  = 15.1176394129932703
Edm   = 4.53921402258891313e-07
Nfcn  = 127
jerUp_unc	  = -0.260546	 +/-  0.993839	(limited)
jesUp_unc	  = -0.789339	 +/-  0.949237	(limited)
lumi	  = -0.727083	 +/-  0.956508	(limited)
pdf_unc	  = -0.941645	 +/-  0.928285	(limited)
xs_Bkg	  = -3.06418	 +/-  0.473216	(limited)
Reference signal fit
   0) jerUp_unc                      = -0.260546
   1) jesUp_unc                      = -0.789339
   2) lumi                           = -0.727083
   3) pdf_unc                        = -0.941645
   4) xs_Bkg                         =  -3.06418

Fitting of the signal-plus-background hypothesis done in 0.00260115 s
      Evaluation of p-values done in  7.46018 s
	CLs = 0 +/- 0
      Evaluation of p-values done in  7.2318 s
	CLs = 0 +/- 0
      Evaluation of p-values done in  7.32296 s
	CLs = 0.00106383 +/- 0.00106404
      Evaluation of p-values done in  7.2795 s
	CLs = 0.00081103 +/- 0.000811156
      Evaluation of p-values done in  7.15938 s
	CLs = 0.000662691 +/- 0.000662778
	CLs      = 0.000662691 +/- 0.000662778
	CLb      = 0.3018 +/- 0.00649179
	CLsplusb = 0.0002 +/- 0.00019998

Hybrid result saved as HypoTestResult_mh120_r180_3786002073 in higgsCombineTest.HybridNew.mH120.-327657966.root : higgsCombineTest.HybridNew.mH120.-327657966.root:/toys

 -- Hybrid New -- 
CLs = 0.000662691 +/- 0.000662778
Total toys: 10000
Done in 0.00 min (cpu), 0.61 min (real)
