>>> including systematics
>>> using the Profile Likelihood test statistics modified for upper limits (Q_LHC)
>>> method used to compute upper limit is HybridNew
>>> Using OpenSSL to get a really random seed 
>>> Used OpenSSL to get a really random seed -228087130
Adding /uscms_data/d2/lpcljm/sapta/SUSYSearch/LimitSetting/CMSSW_7_1_5/src to include path
Adding /cvmfs/cms.cern.ch/slc6_amd64_gcc481/lcg/roofit/5.34.18-cms3//include to include path
Input workspace 'w': 

RooWorkspace(w) w contents

variables
---------
(jerUp_unc,jerUp_unc_In,jesUp_unc,jesUp_unc_In,lumi,lumi_In,n_obs_binbin1,pdf_unc,pdf_unc_In,r,xs_Bkg,xs_Bkg_In)

p.d.f.s
-------
SimpleGaussianConstraint::jerUp_unc_Pdf[ x=jerUp_unc mean=jerUp_unc_In sigma=1 ] = 1
SimpleGaussianConstraint::jesUp_unc_Pdf[ x=jesUp_unc mean=jesUp_unc_In sigma=1 ] = 1
SimpleGaussianConstraint::lumi_Pdf[ x=lumi mean=lumi_In sigma=1 ] = 1
RooProdPdf::modelObs_b[ pdf_binbin1_bonly ] = 0.00629369
RooProdPdf::modelObs_s[ pdf_binbin1 ] = 0.00440286
RooProdPdf::model_b[ modelObs_b * nuisancePdf ] = 0.00629369
RooProdPdf::model_s[ modelObs_s * nuisancePdf ] = 0.00440286
RooProdPdf::nuisancePdf[ lumi_Pdf * jesUp_unc_Pdf * pdf_unc_Pdf * xs_Bkg_Pdf * jerUp_unc_Pdf ] = 1
RooPoisson::pdf_binbin1[ x=n_obs_binbin1 mean=n_exp_binbin1 ] = 0.00440286
RooPoisson::pdf_binbin1_bonly[ x=n_obs_binbin1 mean=n_exp_binbin1_bonly ] = 0.00629369
SimpleGaussianConstraint::pdf_unc_Pdf[ x=pdf_unc mean=pdf_unc_In sigma=1 ] = 1
SimpleGaussianConstraint::xs_Bkg_Pdf[ x=xs_Bkg mean=xs_Bkg_In sigma=1 ] = 1

functions
--------
RooAddition::n_exp_binbin1[ n_exp_binbin1_proc_BH + n_exp_binbin1_proc_Background ] = 37.8443
RooAddition::n_exp_binbin1_bonly[ n_exp_binbin1_proc_Background ] = 36.8443
ProcessNormalization::n_exp_binbin1_proc_BH[ thetaList=(lumi,jesUp_unc,pdf_unc) asymmThetaList=() otherFactorList=(r) ] = 1
ProcessNormalization::n_exp_binbin1_proc_Background[ thetaList=(xs_Bkg,jerUp_unc) asymmThetaList=() otherFactorList=() ] = 36.8443

datasets
--------
RooDataSet::data_obs(n_obs_binbin1)

named sets
----------
ModelConfig_GlobalObservables:(lumi_In,jesUp_unc_In,pdf_unc_In,xs_Bkg_In,jerUp_unc_In)
ModelConfig_NuisParams:(lumi,jesUp_unc,pdf_unc,xs_Bkg,jerUp_unc)
ModelConfig_Observables:(n_obs_binbin1)
ModelConfig_POI:(r)
ModelConfig_bonly_GlobalObservables:(lumi_In,jesUp_unc_In,pdf_unc_In,xs_Bkg_In,jerUp_unc_In)
ModelConfig_bonly_NuisParams:(lumi,jesUp_unc,pdf_unc,xs_Bkg,jerUp_unc)
ModelConfig_bonly_Observables:(n_obs_binbin1)
ModelConfig_bonly_POI:(r)
POI:(r)
globalObservables:(lumi_In,jesUp_unc_In,pdf_unc_In,xs_Bkg_In,jerUp_unc_In)
nuisances:(lumi,jesUp_unc,pdf_unc,xs_Bkg,jerUp_unc)
observables:(n_obs_binbin1)

generic objects
---------------
RooStats::ModelConfig::ModelConfig
RooStats::ModelConfig::ModelConfig_bonly
RooArgSet::discreteParams

Workspace has a ModelConfig for signal called 'ModelConfig', with contents:

=== Using the following for ModelConfig ===
Observables:             RooArgSet:: = (n_obs_binbin1)
Parameters of Interest:  RooArgSet:: = (r)
Nuisance Parameters:     RooArgSet:: = (lumi,jesUp_unc,pdf_unc,xs_Bkg,jerUp_unc)
Global Observables:      RooArgSet:: = (lumi_In,jesUp_unc_In,pdf_unc_In,xs_Bkg_In,jerUp_unc_In)
PDF:                     RooProdPdf::model_s[ modelObs_s * nuisancePdf ] = 0.00440286

Input ModelConfig 'ModelConfig': 

=== Using the following for ModelConfig ===
Observables:             RooArgSet:: = (n_obs_binbin1)
Parameters of Interest:  RooArgSet:: = (r)
Nuisance Parameters:     RooArgSet:: = (lumi,jesUp_unc,pdf_unc,xs_Bkg,jerUp_unc)
Global Observables:      RooArgSet:: = (lumi_In,jesUp_unc_In,pdf_unc_In,xs_Bkg_In,jerUp_unc_In)
PDF:                     RooProdPdf::model_s[ modelObs_s * nuisancePdf ] = 0.00440286

[#1] INFO:ObjectHandling -- RooWorkspace::import(w) importing RooUniform::prior
Computing limit starting from observation
  1) RooRealVar:: n_obs_binbin1 = 24
Set default minimizer to Minuit2
  r = 19 +/- 0
[#1] INFO:Minization --  Including the following contraint terms in minimization: (nuisancePdf)
[#1] INFO:Fitting -- RooAddition::defaultErrorLevel(nll_model_s_data_obs_with_constr) Summation contains a RooNLLVar, using its error level
Minuit2Minimizer: Minimize with max-calls 2500 convergence for edm < 0.01 strategy 1
MnSeedGenerator: for initial parameters FCN = 9.6629
MnSeedGenerator: Initial state:   - FCN =   9.662899851373 Edm =      2.24435 NCalls =     21
VariableMetric: start iterating until Edm is < 1e-05
VariableMetric: Initial state   - FCN =   9.662899851373 Edm =      2.24435 NCalls =     21
VariableMetric: Iteration #   1 - FCN =   7.405896184976 Edm =    0.0974038 NCalls =     32
VariableMetric: Iteration #   2 - FCN =   7.274584171732 Edm =  0.000175268 NCalls =     44
VariableMetric: Iteration #   3 - FCN =   7.274374143449 Edm =  1.38959e-08 NCalls =     56
VariableMetric: After Hessian   - FCN =   7.274374143449 Edm =  1.39546e-08 NCalls =     87
Number of iterations 5
----------> Iteration 0
            FVAL = 9.66289985137 Edm = 2.24435368868 Nfcn = 21
            Error matrix change = 1
            Parameters :  p0 = 0 p1 = 0 p2 = 0 p3 = 0 p4 = 0
----------> Iteration 1
            FVAL = 7.40589618498 Edm = 0.0974037898079 Nfcn = 32
            Error matrix change = 0.516654
            Parameters :  p0 = -0.476374 p1 = 0 p2 = 0 p3 = 0 p4 = -0.465907
----------> Iteration 2
            FVAL = 7.27458417173 Edm = 0.000175267567322 Nfcn = 44
            Error matrix change = 0.275918
            Parameters :  p0 = -0.0217281 p1 = 0 p2 = 0 p3 = 0 p4 = -0.552588
----------> Iteration 3
            FVAL = 7.27437414345 Edm = 1.38958890606e-08 Nfcn = 56
            Error matrix change = 0.144131
            Parameters :  p0 = -0.0309434 p1 = 0 p2 = 0 p3 = 0 p4 = -0.557095
----------> Iteration 4
            FVAL = 7.27437414345 Edm = 1.39546481614e-08 Nfcn = 87
            Error matrix change = 0
            Parameters :  p0 = -0.0309434 p1 = 0 p2 = 0 p3 = 0 p4 = -0.557095
Minuit2Minimizer : Valid minimum - status = 0
FVAL  = 7.27437414344867506
Edm   = 1.39546481614359021e-08
Nfcn  = 87
jerUp_unc	  = -0.0309434	 +/-  0.995213	(limited)
jesUp_unc	  = 0	 +/-  0.996602	(limited)
lumi	  = 0	 +/-  0.996602	(limited)
pdf_unc	  = 0	 +/-  0.996602	(limited)
xs_Bkg	  = -0.557095	 +/-  0.277106	(limited)
Zero signal fit
   0) jerUp_unc                      = -0.0309434
   1) jesUp_unc                      =         0
   2) lumi                           =         0
   3) pdf_unc                        =         0
   4) xs_Bkg                         = -0.557095

Fitting of the background hypothesis done in 0.286651 s
[#1] INFO:Fitting -- RooAddition::defaultErrorLevel(nll_model_s_data_obs_with_constr) Summation contains a RooNLLVar, using its error level
Minuit2Minimizer: Minimize with max-calls 2500 convergence for edm < 0.01 strategy 1
MnSeedGenerator: for initial parameters FCN = 12.6174
MnSeedGenerator: Initial state:   - FCN =   12.61741300452 Edm =      2.93551 NCalls =     21
VariableMetric: start iterating until Edm is < 1e-05
VariableMetric: Initial state   - FCN =   12.61741300452 Edm =      2.93551 NCalls =     21
VariableMetric: Iteration #   1 - FCN =    9.45980541748 Edm =     0.217875 NCalls =     36
VariableMetric: Iteration #   2 - FCN =   9.154820524253 Edm =   0.00979231 NCalls =     48
VariableMetric: Iteration #   3 - FCN =   9.138813469116 Edm =  6.64102e-05 NCalls =     60
VariableMetric: Iteration #   4 - FCN =   9.138740229479 Edm =  8.00856e-08 NCalls =     71
VariableMetric: After Hessian   - FCN =   9.138740229479 Edm =  8.39103e-08 NCalls =    104
Number of iterations 6
----------> Iteration 0
            FVAL = 12.6174130045 Edm = 2.93550935076 Nfcn = 21
            Error matrix change = 1
            Parameters :  p0 = -0.0309434 p1 = 0 p2 = 0 p3 = 0 p4 = -0.557095
----------> Iteration 1
            FVAL = 9.45980541748 Edm = 0.217875008536 Nfcn = 36
            Error matrix change = 0.556394
            Parameters :  p0 = -0.492978 p1 = -0.473176 p2 = -0.4382 p3 = -0.557742 p4 = -1.36464
----------> Iteration 2
            FVAL = 9.15482052425 Edm = 0.00979230674566 Nfcn = 48
            Error matrix change = 0.332071
            Parameters :  p0 = -0.0506829 p1 = -0.158381 p2 = -0.143842 p3 = -0.196705 p4 = -1.55273
----------> Iteration 3
            FVAL = 9.13881346912 Edm = 6.64101968098e-05 Nfcn = 60
            Error matrix change = 0.191567
            Parameters :  p0 = -0.0862543 p1 = -0.185847 p2 = -0.172323 p3 = -0.218588 p4 = -1.62944
----------> Iteration 4
            FVAL = 9.13874022948 Edm = 8.00855594917e-08 Nfcn = 71
            Error matrix change = 0.101848
            Parameters :  p0 = -0.090274 p1 = -0.180015 p2 = -0.165958 p3 = -0.214847 p4 = -1.63278
----------> Iteration 5
            FVAL = 9.13874022948 Edm = 8.39103258239e-08 Nfcn = 104
            Error matrix change = 0
            Parameters :  p0 = -0.090274 p1 = -0.180015 p2 = -0.165958 p3 = -0.214847 p4 = -1.63278
Minuit2Minimizer : Valid minimum - status = 0
FVAL  = 9.13874022947890197
Edm   = 8.39103258238517757e-08
Nfcn  = 104
jerUp_unc	  = -0.090274	 +/-  0.995491	(limited)
jesUp_unc	  = -0.180015	 +/-  0.986994	(limited)
lumi	  = -0.165958	 +/-  0.988445	(limited)
pdf_unc	  = -0.214847	 +/-  0.982869	(limited)
xs_Bkg	  = -1.63278	 +/-  0.512209	(limited)
Reference signal fit
   0) jerUp_unc                      = -0.090274
   1) jesUp_unc                      = -0.180015
   2) lumi                           = -0.165958
   3) pdf_unc                        = -0.214847
   4) xs_Bkg                         =  -1.63278

Fitting of the signal-plus-background hypothesis done in 0.00243402 s
      Evaluation of p-values done in  6.30456 s
	CLs = 0.0595611 +/- 0.0138108
      Evaluation of p-values done in  6.26272 s
	CLs = 0.0663507 +/- 0.010362
      Evaluation of p-values done in  5.9473 s
	CLs = 0.0688559 +/- 0.00864883
      Evaluation of p-values done in  5.96655 s
	CLs = 0.0658208 +/- 0.0073121
      Evaluation of p-values done in  6.14303 s
	CLs = 0.0707908 +/- 0.00680725
	CLs      = 0.0707908 +/- 0.00680725
	CLb      = 0.3136 +/- 0.00656133
	CLsplusb = 0.0222 +/- 0.00208361

Hybrid result saved as HypoTestResult_mh120_r19_3243987003 in higgsCombineTest.HybridNew.mH120.-228087130.root : higgsCombineTest.HybridNew.mH120.-228087130.root:/toys

 -- Hybrid New -- 
CLs = 0.0707908 +/- 0.00680725
Total toys: 10000
Done in 0.00 min (cpu), 0.52 min (real)
