>>> including systematics
>>> using the Profile Likelihood test statistics modified for upper limits (Q_LHC)
>>> method used to compute upper limit is HybridNew
>>> Using OpenSSL to get a really random seed 
>>> Used OpenSSL to get a really random seed -1688336885
Adding /uscms_data/d2/lpcljm/sapta/SUSYSearch/LimitSetting/CMSSW_7_1_5/src to include path
Adding /cvmfs/cms.cern.ch/slc6_amd64_gcc481/lcg/roofit/5.34.18-cms3//include to include path
Input workspace 'w': 

RooWorkspace(w) w contents

variables
---------
(jerUp_unc,jerUp_unc_In,jesUp_unc,jesUp_unc_In,lumi,lumi_In,n_obs_binbin1,pdf_unc,pdf_unc_In,r,xs_Bkg,xs_Bkg_In)

p.d.f.s
-------
SimpleGaussianConstraint::jerUp_unc_Pdf[ x=jerUp_unc mean=jerUp_unc_In sigma=1 ] = 1
SimpleGaussianConstraint::jesUp_unc_Pdf[ x=jesUp_unc mean=jesUp_unc_In sigma=1 ] = 1
SimpleGaussianConstraint::lumi_Pdf[ x=lumi mean=lumi_In sigma=1 ] = 1
RooProdPdf::modelObs_b[ pdf_binbin1_bonly ] = 1.50717e-06
RooProdPdf::modelObs_s[ pdf_binbin1 ] = 1.16377e-06
RooProdPdf::model_b[ modelObs_b * nuisancePdf ] = 1.50717e-06
RooProdPdf::model_s[ modelObs_s * nuisancePdf ] = 1.16377e-06
RooProdPdf::nuisancePdf[ lumi_Pdf * jesUp_unc_Pdf * pdf_unc_Pdf * xs_Bkg_Pdf * jerUp_unc_Pdf ] = 1
RooPoisson::pdf_binbin1[ x=n_obs_binbin1 mean=n_exp_binbin1 ] = 1.16377e-06
RooPoisson::pdf_binbin1_bonly[ x=n_obs_binbin1 mean=n_exp_binbin1_bonly ] = 1.50717e-06
SimpleGaussianConstraint::pdf_unc_Pdf[ x=pdf_unc mean=pdf_unc_In sigma=1 ] = 1
SimpleGaussianConstraint::xs_Bkg_Pdf[ x=xs_Bkg mean=xs_Bkg_In sigma=1 ] = 1

functions
--------
RooAddition::n_exp_binbin1[ n_exp_binbin1_proc_BH + n_exp_binbin1_proc_Background ] = 271.596
RooAddition::n_exp_binbin1_bonly[ n_exp_binbin1_proc_Background ] = 270.596
ProcessNormalization::n_exp_binbin1_proc_BH[ thetaList=(lumi,jesUp_unc,pdf_unc) asymmThetaList=() otherFactorList=(r) ] = 1
ProcessNormalization::n_exp_binbin1_proc_Background[ thetaList=(xs_Bkg,jerUp_unc) asymmThetaList=() otherFactorList=() ] = 270.596

datasets
--------
RooDataSet::data_obs(n_obs_binbin1)

named sets
----------
ModelConfig_GlobalObservables:(lumi_In,jesUp_unc_In,pdf_unc_In,xs_Bkg_In,jerUp_unc_In)
ModelConfig_NuisParams:(lumi,jesUp_unc,pdf_unc,xs_Bkg,jerUp_unc)
ModelConfig_Observables:(n_obs_binbin1)
ModelConfig_POI:(r)
ModelConfig_bonly_GlobalObservables:(lumi_In,jesUp_unc_In,pdf_unc_In,xs_Bkg_In,jerUp_unc_In)
ModelConfig_bonly_NuisParams:(lumi,jesUp_unc,pdf_unc,xs_Bkg,jerUp_unc)
ModelConfig_bonly_Observables:(n_obs_binbin1)
ModelConfig_bonly_POI:(r)
POI:(r)
globalObservables:(lumi_In,jesUp_unc_In,pdf_unc_In,xs_Bkg_In,jerUp_unc_In)
nuisances:(lumi,jesUp_unc,pdf_unc,xs_Bkg,jerUp_unc)
observables:(n_obs_binbin1)

generic objects
---------------
RooStats::ModelConfig::ModelConfig
RooStats::ModelConfig::ModelConfig_bonly
RooArgSet::discreteParams

Workspace has a ModelConfig for signal called 'ModelConfig', with contents:

=== Using the following for ModelConfig ===
Observables:             RooArgSet:: = (n_obs_binbin1)
Parameters of Interest:  RooArgSet:: = (r)
Nuisance Parameters:     RooArgSet:: = (lumi,jesUp_unc,pdf_unc,xs_Bkg,jerUp_unc)
Global Observables:      RooArgSet:: = (lumi_In,jesUp_unc_In,pdf_unc_In,xs_Bkg_In,jerUp_unc_In)
PDF:                     RooProdPdf::model_s[ modelObs_s * nuisancePdf ] = 1.16377e-06

Input ModelConfig 'ModelConfig': 

=== Using the following for ModelConfig ===
Observables:             RooArgSet:: = (n_obs_binbin1)
Parameters of Interest:  RooArgSet:: = (r)
Nuisance Parameters:     RooArgSet:: = (lumi,jesUp_unc,pdf_unc,xs_Bkg,jerUp_unc)
Global Observables:      RooArgSet:: = (lumi_In,jesUp_unc_In,pdf_unc_In,xs_Bkg_In,jerUp_unc_In)
PDF:                     RooProdPdf::model_s[ modelObs_s * nuisancePdf ] = 1.16377e-06

[#1] INFO:ObjectHandling -- RooWorkspace::import(w) importing RooUniform::prior
Computing limit starting from observation
  1) RooRealVar:: n_obs_binbin1 = 201
Set default minimizer to Minuit2
  r = 200 +/- 0
[#1] INFO:Minization --  Including the following contraint terms in minimization: (nuisancePdf)
[#1] INFO:Fitting -- RooAddition::defaultErrorLevel(nll_model_s_data_obs_with_constr) Summation contains a RooNLLVar, using its error level
Minuit2Minimizer: Minimize with max-calls 2500 convergence for edm < 0.01 strategy 1
MnSeedGenerator: for initial parameters FCN = 18
MnSeedGenerator: Initial state:   - FCN =   17.99997110053 Edm =      11.4277 NCalls =     21
VariableMetric: start iterating until Edm is < 1e-05
VariableMetric: Initial state   - FCN =   17.99997110053 Edm =      11.4277 NCalls =     21
VariableMetric: Iteration #   1 - FCN =    9.54799617998 Edm =     0.528867 NCalls =     33
VariableMetric: Iteration #   2 - FCN =   8.367577308371 Edm =  0.000217526 NCalls =     45
VariableMetric: Iteration #   3 - FCN =   8.367124015138 Edm =  1.96007e-07 NCalls =     56
VariableMetric: After Hessian   - FCN =   8.367124015138 Edm =  2.04914e-07 NCalls =     87
Number of iterations 5
----------> Iteration 0
            FVAL = 17.9999711005 Edm = 11.4276543962 Nfcn = 21
            Error matrix change = 1
            Parameters :  p0 = 0 p1 = 0 p2 = 0 p3 = 0 p4 = 0
----------> Iteration 1
            FVAL = 9.54799617998 Edm = 0.528866966067 Nfcn = 33
            Error matrix change = 0.52771
            Parameters :  p0 = -1.45088 p1 = 0 p2 = 0 p3 = 0 p4 = -0.415186
----------> Iteration 2
            FVAL = 8.36757730837 Edm = 0.000217526435226 Nfcn = 45
            Error matrix change = 0.330812
            Parameters :  p0 = -0.0236413 p1 = 0 p2 = 0 p3 = 0 p4 = -0.62853
----------> Iteration 3
            FVAL = 8.36712401514 Edm = 1.96007348619e-07 Nfcn = 56
            Error matrix change = 0.167049
            Parameters :  p0 = -0.0535052 p1 = 0 p2 = 0 p3 = 0 p4 = -0.625138
----------> Iteration 4
            FVAL = 8.36712401514 Edm = 2.04914364322e-07 Nfcn = 87
            Error matrix change = 0
            Parameters :  p0 = -0.0535052 p1 = 0 p2 = 0 p3 = 0 p4 = -0.625138
Minuit2Minimizer : Valid minimum - status = 0
FVAL  = 8.36712401513802817
Edm   = 2.04914364322180788e-07
Nfcn  = 87
jerUp_unc	  = -0.0535052	 +/-  0.993159	(limited)
jesUp_unc	  = 0	 +/-  0.996602	(limited)
lumi	  = 0	 +/-  0.996602	(limited)
pdf_unc	  = 0	 +/-  0.996602	(limited)
xs_Bkg	  = -0.625138	 +/-  0.171839	(limited)
Zero signal fit
   0) jerUp_unc                      = -0.0535052
   1) jesUp_unc                      =         0
   2) lumi                           =         0
   3) pdf_unc                        =         0
   4) xs_Bkg                         = -0.625138

Fitting of the background hypothesis done in 0.30641 s
[#1] INFO:Fitting -- RooAddition::defaultErrorLevel(nll_model_s_data_obs_with_constr) Summation contains a RooNLLVar, using its error level
Minuit2Minimizer: Minimize with max-calls 2500 convergence for edm < 0.01 strategy 1
MnSeedGenerator: for initial parameters FCN = 70.2212
MnSeedGenerator: Initial state:   - FCN =   70.22118095563 Edm =      65.3183 NCalls =     21
VariableMetric: start iterating until Edm is < 1e-05
VariableMetric: Initial state   - FCN =   70.22118095563 Edm =      65.3183 NCalls =     21
VariableMetric: Iteration #   1 - FCN =   27.82154059978 Edm =      2.97894 NCalls =     35
VariableMetric: Iteration #   2 - FCN =    18.6513923205 Edm =     0.602692 NCalls =     47
VariableMetric: Iteration #   3 - FCN =   17.22241555265 Edm =     0.118536 NCalls =     60
VariableMetric: Iteration #   4 - FCN =   17.06079888452 Edm =   0.00548263 NCalls =     72
VariableMetric: Iteration #   5 - FCN =    17.0532061331 Edm =  9.73199e-05 NCalls =     84
VariableMetric: Iteration #   6 - FCN =   17.05309319641 Edm =  1.12805e-06 NCalls =     96
VariableMetric: After Hessian   - FCN =   17.05309319641 Edm =  1.39885e-06 NCalls =    127
Number of iterations 8
----------> Iteration 0
            FVAL = 70.2211809556 Edm = 65.3182964365 Nfcn = 21
            Error matrix change = 1
            Parameters :  p0 = -0.0535052 p1 = 0 p2 = 0 p3 = 0 p4 = -0.625138
----------> Iteration 1
            FVAL = 27.8215405998 Edm = 2.97894132453 Nfcn = 35
            Error matrix change = 0.609549
            Parameters :  p0 = -2.21529 p1 = -2.45035 p2 = -2.35556 p3 = -2.6229 p4 = -1.55999
----------> Iteration 2
            FVAL = 18.6513923205 Edm = 0.602691685854 Nfcn = 47
            Error matrix change = 0.452025
            Parameters :  p0 = -0.00338805 p1 = -0.96508 p2 = -0.710259 p3 = -1.60013 p4 = -2.60335
----------> Iteration 3
            FVAL = 17.2224155526 Edm = 0.118535550476 Nfcn = 60
            Error matrix change = 0.286951
            Parameters :  p0 = -0.176857 p1 = -1.24338 p2 = -1.22248 p3 = -1.41271 p4 = -3.08118
----------> Iteration 4
            FVAL = 17.0607988845 Edm = 0.0054826322791 Nfcn = 72
            Error matrix change = 0.201118
            Parameters :  p0 = -0.263421 p1 = -1.00202 p2 = -0.948591 p3 = -1.15827 p4 = -3.25186
----------> Iteration 5
            FVAL = 17.0532061331 Edm = 9.73198697295e-05 Nfcn = 84
            Error matrix change = 0.13587
            Parameters :  p0 = -0.287289 p1 = -1.01811 p2 = -0.938311 p3 = -1.20211 p4 = -3.28693
----------> Iteration 6
            FVAL = 17.0530931964 Edm = 1.12805479704e-06 Nfcn = 96
            Error matrix change = 0.119916
            Parameters :  p0 = -0.279724 p1 = -1.01033 p2 = -0.930352 p3 = -1.20465 p4 = -3.29078
----------> Iteration 7
            FVAL = 17.0530931964 Edm = 1.39884548409e-06 Nfcn = 127
            Error matrix change = 0
            Parameters :  p0 = -0.279724 p1 = -1.01033 p2 = -0.930352 p3 = -1.20465 p4 = -3.29078
Minuit2Minimizer : Valid minimum - status = 0
FVAL  = 17.0530931964119894
Edm   = 1.39884548408546402e-06
Nfcn  = 127
jerUp_unc	  = -0.279724	 +/-  0.993917	(limited)
jesUp_unc	  = -1.01033	 +/-  0.940039	(limited)
lumi	  = -0.930352	 +/-  0.948755	(limited)
pdf_unc	  = -1.20465	 +/-  0.91482	(limited)
xs_Bkg	  = -3.29078	 +/-  0.495967	(limited)
Reference signal fit
   0) jerUp_unc                      = -0.279724
   1) jesUp_unc                      =  -1.01033
   2) lumi                           = -0.930352
   3) pdf_unc                        =  -1.20465
   4) xs_Bkg                         =  -3.29078

Fitting of the signal-plus-background hypothesis done in 0.00280809 s
      Evaluation of p-values done in  7.44877 s
	CLs = 0 +/- 0
      Evaluation of p-values done in  7.66503 s
	CLs = 0 +/- 0
      Evaluation of p-values done in  7.69273 s
	CLs = 0 +/- 0
      Evaluation of p-values done in  7.34088 s
	CLs = 0 +/- 0
      Evaluation of p-values done in  7.55709 s
	CLs = 0 +/- 0
	CLs      = 0 +/- 0
	CLb      = 0.3134 +/- 0.00656019
	CLsplusb = 0 +/- 0

Hybrid result saved as HypoTestResult_mh120_r200_2037250717 in higgsCombineTest.HybridNew.mH120.-1688336885.root : higgsCombineTest.HybridNew.mH120.-1688336885.root:/toys

 -- Hybrid New -- 
CLs = 0 +/- 0
Total toys: 10000
Done in 0.00 min (cpu), 0.63 min (real)
