>>> including systematics
>>> using the Profile Likelihood test statistics modified for upper limits (Q_LHC)
>>> method used to compute upper limit is HybridNew
>>> Using OpenSSL to get a really random seed 
>>> Used OpenSSL to get a really random seed -491840810
Adding /uscms_data/d2/lpcljm/sapta/SUSYSearch/LimitSetting/CMSSW_7_1_5/src to include path
Adding /cvmfs/cms.cern.ch/slc6_amd64_gcc481/lcg/roofit/5.34.18-cms3//include to include path
Input workspace 'w': 

RooWorkspace(w) w contents

variables
---------
(jerUp_unc,jerUp_unc_In,jesUp_unc,jesUp_unc_In,lumi,lumi_In,n_obs_binbin1,pdf_unc,pdf_unc_In,r,xs_Bkg,xs_Bkg_In)

p.d.f.s
-------
SimpleGaussianConstraint::jerUp_unc_Pdf[ x=jerUp_unc mean=jerUp_unc_In sigma=1 ] = 1
SimpleGaussianConstraint::jesUp_unc_Pdf[ x=jesUp_unc mean=jesUp_unc_In sigma=1 ] = 1
SimpleGaussianConstraint::lumi_Pdf[ x=lumi mean=lumi_In sigma=1 ] = 1
RooProdPdf::modelObs_b[ pdf_binbin1_bonly ] = 3.4533e-14
RooProdPdf::modelObs_s[ pdf_binbin1 ] = 3.18789e-14
RooProdPdf::model_b[ modelObs_b * nuisancePdf ] = 3.4533e-14
RooProdPdf::model_s[ modelObs_s * nuisancePdf ] = 3.18789e-14
RooProdPdf::nuisancePdf[ lumi_Pdf * jesUp_unc_Pdf * pdf_unc_Pdf * xs_Bkg_Pdf * jerUp_unc_Pdf ] = 1
RooPoisson::pdf_binbin1[ x=n_obs_binbin1 mean=n_exp_binbin1 ] = 3.18789e-14
RooPoisson::pdf_binbin1_bonly[ x=n_obs_binbin1 mean=n_exp_binbin1_bonly ] = 3.4533e-14
SimpleGaussianConstraint::pdf_unc_Pdf[ x=pdf_unc mean=pdf_unc_In sigma=1 ] = 1
SimpleGaussianConstraint::xs_Bkg_Pdf[ x=xs_Bkg mean=xs_Bkg_In sigma=1 ] = 1

functions
--------
RooAddition::n_exp_binbin1[ n_exp_binbin1_proc_BH + n_exp_binbin1_proc_Background ] = 7813.31
RooAddition::n_exp_binbin1_bonly[ n_exp_binbin1_proc_Background ] = 7812.31
ProcessNormalization::n_exp_binbin1_proc_BH[ thetaList=(lumi,jesUp_unc,pdf_unc) asymmThetaList=() otherFactorList=(r) ] = 1
ProcessNormalization::n_exp_binbin1_proc_Background[ thetaList=(xs_Bkg,jerUp_unc) asymmThetaList=() otherFactorList=() ] = 7812.31

datasets
--------
RooDataSet::data_obs(n_obs_binbin1)

named sets
----------
ModelConfig_GlobalObservables:(lumi_In,jesUp_unc_In,pdf_unc_In,xs_Bkg_In,jerUp_unc_In)
ModelConfig_NuisParams:(lumi,jesUp_unc,pdf_unc,xs_Bkg,jerUp_unc)
ModelConfig_Observables:(n_obs_binbin1)
ModelConfig_POI:(r)
ModelConfig_bonly_GlobalObservables:(lumi_In,jesUp_unc_In,pdf_unc_In,xs_Bkg_In,jerUp_unc_In)
ModelConfig_bonly_NuisParams:(lumi,jesUp_unc,pdf_unc,xs_Bkg,jerUp_unc)
ModelConfig_bonly_Observables:(n_obs_binbin1)
ModelConfig_bonly_POI:(r)
POI:(r)
globalObservables:(lumi_In,jesUp_unc_In,pdf_unc_In,xs_Bkg_In,jerUp_unc_In)
nuisances:(lumi,jesUp_unc,pdf_unc,xs_Bkg,jerUp_unc)
observables:(n_obs_binbin1)

generic objects
---------------
RooStats::ModelConfig::ModelConfig
RooStats::ModelConfig::ModelConfig_bonly
RooArgSet::discreteParams

Workspace has a ModelConfig for signal called 'ModelConfig', with contents:

=== Using the following for ModelConfig ===
Observables:             RooArgSet:: = (n_obs_binbin1)
Parameters of Interest:  RooArgSet:: = (r)
Nuisance Parameters:     RooArgSet:: = (lumi,jesUp_unc,pdf_unc,xs_Bkg,jerUp_unc)
Global Observables:      RooArgSet:: = (lumi_In,jesUp_unc_In,pdf_unc_In,xs_Bkg_In,jerUp_unc_In)
PDF:                     RooProdPdf::model_s[ modelObs_s * nuisancePdf ] = 3.18789e-14

Input ModelConfig 'ModelConfig': 

=== Using the following for ModelConfig ===
Observables:             RooArgSet:: = (n_obs_binbin1)
Parameters of Interest:  RooArgSet:: = (r)
Nuisance Parameters:     RooArgSet:: = (lumi,jesUp_unc,pdf_unc,xs_Bkg,jerUp_unc)
Global Observables:      RooArgSet:: = (lumi_In,jesUp_unc_In,pdf_unc_In,xs_Bkg_In,jerUp_unc_In)
PDF:                     RooProdPdf::model_s[ modelObs_s * nuisancePdf ] = 3.18789e-14

[#1] INFO:ObjectHandling -- RooWorkspace::import(w) importing RooUniform::prior
Computing limit starting from observation
  1) RooRealVar:: n_obs_binbin1 = 7188
Set default minimizer to Minuit2
  r = 2250 +/- 0
[#1] INFO:Minization --  Including the following contraint terms in minimization: (nuisancePdf)
[#1] INFO:Fitting -- RooAddition::defaultErrorLevel(nll_model_s_data_obs_with_constr) Summation contains a RooNLLVar, using its error level
Minuit2Minimizer: Minimize with max-calls 2500 convergence for edm < 0.01 strategy 1
MnSeedGenerator: for initial parameters FCN = 35.5916
MnSeedGenerator: Initial state:   - FCN =   35.59155353931 Edm =      47.8304 NCalls =     21
VariableMetric: start iterating until Edm is < 1e-05
VariableMetric: Initial state   - FCN =   35.59155353931 Edm =      47.8304 NCalls =     21
VariableMetric: Iteration #   1 - FCN =   10.50925263869 Edm =    0.0251758 NCalls =     33
VariableMetric: Iteration #   2 - FCN =   10.41596765435 Edm =    0.0565304 NCalls =     45
VariableMetric: Iteration #   3 - FCN =   10.10007077445 Edm =  2.87964e-05 NCalls =     58
VariableMetric: Iteration #   4 - FCN =   10.10003771344 Edm =  2.95681e-08 NCalls =     69
VariableMetric: After Hessian   - FCN =   10.10003771344 Edm =  2.87101e-08 NCalls =    100
Number of iterations 6
----------> Iteration 0
            FVAL = 35.5915535393 Edm = 47.8304216396 Nfcn = 21
            Error matrix change = 1
            Parameters :  p0 = 0 p1 = 0 p2 = 0 p3 = 0 p4 = 0
----------> Iteration 1
            FVAL = 10.5092526387 Edm = 0.0251757721412 Nfcn = 33
            Error matrix change = 0.504063
            Parameters :  p0 = -1.01183 p1 = 0 p2 = 0 p3 = 0 p4 = -0.288888
----------> Iteration 2
            FVAL = 10.4159676543 Edm = 0.0565304103474 Nfcn = 45
            Error matrix change = 0.30872
            Parameters :  p0 = -0.795117 p1 = 0 p2 = 0 p3 = 0 p4 = -0.316233
----------> Iteration 3
            FVAL = 10.1000707745 Edm = 2.8796441517e-05 Nfcn = 58
            Error matrix change = 0.248102
            Parameters :  p0 = -0.144362 p1 = 0 p2 = 0 p3 = 0 p4 = -0.520088
----------> Iteration 4
            FVAL = 10.1000377134 Edm = 2.95681004862e-08 Nfcn = 69
            Error matrix change = 0.125161
            Parameters :  p0 = -0.137666 p1 = 0 p2 = 0 p3 = 0 p4 = -0.521475
----------> Iteration 5
            FVAL = 10.1000377134 Edm = 2.87100953834e-08 Nfcn = 100
            Error matrix change = 0
            Parameters :  p0 = -0.137666 p1 = 0 p2 = 0 p3 = 0 p4 = -0.521475
Minuit2Minimizer : Valid minimum - status = 0
FVAL  = 10.1000377134357144
Edm   = 2.8710095383379719e-08
Nfcn  = 100
jerUp_unc	  = -0.137666	 +/-  0.964276	(limited)
jesUp_unc	  = 0	 +/-  0.996602	(limited)
lumi	  = 0	 +/-  0.996602	(limited)
pdf_unc	  = 0	 +/-  0.996602	(limited)
xs_Bkg	  = -0.521475	 +/-  0.266029	(limited)
Zero signal fit
   0) jerUp_unc                      = -0.137666
   1) jesUp_unc                      =         0
   2) lumi                           =         0
   3) pdf_unc                        =         0
   4) xs_Bkg                         = -0.521475

Fitting of the background hypothesis done in 0.309406 s
[#1] INFO:Fitting -- RooAddition::defaultErrorLevel(nll_model_s_data_obs_with_constr) Summation contains a RooNLLVar, using its error level
Minuit2Minimizer: Minimize with max-calls 2500 convergence for edm < 0.01 strategy 1
MnSeedGenerator: for initial parameters FCN = 303.425
MnSeedGenerator: Initial state:   - FCN =    303.425169639 Edm =       784.68 NCalls =     21
VariableMetric: start iterating until Edm is < 1e-05
VariableMetric: Initial state   - FCN =    303.425169639 Edm =       784.68 NCalls =     21
VariableMetric: Iteration #   1 - FCN =    39.9447387963 Edm =      21.6664 NCalls =     39
VariableMetric: Iteration #   2 - FCN =   25.48739408122 Edm =      1.52703 NCalls =     58
VariableMetric: Iteration #   3 - FCN =   19.57966946737 Edm =      1.72515 NCalls =     71
VariableMetric: Iteration #   4 - FCN =   17.78425250028 Edm =     0.382967 NCalls =     83
VariableMetric: Iteration #   5 - FCN =   16.77804776162 Edm =     0.404155 NCalls =     96
VariableMetric: Iteration #   6 - FCN =   15.15382999762 Edm =     0.306753 NCalls =    108
VariableMetric: Iteration #   7 - FCN =    14.5661182443 Edm =     0.175962 NCalls =    120
VariableMetric: Iteration #   8 - FCN =   14.22284306448 Edm =    0.0575976 NCalls =    132
VariableMetric: Iteration #   9 - FCN =   14.11042555361 Edm =  0.000889555 NCalls =    144
VariableMetric: Iteration #  10 - FCN =   14.10802689822 Edm =  0.000310325 NCalls =    156
VariableMetric: Iteration #  11 - FCN =    14.1076150751 Edm =  4.23828e-06 NCalls =    168
VariableMetric: After Hessian   - FCN =    14.1076150751 Edm =  4.06671e-06 NCalls =    199
Number of iterations 13
----------> Iteration 0
            FVAL = 303.425169639 Edm = 784.680426238 Nfcn = 21
            Error matrix change = 1
            Parameters :  p0 = -0.137666 p1 = 0 p2 = 0 p3 = 0 p4 = -0.521475
----------> Iteration 1
            FVAL = 39.9447387963 Edm = 21.6663511057 Nfcn = 39
            Error matrix change = 0.621237
            Parameters :  p0 = -3.11335 p1 = -3.61274 p2 = -3.70612 p3 = -3.35639 p4 = -1.41213
----------> Iteration 2
            FVAL = 25.4873940812 Edm = 1.52702999191 Nfcn = 58
            Error matrix change = 0.453736
            Parameters :  p0 = -2.57591 p1 = -2.54243 p2 = -2.49673 p3 = -2.5551 p4 = -1.30624
----------> Iteration 3
            FVAL = 19.5796694674 Edm = 1.7251528015 Nfcn = 71
            Error matrix change = 0.463164
            Parameters :  p0 = -2.90062 p1 = -0.801269 p2 = -0.456367 p3 = -1.44925 p4 = -1.68156
----------> Iteration 4
            FVAL = 17.7842525003 Edm = 0.382966975396 Nfcn = 83
            Error matrix change = 0.285807
            Parameters :  p0 = -3.02261 p1 = -0.820138 p2 = -0.543872 p3 = -1.41746 p4 = -1.84215
----------> Iteration 5
            FVAL = 16.7780477616 Edm = 0.404155238124 Nfcn = 96
            Error matrix change = 0.369937
            Parameters :  p0 = -2.8679 p1 = -0.0659007 p2 = 0.0636915 p3 = -0.58616 p4 = -2.15556
----------> Iteration 6
            FVAL = 15.1538299976 Edm = 0.306753345587 Nfcn = 108
            Error matrix change = 0.416751
            Parameters :  p0 = -1.85761 p1 = -0.348256 p2 = -0.74225 p3 = 0.0629639 p4 = -2.49097
----------> Iteration 7
            FVAL = 14.5661182443 Edm = 0.175962115849 Nfcn = 120
            Error matrix change = 0.309782
            Parameters :  p0 = -1.07861 p1 = -0.333252 p2 = -0.722609 p3 = 0.323169 p4 = -2.65789
----------> Iteration 8
            FVAL = 14.2228430645 Edm = 0.0575976343019 Nfcn = 132
            Error matrix change = 0.295409
            Parameters :  p0 = -0.931048 p1 = -0.618438 p2 = -0.58277 p3 = -0.390479 p4 = -2.56035
----------> Iteration 9
            FVAL = 14.1104255536 Edm = 0.000889554724882 Nfcn = 144
            Error matrix change = 0.262357
            Parameters :  p0 = -0.728731 p1 = -0.425848 p2 = -0.301768 p3 = -0.415853 p4 = -2.6912
----------> Iteration 10
            FVAL = 14.1080268982 Edm = 0.000310325261135 Nfcn = 156
            Error matrix change = 0.296468
            Parameters :  p0 = -0.69405 p1 = -0.378631 p2 = -0.330218 p3 = -0.429483 p4 = -2.70273
----------> Iteration 11
            FVAL = 14.1076150751 Edm = 4.2382786324e-06 Nfcn = 168
            Error matrix change = 0.199398
            Parameters :  p0 = -0.713369 p1 = -0.368832 p2 = -0.340059 p3 = -0.440522 p4 = -2.69497
----------> Iteration 12
            FVAL = 14.1076150751 Edm = 4.06671027981e-06 Nfcn = 199
            Error matrix change = 0
            Parameters :  p0 = -0.713369 p1 = -0.368832 p2 = -0.340059 p3 = -0.440522 p4 = -2.69497
Minuit2Minimizer : Valid minimum - status = 0
FVAL  = 14.107615075102629
Edm   = 4.06671027980692517e-06
Nfcn  = 199
jerUp_unc	  = -0.713369	 +/-  0.966214	(limited)
jesUp_unc	  = -0.368832	 +/-  0.978046	(limited)
lumi	  = -0.340059	 +/-  0.980867	(limited)
pdf_unc	  = -0.440522	 +/-  0.970028	(limited)
xs_Bkg	  = -2.69497	 +/-  0.34889	(limited)
Reference signal fit
   0) jerUp_unc                      = -0.713369
   1) jesUp_unc                      = -0.368832
   2) lumi                           = -0.340059
   3) pdf_unc                        = -0.440522
   4) xs_Bkg                         =  -2.69497

Fitting of the signal-plus-background hypothesis done in 0.00328183 s
      Evaluation of p-values done in  8.97334 s
	CLs = 0.00617284 +/- 0.0043696
      Evaluation of p-values done in  8.7142 s
	CLs = 0.00484653 +/- 0.00280073
      Evaluation of p-values done in  8.70481 s
	CLs = 0.00323625 +/- 0.0018696
      Evaluation of p-values done in  8.7953 s
	CLs = 0.00729335 +/- 0.00243451
      Evaluation of p-values done in  9.10042 s
	CLs = 0.00657895 +/- 0.00208313
	CLs      = 0.00657895 +/- 0.00208313
	CLb      = 0.304 +/- 0.00650514
	CLsplusb = 0.002 +/- 0.000631823

Hybrid result saved as HypoTestResult_mh120_r2250_4224413490 in higgsCombineTest.HybridNew.mH120.-491840810.root : higgsCombineTest.HybridNew.mH120.-491840810.root:/toys

 -- Hybrid New -- 
CLs = 0.00657895 +/- 0.00208313
Total toys: 10000
Done in 0.00 min (cpu), 0.74 min (real)
