>>> including systematics
>>> using the Profile Likelihood test statistics modified for upper limits (Q_LHC)
>>> method used to compute upper limit is HybridNew
>>> Using OpenSSL to get a really random seed 
>>> Used OpenSSL to get a really random seed -615566141
Adding /uscms_data/d2/lpcljm/sapta/SUSYSearch/LimitSetting/CMSSW_7_1_5/src to include path
Adding /cvmfs/cms.cern.ch/slc6_amd64_gcc481/lcg/roofit/5.34.18-cms3//include to include path
Input workspace 'w': 

RooWorkspace(w) w contents

variables
---------
(jerUp_unc,jerUp_unc_In,jesUp_unc,jesUp_unc_In,lumi,lumi_In,n_obs_binbin1,pdf_unc,pdf_unc_In,r,xs_Bkg,xs_Bkg_In)

p.d.f.s
-------
SimpleGaussianConstraint::jerUp_unc_Pdf[ x=jerUp_unc mean=jerUp_unc_In sigma=1 ] = 1
SimpleGaussianConstraint::jesUp_unc_Pdf[ x=jesUp_unc mean=jesUp_unc_In sigma=1 ] = 1
SimpleGaussianConstraint::lumi_Pdf[ x=lumi mean=lumi_In sigma=1 ] = 1
RooProdPdf::modelObs_b[ pdf_binbin1_bonly ] = 1.16418e-07
RooProdPdf::modelObs_s[ pdf_binbin1 ] = 9.86712e-08
RooProdPdf::model_b[ modelObs_b * nuisancePdf ] = 1.16418e-07
RooProdPdf::model_s[ modelObs_s * nuisancePdf ] = 9.86712e-08
RooProdPdf::nuisancePdf[ lumi_Pdf * jesUp_unc_Pdf * pdf_unc_Pdf * xs_Bkg_Pdf * jerUp_unc_Pdf ] = 1
RooPoisson::pdf_binbin1[ x=n_obs_binbin1 mean=n_exp_binbin1 ] = 9.86712e-08
RooPoisson::pdf_binbin1_bonly[ x=n_obs_binbin1 mean=n_exp_binbin1_bonly ] = 1.16418e-07
SimpleGaussianConstraint::pdf_unc_Pdf[ x=pdf_unc mean=pdf_unc_In sigma=1 ] = 1
SimpleGaussianConstraint::xs_Bkg_Pdf[ x=xs_Bkg mean=xs_Bkg_In sigma=1 ] = 1

functions
--------
RooAddition::n_exp_binbin1[ n_exp_binbin1_proc_BH + n_exp_binbin1_proc_Background ] = 818.847
RooAddition::n_exp_binbin1_bonly[ n_exp_binbin1_proc_Background ] = 817.847
ProcessNormalization::n_exp_binbin1_proc_BH[ thetaList=(lumi,jesUp_unc,pdf_unc) asymmThetaList=() otherFactorList=(r) ] = 1
ProcessNormalization::n_exp_binbin1_proc_Background[ thetaList=(xs_Bkg,jerUp_unc) asymmThetaList=() otherFactorList=() ] = 817.847

datasets
--------
RooDataSet::data_obs(n_obs_binbin1)

named sets
----------
ModelConfig_GlobalObservables:(lumi_In,jesUp_unc_In,pdf_unc_In,xs_Bkg_In,jerUp_unc_In)
ModelConfig_NuisParams:(lumi,jesUp_unc,pdf_unc,xs_Bkg,jerUp_unc)
ModelConfig_Observables:(n_obs_binbin1)
ModelConfig_POI:(r)
ModelConfig_bonly_GlobalObservables:(lumi_In,jesUp_unc_In,pdf_unc_In,xs_Bkg_In,jerUp_unc_In)
ModelConfig_bonly_NuisParams:(lumi,jesUp_unc,pdf_unc,xs_Bkg,jerUp_unc)
ModelConfig_bonly_Observables:(n_obs_binbin1)
ModelConfig_bonly_POI:(r)
POI:(r)
globalObservables:(lumi_In,jesUp_unc_In,pdf_unc_In,xs_Bkg_In,jerUp_unc_In)
nuisances:(lumi,jesUp_unc,pdf_unc,xs_Bkg,jerUp_unc)
observables:(n_obs_binbin1)

generic objects
---------------
RooStats::ModelConfig::ModelConfig
RooStats::ModelConfig::ModelConfig_bonly
RooArgSet::discreteParams

Workspace has a ModelConfig for signal called 'ModelConfig', with contents:

=== Using the following for ModelConfig ===
Observables:             RooArgSet:: = (n_obs_binbin1)
Parameters of Interest:  RooArgSet:: = (r)
Nuisance Parameters:     RooArgSet:: = (lumi,jesUp_unc,pdf_unc,xs_Bkg,jerUp_unc)
Global Observables:      RooArgSet:: = (lumi_In,jesUp_unc_In,pdf_unc_In,xs_Bkg_In,jerUp_unc_In)
PDF:                     RooProdPdf::model_s[ modelObs_s * nuisancePdf ] = 9.86712e-08

Input ModelConfig 'ModelConfig': 

=== Using the following for ModelConfig ===
Observables:             RooArgSet:: = (n_obs_binbin1)
Parameters of Interest:  RooArgSet:: = (r)
Nuisance Parameters:     RooArgSet:: = (lumi,jesUp_unc,pdf_unc,xs_Bkg,jerUp_unc)
Global Observables:      RooArgSet:: = (lumi_In,jesUp_unc_In,pdf_unc_In,xs_Bkg_In,jerUp_unc_In)
PDF:                     RooProdPdf::model_s[ modelObs_s * nuisancePdf ] = 9.86712e-08

[#1] INFO:ObjectHandling -- RooWorkspace::import(w) importing RooUniform::prior
Computing limit starting from observation
  1) RooRealVar:: n_obs_binbin1 = 683
Set default minimizer to Minuit2
  r = 240 +/- 0
[#1] INFO:Minization --  Including the following contraint terms in minimization: (nuisancePdf)
[#1] INFO:Fitting -- RooAddition::defaultErrorLevel(nll_model_s_data_obs_with_constr) Summation contains a RooNLLVar, using its error level
Minuit2Minimizer: Minimize with max-calls 2500 convergence for edm < 0.01 strategy 1
MnSeedGenerator: for initial parameters FCN = 20.5608
MnSeedGenerator: Initial state:   - FCN =   20.56077516437 Edm =      17.1948 NCalls =     21
VariableMetric: start iterating until Edm is < 1e-05
VariableMetric: Initial state   - FCN =   20.56077516437 Edm =      17.1948 NCalls =     21
VariableMetric: Iteration #   1 - FCN =   10.03252748296 Edm =     0.284652 NCalls =     33
VariableMetric: Iteration #   2 - FCN =   8.919300210348 Edm =   0.00540495 NCalls =     45
VariableMetric: Iteration #   3 - FCN =   8.913049139787 Edm =  1.70749e-05 NCalls =     57
VariableMetric: Iteration #   4 - FCN =   8.913031774316 Edm =  4.54224e-09 NCalls =     68
VariableMetric: After Hessian   - FCN =   8.913031774316 Edm =  4.61561e-09 NCalls =     99
Number of iterations 6
----------> Iteration 0
            FVAL = 20.5607751644 Edm = 17.1948432985 Nfcn = 21
            Error matrix change = 1
            Parameters :  p0 = 0 p1 = 0 p2 = 0 p3 = 0 p4 = 0
----------> Iteration 1
            FVAL = 10.032527483 Edm = 0.28465176146 Nfcn = 33
            Error matrix change = 0.519253
            Parameters :  p0 = -1.47286 p1 = 0 p2 = 0 p3 = 0 p4 = -0.303005
----------> Iteration 2
            FVAL = 8.91930021035 Edm = 0.00540494699523 Nfcn = 45
            Error matrix change = 0.355486
            Parameters :  p0 = 0.0082431 p1 = 0 p2 = 0 p3 = 0 p4 = -0.51275
----------> Iteration 3
            FVAL = 8.91304913979 Edm = 1.7074864858e-05 Nfcn = 57
            Error matrix change = 0.181713
            Parameters :  p0 = -0.0636564 p1 = 0 p2 = 0 p3 = 0 p4 = -0.514065
----------> Iteration 4
            FVAL = 8.91303177432 Edm = 4.54223922168e-09 Nfcn = 68
            Error matrix change = 0.0921713
            Parameters :  p0 = -0.0592909 p1 = 0 p2 = 0 p3 = 0 p4 = -0.514982
----------> Iteration 5
            FVAL = 8.91303177432 Edm = 4.61560836509e-09 Nfcn = 99
            Error matrix change = 0
            Parameters :  p0 = -0.0592909 p1 = 0 p2 = 0 p3 = 0 p4 = -0.514982
Minuit2Minimizer : Valid minimum - status = 0
FVAL  = 8.91303177431587201
Edm   = 4.6156083650870802e-09
Nfcn  = 99
jerUp_unc	  = -0.0592909	 +/-  0.990274	(limited)
jesUp_unc	  = 0	 +/-  0.996602	(limited)
lumi	  = 0	 +/-  0.996602	(limited)
pdf_unc	  = 0	 +/-  0.996602	(limited)
xs_Bkg	  = -0.514982	 +/-  0.158535	(limited)
Zero signal fit
   0) jerUp_unc                      = -0.0592909
   1) jesUp_unc                      =         0
   2) lumi                           =         0
   3) pdf_unc                        =         0
   4) xs_Bkg                         = -0.514982

Fitting of the background hypothesis done in 0.306635 s
[#1] INFO:Fitting -- RooAddition::defaultErrorLevel(nll_model_s_data_obs_with_constr) Summation contains a RooNLLVar, using its error level
Minuit2Minimizer: Minimize with max-calls 2500 convergence for edm < 0.01 strategy 1
MnSeedGenerator: for initial parameters FCN = 43.6306
MnSeedGenerator: Initial state:   - FCN =   43.63055651478 Edm =      52.5592 NCalls =     21
VariableMetric: start iterating until Edm is < 1e-05
VariableMetric: Initial state   - FCN =   43.63055651478 Edm =      52.5592 NCalls =     21
VariableMetric: Iteration #   1 - FCN =   15.64332940168 Edm =      1.69737 NCalls =     33
VariableMetric: Iteration #   2 - FCN =   11.41197067345 Edm =      0.66629 NCalls =     45
VariableMetric: Iteration #   3 - FCN =   10.32488701096 Edm =     0.022683 NCalls =     57
VariableMetric: Iteration #   4 - FCN =   10.29989728319 Edm =  0.000327887 NCalls =     69
VariableMetric: Iteration #   5 - FCN =   10.29936847674 Edm =  5.56288e-07 NCalls =     81
VariableMetric: After Hessian   - FCN =   10.29936847674 Edm =  6.87155e-07 NCalls =    112
Number of iterations 7
----------> Iteration 0
            FVAL = 43.6305565148 Edm = 52.5592287731 Nfcn = 21
            Error matrix change = 1
            Parameters :  p0 = -0.0592909 p1 = 0 p2 = 0 p3 = 0 p4 = -0.514982
----------> Iteration 1
            FVAL = 15.6433294017 Edm = 1.69737488794 Nfcn = 33
            Error matrix change = 0.60905
            Parameters :  p0 = -2.16493 p1 = -1.38241 p2 = -1.31574 p3 = -1.51588 p4 = -1.03777
----------> Iteration 2
            FVAL = 11.4119706734 Edm = 0.66629018283 Nfcn = 45
            Error matrix change = 0.487178
            Parameters :  p0 = -1.16256 p1 = 0.142857 p2 = 0.225986 p3 = -0.101893 p4 = -1.45935
----------> Iteration 3
            FVAL = 10.324887011 Edm = 0.0226830353326 Nfcn = 57
            Error matrix change = 0.303501
            Parameters :  p0 = -0.380315 p1 = -0.182009 p2 = -0.184111 p3 = -0.205265 p4 = -1.67177
----------> Iteration 4
            FVAL = 10.2998972832 Edm = 0.000327887379439 Nfcn = 69
            Error matrix change = 0.1836
            Parameters :  p0 = -0.206388 p1 = -0.113652 p2 = -0.108813 p3 = -0.129935 p4 = -1.69964
----------> Iteration 5
            FVAL = 10.2993684767 Edm = 5.56287867303e-07 Nfcn = 81
            Error matrix change = 0.172106
            Parameters :  p0 = -0.195014 p1 = -0.125732 p2 = -0.114638 p3 = -0.150114 p4 = -1.69497
----------> Iteration 6
            FVAL = 10.2993684767 Edm = 6.87155122186e-07 Nfcn = 112
            Error matrix change = 0
            Parameters :  p0 = -0.195014 p1 = -0.125732 p2 = -0.114638 p3 = -0.150114 p4 = -1.69497
Minuit2Minimizer : Valid minimum - status = 0
FVAL  = 10.2993684767420142
Edm   = 6.87155122185995737e-07
Nfcn  = 112
jerUp_unc	  = -0.195014	 +/-  0.990476	(limited)
jesUp_unc	  = -0.125732	 +/-  0.98983	(limited)
lumi	  = -0.114638	 +/-  0.99085	(limited)
pdf_unc	  = -0.150114	 +/-  0.986929	(limited)
xs_Bkg	  = -1.69497	 +/-  0.235071	(limited)
Reference signal fit
   0) jerUp_unc                      = -0.195014
   1) jesUp_unc                      = -0.125732
   2) lumi                           = -0.114638
   3) pdf_unc                        = -0.150114
   4) xs_Bkg                         =  -1.69497

Fitting of the signal-plus-background hypothesis done in 0.00260687 s
      Evaluation of p-values done in  7.12713 s
	CLs = 0.168919 +/- 0.0246982
      Evaluation of p-values done in  7.03926 s
	CLs = 0.152921 +/- 0.0167196
      Evaluation of p-values done in  6.9099 s
	CLs = 0.137446 +/- 0.0125141
      Evaluation of p-values done in  6.98865 s
	CLs = 0.132365 +/- 0.010593
      Evaluation of p-values done in  7.28274 s
	CLs = 0.136897 +/- 0.00969342
	CLs      = 0.136897 +/- 0.00969342
	CLb      = 0.3068 +/- 0.00652187
	CLsplusb = 0.042 +/- 0.00283676

Hybrid result saved as HypoTestResult_mh120_r240_235109278 in higgsCombineTest.HybridNew.mH120.-615566141.root : higgsCombineTest.HybridNew.mH120.-615566141.root:/toys

 -- Hybrid New -- 
CLs = 0.136897 +/- 0.00969342
Total toys: 10000
Done in 0.00 min (cpu), 0.59 min (real)
