>>> including systematics
>>> using the Profile Likelihood test statistics modified for upper limits (Q_LHC)
>>> method used to compute upper limit is HybridNew
>>> Using OpenSSL to get a really random seed 
>>> Used OpenSSL to get a really random seed -1654823652
Adding /uscms_data/d2/lpcljm/sapta/SUSYSearch/LimitSetting/CMSSW_7_1_5/src to include path
Adding /cvmfs/cms.cern.ch/slc6_amd64_gcc481/lcg/roofit/5.34.18-cms3//include to include path
Input workspace 'w': 

RooWorkspace(w) w contents

variables
---------
(jerUp_unc,jerUp_unc_In,jesUp_unc,jesUp_unc_In,lumi,lumi_In,n_obs_binbin1,pdf_unc,pdf_unc_In,r,xs_Bkg,xs_Bkg_In)

p.d.f.s
-------
SimpleGaussianConstraint::jerUp_unc_Pdf[ x=jerUp_unc mean=jerUp_unc_In sigma=1 ] = 1
SimpleGaussianConstraint::jesUp_unc_Pdf[ x=jesUp_unc mean=jesUp_unc_In sigma=1 ] = 1
SimpleGaussianConstraint::lumi_Pdf[ x=lumi mean=lumi_In sigma=1 ] = 1
RooProdPdf::modelObs_b[ pdf_binbin1_bonly ] = 0.00013192
RooProdPdf::modelObs_s[ pdf_binbin1 ] = 9.46296e-05
RooProdPdf::model_b[ modelObs_b * nuisancePdf ] = 0.00013192
RooProdPdf::model_s[ modelObs_s * nuisancePdf ] = 9.46296e-05
RooProdPdf::nuisancePdf[ lumi_Pdf * jesUp_unc_Pdf * pdf_unc_Pdf * xs_Bkg_Pdf * jerUp_unc_Pdf ] = 1
RooPoisson::pdf_binbin1[ x=n_obs_binbin1 mean=n_exp_binbin1 ] = 9.46296e-05
RooPoisson::pdf_binbin1_bonly[ x=n_obs_binbin1 mean=n_exp_binbin1_bonly ] = 0.00013192
SimpleGaussianConstraint::pdf_unc_Pdf[ x=pdf_unc mean=pdf_unc_In sigma=1 ] = 1
SimpleGaussianConstraint::xs_Bkg_Pdf[ x=xs_Bkg mean=xs_Bkg_In sigma=1 ] = 1

functions
--------
RooAddition::n_exp_binbin1[ n_exp_binbin1_proc_BH + n_exp_binbin1_proc_Background ] = 97.8389
RooAddition::n_exp_binbin1_bonly[ n_exp_binbin1_proc_Background ] = 96.8389
ProcessNormalization::n_exp_binbin1_proc_BH[ thetaList=(lumi,jesUp_unc,pdf_unc) asymmThetaList=() otherFactorList=(r) ] = 1
ProcessNormalization::n_exp_binbin1_proc_Background[ thetaList=(xs_Bkg,jerUp_unc) asymmThetaList=() otherFactorList=() ] = 96.8389

datasets
--------
RooDataSet::data_obs(n_obs_binbin1)

named sets
----------
ModelConfig_GlobalObservables:(lumi_In,jesUp_unc_In,pdf_unc_In,xs_Bkg_In,jerUp_unc_In)
ModelConfig_NuisParams:(lumi,jesUp_unc,pdf_unc,xs_Bkg,jerUp_unc)
ModelConfig_Observables:(n_obs_binbin1)
ModelConfig_POI:(r)
ModelConfig_bonly_GlobalObservables:(lumi_In,jesUp_unc_In,pdf_unc_In,xs_Bkg_In,jerUp_unc_In)
ModelConfig_bonly_NuisParams:(lumi,jesUp_unc,pdf_unc,xs_Bkg,jerUp_unc)
ModelConfig_bonly_Observables:(n_obs_binbin1)
ModelConfig_bonly_POI:(r)
POI:(r)
globalObservables:(lumi_In,jesUp_unc_In,pdf_unc_In,xs_Bkg_In,jerUp_unc_In)
nuisances:(lumi,jesUp_unc,pdf_unc,xs_Bkg,jerUp_unc)
observables:(n_obs_binbin1)

generic objects
---------------
RooStats::ModelConfig::ModelConfig
RooStats::ModelConfig::ModelConfig_bonly
RooArgSet::discreteParams

Workspace has a ModelConfig for signal called 'ModelConfig', with contents:

=== Using the following for ModelConfig ===
Observables:             RooArgSet:: = (n_obs_binbin1)
Parameters of Interest:  RooArgSet:: = (r)
Nuisance Parameters:     RooArgSet:: = (lumi,jesUp_unc,pdf_unc,xs_Bkg,jerUp_unc)
Global Observables:      RooArgSet:: = (lumi_In,jesUp_unc_In,pdf_unc_In,xs_Bkg_In,jerUp_unc_In)
PDF:                     RooProdPdf::model_s[ modelObs_s * nuisancePdf ] = 9.46296e-05

Input ModelConfig 'ModelConfig': 

=== Using the following for ModelConfig ===
Observables:             RooArgSet:: = (n_obs_binbin1)
Parameters of Interest:  RooArgSet:: = (r)
Nuisance Parameters:     RooArgSet:: = (lumi,jesUp_unc,pdf_unc,xs_Bkg,jerUp_unc)
Global Observables:      RooArgSet:: = (lumi_In,jesUp_unc_In,pdf_unc_In,xs_Bkg_In,jerUp_unc_In)
PDF:                     RooProdPdf::model_s[ modelObs_s * nuisancePdf ] = 9.46296e-05

[#1] INFO:ObjectHandling -- RooWorkspace::import(w) importing RooUniform::prior
Computing limit starting from observation
  1) RooRealVar:: n_obs_binbin1 = 65
Set default minimizer to Minuit2
  r = 25 +/- 0
[#1] INFO:Minization --  Including the following contraint terms in minimization: (nuisancePdf)
[#1] INFO:Fitting -- RooAddition::defaultErrorLevel(nll_model_s_data_obs_with_constr) Summation contains a RooNLLVar, using its error level
Minuit2Minimizer: Minimize with max-calls 2500 convergence for edm < 0.01 strategy 1
MnSeedGenerator: for initial parameters FCN = 13.528
MnSeedGenerator: Initial state:   - FCN =   13.52800916947 Edm =      5.75957 NCalls =     21
VariableMetric: start iterating until Edm is < 1e-05
VariableMetric: Initial state   - FCN =   13.52800916947 Edm =      5.75957 NCalls =     21
VariableMetric: Iteration #   1 - FCN =   8.375385217574 Edm =     0.345706 NCalls =     33
VariableMetric: Iteration #   2 - FCN =   7.823183533084 Edm =  9.11652e-05 NCalls =     45
VariableMetric: Iteration #   3 - FCN =   7.823073555677 Edm =  6.39626e-07 NCalls =     57
VariableMetric: After Hessian   - FCN =   7.823073555677 Edm =  6.64821e-07 NCalls =     88
Number of iterations 5
----------> Iteration 0
            FVAL = 13.5280091695 Edm = 5.75956578221 Nfcn = 21
            Error matrix change = 1
            Parameters :  p0 = 0 p1 = 0 p2 = 0 p3 = 0 p4 = 0
----------> Iteration 1
            FVAL = 8.37538521757 Edm = 0.34570551871 Nfcn = 33
            Error matrix change = 0.52782
            Parameters :  p0 = -0.978959 p1 = 0 p2 = 0 p3 = 0 p4 = -0.49223
----------> Iteration 2
            FVAL = 7.82318353308 Edm = 9.11651767854e-05 Nfcn = 45
            Error matrix change = 0.30587
            Parameters :  p0 = -0.0328035 p1 = 0 p2 = 0 p3 = 0 p4 = -0.647671
----------> Iteration 3
            FVAL = 7.82307355568 Edm = 6.39626400064e-07 Nfcn = 57
            Error matrix change = 0.155634
            Parameters :  p0 = -0.0442142 p1 = 0 p2 = 0 p3 = 0 p4 = -0.64888
----------> Iteration 4
            FVAL = 7.82307355568 Edm = 6.64820644822e-07 Nfcn = 88
            Error matrix change = 0
            Parameters :  p0 = -0.0442142 p1 = 0 p2 = 0 p3 = 0 p4 = -0.64888
Minuit2Minimizer : Valid minimum - status = 0
FVAL  = 7.82307355567667706
Edm   = 6.64820644821859446e-07
Nfcn  = 88
jerUp_unc	  = -0.0442142	 +/-  0.994497	(limited)
jesUp_unc	  = 0	 +/-  0.996602	(limited)
lumi	  = 0	 +/-  0.996602	(limited)
pdf_unc	  = 0	 +/-  0.996602	(limited)
xs_Bkg	  = -0.64888	 +/-  0.215276	(limited)
Zero signal fit
   0) jerUp_unc                      = -0.0442142
   1) jesUp_unc                      =         0
   2) lumi                           =         0
   3) pdf_unc                        =         0
   4) xs_Bkg                         =  -0.64888

Fitting of the background hypothesis done in 0.309812 s
[#1] INFO:Fitting -- RooAddition::defaultErrorLevel(nll_model_s_data_obs_with_constr) Summation contains a RooNLLVar, using its error level
Minuit2Minimizer: Minimize with max-calls 2500 convergence for edm < 0.01 strategy 1
MnSeedGenerator: for initial parameters FCN = 11.976
MnSeedGenerator: Initial state:   - FCN =   11.97601422755 Edm =       3.2367 NCalls =     21
VariableMetric: start iterating until Edm is < 1e-05
VariableMetric: Initial state   - FCN =   11.97601422755 Edm =       3.2367 NCalls =     21
VariableMetric: Iteration #   1 - FCN =   8.971068254581 Edm =     0.255407 NCalls =     33
VariableMetric: Iteration #   2 - FCN =   8.622765032402 Edm =   0.00492399 NCalls =     45
VariableMetric: Iteration #   3 - FCN =   8.616287320781 Edm =  6.27439e-05 NCalls =     57
VariableMetric: Iteration #   4 - FCN =   8.616218762997 Edm =  1.85526e-09 NCalls =     69
VariableMetric: After Hessian   - FCN =   8.616218762997 Edm =  1.89822e-09 NCalls =    100
Number of iterations 6
----------> Iteration 0
            FVAL = 11.9760142276 Edm = 3.23670317972 Nfcn = 21
            Error matrix change = 1
            Parameters :  p0 = -0.0442142 p1 = 0 p2 = 0 p3 = 0 p4 = -0.64888
----------> Iteration 1
            FVAL = 8.97106825458 Edm = 0.255407353943 Nfcn = 33
            Error matrix change = 0.570254
            Parameters :  p0 = -0.688904 p1 = -0.339718 p2 = -0.314479 p3 = -0.400886 p4 = -1.18577
----------> Iteration 2
            FVAL = 8.6227650324 Edm = 0.00492398666369 Nfcn = 45
            Error matrix change = 0.366881
            Parameters :  p0 = -0.0783801 p1 = -0.0483197 p2 = -0.0428845 p3 = -0.0635757 p4 = -1.31605
----------> Iteration 3
            FVAL = 8.61628732078 Edm = 6.2743888396e-05 Nfcn = 57
            Error matrix change = 0.197957
            Parameters :  p0 = -0.0843548 p1 = -0.068937 p2 = -0.0639882 p3 = -0.0808702 p4 = -1.34577
----------> Iteration 4
            FVAL = 8.616218763 Edm = 1.85526382823e-09 Nfcn = 69
            Error matrix change = 0.120781
            Parameters :  p0 = -0.0902154 p1 = -0.0633348 p2 = -0.058358 p3 = -0.0756897 p4 = -1.3471
----------> Iteration 5
            FVAL = 8.616218763 Edm = 1.89821985891e-09 Nfcn = 100
            Error matrix change = 0
            Parameters :  p0 = -0.0902154 p1 = -0.0633348 p2 = -0.058358 p3 = -0.0756897 p4 = -1.3471
Minuit2Minimizer : Valid minimum - status = 0
FVAL  = 8.61621876299737366
Edm   = 1.89821985890689228e-09
Nfcn  = 100
jerUp_unc	  = -0.0902154	 +/-  0.994617	(limited)
jesUp_unc	  = -0.0633348	 +/-  0.993498	(limited)
lumi	  = -0.058358	 +/-  0.993966	(limited)
pdf_unc	  = -0.0756897	 +/-  0.992172	(limited)
xs_Bkg	  = -1.3471	 +/-  0.316755	(limited)
Reference signal fit
   0) jerUp_unc                      = -0.0902154
   1) jesUp_unc                      = -0.0633348
   2) lumi                           = -0.058358
   3) pdf_unc                        = -0.0756897
   4) xs_Bkg                         =   -1.3471

Fitting of the signal-plus-background hypothesis done in 0.00250411 s
      Evaluation of p-values done in  6.12493 s
	CLs = 0.323529 +/- 0.0369449
      Evaluation of p-values done in  5.77535 s
	CLs = 0.310811 +/- 0.0262661
      Evaluation of p-values done in  5.88472 s
	CLs = 0.334651 +/- 0.0226672
      Evaluation of p-values done in  5.68137 s
	CLs = 0.344149 +/- 0.0198906
      Evaluation of p-values done in  5.75648 s
	CLs = 0.33488 +/- 0.0173456
	CLs      = 0.33488 +/- 0.0173456
	CLb      = 0.2586 +/- 0.00619235
	CLsplusb = 0.0866 +/- 0.00397745

Hybrid result saved as HypoTestResult_mh120_r25_1586586347 in higgsCombineTest.HybridNew.mH120.-1654823652.root : higgsCombineTest.HybridNew.mH120.-1654823652.root:/toys

 -- Hybrid New -- 
CLs = 0.33488 +/- 0.0173456
Total toys: 10000
Done in 0.00 min (cpu), 0.49 min (real)
