>>> including systematics
>>> using the Profile Likelihood test statistics modified for upper limits (Q_LHC)
>>> method used to compute upper limit is HybridNew
>>> Using OpenSSL to get a really random seed 
>>> Used OpenSSL to get a really random seed 198808438
Adding /uscms_data/d2/lpcljm/sapta/SUSYSearch/LimitSetting/CMSSW_7_1_5/src to include path
Adding /cvmfs/cms.cern.ch/slc6_amd64_gcc481/lcg/roofit/5.34.18-cms3//include to include path
Input workspace 'w': 

RooWorkspace(w) w contents

variables
---------
(jerUp_unc,jerUp_unc_In,jesUp_unc,jesUp_unc_In,lumi,lumi_In,n_obs_binbin1,pdf_unc,pdf_unc_In,r,xs_Bkg,xs_Bkg_In)

p.d.f.s
-------
SimpleGaussianConstraint::jerUp_unc_Pdf[ x=jerUp_unc mean=jerUp_unc_In sigma=1 ] = 1
SimpleGaussianConstraint::jesUp_unc_Pdf[ x=jesUp_unc mean=jesUp_unc_In sigma=1 ] = 1
SimpleGaussianConstraint::lumi_Pdf[ x=lumi mean=lumi_In sigma=1 ] = 1
RooProdPdf::modelObs_b[ pdf_binbin1_bonly ] = 1.16418e-07
RooProdPdf::modelObs_s[ pdf_binbin1 ] = 9.86712e-08
RooProdPdf::model_b[ modelObs_b * nuisancePdf ] = 1.16418e-07
RooProdPdf::model_s[ modelObs_s * nuisancePdf ] = 9.86712e-08
RooProdPdf::nuisancePdf[ lumi_Pdf * jesUp_unc_Pdf * pdf_unc_Pdf * xs_Bkg_Pdf * jerUp_unc_Pdf ] = 1
RooPoisson::pdf_binbin1[ x=n_obs_binbin1 mean=n_exp_binbin1 ] = 9.86712e-08
RooPoisson::pdf_binbin1_bonly[ x=n_obs_binbin1 mean=n_exp_binbin1_bonly ] = 1.16418e-07
SimpleGaussianConstraint::pdf_unc_Pdf[ x=pdf_unc mean=pdf_unc_In sigma=1 ] = 1
SimpleGaussianConstraint::xs_Bkg_Pdf[ x=xs_Bkg mean=xs_Bkg_In sigma=1 ] = 1

functions
--------
RooAddition::n_exp_binbin1[ n_exp_binbin1_proc_BH + n_exp_binbin1_proc_Background ] = 818.847
RooAddition::n_exp_binbin1_bonly[ n_exp_binbin1_proc_Background ] = 817.847
ProcessNormalization::n_exp_binbin1_proc_BH[ thetaList=(lumi,jesUp_unc,pdf_unc) asymmThetaList=() otherFactorList=(r) ] = 1
ProcessNormalization::n_exp_binbin1_proc_Background[ thetaList=(xs_Bkg,jerUp_unc) asymmThetaList=() otherFactorList=() ] = 817.847

datasets
--------
RooDataSet::data_obs(n_obs_binbin1)

named sets
----------
ModelConfig_GlobalObservables:(lumi_In,jesUp_unc_In,pdf_unc_In,xs_Bkg_In,jerUp_unc_In)
ModelConfig_NuisParams:(lumi,jesUp_unc,pdf_unc,xs_Bkg,jerUp_unc)
ModelConfig_Observables:(n_obs_binbin1)
ModelConfig_POI:(r)
ModelConfig_bonly_GlobalObservables:(lumi_In,jesUp_unc_In,pdf_unc_In,xs_Bkg_In,jerUp_unc_In)
ModelConfig_bonly_NuisParams:(lumi,jesUp_unc,pdf_unc,xs_Bkg,jerUp_unc)
ModelConfig_bonly_Observables:(n_obs_binbin1)
ModelConfig_bonly_POI:(r)
POI:(r)
globalObservables:(lumi_In,jesUp_unc_In,pdf_unc_In,xs_Bkg_In,jerUp_unc_In)
nuisances:(lumi,jesUp_unc,pdf_unc,xs_Bkg,jerUp_unc)
observables:(n_obs_binbin1)

generic objects
---------------
RooStats::ModelConfig::ModelConfig
RooStats::ModelConfig::ModelConfig_bonly
RooArgSet::discreteParams

Workspace has a ModelConfig for signal called 'ModelConfig', with contents:

=== Using the following for ModelConfig ===
Observables:             RooArgSet:: = (n_obs_binbin1)
Parameters of Interest:  RooArgSet:: = (r)
Nuisance Parameters:     RooArgSet:: = (lumi,jesUp_unc,pdf_unc,xs_Bkg,jerUp_unc)
Global Observables:      RooArgSet:: = (lumi_In,jesUp_unc_In,pdf_unc_In,xs_Bkg_In,jerUp_unc_In)
PDF:                     RooProdPdf::model_s[ modelObs_s * nuisancePdf ] = 9.86712e-08

Input ModelConfig 'ModelConfig': 

=== Using the following for ModelConfig ===
Observables:             RooArgSet:: = (n_obs_binbin1)
Parameters of Interest:  RooArgSet:: = (r)
Nuisance Parameters:     RooArgSet:: = (lumi,jesUp_unc,pdf_unc,xs_Bkg,jerUp_unc)
Global Observables:      RooArgSet:: = (lumi_In,jesUp_unc_In,pdf_unc_In,xs_Bkg_In,jerUp_unc_In)
PDF:                     RooProdPdf::model_s[ modelObs_s * nuisancePdf ] = 9.86712e-08

[#1] INFO:ObjectHandling -- RooWorkspace::import(w) importing RooUniform::prior
Computing limit starting from observation
  1) RooRealVar:: n_obs_binbin1 = 683
Set default minimizer to Minuit2
  r = 280 +/- 0
[#1] INFO:Minization --  Including the following contraint terms in minimization: (nuisancePdf)
[#1] INFO:Fitting -- RooAddition::defaultErrorLevel(nll_model_s_data_obs_with_constr) Summation contains a RooNLLVar, using its error level
Minuit2Minimizer: Minimize with max-calls 2500 convergence for edm < 0.01 strategy 1
MnSeedGenerator: for initial parameters FCN = 20.5608
MnSeedGenerator: Initial state:   - FCN =   20.56077516437 Edm =      17.1948 NCalls =     21
VariableMetric: start iterating until Edm is < 1e-05
VariableMetric: Initial state   - FCN =   20.56077516437 Edm =      17.1948 NCalls =     21
VariableMetric: Iteration #   1 - FCN =   10.03252748296 Edm =     0.284652 NCalls =     33
VariableMetric: Iteration #   2 - FCN =   8.919300210348 Edm =   0.00540495 NCalls =     45
VariableMetric: Iteration #   3 - FCN =   8.913049139787 Edm =  1.70749e-05 NCalls =     57
VariableMetric: Iteration #   4 - FCN =   8.913031774316 Edm =  4.54224e-09 NCalls =     68
VariableMetric: After Hessian   - FCN =   8.913031774316 Edm =  4.61561e-09 NCalls =     99
Number of iterations 6
----------> Iteration 0
            FVAL = 20.5607751644 Edm = 17.1948432985 Nfcn = 21
            Error matrix change = 1
            Parameters :  p0 = 0 p1 = 0 p2 = 0 p3 = 0 p4 = 0
----------> Iteration 1
            FVAL = 10.032527483 Edm = 0.28465176146 Nfcn = 33
            Error matrix change = 0.519253
            Parameters :  p0 = -1.47286 p1 = 0 p2 = 0 p3 = 0 p4 = -0.303005
----------> Iteration 2
            FVAL = 8.91930021035 Edm = 0.00540494699523 Nfcn = 45
            Error matrix change = 0.355486
            Parameters :  p0 = 0.0082431 p1 = 0 p2 = 0 p3 = 0 p4 = -0.51275
----------> Iteration 3
            FVAL = 8.91304913979 Edm = 1.7074864858e-05 Nfcn = 57
            Error matrix change = 0.181713
            Parameters :  p0 = -0.0636564 p1 = 0 p2 = 0 p3 = 0 p4 = -0.514065
----------> Iteration 4
            FVAL = 8.91303177432 Edm = 4.54223922168e-09 Nfcn = 68
            Error matrix change = 0.0921713
            Parameters :  p0 = -0.0592909 p1 = 0 p2 = 0 p3 = 0 p4 = -0.514982
----------> Iteration 5
            FVAL = 8.91303177432 Edm = 4.61560836509e-09 Nfcn = 99
            Error matrix change = 0
            Parameters :  p0 = -0.0592909 p1 = 0 p2 = 0 p3 = 0 p4 = -0.514982
Minuit2Minimizer : Valid minimum - status = 0
FVAL  = 8.91303177431587201
Edm   = 4.6156083650870802e-09
Nfcn  = 99
jerUp_unc	  = -0.0592909	 +/-  0.990274	(limited)
jesUp_unc	  = 0	 +/-  0.996602	(limited)
lumi	  = 0	 +/-  0.996602	(limited)
pdf_unc	  = 0	 +/-  0.996602	(limited)
xs_Bkg	  = -0.514982	 +/-  0.158535	(limited)
Zero signal fit
   0) jerUp_unc                      = -0.0592909
   1) jesUp_unc                      =         0
   2) lumi                           =         0
   3) pdf_unc                        =         0
   4) xs_Bkg                         = -0.514982

Fitting of the background hypothesis done in 0.293285 s
[#1] INFO:Fitting -- RooAddition::defaultErrorLevel(nll_model_s_data_obs_with_constr) Summation contains a RooNLLVar, using its error level
Minuit2Minimizer: Minimize with max-calls 2500 convergence for edm < 0.01 strategy 1
MnSeedGenerator: for initial parameters FCN = 54.7012
MnSeedGenerator: Initial state:   - FCN =     54.701231254 Edm =      70.5121 NCalls =     21
VariableMetric: start iterating until Edm is < 1e-05
VariableMetric: Initial state   - FCN =     54.701231254 Edm =      70.5121 NCalls =     21
VariableMetric: Iteration #   1 - FCN =   17.97673200142 Edm =      2.14736 NCalls =     33
VariableMetric: Iteration #   2 - FCN =   12.40370299682 Edm =      1.01489 NCalls =     45
VariableMetric: Iteration #   3 - FCN =   10.84198240008 Edm =     0.061592 NCalls =     57
VariableMetric: Iteration #   4 - FCN =   10.77376649449 Edm =  0.000113637 NCalls =     69
VariableMetric: Iteration #   5 - FCN =   10.77356373601 Edm =  3.48129e-06 NCalls =     81
VariableMetric: After Hessian   - FCN =   10.77356373601 Edm =  4.04569e-06 NCalls =    112
Number of iterations 7
----------> Iteration 0
            FVAL = 54.701231254 Edm = 70.5121006929 Nfcn = 21
            Error matrix change = 1
            Parameters :  p0 = -0.0592909 p1 = 0 p2 = 0 p3 = 0 p4 = -0.514982
----------> Iteration 1
            FVAL = 17.9767320014 Edm = 2.14735698995 Nfcn = 33
            Error matrix change = 0.614254
            Parameters :  p0 = -2.40303 p1 = -1.68461 p2 = -1.61454 p3 = -1.81585 p4 = -1.10378
----------> Iteration 2
            FVAL = 12.4037029968 Edm = 1.01488963707 Nfcn = 45
            Error matrix change = 0.499918
            Parameters :  p0 = -1.22821 p1 = 0.0943224 p2 = 0.226144 p3 = -0.2683 p4 = -1.61301
----------> Iteration 3
            FVAL = 10.8419824001 Edm = 0.0615919539038 Nfcn = 57
            Error matrix change = 0.318683
            Parameters :  p0 = -0.46084 p1 = -0.314263 p2 = -0.29998 p3 = -0.39916 p4 = -1.85628
----------> Iteration 4
            FVAL = 10.7737664945 Edm = 0.000113636936067 Nfcn = 69
            Error matrix change = 0.184533
            Parameters :  p0 = -0.211137 p1 = -0.179761 p2 = -0.170453 p3 = -0.22124 p4 = -1.92434
----------> Iteration 5
            FVAL = 10.773563736 Edm = 3.48129130582e-06 Nfcn = 81
            Error matrix change = 0.176777
            Parameters :  p0 = -0.220463 p1 = -0.180646 p2 = -0.164658 p3 = -0.214199 p4 = -1.92716
----------> Iteration 6
            FVAL = 10.773563736 Edm = 4.04568895597e-06 Nfcn = 112
            Error matrix change = 0
            Parameters :  p0 = -0.220463 p1 = -0.180646 p2 = -0.164658 p3 = -0.214199 p4 = -1.92716
Minuit2Minimizer : Valid minimum - status = 0
FVAL  = 10.7735637360089083
Edm   = 4.04568895596692954e-06
Nfcn  = 112
jerUp_unc	  = -0.220463	 +/-  0.990553	(limited)
jesUp_unc	  = -0.180646	 +/-  0.98639	(limited)
lumi	  = -0.164658	 +/-  0.987929	(limited)
pdf_unc	  = -0.214199	 +/-  0.982	(limited)
xs_Bkg	  = -1.92716	 +/-  0.259671	(limited)
Reference signal fit
   0) jerUp_unc                      = -0.220463
   1) jesUp_unc                      = -0.180646
   2) lumi                           = -0.164658
   3) pdf_unc                        = -0.214199
   4) xs_Bkg                         =  -1.92716

Fitting of the signal-plus-background hypothesis done in 0.00253701 s
      Evaluation of p-values done in  6.65421 s
	CLs = 0.0844595 +/- 0.0171805
      Evaluation of p-values done in  7.2778 s
	CLs = 0.078534 +/- 0.0119018
      Evaluation of p-values done in  7.33668 s
	CLs = 0.0621404 +/- 0.00856605
      Evaluation of p-values done in  7.09554 s
	CLs = 0.0651629 +/- 0.00747414
      Evaluation of p-values done in  7.0517 s
	CLs = 0.0676133 +/- 0.00685404
	CLs      = 0.0676133 +/- 0.00685404
	CLb      = 0.2958 +/- 0.00645449
	CLsplusb = 0.02 +/- 0.0019799

Hybrid result saved as HypoTestResult_mh120_r280_4293987744 in higgsCombineTest.HybridNew.mH120.198808438.root : higgsCombineTest.HybridNew.mH120.198808438.root:/toys

 -- Hybrid New -- 
CLs = 0.0676133 +/- 0.00685404
Total toys: 10000
Done in 0.00 min (cpu), 0.60 min (real)
