>>> including systematics
>>> using the Profile Likelihood test statistics modified for upper limits (Q_LHC)
>>> method used to compute upper limit is HybridNew
>>> Using OpenSSL to get a really random seed 
>>> Used OpenSSL to get a really random seed -439415863
Adding /uscms_data/d2/lpcljm/sapta/SUSYSearch/LimitSetting/CMSSW_7_1_5/src to include path
Adding /cvmfs/cms.cern.ch/slc6_amd64_gcc481/lcg/roofit/5.34.18-cms3//include to include path
Input workspace 'w': 

RooWorkspace(w) w contents

variables
---------
(jerUp_unc,jerUp_unc_In,jesUp_unc,jesUp_unc_In,lumi,lumi_In,n_obs_binbin1,pdf_unc,pdf_unc_In,r,xs_Bkg,xs_Bkg_In)

p.d.f.s
-------
SimpleGaussianConstraint::jerUp_unc_Pdf[ x=jerUp_unc mean=jerUp_unc_In sigma=1 ] = 1
SimpleGaussianConstraint::jesUp_unc_Pdf[ x=jesUp_unc mean=jesUp_unc_In sigma=1 ] = 1
SimpleGaussianConstraint::lumi_Pdf[ x=lumi mean=lumi_In sigma=1 ] = 1
RooProdPdf::modelObs_b[ pdf_binbin1_bonly ] = 0.00013192
RooProdPdf::modelObs_s[ pdf_binbin1 ] = 9.46296e-05
RooProdPdf::model_b[ modelObs_b * nuisancePdf ] = 0.00013192
RooProdPdf::model_s[ modelObs_s * nuisancePdf ] = 9.46296e-05
RooProdPdf::nuisancePdf[ lumi_Pdf * jesUp_unc_Pdf * pdf_unc_Pdf * xs_Bkg_Pdf * jerUp_unc_Pdf ] = 1
RooPoisson::pdf_binbin1[ x=n_obs_binbin1 mean=n_exp_binbin1 ] = 9.46296e-05
RooPoisson::pdf_binbin1_bonly[ x=n_obs_binbin1 mean=n_exp_binbin1_bonly ] = 0.00013192
SimpleGaussianConstraint::pdf_unc_Pdf[ x=pdf_unc mean=pdf_unc_In sigma=1 ] = 1
SimpleGaussianConstraint::xs_Bkg_Pdf[ x=xs_Bkg mean=xs_Bkg_In sigma=1 ] = 1

functions
--------
RooAddition::n_exp_binbin1[ n_exp_binbin1_proc_BH + n_exp_binbin1_proc_Background ] = 97.8389
RooAddition::n_exp_binbin1_bonly[ n_exp_binbin1_proc_Background ] = 96.8389
ProcessNormalization::n_exp_binbin1_proc_BH[ thetaList=(lumi,jesUp_unc,pdf_unc) asymmThetaList=() otherFactorList=(r) ] = 1
ProcessNormalization::n_exp_binbin1_proc_Background[ thetaList=(xs_Bkg,jerUp_unc) asymmThetaList=() otherFactorList=() ] = 96.8389

datasets
--------
RooDataSet::data_obs(n_obs_binbin1)

named sets
----------
ModelConfig_GlobalObservables:(lumi_In,jesUp_unc_In,pdf_unc_In,xs_Bkg_In,jerUp_unc_In)
ModelConfig_NuisParams:(lumi,jesUp_unc,pdf_unc,xs_Bkg,jerUp_unc)
ModelConfig_Observables:(n_obs_binbin1)
ModelConfig_POI:(r)
ModelConfig_bonly_GlobalObservables:(lumi_In,jesUp_unc_In,pdf_unc_In,xs_Bkg_In,jerUp_unc_In)
ModelConfig_bonly_NuisParams:(lumi,jesUp_unc,pdf_unc,xs_Bkg,jerUp_unc)
ModelConfig_bonly_Observables:(n_obs_binbin1)
ModelConfig_bonly_POI:(r)
POI:(r)
globalObservables:(lumi_In,jesUp_unc_In,pdf_unc_In,xs_Bkg_In,jerUp_unc_In)
nuisances:(lumi,jesUp_unc,pdf_unc,xs_Bkg,jerUp_unc)
observables:(n_obs_binbin1)

generic objects
---------------
RooStats::ModelConfig::ModelConfig
RooStats::ModelConfig::ModelConfig_bonly
RooArgSet::discreteParams

Workspace has a ModelConfig for signal called 'ModelConfig', with contents:

=== Using the following for ModelConfig ===
Observables:             RooArgSet:: = (n_obs_binbin1)
Parameters of Interest:  RooArgSet:: = (r)
Nuisance Parameters:     RooArgSet:: = (lumi,jesUp_unc,pdf_unc,xs_Bkg,jerUp_unc)
Global Observables:      RooArgSet:: = (lumi_In,jesUp_unc_In,pdf_unc_In,xs_Bkg_In,jerUp_unc_In)
PDF:                     RooProdPdf::model_s[ modelObs_s * nuisancePdf ] = 9.46296e-05

Input ModelConfig 'ModelConfig': 

=== Using the following for ModelConfig ===
Observables:             RooArgSet:: = (n_obs_binbin1)
Parameters of Interest:  RooArgSet:: = (r)
Nuisance Parameters:     RooArgSet:: = (lumi,jesUp_unc,pdf_unc,xs_Bkg,jerUp_unc)
Global Observables:      RooArgSet:: = (lumi_In,jesUp_unc_In,pdf_unc_In,xs_Bkg_In,jerUp_unc_In)
PDF:                     RooProdPdf::model_s[ modelObs_s * nuisancePdf ] = 9.46296e-05

[#1] INFO:ObjectHandling -- RooWorkspace::import(w) importing RooUniform::prior
Computing limit starting from observation
  1) RooRealVar:: n_obs_binbin1 = 65
Set default minimizer to Minuit2
  r = 29 +/- 0
[#1] INFO:Minization --  Including the following contraint terms in minimization: (nuisancePdf)
[#1] INFO:Fitting -- RooAddition::defaultErrorLevel(nll_model_s_data_obs_with_constr) Summation contains a RooNLLVar, using its error level
Minuit2Minimizer: Minimize with max-calls 2500 convergence for edm < 0.01 strategy 1
MnSeedGenerator: for initial parameters FCN = 13.528
MnSeedGenerator: Initial state:   - FCN =   13.52800916947 Edm =      5.75957 NCalls =     21
VariableMetric: start iterating until Edm is < 1e-05
VariableMetric: Initial state   - FCN =   13.52800916947 Edm =      5.75957 NCalls =     21
VariableMetric: Iteration #   1 - FCN =   8.375385217574 Edm =     0.345706 NCalls =     33
VariableMetric: Iteration #   2 - FCN =   7.823183533084 Edm =  9.11652e-05 NCalls =     45
VariableMetric: Iteration #   3 - FCN =   7.823073555677 Edm =  6.39626e-07 NCalls =     57
VariableMetric: After Hessian   - FCN =   7.823073555677 Edm =  6.64821e-07 NCalls =     88
Number of iterations 5
----------> Iteration 0
            FVAL = 13.5280091695 Edm = 5.75956578221 Nfcn = 21
            Error matrix change = 1
            Parameters :  p0 = 0 p1 = 0 p2 = 0 p3 = 0 p4 = 0
----------> Iteration 1
            FVAL = 8.37538521757 Edm = 0.34570551871 Nfcn = 33
            Error matrix change = 0.52782
            Parameters :  p0 = -0.978959 p1 = 0 p2 = 0 p3 = 0 p4 = -0.49223
----------> Iteration 2
            FVAL = 7.82318353308 Edm = 9.11651767854e-05 Nfcn = 45
            Error matrix change = 0.30587
            Parameters :  p0 = -0.0328035 p1 = 0 p2 = 0 p3 = 0 p4 = -0.647671
----------> Iteration 3
            FVAL = 7.82307355568 Edm = 6.39626400064e-07 Nfcn = 57
            Error matrix change = 0.155634
            Parameters :  p0 = -0.0442142 p1 = 0 p2 = 0 p3 = 0 p4 = -0.64888
----------> Iteration 4
            FVAL = 7.82307355568 Edm = 6.64820644822e-07 Nfcn = 88
            Error matrix change = 0
            Parameters :  p0 = -0.0442142 p1 = 0 p2 = 0 p3 = 0 p4 = -0.64888
Minuit2Minimizer : Valid minimum - status = 0
FVAL  = 7.82307355567667706
Edm   = 6.64820644821859446e-07
Nfcn  = 88
jerUp_unc	  = -0.0442142	 +/-  0.994497	(limited)
jesUp_unc	  = 0	 +/-  0.996602	(limited)
lumi	  = 0	 +/-  0.996602	(limited)
pdf_unc	  = 0	 +/-  0.996602	(limited)
xs_Bkg	  = -0.64888	 +/-  0.215276	(limited)
Zero signal fit
   0) jerUp_unc                      = -0.0442142
   1) jesUp_unc                      =         0
   2) lumi                           =         0
   3) pdf_unc                        =         0
   4) xs_Bkg                         =  -0.64888

Fitting of the background hypothesis done in 0.315186 s
[#1] INFO:Fitting -- RooAddition::defaultErrorLevel(nll_model_s_data_obs_with_constr) Summation contains a RooNLLVar, using its error level
Minuit2Minimizer: Minimize with max-calls 2500 convergence for edm < 0.01 strategy 1
MnSeedGenerator: for initial parameters FCN = 13.1834
MnSeedGenerator: Initial state:   - FCN =    13.1833588498 Edm =      4.12234 NCalls =     21
VariableMetric: start iterating until Edm is < 1e-05
VariableMetric: Initial state   - FCN =    13.1833588498 Edm =      4.12234 NCalls =     21
VariableMetric: Iteration #   1 - FCN =   9.351016431499 Edm =      0.34424 NCalls =     33
VariableMetric: Iteration #   2 - FCN =   8.855554098112 Edm =   0.00967901 NCalls =     45
VariableMetric: Iteration #   3 - FCN =   8.841968949677 Edm =  0.000152819 NCalls =     57
VariableMetric: Iteration #   4 - FCN =   8.841800696629 Edm =  5.05254e-09 NCalls =     69
VariableMetric: After Hessian   - FCN =   8.841800696629 Edm =  5.15108e-09 NCalls =    100
Number of iterations 6
----------> Iteration 0
            FVAL = 13.1833588498 Edm = 4.12233596534 Nfcn = 21
            Error matrix change = 1
            Parameters :  p0 = -0.0442142 p1 = 0 p2 = 0 p3 = 0 p4 = -0.64888
----------> Iteration 1
            FVAL = 9.3510164315 Edm = 0.344240335396 Nfcn = 33
            Error matrix change = 0.575683
            Parameters :  p0 = -0.76119 p1 = -0.43205 p2 = -0.400392 p3 = -0.508282 p4 = -1.25347
----------> Iteration 2
            FVAL = 8.85555409811 Edm = 0.0096790122991 Nfcn = 45
            Error matrix change = 0.377009
            Parameters :  p0 = -0.0748592 p1 = -0.0676743 p2 = -0.0596213 p3 = -0.0905097 p4 = -1.42655
----------> Iteration 3
            FVAL = 8.84196894968 Edm = 0.000152819088163 Nfcn = 57
            Error matrix change = 0.205096
            Parameters :  p0 = -0.0898398 p1 = -0.0953072 p2 = -0.088729 p3 = -0.110993 p4 = -1.47206
----------> Iteration 4
            FVAL = 8.84180069663 Edm = 5.05253629756e-09 Nfcn = 69
            Error matrix change = 0.124
            Parameters :  p0 = -0.0987393 p1 = -0.0863528 p2 = -0.0795646 p3 = -0.10318 p4 = -1.47445
----------> Iteration 5
            FVAL = 8.84180069663 Edm = 5.15108311884e-09 Nfcn = 100
            Error matrix change = 0
            Parameters :  p0 = -0.0987393 p1 = -0.0863528 p2 = -0.0795646 p3 = -0.10318 p4 = -1.47445
Minuit2Minimizer : Valid minimum - status = 0
FVAL  = 8.84180069662885693
Edm   = 5.15108311884241264e-09
Nfcn  = 100
jerUp_unc	  = -0.0987393	 +/-  0.994649	(limited)
jesUp_unc	  = -0.0863528	 +/-  0.9921	(limited)
lumi	  = -0.0795646	 +/-  0.992778	(limited)
pdf_unc	  = -0.10318	 +/-  0.990175	(limited)
xs_Bkg	  = -1.47445	 +/-  0.33949	(limited)
Reference signal fit
   0) jerUp_unc                      = -0.0987393
   1) jesUp_unc                      = -0.0863528
   2) lumi                           = -0.0795646
   3) pdf_unc                        =  -0.10318
   4) xs_Bkg                         =  -1.47445

Fitting of the signal-plus-background hypothesis done in 0.002455 s
      Evaluation of p-values done in  5.98605 s
	CLs = 0.183871 +/- 0.0251908
      Evaluation of p-values done in  5.89729 s
	CLs = 0.207547 +/- 0.0196675
      Evaluation of p-values done in  5.72734 s
	CLs = 0.208525 +/- 0.0161661
      Evaluation of p-values done in  6.05085 s
	CLs = 0.219449 +/- 0.0143604
      Evaluation of p-values done in  5.79122 s
	CLs = 0.227114 +/- 0.0131956
	CLs      = 0.227114 +/- 0.0131956
	CLb      = 0.2862 +/- 0.00639202
	CLsplusb = 0.065 +/- 0.0034864

Hybrid result saved as HypoTestResult_mh120_r29_1946119643 in higgsCombineTest.HybridNew.mH120.-439415863.root : higgsCombineTest.HybridNew.mH120.-439415863.root:/toys

 -- Hybrid New -- 
CLs = 0.227114 +/- 0.0131956
Total toys: 10000
Done in 0.00 min (cpu), 0.50 min (real)
