>>> including systematics
>>> using the Profile Likelihood test statistics modified for upper limits (Q_LHC)
>>> method used to compute upper limit is HybridNew
>>> Using OpenSSL to get a really random seed 
>>> Used OpenSSL to get a really random seed -542789104
Adding /uscms_data/d2/lpcljm/sapta/SUSYSearch/LimitSetting/CMSSW_7_1_5/src to include path
Adding /cvmfs/cms.cern.ch/slc6_amd64_gcc481/lcg/roofit/5.34.18-cms3//include to include path
Input workspace 'w': 

RooWorkspace(w) w contents

variables
---------
(jerUp_unc,jerUp_unc_In,jesUp_unc,jesUp_unc_In,lumi,lumi_In,n_obs_binbin1,pdf_unc,pdf_unc_In,r,xs_Bkg,xs_Bkg_In)

p.d.f.s
-------
SimpleGaussianConstraint::jerUp_unc_Pdf[ x=jerUp_unc mean=jerUp_unc_In sigma=1 ] = 1
SimpleGaussianConstraint::jesUp_unc_Pdf[ x=jesUp_unc mean=jesUp_unc_In sigma=1 ] = 1
SimpleGaussianConstraint::lumi_Pdf[ x=lumi mean=lumi_In sigma=1 ] = 1
RooProdPdf::modelObs_b[ pdf_binbin1_bonly ] = 1.16418e-07
RooProdPdf::modelObs_s[ pdf_binbin1 ] = 9.86712e-08
RooProdPdf::model_b[ modelObs_b * nuisancePdf ] = 1.16418e-07
RooProdPdf::model_s[ modelObs_s * nuisancePdf ] = 9.86712e-08
RooProdPdf::nuisancePdf[ lumi_Pdf * jesUp_unc_Pdf * pdf_unc_Pdf * xs_Bkg_Pdf * jerUp_unc_Pdf ] = 1
RooPoisson::pdf_binbin1[ x=n_obs_binbin1 mean=n_exp_binbin1 ] = 9.86712e-08
RooPoisson::pdf_binbin1_bonly[ x=n_obs_binbin1 mean=n_exp_binbin1_bonly ] = 1.16418e-07
SimpleGaussianConstraint::pdf_unc_Pdf[ x=pdf_unc mean=pdf_unc_In sigma=1 ] = 1
SimpleGaussianConstraint::xs_Bkg_Pdf[ x=xs_Bkg mean=xs_Bkg_In sigma=1 ] = 1

functions
--------
RooAddition::n_exp_binbin1[ n_exp_binbin1_proc_BH + n_exp_binbin1_proc_Background ] = 818.847
RooAddition::n_exp_binbin1_bonly[ n_exp_binbin1_proc_Background ] = 817.847
ProcessNormalization::n_exp_binbin1_proc_BH[ thetaList=(lumi,jesUp_unc,pdf_unc) asymmThetaList=() otherFactorList=(r) ] = 1
ProcessNormalization::n_exp_binbin1_proc_Background[ thetaList=(xs_Bkg,jerUp_unc) asymmThetaList=() otherFactorList=() ] = 817.847

datasets
--------
RooDataSet::data_obs(n_obs_binbin1)

named sets
----------
ModelConfig_GlobalObservables:(lumi_In,jesUp_unc_In,pdf_unc_In,xs_Bkg_In,jerUp_unc_In)
ModelConfig_NuisParams:(lumi,jesUp_unc,pdf_unc,xs_Bkg,jerUp_unc)
ModelConfig_Observables:(n_obs_binbin1)
ModelConfig_POI:(r)
ModelConfig_bonly_GlobalObservables:(lumi_In,jesUp_unc_In,pdf_unc_In,xs_Bkg_In,jerUp_unc_In)
ModelConfig_bonly_NuisParams:(lumi,jesUp_unc,pdf_unc,xs_Bkg,jerUp_unc)
ModelConfig_bonly_Observables:(n_obs_binbin1)
ModelConfig_bonly_POI:(r)
POI:(r)
globalObservables:(lumi_In,jesUp_unc_In,pdf_unc_In,xs_Bkg_In,jerUp_unc_In)
nuisances:(lumi,jesUp_unc,pdf_unc,xs_Bkg,jerUp_unc)
observables:(n_obs_binbin1)

generic objects
---------------
RooStats::ModelConfig::ModelConfig
RooStats::ModelConfig::ModelConfig_bonly
RooArgSet::discreteParams

Workspace has a ModelConfig for signal called 'ModelConfig', with contents:

=== Using the following for ModelConfig ===
Observables:             RooArgSet:: = (n_obs_binbin1)
Parameters of Interest:  RooArgSet:: = (r)
Nuisance Parameters:     RooArgSet:: = (lumi,jesUp_unc,pdf_unc,xs_Bkg,jerUp_unc)
Global Observables:      RooArgSet:: = (lumi_In,jesUp_unc_In,pdf_unc_In,xs_Bkg_In,jerUp_unc_In)
PDF:                     RooProdPdf::model_s[ modelObs_s * nuisancePdf ] = 9.86712e-08

Input ModelConfig 'ModelConfig': 

=== Using the following for ModelConfig ===
Observables:             RooArgSet:: = (n_obs_binbin1)
Parameters of Interest:  RooArgSet:: = (r)
Nuisance Parameters:     RooArgSet:: = (lumi,jesUp_unc,pdf_unc,xs_Bkg,jerUp_unc)
Global Observables:      RooArgSet:: = (lumi_In,jesUp_unc_In,pdf_unc_In,xs_Bkg_In,jerUp_unc_In)
PDF:                     RooProdPdf::model_s[ modelObs_s * nuisancePdf ] = 9.86712e-08

[#1] INFO:ObjectHandling -- RooWorkspace::import(w) importing RooUniform::prior
Computing limit starting from observation
  1) RooRealVar:: n_obs_binbin1 = 683
Set default minimizer to Minuit2
  r = 320 +/- 0
[#1] INFO:Minization --  Including the following contraint terms in minimization: (nuisancePdf)
[#1] INFO:Fitting -- RooAddition::defaultErrorLevel(nll_model_s_data_obs_with_constr) Summation contains a RooNLLVar, using its error level
Minuit2Minimizer: Minimize with max-calls 2500 convergence for edm < 0.01 strategy 1
MnSeedGenerator: for initial parameters FCN = 20.5608
MnSeedGenerator: Initial state:   - FCN =   20.56077516437 Edm =      17.1948 NCalls =     21
VariableMetric: start iterating until Edm is < 1e-05
VariableMetric: Initial state   - FCN =   20.56077516437 Edm =      17.1948 NCalls =     21
VariableMetric: Iteration #   1 - FCN =   10.03252748296 Edm =     0.284652 NCalls =     33
VariableMetric: Iteration #   2 - FCN =   8.919300210348 Edm =   0.00540495 NCalls =     45
VariableMetric: Iteration #   3 - FCN =   8.913049139787 Edm =  1.70749e-05 NCalls =     57
VariableMetric: Iteration #   4 - FCN =   8.913031774316 Edm =  4.54224e-09 NCalls =     68
VariableMetric: After Hessian   - FCN =   8.913031774316 Edm =  4.61561e-09 NCalls =     99
Number of iterations 6
----------> Iteration 0
            FVAL = 20.5607751644 Edm = 17.1948432985 Nfcn = 21
            Error matrix change = 1
            Parameters :  p0 = 0 p1 = 0 p2 = 0 p3 = 0 p4 = 0
----------> Iteration 1
            FVAL = 10.032527483 Edm = 0.28465176146 Nfcn = 33
            Error matrix change = 0.519253
            Parameters :  p0 = -1.47286 p1 = 0 p2 = 0 p3 = 0 p4 = -0.303005
----------> Iteration 2
            FVAL = 8.91930021035 Edm = 0.00540494699523 Nfcn = 45
            Error matrix change = 0.355486
            Parameters :  p0 = 0.0082431 p1 = 0 p2 = 0 p3 = 0 p4 = -0.51275
----------> Iteration 3
            FVAL = 8.91304913979 Edm = 1.7074864858e-05 Nfcn = 57
            Error matrix change = 0.181713
            Parameters :  p0 = -0.0636564 p1 = 0 p2 = 0 p3 = 0 p4 = -0.514065
----------> Iteration 4
            FVAL = 8.91303177432 Edm = 4.54223922168e-09 Nfcn = 68
            Error matrix change = 0.0921713
            Parameters :  p0 = -0.0592909 p1 = 0 p2 = 0 p3 = 0 p4 = -0.514982
----------> Iteration 5
            FVAL = 8.91303177432 Edm = 4.61560836509e-09 Nfcn = 99
            Error matrix change = 0
            Parameters :  p0 = -0.0592909 p1 = 0 p2 = 0 p3 = 0 p4 = -0.514982
Minuit2Minimizer : Valid minimum - status = 0
FVAL  = 8.91303177431587201
Edm   = 4.6156083650870802e-09
Nfcn  = 99
jerUp_unc	  = -0.0592909	 +/-  0.990274	(limited)
jesUp_unc	  = 0	 +/-  0.996602	(limited)
lumi	  = 0	 +/-  0.996602	(limited)
pdf_unc	  = 0	 +/-  0.996602	(limited)
xs_Bkg	  = -0.514982	 +/-  0.158535	(limited)
Zero signal fit
   0) jerUp_unc                      = -0.0592909
   1) jesUp_unc                      =         0
   2) lumi                           =         0
   3) pdf_unc                        =         0
   4) xs_Bkg                         = -0.514982

Fitting of the background hypothesis done in 0.294397 s
[#1] INFO:Fitting -- RooAddition::defaultErrorLevel(nll_model_s_data_obs_with_constr) Summation contains a RooNLLVar, using its error level
Minuit2Minimizer: Minimize with max-calls 2500 convergence for edm < 0.01 strategy 1
MnSeedGenerator: for initial parameters FCN = 66.9476
MnSeedGenerator: Initial state:   - FCN =   66.94761402306 Edm =      90.7397 NCalls =     21
VariableMetric: start iterating until Edm is < 1e-05
VariableMetric: Initial state   - FCN =   66.94761402306 Edm =      90.7397 NCalls =     21
VariableMetric: Iteration #   1 - FCN =   20.54546593006 Edm =      2.57992 NCalls =     33
VariableMetric: Iteration #   2 - FCN =   13.61185756812 Edm =      1.23275 NCalls =     46
VariableMetric: Iteration #   3 - FCN =   11.44462390316 Edm =    0.0772766 NCalls =     58
VariableMetric: Iteration #   4 - FCN =   11.35534218249 Edm =    0.0030318 NCalls =     70
VariableMetric: Iteration #   5 - FCN =   11.34966619938 Edm =  7.58212e-05 NCalls =     82
VariableMetric: Iteration #   6 - FCN =   11.34958142641 Edm =  9.97924e-07 NCalls =     94
VariableMetric: After Hessian   - FCN =   11.34958142641 Edm =  1.40225e-06 NCalls =    125
Number of iterations 8
----------> Iteration 0
            FVAL = 66.9476140231 Edm = 90.7397422622 Nfcn = 21
            Error matrix change = 1
            Parameters :  p0 = -0.0592909 p1 = 0 p2 = 0 p3 = 0 p4 = -0.514982
----------> Iteration 1
            FVAL = 20.5454659301 Edm = 2.57991645231 Nfcn = 33
            Error matrix change = 0.617858
            Parameters :  p0 = -2.62633 p1 = -1.98096 p2 = -1.91115 p3 = -2.10161 p4 = -1.16661
----------> Iteration 2
            FVAL = 13.6118575681 Edm = 1.23274634778 Nfcn = 46
            Error matrix change = 0.510991
            Parameters :  p0 = -1.33506 p1 = -0.102344 p2 = 0.0780236 p3 = -0.566563 p4 = -1.72228
----------> Iteration 3
            FVAL = 11.4446239032 Edm = 0.0772765514924 Nfcn = 58
            Error matrix change = 0.31937
            Parameters :  p0 = -0.40296 p1 = -0.428354 p2 = -0.399294 p3 = -0.578117 p4 = -2.06504
----------> Iteration 4
            FVAL = 11.3553421825 Edm = 0.00303180084745 Nfcn = 70
            Error matrix change = 0.206173
            Parameters :  p0 = -0.181305 p1 = -0.256715 p2 = -0.239054 p3 = -0.336823 p4 = -2.15344
----------> Iteration 5
            FVAL = 11.3496661994 Edm = 7.58211510138e-05 Nfcn = 82
            Error matrix change = 0.188233
            Parameters :  p0 = -0.242838 p1 = -0.254201 p2 = -0.233532 p3 = -0.294461 p4 = -2.16726
----------> Iteration 6
            FVAL = 11.3495814264 Edm = 9.97923830229e-07 Nfcn = 94
            Error matrix change = 0.135481
            Parameters :  p0 = -0.249158 p1 = -0.247318 p2 = -0.227371 p3 = -0.293124 p4 = -2.16687
----------> Iteration 7
            FVAL = 11.3495814264 Edm = 1.40224785344e-06 Nfcn = 125
            Error matrix change = 0
            Parameters :  p0 = -0.249158 p1 = -0.247318 p2 = -0.227371 p3 = -0.293124 p4 = -2.16687
Minuit2Minimizer : Valid minimum - status = 0
FVAL  = 11.3495814264143888
Edm   = 1.40224785344392991e-06
Nfcn  = 125
jerUp_unc	  = -0.249158	 +/-  0.990645	(limited)
jesUp_unc	  = -0.247318	 +/-  0.981776	(limited)
lumi	  = -0.227371	 +/-  0.984018	(limited)
pdf_unc	  = -0.293124	 +/-  0.975379	(limited)
xs_Bkg	  = -2.16687	 +/-  0.287235	(limited)
Reference signal fit
   0) jerUp_unc                      = -0.249158
   1) jesUp_unc                      = -0.247318
   2) lumi                           = -0.227371
   3) pdf_unc                        = -0.293124
   4) xs_Bkg                         =  -2.16687

Fitting of the signal-plus-background hypothesis done in 0.00273514 s
      Evaluation of p-values done in  7.12253 s
	CLs = 0.0334448 +/- 0.010647
      Evaluation of p-values done in  7.51509 s
	CLs = 0.0405405 +/- 0.00834346
      Evaluation of p-values done in  7.02427 s
	CLs = 0.0404494 +/- 0.00679679
      Evaluation of p-values done in  6.96782 s
	CLs = 0.0375313 +/- 0.00563672
      Evaluation of p-values done in  7.24667 s
	CLs = 0.0392287 +/- 0.0051469
	CLs      = 0.0392287 +/- 0.0051469
	CLb      = 0.3008 +/- 0.00648567
	CLsplusb = 0.0118 +/- 0.00152714

Hybrid result saved as HypoTestResult_mh120_r320_529740634 in higgsCombineTest.HybridNew.mH120.-542789104.root : higgsCombineTest.HybridNew.mH120.-542789104.root:/toys

 -- Hybrid New -- 
CLs = 0.0392287 +/- 0.0051469
Total toys: 10000
Done in 0.00 min (cpu), 0.60 min (real)
