>>> including systematics
>>> using the Profile Likelihood test statistics modified for upper limits (Q_LHC)
>>> method used to compute upper limit is HybridNew
>>> Using OpenSSL to get a really random seed 
>>> Used OpenSSL to get a really random seed -50024075
Adding /uscms_data/d2/lpcljm/sapta/SUSYSearch/LimitSetting/CMSSW_7_1_5/src to include path
Adding /cvmfs/cms.cern.ch/slc6_amd64_gcc481/lcg/roofit/5.34.18-cms3//include to include path
Input workspace 'w': 

RooWorkspace(w) w contents

variables
---------
(jerUp_unc,jerUp_unc_In,jesUp_unc,jesUp_unc_In,lumi,lumi_In,n_obs_binbin1,pdf_unc,pdf_unc_In,r,xs_Bkg,xs_Bkg_In)

p.d.f.s
-------
SimpleGaussianConstraint::jerUp_unc_Pdf[ x=jerUp_unc mean=jerUp_unc_In sigma=1 ] = 1
SimpleGaussianConstraint::jesUp_unc_Pdf[ x=jesUp_unc mean=jesUp_unc_In sigma=1 ] = 1
SimpleGaussianConstraint::lumi_Pdf[ x=lumi mean=lumi_In sigma=1 ] = 1
RooProdPdf::modelObs_b[ pdf_binbin1_bonly ] = 0.00629369
RooProdPdf::modelObs_s[ pdf_binbin1 ] = 0.00440286
RooProdPdf::model_b[ modelObs_b * nuisancePdf ] = 0.00629369
RooProdPdf::model_s[ modelObs_s * nuisancePdf ] = 0.00440286
RooProdPdf::nuisancePdf[ lumi_Pdf * jesUp_unc_Pdf * pdf_unc_Pdf * xs_Bkg_Pdf * jerUp_unc_Pdf ] = 1
RooPoisson::pdf_binbin1[ x=n_obs_binbin1 mean=n_exp_binbin1 ] = 0.00440286
RooPoisson::pdf_binbin1_bonly[ x=n_obs_binbin1 mean=n_exp_binbin1_bonly ] = 0.00629369
SimpleGaussianConstraint::pdf_unc_Pdf[ x=pdf_unc mean=pdf_unc_In sigma=1 ] = 1
SimpleGaussianConstraint::xs_Bkg_Pdf[ x=xs_Bkg mean=xs_Bkg_In sigma=1 ] = 1

functions
--------
RooAddition::n_exp_binbin1[ n_exp_binbin1_proc_BH + n_exp_binbin1_proc_Background ] = 37.8443
RooAddition::n_exp_binbin1_bonly[ n_exp_binbin1_proc_Background ] = 36.8443
ProcessNormalization::n_exp_binbin1_proc_BH[ thetaList=(lumi,jesUp_unc,pdf_unc) asymmThetaList=() otherFactorList=(r) ] = 1
ProcessNormalization::n_exp_binbin1_proc_Background[ thetaList=(xs_Bkg,jerUp_unc) asymmThetaList=() otherFactorList=() ] = 36.8443

datasets
--------
RooDataSet::data_obs(n_obs_binbin1)

named sets
----------
ModelConfig_GlobalObservables:(lumi_In,jesUp_unc_In,pdf_unc_In,xs_Bkg_In,jerUp_unc_In)
ModelConfig_NuisParams:(lumi,jesUp_unc,pdf_unc,xs_Bkg,jerUp_unc)
ModelConfig_Observables:(n_obs_binbin1)
ModelConfig_POI:(r)
ModelConfig_bonly_GlobalObservables:(lumi_In,jesUp_unc_In,pdf_unc_In,xs_Bkg_In,jerUp_unc_In)
ModelConfig_bonly_NuisParams:(lumi,jesUp_unc,pdf_unc,xs_Bkg,jerUp_unc)
ModelConfig_bonly_Observables:(n_obs_binbin1)
ModelConfig_bonly_POI:(r)
POI:(r)
globalObservables:(lumi_In,jesUp_unc_In,pdf_unc_In,xs_Bkg_In,jerUp_unc_In)
nuisances:(lumi,jesUp_unc,pdf_unc,xs_Bkg,jerUp_unc)
observables:(n_obs_binbin1)

generic objects
---------------
RooStats::ModelConfig::ModelConfig
RooStats::ModelConfig::ModelConfig_bonly
RooArgSet::discreteParams

Workspace has a ModelConfig for signal called 'ModelConfig', with contents:

=== Using the following for ModelConfig ===
Observables:             RooArgSet:: = (n_obs_binbin1)
Parameters of Interest:  RooArgSet:: = (r)
Nuisance Parameters:     RooArgSet:: = (lumi,jesUp_unc,pdf_unc,xs_Bkg,jerUp_unc)
Global Observables:      RooArgSet:: = (lumi_In,jesUp_unc_In,pdf_unc_In,xs_Bkg_In,jerUp_unc_In)
PDF:                     RooProdPdf::model_s[ modelObs_s * nuisancePdf ] = 0.00440286

Input ModelConfig 'ModelConfig': 

=== Using the following for ModelConfig ===
Observables:             RooArgSet:: = (n_obs_binbin1)
Parameters of Interest:  RooArgSet:: = (r)
Nuisance Parameters:     RooArgSet:: = (lumi,jesUp_unc,pdf_unc,xs_Bkg,jerUp_unc)
Global Observables:      RooArgSet:: = (lumi_In,jesUp_unc_In,pdf_unc_In,xs_Bkg_In,jerUp_unc_In)
PDF:                     RooProdPdf::model_s[ modelObs_s * nuisancePdf ] = 0.00440286

[#1] INFO:ObjectHandling -- RooWorkspace::import(w) importing RooUniform::prior
Computing limit starting from observation
  1) RooRealVar:: n_obs_binbin1 = 24
Set default minimizer to Minuit2
  r = 33 +/- 0
[#1] INFO:Minization --  Including the following contraint terms in minimization: (nuisancePdf)
[#1] INFO:Fitting -- RooAddition::defaultErrorLevel(nll_model_s_data_obs_with_constr) Summation contains a RooNLLVar, using its error level
Minuit2Minimizer: Minimize with max-calls 2500 convergence for edm < 0.01 strategy 1
MnSeedGenerator: for initial parameters FCN = 9.6629
MnSeedGenerator: Initial state:   - FCN =   9.662899851373 Edm =      2.24435 NCalls =     21
VariableMetric: start iterating until Edm is < 1e-05
VariableMetric: Initial state   - FCN =   9.662899851373 Edm =      2.24435 NCalls =     21
VariableMetric: Iteration #   1 - FCN =   7.405896184976 Edm =    0.0974038 NCalls =     32
VariableMetric: Iteration #   2 - FCN =   7.274584171732 Edm =  0.000175268 NCalls =     44
VariableMetric: Iteration #   3 - FCN =   7.274374143449 Edm =  1.38959e-08 NCalls =     56
VariableMetric: After Hessian   - FCN =   7.274374143449 Edm =  1.39546e-08 NCalls =     87
Number of iterations 5
----------> Iteration 0
            FVAL = 9.66289985137 Edm = 2.24435368868 Nfcn = 21
            Error matrix change = 1
            Parameters :  p0 = 0 p1 = 0 p2 = 0 p3 = 0 p4 = 0
----------> Iteration 1
            FVAL = 7.40589618498 Edm = 0.0974037898079 Nfcn = 32
            Error matrix change = 0.516654
            Parameters :  p0 = -0.476374 p1 = 0 p2 = 0 p3 = 0 p4 = -0.465907
----------> Iteration 2
            FVAL = 7.27458417173 Edm = 0.000175267567322 Nfcn = 44
            Error matrix change = 0.275918
            Parameters :  p0 = -0.0217281 p1 = 0 p2 = 0 p3 = 0 p4 = -0.552588
----------> Iteration 3
            FVAL = 7.27437414345 Edm = 1.38958890606e-08 Nfcn = 56
            Error matrix change = 0.144131
            Parameters :  p0 = -0.0309434 p1 = 0 p2 = 0 p3 = 0 p4 = -0.557095
----------> Iteration 4
            FVAL = 7.27437414345 Edm = 1.39546481614e-08 Nfcn = 87
            Error matrix change = 0
            Parameters :  p0 = -0.0309434 p1 = 0 p2 = 0 p3 = 0 p4 = -0.557095
Minuit2Minimizer : Valid minimum - status = 0
FVAL  = 7.27437414344867506
Edm   = 1.39546481614359021e-08
Nfcn  = 87
jerUp_unc	  = -0.0309434	 +/-  0.995213	(limited)
jesUp_unc	  = 0	 +/-  0.996602	(limited)
lumi	  = 0	 +/-  0.996602	(limited)
pdf_unc	  = 0	 +/-  0.996602	(limited)
xs_Bkg	  = -0.557095	 +/-  0.277106	(limited)
Zero signal fit
   0) jerUp_unc                      = -0.0309434
   1) jesUp_unc                      =         0
   2) lumi                           =         0
   3) pdf_unc                        =         0
   4) xs_Bkg                         = -0.557095

Fitting of the background hypothesis done in 0.295375 s
[#1] INFO:Fitting -- RooAddition::defaultErrorLevel(nll_model_s_data_obs_with_constr) Summation contains a RooNLLVar, using its error level
Minuit2Minimizer: Minimize with max-calls 2500 convergence for edm < 0.01 strategy 1
MnSeedGenerator: for initial parameters FCN = 19.959
MnSeedGenerator: Initial state:   - FCN =   19.95899828083 Edm =      5.94062 NCalls =     21
VariableMetric: start iterating until Edm is < 1e-05
VariableMetric: Initial state   - FCN =   19.95899828083 Edm =      5.94062 NCalls =     21
VariableMetric: Iteration #   1 - FCN =   13.91973346287 Edm =     0.427258 NCalls =     34
VariableMetric: Iteration #   2 - FCN =   13.02507458373 Edm =    0.0335269 NCalls =     46
VariableMetric: Iteration #   3 - FCN =   12.96561504964 Edm =  0.000186251 NCalls =     58
VariableMetric: Iteration #   4 - FCN =   12.96538075527 Edm =  1.72002e-07 NCalls =     70
VariableMetric: After Hessian   - FCN =   12.96538075527 Edm =   1.7289e-07 NCalls =    101
Number of iterations 6
----------> Iteration 0
            FVAL = 19.9589982808 Edm = 5.94062089534 Nfcn = 21
            Error matrix change = 1
            Parameters :  p0 = -0.0309434 p1 = 0 p2 = 0 p3 = 0 p4 = -0.557095
----------> Iteration 1
            FVAL = 13.9197334629 Edm = 0.42725832546 Nfcn = 34
            Error matrix change = 0.565145
            Parameters :  p0 = -0.552437 p1 = -0.881927 p2 = -0.820709 p3 = -1.02575 p4 = -1.46469
----------> Iteration 2
            FVAL = 13.0250745837 Edm = 0.0335268859637 Nfcn = 46
            Error matrix change = 0.329049
            Parameters :  p0 = -0.00180795 p1 = -0.489293 p2 = -0.441042 p3 = -0.617598 p4 = -1.97425
----------> Iteration 3
            FVAL = 12.9656150496 Edm = 0.000186250851665 Nfcn = 58
            Error matrix change = 0.201877
            Parameters :  p0 = -0.1211 p1 = -0.557392 p2 = -0.517307 p3 = -0.655825 p4 = -2.12437
----------> Iteration 4
            FVAL = 12.9653807553 Edm = 1.72002214852e-07 Nfcn = 70
            Error matrix change = 0.12054
            Parameters :  p0 = -0.118547 p1 = -0.550147 p2 = -0.506965 p3 = -0.657029 p4 = -2.13484
----------> Iteration 5
            FVAL = 12.9653807553 Edm = 1.72889795131e-07 Nfcn = 101
            Error matrix change = 0
            Parameters :  p0 = -0.118547 p1 = -0.550147 p2 = -0.506965 p3 = -0.657029 p4 = -2.13484
Minuit2Minimizer : Valid minimum - status = 0
FVAL  = 12.9653807552678497
Edm   = 1.72889795130622015e-07
Nfcn  = 101
jerUp_unc	  = -0.118547	 +/-  0.995598	(limited)
jesUp_unc	  = -0.550147	 +/-  0.97281	(limited)
lumi	  = -0.506965	 +/-  0.976424	(limited)
pdf_unc	  = -0.657029	 +/-  0.962485	(limited)
xs_Bkg	  = -2.13484	 +/-  0.577922	(limited)
Reference signal fit
   0) jerUp_unc                      = -0.118547
   1) jesUp_unc                      = -0.550147
   2) lumi                           = -0.506965
   3) pdf_unc                        = -0.657029
   4) xs_Bkg                         =  -2.13484

Fitting of the signal-plus-background hypothesis done in 0.00243807 s
      Evaluation of p-values done in  6.66356 s
	CLs = 0 +/- 0
      Evaluation of p-values done in  6.67178 s
	CLs = 0 +/- 0
      Evaluation of p-values done in  6.16782 s
	CLs = 0.000917431 +/- 0.000917546
      Evaluation of p-values done in  6.16324 s
	CLs = 0.000705716 +/- 0.000705789
      Evaluation of p-values done in  6.18319 s
	CLs = 0.000562114 +/- 0.000562159
	CLs      = 0.000562114 +/- 0.000562159
	CLb      = 0.3558 +/- 0.00677062
	CLsplusb = 0.0002 +/- 0.00019998

Hybrid result saved as HypoTestResult_mh120_r33_3893327523 in higgsCombineTest.HybridNew.mH120.-50024075.root : higgsCombineTest.HybridNew.mH120.-50024075.root:/toys

 -- Hybrid New -- 
CLs = 0.000562114 +/- 0.000562159
Total toys: 10000
Done in 0.00 min (cpu), 0.54 min (real)
