>>> including systematics
>>> using the Profile Likelihood test statistics modified for upper limits (Q_LHC)
>>> method used to compute upper limit is HybridNew
>>> Using OpenSSL to get a really random seed 
>>> Used OpenSSL to get a really random seed 467829504
Adding /uscms_data/d2/lpcljm/sapta/SUSYSearch/LimitSetting/CMSSW_7_1_5/src to include path
Adding /cvmfs/cms.cern.ch/slc6_amd64_gcc481/lcg/roofit/5.34.18-cms3//include to include path
Input workspace 'w': 

RooWorkspace(w) w contents

variables
---------
(jerUp_unc,jerUp_unc_In,jesUp_unc,jesUp_unc_In,lumi,lumi_In,n_obs_binbin1,pdf_unc,pdf_unc_In,r,xs_Bkg,xs_Bkg_In)

p.d.f.s
-------
SimpleGaussianConstraint::jerUp_unc_Pdf[ x=jerUp_unc mean=jerUp_unc_In sigma=1 ] = 1
SimpleGaussianConstraint::jesUp_unc_Pdf[ x=jesUp_unc mean=jesUp_unc_In sigma=1 ] = 1
SimpleGaussianConstraint::lumi_Pdf[ x=lumi mean=lumi_In sigma=1 ] = 1
RooProdPdf::modelObs_b[ pdf_binbin1_bonly ] = 3.4533e-14
RooProdPdf::modelObs_s[ pdf_binbin1 ] = 3.18789e-14
RooProdPdf::model_b[ modelObs_b * nuisancePdf ] = 3.4533e-14
RooProdPdf::model_s[ modelObs_s * nuisancePdf ] = 3.18789e-14
RooProdPdf::nuisancePdf[ lumi_Pdf * jesUp_unc_Pdf * pdf_unc_Pdf * xs_Bkg_Pdf * jerUp_unc_Pdf ] = 1
RooPoisson::pdf_binbin1[ x=n_obs_binbin1 mean=n_exp_binbin1 ] = 3.18789e-14
RooPoisson::pdf_binbin1_bonly[ x=n_obs_binbin1 mean=n_exp_binbin1_bonly ] = 3.4533e-14
SimpleGaussianConstraint::pdf_unc_Pdf[ x=pdf_unc mean=pdf_unc_In sigma=1 ] = 1
SimpleGaussianConstraint::xs_Bkg_Pdf[ x=xs_Bkg mean=xs_Bkg_In sigma=1 ] = 1

functions
--------
RooAddition::n_exp_binbin1[ n_exp_binbin1_proc_BH + n_exp_binbin1_proc_Background ] = 7813.31
RooAddition::n_exp_binbin1_bonly[ n_exp_binbin1_proc_Background ] = 7812.31
ProcessNormalization::n_exp_binbin1_proc_BH[ thetaList=(lumi,jesUp_unc,pdf_unc) asymmThetaList=() otherFactorList=(r) ] = 1
ProcessNormalization::n_exp_binbin1_proc_Background[ thetaList=(xs_Bkg,jerUp_unc) asymmThetaList=() otherFactorList=() ] = 7812.31

datasets
--------
RooDataSet::data_obs(n_obs_binbin1)

named sets
----------
ModelConfig_GlobalObservables:(lumi_In,jesUp_unc_In,pdf_unc_In,xs_Bkg_In,jerUp_unc_In)
ModelConfig_NuisParams:(lumi,jesUp_unc,pdf_unc,xs_Bkg,jerUp_unc)
ModelConfig_Observables:(n_obs_binbin1)
ModelConfig_POI:(r)
ModelConfig_bonly_GlobalObservables:(lumi_In,jesUp_unc_In,pdf_unc_In,xs_Bkg_In,jerUp_unc_In)
ModelConfig_bonly_NuisParams:(lumi,jesUp_unc,pdf_unc,xs_Bkg,jerUp_unc)
ModelConfig_bonly_Observables:(n_obs_binbin1)
ModelConfig_bonly_POI:(r)
POI:(r)
globalObservables:(lumi_In,jesUp_unc_In,pdf_unc_In,xs_Bkg_In,jerUp_unc_In)
nuisances:(lumi,jesUp_unc,pdf_unc,xs_Bkg,jerUp_unc)
observables:(n_obs_binbin1)

generic objects
---------------
RooStats::ModelConfig::ModelConfig
RooStats::ModelConfig::ModelConfig_bonly
RooArgSet::discreteParams

Workspace has a ModelConfig for signal called 'ModelConfig', with contents:

=== Using the following for ModelConfig ===
Observables:             RooArgSet:: = (n_obs_binbin1)
Parameters of Interest:  RooArgSet:: = (r)
Nuisance Parameters:     RooArgSet:: = (lumi,jesUp_unc,pdf_unc,xs_Bkg,jerUp_unc)
Global Observables:      RooArgSet:: = (lumi_In,jesUp_unc_In,pdf_unc_In,xs_Bkg_In,jerUp_unc_In)
PDF:                     RooProdPdf::model_s[ modelObs_s * nuisancePdf ] = 3.18789e-14

Input ModelConfig 'ModelConfig': 

=== Using the following for ModelConfig ===
Observables:             RooArgSet:: = (n_obs_binbin1)
Parameters of Interest:  RooArgSet:: = (r)
Nuisance Parameters:     RooArgSet:: = (lumi,jesUp_unc,pdf_unc,xs_Bkg,jerUp_unc)
Global Observables:      RooArgSet:: = (lumi_In,jesUp_unc_In,pdf_unc_In,xs_Bkg_In,jerUp_unc_In)
PDF:                     RooProdPdf::model_s[ modelObs_s * nuisancePdf ] = 3.18789e-14

[#1] INFO:ObjectHandling -- RooWorkspace::import(w) importing RooUniform::prior
Computing limit starting from observation
  1) RooRealVar:: n_obs_binbin1 = 7188
Set default minimizer to Minuit2
  r = 3400 +/- 0
[#1] INFO:Minization --  Including the following contraint terms in minimization: (nuisancePdf)
[#1] INFO:Fitting -- RooAddition::defaultErrorLevel(nll_model_s_data_obs_with_constr) Summation contains a RooNLLVar, using its error level
Minuit2Minimizer: Minimize with max-calls 2500 convergence for edm < 0.01 strategy 1
MnSeedGenerator: for initial parameters FCN = 35.5916
MnSeedGenerator: Initial state:   - FCN =   35.59155353931 Edm =      47.8304 NCalls =     21
VariableMetric: start iterating until Edm is < 1e-05
VariableMetric: Initial state   - FCN =   35.59155353931 Edm =      47.8304 NCalls =     21
VariableMetric: Iteration #   1 - FCN =   10.50925263869 Edm =    0.0251758 NCalls =     33
VariableMetric: Iteration #   2 - FCN =   10.41596765435 Edm =    0.0565304 NCalls =     45
VariableMetric: Iteration #   3 - FCN =   10.10007077445 Edm =  2.87964e-05 NCalls =     58
VariableMetric: Iteration #   4 - FCN =   10.10003771344 Edm =  2.95681e-08 NCalls =     69
VariableMetric: After Hessian   - FCN =   10.10003771344 Edm =  2.87101e-08 NCalls =    100
Number of iterations 6
----------> Iteration 0
            FVAL = 35.5915535393 Edm = 47.8304216396 Nfcn = 21
            Error matrix change = 1
            Parameters :  p0 = 0 p1 = 0 p2 = 0 p3 = 0 p4 = 0
----------> Iteration 1
            FVAL = 10.5092526387 Edm = 0.0251757721412 Nfcn = 33
            Error matrix change = 0.504063
            Parameters :  p0 = -1.01183 p1 = 0 p2 = 0 p3 = 0 p4 = -0.288888
----------> Iteration 2
            FVAL = 10.4159676543 Edm = 0.0565304103474 Nfcn = 45
            Error matrix change = 0.30872
            Parameters :  p0 = -0.795117 p1 = 0 p2 = 0 p3 = 0 p4 = -0.316233
----------> Iteration 3
            FVAL = 10.1000707745 Edm = 2.8796441517e-05 Nfcn = 58
            Error matrix change = 0.248102
            Parameters :  p0 = -0.144362 p1 = 0 p2 = 0 p3 = 0 p4 = -0.520088
----------> Iteration 4
            FVAL = 10.1000377134 Edm = 2.95681004862e-08 Nfcn = 69
            Error matrix change = 0.125161
            Parameters :  p0 = -0.137666 p1 = 0 p2 = 0 p3 = 0 p4 = -0.521475
----------> Iteration 5
            FVAL = 10.1000377134 Edm = 2.87100953834e-08 Nfcn = 100
            Error matrix change = 0
            Parameters :  p0 = -0.137666 p1 = 0 p2 = 0 p3 = 0 p4 = -0.521475
Minuit2Minimizer : Valid minimum - status = 0
FVAL  = 10.1000377134357144
Edm   = 2.8710095383379719e-08
Nfcn  = 100
jerUp_unc	  = -0.137666	 +/-  0.964276	(limited)
jesUp_unc	  = 0	 +/-  0.996602	(limited)
lumi	  = 0	 +/-  0.996602	(limited)
pdf_unc	  = 0	 +/-  0.996602	(limited)
xs_Bkg	  = -0.521475	 +/-  0.266029	(limited)
Zero signal fit
   0) jerUp_unc                      = -0.137666
   1) jesUp_unc                      =         0
   2) lumi                           =         0
   3) pdf_unc                        =         0
   4) xs_Bkg                         = -0.521475

Fitting of the background hypothesis done in 0.302176 s
[#1] INFO:Fitting -- RooAddition::defaultErrorLevel(nll_model_s_data_obs_with_constr) Summation contains a RooNLLVar, using its error level
Minuit2Minimizer: Minimize with max-calls 2500 convergence for edm < 0.01 strategy 1
MnSeedGenerator: for initial parameters FCN = 627.261
MnSeedGenerator: Initial state:   - FCN =   627.2610449854 Edm =      1671.27 NCalls =     21
VariableMetric: start iterating until Edm is < 1e-05
VariableMetric: Initial state   - FCN =   627.2610449854 Edm =      1671.27 NCalls =     21
VariableMetric: Iteration #   1 - FCN =    78.7494532654 Edm =      49.8375 NCalls =     41
VariableMetric: Iteration #   2 - FCN =   40.49002665256 Edm =      1.52737 NCalls =     62
VariableMetric: Iteration #   3 - FCN =   29.36468536051 Edm =      2.39311 NCalls =     82
VariableMetric: Iteration #   4 - FCN =   25.01020079422 Edm =     0.862431 NCalls =     96
VariableMetric: Iteration #   5 - FCN =   24.26737315337 Edm =      0.54694 NCalls =    108
VariableMetric: Iteration #   6 - FCN =   19.55394040111 Edm =     0.074845 NCalls =    121
VariableMetric: Iteration #   7 - FCN =   19.24958737938 Edm =     0.100851 NCalls =    133
VariableMetric: Iteration #   8 - FCN =   19.06897817349 Edm =    0.0105874 NCalls =    145
VariableMetric: Iteration #   9 - FCN =   19.05953995935 Edm =    0.0031013 NCalls =    157
VariableMetric: Iteration #  10 - FCN =    19.0511683755 Edm =  0.000385782 NCalls =    169
VariableMetric: Iteration #  11 - FCN =    19.0497802381 Edm =  0.000208208 NCalls =    181
VariableMetric: Iteration #  12 - FCN =   19.04952396211 Edm =  5.79946e-09 NCalls =    193
VariableMetric: After Hessian   - FCN =   19.04952396211 Edm =  5.80517e-09 NCalls =    224
Number of iterations 14
----------> Iteration 0
            FVAL = 627.261044985 Edm = 1671.26886275 Nfcn = 21
            Error matrix change = 1
            Parameters :  p0 = -0.137666 p1 = 0 p2 = 0 p3 = 0 p4 = -0.521475
----------> Iteration 1
            FVAL = 78.7494532654 Edm = 49.8375023229 Nfcn = 41
            Error matrix change = 0.621107
            Parameters :  p0 = -4.53326 p1 = -4.74474 p2 = -4.9339 p3 = -4.29422 p4 = -1.89917
----------> Iteration 2
            FVAL = 40.4900266526 Edm = 1.52736899445 Nfcn = 62
            Error matrix change = 0.418622
            Parameters :  p0 = -3.52659 p1 = -3.85969 p2 = -4.00142 p3 = -3.51748 p4 = -1.53208
----------> Iteration 3
            FVAL = 29.3646853605 Edm = 2.3931088363 Nfcn = 82
            Error matrix change = 0.552029
            Parameters :  p0 = -3.64368 p1 = -1.95929 p2 = -1.59387 p3 = -2.50879 p4 = -2.10919
----------> Iteration 4
            FVAL = 25.0102007942 Edm = 0.862431194321 Nfcn = 96
            Error matrix change = 0.407719
            Parameters :  p0 = -3.9259 p1 = -1.33272 p2 = -0.792586 p3 = -2.27924 p4 = -2.65131
----------> Iteration 5
            FVAL = 24.2673731534 Edm = 0.546940355068 Nfcn = 108
            Error matrix change = 0.443306
            Parameters :  p0 = -3.83782 p1 = -0.838309 p2 = -0.258467 p3 = -1.94889 p4 = -2.85153
----------> Iteration 6
            FVAL = 19.5539404011 Edm = 0.0748450370333 Nfcn = 121
            Error matrix change = 0.530894
            Parameters :  p0 = -1.67953 p1 = -0.531985 p2 = -1.19762 p3 = -0.528332 p4 = -3.75975
----------> Iteration 7
            FVAL = 19.2495873794 Edm = 0.100850909597 Nfcn = 133
            Error matrix change = 0.465415
            Parameters :  p0 = -1.0109 p1 = -0.878565 p2 = -1.26375 p3 = -0.62938 p4 = -3.82928
----------> Iteration 8
            FVAL = 19.0689781735 Edm = 0.0105873816889 Nfcn = 145
            Error matrix change = 0.348248
            Parameters :  p0 = -1.01398 p1 = -0.966152 p2 = -0.811951 p3 = -0.923837 p4 = -3.78807
----------> Iteration 9
            FVAL = 19.0595399593 Edm = 0.00310129934532 Nfcn = 157
            Error matrix change = 0.320927
            Parameters :  p0 = -1.06175 p1 = -0.979601 p2 = -0.80628 p3 = -0.98827 p4 = -3.7705
----------> Iteration 10
            FVAL = 19.0511683755 Edm = 0.000385782180669 Nfcn = 169
            Error matrix change = 0.335768
            Parameters :  p0 = -1.0074 p1 = -0.891062 p2 = -0.775025 p3 = -0.997844 p4 = -3.8145
----------> Iteration 11
            FVAL = 19.0497802381 Edm = 0.000208207571357 Nfcn = 181
            Error matrix change = 0.310991
            Parameters :  p0 = -1.00861 p1 = -0.866474 p2 = -0.777617 p3 = -1.03458 p4 = -3.80569
----------> Iteration 12
            FVAL = 19.0495239621 Edm = 5.79945531225e-09 Nfcn = 193
            Error matrix change = 0.17879
            Parameters :  p0 = -1.00496 p1 = -0.866513 p2 = -0.798643 p3 = -1.03484 p4 = -3.80281
----------> Iteration 13
            FVAL = 19.0495239621 Edm = 5.80516541589e-09 Nfcn = 224
            Error matrix change = 0
            Parameters :  p0 = -1.00496 p1 = -0.866513 p2 = -0.798643 p3 = -1.03484 p4 = -3.80281
Minuit2Minimizer : Valid minimum - status = 0
FVAL  = 19.0495239621124774
Edm   = 5.80516541588987684e-09
Nfcn  = 224
jerUp_unc	  = -1.00496	 +/-  0.968279	(limited)
jesUp_unc	  = -0.866513	 +/-  0.953613	(limited)
lumi	  = -0.798643	 +/-  0.960211	(limited)
pdf_unc	  = -1.03484	 +/-  0.934649	(limited)
xs_Bkg	  = -3.80281	 +/-  0.426682	(limited)
Reference signal fit
   0) jerUp_unc                      =  -1.00496
   1) jesUp_unc                      = -0.866513
   2) lumi                           = -0.798643
   3) pdf_unc                        =  -1.03484
   4) xs_Bkg                         =  -3.80281

Fitting of the signal-plus-background hypothesis done in 0.00342107 s
      Evaluation of p-values done in  9.38633 s
	CLs = 0 +/- 0
      Evaluation of p-values done in  9.1771 s
	CLs = 0 +/- 0
      Evaluation of p-values done in  9.04951 s
	CLs = 0 +/- 0
      Evaluation of p-values done in  9.03171 s
	CLs = 0 +/- 0
      Evaluation of p-values done in  9.00629 s
	CLs = 0 +/- 0
	CLs      = 0 +/- 0
	CLb      = 0.3198 +/- 0.00659588
	CLsplusb = 0 +/- 0

Hybrid result saved as HypoTestResult_mh120_r3400_2269877757 in higgsCombineTest.HybridNew.mH120.467829504.root : higgsCombineTest.HybridNew.mH120.467829504.root:/toys

 -- Hybrid New -- 
CLs = 0 +/- 0
Total toys: 10000
Done in 0.00 min (cpu), 0.77 min (real)
