>>> including systematics
>>> using the Profile Likelihood test statistics modified for upper limits (Q_LHC)
>>> method used to compute upper limit is HybridNew
>>> Using OpenSSL to get a really random seed 
>>> Used OpenSSL to get a really random seed 840121527
Adding /uscms_data/d2/lpcljm/sapta/SUSYSearch/LimitSetting/CMSSW_7_1_5/src to include path
Adding /cvmfs/cms.cern.ch/slc6_amd64_gcc481/lcg/roofit/5.34.18-cms3//include to include path
Input workspace 'w': 

RooWorkspace(w) w contents

variables
---------
(jerUp_unc,jerUp_unc_In,jesUp_unc,jesUp_unc_In,lumi,lumi_In,n_obs_binbin1,pdf_unc,pdf_unc_In,r,xs_Bkg,xs_Bkg_In)

p.d.f.s
-------
SimpleGaussianConstraint::jerUp_unc_Pdf[ x=jerUp_unc mean=jerUp_unc_In sigma=1 ] = 1
SimpleGaussianConstraint::jesUp_unc_Pdf[ x=jesUp_unc mean=jesUp_unc_In sigma=1 ] = 1
SimpleGaussianConstraint::lumi_Pdf[ x=lumi mean=lumi_In sigma=1 ] = 1
RooProdPdf::modelObs_b[ pdf_binbin1_bonly ] = 1.16418e-07
RooProdPdf::modelObs_s[ pdf_binbin1 ] = 9.86712e-08
RooProdPdf::model_b[ modelObs_b * nuisancePdf ] = 1.16418e-07
RooProdPdf::model_s[ modelObs_s * nuisancePdf ] = 9.86712e-08
RooProdPdf::nuisancePdf[ lumi_Pdf * jesUp_unc_Pdf * pdf_unc_Pdf * xs_Bkg_Pdf * jerUp_unc_Pdf ] = 1
RooPoisson::pdf_binbin1[ x=n_obs_binbin1 mean=n_exp_binbin1 ] = 9.86712e-08
RooPoisson::pdf_binbin1_bonly[ x=n_obs_binbin1 mean=n_exp_binbin1_bonly ] = 1.16418e-07
SimpleGaussianConstraint::pdf_unc_Pdf[ x=pdf_unc mean=pdf_unc_In sigma=1 ] = 1
SimpleGaussianConstraint::xs_Bkg_Pdf[ x=xs_Bkg mean=xs_Bkg_In sigma=1 ] = 1

functions
--------
RooAddition::n_exp_binbin1[ n_exp_binbin1_proc_BH + n_exp_binbin1_proc_Background ] = 818.847
RooAddition::n_exp_binbin1_bonly[ n_exp_binbin1_proc_Background ] = 817.847
ProcessNormalization::n_exp_binbin1_proc_BH[ thetaList=(lumi,jesUp_unc,pdf_unc) asymmThetaList=() otherFactorList=(r) ] = 1
ProcessNormalization::n_exp_binbin1_proc_Background[ thetaList=(xs_Bkg,jerUp_unc) asymmThetaList=() otherFactorList=() ] = 817.847

datasets
--------
RooDataSet::data_obs(n_obs_binbin1)

named sets
----------
ModelConfig_GlobalObservables:(lumi_In,jesUp_unc_In,pdf_unc_In,xs_Bkg_In,jerUp_unc_In)
ModelConfig_NuisParams:(lumi,jesUp_unc,pdf_unc,xs_Bkg,jerUp_unc)
ModelConfig_Observables:(n_obs_binbin1)
ModelConfig_POI:(r)
ModelConfig_bonly_GlobalObservables:(lumi_In,jesUp_unc_In,pdf_unc_In,xs_Bkg_In,jerUp_unc_In)
ModelConfig_bonly_NuisParams:(lumi,jesUp_unc,pdf_unc,xs_Bkg,jerUp_unc)
ModelConfig_bonly_Observables:(n_obs_binbin1)
ModelConfig_bonly_POI:(r)
POI:(r)
globalObservables:(lumi_In,jesUp_unc_In,pdf_unc_In,xs_Bkg_In,jerUp_unc_In)
nuisances:(lumi,jesUp_unc,pdf_unc,xs_Bkg,jerUp_unc)
observables:(n_obs_binbin1)

generic objects
---------------
RooStats::ModelConfig::ModelConfig
RooStats::ModelConfig::ModelConfig_bonly
RooArgSet::discreteParams

Workspace has a ModelConfig for signal called 'ModelConfig', with contents:

=== Using the following for ModelConfig ===
Observables:             RooArgSet:: = (n_obs_binbin1)
Parameters of Interest:  RooArgSet:: = (r)
Nuisance Parameters:     RooArgSet:: = (lumi,jesUp_unc,pdf_unc,xs_Bkg,jerUp_unc)
Global Observables:      RooArgSet:: = (lumi_In,jesUp_unc_In,pdf_unc_In,xs_Bkg_In,jerUp_unc_In)
PDF:                     RooProdPdf::model_s[ modelObs_s * nuisancePdf ] = 9.86712e-08

Input ModelConfig 'ModelConfig': 

=== Using the following for ModelConfig ===
Observables:             RooArgSet:: = (n_obs_binbin1)
Parameters of Interest:  RooArgSet:: = (r)
Nuisance Parameters:     RooArgSet:: = (lumi,jesUp_unc,pdf_unc,xs_Bkg,jerUp_unc)
Global Observables:      RooArgSet:: = (lumi_In,jesUp_unc_In,pdf_unc_In,xs_Bkg_In,jerUp_unc_In)
PDF:                     RooProdPdf::model_s[ modelObs_s * nuisancePdf ] = 9.86712e-08

[#1] INFO:ObjectHandling -- RooWorkspace::import(w) importing RooUniform::prior
Computing limit starting from observation
  1) RooRealVar:: n_obs_binbin1 = 683
Set default minimizer to Minuit2
  r = 400 +/- 0
[#1] INFO:Minization --  Including the following contraint terms in minimization: (nuisancePdf)
[#1] INFO:Fitting -- RooAddition::defaultErrorLevel(nll_model_s_data_obs_with_constr) Summation contains a RooNLLVar, using its error level
Minuit2Minimizer: Minimize with max-calls 2500 convergence for edm < 0.01 strategy 1
MnSeedGenerator: for initial parameters FCN = 20.5608
MnSeedGenerator: Initial state:   - FCN =   20.56077516437 Edm =      17.1948 NCalls =     21
VariableMetric: start iterating until Edm is < 1e-05
VariableMetric: Initial state   - FCN =   20.56077516437 Edm =      17.1948 NCalls =     21
VariableMetric: Iteration #   1 - FCN =   10.03252748296 Edm =     0.284652 NCalls =     33
VariableMetric: Iteration #   2 - FCN =   8.919300210348 Edm =   0.00540495 NCalls =     45
VariableMetric: Iteration #   3 - FCN =   8.913049139787 Edm =  1.70749e-05 NCalls =     57
VariableMetric: Iteration #   4 - FCN =   8.913031774316 Edm =  4.54224e-09 NCalls =     68
VariableMetric: After Hessian   - FCN =   8.913031774316 Edm =  4.61561e-09 NCalls =     99
Number of iterations 6
----------> Iteration 0
            FVAL = 20.5607751644 Edm = 17.1948432985 Nfcn = 21
            Error matrix change = 1
            Parameters :  p0 = 0 p1 = 0 p2 = 0 p3 = 0 p4 = 0
----------> Iteration 1
            FVAL = 10.032527483 Edm = 0.28465176146 Nfcn = 33
            Error matrix change = 0.519253
            Parameters :  p0 = -1.47286 p1 = 0 p2 = 0 p3 = 0 p4 = -0.303005
----------> Iteration 2
            FVAL = 8.91930021035 Edm = 0.00540494699523 Nfcn = 45
            Error matrix change = 0.355486
            Parameters :  p0 = 0.0082431 p1 = 0 p2 = 0 p3 = 0 p4 = -0.51275
----------> Iteration 3
            FVAL = 8.91304913979 Edm = 1.7074864858e-05 Nfcn = 57
            Error matrix change = 0.181713
            Parameters :  p0 = -0.0636564 p1 = 0 p2 = 0 p3 = 0 p4 = -0.514065
----------> Iteration 4
            FVAL = 8.91303177432 Edm = 4.54223922168e-09 Nfcn = 68
            Error matrix change = 0.0921713
            Parameters :  p0 = -0.0592909 p1 = 0 p2 = 0 p3 = 0 p4 = -0.514982
----------> Iteration 5
            FVAL = 8.91303177432 Edm = 4.61560836509e-09 Nfcn = 99
            Error matrix change = 0
            Parameters :  p0 = -0.0592909 p1 = 0 p2 = 0 p3 = 0 p4 = -0.514982
Minuit2Minimizer : Valid minimum - status = 0
FVAL  = 8.91303177431587201
Edm   = 4.6156083650870802e-09
Nfcn  = 99
jerUp_unc	  = -0.0592909	 +/-  0.990274	(limited)
jesUp_unc	  = 0	 +/-  0.996602	(limited)
lumi	  = 0	 +/-  0.996602	(limited)
pdf_unc	  = 0	 +/-  0.996602	(limited)
xs_Bkg	  = -0.514982	 +/-  0.158535	(limited)
Zero signal fit
   0) jerUp_unc                      = -0.0592909
   1) jesUp_unc                      =         0
   2) lumi                           =         0
   3) pdf_unc                        =         0
   4) xs_Bkg                         = -0.514982

Fitting of the background hypothesis done in 0.296566 s
[#1] INFO:Fitting -- RooAddition::defaultErrorLevel(nll_model_s_data_obs_with_constr) Summation contains a RooNLLVar, using its error level
Minuit2Minimizer: Minimize with max-calls 2500 convergence for edm < 0.01 strategy 1
MnSeedGenerator: for initial parameters FCN = 94.6105
MnSeedGenerator: Initial state:   - FCN =   94.61049092971 Edm =      137.337 NCalls =     21
VariableMetric: start iterating until Edm is < 1e-05
VariableMetric: Initial state   - FCN =   94.61049092971 Edm =      137.337 NCalls =     21
VariableMetric: Iteration #   1 - FCN =     26.228966931 Edm =      3.36545 NCalls =     33
VariableMetric: Iteration #   2 - FCN =   16.75790273833 Edm =      1.80142 NCalls =     46
VariableMetric: Iteration #   3 - FCN =   13.25521750927 Edm =      0.22718 NCalls =     58
VariableMetric: Iteration #   4 - FCN =   12.93488643919 Edm =    0.0396987 NCalls =     70
VariableMetric: Iteration #   5 - FCN =   12.86456013296 Edm =   0.00119085 NCalls =     82
VariableMetric: Iteration #   6 - FCN =   12.86316124029 Edm =  4.84838e-05 NCalls =     94
VariableMetric: Iteration #   7 - FCN =    12.8630903363 Edm =  1.11269e-06 NCalls =    106
VariableMetric: After Hessian   - FCN =    12.8630903363 Edm =  1.34356e-06 NCalls =    137
Number of iterations 9
----------> Iteration 0
            FVAL = 94.6104909297 Edm = 137.336900968 Nfcn = 21
            Error matrix change = 1
            Parameters :  p0 = -0.0592909 p1 = 0 p2 = 0 p3 = 0 p4 = -0.514982
----------> Iteration 1
            FVAL = 26.228966931 Edm = 3.36544673236 Nfcn = 33
            Error matrix change = 0.62166
            Parameters :  p0 = -3.03934 p1 = -2.54927 p2 = -2.48895 p3 = -2.63082 p4 = -1.2848
----------> Iteration 2
            FVAL = 16.7579027383 Edm = 1.80141952116 Nfcn = 46
            Error matrix change = 0.527501
            Parameters :  p0 = -1.40789 p1 = -0.486188 p2 = -0.209278 p3 = -1.12911 p4 = -1.93005
----------> Iteration 3
            FVAL = 13.2552175093 Edm = 0.227179764486 Nfcn = 58
            Error matrix change = 0.332977
            Parameters :  p0 = -0.364295 p1 = -0.796037 p2 = -0.717847 p3 = -1.1132 p4 = -2.40095
----------> Iteration 4
            FVAL = 12.9348864392 Edm = 0.0396986747964 Nfcn = 70
            Error matrix change = 0.259615
            Parameters :  p0 = -0.0476517 p1 = -0.455421 p2 = -0.415946 p3 = -0.642056 p4 = -2.60343
----------> Iteration 5
            FVAL = 12.864560133 Edm = 0.00119084825369 Nfcn = 82
            Error matrix change = 0.21112
            Parameters :  p0 = -0.285166 p1 = -0.463468 p2 = -0.437027 p3 = -0.520515 p4 = -2.65181
----------> Iteration 6
            FVAL = 12.8631612403 Edm = 4.84837908029e-05 Nfcn = 94
            Error matrix change = 0.176329
            Parameters :  p0 = -0.30473 p1 = -0.436965 p2 = -0.404117 p3 = -0.508765 p4 = -2.65684
----------> Iteration 7
            FVAL = 12.8630903363 Edm = 1.11269104229e-06 Nfcn = 106
            Error matrix change = 0.154287
            Parameters :  p0 = -0.306704 p1 = -0.435185 p2 = -0.400556 p3 = -0.518916 p4 = -2.65648
----------> Iteration 8
            FVAL = 12.8630903363 Edm = 1.34355512981e-06 Nfcn = 137
            Error matrix change = 0
            Parameters :  p0 = -0.306704 p1 = -0.435185 p2 = -0.400556 p3 = -0.518916 p4 = -2.65648
Minuit2Minimizer : Valid minimum - status = 0
FVAL  = 12.8630903362997753
Edm   = 1.34355512981156779e-06
Nfcn  = 137
jerUp_unc	  = -0.306704	 +/-  0.99089	(limited)
jesUp_unc	  = -0.435185	 +/-  0.969088	(limited)
lumi	  = -0.400556	 +/-  0.973274	(limited)
pdf_unc	  = -0.518916	 +/-  0.957106	(limited)
xs_Bkg	  = -2.65648	 +/-  0.347144	(limited)
Reference signal fit
   0) jerUp_unc                      = -0.306704
   1) jesUp_unc                      = -0.435185
   2) lumi                           = -0.400556
   3) pdf_unc                        = -0.518916
   4) xs_Bkg                         =  -2.65648

Fitting of the signal-plus-background hypothesis done in 0.00279188 s
      Evaluation of p-values done in  7.32726 s
	CLs = 0.00325733 +/- 0.00325938
      Evaluation of p-values done in  7.29063 s
	CLs = 0.00482315 +/- 0.00278718
      Evaluation of p-values done in  7.21037 s
	CLs = 0.00424628 +/- 0.00212482
      Evaluation of p-values done in  7.35932 s
	CLs = 0.00313234 +/- 0.00156706
      Evaluation of p-values done in  7.13102 s
	CLs = 0.00494438 +/- 0.00174962
	CLs      = 0.00494438 +/- 0.00174962
	CLb      = 0.3236 +/- 0.00661639
	CLsplusb = 0.0016 +/- 0.000565233

Hybrid result saved as HypoTestResult_mh120_r400_3172995388 in higgsCombineTest.HybridNew.mH120.840121527.root : higgsCombineTest.HybridNew.mH120.840121527.root:/toys

 -- Hybrid New -- 
CLs = 0.00494438 +/- 0.00174962
Total toys: 10000
Done in 0.00 min (cpu), 0.61 min (real)
