>>> including systematics
>>> using the Profile Likelihood test statistics modified for upper limits (Q_LHC)
>>> method used to compute upper limit is HybridNew
>>> Using OpenSSL to get a really random seed 
>>> Used OpenSSL to get a really random seed -1992290643
Adding /uscms_data/d2/lpcljm/sapta/SUSYSearch/LimitSetting/CMSSW_7_1_5/src to include path
Adding /cvmfs/cms.cern.ch/slc6_amd64_gcc481/lcg/roofit/5.34.18-cms3//include to include path
Input workspace 'w': 

RooWorkspace(w) w contents

variables
---------
(jerUp_unc,jerUp_unc_In,jesUp_unc,jesUp_unc_In,lumi,lumi_In,n_obs_binbin1,pdf_unc,pdf_unc_In,r,xs_Bkg,xs_Bkg_In)

p.d.f.s
-------
SimpleGaussianConstraint::jerUp_unc_Pdf[ x=jerUp_unc mean=jerUp_unc_In sigma=1 ] = 1
SimpleGaussianConstraint::jesUp_unc_Pdf[ x=jesUp_unc mean=jesUp_unc_In sigma=1 ] = 1
SimpleGaussianConstraint::lumi_Pdf[ x=lumi mean=lumi_In sigma=1 ] = 1
RooProdPdf::modelObs_b[ pdf_binbin1_bonly ] = 0.00013192
RooProdPdf::modelObs_s[ pdf_binbin1 ] = 9.46296e-05
RooProdPdf::model_b[ modelObs_b * nuisancePdf ] = 0.00013192
RooProdPdf::model_s[ modelObs_s * nuisancePdf ] = 9.46296e-05
RooProdPdf::nuisancePdf[ lumi_Pdf * jesUp_unc_Pdf * pdf_unc_Pdf * xs_Bkg_Pdf * jerUp_unc_Pdf ] = 1
RooPoisson::pdf_binbin1[ x=n_obs_binbin1 mean=n_exp_binbin1 ] = 9.46296e-05
RooPoisson::pdf_binbin1_bonly[ x=n_obs_binbin1 mean=n_exp_binbin1_bonly ] = 0.00013192
SimpleGaussianConstraint::pdf_unc_Pdf[ x=pdf_unc mean=pdf_unc_In sigma=1 ] = 1
SimpleGaussianConstraint::xs_Bkg_Pdf[ x=xs_Bkg mean=xs_Bkg_In sigma=1 ] = 1

functions
--------
RooAddition::n_exp_binbin1[ n_exp_binbin1_proc_BH + n_exp_binbin1_proc_Background ] = 97.8389
RooAddition::n_exp_binbin1_bonly[ n_exp_binbin1_proc_Background ] = 96.8389
ProcessNormalization::n_exp_binbin1_proc_BH[ thetaList=(lumi,jesUp_unc,pdf_unc) asymmThetaList=() otherFactorList=(r) ] = 1
ProcessNormalization::n_exp_binbin1_proc_Background[ thetaList=(xs_Bkg,jerUp_unc) asymmThetaList=() otherFactorList=() ] = 96.8389

datasets
--------
RooDataSet::data_obs(n_obs_binbin1)

named sets
----------
ModelConfig_GlobalObservables:(lumi_In,jesUp_unc_In,pdf_unc_In,xs_Bkg_In,jerUp_unc_In)
ModelConfig_NuisParams:(lumi,jesUp_unc,pdf_unc,xs_Bkg,jerUp_unc)
ModelConfig_Observables:(n_obs_binbin1)
ModelConfig_POI:(r)
ModelConfig_bonly_GlobalObservables:(lumi_In,jesUp_unc_In,pdf_unc_In,xs_Bkg_In,jerUp_unc_In)
ModelConfig_bonly_NuisParams:(lumi,jesUp_unc,pdf_unc,xs_Bkg,jerUp_unc)
ModelConfig_bonly_Observables:(n_obs_binbin1)
ModelConfig_bonly_POI:(r)
POI:(r)
globalObservables:(lumi_In,jesUp_unc_In,pdf_unc_In,xs_Bkg_In,jerUp_unc_In)
nuisances:(lumi,jesUp_unc,pdf_unc,xs_Bkg,jerUp_unc)
observables:(n_obs_binbin1)

generic objects
---------------
RooStats::ModelConfig::ModelConfig
RooStats::ModelConfig::ModelConfig_bonly
RooArgSet::discreteParams

Workspace has a ModelConfig for signal called 'ModelConfig', with contents:

=== Using the following for ModelConfig ===
Observables:             RooArgSet:: = (n_obs_binbin1)
Parameters of Interest:  RooArgSet:: = (r)
Nuisance Parameters:     RooArgSet:: = (lumi,jesUp_unc,pdf_unc,xs_Bkg,jerUp_unc)
Global Observables:      RooArgSet:: = (lumi_In,jesUp_unc_In,pdf_unc_In,xs_Bkg_In,jerUp_unc_In)
PDF:                     RooProdPdf::model_s[ modelObs_s * nuisancePdf ] = 9.46296e-05

Input ModelConfig 'ModelConfig': 

=== Using the following for ModelConfig ===
Observables:             RooArgSet:: = (n_obs_binbin1)
Parameters of Interest:  RooArgSet:: = (r)
Nuisance Parameters:     RooArgSet:: = (lumi,jesUp_unc,pdf_unc,xs_Bkg,jerUp_unc)
Global Observables:      RooArgSet:: = (lumi_In,jesUp_unc_In,pdf_unc_In,xs_Bkg_In,jerUp_unc_In)
PDF:                     RooProdPdf::model_s[ modelObs_s * nuisancePdf ] = 9.46296e-05

[#1] INFO:ObjectHandling -- RooWorkspace::import(w) importing RooUniform::prior
Computing limit starting from observation
  1) RooRealVar:: n_obs_binbin1 = 65
Set default minimizer to Minuit2
  r = 42 +/- 0
[#1] INFO:Minization --  Including the following contraint terms in minimization: (nuisancePdf)
[#1] INFO:Fitting -- RooAddition::defaultErrorLevel(nll_model_s_data_obs_with_constr) Summation contains a RooNLLVar, using its error level
Minuit2Minimizer: Minimize with max-calls 2500 convergence for edm < 0.01 strategy 1
MnSeedGenerator: for initial parameters FCN = 13.528
MnSeedGenerator: Initial state:   - FCN =   13.52800916947 Edm =      5.75957 NCalls =     21
VariableMetric: start iterating until Edm is < 1e-05
VariableMetric: Initial state   - FCN =   13.52800916947 Edm =      5.75957 NCalls =     21
VariableMetric: Iteration #   1 - FCN =   8.375385217574 Edm =     0.345706 NCalls =     33
VariableMetric: Iteration #   2 - FCN =   7.823183533084 Edm =  9.11652e-05 NCalls =     45
VariableMetric: Iteration #   3 - FCN =   7.823073555677 Edm =  6.39626e-07 NCalls =     57
VariableMetric: After Hessian   - FCN =   7.823073555677 Edm =  6.64821e-07 NCalls =     88
Number of iterations 5
----------> Iteration 0
            FVAL = 13.5280091695 Edm = 5.75956578221 Nfcn = 21
            Error matrix change = 1
            Parameters :  p0 = 0 p1 = 0 p2 = 0 p3 = 0 p4 = 0
----------> Iteration 1
            FVAL = 8.37538521757 Edm = 0.34570551871 Nfcn = 33
            Error matrix change = 0.52782
            Parameters :  p0 = -0.978959 p1 = 0 p2 = 0 p3 = 0 p4 = -0.49223
----------> Iteration 2
            FVAL = 7.82318353308 Edm = 9.11651767854e-05 Nfcn = 45
            Error matrix change = 0.30587
            Parameters :  p0 = -0.0328035 p1 = 0 p2 = 0 p3 = 0 p4 = -0.647671
----------> Iteration 3
            FVAL = 7.82307355568 Edm = 6.39626400064e-07 Nfcn = 57
            Error matrix change = 0.155634
            Parameters :  p0 = -0.0442142 p1 = 0 p2 = 0 p3 = 0 p4 = -0.64888
----------> Iteration 4
            FVAL = 7.82307355568 Edm = 6.64820644822e-07 Nfcn = 88
            Error matrix change = 0
            Parameters :  p0 = -0.0442142 p1 = 0 p2 = 0 p3 = 0 p4 = -0.64888
Minuit2Minimizer : Valid minimum - status = 0
FVAL  = 7.82307355567667706
Edm   = 6.64820644821859446e-07
Nfcn  = 88
jerUp_unc	  = -0.0442142	 +/-  0.994497	(limited)
jesUp_unc	  = 0	 +/-  0.996602	(limited)
lumi	  = 0	 +/-  0.996602	(limited)
pdf_unc	  = 0	 +/-  0.996602	(limited)
xs_Bkg	  = -0.64888	 +/-  0.215276	(limited)
Zero signal fit
   0) jerUp_unc                      = -0.0442142
   1) jesUp_unc                      =         0
   2) lumi                           =         0
   3) pdf_unc                        =         0
   4) xs_Bkg                         =  -0.64888

Fitting of the background hypothesis done in 0.302627 s
[#1] INFO:Fitting -- RooAddition::defaultErrorLevel(nll_model_s_data_obs_with_constr) Summation contains a RooNLLVar, using its error level
Minuit2Minimizer: Minimize with max-calls 2500 convergence for edm < 0.01 strategy 1
MnSeedGenerator: for initial parameters FCN = 17.8563
MnSeedGenerator: Initial state:   - FCN =   17.85634307063 Edm =      7.36317 NCalls =     17
VariableMetric: start iterating until Edm is < 1e-05
VariableMetric: Initial state   - FCN =   17.85634307063 Edm =      7.36317 NCalls =     17
VariableMetric: Iteration #   1 - FCN =   11.08761091119 Edm =     0.701253 NCalls =     31
VariableMetric: Iteration #   2 - FCN =   9.953118507139 Edm =    0.0491965 NCalls =     43
VariableMetric: Iteration #   3 - FCN =   9.869994462224 Edm =   0.00159997 NCalls =     55
VariableMetric: Iteration #   4 - FCN =   9.868088370228 Edm =  1.32462e-06 NCalls =     67
VariableMetric: After Hessian   - FCN =   9.868088370228 Edm =  1.41532e-06 NCalls =     98
Number of iterations 6
----------> Iteration 0
            FVAL = 17.8563430706 Edm = 7.36317432511 Nfcn = 17
            Error matrix change = 1
            Parameters :  p0 = -0.0442142 p1 = 0 p2 = 0 p3 = 0 p4 = -0.64888
----------> Iteration 1
            FVAL = 11.0876109112 Edm = 0.701252738052 Nfcn = 31
            Error matrix change = 0.587411
            Parameters :  p0 = -0.958762 p1 = -0.767063 p2 = -0.713628 p3 = -0.892797 p4 = -1.43934
----------> Iteration 2
            FVAL = 9.95311850714 Edm = 0.0491965060339 Nfcn = 43
            Error matrix change = 0.398415
            Parameters :  p0 = -0.0548922 p1 = -0.166677 p2 = -0.144472 p3 = -0.230106 p4 = -1.75221
----------> Iteration 3
            FVAL = 9.86999446222 Edm = 0.00159997145228 Nfcn = 55
            Error matrix change = 0.224055
            Parameters :  p0 = -0.104272 p1 = -0.232482 p2 = -0.2184 p3 = -0.265335 p4 = -1.88205
----------> Iteration 4
            FVAL = 9.86808837023 Edm = 1.32461939667e-06 Nfcn = 67
            Error matrix change = 0.134093
            Parameters :  p0 = -0.127481 p1 = -0.202444 p2 = -0.186577 p3 = -0.241437 p4 = -1.89662
----------> Iteration 5
            FVAL = 9.86808837023 Edm = 1.41532388428e-06 Nfcn = 98
            Error matrix change = 0
            Parameters :  p0 = -0.127481 p1 = -0.202444 p2 = -0.186577 p3 = -0.241437 p4 = -1.89662
Minuit2Minimizer : Valid minimum - status = 0
FVAL  = 9.86808837022750573
Edm   = 1.41532388427602374e-06
Nfcn  = 98
jerUp_unc	  = -0.127481	 +/-  0.994778	(limited)
jesUp_unc	  = -0.202444	 +/-  0.984669	(limited)
lumi	  = -0.186577	 +/-  0.986472	(limited)
pdf_unc	  = -0.241437	 +/-  0.979536	(limited)
xs_Bkg	  = -1.89662	 +/-  0.417908	(limited)
Reference signal fit
   0) jerUp_unc                      = -0.127481
   1) jesUp_unc                      = -0.202444
   2) lumi                           = -0.186577
   3) pdf_unc                        = -0.241437
   4) xs_Bkg                         =  -1.89662

Fitting of the signal-plus-background hypothesis done in 0.002563 s
      Evaluation of p-values done in  6.2897 s
	CLs = 0.0622568 +/- 0.0157979
      Evaluation of p-values done in  6.05195 s
	CLs = 0.0639854 +/- 0.0109711
      Evaluation of p-values done in  6.12543 s
	CLs = 0.0710784 +/- 0.0094831
      Evaluation of p-values done in  6.05473 s
	CLs = 0.0769231 +/- 0.00848587
      Evaluation of p-values done in  6.23098 s
	CLs = 0.0675381 +/- 0.00710882
	CLs      = 0.0675381 +/- 0.00710882
	CLb      = 0.2754 +/- 0.00631751
	CLsplusb = 0.0186 +/- 0.00191071

Hybrid result saved as HypoTestResult_mh120_r42_4025295265 in higgsCombineTest.HybridNew.mH120.-1992290643.root : higgsCombineTest.HybridNew.mH120.-1992290643.root:/toys

 -- Hybrid New -- 
CLs = 0.0675381 +/- 0.00710882
Total toys: 10000
Done in 0.00 min (cpu), 0.52 min (real)
