>>> including systematics
>>> using the Profile Likelihood test statistics modified for upper limits (Q_LHC)
>>> method used to compute upper limit is HybridNew
>>> Using OpenSSL to get a really random seed 
>>> Used OpenSSL to get a really random seed 1447338263
Adding /uscms_data/d2/lpcljm/sapta/SUSYSearch/LimitSetting/CMSSW_7_1_5/src to include path
Adding /cvmfs/cms.cern.ch/slc6_amd64_gcc481/lcg/roofit/5.34.18-cms3//include to include path
Input workspace 'w': 

RooWorkspace(w) w contents

variables
---------
(jerUp_unc,jerUp_unc_In,jesUp_unc,jesUp_unc_In,lumi,lumi_In,n_obs_binbin1,pdf_unc,pdf_unc_In,r,xs_Bkg,xs_Bkg_In)

p.d.f.s
-------
SimpleGaussianConstraint::jerUp_unc_Pdf[ x=jerUp_unc mean=jerUp_unc_In sigma=1 ] = 1
SimpleGaussianConstraint::jesUp_unc_Pdf[ x=jesUp_unc mean=jesUp_unc_In sigma=1 ] = 1
SimpleGaussianConstraint::lumi_Pdf[ x=lumi mean=lumi_In sigma=1 ] = 1
RooProdPdf::modelObs_b[ pdf_binbin1_bonly ] = 1.16418e-07
RooProdPdf::modelObs_s[ pdf_binbin1 ] = 9.86712e-08
RooProdPdf::model_b[ modelObs_b * nuisancePdf ] = 1.16418e-07
RooProdPdf::model_s[ modelObs_s * nuisancePdf ] = 9.86712e-08
RooProdPdf::nuisancePdf[ lumi_Pdf * jesUp_unc_Pdf * pdf_unc_Pdf * xs_Bkg_Pdf * jerUp_unc_Pdf ] = 1
RooPoisson::pdf_binbin1[ x=n_obs_binbin1 mean=n_exp_binbin1 ] = 9.86712e-08
RooPoisson::pdf_binbin1_bonly[ x=n_obs_binbin1 mean=n_exp_binbin1_bonly ] = 1.16418e-07
SimpleGaussianConstraint::pdf_unc_Pdf[ x=pdf_unc mean=pdf_unc_In sigma=1 ] = 1
SimpleGaussianConstraint::xs_Bkg_Pdf[ x=xs_Bkg mean=xs_Bkg_In sigma=1 ] = 1

functions
--------
RooAddition::n_exp_binbin1[ n_exp_binbin1_proc_BH + n_exp_binbin1_proc_Background ] = 818.847
RooAddition::n_exp_binbin1_bonly[ n_exp_binbin1_proc_Background ] = 817.847
ProcessNormalization::n_exp_binbin1_proc_BH[ thetaList=(lumi,jesUp_unc,pdf_unc) asymmThetaList=() otherFactorList=(r) ] = 1
ProcessNormalization::n_exp_binbin1_proc_Background[ thetaList=(xs_Bkg,jerUp_unc) asymmThetaList=() otherFactorList=() ] = 817.847

datasets
--------
RooDataSet::data_obs(n_obs_binbin1)

named sets
----------
ModelConfig_GlobalObservables:(lumi_In,jesUp_unc_In,pdf_unc_In,xs_Bkg_In,jerUp_unc_In)
ModelConfig_NuisParams:(lumi,jesUp_unc,pdf_unc,xs_Bkg,jerUp_unc)
ModelConfig_Observables:(n_obs_binbin1)
ModelConfig_POI:(r)
ModelConfig_bonly_GlobalObservables:(lumi_In,jesUp_unc_In,pdf_unc_In,xs_Bkg_In,jerUp_unc_In)
ModelConfig_bonly_NuisParams:(lumi,jesUp_unc,pdf_unc,xs_Bkg,jerUp_unc)
ModelConfig_bonly_Observables:(n_obs_binbin1)
ModelConfig_bonly_POI:(r)
POI:(r)
globalObservables:(lumi_In,jesUp_unc_In,pdf_unc_In,xs_Bkg_In,jerUp_unc_In)
nuisances:(lumi,jesUp_unc,pdf_unc,xs_Bkg,jerUp_unc)
observables:(n_obs_binbin1)

generic objects
---------------
RooStats::ModelConfig::ModelConfig
RooStats::ModelConfig::ModelConfig_bonly
RooArgSet::discreteParams

Workspace has a ModelConfig for signal called 'ModelConfig', with contents:

=== Using the following for ModelConfig ===
Observables:             RooArgSet:: = (n_obs_binbin1)
Parameters of Interest:  RooArgSet:: = (r)
Nuisance Parameters:     RooArgSet:: = (lumi,jesUp_unc,pdf_unc,xs_Bkg,jerUp_unc)
Global Observables:      RooArgSet:: = (lumi_In,jesUp_unc_In,pdf_unc_In,xs_Bkg_In,jerUp_unc_In)
PDF:                     RooProdPdf::model_s[ modelObs_s * nuisancePdf ] = 9.86712e-08

Input ModelConfig 'ModelConfig': 

=== Using the following for ModelConfig ===
Observables:             RooArgSet:: = (n_obs_binbin1)
Parameters of Interest:  RooArgSet:: = (r)
Nuisance Parameters:     RooArgSet:: = (lumi,jesUp_unc,pdf_unc,xs_Bkg,jerUp_unc)
Global Observables:      RooArgSet:: = (lumi_In,jesUp_unc_In,pdf_unc_In,xs_Bkg_In,jerUp_unc_In)
PDF:                     RooProdPdf::model_s[ modelObs_s * nuisancePdf ] = 9.86712e-08

[#1] INFO:ObjectHandling -- RooWorkspace::import(w) importing RooUniform::prior
Computing limit starting from observation
  1) RooRealVar:: n_obs_binbin1 = 683
Set default minimizer to Minuit2
  r = 450 +/- 0
[#1] INFO:Minization --  Including the following contraint terms in minimization: (nuisancePdf)
[#1] INFO:Fitting -- RooAddition::defaultErrorLevel(nll_model_s_data_obs_with_constr) Summation contains a RooNLLVar, using its error level
Minuit2Minimizer: Minimize with max-calls 2500 convergence for edm < 0.01 strategy 1
MnSeedGenerator: for initial parameters FCN = 20.5608
MnSeedGenerator: Initial state:   - FCN =   20.56077516437 Edm =      17.1948 NCalls =     21
VariableMetric: start iterating until Edm is < 1e-05
VariableMetric: Initial state   - FCN =   20.56077516437 Edm =      17.1948 NCalls =     21
VariableMetric: Iteration #   1 - FCN =   10.03252748296 Edm =     0.284652 NCalls =     33
VariableMetric: Iteration #   2 - FCN =   8.919300210348 Edm =   0.00540495 NCalls =     45
VariableMetric: Iteration #   3 - FCN =   8.913049139787 Edm =  1.70749e-05 NCalls =     57
VariableMetric: Iteration #   4 - FCN =   8.913031774316 Edm =  4.54224e-09 NCalls =     68
VariableMetric: After Hessian   - FCN =   8.913031774316 Edm =  4.61561e-09 NCalls =     99
Number of iterations 6
----------> Iteration 0
            FVAL = 20.5607751644 Edm = 17.1948432985 Nfcn = 21
            Error matrix change = 1
            Parameters :  p0 = 0 p1 = 0 p2 = 0 p3 = 0 p4 = 0
----------> Iteration 1
            FVAL = 10.032527483 Edm = 0.28465176146 Nfcn = 33
            Error matrix change = 0.519253
            Parameters :  p0 = -1.47286 p1 = 0 p2 = 0 p3 = 0 p4 = -0.303005
----------> Iteration 2
            FVAL = 8.91930021035 Edm = 0.00540494699523 Nfcn = 45
            Error matrix change = 0.355486
            Parameters :  p0 = 0.0082431 p1 = 0 p2 = 0 p3 = 0 p4 = -0.51275
----------> Iteration 3
            FVAL = 8.91304913979 Edm = 1.7074864858e-05 Nfcn = 57
            Error matrix change = 0.181713
            Parameters :  p0 = -0.0636564 p1 = 0 p2 = 0 p3 = 0 p4 = -0.514065
----------> Iteration 4
            FVAL = 8.91303177432 Edm = 4.54223922168e-09 Nfcn = 68
            Error matrix change = 0.0921713
            Parameters :  p0 = -0.0592909 p1 = 0 p2 = 0 p3 = 0 p4 = -0.514982
----------> Iteration 5
            FVAL = 8.91303177432 Edm = 4.61560836509e-09 Nfcn = 99
            Error matrix change = 0
            Parameters :  p0 = -0.0592909 p1 = 0 p2 = 0 p3 = 0 p4 = -0.514982
Minuit2Minimizer : Valid minimum - status = 0
FVAL  = 8.91303177431587201
Edm   = 4.6156083650870802e-09
Nfcn  = 99
jerUp_unc	  = -0.0592909	 +/-  0.990274	(limited)
jesUp_unc	  = 0	 +/-  0.996602	(limited)
lumi	  = 0	 +/-  0.996602	(limited)
pdf_unc	  = 0	 +/-  0.996602	(limited)
xs_Bkg	  = -0.514982	 +/-  0.158535	(limited)
Zero signal fit
   0) jerUp_unc                      = -0.0592909
   1) jesUp_unc                      =         0
   2) lumi                           =         0
   3) pdf_unc                        =         0
   4) xs_Bkg                         = -0.514982

Fitting of the background hypothesis done in 0.296401 s
[#1] INFO:Fitting -- RooAddition::defaultErrorLevel(nll_model_s_data_obs_with_constr) Summation contains a RooNLLVar, using its error level
Minuit2Minimizer: Minimize with max-calls 2500 convergence for edm < 0.01 strategy 1
MnSeedGenerator: for initial parameters FCN = 113.826
MnSeedGenerator: Initial state:   - FCN =   113.8259726923 Edm =      170.142 NCalls =     21
VariableMetric: start iterating until Edm is < 1e-05
VariableMetric: Initial state   - FCN =   113.8259726923 Edm =      170.142 NCalls =     21
VariableMetric: Iteration #   1 - FCN =   30.05833039136 Edm =      3.78663 NCalls =     33
VariableMetric: Iteration #   2 - FCN =   19.12321296728 Edm =      2.04961 NCalls =     46
VariableMetric: Iteration #   3 - FCN =   14.74561621733 Edm =     0.364039 NCalls =     59
VariableMetric: Iteration #   4 - FCN =   14.25225942041 Edm =    0.0950547 NCalls =     71
VariableMetric: Iteration #   5 - FCN =   14.09243951969 Edm =   0.00235091 NCalls =     83
VariableMetric: Iteration #   6 - FCN =   14.08949715469 Edm =  0.000218235 NCalls =     95
VariableMetric: Iteration #   7 - FCN =    14.0891741433 Edm =   2.3535e-06 NCalls =    107
VariableMetric: After Hessian   - FCN =    14.0891741433 Edm =   3.0654e-06 NCalls =    138
Number of iterations 9
----------> Iteration 0
            FVAL = 113.825972692 Edm = 170.142221499 Nfcn = 21
            Error matrix change = 1
            Parameters :  p0 = -0.0592909 p1 = 0 p2 = 0 p3 = 0 p4 = -0.514982
----------> Iteration 1
            FVAL = 30.0583303914 Edm = 3.78663230531 Nfcn = 33
            Error matrix change = 0.622393
            Parameters :  p0 = -3.27827 p1 = -2.88499 p2 = -2.83509 p3 = -2.93436 p4 = -1.35424
----------> Iteration 2
            FVAL = 19.1232129673 Edm = 2.04961467096 Nfcn = 46
            Error matrix change = 0.536427
            Parameters :  p0 = -1.42647 p1 = -0.779449 p2 = -0.452896 p3 = -1.49614 p4 = -2.03497
----------> Iteration 3
            FVAL = 14.7456162173 Edm = 0.364038865585 Nfcn = 59
            Error matrix change = 0.33876
            Parameters :  p0 = -0.246758 p1 = -1.05407 p2 = -0.953677 p3 = -1.46247 p4 = -2.62147
----------> Iteration 4
            FVAL = 14.2522594204 Edm = 0.0950546593266 Nfcn = 71
            Error matrix change = 0.284094
            Parameters :  p0 = 0.0234446 p1 = -0.604556 p2 = -0.542588 p3 = -0.888106 p4 = -2.86063
----------> Iteration 5
            FVAL = 14.0924395197 Edm = 0.00235091217297 Nfcn = 83
            Error matrix change = 0.216295
            Parameters :  p0 = -0.33733 p1 = -0.630329 p2 = -0.60094 p3 = -0.71069 p4 = -2.936
----------> Iteration 6
            FVAL = 14.0894971547 Edm = 0.000218235366346 Nfcn = 95
            Error matrix change = 0.187987
            Parameters :  p0 = -0.340798 p1 = -0.592539 p2 = -0.551674 p3 = -0.684382 p4 = -2.95721
----------> Iteration 7
            FVAL = 14.0891741433 Edm = 2.35349790882e-06 Nfcn = 107
            Error matrix change = 0.149757
            Parameters :  p0 = -0.340179 p1 = -0.590645 p2 = -0.543074 p3 = -0.702451 p4 = -2.95902
----------> Iteration 8
            FVAL = 14.0891741433 Edm = 3.06539946451e-06 Nfcn = 138
            Error matrix change = 0
            Parameters :  p0 = -0.340179 p1 = -0.590645 p2 = -0.543074 p3 = -0.702451 p4 = -2.95902
Minuit2Minimizer : Valid minimum - status = 0
FVAL  = 14.0891741433001201
Edm   = 3.06539946450783445e-06
Nfcn  = 138
jerUp_unc	  = -0.340179	 +/-  0.991065	(limited)
jesUp_unc	  = -0.590645	 +/-  0.959235	(limited)
lumi	  = -0.543074	 +/-  0.964942	(limited)
pdf_unc	  = -0.702451	 +/-  0.942822	(limited)
xs_Bkg	  = -2.95902	 +/-  0.384115	(limited)
Reference signal fit
   0) jerUp_unc                      = -0.340179
   1) jesUp_unc                      = -0.590645
   2) lumi                           = -0.543074
   3) pdf_unc                        = -0.702451
   4) xs_Bkg                         =  -2.95902

Fitting of the signal-plus-background hypothesis done in 0.00274897 s
      Evaluation of p-values done in  7.35765 s
	CLs = 0.00327869 +/- 0.00328078
      Evaluation of p-values done in  7.38647 s
	CLs = 0.00314465 +/- 0.00222488
      Evaluation of p-values done in  7.28762 s
	CLs = 0.00421053 +/- 0.00210689
      Evaluation of p-values done in  7.20455 s
	CLs = 0.00393701 +/- 0.00176195
      Evaluation of p-values done in  7.12436 s
	CLs = 0.00312305 +/- 0.00139745
	CLs      = 0.00312305 +/- 0.00139745
	CLb      = 0.3202 +/- 0.00659806
	CLsplusb = 0.001 +/- 0.00044699

Hybrid result saved as HypoTestResult_mh120_r450_3301339708 in higgsCombineTest.HybridNew.mH120.1447338263.root : higgsCombineTest.HybridNew.mH120.1447338263.root:/toys

 -- Hybrid New -- 
CLs = 0.00312305 +/- 0.00139745
Total toys: 10000
Done in 0.00 min (cpu), 0.61 min (real)
