>>> including systematics
>>> using the Profile Likelihood test statistics modified for upper limits (Q_LHC)
>>> method used to compute upper limit is HybridNew
>>> Using OpenSSL to get a really random seed 
>>> Used OpenSSL to get a really random seed -713869166
Adding /uscms_data/d2/lpcljm/sapta/SUSYSearch/LimitSetting/CMSSW_7_1_5/src to include path
Adding /cvmfs/cms.cern.ch/slc6_amd64_gcc481/lcg/roofit/5.34.18-cms3//include to include path
Input workspace 'w': 

RooWorkspace(w) w contents

variables
---------
(jerUp_unc,jerUp_unc_In,jesUp_unc,jesUp_unc_In,lumi,lumi_In,n_obs_binbin1,pdf_unc,pdf_unc_In,r,xs_Bkg,xs_Bkg_In)

p.d.f.s
-------
SimpleGaussianConstraint::jerUp_unc_Pdf[ x=jerUp_unc mean=jerUp_unc_In sigma=1 ] = 1
SimpleGaussianConstraint::jesUp_unc_Pdf[ x=jesUp_unc mean=jesUp_unc_In sigma=1 ] = 1
SimpleGaussianConstraint::lumi_Pdf[ x=lumi mean=lumi_In sigma=1 ] = 1
RooProdPdf::modelObs_b[ pdf_binbin1_bonly ] = 0.0126401
RooProdPdf::modelObs_s[ pdf_binbin1 ] = 0.00738806
RooProdPdf::model_b[ modelObs_b * nuisancePdf ] = 0.0126401
RooProdPdf::model_s[ modelObs_s * nuisancePdf ] = 0.00738806
RooProdPdf::nuisancePdf[ lumi_Pdf * jesUp_unc_Pdf * pdf_unc_Pdf * xs_Bkg_Pdf * jerUp_unc_Pdf ] = 1
RooPoisson::pdf_binbin1[ x=n_obs_binbin1 mean=n_exp_binbin1 ] = 0.00738806
RooPoisson::pdf_binbin1_bonly[ x=n_obs_binbin1 mean=n_exp_binbin1_bonly ] = 0.0126401
SimpleGaussianConstraint::pdf_unc_Pdf[ x=pdf_unc mean=pdf_unc_In sigma=1 ] = 1
SimpleGaussianConstraint::xs_Bkg_Pdf[ x=xs_Bkg mean=xs_Bkg_In sigma=1 ] = 1

functions
--------
RooAddition::n_exp_binbin1[ n_exp_binbin1_proc_BH + n_exp_binbin1_proc_Background ] = 15.6247
RooAddition::n_exp_binbin1_bonly[ n_exp_binbin1_proc_Background ] = 14.6247
ProcessNormalization::n_exp_binbin1_proc_BH[ thetaList=(lumi,jesUp_unc,pdf_unc) asymmThetaList=() otherFactorList=(r) ] = 1
ProcessNormalization::n_exp_binbin1_proc_Background[ thetaList=(xs_Bkg,jerUp_unc) asymmThetaList=() otherFactorList=() ] = 14.6247

datasets
--------
RooDataSet::data_obs(n_obs_binbin1)

named sets
----------
ModelConfig_GlobalObservables:(lumi_In,jesUp_unc_In,pdf_unc_In,xs_Bkg_In,jerUp_unc_In)
ModelConfig_NuisParams:(lumi,jesUp_unc,pdf_unc,xs_Bkg,jerUp_unc)
ModelConfig_Observables:(n_obs_binbin1)
ModelConfig_POI:(r)
ModelConfig_bonly_GlobalObservables:(lumi_In,jesUp_unc_In,pdf_unc_In,xs_Bkg_In,jerUp_unc_In)
ModelConfig_bonly_NuisParams:(lumi,jesUp_unc,pdf_unc,xs_Bkg,jerUp_unc)
ModelConfig_bonly_Observables:(n_obs_binbin1)
ModelConfig_bonly_POI:(r)
POI:(r)
globalObservables:(lumi_In,jesUp_unc_In,pdf_unc_In,xs_Bkg_In,jerUp_unc_In)
nuisances:(lumi,jesUp_unc,pdf_unc,xs_Bkg,jerUp_unc)
observables:(n_obs_binbin1)

generic objects
---------------
RooStats::ModelConfig::ModelConfig
RooStats::ModelConfig::ModelConfig_bonly
RooArgSet::discreteParams

Workspace has a ModelConfig for signal called 'ModelConfig', with contents:

=== Using the following for ModelConfig ===
Observables:             RooArgSet:: = (n_obs_binbin1)
Parameters of Interest:  RooArgSet:: = (r)
Nuisance Parameters:     RooArgSet:: = (lumi,jesUp_unc,pdf_unc,xs_Bkg,jerUp_unc)
Global Observables:      RooArgSet:: = (lumi_In,jesUp_unc_In,pdf_unc_In,xs_Bkg_In,jerUp_unc_In)
PDF:                     RooProdPdf::model_s[ modelObs_s * nuisancePdf ] = 0.00738806

Input ModelConfig 'ModelConfig': 

=== Using the following for ModelConfig ===
Observables:             RooArgSet:: = (n_obs_binbin1)
Parameters of Interest:  RooArgSet:: = (r)
Nuisance Parameters:     RooArgSet:: = (lumi,jesUp_unc,pdf_unc,xs_Bkg,jerUp_unc)
Global Observables:      RooArgSet:: = (lumi_In,jesUp_unc_In,pdf_unc_In,xs_Bkg_In,jerUp_unc_In)
PDF:                     RooProdPdf::model_s[ modelObs_s * nuisancePdf ] = 0.00738806

[#1] INFO:ObjectHandling -- RooWorkspace::import(w) importing RooUniform::prior
Computing limit starting from observation
  1) RooRealVar:: n_obs_binbin1 = 7
Set default minimizer to Minuit2
  r = 4.5 +/- 0
[#1] INFO:Minization --  Including the following contraint terms in minimization: (nuisancePdf)
[#1] INFO:Fitting -- RooAddition::defaultErrorLevel(nll_model_s_data_obs_with_constr) Summation contains a RooNLLVar, using its error level
Minuit2Minimizer: Minimize with max-calls 2500 convergence for edm < 0.01 strategy 1
MnSeedGenerator: for initial parameters FCN = 8.96557
MnSeedGenerator: Initial state:   - FCN =   8.965570866467 Edm =      1.85174 NCalls =     21
VariableMetric: start iterating until Edm is < 1e-05
VariableMetric: Initial state   - FCN =   8.965570866467 Edm =      1.85174 NCalls =     21
VariableMetric: Iteration #   1 - FCN =   6.882882600814 Edm =    0.0490569 NCalls =     34
VariableMetric: Iteration #   2 - FCN =   6.826932323569 Edm =  0.000201476 NCalls =     46
VariableMetric: Iteration #   3 - FCN =   6.826666352118 Edm =  1.27175e-08 NCalls =     58
VariableMetric: After Hessian   - FCN =   6.826666352118 Edm =  1.28954e-08 NCalls =     89
Number of iterations 5
----------> Iteration 0
            FVAL = 8.96557086647 Edm = 1.85174494684 Nfcn = 21
            Error matrix change = 1
            Parameters :  p0 = 0 p1 = 0 p2 = 0 p3 = 0 p4 = 0
----------> Iteration 1
            FVAL = 6.88288260081 Edm = 0.0490569489319 Nfcn = 34
            Error matrix change = 0.512868
            Parameters :  p0 = -0.351011 p1 = 0 p2 = 0 p3 = 0 p4 = -0.685198
----------> Iteration 2
            FVAL = 6.82693232357 Edm = 0.000201476375215 Nfcn = 46
            Error matrix change = 0.26642
            Parameters :  p0 = -0.0287662 p1 = 0 p2 = 0 p3 = 0 p4 = -0.733061
----------> Iteration 3
            FVAL = 6.82666635212 Edm = 1.27175211909e-08 Nfcn = 58
            Error matrix change = 0.141822
            Parameters :  p0 = -0.0351941 p1 = 0 p2 = 0 p3 = 0 p4 = -0.741512
----------> Iteration 4
            FVAL = 6.82666635212 Edm = 1.28953853433e-08 Nfcn = 89
            Error matrix change = 0
            Parameters :  p0 = -0.0351941 p1 = 0 p2 = 0 p3 = 0 p4 = -0.741512
Minuit2Minimizer : Valid minimum - status = 0
FVAL  = 6.82666635211757811
Edm   = 1.28953853433267984e-08
Nfcn  = 89
jerUp_unc	  = -0.0351941	 +/-  0.995673	(limited)
jesUp_unc	  = 0	 +/-  0.996602	(limited)
lumi	  = 0	 +/-  0.996602	(limited)
pdf_unc	  = 0	 +/-  0.996602	(limited)
xs_Bkg	  = -0.741512	 +/-  0.396031	(limited)
Zero signal fit
   0) jerUp_unc                      = -0.0351941
   1) jesUp_unc                      =         0
   2) lumi                           =         0
   3) pdf_unc                        =         0
   4) xs_Bkg                         = -0.741512

Fitting of the background hypothesis done in 0.27098 s
[#1] INFO:Fitting -- RooAddition::defaultErrorLevel(nll_model_s_data_obs_with_constr) Summation contains a RooNLLVar, using its error level
Minuit2Minimizer: Minimize with max-calls 2500 convergence for edm < 0.01 strategy 1
MnSeedGenerator: for initial parameters FCN = 8.16888
MnSeedGenerator: Initial state:   - FCN =   8.168881635437 Edm =     0.435245 NCalls =     21
VariableMetric: start iterating until Edm is < 1e-05
VariableMetric: Initial state   - FCN =   8.168881635437 Edm =     0.435245 NCalls =     21
VariableMetric: Iteration #   1 - FCN =   7.692640352189 Edm =   0.00829238 NCalls =     34
VariableMetric: Iteration #   2 - FCN =   7.683453036451 Edm =  3.96969e-05 NCalls =     46
VariableMetric: Iteration #   3 - FCN =   7.683403269945 Edm =  4.91816e-09 NCalls =     58
VariableMetric: After Hessian   - FCN =   7.683403269945 Edm =  4.94172e-09 NCalls =     89
Number of iterations 5
----------> Iteration 0
            FVAL = 8.16888163544 Edm = 0.435245246728 Nfcn = 21
            Error matrix change = 1
            Parameters :  p0 = -0.0351941 p1 = 0 p2 = 0 p3 = 0 p4 = -0.741512
----------> Iteration 1
            FVAL = 7.69264035219 Edm = 0.008292381238 Nfcn = 34
            Error matrix change = 0.527101
            Parameters :  p0 = -0.149145 p1 = -0.109693 p2 = -0.101216 p3 = -0.130622 p4 = -1.19507
----------> Iteration 2
            FVAL = 7.68345303645 Edm = 3.96969283694e-05 Nfcn = 46
            Error matrix change = 0.282106
            Parameters :  p0 = -0.0557611 p1 = -0.0600348 p2 = -0.0552811 p3 = -0.071906 p4 = -1.22188
----------> Iteration 3
            FVAL = 7.68340326995 Edm = 4.91816054325e-09 Nfcn = 58
            Error matrix change = 0.155913
            Parameters :  p0 = -0.0579578 p1 = -0.0610391 p2 = -0.0562773 p3 = -0.0728505 p4 = -1.2269
----------> Iteration 4
            FVAL = 7.68340326995 Edm = 4.94172297699e-09 Nfcn = 89
            Error matrix change = 0
            Parameters :  p0 = -0.0579578 p1 = -0.0610391 p2 = -0.0562773 p3 = -0.0728505 p4 = -1.2269
Minuit2Minimizer : Valid minimum - status = 0
FVAL  = 7.68340326994533918
Edm   = 4.94172297698857227e-09
Nfcn  = 89
jerUp_unc	  = -0.0579578	 +/-  0.995823	(limited)
jesUp_unc	  = -0.0610391	 +/-  0.99415	(limited)
lumi	  = -0.0562773	 +/-  0.994519	(limited)
pdf_unc	  = -0.0728505	 +/-  0.993103	(limited)
xs_Bkg	  = -1.2269	 +/-  0.541417	(limited)
Reference signal fit
   0) jerUp_unc                      = -0.0579578
   1) jesUp_unc                      = -0.0610391
   2) lumi                           = -0.0562773
   3) pdf_unc                        = -0.0728505
   4) xs_Bkg                         =   -1.2269

Fitting of the signal-plus-background hypothesis done in 0.0022881 s
      Evaluation of p-values done in  5.63934 s
	CLs = 0.275261 +/- 0.0327348
      Evaluation of p-values done in  5.87509 s
	CLs = 0.257549 +/- 0.0225598
      Evaluation of p-values done in  5.83663 s
	CLs = 0.280637 +/- 0.0196959
      Evaluation of p-values done in  5.60077 s
	CLs = 0.290383 +/- 0.0175415
      Evaluation of p-values done in  5.5395 s
	CLs = 0.304413 +/- 0.0161222
	CLs      = 0.304413 +/- 0.0161222
	CLb      = 0.2674 +/- 0.00625935
	CLsplusb = 0.0814 +/- 0.00386714

Hybrid result saved as HypoTestResult_mh120_r4.5_2313082071 in higgsCombineTest.HybridNew.mH120.-713869166.root : higgsCombineTest.HybridNew.mH120.-713869166.root:/toys

 -- Hybrid New -- 
CLs = 0.304413 +/- 0.0161222
Total toys: 10000
Done in 0.00 min (cpu), 0.48 min (real)
