>>> including systematics
>>> using the Profile Likelihood test statistics modified for upper limits (Q_LHC)
>>> method used to compute upper limit is HybridNew
>>> Using OpenSSL to get a really random seed 
>>> Used OpenSSL to get a really random seed 473043960
Adding /uscms_data/d2/lpcljm/sapta/SUSYSearch/LimitSetting/CMSSW_7_1_5/src to include path
Adding /cvmfs/cms.cern.ch/slc6_amd64_gcc481/lcg/roofit/5.34.18-cms3//include to include path
Input workspace 'w': 

RooWorkspace(w) w contents

variables
---------
(jerUp_unc,jerUp_unc_In,jesUp_unc,jesUp_unc_In,lumi,lumi_In,n_obs_binbin1,pdf_unc,pdf_unc_In,r,xs_Bkg,xs_Bkg_In)

p.d.f.s
-------
SimpleGaussianConstraint::jerUp_unc_Pdf[ x=jerUp_unc mean=jerUp_unc_In sigma=1 ] = 1
SimpleGaussianConstraint::jesUp_unc_Pdf[ x=jesUp_unc mean=jesUp_unc_In sigma=1 ] = 1
SimpleGaussianConstraint::lumi_Pdf[ x=lumi mean=lumi_In sigma=1 ] = 1
RooProdPdf::modelObs_b[ pdf_binbin1_bonly ] = 0.0480281
RooProdPdf::modelObs_s[ pdf_binbin1 ] = 0.0241786
RooProdPdf::model_b[ modelObs_b * nuisancePdf ] = 0.0480281
RooProdPdf::model_s[ modelObs_s * nuisancePdf ] = 0.0241786
RooProdPdf::nuisancePdf[ lumi_Pdf * jesUp_unc_Pdf * pdf_unc_Pdf * xs_Bkg_Pdf * jerUp_unc_Pdf ] = 1
RooPoisson::pdf_binbin1[ x=n_obs_binbin1 mean=n_exp_binbin1 ] = 0.0241786
RooPoisson::pdf_binbin1_bonly[ x=n_obs_binbin1 mean=n_exp_binbin1_bonly ] = 0.0480281
SimpleGaussianConstraint::pdf_unc_Pdf[ x=pdf_unc mean=pdf_unc_In sigma=1 ] = 1
SimpleGaussianConstraint::xs_Bkg_Pdf[ x=xs_Bkg mean=xs_Bkg_In sigma=1 ] = 1

functions
--------
RooAddition::n_exp_binbin1[ n_exp_binbin1_proc_BH + n_exp_binbin1_proc_Background ] = 6.88899
RooAddition::n_exp_binbin1_bonly[ n_exp_binbin1_proc_Background ] = 5.88899
ProcessNormalization::n_exp_binbin1_proc_BH[ thetaList=(lumi,jesUp_unc,pdf_unc) asymmThetaList=() otherFactorList=(r) ] = 1
ProcessNormalization::n_exp_binbin1_proc_Background[ thetaList=(xs_Bkg,jerUp_unc) asymmThetaList=() otherFactorList=() ] = 5.88899

datasets
--------
RooDataSet::data_obs(n_obs_binbin1)

named sets
----------
ModelConfig_GlobalObservables:(lumi_In,jesUp_unc_In,pdf_unc_In,xs_Bkg_In,jerUp_unc_In)
ModelConfig_NuisParams:(lumi,jesUp_unc,pdf_unc,xs_Bkg,jerUp_unc)
ModelConfig_Observables:(n_obs_binbin1)
ModelConfig_POI:(r)
ModelConfig_bonly_GlobalObservables:(lumi_In,jesUp_unc_In,pdf_unc_In,xs_Bkg_In,jerUp_unc_In)
ModelConfig_bonly_NuisParams:(lumi,jesUp_unc,pdf_unc,xs_Bkg,jerUp_unc)
ModelConfig_bonly_Observables:(n_obs_binbin1)
ModelConfig_bonly_POI:(r)
POI:(r)
globalObservables:(lumi_In,jesUp_unc_In,pdf_unc_In,xs_Bkg_In,jerUp_unc_In)
nuisances:(lumi,jesUp_unc,pdf_unc,xs_Bkg,jerUp_unc)
observables:(n_obs_binbin1)

generic objects
---------------
RooStats::ModelConfig::ModelConfig
RooStats::ModelConfig::ModelConfig_bonly
RooArgSet::discreteParams

Workspace has a ModelConfig for signal called 'ModelConfig', with contents:

=== Using the following for ModelConfig ===
Observables:             RooArgSet:: = (n_obs_binbin1)
Parameters of Interest:  RooArgSet:: = (r)
Nuisance Parameters:     RooArgSet:: = (lumi,jesUp_unc,pdf_unc,xs_Bkg,jerUp_unc)
Global Observables:      RooArgSet:: = (lumi_In,jesUp_unc_In,pdf_unc_In,xs_Bkg_In,jerUp_unc_In)
PDF:                     RooProdPdf::model_s[ modelObs_s * nuisancePdf ] = 0.0241786

Input ModelConfig 'ModelConfig': 

=== Using the following for ModelConfig ===
Observables:             RooArgSet:: = (n_obs_binbin1)
Parameters of Interest:  RooArgSet:: = (r)
Nuisance Parameters:     RooArgSet:: = (lumi,jesUp_unc,pdf_unc,xs_Bkg,jerUp_unc)
Global Observables:      RooArgSet:: = (lumi_In,jesUp_unc_In,pdf_unc_In,xs_Bkg_In,jerUp_unc_In)
PDF:                     RooProdPdf::model_s[ modelObs_s * nuisancePdf ] = 0.0241786

[#1] INFO:ObjectHandling -- RooWorkspace::import(w) importing RooUniform::prior
Computing limit starting from observation
  1) RooRealVar:: n_obs_binbin1 = 2
Set default minimizer to Minuit2
  r = 4 +/- 0
[#1] INFO:Minization --  Including the following contraint terms in minimization: (nuisancePdf)
[#1] INFO:Fitting -- RooAddition::defaultErrorLevel(nll_model_s_data_obs_with_constr) Summation contains a RooNLLVar, using its error level
Minuit2Minimizer: Minimize with max-calls 2500 convergence for edm < 0.01 strategy 1
MnSeedGenerator: for initial parameters FCN = 7.63066
MnSeedGenerator: Initial state:   - FCN =   7.630660834811 Edm =      1.08963 NCalls =     21
VariableMetric: start iterating until Edm is < 1e-05
VariableMetric: Initial state   - FCN =   7.630660834811 Edm =      1.08963 NCalls =     21
VariableMetric: Iteration #   1 - FCN =    6.35372463263 Edm =    0.0130318 NCalls =     34
VariableMetric: Iteration #   2 - FCN =   6.339032653027 Edm =   9.2169e-05 NCalls =     46
VariableMetric: Iteration #   3 - FCN =    6.33891060055 Edm =  1.60465e-09 NCalls =     58
VariableMetric: After Hessian   - FCN =    6.33891060055 Edm =  1.65582e-09 NCalls =     89
Number of iterations 5
----------> Iteration 0
            FVAL = 7.63066083481 Edm = 1.08962789042 Nfcn = 21
            Error matrix change = 1
            Parameters :  p0 = 0 p1 = 0 p2 = 0 p3 = 0 p4 = 0
----------> Iteration 1
            FVAL = 6.35372463263 Edm = 0.013031844698 Nfcn = 34
            Error matrix change = 0.511903
            Parameters :  p0 = -0.18945 p1 = 0 p2 = 0 p3 = 0 p4 = -0.735865
----------> Iteration 2
            FVAL = 6.33903265303 Edm = 9.21689626253e-05 Nfcn = 46
            Error matrix change = 0.262471
            Parameters :  p0 = -0.0273562 p1 = 0 p2 = 0 p3 = 0 p4 = -0.770102
----------> Iteration 3
            FVAL = 6.33891060055 Edm = 1.60464500447e-09 Nfcn = 58
            Error matrix change = 0.145499
            Parameters :  p0 = -0.032407 p1 = 0 p2 = 0 p3 = 0 p4 = -0.777824
----------> Iteration 4
            FVAL = 6.33891060055 Edm = 1.65582198327e-09 Nfcn = 89
            Error matrix change = 0
            Parameters :  p0 = -0.032407 p1 = 0 p2 = 0 p3 = 0 p4 = -0.777824
Minuit2Minimizer : Valid minimum - status = 0
FVAL  = 6.33891060055013877
Edm   = 1.65582198327116959e-09
Nfcn  = 89
jerUp_unc	  = -0.032407	 +/-  0.995991	(limited)
jesUp_unc	  = 0	 +/-  0.996602	(limited)
lumi	  = 0	 +/-  0.996602	(limited)
pdf_unc	  = 0	 +/-  0.996602	(limited)
xs_Bkg	  = -0.777824	 +/-  0.534019	(limited)
Zero signal fit
   0) jerUp_unc                      = -0.032407
   1) jesUp_unc                      =         0
   2) lumi                           =         0
   3) pdf_unc                        =         0
   4) xs_Bkg                         = -0.777824

Fitting of the background hypothesis done in 0.628958 s
[#1] INFO:Fitting -- RooAddition::defaultErrorLevel(nll_model_s_data_obs_with_constr) Summation contains a RooNLLVar, using its error level
Minuit2Minimizer: Minimize with max-calls 2500 convergence for edm < 0.01 strategy 1
MnSeedGenerator: for initial parameters FCN = 8.57482
MnSeedGenerator: Initial state:   - FCN =   8.574824237436 Edm =     0.229057 NCalls =     21
VariableMetric: start iterating until Edm is < 1e-05
VariableMetric: Initial state   - FCN =   8.574824237436 Edm =     0.229057 NCalls =     21
VariableMetric: Iteration #   1 - FCN =   8.332518084733 Edm =   0.00199345 NCalls =     33
VariableMetric: Iteration #   2 - FCN =   8.330089617339 Edm =  8.69664e-06 NCalls =     45
VariableMetric: Iteration #   3 - FCN =   8.330080087301 Edm =   7.8168e-10 NCalls =     57
VariableMetric: After Hessian   - FCN =   8.330080087301 Edm =  7.76722e-10 NCalls =     88
Number of iterations 5
----------> Iteration 0
            FVAL = 8.57482423744 Edm = 0.229056626015 Nfcn = 21
            Error matrix change = 1
            Parameters :  p0 = -0.032407 p1 = 0 p2 = 0 p3 = 0 p4 = -0.777824
----------> Iteration 1
            FVAL = 8.33251808473 Edm = 0.0019934534681 Nfcn = 33
            Error matrix change = 0.521422
            Parameters :  p0 = -0.0806286 p1 = -0.144171 p2 = -0.13306 p3 = -0.171568 p4 = -1.15246
----------> Iteration 2
            FVAL = 8.33008961734 Edm = 8.69664423001e-06 Nfcn = 45
            Error matrix change = 0.275117
            Parameters :  p0 = -0.0471199 p1 = -0.12466 p2 = -0.114859 p3 = -0.149057 p4 = -1.18628
----------> Iteration 3
            FVAL = 8.3300800873 Edm = 7.81679910437e-10 Nfcn = 57
            Error matrix change = 0.155087
            Parameters :  p0 = -0.0494688 p1 = -0.12574 p2 = -0.115907 p3 = -0.150156 p4 = -1.18827
----------> Iteration 4
            FVAL = 8.3300800873 Edm = 7.76722137043e-10 Nfcn = 88
            Error matrix change = 0
            Parameters :  p0 = -0.0494688 p1 = -0.12574 p2 = -0.115907 p3 = -0.150156 p4 = -1.18827
Minuit2Minimizer : Valid minimum - status = 0
FVAL  = 8.33008008730059402
Edm   = 7.76722137043325207e-10
Nfcn  = 88
jerUp_unc	  = -0.0494688	 +/-  0.996117	(limited)
jesUp_unc	  = -0.12574	 +/-  0.992686	(limited)
lumi	  = -0.115907	 +/-  0.993276	(limited)
pdf_unc	  = -0.150156	 +/-  0.991012	(limited)
xs_Bkg	  = -1.18827	 +/-  0.657293	(limited)
Reference signal fit
   0) jerUp_unc                      = -0.0494688
   1) jesUp_unc                      =  -0.12574
   2) lumi                           = -0.115907
   3) pdf_unc                        = -0.150156
   4) xs_Bkg                         =  -1.18827

Fitting of the signal-plus-background hypothesis done in 0.00233912 s
      Evaluation of p-values done in  6.33237 s
	CLs = 0.100775 +/- 0.0202399
      Evaluation of p-values done in  6.43203 s
	CLs = 0.0864662 +/- 0.0130041
      Evaluation of p-values done in  5.57775 s
	CLs = 0.0859278 +/- 0.010549
      Evaluation of p-values done in  6.35363 s
	CLs = 0.0878004 +/- 0.00918785
      Evaluation of p-values done in  5.6119 s
	CLs = 0.0850291 +/- 0.00800979
	CLs      = 0.0850291 +/- 0.00800979
	CLb      = 0.2752 +/- 0.00631609
	CLsplusb = 0.0234 +/- 0.00213787

Hybrid result saved as HypoTestResult_mh120_r4_1140710799 in higgsCombineTest.HybridNew.mH120.473043960.root : higgsCombineTest.HybridNew.mH120.473043960.root:/toys

 -- Hybrid New -- 
CLs = 0.0850291 +/- 0.00800979
Total toys: 10000
Done in 0.00 min (cpu), 0.52 min (real)
