>>> including systematics
>>> using the Profile Likelihood test statistics modified for upper limits (Q_LHC)
>>> method used to compute upper limit is HybridNew
>>> Using OpenSSL to get a really random seed 
>>> Used OpenSSL to get a really random seed 1312879835
Adding /uscms_data/d2/lpcljm/sapta/SUSYSearch/LimitSetting/CMSSW_7_1_5/src to include path
Adding /cvmfs/cms.cern.ch/slc6_amd64_gcc481/lcg/roofit/5.34.18-cms3//include to include path
Input workspace 'w': 

RooWorkspace(w) w contents

variables
---------
(jerUp_unc,jerUp_unc_In,jesUp_unc,jesUp_unc_In,lumi,lumi_In,n_obs_binbin1,pdf_unc,pdf_unc_In,r,xs_Bkg,xs_Bkg_In)

p.d.f.s
-------
SimpleGaussianConstraint::jerUp_unc_Pdf[ x=jerUp_unc mean=jerUp_unc_In sigma=1 ] = 1
SimpleGaussianConstraint::jesUp_unc_Pdf[ x=jesUp_unc mean=jesUp_unc_In sigma=1 ] = 1
SimpleGaussianConstraint::lumi_Pdf[ x=lumi mean=lumi_In sigma=1 ] = 1
RooProdPdf::modelObs_b[ pdf_binbin1_bonly ] = 1.16418e-07
RooProdPdf::modelObs_s[ pdf_binbin1 ] = 9.86712e-08
RooProdPdf::model_b[ modelObs_b * nuisancePdf ] = 1.16418e-07
RooProdPdf::model_s[ modelObs_s * nuisancePdf ] = 9.86712e-08
RooProdPdf::nuisancePdf[ lumi_Pdf * jesUp_unc_Pdf * pdf_unc_Pdf * xs_Bkg_Pdf * jerUp_unc_Pdf ] = 1
RooPoisson::pdf_binbin1[ x=n_obs_binbin1 mean=n_exp_binbin1 ] = 9.86712e-08
RooPoisson::pdf_binbin1_bonly[ x=n_obs_binbin1 mean=n_exp_binbin1_bonly ] = 1.16418e-07
SimpleGaussianConstraint::pdf_unc_Pdf[ x=pdf_unc mean=pdf_unc_In sigma=1 ] = 1
SimpleGaussianConstraint::xs_Bkg_Pdf[ x=xs_Bkg mean=xs_Bkg_In sigma=1 ] = 1

functions
--------
RooAddition::n_exp_binbin1[ n_exp_binbin1_proc_BH + n_exp_binbin1_proc_Background ] = 818.847
RooAddition::n_exp_binbin1_bonly[ n_exp_binbin1_proc_Background ] = 817.847
ProcessNormalization::n_exp_binbin1_proc_BH[ thetaList=(lumi,jesUp_unc,pdf_unc) asymmThetaList=() otherFactorList=(r) ] = 1
ProcessNormalization::n_exp_binbin1_proc_Background[ thetaList=(xs_Bkg,jerUp_unc) asymmThetaList=() otherFactorList=() ] = 817.847

datasets
--------
RooDataSet::data_obs(n_obs_binbin1)

named sets
----------
ModelConfig_GlobalObservables:(lumi_In,jesUp_unc_In,pdf_unc_In,xs_Bkg_In,jerUp_unc_In)
ModelConfig_NuisParams:(lumi,jesUp_unc,pdf_unc,xs_Bkg,jerUp_unc)
ModelConfig_Observables:(n_obs_binbin1)
ModelConfig_POI:(r)
ModelConfig_bonly_GlobalObservables:(lumi_In,jesUp_unc_In,pdf_unc_In,xs_Bkg_In,jerUp_unc_In)
ModelConfig_bonly_NuisParams:(lumi,jesUp_unc,pdf_unc,xs_Bkg,jerUp_unc)
ModelConfig_bonly_Observables:(n_obs_binbin1)
ModelConfig_bonly_POI:(r)
POI:(r)
globalObservables:(lumi_In,jesUp_unc_In,pdf_unc_In,xs_Bkg_In,jerUp_unc_In)
nuisances:(lumi,jesUp_unc,pdf_unc,xs_Bkg,jerUp_unc)
observables:(n_obs_binbin1)

generic objects
---------------
RooStats::ModelConfig::ModelConfig
RooStats::ModelConfig::ModelConfig_bonly
RooArgSet::discreteParams

Workspace has a ModelConfig for signal called 'ModelConfig', with contents:

=== Using the following for ModelConfig ===
Observables:             RooArgSet:: = (n_obs_binbin1)
Parameters of Interest:  RooArgSet:: = (r)
Nuisance Parameters:     RooArgSet:: = (lumi,jesUp_unc,pdf_unc,xs_Bkg,jerUp_unc)
Global Observables:      RooArgSet:: = (lumi_In,jesUp_unc_In,pdf_unc_In,xs_Bkg_In,jerUp_unc_In)
PDF:                     RooProdPdf::model_s[ modelObs_s * nuisancePdf ] = 9.86712e-08

Input ModelConfig 'ModelConfig': 

=== Using the following for ModelConfig ===
Observables:             RooArgSet:: = (n_obs_binbin1)
Parameters of Interest:  RooArgSet:: = (r)
Nuisance Parameters:     RooArgSet:: = (lumi,jesUp_unc,pdf_unc,xs_Bkg,jerUp_unc)
Global Observables:      RooArgSet:: = (lumi_In,jesUp_unc_In,pdf_unc_In,xs_Bkg_In,jerUp_unc_In)
PDF:                     RooProdPdf::model_s[ modelObs_s * nuisancePdf ] = 9.86712e-08

[#1] INFO:ObjectHandling -- RooWorkspace::import(w) importing RooUniform::prior
Computing limit starting from observation
  1) RooRealVar:: n_obs_binbin1 = 683
Set default minimizer to Minuit2
  r = 500 +/- 0
[#1] INFO:Minization --  Including the following contraint terms in minimization: (nuisancePdf)
[#1] INFO:Fitting -- RooAddition::defaultErrorLevel(nll_model_s_data_obs_with_constr) Summation contains a RooNLLVar, using its error level
Minuit2Minimizer: Minimize with max-calls 2500 convergence for edm < 0.01 strategy 1
MnSeedGenerator: for initial parameters FCN = 20.5608
MnSeedGenerator: Initial state:   - FCN =   20.56077516437 Edm =      17.1948 NCalls =     21
VariableMetric: start iterating until Edm is < 1e-05
VariableMetric: Initial state   - FCN =   20.56077516437 Edm =      17.1948 NCalls =     21
VariableMetric: Iteration #   1 - FCN =   10.03252748296 Edm =     0.284652 NCalls =     33
VariableMetric: Iteration #   2 - FCN =   8.919300210348 Edm =   0.00540495 NCalls =     45
VariableMetric: Iteration #   3 - FCN =   8.913049139787 Edm =  1.70749e-05 NCalls =     57
VariableMetric: Iteration #   4 - FCN =   8.913031774316 Edm =  4.54224e-09 NCalls =     68
VariableMetric: After Hessian   - FCN =   8.913031774316 Edm =  4.61561e-09 NCalls =     99
Number of iterations 6
----------> Iteration 0
            FVAL = 20.5607751644 Edm = 17.1948432985 Nfcn = 21
            Error matrix change = 1
            Parameters :  p0 = 0 p1 = 0 p2 = 0 p3 = 0 p4 = 0
----------> Iteration 1
            FVAL = 10.032527483 Edm = 0.28465176146 Nfcn = 33
            Error matrix change = 0.519253
            Parameters :  p0 = -1.47286 p1 = 0 p2 = 0 p3 = 0 p4 = -0.303005
----------> Iteration 2
            FVAL = 8.91930021035 Edm = 0.00540494699523 Nfcn = 45
            Error matrix change = 0.355486
            Parameters :  p0 = 0.0082431 p1 = 0 p2 = 0 p3 = 0 p4 = -0.51275
----------> Iteration 3
            FVAL = 8.91304913979 Edm = 1.7074864858e-05 Nfcn = 57
            Error matrix change = 0.181713
            Parameters :  p0 = -0.0636564 p1 = 0 p2 = 0 p3 = 0 p4 = -0.514065
----------> Iteration 4
            FVAL = 8.91303177432 Edm = 4.54223922168e-09 Nfcn = 68
            Error matrix change = 0.0921713
            Parameters :  p0 = -0.0592909 p1 = 0 p2 = 0 p3 = 0 p4 = -0.514982
----------> Iteration 5
            FVAL = 8.91303177432 Edm = 4.61560836509e-09 Nfcn = 99
            Error matrix change = 0
            Parameters :  p0 = -0.0592909 p1 = 0 p2 = 0 p3 = 0 p4 = -0.514982
Minuit2Minimizer : Valid minimum - status = 0
FVAL  = 8.91303177431587201
Edm   = 4.6156083650870802e-09
Nfcn  = 99
jerUp_unc	  = -0.0592909	 +/-  0.990274	(limited)
jesUp_unc	  = 0	 +/-  0.996602	(limited)
lumi	  = 0	 +/-  0.996602	(limited)
pdf_unc	  = 0	 +/-  0.996602	(limited)
xs_Bkg	  = -0.514982	 +/-  0.158535	(limited)
Zero signal fit
   0) jerUp_unc                      = -0.0592909
   1) jesUp_unc                      =         0
   2) lumi                           =         0
   3) pdf_unc                        =         0
   4) xs_Bkg                         = -0.514982

Fitting of the background hypothesis done in 0.297546 s
[#1] INFO:Fitting -- RooAddition::defaultErrorLevel(nll_model_s_data_obs_with_constr) Summation contains a RooNLLVar, using its error level
Minuit2Minimizer: Minimize with max-calls 2500 convergence for edm < 0.01 strategy 1
MnSeedGenerator: for initial parameters FCN = 134.369
MnSeedGenerator: Initial state:   - FCN =   134.3693530624 Edm =      205.426 NCalls =     21
VariableMetric: start iterating until Edm is < 1e-05
VariableMetric: Initial state   - FCN =   134.3693530624 Edm =      205.426 NCalls =     21
VariableMetric: Iteration #   1 - FCN =   34.03859125187 Edm =      4.14139 NCalls =     33
VariableMetric: Iteration #   2 - FCN =   21.71491614599 Edm =      2.19536 NCalls =     46
VariableMetric: Iteration #   3 - FCN =   16.47573087444 Edm =     0.444066 NCalls =     59
VariableMetric: Iteration #   4 - FCN =   15.82545212659 Edm =     0.177576 NCalls =     71
VariableMetric: Iteration #   5 - FCN =   15.56079999213 Edm =   0.00809759 NCalls =     83
VariableMetric: Iteration #   6 - FCN =   15.55090555565 Edm =  0.000670092 NCalls =     95
VariableMetric: Iteration #   7 - FCN =   15.54989223021 Edm =  2.59035e-05 NCalls =    107
VariableMetric: Iteration #   8 - FCN =    15.5498536154 Edm =  5.48357e-07 NCalls =    119
VariableMetric: After Hessian   - FCN =    15.5498536154 Edm =  6.94001e-07 NCalls =    150
Number of iterations 10
----------> Iteration 0
            FVAL = 134.369353062 Edm = 205.425767295 Nfcn = 21
            Error matrix change = 1
            Parameters :  p0 = -0.0592909 p1 = 0 p2 = 0 p3 = 0 p4 = -0.514982
----------> Iteration 1
            FVAL = 34.0385912519 Edm = 4.14139407164 Nfcn = 33
            Error matrix change = 0.622228
            Parameters :  p0 = -3.50368 p1 = -3.20427 p2 = -3.1671 p3 = -3.21833 p4 = -1.42045
----------> Iteration 2
            FVAL = 21.714916146 Edm = 2.19536142265 Nfcn = 46
            Error matrix change = 0.545087
            Parameters :  p0 = -1.42985 p1 = -1.09502 p2 = -0.729836 p3 = -1.85646 p4 = -2.12688
----------> Iteration 3
            FVAL = 16.4757308744 Edm = 0.44406563605 Nfcn = 59
            Error matrix change = 0.342812
            Parameters :  p0 = -0.138832 p1 = -1.28026 p2 = -1.14732 p3 = -1.79612 p4 = -2.8223
----------> Iteration 4
            FVAL = 15.8254521266 Edm = 0.177575868577 Nfcn = 71
            Error matrix change = 0.312558
            Parameters :  p0 = 0.0798854 p1 = -0.764417 p2 = -0.677762 p3 = -1.15109 p4 = -3.10615
----------> Iteration 5
            FVAL = 15.5607999921 Edm = 0.0080975911976 Nfcn = 83
            Error matrix change = 0.246044
            Parameters :  p0 = -0.389758 p1 = -0.832634 p2 = -0.798573 p3 = -0.963499 p4 = -3.19191
----------> Iteration 6
            FVAL = 15.5509055557 Edm = 0.00067009200983 Nfcn = 95
            Error matrix change = 0.188374
            Parameters :  p0 = -0.380409 p1 = -0.774902 p2 = -0.727993 p3 = -0.893842 p4 = -3.24002
----------> Iteration 7
            FVAL = 15.5498922302 Edm = 2.59034745484e-05 Nfcn = 107
            Error matrix change = 0.157863
            Parameters :  p0 = -0.370366 p1 = -0.775184 p2 = -0.714554 p3 = -0.915868 p4 = -3.24787
----------> Iteration 8
            FVAL = 15.5498536154 Edm = 5.48357166448e-07 Nfcn = 119
            Error matrix change = 0.173852
            Parameters :  p0 = -0.372641 p1 = -0.771396 p2 = -0.709988 p3 = -0.920535 p4 = -3.24707
----------> Iteration 9
            FVAL = 15.5498536154 Edm = 6.9400051894e-07 Nfcn = 150
            Error matrix change = 0
            Parameters :  p0 = -0.372641 p1 = -0.771396 p2 = -0.709988 p3 = -0.920535 p4 = -3.24707
Minuit2Minimizer : Valid minimum - status = 0
FVAL  = 15.5498536154020819
Edm   = 6.94000518939924e-07
Nfcn  = 150
jerUp_unc	  = -0.372641	 +/-  0.991226	(limited)
jesUp_unc	  = -0.771396	 +/-  0.948581	(limited)
lumi	  = -0.709988	 +/-  0.955953	(limited)
pdf_unc	  = -0.920535	 +/-  0.927326	(limited)
xs_Bkg	  = -3.24707	 +/-  0.417252	(limited)
Reference signal fit
   0) jerUp_unc                      = -0.372641
   1) jesUp_unc                      = -0.771396
   2) lumi                           = -0.709988
   3) pdf_unc                        = -0.920535
   4) xs_Bkg                         =  -3.24707

Fitting of the signal-plus-background hypothesis done in 0.002882 s
      Evaluation of p-values done in  7.7608 s
	CLs = 0 +/- 0
      Evaluation of p-values done in  7.71737 s
	CLs = 0 +/- 0
      Evaluation of p-values done in  7.67359 s
	CLs = 0 +/- 0
      Evaluation of p-values done in  7.64946 s
	CLs = 0 +/- 0
      Evaluation of p-values done in  7.68023 s
	CLs = 0 +/- 0
	CLs      = 0 +/- 0
	CLb      = 0.3234 +/- 0.00661532
	CLsplusb = 0 +/- 0

Hybrid result saved as HypoTestResult_mh120_r500_250287668 in higgsCombineTest.HybridNew.mH120.1312879835.root : higgsCombineTest.HybridNew.mH120.1312879835.root:/toys

 -- Hybrid New -- 
CLs = 0 +/- 0
Total toys: 10000
Done in 0.00 min (cpu), 0.65 min (real)
