>>> including systematics
>>> using the Profile Likelihood test statistics modified for upper limits (Q_LHC)
>>> method used to compute upper limit is HybridNew
>>> Using OpenSSL to get a really random seed 
>>> Used OpenSSL to get a really random seed 52873656
Adding /uscms_data/d2/lpcljm/sapta/SUSYSearch/LimitSetting/CMSSW_7_1_5/src to include path
Adding /cvmfs/cms.cern.ch/slc6_amd64_gcc481/lcg/roofit/5.34.18-cms3//include to include path
Input workspace 'w': 

RooWorkspace(w) w contents

variables
---------
(jerUp_unc,jerUp_unc_In,jesUp_unc,jesUp_unc_In,lumi,lumi_In,n_obs_binbin1,pdf_unc,pdf_unc_In,r,xs_Bkg,xs_Bkg_In)

p.d.f.s
-------
SimpleGaussianConstraint::jerUp_unc_Pdf[ x=jerUp_unc mean=jerUp_unc_In sigma=1 ] = 1
SimpleGaussianConstraint::jesUp_unc_Pdf[ x=jesUp_unc mean=jesUp_unc_In sigma=1 ] = 1
SimpleGaussianConstraint::lumi_Pdf[ x=lumi mean=lumi_In sigma=1 ] = 1
RooProdPdf::modelObs_b[ pdf_binbin1_bonly ] = 2.70653e-10
RooProdPdf::modelObs_s[ pdf_binbin1 ] = 2.42367e-10
RooProdPdf::model_b[ modelObs_b * nuisancePdf ] = 2.70653e-10
RooProdPdf::model_s[ modelObs_s * nuisancePdf ] = 2.42367e-10
RooProdPdf::nuisancePdf[ lumi_Pdf * jesUp_unc_Pdf * pdf_unc_Pdf * xs_Bkg_Pdf * jerUp_unc_Pdf ] = 1
RooPoisson::pdf_binbin1[ x=n_obs_binbin1 mean=n_exp_binbin1 ] = 2.42367e-10
RooPoisson::pdf_binbin1_bonly[ x=n_obs_binbin1 mean=n_exp_binbin1_bonly ] = 2.70653e-10
SimpleGaussianConstraint::pdf_unc_Pdf[ x=pdf_unc mean=pdf_unc_In sigma=1 ] = 1
SimpleGaussianConstraint::xs_Bkg_Pdf[ x=xs_Bkg mean=xs_Bkg_In sigma=1 ] = 1

functions
--------
RooAddition::n_exp_binbin1[ n_exp_binbin1_proc_BH + n_exp_binbin1_proc_Background ] = 2728.65
RooAddition::n_exp_binbin1_bonly[ n_exp_binbin1_proc_Background ] = 2727.65
ProcessNormalization::n_exp_binbin1_proc_BH[ thetaList=(lumi,jesUp_unc,pdf_unc) asymmThetaList=() otherFactorList=(r) ] = 1
ProcessNormalization::n_exp_binbin1_proc_Background[ thetaList=(xs_Bkg,jerUp_unc) asymmThetaList=() otherFactorList=() ] = 2727.65

datasets
--------
RooDataSet::data_obs(n_obs_binbin1)

named sets
----------
ModelConfig_GlobalObservables:(lumi_In,jesUp_unc_In,pdf_unc_In,xs_Bkg_In,jerUp_unc_In)
ModelConfig_NuisParams:(lumi,jesUp_unc,pdf_unc,xs_Bkg,jerUp_unc)
ModelConfig_Observables:(n_obs_binbin1)
ModelConfig_POI:(r)
ModelConfig_bonly_GlobalObservables:(lumi_In,jesUp_unc_In,pdf_unc_In,xs_Bkg_In,jerUp_unc_In)
ModelConfig_bonly_NuisParams:(lumi,jesUp_unc,pdf_unc,xs_Bkg,jerUp_unc)
ModelConfig_bonly_Observables:(n_obs_binbin1)
ModelConfig_bonly_POI:(r)
POI:(r)
globalObservables:(lumi_In,jesUp_unc_In,pdf_unc_In,xs_Bkg_In,jerUp_unc_In)
nuisances:(lumi,jesUp_unc,pdf_unc,xs_Bkg,jerUp_unc)
observables:(n_obs_binbin1)

generic objects
---------------
RooStats::ModelConfig::ModelConfig
RooStats::ModelConfig::ModelConfig_bonly
RooArgSet::discreteParams

Workspace has a ModelConfig for signal called 'ModelConfig', with contents:

=== Using the following for ModelConfig ===
Observables:             RooArgSet:: = (n_obs_binbin1)
Parameters of Interest:  RooArgSet:: = (r)
Nuisance Parameters:     RooArgSet:: = (lumi,jesUp_unc,pdf_unc,xs_Bkg,jerUp_unc)
Global Observables:      RooArgSet:: = (lumi_In,jesUp_unc_In,pdf_unc_In,xs_Bkg_In,jerUp_unc_In)
PDF:                     RooProdPdf::model_s[ modelObs_s * nuisancePdf ] = 2.42367e-10

Input ModelConfig 'ModelConfig': 

=== Using the following for ModelConfig ===
Observables:             RooArgSet:: = (n_obs_binbin1)
Parameters of Interest:  RooArgSet:: = (r)
Nuisance Parameters:     RooArgSet:: = (lumi,jesUp_unc,pdf_unc,xs_Bkg,jerUp_unc)
Global Observables:      RooArgSet:: = (lumi_In,jesUp_unc_In,pdf_unc_In,xs_Bkg_In,jerUp_unc_In)
PDF:                     RooProdPdf::model_s[ modelObs_s * nuisancePdf ] = 2.42367e-10

[#1] INFO:ObjectHandling -- RooWorkspace::import(w) importing RooUniform::prior
Computing limit starting from observation
  1) RooRealVar:: n_obs_binbin1 = 2427
Set default minimizer to Minuit2
  r = 500 +/- 0
[#1] INFO:Minization --  Including the following contraint terms in minimization: (nuisancePdf)
[#1] INFO:Fitting -- RooAddition::defaultErrorLevel(nll_model_s_data_obs_with_constr) Summation contains a RooNLLVar, using its error level
Minuit2Minimizer: Minimize with max-calls 2500 convergence for edm < 0.01 strategy 1
MnSeedGenerator: for initial parameters FCN = 26.6249
MnSeedGenerator: Initial state:   - FCN =   26.62487535396 Edm =      29.8348 NCalls =     21
VariableMetric: start iterating until Edm is < 1e-05
VariableMetric: Initial state   - FCN =   26.62487535396 Edm =      29.8348 NCalls =     21
VariableMetric: Iteration #   1 - FCN =   10.29124777661 Edm =    0.0840813 NCalls =     33
VariableMetric: Iteration #   2 - FCN =   9.692406690135 Edm =     0.116714 NCalls =     46
VariableMetric: Iteration #   3 - FCN =   9.536150623241 Edm =  7.06287e-05 NCalls =     58
VariableMetric: Iteration #   4 - FCN =   9.536080438531 Edm =  3.08216e-08 NCalls =     69
VariableMetric: After Hessian   - FCN =   9.536080438531 Edm =  3.01934e-08 NCalls =    100
Number of iterations 6
----------> Iteration 0
            FVAL = 26.624875354 Edm = 29.8347552757 Nfcn = 21
            Error matrix change = 1
            Parameters :  p0 = 0 p1 = 0 p2 = 0 p3 = 0 p4 = 0
----------> Iteration 1
            FVAL = 10.2912477766 Edm = 0.0840813222741 Nfcn = 33
            Error matrix change = 0.509054
            Parameters :  p0 = -1.27932 p1 = 0 p2 = 0 p3 = 0 p4 = -0.270717
----------> Iteration 2
            FVAL = 9.69240669013 Edm = 0.116714329587 Nfcn = 46
            Error matrix change = 0.373851
            Parameters :  p0 = -0.237372 p1 = 0 p2 = 0 p3 = 0 p4 = -0.418064
----------> Iteration 3
            FVAL = 9.53615062324 Edm = 7.06287014278e-05 Nfcn = 58
            Error matrix change = 0.192448
            Parameters :  p0 = -0.0957268 p1 = 0 p2 = 0 p3 = 0 p4 = -0.489505
----------> Iteration 4
            FVAL = 9.53608043853 Edm = 3.08216346026e-08 Nfcn = 69
            Error matrix change = 0.0988076
            Parameters :  p0 = -0.0838704 p1 = 0 p2 = 0 p3 = 0 p4 = -0.49141
----------> Iteration 5
            FVAL = 9.53608043853 Edm = 3.01934033882e-08 Nfcn = 100
            Error matrix change = 0
            Parameters :  p0 = -0.0838704 p1 = 0 p2 = 0 p3 = 0 p4 = -0.49141
Minuit2Minimizer : Valid minimum - status = 0
FVAL  = 9.53608043853127185
Edm   = 3.01934033881907302e-08
Nfcn  = 100
jerUp_unc	  = -0.0838704	 +/-  0.982668	(limited)
jesUp_unc	  = 0	 +/-  0.996602	(limited)
lumi	  = 0	 +/-  0.996602	(limited)
pdf_unc	  = 0	 +/-  0.996602	(limited)
xs_Bkg	  = -0.49141	 +/-  0.189222	(limited)
Zero signal fit
   0) jerUp_unc                      = -0.0838704
   1) jesUp_unc                      =         0
   2) lumi                           =         0
   3) pdf_unc                        =         0
   4) xs_Bkg                         =  -0.49141

Fitting of the background hypothesis done in 0.303933 s
[#1] INFO:Fitting -- RooAddition::defaultErrorLevel(nll_model_s_data_obs_with_constr) Summation contains a RooNLLVar, using its error level
Minuit2Minimizer: Minimize with max-calls 2500 convergence for edm < 0.01 strategy 1
MnSeedGenerator: for initial parameters FCN = 55.2721
MnSeedGenerator: Initial state:   - FCN =   55.27206646053 Edm =      91.7529 NCalls =     21
VariableMetric: start iterating until Edm is < 1e-05
VariableMetric: Initial state   - FCN =   55.27206646053 Edm =      91.7529 NCalls =     21
VariableMetric: Iteration #   1 - FCN =   15.07927345149 Edm =      1.66884 NCalls =     33
VariableMetric: Iteration #   2 - FCN =   12.32244118886 Edm =     0.389271 NCalls =     45
VariableMetric: Iteration #   3 - FCN =    11.3252466951 Edm =     0.291901 NCalls =     57
VariableMetric: Iteration #   4 - FCN =    10.5967686292 Edm =    0.0694593 NCalls =     69
VariableMetric: Iteration #   5 - FCN =   10.50497910368 Edm =  0.000663713 NCalls =     81
VariableMetric: Iteration #   6 - FCN =   10.50422133513 Edm =  1.44109e-05 NCalls =     93
VariableMetric: Iteration #   7 - FCN =   10.50420347131 Edm =  7.99724e-08 NCalls =    105
VariableMetric: After Hessian   - FCN =   10.50420347131 Edm =  8.18023e-08 NCalls =    136
Number of iterations 9
----------> Iteration 0
            FVAL = 55.2720664605 Edm = 91.7528725388 Nfcn = 21
            Error matrix change = 1
            Parameters :  p0 = -0.0838704 p1 = 0 p2 = 0 p3 = 0 p4 = -0.49141
----------> Iteration 1
            FVAL = 15.0792734515 Edm = 1.66883538913 Nfcn = 33
            Error matrix change = 0.604182
            Parameters :  p0 = -1.90181 p1 = -1.45269 p2 = -1.39678 p3 = -1.55338 p4 = -0.899288
----------> Iteration 2
            FVAL = 12.3224411889 Edm = 0.389271376152 Nfcn = 45
            Error matrix change = 0.470943
            Parameters :  p0 = -1.84426 p1 = -0.0608307 p2 = 0.0272455 p3 = -0.294072 p4 = -1.05815
----------> Iteration 3
            FVAL = 11.3252466951 Edm = 0.291901068217 Nfcn = 57
            Error matrix change = 0.330941
            Parameters :  p0 = -1.43561 p1 = -0.253283 p2 = -0.298096 p3 = -0.189557 p4 = -1.24697
----------> Iteration 4
            FVAL = 10.5967686292 Edm = 0.0694593199466 Nfcn = 69
            Error matrix change = 0.296798
            Parameters :  p0 = -0.407266 p1 = 0.0817148 p2 = 0.0251679 p3 = 0.247455 p4 = -1.45953
----------> Iteration 5
            FVAL = 10.5049791037 Edm = 0.000663713132437 Nfcn = 81
            Error matrix change = 0.214793
            Parameters :  p0 = -0.251542 p1 = -0.101321 p2 = -0.0947569 p3 = -0.0799063 p4 = -1.44183
----------> Iteration 6
            FVAL = 10.5042213351 Edm = 1.44109208708e-05 Nfcn = 93
            Error matrix change = 0.155302
            Parameters :  p0 = -0.24535 p1 = -0.0804603 p2 = -0.0728005 p3 = -0.0901625 p4 = -1.44209
----------> Iteration 7
            FVAL = 10.5042034713 Edm = 7.9972407778e-08 Nfcn = 105
            Error matrix change = 0.101636
            Parameters :  p0 = -0.247206 p1 = -0.0781999 p2 = -0.0719093 p3 = -0.0932503 p4 = -1.44219
----------> Iteration 8
            FVAL = 10.5042034713 Edm = 8.18023179647e-08 Nfcn = 136
            Error matrix change = 0
            Parameters :  p0 = -0.247206 p1 = -0.0781999 p2 = -0.0719093 p3 = -0.0932503 p4 = -1.44219
Minuit2Minimizer : Valid minimum - status = 0
FVAL  = 10.5042034713148222
Edm   = 8.18023179647306555e-08
Nfcn  = 136
jerUp_unc	  = -0.247206	 +/-  0.982887	(limited)
jesUp_unc	  = -0.0781999	 +/-  0.992943	(limited)
lumi	  = -0.0719093	 +/-  0.993493	(limited)
pdf_unc	  = -0.0932503	 +/-  0.99138	(limited)
xs_Bkg	  = -1.44219	 +/-  0.220233	(limited)
Reference signal fit
   0) jerUp_unc                      = -0.247206
   1) jesUp_unc                      = -0.0781999
   2) lumi                           = -0.0719093
   3) pdf_unc                        = -0.0932503
   4) xs_Bkg                         =  -1.44219

Fitting of the signal-plus-background hypothesis done in 0.00274992 s
      Evaluation of p-values done in  7.45032 s
	CLs = 0.222997 +/- 0.0291685
      Evaluation of p-values done in  7.82161 s
	CLs = 0.227273 +/- 0.0204431
      Evaluation of p-values done in  7.19967 s
	CLs = 0.205128 +/- 0.0157334
      Evaluation of p-values done in  7.17191 s
	CLs = 0.206897 +/- 0.0135502
      Evaluation of p-values done in  6.82344 s
	CLs = 0.208223 +/- 0.0122265
	CLs      = 0.208223 +/- 0.0122265
	CLb      = 0.3016 +/- 0.00649057
	CLsplusb = 0.0628 +/- 0.00343092

Hybrid result saved as HypoTestResult_mh120_r500_3457634770 in higgsCombineTest.HybridNew.mH120.52873656.root : higgsCombineTest.HybridNew.mH120.52873656.root:/toys

 -- Hybrid New -- 
CLs = 0.208223 +/- 0.0122265
Total toys: 10000
Done in 0.00 min (cpu), 0.61 min (real)
