>>> including systematics
>>> using the Profile Likelihood test statistics modified for upper limits (Q_LHC)
>>> method used to compute upper limit is HybridNew
>>> Using OpenSSL to get a really random seed 
>>> Used OpenSSL to get a really random seed 511399448
Adding /uscms_data/d2/lpcljm/sapta/SUSYSearch/LimitSetting/CMSSW_7_1_5/src to include path
Adding /cvmfs/cms.cern.ch/slc6_amd64_gcc481/lcg/roofit/5.34.18-cms3//include to include path
Input workspace 'w': 

RooWorkspace(w) w contents

variables
---------
(jerUp_unc,jerUp_unc_In,jesUp_unc,jesUp_unc_In,lumi,lumi_In,n_obs_binbin1,pdf_unc,pdf_unc_In,r,xs_Bkg,xs_Bkg_In)

p.d.f.s
-------
SimpleGaussianConstraint::jerUp_unc_Pdf[ x=jerUp_unc mean=jerUp_unc_In sigma=1 ] = 1
SimpleGaussianConstraint::jesUp_unc_Pdf[ x=jesUp_unc mean=jesUp_unc_In sigma=1 ] = 1
SimpleGaussianConstraint::lumi_Pdf[ x=lumi mean=lumi_In sigma=1 ] = 1
RooProdPdf::modelObs_b[ pdf_binbin1_bonly ] = 1.16418e-07
RooProdPdf::modelObs_s[ pdf_binbin1 ] = 9.86712e-08
RooProdPdf::model_b[ modelObs_b * nuisancePdf ] = 1.16418e-07
RooProdPdf::model_s[ modelObs_s * nuisancePdf ] = 9.86712e-08
RooProdPdf::nuisancePdf[ lumi_Pdf * jesUp_unc_Pdf * pdf_unc_Pdf * xs_Bkg_Pdf * jerUp_unc_Pdf ] = 1
RooPoisson::pdf_binbin1[ x=n_obs_binbin1 mean=n_exp_binbin1 ] = 9.86712e-08
RooPoisson::pdf_binbin1_bonly[ x=n_obs_binbin1 mean=n_exp_binbin1_bonly ] = 1.16418e-07
SimpleGaussianConstraint::pdf_unc_Pdf[ x=pdf_unc mean=pdf_unc_In sigma=1 ] = 1
SimpleGaussianConstraint::xs_Bkg_Pdf[ x=xs_Bkg mean=xs_Bkg_In sigma=1 ] = 1

functions
--------
RooAddition::n_exp_binbin1[ n_exp_binbin1_proc_BH + n_exp_binbin1_proc_Background ] = 818.847
RooAddition::n_exp_binbin1_bonly[ n_exp_binbin1_proc_Background ] = 817.847
ProcessNormalization::n_exp_binbin1_proc_BH[ thetaList=(lumi,jesUp_unc,pdf_unc) asymmThetaList=() otherFactorList=(r) ] = 1
ProcessNormalization::n_exp_binbin1_proc_Background[ thetaList=(xs_Bkg,jerUp_unc) asymmThetaList=() otherFactorList=() ] = 817.847

datasets
--------
RooDataSet::data_obs(n_obs_binbin1)

named sets
----------
ModelConfig_GlobalObservables:(lumi_In,jesUp_unc_In,pdf_unc_In,xs_Bkg_In,jerUp_unc_In)
ModelConfig_NuisParams:(lumi,jesUp_unc,pdf_unc,xs_Bkg,jerUp_unc)
ModelConfig_Observables:(n_obs_binbin1)
ModelConfig_POI:(r)
ModelConfig_bonly_GlobalObservables:(lumi_In,jesUp_unc_In,pdf_unc_In,xs_Bkg_In,jerUp_unc_In)
ModelConfig_bonly_NuisParams:(lumi,jesUp_unc,pdf_unc,xs_Bkg,jerUp_unc)
ModelConfig_bonly_Observables:(n_obs_binbin1)
ModelConfig_bonly_POI:(r)
POI:(r)
globalObservables:(lumi_In,jesUp_unc_In,pdf_unc_In,xs_Bkg_In,jerUp_unc_In)
nuisances:(lumi,jesUp_unc,pdf_unc,xs_Bkg,jerUp_unc)
observables:(n_obs_binbin1)

generic objects
---------------
RooStats::ModelConfig::ModelConfig
RooStats::ModelConfig::ModelConfig_bonly
RooArgSet::discreteParams

Workspace has a ModelConfig for signal called 'ModelConfig', with contents:

=== Using the following for ModelConfig ===
Observables:             RooArgSet:: = (n_obs_binbin1)
Parameters of Interest:  RooArgSet:: = (r)
Nuisance Parameters:     RooArgSet:: = (lumi,jesUp_unc,pdf_unc,xs_Bkg,jerUp_unc)
Global Observables:      RooArgSet:: = (lumi_In,jesUp_unc_In,pdf_unc_In,xs_Bkg_In,jerUp_unc_In)
PDF:                     RooProdPdf::model_s[ modelObs_s * nuisancePdf ] = 9.86712e-08

Input ModelConfig 'ModelConfig': 

=== Using the following for ModelConfig ===
Observables:             RooArgSet:: = (n_obs_binbin1)
Parameters of Interest:  RooArgSet:: = (r)
Nuisance Parameters:     RooArgSet:: = (lumi,jesUp_unc,pdf_unc,xs_Bkg,jerUp_unc)
Global Observables:      RooArgSet:: = (lumi_In,jesUp_unc_In,pdf_unc_In,xs_Bkg_In,jerUp_unc_In)
PDF:                     RooProdPdf::model_s[ modelObs_s * nuisancePdf ] = 9.86712e-08

[#1] INFO:ObjectHandling -- RooWorkspace::import(w) importing RooUniform::prior
Computing limit starting from observation
  1) RooRealVar:: n_obs_binbin1 = 683
Set default minimizer to Minuit2
  r = 550 +/- 0
[#1] INFO:Minization --  Including the following contraint terms in minimization: (nuisancePdf)
[#1] INFO:Fitting -- RooAddition::defaultErrorLevel(nll_model_s_data_obs_with_constr) Summation contains a RooNLLVar, using its error level
Minuit2Minimizer: Minimize with max-calls 2500 convergence for edm < 0.01 strategy 1
MnSeedGenerator: for initial parameters FCN = 20.5608
MnSeedGenerator: Initial state:   - FCN =   20.56077516437 Edm =      17.1948 NCalls =     21
VariableMetric: start iterating until Edm is < 1e-05
VariableMetric: Initial state   - FCN =   20.56077516437 Edm =      17.1948 NCalls =     21
VariableMetric: Iteration #   1 - FCN =   10.03252748296 Edm =     0.284652 NCalls =     33
VariableMetric: Iteration #   2 - FCN =   8.919300210348 Edm =   0.00540495 NCalls =     45
VariableMetric: Iteration #   3 - FCN =   8.913049139787 Edm =  1.70749e-05 NCalls =     57
VariableMetric: Iteration #   4 - FCN =   8.913031774316 Edm =  4.54224e-09 NCalls =     68
VariableMetric: After Hessian   - FCN =   8.913031774316 Edm =  4.61561e-09 NCalls =     99
Number of iterations 6
----------> Iteration 0
            FVAL = 20.5607751644 Edm = 17.1948432985 Nfcn = 21
            Error matrix change = 1
            Parameters :  p0 = 0 p1 = 0 p2 = 0 p3 = 0 p4 = 0
----------> Iteration 1
            FVAL = 10.032527483 Edm = 0.28465176146 Nfcn = 33
            Error matrix change = 0.519253
            Parameters :  p0 = -1.47286 p1 = 0 p2 = 0 p3 = 0 p4 = -0.303005
----------> Iteration 2
            FVAL = 8.91930021035 Edm = 0.00540494699523 Nfcn = 45
            Error matrix change = 0.355486
            Parameters :  p0 = 0.0082431 p1 = 0 p2 = 0 p3 = 0 p4 = -0.51275
----------> Iteration 3
            FVAL = 8.91304913979 Edm = 1.7074864858e-05 Nfcn = 57
            Error matrix change = 0.181713
            Parameters :  p0 = -0.0636564 p1 = 0 p2 = 0 p3 = 0 p4 = -0.514065
----------> Iteration 4
            FVAL = 8.91303177432 Edm = 4.54223922168e-09 Nfcn = 68
            Error matrix change = 0.0921713
            Parameters :  p0 = -0.0592909 p1 = 0 p2 = 0 p3 = 0 p4 = -0.514982
----------> Iteration 5
            FVAL = 8.91303177432 Edm = 4.61560836509e-09 Nfcn = 99
            Error matrix change = 0
            Parameters :  p0 = -0.0592909 p1 = 0 p2 = 0 p3 = 0 p4 = -0.514982
Minuit2Minimizer : Valid minimum - status = 0
FVAL  = 8.91303177431587201
Edm   = 4.6156083650870802e-09
Nfcn  = 99
jerUp_unc	  = -0.0592909	 +/-  0.990274	(limited)
jesUp_unc	  = 0	 +/-  0.996602	(limited)
lumi	  = 0	 +/-  0.996602	(limited)
pdf_unc	  = 0	 +/-  0.996602	(limited)
xs_Bkg	  = -0.514982	 +/-  0.158535	(limited)
Zero signal fit
   0) jerUp_unc                      = -0.0592909
   1) jesUp_unc                      =         0
   2) lumi                           =         0
   3) pdf_unc                        =         0
   4) xs_Bkg                         = -0.514982

Fitting of the background hypothesis done in 0.303725 s
[#1] INFO:Fitting -- RooAddition::defaultErrorLevel(nll_model_s_data_obs_with_constr) Summation contains a RooNLLVar, using its error level
Minuit2Minimizer: Minimize with max-calls 2500 convergence for edm < 0.01 strategy 1
MnSeedGenerator: for initial parameters FCN = 156.131
MnSeedGenerator: Initial state:   - FCN =   156.1307950327 Edm =       242.93 NCalls =     21
VariableMetric: start iterating until Edm is < 1e-05
VariableMetric: Initial state   - FCN =   156.1307950327 Edm =       242.93 NCalls =     21
VariableMetric: Iteration #   1 - FCN =   38.12825110089 Edm =      4.42415 NCalls =     43
VariableMetric: Iteration #   2 - FCN =    24.4787306384 Edm =      2.24532 NCalls =     62
VariableMetric: Iteration #   3 - FCN =   18.35219263377 Edm =     0.507626 NCalls =     76
VariableMetric: Iteration #   4 - FCN =   17.60571715166 Edm =     0.233678 NCalls =     89
VariableMetric: Iteration #   5 - FCN =   17.27247503981 Edm =    0.0133059 NCalls =    101
VariableMetric: Iteration #   6 - FCN =    17.2498213372 Edm =   0.00038917 NCalls =    113
VariableMetric: Iteration #   7 - FCN =   17.24922250143 Edm =  7.72755e-05 NCalls =    125
VariableMetric: Iteration #   8 - FCN =   17.24912753046 Edm =  7.98312e-07 NCalls =    137
VariableMetric: After Hessian   - FCN =   17.24912753046 Edm =   1.2911e-06 NCalls =    168
Number of iterations 10
----------> Iteration 0
            FVAL = 156.130795033 Edm = 242.929653107 Nfcn = 21
            Error matrix change = 1
            Parameters :  p0 = -0.0592909 p1 = 0 p2 = 0 p3 = 0 p4 = -0.514982
----------> Iteration 1
            FVAL = 38.1282511009 Edm = 4.42415004196 Nfcn = 43
            Error matrix change = 0.621368
            Parameters :  p0 = -3.71661 p1 = -3.50697 p2 = -3.48401 p3 = -3.48435 p4 = -1.48366
----------> Iteration 2
            FVAL = 24.4787306384 Edm = 2.24532069021 Nfcn = 62
            Error matrix change = 0.55382
            Parameters :  p0 = -1.42196 p1 = -1.4233 p2 = -1.03124 p3 = -2.20335 p4 = -2.20914
----------> Iteration 3
            FVAL = 18.3521926338 Edm = 0.50762633508 Nfcn = 76
            Error matrix change = 0.344745
            Parameters :  p0 = 0.0976846 p1 = -1.46657 p2 = -1.30759 p3 = -2.09175 p4 = -3.07766
----------> Iteration 4
            FVAL = 17.6057171517 Edm = 0.233678022092 Nfcn = 89
            Error matrix change = 0.333969
            Parameters :  p0 = 0.0583991 p1 = -0.957762 p2 = -0.841355 p3 = -1.45325 p4 = -3.32296
----------> Iteration 5
            FVAL = 17.2724750398 Edm = 0.0133059332253 Nfcn = 101
            Error matrix change = 0.2413
            Parameters :  p0 = -0.505155 p1 = -1.01028 p2 = -0.968032 p3 = -1.20093 p4 = -3.42753
----------> Iteration 6
            FVAL = 17.2498213372 Edm = 0.000389170295741 Nfcn = 113
            Error matrix change = 0.18419
            Parameters :  p0 = -0.396607 p1 = -0.979456 p2 = -0.917821 p3 = -1.13985 p4 = -3.51292
----------> Iteration 7
            FVAL = 17.2492225014 Edm = 7.72755289358e-05 Nfcn = 125
            Error matrix change = 0.196224
            Parameters :  p0 = -0.400016 p1 = -0.982533 p2 = -0.907315 p3 = -1.16178 p4 = -3.51486
----------> Iteration 8
            FVAL = 17.2491275305 Edm = 7.98311739532e-07 Nfcn = 137
            Error matrix change = 0.14183
            Parameters :  p0 = -0.404248 p1 = -0.976267 p2 = -0.89809 p3 = -1.16395 p4 = -3.51588
----------> Iteration 9
            FVAL = 17.2491275305 Edm = 1.29110473251e-06 Nfcn = 168
            Error matrix change = 0
            Parameters :  p0 = -0.404248 p1 = -0.976267 p2 = -0.89809 p3 = -1.16395 p4 = -3.51588
Minuit2Minimizer : Valid minimum - status = 0
FVAL  = 17.2491275304626548
Edm   = 1.2911047325121765e-06
Nfcn  = 168
jerUp_unc	  = -0.404248	 +/-  0.991386	(limited)
jesUp_unc	  = -0.976267	 +/-  0.938134	(limited)
lumi	  = -0.89809	 +/-  0.947147	(limited)
pdf_unc	  = -1.16395	 +/-  0.912019	(limited)
xs_Bkg	  = -3.51588	 +/-  0.44549	(limited)
Reference signal fit
   0) jerUp_unc                      = -0.404248
   1) jesUp_unc                      = -0.976267
   2) lumi                           =  -0.89809
   3) pdf_unc                        =  -1.16395
   4) xs_Bkg                         =  -3.51588

Fitting of the signal-plus-background hypothesis done in 0.00297594 s
      Evaluation of p-values done in  8.08112 s
	CLs = 0 +/- 0
      Evaluation of p-values done in  7.82472 s
	CLs = 0 +/- 0
      Evaluation of p-values done in  8.05478 s
	CLs = 0 +/- 0
      Evaluation of p-values done in  7.89478 s
	CLs = 0 +/- 0
      Evaluation of p-values done in  8.05832 s
	CLs = 0 +/- 0
	CLs      = 0 +/- 0
	CLb      = 0.3404 +/- 0.00670116
	CLsplusb = 0 +/- 0

Hybrid result saved as HypoTestResult_mh120_r550_2718203994 in higgsCombineTest.HybridNew.mH120.511399448.root : higgsCombineTest.HybridNew.mH120.511399448.root:/toys

 -- Hybrid New -- 
CLs = 0 +/- 0
Total toys: 10000
Done in 0.00 min (cpu), 0.67 min (real)
