>>> including systematics
>>> using the Profile Likelihood test statistics modified for upper limits (Q_LHC)
>>> method used to compute upper limit is HybridNew
>>> Using OpenSSL to get a really random seed 
>>> Used OpenSSL to get a really random seed -1623454803
Adding /uscms_data/d2/lpcljm/sapta/SUSYSearch/LimitSetting/CMSSW_7_1_5/src to include path
Adding /cvmfs/cms.cern.ch/slc6_amd64_gcc481/lcg/roofit/5.34.18-cms3//include to include path
Input workspace 'w': 

RooWorkspace(w) w contents

variables
---------
(jerUp_unc,jerUp_unc_In,jesUp_unc,jesUp_unc_In,lumi,lumi_In,n_obs_binbin1,pdf_unc,pdf_unc_In,r,xs_Bkg,xs_Bkg_In)

p.d.f.s
-------
SimpleGaussianConstraint::jerUp_unc_Pdf[ x=jerUp_unc mean=jerUp_unc_In sigma=1 ] = 1
SimpleGaussianConstraint::jesUp_unc_Pdf[ x=jesUp_unc mean=jesUp_unc_In sigma=1 ] = 1
SimpleGaussianConstraint::lumi_Pdf[ x=lumi mean=lumi_In sigma=1 ] = 1
RooProdPdf::modelObs_b[ pdf_binbin1_bonly ] = 2.70653e-10
RooProdPdf::modelObs_s[ pdf_binbin1 ] = 2.42367e-10
RooProdPdf::model_b[ modelObs_b * nuisancePdf ] = 2.70653e-10
RooProdPdf::model_s[ modelObs_s * nuisancePdf ] = 2.42367e-10
RooProdPdf::nuisancePdf[ lumi_Pdf * jesUp_unc_Pdf * pdf_unc_Pdf * xs_Bkg_Pdf * jerUp_unc_Pdf ] = 1
RooPoisson::pdf_binbin1[ x=n_obs_binbin1 mean=n_exp_binbin1 ] = 2.42367e-10
RooPoisson::pdf_binbin1_bonly[ x=n_obs_binbin1 mean=n_exp_binbin1_bonly ] = 2.70653e-10
SimpleGaussianConstraint::pdf_unc_Pdf[ x=pdf_unc mean=pdf_unc_In sigma=1 ] = 1
SimpleGaussianConstraint::xs_Bkg_Pdf[ x=xs_Bkg mean=xs_Bkg_In sigma=1 ] = 1

functions
--------
RooAddition::n_exp_binbin1[ n_exp_binbin1_proc_BH + n_exp_binbin1_proc_Background ] = 2728.65
RooAddition::n_exp_binbin1_bonly[ n_exp_binbin1_proc_Background ] = 2727.65
ProcessNormalization::n_exp_binbin1_proc_BH[ thetaList=(lumi,jesUp_unc,pdf_unc) asymmThetaList=() otherFactorList=(r) ] = 1
ProcessNormalization::n_exp_binbin1_proc_Background[ thetaList=(xs_Bkg,jerUp_unc) asymmThetaList=() otherFactorList=() ] = 2727.65

datasets
--------
RooDataSet::data_obs(n_obs_binbin1)

named sets
----------
ModelConfig_GlobalObservables:(lumi_In,jesUp_unc_In,pdf_unc_In,xs_Bkg_In,jerUp_unc_In)
ModelConfig_NuisParams:(lumi,jesUp_unc,pdf_unc,xs_Bkg,jerUp_unc)
ModelConfig_Observables:(n_obs_binbin1)
ModelConfig_POI:(r)
ModelConfig_bonly_GlobalObservables:(lumi_In,jesUp_unc_In,pdf_unc_In,xs_Bkg_In,jerUp_unc_In)
ModelConfig_bonly_NuisParams:(lumi,jesUp_unc,pdf_unc,xs_Bkg,jerUp_unc)
ModelConfig_bonly_Observables:(n_obs_binbin1)
ModelConfig_bonly_POI:(r)
POI:(r)
globalObservables:(lumi_In,jesUp_unc_In,pdf_unc_In,xs_Bkg_In,jerUp_unc_In)
nuisances:(lumi,jesUp_unc,pdf_unc,xs_Bkg,jerUp_unc)
observables:(n_obs_binbin1)

generic objects
---------------
RooStats::ModelConfig::ModelConfig
RooStats::ModelConfig::ModelConfig_bonly
RooArgSet::discreteParams

Workspace has a ModelConfig for signal called 'ModelConfig', with contents:

=== Using the following for ModelConfig ===
Observables:             RooArgSet:: = (n_obs_binbin1)
Parameters of Interest:  RooArgSet:: = (r)
Nuisance Parameters:     RooArgSet:: = (lumi,jesUp_unc,pdf_unc,xs_Bkg,jerUp_unc)
Global Observables:      RooArgSet:: = (lumi_In,jesUp_unc_In,pdf_unc_In,xs_Bkg_In,jerUp_unc_In)
PDF:                     RooProdPdf::model_s[ modelObs_s * nuisancePdf ] = 2.42367e-10

Input ModelConfig 'ModelConfig': 

=== Using the following for ModelConfig ===
Observables:             RooArgSet:: = (n_obs_binbin1)
Parameters of Interest:  RooArgSet:: = (r)
Nuisance Parameters:     RooArgSet:: = (lumi,jesUp_unc,pdf_unc,xs_Bkg,jerUp_unc)
Global Observables:      RooArgSet:: = (lumi_In,jesUp_unc_In,pdf_unc_In,xs_Bkg_In,jerUp_unc_In)
PDF:                     RooProdPdf::model_s[ modelObs_s * nuisancePdf ] = 2.42367e-10

[#1] INFO:ObjectHandling -- RooWorkspace::import(w) importing RooUniform::prior
Computing limit starting from observation
  1) RooRealVar:: n_obs_binbin1 = 2427
Set default minimizer to Minuit2
  r = 600 +/- 0
[#1] INFO:Minization --  Including the following contraint terms in minimization: (nuisancePdf)
[#1] INFO:Fitting -- RooAddition::defaultErrorLevel(nll_model_s_data_obs_with_constr) Summation contains a RooNLLVar, using its error level
Minuit2Minimizer: Minimize with max-calls 2500 convergence for edm < 0.01 strategy 1
MnSeedGenerator: for initial parameters FCN = 26.6249
MnSeedGenerator: Initial state:   - FCN =   26.62487535396 Edm =      29.8348 NCalls =     21
VariableMetric: start iterating until Edm is < 1e-05
VariableMetric: Initial state   - FCN =   26.62487535396 Edm =      29.8348 NCalls =     21
VariableMetric: Iteration #   1 - FCN =   10.29124777661 Edm =    0.0840813 NCalls =     33
VariableMetric: Iteration #   2 - FCN =   9.692406690135 Edm =     0.116714 NCalls =     46
VariableMetric: Iteration #   3 - FCN =   9.536150623241 Edm =  7.06287e-05 NCalls =     58
VariableMetric: Iteration #   4 - FCN =   9.536080438531 Edm =  3.08216e-08 NCalls =     69
VariableMetric: After Hessian   - FCN =   9.536080438531 Edm =  3.01934e-08 NCalls =    100
Number of iterations 6
----------> Iteration 0
            FVAL = 26.624875354 Edm = 29.8347552757 Nfcn = 21
            Error matrix change = 1
            Parameters :  p0 = 0 p1 = 0 p2 = 0 p3 = 0 p4 = 0
----------> Iteration 1
            FVAL = 10.2912477766 Edm = 0.0840813222741 Nfcn = 33
            Error matrix change = 0.509054
            Parameters :  p0 = -1.27932 p1 = 0 p2 = 0 p3 = 0 p4 = -0.270717
----------> Iteration 2
            FVAL = 9.69240669013 Edm = 0.116714329587 Nfcn = 46
            Error matrix change = 0.373851
            Parameters :  p0 = -0.237372 p1 = 0 p2 = 0 p3 = 0 p4 = -0.418064
----------> Iteration 3
            FVAL = 9.53615062324 Edm = 7.06287014278e-05 Nfcn = 58
            Error matrix change = 0.192448
            Parameters :  p0 = -0.0957268 p1 = 0 p2 = 0 p3 = 0 p4 = -0.489505
----------> Iteration 4
            FVAL = 9.53608043853 Edm = 3.08216346026e-08 Nfcn = 69
            Error matrix change = 0.0988076
            Parameters :  p0 = -0.0838704 p1 = 0 p2 = 0 p3 = 0 p4 = -0.49141
----------> Iteration 5
            FVAL = 9.53608043853 Edm = 3.01934033882e-08 Nfcn = 100
            Error matrix change = 0
            Parameters :  p0 = -0.0838704 p1 = 0 p2 = 0 p3 = 0 p4 = -0.49141
Minuit2Minimizer : Valid minimum - status = 0
FVAL  = 9.53608043853127185
Edm   = 3.01934033881907302e-08
Nfcn  = 100
jerUp_unc	  = -0.0838704	 +/-  0.982668	(limited)
jesUp_unc	  = 0	 +/-  0.996602	(limited)
lumi	  = 0	 +/-  0.996602	(limited)
pdf_unc	  = 0	 +/-  0.996602	(limited)
xs_Bkg	  = -0.49141	 +/-  0.189222	(limited)
Zero signal fit
   0) jerUp_unc                      = -0.0838704
   1) jesUp_unc                      =         0
   2) lumi                           =         0
   3) pdf_unc                        =         0
   4) xs_Bkg                         =  -0.49141

Fitting of the background hypothesis done in 0.289226 s
[#1] INFO:Fitting -- RooAddition::defaultErrorLevel(nll_model_s_data_obs_with_constr) Summation contains a RooNLLVar, using its error level
Minuit2Minimizer: Minimize with max-calls 2500 convergence for edm < 0.01 strategy 1
MnSeedGenerator: for initial parameters FCN = 73.7982
MnSeedGenerator: Initial state:   - FCN =   73.79817849046 Edm =      133.234 NCalls =     21
VariableMetric: start iterating until Edm is < 1e-05
VariableMetric: Initial state   - FCN =   73.79817849046 Edm =      133.234 NCalls =     21
VariableMetric: Iteration #   1 - FCN =   17.49826852908 Edm =       2.4041 NCalls =     33
VariableMetric: Iteration #   2 - FCN =   13.59134099362 Edm =     0.566041 NCalls =     46
VariableMetric: Iteration #   3 - FCN =   11.91181188563 Edm =     0.295602 NCalls =     58
VariableMetric: Iteration #   4 - FCN =   11.07770668879 Edm =     0.172853 NCalls =     70
VariableMetric: Iteration #   5 - FCN =   10.86314936215 Edm =   0.00609766 NCalls =     82
VariableMetric: Iteration #   6 - FCN =   10.85571564236 Edm =   0.00014674 NCalls =     94
VariableMetric: Iteration #   7 - FCN =   10.85550900436 Edm =  1.76481e-06 NCalls =    106
VariableMetric: After Hessian   - FCN =   10.85550900436 Edm =  1.86513e-06 NCalls =    137
Number of iterations 9
----------> Iteration 0
            FVAL = 73.7981784905 Edm = 133.23388262 Nfcn = 21
            Error matrix change = 1
            Parameters :  p0 = -0.0838704 p1 = 0 p2 = 0 p3 = 0 p4 = -0.49141
----------> Iteration 1
            FVAL = 17.4982685291 Edm = 2.40409606509 Nfcn = 33
            Error matrix change = 0.612054
            Parameters :  p0 = -2.20071 p1 = -1.81728 p2 = -1.76595 p3 = -1.89503 p4 = -0.970281
----------> Iteration 2
            FVAL = 13.5913409936 Edm = 0.566040530702 Nfcn = 46
            Error matrix change = 0.49345
            Parameters :  p0 = -2.0819 p1 = -0.306645 p2 = -0.177428 p3 = -0.61768 p4 = -1.14091
----------> Iteration 3
            FVAL = 11.9118118856 Edm = 0.295602010405 Nfcn = 58
            Error matrix change = 0.339544
            Parameters :  p0 = -1.68869 p1 = -0.14456 p2 = -0.174918 p3 = -0.171028 p4 = -1.43557
----------> Iteration 4
            FVAL = 11.0777066888 Edm = 0.17285337543 Nfcn = 70
            Error matrix change = 0.334627
            Parameters :  p0 = -0.570476 p1 = 0.174854 p2 = 0.108966 p3 = 0.340638 p4 = -1.67663
----------> Iteration 5
            FVAL = 10.8631493622 Edm = 0.00609765996585 Nfcn = 82
            Error matrix change = 0.243858
            Parameters :  p0 = -0.291035 p1 = -0.145538 p2 = -0.153203 p3 = -0.0636057 p4 = -1.66093
----------> Iteration 6
            FVAL = 10.8557156424 Edm = 0.000146739737588 Nfcn = 94
            Error matrix change = 0.165588
            Parameters :  p0 = -0.282234 p1 = -0.123906 p2 = -0.112183 p3 = -0.126132 p4 = -1.65056
----------> Iteration 7
            FVAL = 10.8555090044 Edm = 1.76480736777e-06 Nfcn = 106
            Error matrix change = 0.137081
            Parameters :  p0 = -0.283901 p1 = -0.112044 p2 = -0.102595 p3 = -0.132808 p4 = -1.65246
----------> Iteration 8
            FVAL = 10.8555090044 Edm = 1.86513405321e-06 Nfcn = 137
            Error matrix change = 0
            Parameters :  p0 = -0.283901 p1 = -0.112044 p2 = -0.102595 p3 = -0.132808 p4 = -1.65246
Minuit2Minimizer : Valid minimum - status = 0
FVAL  = 10.8555090043597584
Edm   = 1.86513405321396339e-06
Nfcn  = 137
jerUp_unc	  = -0.283901	 +/-  0.982972	(limited)
jesUp_unc	  = -0.112044	 +/-  0.991054	(limited)
lumi	  = -0.102595	 +/-  0.991889	(limited)
pdf_unc	  = -0.132808	 +/-  0.98868	(limited)
xs_Bkg	  = -1.65246	 +/-  0.233163	(limited)
Reference signal fit
   0) jerUp_unc                      = -0.283901
   1) jesUp_unc                      = -0.112044
   2) lumi                           = -0.102595
   3) pdf_unc                        = -0.132808
   4) xs_Bkg                         =  -1.65246

Fitting of the signal-plus-background hypothesis done in 0.00269294 s
      Evaluation of p-values done in  7.33478 s
	CLs = 0.157191 +/- 0.023642
      Evaluation of p-values done in  7.11679 s
	CLs = 0.146623 +/- 0.0159835
      Evaluation of p-values done in  7.30216 s
	CLs = 0.154945 +/- 0.0134405
      Evaluation of p-values done in  6.98233 s
	CLs = 0.145174 +/- 0.0111488
      Evaluation of p-values done in  6.99171 s
	CLs = 0.145305 +/- 0.00985646
	CLs      = 0.145305 +/- 0.00985646
	CLb      = 0.3152 +/- 0.00657037
	CLsplusb = 0.0458 +/- 0.00295643

Hybrid result saved as HypoTestResult_mh120_r600_1346015331 in higgsCombineTest.HybridNew.mH120.-1623454803.root : higgsCombineTest.HybridNew.mH120.-1623454803.root:/toys

 -- Hybrid New -- 
CLs = 0.145305 +/- 0.00985646
Total toys: 10000
Done in 0.00 min (cpu), 0.60 min (real)
