>>> including systematics
>>> using the Profile Likelihood test statistics modified for upper limits (Q_LHC)
>>> method used to compute upper limit is HybridNew
>>> Using OpenSSL to get a really random seed 
>>> Used OpenSSL to get a really random seed 1137605300
Adding /uscms_data/d2/lpcljm/sapta/SUSYSearch/LimitSetting/CMSSW_7_1_5/src to include path
Adding /cvmfs/cms.cern.ch/slc6_amd64_gcc481/lcg/roofit/5.34.18-cms3//include to include path
Input workspace 'w': 

RooWorkspace(w) w contents

variables
---------
(jerUp_unc,jerUp_unc_In,jesUp_unc,jesUp_unc_In,lumi,lumi_In,n_obs_binbin1,pdf_unc,pdf_unc_In,r,xs_Bkg,xs_Bkg_In)

p.d.f.s
-------
SimpleGaussianConstraint::jerUp_unc_Pdf[ x=jerUp_unc mean=jerUp_unc_In sigma=1 ] = 1
SimpleGaussianConstraint::jesUp_unc_Pdf[ x=jesUp_unc mean=jesUp_unc_In sigma=1 ] = 1
SimpleGaussianConstraint::lumi_Pdf[ x=lumi mean=lumi_In sigma=1 ] = 1
RooProdPdf::modelObs_b[ pdf_binbin1_bonly ] = 1.16418e-07
RooProdPdf::modelObs_s[ pdf_binbin1 ] = 9.86712e-08
RooProdPdf::model_b[ modelObs_b * nuisancePdf ] = 1.16418e-07
RooProdPdf::model_s[ modelObs_s * nuisancePdf ] = 9.86712e-08
RooProdPdf::nuisancePdf[ lumi_Pdf * jesUp_unc_Pdf * pdf_unc_Pdf * xs_Bkg_Pdf * jerUp_unc_Pdf ] = 1
RooPoisson::pdf_binbin1[ x=n_obs_binbin1 mean=n_exp_binbin1 ] = 9.86712e-08
RooPoisson::pdf_binbin1_bonly[ x=n_obs_binbin1 mean=n_exp_binbin1_bonly ] = 1.16418e-07
SimpleGaussianConstraint::pdf_unc_Pdf[ x=pdf_unc mean=pdf_unc_In sigma=1 ] = 1
SimpleGaussianConstraint::xs_Bkg_Pdf[ x=xs_Bkg mean=xs_Bkg_In sigma=1 ] = 1

functions
--------
RooAddition::n_exp_binbin1[ n_exp_binbin1_proc_BH + n_exp_binbin1_proc_Background ] = 818.847
RooAddition::n_exp_binbin1_bonly[ n_exp_binbin1_proc_Background ] = 817.847
ProcessNormalization::n_exp_binbin1_proc_BH[ thetaList=(lumi,jesUp_unc,pdf_unc) asymmThetaList=() otherFactorList=(r) ] = 1
ProcessNormalization::n_exp_binbin1_proc_Background[ thetaList=(xs_Bkg,jerUp_unc) asymmThetaList=() otherFactorList=() ] = 817.847

datasets
--------
RooDataSet::data_obs(n_obs_binbin1)

named sets
----------
ModelConfig_GlobalObservables:(lumi_In,jesUp_unc_In,pdf_unc_In,xs_Bkg_In,jerUp_unc_In)
ModelConfig_NuisParams:(lumi,jesUp_unc,pdf_unc,xs_Bkg,jerUp_unc)
ModelConfig_Observables:(n_obs_binbin1)
ModelConfig_POI:(r)
ModelConfig_bonly_GlobalObservables:(lumi_In,jesUp_unc_In,pdf_unc_In,xs_Bkg_In,jerUp_unc_In)
ModelConfig_bonly_NuisParams:(lumi,jesUp_unc,pdf_unc,xs_Bkg,jerUp_unc)
ModelConfig_bonly_Observables:(n_obs_binbin1)
ModelConfig_bonly_POI:(r)
POI:(r)
globalObservables:(lumi_In,jesUp_unc_In,pdf_unc_In,xs_Bkg_In,jerUp_unc_In)
nuisances:(lumi,jesUp_unc,pdf_unc,xs_Bkg,jerUp_unc)
observables:(n_obs_binbin1)

generic objects
---------------
RooStats::ModelConfig::ModelConfig
RooStats::ModelConfig::ModelConfig_bonly
RooArgSet::discreteParams

Workspace has a ModelConfig for signal called 'ModelConfig', with contents:

=== Using the following for ModelConfig ===
Observables:             RooArgSet:: = (n_obs_binbin1)
Parameters of Interest:  RooArgSet:: = (r)
Nuisance Parameters:     RooArgSet:: = (lumi,jesUp_unc,pdf_unc,xs_Bkg,jerUp_unc)
Global Observables:      RooArgSet:: = (lumi_In,jesUp_unc_In,pdf_unc_In,xs_Bkg_In,jerUp_unc_In)
PDF:                     RooProdPdf::model_s[ modelObs_s * nuisancePdf ] = 9.86712e-08

Input ModelConfig 'ModelConfig': 

=== Using the following for ModelConfig ===
Observables:             RooArgSet:: = (n_obs_binbin1)
Parameters of Interest:  RooArgSet:: = (r)
Nuisance Parameters:     RooArgSet:: = (lumi,jesUp_unc,pdf_unc,xs_Bkg,jerUp_unc)
Global Observables:      RooArgSet:: = (lumi_In,jesUp_unc_In,pdf_unc_In,xs_Bkg_In,jerUp_unc_In)
PDF:                     RooProdPdf::model_s[ modelObs_s * nuisancePdf ] = 9.86712e-08

[#1] INFO:ObjectHandling -- RooWorkspace::import(w) importing RooUniform::prior
Computing limit starting from observation
  1) RooRealVar:: n_obs_binbin1 = 683
Set default minimizer to Minuit2
  r = 600 +/- 0
[#1] INFO:Minization --  Including the following contraint terms in minimization: (nuisancePdf)
[#1] INFO:Fitting -- RooAddition::defaultErrorLevel(nll_model_s_data_obs_with_constr) Summation contains a RooNLLVar, using its error level
Minuit2Minimizer: Minimize with max-calls 2500 convergence for edm < 0.01 strategy 1
MnSeedGenerator: for initial parameters FCN = 20.5608
MnSeedGenerator: Initial state:   - FCN =   20.56077516437 Edm =      17.1948 NCalls =     21
VariableMetric: start iterating until Edm is < 1e-05
VariableMetric: Initial state   - FCN =   20.56077516437 Edm =      17.1948 NCalls =     21
VariableMetric: Iteration #   1 - FCN =   10.03252748296 Edm =     0.284652 NCalls =     33
VariableMetric: Iteration #   2 - FCN =   8.919300210348 Edm =   0.00540495 NCalls =     45
VariableMetric: Iteration #   3 - FCN =   8.913049139787 Edm =  1.70749e-05 NCalls =     57
VariableMetric: Iteration #   4 - FCN =   8.913031774316 Edm =  4.54224e-09 NCalls =     68
VariableMetric: After Hessian   - FCN =   8.913031774316 Edm =  4.61561e-09 NCalls =     99
Number of iterations 6
----------> Iteration 0
            FVAL = 20.5607751644 Edm = 17.1948432985 Nfcn = 21
            Error matrix change = 1
            Parameters :  p0 = 0 p1 = 0 p2 = 0 p3 = 0 p4 = 0
----------> Iteration 1
            FVAL = 10.032527483 Edm = 0.28465176146 Nfcn = 33
            Error matrix change = 0.519253
            Parameters :  p0 = -1.47286 p1 = 0 p2 = 0 p3 = 0 p4 = -0.303005
----------> Iteration 2
            FVAL = 8.91930021035 Edm = 0.00540494699523 Nfcn = 45
            Error matrix change = 0.355486
            Parameters :  p0 = 0.0082431 p1 = 0 p2 = 0 p3 = 0 p4 = -0.51275
----------> Iteration 3
            FVAL = 8.91304913979 Edm = 1.7074864858e-05 Nfcn = 57
            Error matrix change = 0.181713
            Parameters :  p0 = -0.0636564 p1 = 0 p2 = 0 p3 = 0 p4 = -0.514065
----------> Iteration 4
            FVAL = 8.91303177432 Edm = 4.54223922168e-09 Nfcn = 68
            Error matrix change = 0.0921713
            Parameters :  p0 = -0.0592909 p1 = 0 p2 = 0 p3 = 0 p4 = -0.514982
----------> Iteration 5
            FVAL = 8.91303177432 Edm = 4.61560836509e-09 Nfcn = 99
            Error matrix change = 0
            Parameters :  p0 = -0.0592909 p1 = 0 p2 = 0 p3 = 0 p4 = -0.514982
Minuit2Minimizer : Valid minimum - status = 0
FVAL  = 8.91303177431587201
Edm   = 4.6156083650870802e-09
Nfcn  = 99
jerUp_unc	  = -0.0592909	 +/-  0.990274	(limited)
jesUp_unc	  = 0	 +/-  0.996602	(limited)
lumi	  = 0	 +/-  0.996602	(limited)
pdf_unc	  = 0	 +/-  0.996602	(limited)
xs_Bkg	  = -0.514982	 +/-  0.158535	(limited)
Zero signal fit
   0) jerUp_unc                      = -0.0592909
   1) jesUp_unc                      =         0
   2) lumi                           =         0
   3) pdf_unc                        =         0
   4) xs_Bkg                         = -0.514982

Fitting of the background hypothesis done in 0.298685 s
[#1] INFO:Fitting -- RooAddition::defaultErrorLevel(nll_model_s_data_obs_with_constr) Summation contains a RooNLLVar, using its error level
Minuit2Minimizer: Minimize with max-calls 2500 convergence for edm < 0.01 strategy 1
MnSeedGenerator: for initial parameters FCN = 179.014
MnSeedGenerator: Initial state:   - FCN =   179.0135498259 Edm =      282.429 NCalls =     21
VariableMetric: start iterating until Edm is < 1e-05
VariableMetric: Initial state   - FCN =   179.0135498259 Edm =      282.429 NCalls =     21
VariableMetric: Iteration #   1 - FCN =   42.30155214365 Edm =      4.64316 NCalls =     43
VariableMetric: Iteration #   2 - FCN =   27.39501947904 Edm =      2.24735 NCalls =     62
VariableMetric: Iteration #   3 - FCN =   20.41388943225 Edm =     0.479218 NCalls =     76
VariableMetric: Iteration #   4 - FCN =   19.49519156538 Edm =     0.272701 NCalls =     89
VariableMetric: Iteration #   5 - FCN =   19.22681975034 Edm =     0.026388 NCalls =    100
VariableMetric: Iteration #   6 - FCN =   19.18125077833 Edm =   0.00045281 NCalls =    112
VariableMetric: Iteration #   7 - FCN =   19.18052547633 Edm =  0.000101023 NCalls =    124
VariableMetric: Iteration #   8 - FCN =   19.18038526516 Edm =  1.76236e-06 NCalls =    136
VariableMetric: After Hessian   - FCN =   19.18038526516 Edm =  2.82512e-06 NCalls =    167
Number of iterations 10
----------> Iteration 0
            FVAL = 179.013549826 Edm = 282.428912976 Nfcn = 21
            Error matrix change = 1
            Parameters :  p0 = -0.0592909 p1 = 0 p2 = 0 p3 = 0 p4 = -0.514982
----------> Iteration 1
            FVAL = 42.3015521436 Edm = 4.64315608764 Nfcn = 43
            Error matrix change = 0.619938
            Parameters :  p0 = -3.91961 p1 = -3.79502 p2 = -3.78705 p3 = -3.73562 p4 = -1.54455
----------> Iteration 2
            FVAL = 27.395019479 Edm = 2.24734774238 Nfcn = 62
            Error matrix change = 0.562467
            Parameters :  p0 = -1.39804 p1 = -1.75134 p2 = -1.34316 p3 = -2.52949 p4 = -2.28504
----------> Iteration 3
            FVAL = 20.4138894323 Edm = 0.479218095062 Nfcn = 76
            Error matrix change = 0.343609
            Parameters :  p0 = 0.305382 p1 = -1.60488 p2 = -1.39949 p3 = -2.36509 p4 = -3.31055
----------> Iteration 4
            FVAL = 19.4951915654 Edm = 0.272700851921 Nfcn = 89
            Error matrix change = 0.349427
            Parameters :  p0 = -0.134779 p1 = -1.1099 p2 = -0.986911 p3 = -1.64695 p4 = -3.56365
----------> Iteration 5
            FVAL = 19.2268197503 Edm = 0.0263879846147 Nfcn = 100
            Error matrix change = 0.280809
            Parameters :  p0 = -0.584822 p1 = -1.23226 p2 = -1.17501 p3 = -1.52225 p4 = -3.62979
----------> Iteration 6
            FVAL = 19.1812507783 Edm = 0.000452809875359 Nfcn = 112
            Error matrix change = 0.237788
            Parameters :  p0 = -0.432446 p1 = -1.19653 p2 = -1.12677 p3 = -1.40515 p4 = -3.75452
----------> Iteration 7
            FVAL = 19.1805254763 Edm = 0.000101022618272 Nfcn = 124
            Error matrix change = 0.217582
            Parameters :  p0 = -0.424712 p1 = -1.20283 p2 = -1.11356 p3 = -1.42419 p4 = -3.75989
----------> Iteration 8
            FVAL = 19.1803852652 Edm = 1.76235892757e-06 Nfcn = 136
            Error matrix change = 0.185738
            Parameters :  p0 = -0.432218 p1 = -1.19745 p2 = -1.10153 p3 = -1.4269 p4 = -3.76153
----------> Iteration 9
            FVAL = 19.1803852652 Edm = 2.8251222127e-06 Nfcn = 167
            Error matrix change = 0
            Parameters :  p0 = -0.432218 p1 = -1.19745 p2 = -1.10153 p3 = -1.4269 p4 = -3.76153
Minuit2Minimizer : Valid minimum - status = 0
FVAL  = 19.1803852651553406
Edm   = 2.82512221269526027e-06
Nfcn  = 167
jerUp_unc	  = -0.432218	 +/-  0.991518	(limited)
jesUp_unc	  = -1.19745	 +/-  0.92844	(limited)
lumi	  = -1.10153	 +/-  0.938991	(limited)
pdf_unc	  = -1.4269	 +/-  0.897733	(limited)
xs_Bkg	  = -3.76153	 +/-  0.468249	(limited)
Reference signal fit
   0) jerUp_unc                      = -0.432218
   1) jesUp_unc                      =  -1.19745
   2) lumi                           =  -1.10153
   3) pdf_unc                        =   -1.4269
   4) xs_Bkg                         =  -3.76153

Fitting of the signal-plus-background hypothesis done in 0.00304699 s
      Evaluation of p-values done in  8.46106 s
	CLs = 0 +/- 0
      Evaluation of p-values done in  7.90251 s
	CLs = 0 +/- 0
      Evaluation of p-values done in  8.21235 s
	CLs = 0 +/- 0
      Evaluation of p-values done in  8.17214 s
	CLs = 0 +/- 0
      Evaluation of p-values done in  8.25075 s
	CLs = 0 +/- 0
	CLs      = 0 +/- 0
	CLb      = 0.3394 +/- 0.00669638
	CLsplusb = 0 +/- 0

Hybrid result saved as HypoTestResult_mh120_r600_3728311202 in higgsCombineTest.HybridNew.mH120.1137605300.root : higgsCombineTest.HybridNew.mH120.1137605300.root:/toys

 -- Hybrid New -- 
CLs = 0 +/- 0
Total toys: 10000
Done in 0.00 min (cpu), 0.69 min (real)
