>>> including systematics
>>> using the Profile Likelihood test statistics modified for upper limits (Q_LHC)
>>> method used to compute upper limit is HybridNew
>>> Using OpenSSL to get a really random seed 
>>> Used OpenSSL to get a really random seed -516243242
Adding /uscms_data/d2/lpcljm/sapta/SUSYSearch/LimitSetting/CMSSW_7_1_5/src to include path
Adding /cvmfs/cms.cern.ch/slc6_amd64_gcc481/lcg/roofit/5.34.18-cms3//include to include path
Input workspace 'w': 

RooWorkspace(w) w contents

variables
---------
(jerUp_unc,jerUp_unc_In,jesUp_unc,jesUp_unc_In,lumi,lumi_In,n_obs_binbin1,pdf_unc,pdf_unc_In,r,xs_Bkg,xs_Bkg_In)

p.d.f.s
-------
SimpleGaussianConstraint::jerUp_unc_Pdf[ x=jerUp_unc mean=jerUp_unc_In sigma=1 ] = 1
SimpleGaussianConstraint::jesUp_unc_Pdf[ x=jesUp_unc mean=jesUp_unc_In sigma=1 ] = 1
SimpleGaussianConstraint::lumi_Pdf[ x=lumi mean=lumi_In sigma=1 ] = 1
RooProdPdf::modelObs_b[ pdf_binbin1_bonly ] = 2.70653e-10
RooProdPdf::modelObs_s[ pdf_binbin1 ] = 2.42367e-10
RooProdPdf::model_b[ modelObs_b * nuisancePdf ] = 2.70653e-10
RooProdPdf::model_s[ modelObs_s * nuisancePdf ] = 2.42367e-10
RooProdPdf::nuisancePdf[ lumi_Pdf * jesUp_unc_Pdf * pdf_unc_Pdf * xs_Bkg_Pdf * jerUp_unc_Pdf ] = 1
RooPoisson::pdf_binbin1[ x=n_obs_binbin1 mean=n_exp_binbin1 ] = 2.42367e-10
RooPoisson::pdf_binbin1_bonly[ x=n_obs_binbin1 mean=n_exp_binbin1_bonly ] = 2.70653e-10
SimpleGaussianConstraint::pdf_unc_Pdf[ x=pdf_unc mean=pdf_unc_In sigma=1 ] = 1
SimpleGaussianConstraint::xs_Bkg_Pdf[ x=xs_Bkg mean=xs_Bkg_In sigma=1 ] = 1

functions
--------
RooAddition::n_exp_binbin1[ n_exp_binbin1_proc_BH + n_exp_binbin1_proc_Background ] = 2728.65
RooAddition::n_exp_binbin1_bonly[ n_exp_binbin1_proc_Background ] = 2727.65
ProcessNormalization::n_exp_binbin1_proc_BH[ thetaList=(lumi,jesUp_unc,pdf_unc) asymmThetaList=() otherFactorList=(r) ] = 1
ProcessNormalization::n_exp_binbin1_proc_Background[ thetaList=(xs_Bkg,jerUp_unc) asymmThetaList=() otherFactorList=() ] = 2727.65

datasets
--------
RooDataSet::data_obs(n_obs_binbin1)

named sets
----------
ModelConfig_GlobalObservables:(lumi_In,jesUp_unc_In,pdf_unc_In,xs_Bkg_In,jerUp_unc_In)
ModelConfig_NuisParams:(lumi,jesUp_unc,pdf_unc,xs_Bkg,jerUp_unc)
ModelConfig_Observables:(n_obs_binbin1)
ModelConfig_POI:(r)
ModelConfig_bonly_GlobalObservables:(lumi_In,jesUp_unc_In,pdf_unc_In,xs_Bkg_In,jerUp_unc_In)
ModelConfig_bonly_NuisParams:(lumi,jesUp_unc,pdf_unc,xs_Bkg,jerUp_unc)
ModelConfig_bonly_Observables:(n_obs_binbin1)
ModelConfig_bonly_POI:(r)
POI:(r)
globalObservables:(lumi_In,jesUp_unc_In,pdf_unc_In,xs_Bkg_In,jerUp_unc_In)
nuisances:(lumi,jesUp_unc,pdf_unc,xs_Bkg,jerUp_unc)
observables:(n_obs_binbin1)

generic objects
---------------
RooStats::ModelConfig::ModelConfig
RooStats::ModelConfig::ModelConfig_bonly
RooArgSet::discreteParams

Workspace has a ModelConfig for signal called 'ModelConfig', with contents:

=== Using the following for ModelConfig ===
Observables:             RooArgSet:: = (n_obs_binbin1)
Parameters of Interest:  RooArgSet:: = (r)
Nuisance Parameters:     RooArgSet:: = (lumi,jesUp_unc,pdf_unc,xs_Bkg,jerUp_unc)
Global Observables:      RooArgSet:: = (lumi_In,jesUp_unc_In,pdf_unc_In,xs_Bkg_In,jerUp_unc_In)
PDF:                     RooProdPdf::model_s[ modelObs_s * nuisancePdf ] = 2.42367e-10

Input ModelConfig 'ModelConfig': 

=== Using the following for ModelConfig ===
Observables:             RooArgSet:: = (n_obs_binbin1)
Parameters of Interest:  RooArgSet:: = (r)
Nuisance Parameters:     RooArgSet:: = (lumi,jesUp_unc,pdf_unc,xs_Bkg,jerUp_unc)
Global Observables:      RooArgSet:: = (lumi_In,jesUp_unc_In,pdf_unc_In,xs_Bkg_In,jerUp_unc_In)
PDF:                     RooProdPdf::model_s[ modelObs_s * nuisancePdf ] = 2.42367e-10

[#1] INFO:ObjectHandling -- RooWorkspace::import(w) importing RooUniform::prior
Computing limit starting from observation
  1) RooRealVar:: n_obs_binbin1 = 2427
Set default minimizer to Minuit2
  r = 700 +/- 0
[#1] INFO:Minization --  Including the following contraint terms in minimization: (nuisancePdf)
[#1] INFO:Fitting -- RooAddition::defaultErrorLevel(nll_model_s_data_obs_with_constr) Summation contains a RooNLLVar, using its error level
Minuit2Minimizer: Minimize with max-calls 2500 convergence for edm < 0.01 strategy 1
MnSeedGenerator: for initial parameters FCN = 26.6249
MnSeedGenerator: Initial state:   - FCN =   26.62487535396 Edm =      29.8348 NCalls =     21
VariableMetric: start iterating until Edm is < 1e-05
VariableMetric: Initial state   - FCN =   26.62487535396 Edm =      29.8348 NCalls =     21
VariableMetric: Iteration #   1 - FCN =   10.29124777661 Edm =    0.0840813 NCalls =     33
VariableMetric: Iteration #   2 - FCN =   9.692406690135 Edm =     0.116714 NCalls =     46
VariableMetric: Iteration #   3 - FCN =   9.536150623241 Edm =  7.06287e-05 NCalls =     58
VariableMetric: Iteration #   4 - FCN =   9.536080438531 Edm =  3.08216e-08 NCalls =     69
VariableMetric: After Hessian   - FCN =   9.536080438531 Edm =  3.01934e-08 NCalls =    100
Number of iterations 6
----------> Iteration 0
            FVAL = 26.624875354 Edm = 29.8347552757 Nfcn = 21
            Error matrix change = 1
            Parameters :  p0 = 0 p1 = 0 p2 = 0 p3 = 0 p4 = 0
----------> Iteration 1
            FVAL = 10.2912477766 Edm = 0.0840813222741 Nfcn = 33
            Error matrix change = 0.509054
            Parameters :  p0 = -1.27932 p1 = 0 p2 = 0 p3 = 0 p4 = -0.270717
----------> Iteration 2
            FVAL = 9.69240669013 Edm = 0.116714329587 Nfcn = 46
            Error matrix change = 0.373851
            Parameters :  p0 = -0.237372 p1 = 0 p2 = 0 p3 = 0 p4 = -0.418064
----------> Iteration 3
            FVAL = 9.53615062324 Edm = 7.06287014278e-05 Nfcn = 58
            Error matrix change = 0.192448
            Parameters :  p0 = -0.0957268 p1 = 0 p2 = 0 p3 = 0 p4 = -0.489505
----------> Iteration 4
            FVAL = 9.53608043853 Edm = 3.08216346026e-08 Nfcn = 69
            Error matrix change = 0.0988076
            Parameters :  p0 = -0.0838704 p1 = 0 p2 = 0 p3 = 0 p4 = -0.49141
----------> Iteration 5
            FVAL = 9.53608043853 Edm = 3.01934033882e-08 Nfcn = 100
            Error matrix change = 0
            Parameters :  p0 = -0.0838704 p1 = 0 p2 = 0 p3 = 0 p4 = -0.49141
Minuit2Minimizer : Valid minimum - status = 0
FVAL  = 9.53608043853127185
Edm   = 3.01934033881907302e-08
Nfcn  = 100
jerUp_unc	  = -0.0838704	 +/-  0.982668	(limited)
jesUp_unc	  = 0	 +/-  0.996602	(limited)
lumi	  = 0	 +/-  0.996602	(limited)
pdf_unc	  = 0	 +/-  0.996602	(limited)
xs_Bkg	  = -0.49141	 +/-  0.189222	(limited)
Zero signal fit
   0) jerUp_unc                      = -0.0838704
   1) jesUp_unc                      =         0
   2) lumi                           =         0
   3) pdf_unc                        =         0
   4) xs_Bkg                         =  -0.49141

Fitting of the background hypothesis done in 0.309647 s
[#1] INFO:Fitting -- RooAddition::defaultErrorLevel(nll_model_s_data_obs_with_constr) Summation contains a RooNLLVar, using its error level
Minuit2Minimizer: Minimize with max-calls 2500 convergence for edm < 0.01 strategy 1
MnSeedGenerator: for initial parameters FCN = 94.9708
MnSeedGenerator: Initial state:   - FCN =   94.97075138816 Edm =      181.986 NCalls =     21
VariableMetric: start iterating until Edm is < 1e-05
VariableMetric: Initial state   - FCN =   94.97075138816 Edm =      181.986 NCalls =     21
VariableMetric: Iteration #   1 - FCN =   20.25074896299 Edm =      3.30471 NCalls =     33
VariableMetric: Iteration #   2 - FCN =   15.21960146849 Edm =     0.821297 NCalls =     46
VariableMetric: Iteration #   3 - FCN =   12.56765867897 Edm =     0.344557 NCalls =     59
VariableMetric: Iteration #   4 - FCN =   11.64867512349 Edm =      0.31499 NCalls =     71
VariableMetric: Iteration #   5 - FCN =   11.29594377256 Edm =    0.0147976 NCalls =     83
VariableMetric: Iteration #   6 - FCN =   11.27404787792 Edm =  0.000521599 NCalls =     95
VariableMetric: Iteration #   7 - FCN =   11.27326938076 Edm =  7.97104e-06 NCalls =    107
VariableMetric: Iteration #   8 - FCN =   11.27326080471 Edm =  1.19755e-07 NCalls =    119
VariableMetric: After Hessian   - FCN =   11.27326080471 Edm =  1.75032e-07 NCalls =    150
Number of iterations 10
----------> Iteration 0
            FVAL = 94.9707513882 Edm = 181.985883907 Nfcn = 21
            Error matrix change = 1
            Parameters :  p0 = -0.0838704 p1 = 0 p2 = 0 p3 = 0 p4 = -0.49141
----------> Iteration 1
            FVAL = 20.250748963 Edm = 3.30471042415 Nfcn = 33
            Error matrix change = 0.617542
            Parameters :  p0 = -2.4978 p1 = -2.16855 p2 = -2.12772 p3 = -2.21208 p4 = -1.0421
----------> Iteration 2
            FVAL = 15.2196014685 Edm = 0.821297019245 Nfcn = 46
            Error matrix change = 0.510101
            Parameters :  p0 = -2.27693 p1 = -0.573148 p2 = -0.409279 p3 = -0.937274 p4 = -1.21422
----------> Iteration 3
            FVAL = 12.567658679 Edm = 0.344556535872 Nfcn = 59
            Error matrix change = 0.373583
            Parameters :  p0 = -1.88367 p1 = -0.120563 p2 = -0.121768 p3 = -0.26927 p4 = -1.63127
----------> Iteration 4
            FVAL = 11.6486751235 Edm = 0.314989562661 Nfcn = 71
            Error matrix change = 0.398232
            Parameters :  p0 = -0.775322 p1 = 0.217442 p2 = 0.157235 p3 = 0.32537 p4 = -1.87437
----------> Iteration 5
            FVAL = 11.2959437726 Edm = 0.0147976392995 Nfcn = 83
            Error matrix change = 0.275147
            Parameters :  p0 = -0.353254 p1 = -0.170765 p2 = -0.20487 p3 = -0.0224756 p4 = -1.88692
----------> Iteration 6
            FVAL = 11.2740478779 Edm = 0.000521599252572 Nfcn = 95
            Error matrix change = 0.198889
            Parameters :  p0 = -0.320012 p1 = -0.178525 p2 = -0.162318 p3 = -0.171266 p4 = -1.86388
----------> Iteration 7
            FVAL = 11.2732693808 Edm = 7.97103623968e-06 Nfcn = 107
            Error matrix change = 0.172312
            Parameters :  p0 = -0.322815 p1 = -0.155033 p2 = -0.140859 p3 = -0.182849 p4 = -1.86819
----------> Iteration 8
            FVAL = 11.2732608047 Edm = 1.19755053571e-07 Nfcn = 119
            Error matrix change = 0.124311
            Parameters :  p0 = -0.319585 p1 = -0.1551 p2 = -0.142233 p3 = -0.184743 p4 = -1.86857
----------> Iteration 9
            FVAL = 11.2732608047 Edm = 1.75032448168e-07 Nfcn = 150
            Error matrix change = 0
            Parameters :  p0 = -0.319585 p1 = -0.1551 p2 = -0.142233 p3 = -0.184743 p4 = -1.86857
Minuit2Minimizer : Valid minimum - status = 0
FVAL  = 11.2732608047085687
Edm   = 1.75032448167878713e-07
Nfcn  = 150
jerUp_unc	  = -0.319585	 +/-  0.983081	(limited)
jesUp_unc	  = -0.1551	 +/-  0.988627	(limited)
lumi	  = -0.142233	 +/-  0.98983	(limited)
pdf_unc	  = -0.184743	 +/-  0.985207	(limited)
xs_Bkg	  = -1.86857	 +/-  0.248427	(limited)
Reference signal fit
   0) jerUp_unc                      = -0.319585
   1) jesUp_unc                      =   -0.1551
   2) lumi                           = -0.142233
   3) pdf_unc                        = -0.184743
   4) xs_Bkg                         =  -1.86857

Fitting of the signal-plus-background hypothesis done in 0.00292206 s
      Evaluation of p-values done in  7.4475 s
	CLs = 0.0668896 +/- 0.0151567
      Evaluation of p-values done in  7.38218 s
	CLs = 0.0741935 +/- 0.0110924
      Evaluation of p-values done in  7.33635 s
	CLs = 0.0677596 +/- 0.00871844
      Evaluation of p-values done in  7.20223 s
	CLs = 0.0719483 +/- 0.00773046
      Evaluation of p-values done in  7.22014 s
	CLs = 0.0714746 +/- 0.00687529
	CLs      = 0.0714746 +/- 0.00687529
	CLb      = 0.3106 +/- 0.00654412
	CLsplusb = 0.0222 +/- 0.00208361

Hybrid result saved as HypoTestResult_mh120_r700_1579735983 in higgsCombineTest.HybridNew.mH120.-516243242.root : higgsCombineTest.HybridNew.mH120.-516243242.root:/toys

 -- Hybrid New -- 
CLs = 0.0714746 +/- 0.00687529
Total toys: 10000
Done in 0.00 min (cpu), 0.62 min (real)
