>>> including systematics
>>> using the Profile Likelihood test statistics modified for upper limits (Q_LHC)
>>> method used to compute upper limit is HybridNew
>>> Using OpenSSL to get a really random seed 
>>> Used OpenSSL to get a really random seed -617043525
Adding /uscms_data/d2/lpcljm/sapta/SUSYSearch/LimitSetting/CMSSW_7_1_5/src to include path
Adding /cvmfs/cms.cern.ch/slc6_amd64_gcc481/lcg/roofit/5.34.18-cms3//include to include path
Input workspace 'w': 

RooWorkspace(w) w contents

variables
---------
(jerUp_unc,jerUp_unc_In,jesUp_unc,jesUp_unc_In,lumi,lumi_In,n_obs_binbin1,pdf_unc,pdf_unc_In,r,xs_Bkg,xs_Bkg_In)

p.d.f.s
-------
SimpleGaussianConstraint::jerUp_unc_Pdf[ x=jerUp_unc mean=jerUp_unc_In sigma=1 ] = 1
SimpleGaussianConstraint::jesUp_unc_Pdf[ x=jesUp_unc mean=jesUp_unc_In sigma=1 ] = 1
SimpleGaussianConstraint::lumi_Pdf[ x=lumi mean=lumi_In sigma=1 ] = 1
RooProdPdf::modelObs_b[ pdf_binbin1_bonly ] = 1.50717e-06
RooProdPdf::modelObs_s[ pdf_binbin1 ] = 1.16377e-06
RooProdPdf::model_b[ modelObs_b * nuisancePdf ] = 1.50717e-06
RooProdPdf::model_s[ modelObs_s * nuisancePdf ] = 1.16377e-06
RooProdPdf::nuisancePdf[ lumi_Pdf * jesUp_unc_Pdf * pdf_unc_Pdf * xs_Bkg_Pdf * jerUp_unc_Pdf ] = 1
RooPoisson::pdf_binbin1[ x=n_obs_binbin1 mean=n_exp_binbin1 ] = 1.16377e-06
RooPoisson::pdf_binbin1_bonly[ x=n_obs_binbin1 mean=n_exp_binbin1_bonly ] = 1.50717e-06
SimpleGaussianConstraint::pdf_unc_Pdf[ x=pdf_unc mean=pdf_unc_In sigma=1 ] = 1
SimpleGaussianConstraint::xs_Bkg_Pdf[ x=xs_Bkg mean=xs_Bkg_In sigma=1 ] = 1

functions
--------
RooAddition::n_exp_binbin1[ n_exp_binbin1_proc_BH + n_exp_binbin1_proc_Background ] = 271.596
RooAddition::n_exp_binbin1_bonly[ n_exp_binbin1_proc_Background ] = 270.596
ProcessNormalization::n_exp_binbin1_proc_BH[ thetaList=(lumi,jesUp_unc,pdf_unc) asymmThetaList=() otherFactorList=(r) ] = 1
ProcessNormalization::n_exp_binbin1_proc_Background[ thetaList=(xs_Bkg,jerUp_unc) asymmThetaList=() otherFactorList=() ] = 270.596

datasets
--------
RooDataSet::data_obs(n_obs_binbin1)

named sets
----------
ModelConfig_GlobalObservables:(lumi_In,jesUp_unc_In,pdf_unc_In,xs_Bkg_In,jerUp_unc_In)
ModelConfig_NuisParams:(lumi,jesUp_unc,pdf_unc,xs_Bkg,jerUp_unc)
ModelConfig_Observables:(n_obs_binbin1)
ModelConfig_POI:(r)
ModelConfig_bonly_GlobalObservables:(lumi_In,jesUp_unc_In,pdf_unc_In,xs_Bkg_In,jerUp_unc_In)
ModelConfig_bonly_NuisParams:(lumi,jesUp_unc,pdf_unc,xs_Bkg,jerUp_unc)
ModelConfig_bonly_Observables:(n_obs_binbin1)
ModelConfig_bonly_POI:(r)
POI:(r)
globalObservables:(lumi_In,jesUp_unc_In,pdf_unc_In,xs_Bkg_In,jerUp_unc_In)
nuisances:(lumi,jesUp_unc,pdf_unc,xs_Bkg,jerUp_unc)
observables:(n_obs_binbin1)

generic objects
---------------
RooStats::ModelConfig::ModelConfig
RooStats::ModelConfig::ModelConfig_bonly
RooArgSet::discreteParams

Workspace has a ModelConfig for signal called 'ModelConfig', with contents:

=== Using the following for ModelConfig ===
Observables:             RooArgSet:: = (n_obs_binbin1)
Parameters of Interest:  RooArgSet:: = (r)
Nuisance Parameters:     RooArgSet:: = (lumi,jesUp_unc,pdf_unc,xs_Bkg,jerUp_unc)
Global Observables:      RooArgSet:: = (lumi_In,jesUp_unc_In,pdf_unc_In,xs_Bkg_In,jerUp_unc_In)
PDF:                     RooProdPdf::model_s[ modelObs_s * nuisancePdf ] = 1.16377e-06

Input ModelConfig 'ModelConfig': 

=== Using the following for ModelConfig ===
Observables:             RooArgSet:: = (n_obs_binbin1)
Parameters of Interest:  RooArgSet:: = (r)
Nuisance Parameters:     RooArgSet:: = (lumi,jesUp_unc,pdf_unc,xs_Bkg,jerUp_unc)
Global Observables:      RooArgSet:: = (lumi_In,jesUp_unc_In,pdf_unc_In,xs_Bkg_In,jerUp_unc_In)
PDF:                     RooProdPdf::model_s[ modelObs_s * nuisancePdf ] = 1.16377e-06

[#1] INFO:ObjectHandling -- RooWorkspace::import(w) importing RooUniform::prior
Computing limit starting from observation
  1) RooRealVar:: n_obs_binbin1 = 201
Set default minimizer to Minuit2
  r = 70 +/- 0
[#1] INFO:Minization --  Including the following contraint terms in minimization: (nuisancePdf)
[#1] INFO:Fitting -- RooAddition::defaultErrorLevel(nll_model_s_data_obs_with_constr) Summation contains a RooNLLVar, using its error level
Minuit2Minimizer: Minimize with max-calls 2500 convergence for edm < 0.01 strategy 1
MnSeedGenerator: for initial parameters FCN = 18
MnSeedGenerator: Initial state:   - FCN =   17.99997110053 Edm =      11.4277 NCalls =     21
VariableMetric: start iterating until Edm is < 1e-05
VariableMetric: Initial state   - FCN =   17.99997110053 Edm =      11.4277 NCalls =     21
VariableMetric: Iteration #   1 - FCN =    9.54799617998 Edm =     0.528867 NCalls =     33
VariableMetric: Iteration #   2 - FCN =   8.367577308371 Edm =  0.000217526 NCalls =     45
VariableMetric: Iteration #   3 - FCN =   8.367124015138 Edm =  1.96007e-07 NCalls =     56
VariableMetric: After Hessian   - FCN =   8.367124015138 Edm =  2.04914e-07 NCalls =     87
Number of iterations 5
----------> Iteration 0
            FVAL = 17.9999711005 Edm = 11.4276543962 Nfcn = 21
            Error matrix change = 1
            Parameters :  p0 = 0 p1 = 0 p2 = 0 p3 = 0 p4 = 0
----------> Iteration 1
            FVAL = 9.54799617998 Edm = 0.528866966067 Nfcn = 33
            Error matrix change = 0.52771
            Parameters :  p0 = -1.45088 p1 = 0 p2 = 0 p3 = 0 p4 = -0.415186
----------> Iteration 2
            FVAL = 8.36757730837 Edm = 0.000217526435226 Nfcn = 45
            Error matrix change = 0.330812
            Parameters :  p0 = -0.0236413 p1 = 0 p2 = 0 p3 = 0 p4 = -0.62853
----------> Iteration 3
            FVAL = 8.36712401514 Edm = 1.96007348619e-07 Nfcn = 56
            Error matrix change = 0.167049
            Parameters :  p0 = -0.0535052 p1 = 0 p2 = 0 p3 = 0 p4 = -0.625138
----------> Iteration 4
            FVAL = 8.36712401514 Edm = 2.04914364322e-07 Nfcn = 87
            Error matrix change = 0
            Parameters :  p0 = -0.0535052 p1 = 0 p2 = 0 p3 = 0 p4 = -0.625138
Minuit2Minimizer : Valid minimum - status = 0
FVAL  = 8.36712401513802817
Edm   = 2.04914364322180788e-07
Nfcn  = 87
jerUp_unc	  = -0.0535052	 +/-  0.993159	(limited)
jesUp_unc	  = 0	 +/-  0.996602	(limited)
lumi	  = 0	 +/-  0.996602	(limited)
pdf_unc	  = 0	 +/-  0.996602	(limited)
xs_Bkg	  = -0.625138	 +/-  0.171839	(limited)
Zero signal fit
   0) jerUp_unc                      = -0.0535052
   1) jesUp_unc                      =         0
   2) lumi                           =         0
   3) pdf_unc                        =         0
   4) xs_Bkg                         = -0.625138

Fitting of the background hypothesis done in 0.290252 s
[#1] INFO:Fitting -- RooAddition::defaultErrorLevel(nll_model_s_data_obs_with_constr) Summation contains a RooNLLVar, using its error level
Minuit2Minimizer: Minimize with max-calls 2500 convergence for edm < 0.01 strategy 1
MnSeedGenerator: for initial parameters FCN = 18.6554
MnSeedGenerator: Initial state:   - FCN =   18.65535080682 Edm =      10.6898 NCalls =     21
VariableMetric: start iterating until Edm is < 1e-05
VariableMetric: Initial state   - FCN =   18.65535080682 Edm =      10.6898 NCalls =     21
VariableMetric: Iteration #   1 - FCN =   10.82813438895 Edm =     0.718097 NCalls =     33
VariableMetric: Iteration #   2 - FCN =   9.355621781155 Edm =    0.0298845 NCalls =     45
VariableMetric: Iteration #   3 - FCN =   9.320138742085 Edm =  0.000215478 NCalls =     57
VariableMetric: Iteration #   4 - FCN =   9.319851973565 Edm =  3.23985e-07 NCalls =     69
VariableMetric: After Hessian   - FCN =   9.319851973565 Edm =  3.41704e-07 NCalls =    100
Number of iterations 6
----------> Iteration 0
            FVAL = 18.6553508068 Edm = 10.6898417065 Nfcn = 21
            Error matrix change = 1
            Parameters :  p0 = -0.0535052 p1 = 0 p2 = 0 p3 = 0 p4 = -0.625138
----------> Iteration 1
            FVAL = 10.828134389 Edm = 0.718096924843 Nfcn = 33
            Error matrix change = 0.589431
            Parameters :  p0 = -1.26383 p1 = -0.626392 p2 = -0.583634 p3 = -0.726074 p4 = -1.1192
----------> Iteration 2
            FVAL = 9.35562178116 Edm = 0.0298845403386 Nfcn = 45
            Error matrix change = 0.415206
            Parameters :  p0 = -0.195862 p1 = 0.00229427 p2 = 0.0142095 p3 = -0.038101 p4 = -1.42636
----------> Iteration 3
            FVAL = 9.32013874209 Edm = 0.000215478146209 Nfcn = 57
            Error matrix change = 0.217021
            Parameters :  p0 = -0.11328 p1 = -0.0867467 p2 = -0.0811233 p3 = -0.101275 p4 = -1.46595
----------> Iteration 4
            FVAL = 9.31985197356 Edm = 3.2398522451e-07 Nfcn = 69
            Error matrix change = 0.157558
            Parameters :  p0 = -0.124292 p1 = -0.0783717 p2 = -0.0719797 p3 = -0.0940043 p4 = -1.46973
----------> Iteration 5
            FVAL = 9.31985197356 Edm = 3.41703799712e-07 Nfcn = 100
            Error matrix change = 0
            Parameters :  p0 = -0.124292 p1 = -0.0783717 p2 = -0.0719797 p3 = -0.0940043 p4 = -1.46973
Minuit2Minimizer : Valid minimum - status = 0
FVAL  = 9.31985197356497608
Edm   = 3.4170379971182919e-07
Nfcn  = 100
jerUp_unc	  = -0.124292	 +/-  0.993277	(limited)
jesUp_unc	  = -0.0783717	 +/-  0.99263	(limited)
lumi	  = -0.0719797	 +/-  0.993228	(limited)
pdf_unc	  = -0.0940043	 +/-  0.990932	(limited)
xs_Bkg	  = -1.46973	 +/-  0.250426	(limited)
Reference signal fit
   0) jerUp_unc                      = -0.124292
   1) jesUp_unc                      = -0.0783717
   2) lumi                           = -0.0719797
   3) pdf_unc                        = -0.0940043
   4) xs_Bkg                         =  -1.46973

Fitting of the signal-plus-background hypothesis done in 0.00244117 s
      Evaluation of p-values done in  6.25101 s
	CLs = 0.267442 +/- 0.0342166
      Evaluation of p-values done in  6.27659 s
	CLs = 0.248148 +/- 0.0226272
      Evaluation of p-values done in  6.15885 s
	CLs = 0.247821 +/- 0.0185515
      Evaluation of p-values done in  6.20591 s
	CLs = 0.237094 +/- 0.015884
      Evaluation of p-values done in  6.38019 s
	CLs = 0.237082 +/- 0.0141556
	CLs      = 0.237082 +/- 0.0141556
	CLb      = 0.2632 +/- 0.00622777
	CLsplusb = 0.0624 +/- 0.00342071

Hybrid result saved as HypoTestResult_mh120_r70_2285771085 in higgsCombineTest.HybridNew.mH120.-617043525.root : higgsCombineTest.HybridNew.mH120.-617043525.root:/toys

 -- Hybrid New -- 
CLs = 0.237082 +/- 0.0141556
Total toys: 10000
Done in 0.00 min (cpu), 0.53 min (real)
