>>> including systematics
>>> using the Profile Likelihood test statistics modified for upper limits (Q_LHC)
>>> method used to compute upper limit is HybridNew
>>> Using OpenSSL to get a really random seed 
>>> Used OpenSSL to get a really random seed 350363281
Adding /uscms_data/d2/lpcljm/sapta/SUSYSearch/LimitSetting/CMSSW_7_1_5/src to include path
Adding /cvmfs/cms.cern.ch/slc6_amd64_gcc481/lcg/roofit/5.34.18-cms3//include to include path
Input workspace 'w': 

RooWorkspace(w) w contents

variables
---------
(jerUp_unc,jerUp_unc_In,jesUp_unc,jesUp_unc_In,lumi,lumi_In,n_obs_binbin1,pdf_unc,pdf_unc_In,r,xs_Bkg,xs_Bkg_In)

p.d.f.s
-------
SimpleGaussianConstraint::jerUp_unc_Pdf[ x=jerUp_unc mean=jerUp_unc_In sigma=1 ] = 1
SimpleGaussianConstraint::jesUp_unc_Pdf[ x=jesUp_unc mean=jesUp_unc_In sigma=1 ] = 1
SimpleGaussianConstraint::lumi_Pdf[ x=lumi mean=lumi_In sigma=1 ] = 1
RooProdPdf::modelObs_b[ pdf_binbin1_bonly ] = 0.00013192
RooProdPdf::modelObs_s[ pdf_binbin1 ] = 9.46296e-05
RooProdPdf::model_b[ modelObs_b * nuisancePdf ] = 0.00013192
RooProdPdf::model_s[ modelObs_s * nuisancePdf ] = 9.46296e-05
RooProdPdf::nuisancePdf[ lumi_Pdf * jesUp_unc_Pdf * pdf_unc_Pdf * xs_Bkg_Pdf * jerUp_unc_Pdf ] = 1
RooPoisson::pdf_binbin1[ x=n_obs_binbin1 mean=n_exp_binbin1 ] = 9.46296e-05
RooPoisson::pdf_binbin1_bonly[ x=n_obs_binbin1 mean=n_exp_binbin1_bonly ] = 0.00013192
SimpleGaussianConstraint::pdf_unc_Pdf[ x=pdf_unc mean=pdf_unc_In sigma=1 ] = 1
SimpleGaussianConstraint::xs_Bkg_Pdf[ x=xs_Bkg mean=xs_Bkg_In sigma=1 ] = 1

functions
--------
RooAddition::n_exp_binbin1[ n_exp_binbin1_proc_BH + n_exp_binbin1_proc_Background ] = 97.8389
RooAddition::n_exp_binbin1_bonly[ n_exp_binbin1_proc_Background ] = 96.8389
ProcessNormalization::n_exp_binbin1_proc_BH[ thetaList=(lumi,jesUp_unc,pdf_unc) asymmThetaList=() otherFactorList=(r) ] = 1
ProcessNormalization::n_exp_binbin1_proc_Background[ thetaList=(xs_Bkg,jerUp_unc) asymmThetaList=() otherFactorList=() ] = 96.8389

datasets
--------
RooDataSet::data_obs(n_obs_binbin1)

named sets
----------
ModelConfig_GlobalObservables:(lumi_In,jesUp_unc_In,pdf_unc_In,xs_Bkg_In,jerUp_unc_In)
ModelConfig_NuisParams:(lumi,jesUp_unc,pdf_unc,xs_Bkg,jerUp_unc)
ModelConfig_Observables:(n_obs_binbin1)
ModelConfig_POI:(r)
ModelConfig_bonly_GlobalObservables:(lumi_In,jesUp_unc_In,pdf_unc_In,xs_Bkg_In,jerUp_unc_In)
ModelConfig_bonly_NuisParams:(lumi,jesUp_unc,pdf_unc,xs_Bkg,jerUp_unc)
ModelConfig_bonly_Observables:(n_obs_binbin1)
ModelConfig_bonly_POI:(r)
POI:(r)
globalObservables:(lumi_In,jesUp_unc_In,pdf_unc_In,xs_Bkg_In,jerUp_unc_In)
nuisances:(lumi,jesUp_unc,pdf_unc,xs_Bkg,jerUp_unc)
observables:(n_obs_binbin1)

generic objects
---------------
RooStats::ModelConfig::ModelConfig
RooStats::ModelConfig::ModelConfig_bonly
RooArgSet::discreteParams

Workspace has a ModelConfig for signal called 'ModelConfig', with contents:

=== Using the following for ModelConfig ===
Observables:             RooArgSet:: = (n_obs_binbin1)
Parameters of Interest:  RooArgSet:: = (r)
Nuisance Parameters:     RooArgSet:: = (lumi,jesUp_unc,pdf_unc,xs_Bkg,jerUp_unc)
Global Observables:      RooArgSet:: = (lumi_In,jesUp_unc_In,pdf_unc_In,xs_Bkg_In,jerUp_unc_In)
PDF:                     RooProdPdf::model_s[ modelObs_s * nuisancePdf ] = 9.46296e-05

Input ModelConfig 'ModelConfig': 

=== Using the following for ModelConfig ===
Observables:             RooArgSet:: = (n_obs_binbin1)
Parameters of Interest:  RooArgSet:: = (r)
Nuisance Parameters:     RooArgSet:: = (lumi,jesUp_unc,pdf_unc,xs_Bkg,jerUp_unc)
Global Observables:      RooArgSet:: = (lumi_In,jesUp_unc_In,pdf_unc_In,xs_Bkg_In,jerUp_unc_In)
PDF:                     RooProdPdf::model_s[ modelObs_s * nuisancePdf ] = 9.46296e-05

[#1] INFO:ObjectHandling -- RooWorkspace::import(w) importing RooUniform::prior
Computing limit starting from observation
  1) RooRealVar:: n_obs_binbin1 = 65
Set default minimizer to Minuit2
  r = 70 +/- 0
[#1] INFO:Minization --  Including the following contraint terms in minimization: (nuisancePdf)
[#1] INFO:Fitting -- RooAddition::defaultErrorLevel(nll_model_s_data_obs_with_constr) Summation contains a RooNLLVar, using its error level
Minuit2Minimizer: Minimize with max-calls 2500 convergence for edm < 0.01 strategy 1
MnSeedGenerator: for initial parameters FCN = 13.528
MnSeedGenerator: Initial state:   - FCN =   13.52800916947 Edm =      5.75957 NCalls =     21
VariableMetric: start iterating until Edm is < 1e-05
VariableMetric: Initial state   - FCN =   13.52800916947 Edm =      5.75957 NCalls =     21
VariableMetric: Iteration #   1 - FCN =   8.375385217574 Edm =     0.345706 NCalls =     33
VariableMetric: Iteration #   2 - FCN =   7.823183533084 Edm =  9.11652e-05 NCalls =     45
VariableMetric: Iteration #   3 - FCN =   7.823073555677 Edm =  6.39626e-07 NCalls =     57
VariableMetric: After Hessian   - FCN =   7.823073555677 Edm =  6.64821e-07 NCalls =     88
Number of iterations 5
----------> Iteration 0
            FVAL = 13.5280091695 Edm = 5.75956578221 Nfcn = 21
            Error matrix change = 1
            Parameters :  p0 = 0 p1 = 0 p2 = 0 p3 = 0 p4 = 0
----------> Iteration 1
            FVAL = 8.37538521757 Edm = 0.34570551871 Nfcn = 33
            Error matrix change = 0.52782
            Parameters :  p0 = -0.978959 p1 = 0 p2 = 0 p3 = 0 p4 = -0.49223
----------> Iteration 2
            FVAL = 7.82318353308 Edm = 9.11651767854e-05 Nfcn = 45
            Error matrix change = 0.30587
            Parameters :  p0 = -0.0328035 p1 = 0 p2 = 0 p3 = 0 p4 = -0.647671
----------> Iteration 3
            FVAL = 7.82307355568 Edm = 6.39626400064e-07 Nfcn = 57
            Error matrix change = 0.155634
            Parameters :  p0 = -0.0442142 p1 = 0 p2 = 0 p3 = 0 p4 = -0.64888
----------> Iteration 4
            FVAL = 7.82307355568 Edm = 6.64820644822e-07 Nfcn = 88
            Error matrix change = 0
            Parameters :  p0 = -0.0442142 p1 = 0 p2 = 0 p3 = 0 p4 = -0.64888
Minuit2Minimizer : Valid minimum - status = 0
FVAL  = 7.82307355567667706
Edm   = 6.64820644821859446e-07
Nfcn  = 88
jerUp_unc	  = -0.0442142	 +/-  0.994497	(limited)
jesUp_unc	  = 0	 +/-  0.996602	(limited)
lumi	  = 0	 +/-  0.996602	(limited)
pdf_unc	  = 0	 +/-  0.996602	(limited)
xs_Bkg	  = -0.64888	 +/-  0.215276	(limited)
Zero signal fit
   0) jerUp_unc                      = -0.0442142
   1) jesUp_unc                      =         0
   2) lumi                           =         0
   3) pdf_unc                        =         0
   4) xs_Bkg                         =  -0.64888

Fitting of the background hypothesis done in 0.296875 s
[#1] INFO:Fitting -- RooAddition::defaultErrorLevel(nll_model_s_data_obs_with_constr) Summation contains a RooNLLVar, using its error level
Minuit2Minimizer: Minimize with max-calls 2500 convergence for edm < 0.01 strategy 1
MnSeedGenerator: for initial parameters FCN = 30.8866
MnSeedGenerator: Initial state:   - FCN =   30.88662498992 Edm =      15.7844 NCalls =     21
VariableMetric: start iterating until Edm is < 1e-05
VariableMetric: Initial state   - FCN =   30.88662498992 Edm =      15.7844 NCalls =     21
VariableMetric: Iteration #   1 - FCN =   17.19571758147 Edm =      1.39633 NCalls =     36
VariableMetric: Iteration #   2 - FCN =   14.47182565456 Edm =     0.208272 NCalls =     48
VariableMetric: Iteration #   3 - FCN =   14.05327850929 Edm =    0.0159309 NCalls =     61
VariableMetric: Iteration #   4 - FCN =   14.03411501067 Edm =  0.000171965 NCalls =     73
VariableMetric: Iteration #   5 - FCN =   14.03391460248 Edm =  4.62752e-08 NCalls =     85
VariableMetric: After Hessian   - FCN =   14.03391460248 Edm =  4.79689e-08 NCalls =    116
Number of iterations 7
----------> Iteration 0
            FVAL = 30.8866249899 Edm = 15.7843635205 Nfcn = 21
            Error matrix change = 1
            Parameters :  p0 = -0.0442142 p1 = 0 p2 = 0 p3 = 0 p4 = -0.64888
----------> Iteration 1
            FVAL = 17.1957175815 Edm = 1.39632732124 Nfcn = 36
            Error matrix change = 0.592973
            Parameters :  p0 = -1.18552 p1 = -1.48108 p2 = -1.39018 p3 = -1.68339 p4 = -1.64451
----------> Iteration 2
            FVAL = 14.4718256546 Edm = 0.208272430841 Nfcn = 48
            Error matrix change = 0.400134
            Parameters :  p0 = 0.00610271 p1 = -0.564382 p2 = -0.48351 p3 = -0.787346 p4 = -2.24076
----------> Iteration 3
            FVAL = 14.0532785093 Edm = 0.0159308501999 Nfcn = 61
            Error matrix change = 0.2424
            Parameters :  p0 = -0.150154 p1 = -0.765917 p2 = -0.726459 p3 = -0.864896 p4 = -2.57038
----------> Iteration 4
            FVAL = 14.0341150107 Edm = 0.000171964713534 Nfcn = 73
            Error matrix change = 0.147891
            Parameters :  p0 = -0.180638 p1 = -0.672453 p2 = -0.62104 p3 = -0.797288 p4 = -2.63276
----------> Iteration 5
            FVAL = 14.0339146025 Edm = 4.62751903162e-08 Nfcn = 85
            Error matrix change = 0.08659
            Parameters :  p0 = -0.17675 p1 = -0.674902 p2 = -0.621942 p3 = -0.805883 p4 = -2.64035
----------> Iteration 6
            FVAL = 14.0339146025 Edm = 4.79688813405e-08 Nfcn = 116
            Error matrix change = 0
            Parameters :  p0 = -0.17675 p1 = -0.674902 p2 = -0.621942 p3 = -0.805883 p4 = -2.64035
Minuit2Minimizer : Valid minimum - status = 0
FVAL  = 14.0339146024754378
Edm   = 4.79688813404832659e-08
Nfcn  = 116
jerUp_unc	  = -0.17675	 +/-  0.995004	(limited)
jesUp_unc	  = -0.674902	 +/-  0.961424	(limited)
lumi	  = -0.621942	 +/-  0.966796	(limited)
pdf_unc	  = -0.805883	 +/-  0.94602	(limited)
xs_Bkg	  = -2.64035	 +/-  0.527563	(limited)
Reference signal fit
   0) jerUp_unc                      =  -0.17675
   1) jesUp_unc                      = -0.674902
   2) lumi                           = -0.621942
   3) pdf_unc                        = -0.805883
   4) xs_Bkg                         =  -2.64035

Fitting of the signal-plus-background hypothesis done in 0.00255609 s
      Evaluation of p-values done in  6.70861 s
	CLs = 0 +/- 0
      Evaluation of p-values done in  6.49377 s
	CLs = 0 +/- 0
      Evaluation of p-values done in  6.51253 s
	CLs = 0 +/- 0
      Evaluation of p-values done in  6.40879 s
	CLs = 0 +/- 0
      Evaluation of p-values done in  6.53534 s
	CLs = 0 +/- 0
	CLs      = 0 +/- 0
	CLb      = 0.3168 +/- 0.00657933
	CLsplusb = 0 +/- 0

Hybrid result saved as HypoTestResult_mh120_r70_2968152763 in higgsCombineTest.HybridNew.mH120.350363281.root : higgsCombineTest.HybridNew.mH120.350363281.root:/toys

 -- Hybrid New -- 
CLs = 0 +/- 0
Total toys: 10000
Done in 0.00 min (cpu), 0.55 min (real)
