>>> including systematics
>>> using the Profile Likelihood test statistics modified for upper limits (Q_LHC)
>>> method used to compute upper limit is HybridNew
>>> Using OpenSSL to get a really random seed 
>>> Used OpenSSL to get a really random seed 557599505
Adding /uscms_data/d2/lpcljm/sapta/SUSYSearch/LimitSetting/CMSSW_7_1_5/src to include path
Adding /cvmfs/cms.cern.ch/slc6_amd64_gcc481/lcg/roofit/5.34.18-cms3//include to include path
Input workspace 'w': 

RooWorkspace(w) w contents

variables
---------
(jerUp_unc,jerUp_unc_In,jesUp_unc,jesUp_unc_In,lumi,lumi_In,n_obs_binbin1,pdf_unc,pdf_unc_In,r,xs_Bkg,xs_Bkg_In)

p.d.f.s
-------
SimpleGaussianConstraint::jerUp_unc_Pdf[ x=jerUp_unc mean=jerUp_unc_In sigma=1 ] = 1
SimpleGaussianConstraint::jesUp_unc_Pdf[ x=jesUp_unc mean=jesUp_unc_In sigma=1 ] = 1
SimpleGaussianConstraint::lumi_Pdf[ x=lumi mean=lumi_In sigma=1 ] = 1
RooProdPdf::modelObs_b[ pdf_binbin1_bonly ] = 2.70653e-10
RooProdPdf::modelObs_s[ pdf_binbin1 ] = 2.42367e-10
RooProdPdf::model_b[ modelObs_b * nuisancePdf ] = 2.70653e-10
RooProdPdf::model_s[ modelObs_s * nuisancePdf ] = 2.42367e-10
RooProdPdf::nuisancePdf[ lumi_Pdf * jesUp_unc_Pdf * pdf_unc_Pdf * xs_Bkg_Pdf * jerUp_unc_Pdf ] = 1
RooPoisson::pdf_binbin1[ x=n_obs_binbin1 mean=n_exp_binbin1 ] = 2.42367e-10
RooPoisson::pdf_binbin1_bonly[ x=n_obs_binbin1 mean=n_exp_binbin1_bonly ] = 2.70653e-10
SimpleGaussianConstraint::pdf_unc_Pdf[ x=pdf_unc mean=pdf_unc_In sigma=1 ] = 1
SimpleGaussianConstraint::xs_Bkg_Pdf[ x=xs_Bkg mean=xs_Bkg_In sigma=1 ] = 1

functions
--------
RooAddition::n_exp_binbin1[ n_exp_binbin1_proc_BH + n_exp_binbin1_proc_Background ] = 2728.65
RooAddition::n_exp_binbin1_bonly[ n_exp_binbin1_proc_Background ] = 2727.65
ProcessNormalization::n_exp_binbin1_proc_BH[ thetaList=(lumi,jesUp_unc,pdf_unc) asymmThetaList=() otherFactorList=(r) ] = 1
ProcessNormalization::n_exp_binbin1_proc_Background[ thetaList=(xs_Bkg,jerUp_unc) asymmThetaList=() otherFactorList=() ] = 2727.65

datasets
--------
RooDataSet::data_obs(n_obs_binbin1)

named sets
----------
ModelConfig_GlobalObservables:(lumi_In,jesUp_unc_In,pdf_unc_In,xs_Bkg_In,jerUp_unc_In)
ModelConfig_NuisParams:(lumi,jesUp_unc,pdf_unc,xs_Bkg,jerUp_unc)
ModelConfig_Observables:(n_obs_binbin1)
ModelConfig_POI:(r)
ModelConfig_bonly_GlobalObservables:(lumi_In,jesUp_unc_In,pdf_unc_In,xs_Bkg_In,jerUp_unc_In)
ModelConfig_bonly_NuisParams:(lumi,jesUp_unc,pdf_unc,xs_Bkg,jerUp_unc)
ModelConfig_bonly_Observables:(n_obs_binbin1)
ModelConfig_bonly_POI:(r)
POI:(r)
globalObservables:(lumi_In,jesUp_unc_In,pdf_unc_In,xs_Bkg_In,jerUp_unc_In)
nuisances:(lumi,jesUp_unc,pdf_unc,xs_Bkg,jerUp_unc)
observables:(n_obs_binbin1)

generic objects
---------------
RooStats::ModelConfig::ModelConfig
RooStats::ModelConfig::ModelConfig_bonly
RooArgSet::discreteParams

Workspace has a ModelConfig for signal called 'ModelConfig', with contents:

=== Using the following for ModelConfig ===
Observables:             RooArgSet:: = (n_obs_binbin1)
Parameters of Interest:  RooArgSet:: = (r)
Nuisance Parameters:     RooArgSet:: = (lumi,jesUp_unc,pdf_unc,xs_Bkg,jerUp_unc)
Global Observables:      RooArgSet:: = (lumi_In,jesUp_unc_In,pdf_unc_In,xs_Bkg_In,jerUp_unc_In)
PDF:                     RooProdPdf::model_s[ modelObs_s * nuisancePdf ] = 2.42367e-10

Input ModelConfig 'ModelConfig': 

=== Using the following for ModelConfig ===
Observables:             RooArgSet:: = (n_obs_binbin1)
Parameters of Interest:  RooArgSet:: = (r)
Nuisance Parameters:     RooArgSet:: = (lumi,jesUp_unc,pdf_unc,xs_Bkg,jerUp_unc)
Global Observables:      RooArgSet:: = (lumi_In,jesUp_unc_In,pdf_unc_In,xs_Bkg_In,jerUp_unc_In)
PDF:                     RooProdPdf::model_s[ modelObs_s * nuisancePdf ] = 2.42367e-10

[#1] INFO:ObjectHandling -- RooWorkspace::import(w) importing RooUniform::prior
Computing limit starting from observation
  1) RooRealVar:: n_obs_binbin1 = 2427
Set default minimizer to Minuit2
  r = 800 +/- 0
[#1] INFO:Minization --  Including the following contraint terms in minimization: (nuisancePdf)
[#1] INFO:Fitting -- RooAddition::defaultErrorLevel(nll_model_s_data_obs_with_constr) Summation contains a RooNLLVar, using its error level
Minuit2Minimizer: Minimize with max-calls 2500 convergence for edm < 0.01 strategy 1
MnSeedGenerator: for initial parameters FCN = 26.6249
MnSeedGenerator: Initial state:   - FCN =   26.62487535396 Edm =      29.8348 NCalls =     21
VariableMetric: start iterating until Edm is < 1e-05
VariableMetric: Initial state   - FCN =   26.62487535396 Edm =      29.8348 NCalls =     21
VariableMetric: Iteration #   1 - FCN =   10.29124777661 Edm =    0.0840813 NCalls =     33
VariableMetric: Iteration #   2 - FCN =   9.692406690135 Edm =     0.116714 NCalls =     46
VariableMetric: Iteration #   3 - FCN =   9.536150623241 Edm =  7.06287e-05 NCalls =     58
VariableMetric: Iteration #   4 - FCN =   9.536080438531 Edm =  3.08216e-08 NCalls =     69
VariableMetric: After Hessian   - FCN =   9.536080438531 Edm =  3.01934e-08 NCalls =    100
Number of iterations 6
----------> Iteration 0
            FVAL = 26.624875354 Edm = 29.8347552757 Nfcn = 21
            Error matrix change = 1
            Parameters :  p0 = 0 p1 = 0 p2 = 0 p3 = 0 p4 = 0
----------> Iteration 1
            FVAL = 10.2912477766 Edm = 0.0840813222741 Nfcn = 33
            Error matrix change = 0.509054
            Parameters :  p0 = -1.27932 p1 = 0 p2 = 0 p3 = 0 p4 = -0.270717
----------> Iteration 2
            FVAL = 9.69240669013 Edm = 0.116714329587 Nfcn = 46
            Error matrix change = 0.373851
            Parameters :  p0 = -0.237372 p1 = 0 p2 = 0 p3 = 0 p4 = -0.418064
----------> Iteration 3
            FVAL = 9.53615062324 Edm = 7.06287014278e-05 Nfcn = 58
            Error matrix change = 0.192448
            Parameters :  p0 = -0.0957268 p1 = 0 p2 = 0 p3 = 0 p4 = -0.489505
----------> Iteration 4
            FVAL = 9.53608043853 Edm = 3.08216346026e-08 Nfcn = 69
            Error matrix change = 0.0988076
            Parameters :  p0 = -0.0838704 p1 = 0 p2 = 0 p3 = 0 p4 = -0.49141
----------> Iteration 5
            FVAL = 9.53608043853 Edm = 3.01934033882e-08 Nfcn = 100
            Error matrix change = 0
            Parameters :  p0 = -0.0838704 p1 = 0 p2 = 0 p3 = 0 p4 = -0.49141
Minuit2Minimizer : Valid minimum - status = 0
FVAL  = 9.53608043853127185
Edm   = 3.01934033881907302e-08
Nfcn  = 100
jerUp_unc	  = -0.0838704	 +/-  0.982668	(limited)
jesUp_unc	  = 0	 +/-  0.996602	(limited)
lumi	  = 0	 +/-  0.996602	(limited)
pdf_unc	  = 0	 +/-  0.996602	(limited)
xs_Bkg	  = -0.49141	 +/-  0.189222	(limited)
Zero signal fit
   0) jerUp_unc                      = -0.0838704
   1) jesUp_unc                      =         0
   2) lumi                           =         0
   3) pdf_unc                        =         0
   4) xs_Bkg                         =  -0.49141

Fitting of the background hypothesis done in 0.30031 s
[#1] INFO:Fitting -- RooAddition::defaultErrorLevel(nll_model_s_data_obs_with_constr) Summation contains a RooNLLVar, using its error level
Minuit2Minimizer: Minimize with max-calls 2500 convergence for edm < 0.01 strategy 1
MnSeedGenerator: for initial parameters FCN = 118.623
MnSeedGenerator: Initial state:   - FCN =   118.6232539214 Edm =      237.434 NCalls =     21
VariableMetric: start iterating until Edm is < 1e-05
VariableMetric: Initial state   - FCN =   118.6232539214 Edm =      237.434 NCalls =     21
VariableMetric: Iteration #   1 - FCN =   23.31911042705 Edm =      4.39991 NCalls =     33
VariableMetric: Iteration #   2 - FCN =   17.18124359891 Edm =      1.06217 NCalls =     46
VariableMetric: Iteration #   3 - FCN =    13.2061999179 Edm =     0.348609 NCalls =     60
VariableMetric: Iteration #   4 - FCN =   11.92402819315 Edm =     0.155172 NCalls =     73
VariableMetric: Iteration #   5 - FCN =   11.79495294262 Edm =    0.0176921 NCalls =     85
VariableMetric: Iteration #   6 - FCN =   11.76473084941 Edm =  0.000504343 NCalls =     97
VariableMetric: Iteration #   7 - FCN =   11.76398575699 Edm =  4.37457e-06 NCalls =    109
VariableMetric: After Hessian   - FCN =   11.76398575699 Edm =  6.74887e-06 NCalls =    140
Number of iterations 9
----------> Iteration 0
            FVAL = 118.623253921 Edm = 237.43424136 Nfcn = 21
            Error matrix change = 1
            Parameters :  p0 = -0.0838704 p1 = 0 p2 = 0 p3 = 0 p4 = -0.49141
----------> Iteration 1
            FVAL = 23.3191104271 Edm = 4.39991025993 Nfcn = 33
            Error matrix change = 0.621299
            Parameters :  p0 = -2.7933 p1 = -2.50408 p2 = -2.47802 p3 = -2.50654 p4 = -1.11489
----------> Iteration 2
            FVAL = 17.1812435989 Edm = 1.06216573403 Nfcn = 46
            Error matrix change = 0.521995
            Parameters :  p0 = -2.44972 p1 = -0.897016 p2 = -0.712238 p3 = -1.27775 p4 = -1.27477
----------> Iteration 3
            FVAL = 13.2061999179 Edm = 0.348609468746 Nfcn = 60
            Error matrix change = 0.399256
            Parameters :  p0 = -1.99535 p1 = 0.0186991 p2 = 0.0646873 p3 = -0.298906 p4 = -1.87286
----------> Iteration 4
            FVAL = 11.9240281931 Edm = 0.155171657013 Nfcn = 73
            Error matrix change = 0.378288
            Parameters :  p0 = -0.530607 p1 = -0.018853 p2 = -0.117946 p3 = 0.204942 p4 = -2.11514
----------> Iteration 5
            FVAL = 11.7949529426 Edm = 0.0176921494384 Nfcn = 85
            Error matrix change = 0.266382
            Parameters :  p0 = -0.41012 p1 = -0.249752 p2 = -0.308826 p3 = -0.0573516 p4 = -2.09866
----------> Iteration 6
            FVAL = 11.7647308494 Edm = 0.000504342680436 Nfcn = 97
            Error matrix change = 0.241271
            Parameters :  p0 = -0.367247 p1 = -0.233744 p2 = -0.201894 p3 = -0.245322 p4 = -2.08138
----------> Iteration 7
            FVAL = 11.763985757 Edm = 4.37457315197e-06 Nfcn = 109
            Error matrix change = 0.175189
            Parameters :  p0 = -0.357344 p1 = -0.208231 p2 = -0.187962 p3 = -0.244696 p4 = -2.08965
----------> Iteration 8
            FVAL = 11.763985757 Edm = 6.74886594057e-06 Nfcn = 140
            Error matrix change = 0
            Parameters :  p0 = -0.357344 p1 = -0.208231 p2 = -0.187962 p3 = -0.244696 p4 = -2.08965
Minuit2Minimizer : Valid minimum - status = 0
FVAL  = 11.76398575698909
Edm   = 6.74886594057283948e-06
Nfcn  = 140
jerUp_unc	  = -0.357344	 +/-  0.983205	(limited)
jesUp_unc	  = -0.208231	 +/-  0.985559	(limited)
lumi	  = -0.187962	 +/-  0.98722	(limited)
pdf_unc	  = -0.244696	 +/-  0.980804	(limited)
xs_Bkg	  = -2.08965	 +/-  0.265863	(limited)
Reference signal fit
   0) jerUp_unc                      = -0.357344
   1) jesUp_unc                      = -0.208231
   2) lumi                           = -0.187962
   3) pdf_unc                        = -0.244696
   4) xs_Bkg                         =  -2.08965

Fitting of the signal-plus-background hypothesis done in 0.00284386 s
      Evaluation of p-values done in  7.67614 s
	CLs = 0.0347003 +/- 0.0105288
      Evaluation of p-values done in  7.37709 s
	CLs = 0.0496 +/- 0.00899089
      Evaluation of p-values done in  7.41771 s
	CLs = 0.05074 +/- 0.00739199
      Evaluation of p-values done in  7.36334 s
	CLs = 0.0540323 +/- 0.00666851
      Evaluation of p-values done in  7.57999 s
	CLs = 0.0528376 +/- 0.00593053
	CLs      = 0.0528376 +/- 0.00593053
	CLb      = 0.3066 +/- 0.00652068
	CLsplusb = 0.0162 +/- 0.00178536

Hybrid result saved as HypoTestResult_mh120_r800_145628990 in higgsCombineTest.HybridNew.mH120.557599505.root : higgsCombineTest.HybridNew.mH120.557599505.root:/toys

 -- Hybrid New -- 
CLs = 0.0528376 +/- 0.00593053
Total toys: 10000
Done in 0.00 min (cpu), 0.63 min (real)
