>>> including systematics
>>> using the Profile Likelihood test statistics modified for upper limits (Q_LHC)
>>> method used to compute upper limit is HybridNew
>>> Using OpenSSL to get a really random seed 
>>> Used OpenSSL to get a really random seed 108252366
Adding /uscms_data/d2/lpcljm/sapta/SUSYSearch/LimitSetting/CMSSW_7_1_5/src to include path
Adding /cvmfs/cms.cern.ch/slc6_amd64_gcc481/lcg/roofit/5.34.18-cms3//include to include path
Input workspace 'w': 

RooWorkspace(w) w contents

variables
---------
(jerUp_unc,jerUp_unc_In,jesUp_unc,jesUp_unc_In,lumi,lumi_In,n_obs_binbin1,pdf_unc,pdf_unc_In,r,xs_Bkg,xs_Bkg_In)

p.d.f.s
-------
SimpleGaussianConstraint::jerUp_unc_Pdf[ x=jerUp_unc mean=jerUp_unc_In sigma=1 ] = 1
SimpleGaussianConstraint::jesUp_unc_Pdf[ x=jesUp_unc mean=jesUp_unc_In sigma=1 ] = 1
SimpleGaussianConstraint::lumi_Pdf[ x=lumi mean=lumi_In sigma=1 ] = 1
RooProdPdf::modelObs_b[ pdf_binbin1_bonly ] = 1.50717e-06
RooProdPdf::modelObs_s[ pdf_binbin1 ] = 1.16377e-06
RooProdPdf::model_b[ modelObs_b * nuisancePdf ] = 1.50717e-06
RooProdPdf::model_s[ modelObs_s * nuisancePdf ] = 1.16377e-06
RooProdPdf::nuisancePdf[ lumi_Pdf * jesUp_unc_Pdf * pdf_unc_Pdf * xs_Bkg_Pdf * jerUp_unc_Pdf ] = 1
RooPoisson::pdf_binbin1[ x=n_obs_binbin1 mean=n_exp_binbin1 ] = 1.16377e-06
RooPoisson::pdf_binbin1_bonly[ x=n_obs_binbin1 mean=n_exp_binbin1_bonly ] = 1.50717e-06
SimpleGaussianConstraint::pdf_unc_Pdf[ x=pdf_unc mean=pdf_unc_In sigma=1 ] = 1
SimpleGaussianConstraint::xs_Bkg_Pdf[ x=xs_Bkg mean=xs_Bkg_In sigma=1 ] = 1

functions
--------
RooAddition::n_exp_binbin1[ n_exp_binbin1_proc_BH + n_exp_binbin1_proc_Background ] = 271.596
RooAddition::n_exp_binbin1_bonly[ n_exp_binbin1_proc_Background ] = 270.596
ProcessNormalization::n_exp_binbin1_proc_BH[ thetaList=(lumi,jesUp_unc,pdf_unc) asymmThetaList=() otherFactorList=(r) ] = 1
ProcessNormalization::n_exp_binbin1_proc_Background[ thetaList=(xs_Bkg,jerUp_unc) asymmThetaList=() otherFactorList=() ] = 270.596

datasets
--------
RooDataSet::data_obs(n_obs_binbin1)

named sets
----------
ModelConfig_GlobalObservables:(lumi_In,jesUp_unc_In,pdf_unc_In,xs_Bkg_In,jerUp_unc_In)
ModelConfig_NuisParams:(lumi,jesUp_unc,pdf_unc,xs_Bkg,jerUp_unc)
ModelConfig_Observables:(n_obs_binbin1)
ModelConfig_POI:(r)
ModelConfig_bonly_GlobalObservables:(lumi_In,jesUp_unc_In,pdf_unc_In,xs_Bkg_In,jerUp_unc_In)
ModelConfig_bonly_NuisParams:(lumi,jesUp_unc,pdf_unc,xs_Bkg,jerUp_unc)
ModelConfig_bonly_Observables:(n_obs_binbin1)
ModelConfig_bonly_POI:(r)
POI:(r)
globalObservables:(lumi_In,jesUp_unc_In,pdf_unc_In,xs_Bkg_In,jerUp_unc_In)
nuisances:(lumi,jesUp_unc,pdf_unc,xs_Bkg,jerUp_unc)
observables:(n_obs_binbin1)

generic objects
---------------
RooStats::ModelConfig::ModelConfig
RooStats::ModelConfig::ModelConfig_bonly
RooArgSet::discreteParams

Workspace has a ModelConfig for signal called 'ModelConfig', with contents:

=== Using the following for ModelConfig ===
Observables:             RooArgSet:: = (n_obs_binbin1)
Parameters of Interest:  RooArgSet:: = (r)
Nuisance Parameters:     RooArgSet:: = (lumi,jesUp_unc,pdf_unc,xs_Bkg,jerUp_unc)
Global Observables:      RooArgSet:: = (lumi_In,jesUp_unc_In,pdf_unc_In,xs_Bkg_In,jerUp_unc_In)
PDF:                     RooProdPdf::model_s[ modelObs_s * nuisancePdf ] = 1.16377e-06

Input ModelConfig 'ModelConfig': 

=== Using the following for ModelConfig ===
Observables:             RooArgSet:: = (n_obs_binbin1)
Parameters of Interest:  RooArgSet:: = (r)
Nuisance Parameters:     RooArgSet:: = (lumi,jesUp_unc,pdf_unc,xs_Bkg,jerUp_unc)
Global Observables:      RooArgSet:: = (lumi_In,jesUp_unc_In,pdf_unc_In,xs_Bkg_In,jerUp_unc_In)
PDF:                     RooProdPdf::model_s[ modelObs_s * nuisancePdf ] = 1.16377e-06

[#1] INFO:ObjectHandling -- RooWorkspace::import(w) importing RooUniform::prior
Computing limit starting from observation
  1) RooRealVar:: n_obs_binbin1 = 201
Set default minimizer to Minuit2
  r = 80 +/- 0
[#1] INFO:Minization --  Including the following contraint terms in minimization: (nuisancePdf)
[#1] INFO:Fitting -- RooAddition::defaultErrorLevel(nll_model_s_data_obs_with_constr) Summation contains a RooNLLVar, using its error level
Minuit2Minimizer: Minimize with max-calls 2500 convergence for edm < 0.01 strategy 1
MnSeedGenerator: for initial parameters FCN = 18
MnSeedGenerator: Initial state:   - FCN =   17.99997110053 Edm =      11.4277 NCalls =     21
VariableMetric: start iterating until Edm is < 1e-05
VariableMetric: Initial state   - FCN =   17.99997110053 Edm =      11.4277 NCalls =     21
VariableMetric: Iteration #   1 - FCN =    9.54799617998 Edm =     0.528867 NCalls =     33
VariableMetric: Iteration #   2 - FCN =   8.367577308371 Edm =  0.000217526 NCalls =     45
VariableMetric: Iteration #   3 - FCN =   8.367124015138 Edm =  1.96007e-07 NCalls =     56
VariableMetric: After Hessian   - FCN =   8.367124015138 Edm =  2.04914e-07 NCalls =     87
Number of iterations 5
----------> Iteration 0
            FVAL = 17.9999711005 Edm = 11.4276543962 Nfcn = 21
            Error matrix change = 1
            Parameters :  p0 = 0 p1 = 0 p2 = 0 p3 = 0 p4 = 0
----------> Iteration 1
            FVAL = 9.54799617998 Edm = 0.528866966067 Nfcn = 33
            Error matrix change = 0.52771
            Parameters :  p0 = -1.45088 p1 = 0 p2 = 0 p3 = 0 p4 = -0.415186
----------> Iteration 2
            FVAL = 8.36757730837 Edm = 0.000217526435226 Nfcn = 45
            Error matrix change = 0.330812
            Parameters :  p0 = -0.0236413 p1 = 0 p2 = 0 p3 = 0 p4 = -0.62853
----------> Iteration 3
            FVAL = 8.36712401514 Edm = 1.96007348619e-07 Nfcn = 56
            Error matrix change = 0.167049
            Parameters :  p0 = -0.0535052 p1 = 0 p2 = 0 p3 = 0 p4 = -0.625138
----------> Iteration 4
            FVAL = 8.36712401514 Edm = 2.04914364322e-07 Nfcn = 87
            Error matrix change = 0
            Parameters :  p0 = -0.0535052 p1 = 0 p2 = 0 p3 = 0 p4 = -0.625138
Minuit2Minimizer : Valid minimum - status = 0
FVAL  = 8.36712401513802817
Edm   = 2.04914364322180788e-07
Nfcn  = 87
jerUp_unc	  = -0.0535052	 +/-  0.993159	(limited)
jesUp_unc	  = 0	 +/-  0.996602	(limited)
lumi	  = 0	 +/-  0.996602	(limited)
pdf_unc	  = 0	 +/-  0.996602	(limited)
xs_Bkg	  = -0.625138	 +/-  0.171839	(limited)
Zero signal fit
   0) jerUp_unc                      = -0.0535052
   1) jesUp_unc                      =         0
   2) lumi                           =         0
   3) pdf_unc                        =         0
   4) xs_Bkg                         = -0.625138

Fitting of the background hypothesis done in 0.298544 s
[#1] INFO:Fitting -- RooAddition::defaultErrorLevel(nll_model_s_data_obs_with_constr) Summation contains a RooNLLVar, using its error level
Minuit2Minimizer: Minimize with max-calls 2500 convergence for edm < 0.01 strategy 1
MnSeedGenerator: for initial parameters FCN = 21.4077
MnSeedGenerator: Initial state:   - FCN =   21.40772664269 Edm =      13.5307 NCalls =     19
VariableMetric: start iterating until Edm is < 1e-05
VariableMetric: Initial state   - FCN =   21.40772664269 Edm =      13.5307 NCalls =     19
VariableMetric: Iteration #   1 - FCN =   11.60003232941 Edm =     0.917287 NCalls =     31
VariableMetric: Iteration #   2 - FCN =   9.630949513935 Edm =    0.0483757 NCalls =     43
VariableMetric: Iteration #   3 - FCN =   9.569812779651 Edm =  0.000838373 NCalls =     55
VariableMetric: Iteration #   4 - FCN =   9.568668366955 Edm =  1.10666e-06 NCalls =     67
VariableMetric: After Hessian   - FCN =   9.568668366955 Edm =  1.15955e-06 NCalls =     98
Number of iterations 6
----------> Iteration 0
            FVAL = 21.4077266427 Edm = 13.5307180907 Nfcn = 19
            Error matrix change = 1
            Parameters :  p0 = -0.0535052 p1 = 0 p2 = 0 p3 = 0 p4 = -0.625138
----------> Iteration 1
            FVAL = 11.6000323294 Edm = 0.917287260294 Nfcn = 31
            Error matrix change = 0.59427
            Parameters :  p0 = -1.38069 p1 = -0.768382 p2 = -0.717662 p3 = -0.884868 p4 = -1.17303
----------> Iteration 2
            FVAL = 9.63094951394 Edm = 0.0483756998821 Nfcn = 43
            Error matrix change = 0.424887
            Parameters :  p0 = -0.203325 p1 = -0.0200736 p2 = -3.10777e-05 p3 = -0.0851065 p4 = -1.54445
----------> Iteration 3
            FVAL = 9.56981277965 Edm = 0.000838373091124 Nfcn = 55
            Error matrix change = 0.230313
            Parameters :  p0 = -0.112601 p1 = -0.122434 p2 = -0.114907 p3 = -0.142467 p4 = -1.60364
----------> Iteration 4
            FVAL = 9.56866836696 Edm = 1.10666042774e-06 Nfcn = 67
            Error matrix change = 0.175173
            Parameters :  p0 = -0.135694 p1 = -0.104336 p2 = -0.0958292 p3 = -0.124871 p4 = -1.61138
----------> Iteration 5
            FVAL = 9.56866836696 Edm = 1.15954762936e-06 Nfcn = 98
            Error matrix change = 0
            Parameters :  p0 = -0.135694 p1 = -0.104336 p2 = -0.0958292 p3 = -0.124871 p4 = -1.61138
Minuit2Minimizer : Valid minimum - status = 0
FVAL  = 9.56866836695524015
Edm   = 1.15954762935831882e-06
Nfcn  = 98
jerUp_unc	  = -0.135694	 +/-  0.993309	(limited)
jesUp_unc	  = -0.104336	 +/-  0.990986	(limited)
lumi	  = -0.0958292	 +/-  0.991832	(limited)
pdf_unc	  = -0.124871	 +/-  0.988583	(limited)
xs_Bkg	  = -1.61138	 +/-  0.268696	(limited)
Reference signal fit
   0) jerUp_unc                      = -0.135694
   1) jesUp_unc                      = -0.104336
   2) lumi                           = -0.0958292
   3) pdf_unc                        = -0.124871
   4) xs_Bkg                         =  -1.61138

Fitting of the signal-plus-background hypothesis done in 0.0024631 s
      Evaluation of p-values done in  6.61732 s
	CLs = 0.142857 +/- 0.0223963
      Evaluation of p-values done in  6.36496 s
	CLs = 0.157895 +/- 0.0168958
      Evaluation of p-values done in  6.30696 s
	CLs = 0.171729 +/- 0.0146768
      Evaluation of p-values done in  6.33594 s
	CLs = 0.177876 +/- 0.0130228
      Evaluation of p-values done in  6.40251 s
	CLs = 0.186695 +/- 0.0120223
	CLs      = 0.186695 +/- 0.0120223
	CLb      = 0.2796 +/- 0.00634703
	CLsplusb = 0.0522 +/- 0.00314564

Hybrid result saved as HypoTestResult_mh120_r80_2948778599 in higgsCombineTest.HybridNew.mH120.108252366.root : higgsCombineTest.HybridNew.mH120.108252366.root:/toys

 -- Hybrid New -- 
CLs = 0.186695 +/- 0.0120223
Total toys: 10000
Done in 0.00 min (cpu), 0.54 min (real)
