>>> including systematics
>>> using the Profile Likelihood test statistics modified for upper limits (Q_LHC)
>>> method used to compute upper limit is HybridNew
>>> Using OpenSSL to get a really random seed 
>>> Used OpenSSL to get a really random seed 1273971161
Adding /uscms_data/d2/lpcljm/sapta/SUSYSearch/LimitSetting/CMSSW_7_1_5/src to include path
Adding /cvmfs/cms.cern.ch/slc6_amd64_gcc481/lcg/roofit/5.34.18-cms3//include to include path
Input workspace 'w': 

RooWorkspace(w) w contents

variables
---------
(jerUp_unc,jerUp_unc_In,jesUp_unc,jesUp_unc_In,lumi,lumi_In,n_obs_binbin1,pdf_unc,pdf_unc_In,r,xs_Bkg,xs_Bkg_In)

p.d.f.s
-------
SimpleGaussianConstraint::jerUp_unc_Pdf[ x=jerUp_unc mean=jerUp_unc_In sigma=1 ] = 1
SimpleGaussianConstraint::jesUp_unc_Pdf[ x=jesUp_unc mean=jesUp_unc_In sigma=1 ] = 1
SimpleGaussianConstraint::lumi_Pdf[ x=lumi mean=lumi_In sigma=1 ] = 1
RooProdPdf::modelObs_b[ pdf_binbin1_bonly ] = 0.0480281
RooProdPdf::modelObs_s[ pdf_binbin1 ] = 0.0241786
RooProdPdf::model_b[ modelObs_b * nuisancePdf ] = 0.0480281
RooProdPdf::model_s[ modelObs_s * nuisancePdf ] = 0.0241786
RooProdPdf::nuisancePdf[ lumi_Pdf * jesUp_unc_Pdf * pdf_unc_Pdf * xs_Bkg_Pdf * jerUp_unc_Pdf ] = 1
RooPoisson::pdf_binbin1[ x=n_obs_binbin1 mean=n_exp_binbin1 ] = 0.0241786
RooPoisson::pdf_binbin1_bonly[ x=n_obs_binbin1 mean=n_exp_binbin1_bonly ] = 0.0480281
SimpleGaussianConstraint::pdf_unc_Pdf[ x=pdf_unc mean=pdf_unc_In sigma=1 ] = 1
SimpleGaussianConstraint::xs_Bkg_Pdf[ x=xs_Bkg mean=xs_Bkg_In sigma=1 ] = 1

functions
--------
RooAddition::n_exp_binbin1[ n_exp_binbin1_proc_BH + n_exp_binbin1_proc_Background ] = 6.88899
RooAddition::n_exp_binbin1_bonly[ n_exp_binbin1_proc_Background ] = 5.88899
ProcessNormalization::n_exp_binbin1_proc_BH[ thetaList=(lumi,jesUp_unc,pdf_unc) asymmThetaList=() otherFactorList=(r) ] = 1
ProcessNormalization::n_exp_binbin1_proc_Background[ thetaList=(xs_Bkg,jerUp_unc) asymmThetaList=() otherFactorList=() ] = 5.88899

datasets
--------
RooDataSet::data_obs(n_obs_binbin1)

named sets
----------
ModelConfig_GlobalObservables:(lumi_In,jesUp_unc_In,pdf_unc_In,xs_Bkg_In,jerUp_unc_In)
ModelConfig_NuisParams:(lumi,jesUp_unc,pdf_unc,xs_Bkg,jerUp_unc)
ModelConfig_Observables:(n_obs_binbin1)
ModelConfig_POI:(r)
ModelConfig_bonly_GlobalObservables:(lumi_In,jesUp_unc_In,pdf_unc_In,xs_Bkg_In,jerUp_unc_In)
ModelConfig_bonly_NuisParams:(lumi,jesUp_unc,pdf_unc,xs_Bkg,jerUp_unc)
ModelConfig_bonly_Observables:(n_obs_binbin1)
ModelConfig_bonly_POI:(r)
POI:(r)
globalObservables:(lumi_In,jesUp_unc_In,pdf_unc_In,xs_Bkg_In,jerUp_unc_In)
nuisances:(lumi,jesUp_unc,pdf_unc,xs_Bkg,jerUp_unc)
observables:(n_obs_binbin1)

generic objects
---------------
RooStats::ModelConfig::ModelConfig
RooStats::ModelConfig::ModelConfig_bonly
RooArgSet::discreteParams

Workspace has a ModelConfig for signal called 'ModelConfig', with contents:

=== Using the following for ModelConfig ===
Observables:             RooArgSet:: = (n_obs_binbin1)
Parameters of Interest:  RooArgSet:: = (r)
Nuisance Parameters:     RooArgSet:: = (lumi,jesUp_unc,pdf_unc,xs_Bkg,jerUp_unc)
Global Observables:      RooArgSet:: = (lumi_In,jesUp_unc_In,pdf_unc_In,xs_Bkg_In,jerUp_unc_In)
PDF:                     RooProdPdf::model_s[ modelObs_s * nuisancePdf ] = 0.0241786

Input ModelConfig 'ModelConfig': 

=== Using the following for ModelConfig ===
Observables:             RooArgSet:: = (n_obs_binbin1)
Parameters of Interest:  RooArgSet:: = (r)
Nuisance Parameters:     RooArgSet:: = (lumi,jesUp_unc,pdf_unc,xs_Bkg,jerUp_unc)
Global Observables:      RooArgSet:: = (lumi_In,jesUp_unc_In,pdf_unc_In,xs_Bkg_In,jerUp_unc_In)
PDF:                     RooProdPdf::model_s[ modelObs_s * nuisancePdf ] = 0.0241786

[#1] INFO:ObjectHandling -- RooWorkspace::import(w) importing RooUniform::prior
Computing limit starting from observation
  1) RooRealVar:: n_obs_binbin1 = 2
Set default minimizer to Minuit2
  r = 8 +/- 0
[#1] INFO:Minization --  Including the following contraint terms in minimization: (nuisancePdf)
[#1] INFO:Fitting -- RooAddition::defaultErrorLevel(nll_model_s_data_obs_with_constr) Summation contains a RooNLLVar, using its error level
Minuit2Minimizer: Minimize with max-calls 2500 convergence for edm < 0.01 strategy 1
MnSeedGenerator: for initial parameters FCN = 7.63066
MnSeedGenerator: Initial state:   - FCN =   7.630660834811 Edm =      1.08963 NCalls =     21
VariableMetric: start iterating until Edm is < 1e-05
VariableMetric: Initial state   - FCN =   7.630660834811 Edm =      1.08963 NCalls =     21
VariableMetric: Iteration #   1 - FCN =    6.35372463263 Edm =    0.0130318 NCalls =     34
VariableMetric: Iteration #   2 - FCN =   6.339032653027 Edm =   9.2169e-05 NCalls =     46
VariableMetric: Iteration #   3 - FCN =    6.33891060055 Edm =  1.60465e-09 NCalls =     58
VariableMetric: After Hessian   - FCN =    6.33891060055 Edm =  1.65582e-09 NCalls =     89
Number of iterations 5
----------> Iteration 0
            FVAL = 7.63066083481 Edm = 1.08962789042 Nfcn = 21
            Error matrix change = 1
            Parameters :  p0 = 0 p1 = 0 p2 = 0 p3 = 0 p4 = 0
----------> Iteration 1
            FVAL = 6.35372463263 Edm = 0.013031844698 Nfcn = 34
            Error matrix change = 0.511903
            Parameters :  p0 = -0.18945 p1 = 0 p2 = 0 p3 = 0 p4 = -0.735865
----------> Iteration 2
            FVAL = 6.33903265303 Edm = 9.21689626253e-05 Nfcn = 46
            Error matrix change = 0.262471
            Parameters :  p0 = -0.0273562 p1 = 0 p2 = 0 p3 = 0 p4 = -0.770102
----------> Iteration 3
            FVAL = 6.33891060055 Edm = 1.60464500447e-09 Nfcn = 58
            Error matrix change = 0.145499
            Parameters :  p0 = -0.032407 p1 = 0 p2 = 0 p3 = 0 p4 = -0.777824
----------> Iteration 4
            FVAL = 6.33891060055 Edm = 1.65582198327e-09 Nfcn = 89
            Error matrix change = 0
            Parameters :  p0 = -0.032407 p1 = 0 p2 = 0 p3 = 0 p4 = -0.777824
Minuit2Minimizer : Valid minimum - status = 0
FVAL  = 6.33891060055013877
Edm   = 1.65582198327116959e-09
Nfcn  = 89
jerUp_unc	  = -0.032407	 +/-  0.995991	(limited)
jesUp_unc	  = 0	 +/-  0.996602	(limited)
lumi	  = 0	 +/-  0.996602	(limited)
pdf_unc	  = 0	 +/-  0.996602	(limited)
xs_Bkg	  = -0.777824	 +/-  0.534019	(limited)
Zero signal fit
   0) jerUp_unc                      = -0.032407
   1) jesUp_unc                      =         0
   2) lumi                           =         0
   3) pdf_unc                        =         0
   4) xs_Bkg                         = -0.777824

Fitting of the background hypothesis done in 0.398735 s
[#1] INFO:Fitting -- RooAddition::defaultErrorLevel(nll_model_s_data_obs_with_constr) Summation contains a RooNLLVar, using its error level
Minuit2Minimizer: Minimize with max-calls 2500 convergence for edm < 0.01 strategy 1
MnSeedGenerator: for initial parameters FCN = 11.6523
MnSeedGenerator: Initial state:   - FCN =   11.65231366484 Edm =     0.468445 NCalls =     21
VariableMetric: start iterating until Edm is < 1e-05
VariableMetric: Initial state   - FCN =   11.65231366484 Edm =     0.468445 NCalls =     21
VariableMetric: Iteration #   1 - FCN =   11.16955994618 Edm =   0.00598986 NCalls =     32
VariableMetric: Iteration #   2 - FCN =    11.1615002729 Edm =  1.39802e-05 NCalls =     44
VariableMetric: Iteration #   3 - FCN =   11.16148531726 Edm =  3.63188e-08 NCalls =     55
VariableMetric: After Hessian   - FCN =   11.16148531726 Edm =  3.84138e-08 NCalls =     86
Number of iterations 5
----------> Iteration 0
            FVAL = 11.6523136648 Edm = 0.468445289584 Nfcn = 21
            Error matrix change = 1
            Parameters :  p0 = -0.032407 p1 = 0 p2 = 0 p3 = 0 p4 = -0.777824
----------> Iteration 1
            FVAL = 11.1695599462 Edm = 0.00598985814846 Nfcn = 32
            Error matrix change = 0.526883
            Parameters :  p0 = -0.0901138 p1 = -0.312439 p2 = -0.288784 p3 = -0.370278 p4 = -1.21277
----------> Iteration 2
            FVAL = 11.1615002729 Edm = 1.39801660444e-05 Nfcn = 44
            Error matrix change = 0.281086
            Parameters :  p0 = -0.049637 p1 = -0.291915 p2 = -0.268815 p3 = -0.349541 p4 = -1.28873
----------> Iteration 3
            FVAL = 11.1614853173 Edm = 3.63187512389e-08 Nfcn = 55
            Error matrix change = 0.153234
            Parameters :  p0 = -0.0535858 p1 = -0.292897 p2 = -0.269979 p3 = -0.34983 p4 = -1.29064
----------> Iteration 4
            FVAL = 11.1614853173 Edm = 3.84137613045e-08 Nfcn = 86
            Error matrix change = 0
            Parameters :  p0 = -0.0535858 p1 = -0.292897 p2 = -0.269979 p3 = -0.34983 p4 = -1.29064
Minuit2Minimizer : Valid minimum - status = 0
FVAL  = 11.1614853172588582
Edm   = 3.84137613044858277e-08
Nfcn  = 86
jerUp_unc	  = -0.0535858	 +/-  0.996123	(limited)
jesUp_unc	  = -0.292897	 +/-  0.988429	(limited)
lumi	  = -0.269979	 +/-  0.989662	(limited)
pdf_unc	  = -0.34983	 +/-  0.984924	(limited)
xs_Bkg	  = -1.29064	 +/-  0.662002	(limited)
Reference signal fit
   0) jerUp_unc                      = -0.0535858
   1) jesUp_unc                      = -0.292897
   2) lumi                           = -0.269979
   3) pdf_unc                        =  -0.34983
   4) xs_Bkg                         =  -1.29064

Fitting of the signal-plus-background hypothesis done in 0.00239992 s
      Evaluation of p-values done in  6.12132 s
	CLs = 0.00350877 +/- 0.00351142
      Evaluation of p-values done in  5.85514 s
	CLs = 0.00351494 +/- 0.00248732
      Evaluation of p-values done in  5.80749 s
	CLs = 0.00346021 +/- 0.00199921
      Evaluation of p-values done in  6.01725 s
	CLs = 0.00259291 +/- 0.00149784
      Evaluation of p-values done in  6.02147 s
	CLs = 0.00347947 +/- 0.00155722
	CLs      = 0.00347947 +/- 0.00155722
	CLb      = 0.2874 +/- 0.00640002
	CLsplusb = 0.001 +/- 0.00044699

Hybrid result saved as HypoTestResult_mh120_r8_522841214 in higgsCombineTest.HybridNew.mH120.1273971161.root : higgsCombineTest.HybridNew.mH120.1273971161.root:/toys

 -- Hybrid New -- 
CLs = 0.00347947 +/- 0.00155722
Total toys: 10000
Done in 0.00 min (cpu), 0.50 min (real)
