	CLs = 0.078125 +/- 0.0272039
	CLs = 0.0860571 +/- 0.0194284
	CLs = 0.0675854 +/- 0.0128828
	CLs = 0.0586319 +/- 0.010149
	CLs = 0.0655829 +/- 0.00948832
	CLs = 0.0614535 +/- 0.0082657
	CLs = 0.0635642 +/- 0.0078572
	CLs = 0.0614566 +/- 0.00720546
	CLs = 0.0571923 +/- 0.00652103
	CLs = 0.0557557 +/- 0.0061431
	CLs = 0.0578576 +/- 0.006015
	CLs = 0.0593753 +/- 0.00588527
	CLs = 0.059367 +/- 0.00559734
	CLs = 0.0618898 +/- 0.00551509
	CLs = 0.0640892 +/- 0.00548608
	CLs = 0.0638235 +/- 0.00527825
	CLs = 0.0623436 +/- 0.00505901
	CLs = 0.0629722 +/- 0.00494571
	CLs      = 0.0629722 +/- 0.00494571
	CLb      = 0.328187 +/- 0.00986187
	CLsplusb = 0.0206667 +/- 0.00149961


 -- Hybrid New -- 
Limit: r < 2.7685 +/- 0.112163 @ 95% CL
Done in 0.01 min (cpu), 0.73 min (real)
