	CLs = 0.0810811 +/- 0.0256862
	CLs = 0.0687671 +/- 0.016663
	CLs = 0.0628333 +/- 0.0130259
	CLs = 0.0695638 +/- 0.0120979
	CLs = 0.0800545 +/- 0.0117517
	CLs = 0.07781 +/- 0.0106682
	CLs = 0.0710484 +/- 0.00923552
	CLs = 0.0662972 +/- 0.00834112
	CLs = 0.0687393 +/- 0.00804505
	CLs = 0.0676263 +/- 0.0075612
	CLs = 0.0685578 +/- 0.00729725
	CLs = 0.0663979 +/- 0.00682182
	CLs = 0.062689 +/- 0.00629874
	CLs = 0.0628386 +/- 0.00605535
	CLs = 0.0614536 +/- 0.00575223
	CLs = 0.0622022 +/- 0.00561893
	CLs = 0.0616175 +/- 0.0054506
	CLs = 0.063465 +/- 0.00539411
	CLs = 0.0640982 +/- 0.00529069
	CLs = 0.0651219 +/- 0.00521706
	CLs = 0.0647561 +/- 0.00506101
	CLs = 0.0641931 +/- 0.00492479
	CLs      = 0.0641931 +/- 0.00492479
	CLb      = 0.280404 +/- 0.00853333
	CLsplusb = 0.018 +/- 0.00126764

Fit to 8 points: 43.9815 +/- 0.66095

 -- Hybrid New -- 
Limit: r < 43.9815 +/- 0.66095 @ 95% CL
Done in 0.01 min (cpu), 3.74 min (real)
