	CLs = 0.05625 +/- 0.0199756
	CLs = 0.0462368 +/- 0.0130452
	CLs = 0.0507076 +/- 0.0112167
	CLs = 0.0441824 +/- 0.00913308
	CLs = 0.0426208 +/- 0.00805665
	CLs = 0.0456512 +/- 0.00772495
	CLs = 0.0430951 +/- 0.00684079
	CLs = 0.0435892 +/- 0.00656719
	CLs = 0.0410421 +/- 0.00598438
	CLs = 0.0403163 +/- 0.00560941
	CLs = 0.0409937 +/- 0.00543118
	CLs = 0.0418725 +/- 0.00526871
	CLs = 0.0419744 +/- 0.00510482
	CLs = 0.0412795 +/- 0.00488824
	CLs      = 0.0412795 +/- 0.00488824
	CLb      = 0.273398 +/- 0.010615
	CLsplusb = 0.0112857 +/- 0.00126256


 -- HybridNew, before fit -- 
Limit: r < 112.315 +/- 11.172 [108.227, 124.236]
Fit to 4 points: 113.126 +/- 1.26148

 -- Hybrid New -- 
Limit: r < 113.126 +/- 1.26148 @ 95% CL
Done in 0.01 min (cpu), 2.15 min (real)
