	CLs = 0.0486111 +/- 0.019483
	CLs = 0.043925 +/- 0.0123416
	CLs = 0.0415739 +/- 0.00926401
	CLs = 0.0474257 +/- 0.00868412
	CLs = 0.0560436 +/- 0.00868696
	CLs = 0.0485499 +/- 0.00731273
	CLs = 0.0454601 +/- 0.00649972
	CLs = 0.0453604 +/- 0.00615743
	CLs = 0.0446273 +/- 0.00572658
	CLs = 0.0429611 +/- 0.00530779
	CLs = 0.0430598 +/- 0.00508013
	CLs = 0.0425563 +/- 0.00483802
	CLs      = 0.0425563 +/- 0.00483802
	CLb      = 0.332892 +/- 0.0121232
	CLsplusb = 0.0141667 +/- 0.00152567


 -- HybridNew, before fit -- 
Limit: r < 20.6269 +/- 3.42191 [19.6991, 22.8905]
Fit to 4 points: 20.8324 +/- 0.262142

 -- Hybrid New -- 
Limit: r < 20.8324 +/- 0.262142 @ 95% CL
Done in 0.01 min (cpu), 1.73 min (real)
