	CLs = 0.0405405 +/- 0.0173755
	CLs = 0.0470625 +/- 0.0128182
	CLs = 0.0488704 +/- 0.01131
	CLs = 0.0520964 +/- 0.0103063
	CLs = 0.0529684 +/- 0.00942122
	CLs = 0.0464239 +/- 0.00797524
	CLs = 0.0457662 +/- 0.00748075
	CLs = 0.0462989 +/- 0.00708565
	CLs = 0.0461738 +/- 0.0067267
	CLs = 0.0448828 +/- 0.00618276
	CLs = 0.0457212 +/- 0.00600917
	CLs = 0.044215 +/- 0.00562918
	CLs = 0.0438509 +/- 0.00538879
	CLs = 0.0416159 +/- 0.00499787
	CLs      = 0.0416159 +/- 0.00499787
	CLb      = 0.264322 +/- 0.0105023
	CLsplusb = 0.011 +/- 0.00124665


 -- HybridNew, before fit -- 
Limit: r < 4.78708 +/- 0.365583 [4.59098, 5.19503]
Fit to 4 points: 4.784 +/- 0.060098

 -- Hybrid New -- 
Limit: r < 4.784 +/- 0.060098 @ 95% CL
Done in 0.01 min (cpu), 2.98 min (real)
