>>> including systematics
>>> using the Profile Likelihood test statistics modified for upper limits (Q_LHC)
>>> method used to compute upper limit is HybridNew
>>> random number generator seed is 123456
Adding /uscms_data/d2/lpcljm/sapta/SUSYSearch/LimitSetting/CMSSW_7_1_5/src to include path
Adding /cvmfs/cms.cern.ch/slc6_amd64_gcc481/lcg/roofit/5.34.18-cms3//include to include path
Input workspace 'w': 

RooWorkspace(w) w contents

variables
---------
(jerUp_unc,jerUp_unc_In,jesUp_unc,jesUp_unc_In,lumi,lumi_In,n_obs_binbin1,pdf_unc,pdf_unc_In,r,xs_Bkg,xs_Bkg_In)

p.d.f.s
-------
SimpleGaussianConstraint::jerUp_unc_Pdf[ x=jerUp_unc mean=jerUp_unc_In sigma=1 ] = 1
SimpleGaussianConstraint::jesUp_unc_Pdf[ x=jesUp_unc mean=jesUp_unc_In sigma=1 ] = 1
SimpleGaussianConstraint::lumi_Pdf[ x=lumi mean=lumi_In sigma=1 ] = 1
RooProdPdf::modelObs_b[ pdf_binbin1_bonly ] = 0.00271822
RooProdPdf::modelObs_s[ pdf_binbin1 ] = 0.0033893
RooProdPdf::model_b[ modelObs_b * nuisancePdf ] = 0.00271822
RooProdPdf::model_s[ modelObs_s * nuisancePdf ] = 0.0033893
RooProdPdf::nuisancePdf[ lumi_Pdf * jesUp_unc_Pdf * pdf_unc_Pdf * xs_Bkg_Pdf * jerUp_unc_Pdf ] = 1
RooPoisson::pdf_binbin1[ x=n_obs_binbin1 mean=n_exp_binbin1 ] = 0.0033893
RooPoisson::pdf_binbin1_bonly[ x=n_obs_binbin1 mean=n_exp_binbin1_bonly ] = 0.00271822
SimpleGaussianConstraint::pdf_unc_Pdf[ x=pdf_unc mean=pdf_unc_In sigma=1 ] = 1
SimpleGaussianConstraint::xs_Bkg_Pdf[ x=xs_Bkg mean=xs_Bkg_In sigma=1 ] = 1

functions
--------
RooAddition::n_exp_binbin1[ n_exp_binbin1_proc_BH + n_exp_binbin1_proc_Background ] = 107.821
RooAddition::n_exp_binbin1_bonly[ n_exp_binbin1_proc_Background ] = 106.821
ProcessNormalization::n_exp_binbin1_proc_BH[ thetaList=(lumi,jesUp_unc,pdf_unc,jerUp_unc) asymmThetaList=() otherFactorList=(r) ] = 1
ProcessNormalization::n_exp_binbin1_proc_Background[ thetaList=(xs_Bkg) asymmThetaList=() otherFactorList=() ] = 106.821

datasets
--------
RooDataSet::data_obs(n_obs_binbin1)

named sets
----------
ModelConfig_GlobalObservables:(lumi_In,jesUp_unc_In,pdf_unc_In,xs_Bkg_In,jerUp_unc_In)
ModelConfig_NuisParams:(lumi,jesUp_unc,pdf_unc,xs_Bkg,jerUp_unc)
ModelConfig_Observables:(n_obs_binbin1)
ModelConfig_POI:(r)
ModelConfig_bonly_GlobalObservables:(lumi_In,jesUp_unc_In,pdf_unc_In,xs_Bkg_In,jerUp_unc_In)
ModelConfig_bonly_NuisParams:(lumi,jesUp_unc,pdf_unc,xs_Bkg,jerUp_unc)
ModelConfig_bonly_Observables:(n_obs_binbin1)
ModelConfig_bonly_POI:(r)
POI:(r)
globalObservables:(lumi_In,jesUp_unc_In,pdf_unc_In,xs_Bkg_In,jerUp_unc_In)
nuisances:(lumi,jesUp_unc,pdf_unc,xs_Bkg,jerUp_unc)
observables:(n_obs_binbin1)

generic objects
---------------
RooStats::ModelConfig::ModelConfig
RooStats::ModelConfig::ModelConfig_bonly
RooArgSet::discreteParams

Workspace has a ModelConfig for signal called 'ModelConfig', with contents:

=== Using the following for ModelConfig ===
Observables:             RooArgSet:: = (n_obs_binbin1)
Parameters of Interest:  RooArgSet:: = (r)
Nuisance Parameters:     RooArgSet:: = (lumi,jesUp_unc,pdf_unc,xs_Bkg,jerUp_unc)
Global Observables:      RooArgSet:: = (lumi_In,jesUp_unc_In,pdf_unc_In,xs_Bkg_In,jerUp_unc_In)
PDF:                     RooProdPdf::model_s[ modelObs_s * nuisancePdf ] = 0.0033893

Input ModelConfig 'ModelConfig': 

=== Using the following for ModelConfig ===
Observables:             RooArgSet:: = (n_obs_binbin1)
Parameters of Interest:  RooArgSet:: = (r)
Nuisance Parameters:     RooArgSet:: = (lumi,jesUp_unc,pdf_unc,xs_Bkg,jerUp_unc)
Global Observables:      RooArgSet:: = (lumi_In,jesUp_unc_In,pdf_unc_In,xs_Bkg_In,jerUp_unc_In)
PDF:                     RooProdPdf::model_s[ modelObs_s * nuisancePdf ] = 0.0033893

[#1] INFO:ObjectHandling -- RooWorkspace::import(w) importing RooUniform::prior
Computing limit starting from observation
  1) RooRealVar:: n_obs_binbin1 = 131
Set default minimizer to Minuit2
Search for upper limit using pre-computed grid of p-values
  Do HypoTestResult_mh120_r100_2171883440 -> 100 --> 100
  Do HypoTestResult_mh120_r60_3037066924 -> 60 --> 60
  Do HypoTestResult_mh120_r25_2080887344 -> 25 --> 25
  Do HypoTestResult_mh120_r95_3951034259 -> 95 --> 95
  Do HypoTestResult_mh120_r35_1735852901 -> 35 --> 35
  Do HypoTestResult_mh120_r40_1321411182 -> 40 --> 40
  Do HypoTestResult_mh120_r50_3131719059 -> 50 --> 50
  Do HypoTestResult_mh120_r80_114825621 -> 80 --> 80
  Do HypoTestResult_mh120_r90_4143229726 -> 90 --> 90
  Do HypoTestResult_mh120_r70_1573166579 -> 70 --> 70
GRID, as is.
  - 25  (CLs = 0.630338 +/- 0.00980814)
  - 35  (CLs = 0.428428 +/- 0.00897422)
  - 40  (CLs = 0.352927 +/- 0.00831277)
  - 50  (CLs = 0.22557 +/- 0.00704521)
  - 60  (CLs = 0.114651 +/- 0.00517719)
  - 70  (CLs = 0.0573604 +/- 0.003752)
  - 80  (CLs = 0.0187722 +/- 0.00217038)
  - 90  (CLs = 0.00557809 +/- 0.00118734)
  - 95  (CLs = 0.00431034 +/- 0.00104411)
  - 100  (CLs = 0.000762777 +/- 0.000440293)
Bisecting range [0, 9]
At r = 60:
	CLs      = 0.138604 +/- 0.00546805
	CLb      = 0.8398 +/- 0.00518721
	CLsplusb = 0.1164 +/- 0.00453544

    Midpoint 4 value 0.138604 +/- 0.00546805
    Replacing Min
Bisecting range [4, 9]
At r = 80:
	CLs      = 0.0288232 +/- 0.00259452
	CLb      = 0.8396 +/- 0.00518983
	CLsplusb = 0.0242 +/- 0.00217322

    Midpoint 6 value 0.0288232 +/- 0.00259452
    Tightening Range
At r = 70:
	CLs      = 0.0741005 +/- 0.00409482
	CLb      = 0.8394 +/- 0.00519245
	CLsplusb = 0.0622 +/- 0.00341559

        Lowpoint 5 value 0.0741005 +/- 0.00409482
At r = 90:
	CLs      = 0.0104712 +/- 0.00157296
	CLb      = 0.8404 +/- 0.00517934
	CLsplusb = 0.0088 +/- 0.0013208

        Highpoint 7 value 0.0104712 +/- 0.00157296
Final range [4, 7]
  Will not use point 0 (r 25)
  Will not use point 1 (r 35)
  Will not use point 2 (r 40)
  Will not use point 3 (r 50)
   Point 4 (r 60) was already updated during search.
   Point 5 (r 70) was already updated during search.
   Point 6 (r 80) was already updated during search.
   Point 7 (r 90) was already updated during search.
  Will not use point 8 (r 95)
  Will not use point 9 (r 100)
  r 60.00: CLs = 0.1386 +/- 0.0055
  r 70.00: CLs = 0.0741 +/- 0.0041
  r 80.00: CLs = 0.0288 +/- 0.0026
  r 90.00: CLs = 0.0105 +/- 0.0016
 after scan x ~ 80, bounds [ 60, 90]

 -- HybridNew, before fit -- 
Limit: r < 80 +/- 20 [60, 90]

****************************************
Minimizer is Minuit2 / Migrad
Chi2                      =      8.93039
NDf                       =            2
Edm                       =  3.33793e-09
NCalls                    =           63
p0                        =         0.05                      	 (fixed)
p1                        =   -0.0804152   +/-   0.00317629  
p2                        =       73.137   +/-   0.461625    
Fit to 4 points: 73.137 +/- 0.461625

 -- Hybrid New -- 
Limit: r < 73.137 +/- 0.461625 @ 95% CL
Total toys: 0
Done in 0.00 min (cpu), 0.01 min (real)
