>>> including systematics
>>> using the Profile Likelihood test statistics modified for upper limits (Q_LHC)
>>> method used to compute upper limit is HybridNew
>>> random number generator seed is 123456
Adding /uscms_data/d2/lpcljm/sapta/SUSYSearch/LimitSetting/CMSSW_7_1_5/src to include path
Adding /cvmfs/cms.cern.ch/slc6_amd64_gcc481/lcg/roofit/5.34.18-cms3//include to include path
Input workspace 'w': 

RooWorkspace(w) w contents

variables
---------
(jerUp_unc,jerUp_unc_In,jesUp_unc,jesUp_unc_In,lumi,lumi_In,n_obs_binbin1,pdf_unc,pdf_unc_In,r,xs_Bkg,xs_Bkg_In)

p.d.f.s
-------
SimpleGaussianConstraint::jerUp_unc_Pdf[ x=jerUp_unc mean=jerUp_unc_In sigma=1 ] = 1
SimpleGaussianConstraint::jesUp_unc_Pdf[ x=jesUp_unc mean=jesUp_unc_In sigma=1 ] = 1
SimpleGaussianConstraint::lumi_Pdf[ x=lumi mean=lumi_In sigma=1 ] = 1
RooProdPdf::modelObs_b[ pdf_binbin1_bonly ] = 0.164558
RooProdPdf::modelObs_s[ pdf_binbin1 ] = 0.223012
RooProdPdf::model_b[ modelObs_b * nuisancePdf ] = 0.164558
RooProdPdf::model_s[ modelObs_s * nuisancePdf ] = 0.223012
RooProdPdf::nuisancePdf[ lumi_Pdf * jesUp_unc_Pdf * pdf_unc_Pdf * xs_Bkg_Pdf * jerUp_unc_Pdf ] = 1
RooPoisson::pdf_binbin1[ x=n_obs_binbin1 mean=n_exp_binbin1 ] = 0.223012
RooPoisson::pdf_binbin1_bonly[ x=n_obs_binbin1 mean=n_exp_binbin1_bonly ] = 0.164558
SimpleGaussianConstraint::pdf_unc_Pdf[ x=pdf_unc mean=pdf_unc_In sigma=1 ] = 1
SimpleGaussianConstraint::xs_Bkg_Pdf[ x=xs_Bkg mean=xs_Bkg_In sigma=1 ] = 1

functions
--------
RooAddition::n_exp_binbin1[ n_exp_binbin1_proc_BH + n_exp_binbin1_proc_Background ] = 2.83679
RooAddition::n_exp_binbin1_bonly[ n_exp_binbin1_proc_Background ] = 1.83679
ProcessNormalization::n_exp_binbin1_proc_BH[ thetaList=(lumi,jesUp_unc,pdf_unc,jerUp_unc) asymmThetaList=() otherFactorList=(r) ] = 1
ProcessNormalization::n_exp_binbin1_proc_Background[ thetaList=(xs_Bkg) asymmThetaList=() otherFactorList=() ] = 1.83679

datasets
--------
RooDataSet::data_obs(n_obs_binbin1)

named sets
----------
ModelConfig_GlobalObservables:(lumi_In,jesUp_unc_In,pdf_unc_In,xs_Bkg_In,jerUp_unc_In)
ModelConfig_NuisParams:(lumi,jesUp_unc,pdf_unc,xs_Bkg,jerUp_unc)
ModelConfig_Observables:(n_obs_binbin1)
ModelConfig_POI:(r)
ModelConfig_bonly_GlobalObservables:(lumi_In,jesUp_unc_In,pdf_unc_In,xs_Bkg_In,jerUp_unc_In)
ModelConfig_bonly_NuisParams:(lumi,jesUp_unc,pdf_unc,xs_Bkg,jerUp_unc)
ModelConfig_bonly_Observables:(n_obs_binbin1)
ModelConfig_bonly_POI:(r)
POI:(r)
globalObservables:(lumi_In,jesUp_unc_In,pdf_unc_In,xs_Bkg_In,jerUp_unc_In)
nuisances:(lumi,jesUp_unc,pdf_unc,xs_Bkg,jerUp_unc)
observables:(n_obs_binbin1)

generic objects
---------------
RooStats::ModelConfig::ModelConfig
RooStats::ModelConfig::ModelConfig_bonly
RooArgSet::discreteParams

Workspace has a ModelConfig for signal called 'ModelConfig', with contents:

=== Using the following for ModelConfig ===
Observables:             RooArgSet:: = (n_obs_binbin1)
Parameters of Interest:  RooArgSet:: = (r)
Nuisance Parameters:     RooArgSet:: = (lumi,jesUp_unc,pdf_unc,xs_Bkg,jerUp_unc)
Global Observables:      RooArgSet:: = (lumi_In,jesUp_unc_In,pdf_unc_In,xs_Bkg_In,jerUp_unc_In)
PDF:                     RooProdPdf::model_s[ modelObs_s * nuisancePdf ] = 0.223012

Input ModelConfig 'ModelConfig': 

=== Using the following for ModelConfig ===
Observables:             RooArgSet:: = (n_obs_binbin1)
Parameters of Interest:  RooArgSet:: = (r)
Nuisance Parameters:     RooArgSet:: = (lumi,jesUp_unc,pdf_unc,xs_Bkg,jerUp_unc)
Global Observables:      RooArgSet:: = (lumi_In,jesUp_unc_In,pdf_unc_In,xs_Bkg_In,jerUp_unc_In)
PDF:                     RooProdPdf::model_s[ modelObs_s * nuisancePdf ] = 0.223012

[#1] INFO:ObjectHandling -- RooWorkspace::import(w) importing RooUniform::prior
Computing limit starting from observation
  1) RooRealVar:: n_obs_binbin1 = 3
Set default minimizer to Minuit2
Search for upper limit using pre-computed grid of p-values
  Do HypoTestResult_mh120_r3_3806131824 -> 3 --> 3
  Do HypoTestResult_mh120_r4_2043643514 -> 4 --> 4
  Do HypoTestResult_mh120_r2.5_3259327865 -> 2.5 --> 2.5
  Do HypoTestResult_mh120_r11_1498388105 -> 11 --> 11
  Do HypoTestResult_mh120_r9_2440335856 -> 9 --> 9
  Do HypoTestResult_mh120_r3.5_1878198294 -> 3.5 --> 3.5
  Do HypoTestResult_mh120_r1.5_4157721415 -> 1.5 --> 1.5
  Do HypoTestResult_mh120_r13_269270311 -> 13 --> 13
  Do HypoTestResult_mh120_r5_680340451 -> 5 --> 5
  Do HypoTestResult_mh120_r7_76156773 -> 7 --> 7
  Do HypoTestResult_mh120_r2_1289937407 -> 2 --> 2
  Do HypoTestResult_mh120_r8_2509553275 -> 8 --> 8
  Do HypoTestResult_mh120_r6_1000150074 -> 6 --> 6
GRID, as is.
  - 1.5  (CLs = 0.665344 +/- 0.0107729)
  - 2  (CLs = 0.557702 +/- 0.0102729)
  - 2.5  (CLs = 0.441361 +/- 0.00941352)
  - 3  (CLs = 0.352394 +/- 0.0087793)
  - 3.5  (CLs = 0.269241 +/- 0.0078747)
  - 4  (CLs = 0.202114 +/- 0.00691746)
  - 5  (CLs = 0.113795 +/- 0.00536996)
  - 6  (CLs = 0.0609232 +/- 0.00398275)
  - 7  (CLs = 0.0324604 +/- 0.00295303)
  - 8  (CLs = 0.0175683 +/- 0.00220494)
  - 9  (CLs = 0.00579151 +/- 0.00126216)
  - 11  (CLs = 0.000820569 +/- 0.000473666)
  - 13  (CLs = 0.00167879 +/- 0.000685116)
Bisecting range [0, 12]
At r = 5:
	CLs      = 0.160238 +/- 0.00583051
	CLb      = 0.84 +/- 0.00518459
	CLsplusb = 0.1346 +/- 0.00482665

    Midpoint 6 value 0.160238 +/- 0.00583051
    Replacing Min
Bisecting range [6, 12]
At r = 8:
	CLs      = 0.033111 +/- 0.00277668
	CLb      = 0.8396 +/- 0.00518983
	CLsplusb = 0.0278 +/- 0.00232496

    Midpoint 9 value 0.033111 +/- 0.00277668
    Tightening Range
At r = 6:
	CLs      = 0.0940924 +/- 0.00458053
	CLb      = 0.8396 +/- 0.00518983
	CLsplusb = 0.079 +/- 0.00381468

        Lowpoint 7 value 0.0940924 +/- 0.00458053
At r = 7:
	CLs      = 0.0600143 +/- 0.00370265
	CLb      = 0.8398 +/- 0.00518721
	CLsplusb = 0.0504 +/- 0.00309386

        Lowpoint 8 value 0.0600143 +/- 0.00370265
At r = 9:
	CLs      = 0.0135714 +/- 0.00178927
	CLb      = 0.84 +/- 0.00518459
	CLsplusb = 0.0114 +/- 0.00150134

        Highpoint 10 value 0.0135714 +/- 0.00178927
Final range [7, 10]
  Will not use point 0 (r 1.5)
  Will not use point 1 (r 2)
  Will not use point 2 (r 2.5)
  Will not use point 3 (r 3)
  Will not use point 4 (r 3.5)
  Will not use point 5 (r 4)
  Will not use point 6 (r 5)
   Point 7 (r 6) was already updated during search.
   Point 8 (r 7) was already updated during search.
   Point 9 (r 8) was already updated during search.
   Point 10 (r 9) was already updated during search.
  Will not use point 11 (r 11)
  Will not use point 12 (r 13)
  r 6.00: CLs = 0.0941 +/- 0.0046
  r 7.00: CLs = 0.0600 +/- 0.0037
  r 8.00: CLs = 0.0331 +/- 0.0028
  r 9.00: CLs = 0.0136 +/- 0.0018
 after scan x ~ 7, bounds [ 6, 9]

 -- HybridNew, before fit -- 
Limit: r < 7 +/- 2 [6, 9]

****************************************
Minimizer is Minuit2 / Migrad
Chi2                      =      7.29065
NDf                       =            2
Edm                       =  3.59991e-08
NCalls                    =           38
p0                        =         0.05                      	 (fixed)
p1                        =    -0.592754   +/-   0.0323366   
p2                        =      7.13853   +/-   0.0597953   
Fit to 4 points: 7.13853 +/- 0.0597953

 -- Hybrid New -- 
Limit: r < 7.13853 +/- 0.0597953 @ 95% CL
Total toys: 0
Done in 0.00 min (cpu), 0.01 min (real)
