>>> including systematics
>>> using the Profile Likelihood test statistics modified for upper limits (Q_LHC)
>>> method used to compute upper limit is HybridNew
>>> random number generator seed is 123456
Adding /uscms_data/d2/lpcljm/sapta/SUSYSearch/LimitSetting/CMSSW_7_1_5/src to include path
Adding /cvmfs/cms.cern.ch/slc6_amd64_gcc481/lcg/roofit/5.34.18-cms3//include to include path
Input workspace 'w': 

RooWorkspace(w) w contents

variables
---------
(jerUp_unc,jerUp_unc_In,jesUp_unc,jesUp_unc_In,lumi,lumi_In,n_obs_binbin1,pdf_unc,pdf_unc_In,r,xs_Bkg,xs_Bkg_In)

p.d.f.s
-------
SimpleGaussianConstraint::jerUp_unc_Pdf[ x=jerUp_unc mean=jerUp_unc_In sigma=1 ] = 1
SimpleGaussianConstraint::jesUp_unc_Pdf[ x=jesUp_unc mean=jesUp_unc_In sigma=1 ] = 1
SimpleGaussianConstraint::lumi_Pdf[ x=lumi mean=lumi_In sigma=1 ] = 1
RooProdPdf::modelObs_b[ pdf_binbin1_bonly ] = 0.0400241
RooProdPdf::modelObs_s[ pdf_binbin1 ] = 0.0328699
RooProdPdf::model_b[ modelObs_b * nuisancePdf ] = 0.0400241
RooProdPdf::model_s[ modelObs_s * nuisancePdf ] = 0.0328699
RooProdPdf::nuisancePdf[ lumi_Pdf * jesUp_unc_Pdf * pdf_unc_Pdf * xs_Bkg_Pdf * jerUp_unc_Pdf ] = 1
RooPoisson::pdf_binbin1[ x=n_obs_binbin1 mean=n_exp_binbin1 ] = 0.0328699
RooPoisson::pdf_binbin1_bonly[ x=n_obs_binbin1 mean=n_exp_binbin1_bonly ] = 0.0400241
SimpleGaussianConstraint::pdf_unc_Pdf[ x=pdf_unc mean=pdf_unc_In sigma=1 ] = 1
SimpleGaussianConstraint::xs_Bkg_Pdf[ x=xs_Bkg mean=xs_Bkg_In sigma=1 ] = 1

functions
--------
RooAddition::n_exp_binbin1[ n_exp_binbin1_proc_BH + n_exp_binbin1_proc_Background ] = 35.3683
RooAddition::n_exp_binbin1_bonly[ n_exp_binbin1_proc_Background ] = 34.3683
ProcessNormalization::n_exp_binbin1_proc_BH[ thetaList=(lumi,jesUp_unc,pdf_unc,jerUp_unc) asymmThetaList=() otherFactorList=(r) ] = 1
ProcessNormalization::n_exp_binbin1_proc_Background[ thetaList=(xs_Bkg) asymmThetaList=() otherFactorList=() ] = 34.3683

datasets
--------
RooDataSet::data_obs(n_obs_binbin1)

named sets
----------
ModelConfig_GlobalObservables:(lumi_In,jesUp_unc_In,pdf_unc_In,xs_Bkg_In,jerUp_unc_In)
ModelConfig_NuisParams:(lumi,jesUp_unc,pdf_unc,xs_Bkg,jerUp_unc)
ModelConfig_Observables:(n_obs_binbin1)
ModelConfig_POI:(r)
ModelConfig_bonly_GlobalObservables:(lumi_In,jesUp_unc_In,pdf_unc_In,xs_Bkg_In,jerUp_unc_In)
ModelConfig_bonly_NuisParams:(lumi,jesUp_unc,pdf_unc,xs_Bkg,jerUp_unc)
ModelConfig_bonly_Observables:(n_obs_binbin1)
ModelConfig_bonly_POI:(r)
POI:(r)
globalObservables:(lumi_In,jesUp_unc_In,pdf_unc_In,xs_Bkg_In,jerUp_unc_In)
nuisances:(lumi,jesUp_unc,pdf_unc,xs_Bkg,jerUp_unc)
observables:(n_obs_binbin1)

generic objects
---------------
RooStats::ModelConfig::ModelConfig
RooStats::ModelConfig::ModelConfig_bonly
RooArgSet::discreteParams

Workspace has a ModelConfig for signal called 'ModelConfig', with contents:

=== Using the following for ModelConfig ===
Observables:             RooArgSet:: = (n_obs_binbin1)
Parameters of Interest:  RooArgSet:: = (r)
Nuisance Parameters:     RooArgSet:: = (lumi,jesUp_unc,pdf_unc,xs_Bkg,jerUp_unc)
Global Observables:      RooArgSet:: = (lumi_In,jesUp_unc_In,pdf_unc_In,xs_Bkg_In,jerUp_unc_In)
PDF:                     RooProdPdf::model_s[ modelObs_s * nuisancePdf ] = 0.0328699

Input ModelConfig 'ModelConfig': 

=== Using the following for ModelConfig ===
Observables:             RooArgSet:: = (n_obs_binbin1)
Parameters of Interest:  RooArgSet:: = (r)
Nuisance Parameters:     RooArgSet:: = (lumi,jesUp_unc,pdf_unc,xs_Bkg,jerUp_unc)
Global Observables:      RooArgSet:: = (lumi_In,jesUp_unc_In,pdf_unc_In,xs_Bkg_In,jerUp_unc_In)
PDF:                     RooProdPdf::model_s[ modelObs_s * nuisancePdf ] = 0.0328699

[#1] INFO:ObjectHandling -- RooWorkspace::import(w) importing RooUniform::prior
Computing limit starting from observation
  1) RooRealVar:: n_obs_binbin1 = 28
Set default minimizer to Minuit2
Search for upper limit using pre-computed grid of p-values
  Do HypoTestResult_mh120_r35_2326874436 -> 35 --> 35
  Do HypoTestResult_mh120_r30_2494474208 -> 30 --> 30
  Do HypoTestResult_mh120_r15_1656055935 -> 15 --> 15
  Do HypoTestResult_mh120_r20_599512930 -> 20 --> 20
  Do HypoTestResult_mh120_r55_3241961843 -> 55 --> 55
  Do HypoTestResult_mh120_r50_2781815997 -> 50 --> 50
  Do HypoTestResult_mh120_r45_1214797426 -> 45 --> 45
  Do HypoTestResult_mh120_r10_1102064602 -> 10 --> 10
  Do HypoTestResult_mh120_r40_1257963381 -> 40 --> 40
  Do HypoTestResult_mh120_r5_1155660534 -> 5 --> 5
  Do HypoTestResult_mh120_r25_219365571 -> 25 --> 25
GRID, as is.
  - 5  (CLs = 0.533457 +/- 0.0198244)
  - 10  (CLs = 0.238636 +/- 0.0127995)
  - 15  (CLs = 0.0838509 +/- 0.00732366)
  - 20  (CLs = 0.0197605 +/- 0.00345112)
  - 25  (CLs = 0.00353357 +/- 0.00144339)
  - 30  (CLs = 0.00057971 +/- 0.000579762)
  - 35  (CLs = 0 +/- 0)
  - 40  (CLs = 0 +/- 0)
  - 45  (CLs = 0 +/- 0)
  - 50  (CLs = 0 +/- 0)
  - 55  (CLs = 0 +/- 0)
Bisecting range [0, 10]
At r = 30:
	CLs      = 0.0288164 +/- 0.00259389
	CLb      = 0.8398 +/- 0.00518721
	CLsplusb = 0.0242 +/- 0.00217322

    Midpoint 5 value 0.0288164 +/- 0.00259389
    Tightening Range
At r = 15:
	CLs      = 0.390093 +/- 0.00826272
	CLb      = 0.8398 +/- 0.00518721
	CLsplusb = 0.3276 +/- 0.00663744

        Lowpoint 2 value 0.390093 +/- 0.00826272
At r = 20:
	CLs      = 0.18433 +/- 0.00619671
	CLb      = 0.8398 +/- 0.00518721
	CLsplusb = 0.1548 +/- 0.00511541

        Lowpoint 3 value 0.18433 +/- 0.00619671
At r = 25:
	CLs      = 0.0686532 +/- 0.00395015
	CLb      = 0.839 +/- 0.00519767
	CLsplusb = 0.0576 +/- 0.00329491

        Lowpoint 4 value 0.0686532 +/- 0.00395015
At r = 40:
	CLs      = 0.00263536 +/- 0.00079389
	CLb      = 0.8348 +/- 0.00525184
	CLsplusb = 0.0022 +/- 0.000662595

        Highpoint 7 value 0.00263536 +/- 0.00079389
At r = 35:
	CLs      = 0.00641635 +/- 0.00123212
	CLb      = 0.8416 +/- 0.00516352
	CLsplusb = 0.0054 +/- 0.00103642

        Highpoint 6 value 0.00641635 +/- 0.00123212
Final range [3, 6]
  Will not use point 0 (r 5)
  Will not use point 1 (r 10)
  Will not use point 2 (r 15)
   Point 3 (r 20) was already updated during search.
   Point 4 (r 25) was already updated during search.
   Point 5 (r 30) was already updated during search.
   Point 6 (r 35) was already updated during search.
  Will not use point 7 (r 40)
  Will not use point 8 (r 45)
  Will not use point 9 (r 50)
  Will not use point 10 (r 55)
  r 20.00: CLs = 0.1843 +/- 0.0062
  r 25.00: CLs = 0.0687 +/- 0.0040
  r 30.00: CLs = 0.0288 +/- 0.0026
  r 35.00: CLs = 0.0064 +/- 0.0012
 after scan x ~ 25, bounds [ 20, 35]

 -- HybridNew, before fit -- 
Limit: r < 25 +/- 10 [20, 35]

****************************************
Minimizer is Minuit2 / Migrad
Chi2                      =      6.91591
NDf                       =            2
Edm                       =  1.62062e-09
NCalls                    =           54
p0                        =         0.05                      	 (fixed)
p1                        =    -0.204142   +/-   0.00685478  
p2                        =      26.4448   +/-   0.193289    
Fit to 4 points: 26.4448 +/- 0.193289

 -- Hybrid New -- 
Limit: r < 26.4448 +/- 0.193289 @ 95% CL
Total toys: 0
Done in 0.00 min (cpu), 0.01 min (real)
