>>> including systematics
>>> using the Profile Likelihood test statistics modified for upper limits (Q_LHC)
>>> method used to compute upper limit is HybridNew
>>> random number generator seed is 123456
Adding /uscms_data/d2/lpcljm/sapta/SUSYSearch/LimitSetting/CMSSW_7_1_5/src to include path
Adding /cvmfs/cms.cern.ch/slc6_amd64_gcc481/lcg/roofit/5.34.18-cms3//include to include path
Input workspace 'w': 

RooWorkspace(w) w contents

variables
---------
(jerUp_unc,jerUp_unc_In,jesUp_unc,jesUp_unc_In,lumi,lumi_In,n_obs_binbin1,pdf_unc,pdf_unc_In,r,xs_Bkg,xs_Bkg_In)

p.d.f.s
-------
SimpleGaussianConstraint::jerUp_unc_Pdf[ x=jerUp_unc mean=jerUp_unc_In sigma=1 ] = 1
SimpleGaussianConstraint::jesUp_unc_Pdf[ x=jesUp_unc mean=jesUp_unc_In sigma=1 ] = 1
SimpleGaussianConstraint::lumi_Pdf[ x=lumi mean=lumi_In sigma=1 ] = 1
RooProdPdf::modelObs_b[ pdf_binbin1_bonly ] = 0.332595
RooProdPdf::modelObs_s[ pdf_binbin1 ] = 0.321149
RooProdPdf::model_b[ modelObs_b * nuisancePdf ] = 0.332595
RooProdPdf::model_s[ modelObs_s * nuisancePdf ] = 0.321149
RooProdPdf::nuisancePdf[ lumi_Pdf * jesUp_unc_Pdf * pdf_unc_Pdf * xs_Bkg_Pdf * jerUp_unc_Pdf ] = 1
RooPoisson::pdf_binbin1[ x=n_obs_binbin1 mean=n_exp_binbin1 ] = 0.321149
RooPoisson::pdf_binbin1_bonly[ x=n_obs_binbin1 mean=n_exp_binbin1_bonly ] = 0.332595
SimpleGaussianConstraint::pdf_unc_Pdf[ x=pdf_unc mean=pdf_unc_In sigma=1 ] = 1
SimpleGaussianConstraint::xs_Bkg_Pdf[ x=xs_Bkg mean=xs_Bkg_In sigma=1 ] = 1

functions
--------
RooAddition::n_exp_binbin1[ n_exp_binbin1_proc_BH + n_exp_binbin1_proc_Background ] = 1.61549
RooAddition::n_exp_binbin1_bonly[ n_exp_binbin1_proc_Background ] = 0.615487
ProcessNormalization::n_exp_binbin1_proc_BH[ thetaList=(lumi,jesUp_unc,pdf_unc,jerUp_unc) asymmThetaList=() otherFactorList=(r) ] = 1
ProcessNormalization::n_exp_binbin1_proc_Background[ thetaList=(xs_Bkg) asymmThetaList=() otherFactorList=() ] = 0.615487

datasets
--------
RooDataSet::data_obs(n_obs_binbin1)

named sets
----------
ModelConfig_GlobalObservables:(lumi_In,jesUp_unc_In,pdf_unc_In,xs_Bkg_In,jerUp_unc_In)
ModelConfig_NuisParams:(lumi,jesUp_unc,pdf_unc,xs_Bkg,jerUp_unc)
ModelConfig_Observables:(n_obs_binbin1)
ModelConfig_POI:(r)
ModelConfig_bonly_GlobalObservables:(lumi_In,jesUp_unc_In,pdf_unc_In,xs_Bkg_In,jerUp_unc_In)
ModelConfig_bonly_NuisParams:(lumi,jesUp_unc,pdf_unc,xs_Bkg,jerUp_unc)
ModelConfig_bonly_Observables:(n_obs_binbin1)
ModelConfig_bonly_POI:(r)
POI:(r)
globalObservables:(lumi_In,jesUp_unc_In,pdf_unc_In,xs_Bkg_In,jerUp_unc_In)
nuisances:(lumi,jesUp_unc,pdf_unc,xs_Bkg,jerUp_unc)
observables:(n_obs_binbin1)

generic objects
---------------
RooStats::ModelConfig::ModelConfig
RooStats::ModelConfig::ModelConfig_bonly
RooArgSet::discreteParams

Workspace has a ModelConfig for signal called 'ModelConfig', with contents:

=== Using the following for ModelConfig ===
Observables:             RooArgSet:: = (n_obs_binbin1)
Parameters of Interest:  RooArgSet:: = (r)
Nuisance Parameters:     RooArgSet:: = (lumi,jesUp_unc,pdf_unc,xs_Bkg,jerUp_unc)
Global Observables:      RooArgSet:: = (lumi_In,jesUp_unc_In,pdf_unc_In,xs_Bkg_In,jerUp_unc_In)
PDF:                     RooProdPdf::model_s[ modelObs_s * nuisancePdf ] = 0.321149

Input ModelConfig 'ModelConfig': 

=== Using the following for ModelConfig ===
Observables:             RooArgSet:: = (n_obs_binbin1)
Parameters of Interest:  RooArgSet:: = (r)
Nuisance Parameters:     RooArgSet:: = (lumi,jesUp_unc,pdf_unc,xs_Bkg,jerUp_unc)
Global Observables:      RooArgSet:: = (lumi_In,jesUp_unc_In,pdf_unc_In,xs_Bkg_In,jerUp_unc_In)
PDF:                     RooProdPdf::model_s[ modelObs_s * nuisancePdf ] = 0.321149

[#1] INFO:ObjectHandling -- RooWorkspace::import(w) importing RooUniform::prior
Computing limit starting from observation
  1) RooRealVar:: n_obs_binbin1 = 1
Set default minimizer to Minuit2
Search for upper limit using pre-computed grid of p-values
  Do HypoTestResult_mh120_r3_2546238840 -> 3 --> 3
  Do HypoTestResult_mh120_r8_3157341354 -> 8 --> 8
  Do HypoTestResult_mh120_r1.5_4292963204 -> 1.5 --> 1.5
  Do HypoTestResult_mh120_r7_2720467535 -> 7 --> 7
  Do HypoTestResult_mh120_r6_977855985 -> 6 --> 6
  Do HypoTestResult_mh120_r9_4196596338 -> 9 --> 9
  Do HypoTestResult_mh120_r4.5_2483048078 -> 4.5 --> 4.5
  Do HypoTestResult_mh120_r3.5_3178843318 -> 3.5 --> 3.5
  Do HypoTestResult_mh120_r5.5_3134108679 -> 5.5 --> 5.5
  Do HypoTestResult_mh120_r1_1026271738 -> 1 --> 1
  Do HypoTestResult_mh120_r4_486921277 -> 4 --> 4
  Do HypoTestResult_mh120_r2_3594313005 -> 2 --> 2
  Do HypoTestResult_mh120_r10_657395709 -> 10 --> 10
  Do HypoTestResult_mh120_r2.5_2653770721 -> 2.5 --> 2.5
  Do HypoTestResult_mh120_r5_1548878155 -> 5 --> 5
GRID, as is.
  - 1  (CLs = 0.538955 +/- 0.0112178)
  - 1.5  (CLs = 0.374678 +/- 0.00954197)
  - 2  (CLs = 0.255307 +/- 0.00811562)
  - 2.5  (CLs = 0.16615 +/- 0.00660406)
  - 3  (CLs = 0.111776 +/- 0.00551701)
  - 3.5  (CLs = 0.0617639 +/- 0.0041609)
  - 4  (CLs = 0.0480962 +/- 0.00367509)
  - 4.5  (CLs = 0.03053 +/- 0.00294768)
  - 5  (CLs = 0.0205656 +/- 0.00241367)
  - 5.5  (CLs = 0.0135838 +/- 0.00197623)
  - 6  (CLs = 0.00821355 +/- 0.0015499)
  - 7  (CLs = 0.00261628 +/- 0.000871664)
  - 8  (CLs = 0.00144217 +/- 0.000644778)
  - 9  (CLs = 0.000880799 +/- 0.000508448)
  - 10  (CLs = 0.000290867 +/- 0.000290851)
Bisecting range [0, 14]
At r = 4.5:
	CLs      = 0.177605 +/- 0.00550236
	CLb      = 0.9752 +/- 0.00219932
	CLsplusb = 0.1732 +/- 0.00535167

    Midpoint 7 value 0.177605 +/- 0.00550236
    Replacing Min
Bisecting range [7, 14]
At r = 6:
	CLs      = 0.0710035 +/- 0.0036863
	CLb      = 0.9746 +/- 0.00222508
	CLsplusb = 0.0692 +/- 0.00358919

    Midpoint 10 value 0.0710035 +/- 0.0036863
    Tightening Range
At r = 5:
	CLs      = 0.124718 +/- 0.0047489
	CLb      = 0.975 +/- 0.00220794
	CLsplusb = 0.1216 +/- 0.00462198

        Lowpoint 8 value 0.124718 +/- 0.0047489
At r = 5.5:
	CLs      = 0.0906853 +/- 0.00412355
	CLb      = 0.9748 +/- 0.00221653
	CLsplusb = 0.0884 +/- 0.00401461

        Lowpoint 9 value 0.0906853 +/- 0.00412355
At r = 8:
	CLs      = 0.019286 +/- 0.0019709
	CLb      = 0.9748 +/- 0.00221653
	CLsplusb = 0.0188 +/- 0.00192076

        Highpoint 12 value 0.019286 +/- 0.0019709
At r = 7:
	CLs      = 0.0394331 +/- 0.00279217
	CLb      = 0.9738 +/- 0.00225892
	CLsplusb = 0.0384 +/- 0.00271755

        Highpoint 11 value 0.0394331 +/- 0.00279217
Final range [9, 12]
  Will not use point 0 (r 1)
  Will not use point 1 (r 1.5)
  Will not use point 2 (r 2)
  Will not use point 3 (r 2.5)
  Will not use point 4 (r 3)
  Will not use point 5 (r 3.5)
  Will not use point 6 (r 4)
  Will not use point 7 (r 4.5)
  Will not use point 8 (r 5)
   Point 9 (r 5.5) was already updated during search.
   Point 10 (r 6) was already updated during search.
   Point 11 (r 7) was already updated during search.
   Point 12 (r 8) was already updated during search.
  Will not use point 13 (r 9)
  Will not use point 14 (r 10)
  r 5.50: CLs = 0.0907 +/- 0.0041
  r 6.00: CLs = 0.0710 +/- 0.0037
  r 7.00: CLs = 0.0394 +/- 0.0028
  r 8.00: CLs = 0.0193 +/- 0.0020
 after scan x ~ 7, bounds [ 5.5, 8]

 -- HybridNew, before fit -- 
Limit: r < 7 +/- 1.5 [5.5, 8]

****************************************
Minimizer is Minuit2 / Migrad
Chi2                      =      1.52689
NDf                       =            2
Edm                       =  7.51318e-07
NCalls                    =           48
p0                        =         0.05                      	 (fixed)
p1                        =     -0.60162   +/-   0.0364368   
p2                        =       6.5304   +/-   0.054751    
Fit to 4 points: 6.5304 +/- 0.054751

 -- Hybrid New -- 
Limit: r < 6.5304 +/- 0.054751 @ 95% CL
Total toys: 0
Done in 0.00 min (cpu), 0.01 min (real)
