>>> including systematics
>>> using the Profile Likelihood test statistics modified for upper limits (Q_LHC)
>>> method used to compute upper limit is HybridNew
>>> random number generator seed is 123456
Adding /uscms_data/d2/lpcljm/sapta/SUSYSearch/LimitSetting/CMSSW_7_1_5/src to include path
Adding /cvmfs/cms.cern.ch/slc6_amd64_gcc481/lcg/roofit/5.34.18-cms3//include to include path
Input workspace 'w': 

RooWorkspace(w) w contents

variables
---------
(jerUp_unc,jerUp_unc_In,jesUp_unc,jesUp_unc_In,lumi,lumi_In,n_obs_binbin1,pdf_unc,pdf_unc_In,r,xs_Bkg,xs_Bkg_In)

p.d.f.s
-------
SimpleGaussianConstraint::jerUp_unc_Pdf[ x=jerUp_unc mean=jerUp_unc_In sigma=1 ] = 1
SimpleGaussianConstraint::jesUp_unc_Pdf[ x=jesUp_unc mean=jesUp_unc_In sigma=1 ] = 1
SimpleGaussianConstraint::lumi_Pdf[ x=lumi mean=lumi_In sigma=1 ] = 1
RooProdPdf::modelObs_b[ pdf_binbin1_bonly ] = 0.011819
RooProdPdf::modelObs_s[ pdf_binbin1 ] = 0.0126089
RooProdPdf::model_b[ modelObs_b * nuisancePdf ] = 0.011819
RooProdPdf::model_s[ modelObs_s * nuisancePdf ] = 0.0126089
RooProdPdf::nuisancePdf[ lumi_Pdf * jesUp_unc_Pdf * pdf_unc_Pdf * xs_Bkg_Pdf * jerUp_unc_Pdf ] = 1
RooPoisson::pdf_binbin1[ x=n_obs_binbin1 mean=n_exp_binbin1 ] = 0.0126089
RooPoisson::pdf_binbin1_bonly[ x=n_obs_binbin1 mean=n_exp_binbin1_bonly ] = 0.011819
SimpleGaussianConstraint::pdf_unc_Pdf[ x=pdf_unc mean=pdf_unc_In sigma=1 ] = 1
SimpleGaussianConstraint::xs_Bkg_Pdf[ x=xs_Bkg mean=xs_Bkg_In sigma=1 ] = 1

functions
--------
RooAddition::n_exp_binbin1[ n_exp_binbin1_proc_BH + n_exp_binbin1_proc_Background ] = 297.298
RooAddition::n_exp_binbin1_bonly[ n_exp_binbin1_proc_Background ] = 296.298
ProcessNormalization::n_exp_binbin1_proc_BH[ thetaList=(lumi,jesUp_unc,pdf_unc,jerUp_unc) asymmThetaList=() otherFactorList=(r) ] = 1
ProcessNormalization::n_exp_binbin1_proc_Background[ thetaList=(xs_Bkg) asymmThetaList=() otherFactorList=() ] = 296.298

datasets
--------
RooDataSet::data_obs(n_obs_binbin1)

named sets
----------
ModelConfig_GlobalObservables:(lumi_In,jesUp_unc_In,pdf_unc_In,xs_Bkg_In,jerUp_unc_In)
ModelConfig_NuisParams:(lumi,jesUp_unc,pdf_unc,xs_Bkg,jerUp_unc)
ModelConfig_Observables:(n_obs_binbin1)
ModelConfig_POI:(r)
ModelConfig_bonly_GlobalObservables:(lumi_In,jesUp_unc_In,pdf_unc_In,xs_Bkg_In,jerUp_unc_In)
ModelConfig_bonly_NuisParams:(lumi,jesUp_unc,pdf_unc,xs_Bkg,jerUp_unc)
ModelConfig_bonly_Observables:(n_obs_binbin1)
ModelConfig_bonly_POI:(r)
POI:(r)
globalObservables:(lumi_In,jesUp_unc_In,pdf_unc_In,xs_Bkg_In,jerUp_unc_In)
nuisances:(lumi,jesUp_unc,pdf_unc,xs_Bkg,jerUp_unc)
observables:(n_obs_binbin1)

generic objects
---------------
RooStats::ModelConfig::ModelConfig
RooStats::ModelConfig::ModelConfig_bonly
RooArgSet::discreteParams

Workspace has a ModelConfig for signal called 'ModelConfig', with contents:

=== Using the following for ModelConfig ===
Observables:             RooArgSet:: = (n_obs_binbin1)
Parameters of Interest:  RooArgSet:: = (r)
Nuisance Parameters:     RooArgSet:: = (lumi,jesUp_unc,pdf_unc,xs_Bkg,jerUp_unc)
Global Observables:      RooArgSet:: = (lumi_In,jesUp_unc_In,pdf_unc_In,xs_Bkg_In,jerUp_unc_In)
PDF:                     RooProdPdf::model_s[ modelObs_s * nuisancePdf ] = 0.0126089

Input ModelConfig 'ModelConfig': 

=== Using the following for ModelConfig ===
Observables:             RooArgSet:: = (n_obs_binbin1)
Parameters of Interest:  RooArgSet:: = (r)
Nuisance Parameters:     RooArgSet:: = (lumi,jesUp_unc,pdf_unc,xs_Bkg,jerUp_unc)
Global Observables:      RooArgSet:: = (lumi_In,jesUp_unc_In,pdf_unc_In,xs_Bkg_In,jerUp_unc_In)
PDF:                     RooProdPdf::model_s[ modelObs_s * nuisancePdf ] = 0.0126089

[#1] INFO:ObjectHandling -- RooWorkspace::import(w) importing RooUniform::prior
Computing limit starting from observation
  1) RooRealVar:: n_obs_binbin1 = 316
Set default minimizer to Minuit2
Search for upper limit using pre-computed grid of p-values
  Do HypoTestResult_mh120_r165_2551553100 -> 165 --> 165
  Do HypoTestResult_mh120_r120_2087050734 -> 120 --> 120
  Do HypoTestResult_mh120_r40_970995839 -> 40 --> 40
  Do HypoTestResult_mh120_r75_2350370755 -> 75 --> 75
  Do HypoTestResult_mh120_r170_301620317 -> 170 --> 170
  Do HypoTestResult_mh120_r55_479885696 -> 55 --> 55
  Do HypoTestResult_mh120_r80_3146416895 -> 80 --> 80
  Do HypoTestResult_mh120_r110_3715369514 -> 110 --> 110
  Do HypoTestResult_mh120_r130_1572895172 -> 130 --> 130
  Do HypoTestResult_mh120_r70_2182016830 -> 70 --> 70
  Do HypoTestResult_mh120_r90_1294276421 -> 90 --> 90
  Do HypoTestResult_mh120_r65_2393142208 -> 65 --> 65
  Do HypoTestResult_mh120_r50_285474333 -> 50 --> 50
  Do HypoTestResult_mh120_r150_1283926655 -> 150 --> 150
GRID, as is.
  - 40  (CLs = 0.514842 +/- 0.0116247)
  - 50  (CLs = 0.403168 +/- 0.0102007)
  - 55  (CLs = 0.369758 +/- 0.010017)
  - 65  (CLs = 0.259393 +/- 0.00844251)
  - 70  (CLs = 0.229383 +/- 0.00806762)
  - 75  (CLs = 0.176647 +/- 0.00705331)
  - 80  (CLs = 0.156508 +/- 0.0067557)
  - 90  (CLs = 0.105263 +/- 0.00558289)
  - 110  (CLs = 0.0356711 +/- 0.00326481)
  - 120  (CLs = 0.0214049 +/- 0.00253139)
  - 130  (CLs = 0.0135177 +/- 0.0020337)
  - 150  (CLs = 0.00208955 +/- 0.000789496)
  - 165  (CLs = 0.000917712 +/- 0.000529766)
  - 170  (CLs = 0.000309215 +/- 0.000309201)
Bisecting range [0, 13]
At r = 80:
	CLs      = 0.545493 +/- 0.00757031
	CLb      = 0.9562 +/- 0.00289419
	CLsplusb = 0.5216 +/- 0.00706447

    Midpoint 6 value 0.545493 +/- 0.00757031
    Replacing Min
Bisecting range [6, 13]
At r = 120:
	CLs      = 0.235644 +/- 0.00612406
	CLb      = 0.9752 +/- 0.00219932
	CLsplusb = 0.2298 +/- 0.00594965

    Midpoint 9 value 0.235644 +/- 0.00612406
    Replacing Min
Bisecting range [9, 13]
At r = 150:
	CLs      = 0.0878129 +/- 0.00406377
	CLb      = 0.9748 +/- 0.00221653
	CLsplusb = 0.0856 +/- 0.00395658

    Midpoint 11 value 0.0878129 +/- 0.00406377
    Replacing Min
Final range [11, 13]
  Will not use point 0 (r 40)
  Will not use point 1 (r 50)
  Will not use point 2 (r 55)
  Will not use point 3 (r 65)
  Will not use point 4 (r 70)
  Will not use point 5 (r 75)
  Will not use point 6 (r 80)
  Will not use point 7 (r 90)
  Will not use point 8 (r 110)
  Will not use point 9 (r 120)
  Will not use point 10 (r 130)
   Point 11 (r 150) was already updated during search.
   Updaing point 12 (r 165)
At r = 165:
	CLs      = 0.0477949 +/- 0.00305924
	CLb      = 0.975 +/- 0.00220794
	CLsplusb = 0.0466 +/- 0.00298089

   Updaing point 13 (r 170)
At r = 170:
	CLs      = 0.0346382 +/- 0.0026202
	CLb      = 0.9758 +/- 0.00217322
	CLsplusb = 0.0338 +/- 0.00255568

  r 150.00: CLs = 0.0878 +/- 0.0041
  r 165.00: CLs = 0.0478 +/- 0.0031
  r 170.00: CLs = 0.0346 +/- 0.0026
 after scan x ~ 165, bounds [ 150, 170]

 -- HybridNew, before fit -- 
Limit: r < 165 +/- 15 [150, 170]

****************************************
Minimizer is Minuit2 / Migrad
Chi2                      =      1.06354
NDf                       =            1
Edm                       =  1.64578e-06
NCalls                    =           40
p0                        =         0.05                      	 (fixed)
p1                        =   -0.0444591   +/-   0.00379116  
p2                        =      162.808   +/-   0.857385    
Fit to 3 points: 162.808 +/- 0.857385

 -- Hybrid New -- 
Limit: r < 162.808 +/- 0.857385 @ 95% CL
Total toys: 0
Done in 0.00 min (cpu), 0.01 min (real)
