>>> including systematics
>>> using the Profile Likelihood test statistics modified for upper limits (Q_LHC)
>>> method used to compute upper limit is HybridNew
>>> Using OpenSSL to get a really random seed 
>>> Used OpenSSL to get a really random seed 602119038
Adding /uscms_data/d2/lpcljm/sapta/SUSYSearch/LimitSetting/CMSSW_7_1_5/src to include path
Adding /cvmfs/cms.cern.ch/slc6_amd64_gcc481/lcg/roofit/5.34.18-cms3//include to include path
Input workspace 'w': 

RooWorkspace(w) w contents

variables
---------
(jerUp_unc,jerUp_unc_In,jesUp_unc,jesUp_unc_In,lumi,lumi_In,n_obs_binbin1,pdf_unc,pdf_unc_In,r,xs_Bkg,xs_Bkg_In)

p.d.f.s
-------
SimpleGaussianConstraint::jerUp_unc_Pdf[ x=jerUp_unc mean=jerUp_unc_In sigma=1 ] = 1
SimpleGaussianConstraint::jesUp_unc_Pdf[ x=jesUp_unc mean=jesUp_unc_In sigma=1 ] = 1
SimpleGaussianConstraint::lumi_Pdf[ x=lumi mean=lumi_In sigma=1 ] = 1
RooProdPdf::modelObs_b[ pdf_binbin1_bonly ] = 0.0400241
RooProdPdf::modelObs_s[ pdf_binbin1 ] = 0.0328699
RooProdPdf::model_b[ modelObs_b * nuisancePdf ] = 0.0400241
RooProdPdf::model_s[ modelObs_s * nuisancePdf ] = 0.0328699
RooProdPdf::nuisancePdf[ lumi_Pdf * jesUp_unc_Pdf * pdf_unc_Pdf * xs_Bkg_Pdf * jerUp_unc_Pdf ] = 1
RooPoisson::pdf_binbin1[ x=n_obs_binbin1 mean=n_exp_binbin1 ] = 0.0328699
RooPoisson::pdf_binbin1_bonly[ x=n_obs_binbin1 mean=n_exp_binbin1_bonly ] = 0.0400241
SimpleGaussianConstraint::pdf_unc_Pdf[ x=pdf_unc mean=pdf_unc_In sigma=1 ] = 1
SimpleGaussianConstraint::xs_Bkg_Pdf[ x=xs_Bkg mean=xs_Bkg_In sigma=1 ] = 1

functions
--------
RooAddition::n_exp_binbin1[ n_exp_binbin1_proc_BH + n_exp_binbin1_proc_Background ] = 35.3683
RooAddition::n_exp_binbin1_bonly[ n_exp_binbin1_proc_Background ] = 34.3683
ProcessNormalization::n_exp_binbin1_proc_BH[ thetaList=(lumi,jesUp_unc,pdf_unc,jerUp_unc) asymmThetaList=() otherFactorList=(r) ] = 1
ProcessNormalization::n_exp_binbin1_proc_Background[ thetaList=(xs_Bkg) asymmThetaList=() otherFactorList=() ] = 34.3683

datasets
--------
RooDataSet::data_obs(n_obs_binbin1)

named sets
----------
ModelConfig_GlobalObservables:(lumi_In,jesUp_unc_In,pdf_unc_In,xs_Bkg_In,jerUp_unc_In)
ModelConfig_NuisParams:(lumi,jesUp_unc,pdf_unc,xs_Bkg,jerUp_unc)
ModelConfig_Observables:(n_obs_binbin1)
ModelConfig_POI:(r)
ModelConfig_bonly_GlobalObservables:(lumi_In,jesUp_unc_In,pdf_unc_In,xs_Bkg_In,jerUp_unc_In)
ModelConfig_bonly_NuisParams:(lumi,jesUp_unc,pdf_unc,xs_Bkg,jerUp_unc)
ModelConfig_bonly_Observables:(n_obs_binbin1)
ModelConfig_bonly_POI:(r)
POI:(r)
globalObservables:(lumi_In,jesUp_unc_In,pdf_unc_In,xs_Bkg_In,jerUp_unc_In)
nuisances:(lumi,jesUp_unc,pdf_unc,xs_Bkg,jerUp_unc)
observables:(n_obs_binbin1)

generic objects
---------------
RooStats::ModelConfig::ModelConfig
RooStats::ModelConfig::ModelConfig_bonly
RooArgSet::discreteParams

Workspace has a ModelConfig for signal called 'ModelConfig', with contents:

=== Using the following for ModelConfig ===
Observables:             RooArgSet:: = (n_obs_binbin1)
Parameters of Interest:  RooArgSet:: = (r)
Nuisance Parameters:     RooArgSet:: = (lumi,jesUp_unc,pdf_unc,xs_Bkg,jerUp_unc)
Global Observables:      RooArgSet:: = (lumi_In,jesUp_unc_In,pdf_unc_In,xs_Bkg_In,jerUp_unc_In)
PDF:                     RooProdPdf::model_s[ modelObs_s * nuisancePdf ] = 0.0328699

Input ModelConfig 'ModelConfig': 

=== Using the following for ModelConfig ===
Observables:             RooArgSet:: = (n_obs_binbin1)
Parameters of Interest:  RooArgSet:: = (r)
Nuisance Parameters:     RooArgSet:: = (lumi,jesUp_unc,pdf_unc,xs_Bkg,jerUp_unc)
Global Observables:      RooArgSet:: = (lumi_In,jesUp_unc_In,pdf_unc_In,xs_Bkg_In,jerUp_unc_In)
PDF:                     RooProdPdf::model_s[ modelObs_s * nuisancePdf ] = 0.0328699

[#1] INFO:ObjectHandling -- RooWorkspace::import(w) importing RooUniform::prior
Computing limit starting from observation
  1) RooRealVar:: n_obs_binbin1 = 28
Set default minimizer to Minuit2
  r = 5 +/- 0
[#1] INFO:Minization --  Including the following contraint terms in minimization: (nuisancePdf)
[#1] INFO:Fitting -- RooAddition::defaultErrorLevel(nll_model_s_data_obs_with_constr) Summation contains a RooNLLVar, using its error level
Minuit2Minimizer: Minimize with max-calls 2500 convergence for edm < 0.01 strategy 1
MnSeedGenerator: for initial parameters FCN = 7.81297
MnSeedGenerator: Initial state:   - FCN =   7.812966222032 Edm =     0.475022 NCalls =     21
VariableMetric: start iterating until Edm is < 1e-05
VariableMetric: Initial state   - FCN =   7.812966222032 Edm =     0.475022 NCalls =     21
VariableMetric: Iteration #   1 - FCN =   7.319649508627 Edm =   0.00157746 NCalls =     32
VariableMetric: Iteration #   2 - FCN =   7.317862839021 Edm =  4.09452e-09 NCalls =     44
VariableMetric: After Hessian   - FCN =   7.317862839021 Edm =  4.38693e-09 NCalls =     75
Number of iterations 4
----------> Iteration 0
            FVAL = 7.81296622203 Edm = 0.475021752374 Nfcn = 21
            Error matrix change = 1
            Parameters :  p0 = 0 p1 = 0 p2 = 0 p3 = 0 p4 = 0
----------> Iteration 1
            FVAL = 7.31964950863 Edm = 0.00157745610993 Nfcn = 32
            Error matrix change = 0.501416
            Parameters :  p0 = 0 p1 = 0 p2 = 0 p3 = 0 p4 = -0.430026
----------> Iteration 2
            FVAL = 7.31786283902 Edm = 4.09452281822e-09 Nfcn = 44
            Error matrix change = 0.252395
            Parameters :  p0 = 0 p1 = 0 p2 = 0 p3 = 0 p4 = -0.45805
----------> Iteration 3
            FVAL = 7.31786283902 Edm = 4.38693222007e-09 Nfcn = 75
            Error matrix change = 0
            Parameters :  p0 = 0 p1 = 0 p2 = 0 p3 = 0 p4 = -0.45805
Minuit2Minimizer : Valid minimum - status = 0
FVAL  = 7.31786283902086954
Edm   = 4.3869322200714703e-09
Nfcn  = 75
jerUp_unc	  = 0	 +/-  0.996602	(limited)
jesUp_unc	  = 0	 +/-  0.996602	(limited)
lumi	  = 0	 +/-  0.996602	(limited)
pdf_unc	  = 0	 +/-  0.996602	(limited)
xs_Bkg	  = -0.45805	 +/-  0.469773	(limited)
Zero signal fit
   0) jerUp_unc                      =         0
   1) jesUp_unc                      =         0
   2) lumi                           =         0
   3) pdf_unc                        =         0
   4) xs_Bkg                         =  -0.45805

Fitting of the background hypothesis done in 0.287049 s
[#1] INFO:Fitting -- RooAddition::defaultErrorLevel(nll_model_s_data_obs_with_constr) Summation contains a RooNLLVar, using its error level
Minuit2Minimizer: Minimize with max-calls 2500 convergence for edm < 0.01 strategy 1
MnSeedGenerator: for initial parameters FCN = 7.90927
MnSeedGenerator: Initial state:   - FCN =   7.909271287884 Edm =     0.246793 NCalls =     21
VariableMetric: start iterating until Edm is < 1e-05
VariableMetric: Initial state   - FCN =   7.909271287884 Edm =     0.246793 NCalls =     21
VariableMetric: Iteration #   1 - FCN =   7.656770790708 Edm =   0.00150614 NCalls =     32
VariableMetric: Iteration #   2 - FCN =   7.655083833666 Edm =    3.916e-06 NCalls =     43
VariableMetric: After Hessian   - FCN =   7.655083833666 Edm =  4.19889e-06 NCalls =     74
Number of iterations 4
----------> Iteration 0
            FVAL = 7.90927128788 Edm = 0.246792535791 Nfcn = 21
            Error matrix change = 1
            Parameters :  p0 = 0 p1 = 0 p2 = 0 p3 = 0 p4 = -0.45805
----------> Iteration 1
            FVAL = 7.65677079071 Edm = 0.00150614147868 Nfcn = 32
            Error matrix change = 0.513383
            Parameters :  p0 = -0.0360363 p1 = -0.0447717 p2 = -0.0412916 p3 = -0.0533878 p4 = -0.800752
----------> Iteration 2
            FVAL = 7.65508383367 Edm = 3.91600002666e-06 Nfcn = 43
            Error matrix change = 0.261513
            Parameters :  p0 = -0.0182443 p1 = -0.0227264 p2 = -0.0209365 p3 = -0.0271853 p4 = -0.820281
----------> Iteration 3
            FVAL = 7.65508383367 Edm = 4.19888906743e-06 Nfcn = 74
            Error matrix change = 0
            Parameters :  p0 = -0.0182443 p1 = -0.0227264 p2 = -0.0209365 p3 = -0.0271853 p4 = -0.820281
Minuit2Minimizer : Valid minimum - status = 0
FVAL  = 7.65508383366592859
Edm   = 4.19888906742583055e-06
Nfcn  = 74
jerUp_unc	  = -0.0182443	 +/-  0.996061	(limited)
jesUp_unc	  = -0.0227264	 +/-  0.995765	(limited)
lumi	  = -0.0209365	 +/-  0.995891	(limited)
pdf_unc	  = -0.0271853	 +/-  0.995407	(limited)
xs_Bkg	  = -0.820281	 +/-  0.523857	(limited)
Reference signal fit
   0) jerUp_unc                      = -0.0182443
   1) jesUp_unc                      = -0.0227264
   2) lumi                           = -0.0209365
   3) pdf_unc                        = -0.0271853
   4) xs_Bkg                         = -0.820281

Fitting of the signal-plus-background hypothesis done in 0.00214601 s
      Evaluation of p-values done in  5.66141 s
	CLs = 0.615873 +/- 0.0489967
      Evaluation of p-values done in  5.29921 s
	CLs = 0.531298 +/- 0.030981
      Evaluation of p-values done in  5.26392 s
	CLs = 0.51626 +/- 0.0248562
      Evaluation of p-values done in  5.26583 s
	CLs = 0.525581 +/- 0.0219874
      Evaluation of p-values done in  5.13606 s
	CLs = 0.533457 +/- 0.0198244
	CLs      = 0.533457 +/- 0.0198244
	CLb      = 0.3228 +/- 0.00661211
	CLsplusb = 0.1722 +/- 0.00533942

Hybrid result saved as HypoTestResult_mh120_r5_1155660534 in higgsCombineTest.HybridNew.mH120.602119038.root : higgsCombineTest.HybridNew.mH120.602119038.root:/toys

 -- Hybrid New -- 
CLs = 0.533457 +/- 0.0198244
Total toys: 10000
Done in 0.00 min (cpu), 0.45 min (real)
