>>> including systematics
>>> using the Profile Likelihood test statistics modified for upper limits (Q_LHC)
>>> method used to compute upper limit is HybridNew
>>> Using OpenSSL to get a really random seed 
>>> Used OpenSSL to get a really random seed 1642745668
Adding /uscms_data/d2/lpcljm/sapta/SUSYSearch/LimitSetting/CMSSW_7_1_5/src to include path
Adding /cvmfs/cms.cern.ch/slc6_amd64_gcc481/lcg/roofit/5.34.18-cms3//include to include path
Input workspace 'w': 

RooWorkspace(w) w contents

variables
---------
(jerUp_unc,jerUp_unc_In,jesUp_unc,jesUp_unc_In,lumi,lumi_In,n_obs_binbin1,pdf_unc,pdf_unc_In,r,xs_Bkg,xs_Bkg_In)

p.d.f.s
-------
SimpleGaussianConstraint::jerUp_unc_Pdf[ x=jerUp_unc mean=jerUp_unc_In sigma=1 ] = 1
SimpleGaussianConstraint::jesUp_unc_Pdf[ x=jesUp_unc mean=jesUp_unc_In sigma=1 ] = 1
SimpleGaussianConstraint::lumi_Pdf[ x=lumi mean=lumi_In sigma=1 ] = 1
RooProdPdf::modelObs_b[ pdf_binbin1_bonly ] = 0.011819
RooProdPdf::modelObs_s[ pdf_binbin1 ] = 0.0126089
RooProdPdf::model_b[ modelObs_b * nuisancePdf ] = 0.011819
RooProdPdf::model_s[ modelObs_s * nuisancePdf ] = 0.0126089
RooProdPdf::nuisancePdf[ lumi_Pdf * jesUp_unc_Pdf * pdf_unc_Pdf * xs_Bkg_Pdf * jerUp_unc_Pdf ] = 1
RooPoisson::pdf_binbin1[ x=n_obs_binbin1 mean=n_exp_binbin1 ] = 0.0126089
RooPoisson::pdf_binbin1_bonly[ x=n_obs_binbin1 mean=n_exp_binbin1_bonly ] = 0.011819
SimpleGaussianConstraint::pdf_unc_Pdf[ x=pdf_unc mean=pdf_unc_In sigma=1 ] = 1
SimpleGaussianConstraint::xs_Bkg_Pdf[ x=xs_Bkg mean=xs_Bkg_In sigma=1 ] = 1

functions
--------
RooAddition::n_exp_binbin1[ n_exp_binbin1_proc_BH + n_exp_binbin1_proc_Background ] = 297.298
RooAddition::n_exp_binbin1_bonly[ n_exp_binbin1_proc_Background ] = 296.298
ProcessNormalization::n_exp_binbin1_proc_BH[ thetaList=(lumi,jesUp_unc,pdf_unc,jerUp_unc) asymmThetaList=() otherFactorList=(r) ] = 1
ProcessNormalization::n_exp_binbin1_proc_Background[ thetaList=(xs_Bkg) asymmThetaList=() otherFactorList=() ] = 296.298

datasets
--------
RooDataSet::data_obs(n_obs_binbin1)

named sets
----------
ModelConfig_GlobalObservables:(lumi_In,jesUp_unc_In,pdf_unc_In,xs_Bkg_In,jerUp_unc_In)
ModelConfig_NuisParams:(lumi,jesUp_unc,pdf_unc,xs_Bkg,jerUp_unc)
ModelConfig_Observables:(n_obs_binbin1)
ModelConfig_POI:(r)
ModelConfig_bonly_GlobalObservables:(lumi_In,jesUp_unc_In,pdf_unc_In,xs_Bkg_In,jerUp_unc_In)
ModelConfig_bonly_NuisParams:(lumi,jesUp_unc,pdf_unc,xs_Bkg,jerUp_unc)
ModelConfig_bonly_Observables:(n_obs_binbin1)
ModelConfig_bonly_POI:(r)
POI:(r)
globalObservables:(lumi_In,jesUp_unc_In,pdf_unc_In,xs_Bkg_In,jerUp_unc_In)
nuisances:(lumi,jesUp_unc,pdf_unc,xs_Bkg,jerUp_unc)
observables:(n_obs_binbin1)

generic objects
---------------
RooStats::ModelConfig::ModelConfig
RooStats::ModelConfig::ModelConfig_bonly
RooArgSet::discreteParams

Workspace has a ModelConfig for signal called 'ModelConfig', with contents:

=== Using the following for ModelConfig ===
Observables:             RooArgSet:: = (n_obs_binbin1)
Parameters of Interest:  RooArgSet:: = (r)
Nuisance Parameters:     RooArgSet:: = (lumi,jesUp_unc,pdf_unc,xs_Bkg,jerUp_unc)
Global Observables:      RooArgSet:: = (lumi_In,jesUp_unc_In,pdf_unc_In,xs_Bkg_In,jerUp_unc_In)
PDF:                     RooProdPdf::model_s[ modelObs_s * nuisancePdf ] = 0.0126089

Input ModelConfig 'ModelConfig': 

=== Using the following for ModelConfig ===
Observables:             RooArgSet:: = (n_obs_binbin1)
Parameters of Interest:  RooArgSet:: = (r)
Nuisance Parameters:     RooArgSet:: = (lumi,jesUp_unc,pdf_unc,xs_Bkg,jerUp_unc)
Global Observables:      RooArgSet:: = (lumi_In,jesUp_unc_In,pdf_unc_In,xs_Bkg_In,jerUp_unc_In)
PDF:                     RooProdPdf::model_s[ modelObs_s * nuisancePdf ] = 0.0126089

[#1] INFO:ObjectHandling -- RooWorkspace::import(w) importing RooUniform::prior
Computing limit starting from observation
  1) RooRealVar:: n_obs_binbin1 = 316
Set default minimizer to Minuit2
  r = 130 +/- 0
[#1] INFO:Minization --  Including the following contraint terms in minimization: (nuisancePdf)
[#1] INFO:Fitting -- RooAddition::defaultErrorLevel(nll_model_s_data_obs_with_constr) Summation contains a RooNLLVar, using its error level
Minuit2Minimizer: Minimize with max-calls 2500 convergence for edm < 0.01 strategy 1
MnSeedGenerator: for initial parameters FCN = 9.03274
MnSeedGenerator: Initial state:   - FCN =   9.032742845874 Edm =     0.573681 NCalls =     21
VariableMetric: start iterating until Edm is < 1e-05
VariableMetric: Initial state   - FCN =   9.032742845874 Edm =     0.573681 NCalls =     21
VariableMetric: Iteration #   1 - FCN =   8.468944548955 Edm =  0.000371776 NCalls =     32
VariableMetric: Iteration #   2 - FCN =   8.468590323478 Edm =   1.8795e-07 NCalls =     43
VariableMetric: After Hessian   - FCN =   8.468590323478 Edm =   1.8388e-07 NCalls =     74
Number of iterations 4
----------> Iteration 0
            FVAL = 9.03274284587 Edm = 0.573680807204 Nfcn = 21
            Error matrix change = 1
            Parameters :  p0 = 0 p1 = 0 p2 = 0 p3 = 0 p4 = 0
----------> Iteration 1
            FVAL = 8.46894454896 Edm = 0.000371775696515 Nfcn = 32
            Error matrix change = 0.500374
            Parameters :  p0 = 0 p1 = 0 p2 = 0 p3 = 0 p4 = 0.377301
----------> Iteration 2
            FVAL = 8.46859032348 Edm = 1.87950454685e-07 Nfcn = 43
            Error matrix change = 0.250514
            Parameters :  p0 = 0 p1 = 0 p2 = 0 p3 = 0 p4 = 0.367943
----------> Iteration 3
            FVAL = 8.46859032348 Edm = 1.83879762407e-07 Nfcn = 74
            Error matrix change = 0
            Parameters :  p0 = 0 p1 = 0 p2 = 0 p3 = 0 p4 = 0.367943
Minuit2Minimizer : Valid minimum - status = 0
FVAL  = 8.46859032347808771
Edm   = 1.83879762407295859e-07
Nfcn  = 74
jerUp_unc	  = 0	 +/-  0.996602	(limited)
jesUp_unc	  = 0	 +/-  0.996602	(limited)
lumi	  = 0	 +/-  0.996602	(limited)
pdf_unc	  = 0	 +/-  0.996602	(limited)
xs_Bkg	  = 0.367943	 +/-  0.34359	(limited)
Zero signal fit
   0) jerUp_unc                      =         0
   1) jesUp_unc                      =         0
   2) lumi                           =         0
   3) pdf_unc                        =         0
   4) xs_Bkg                         =  0.367943

Fitting of the background hypothesis done in 0.30155 s
[#1] INFO:Fitting -- RooAddition::defaultErrorLevel(nll_model_s_data_obs_with_constr) Summation contains a RooNLLVar, using its error level
Minuit2Minimizer: Minimize with max-calls 2500 convergence for edm < 0.01 strategy 1
MnSeedGenerator: for initial parameters FCN = 28.8793
MnSeedGenerator: Initial state:   - FCN =   28.87927119611 Edm =      20.6274 NCalls =     21
VariableMetric: start iterating until Edm is < 1e-05
VariableMetric: Initial state   - FCN =   28.87927119611 Edm =      20.6274 NCalls =     21
VariableMetric: Iteration #   1 - FCN =   13.50998328023 Edm =      1.23247 NCalls =     33
VariableMetric: Iteration #   2 - FCN =   11.46772316608 Edm =    0.0248254 NCalls =     45
VariableMetric: Iteration #   3 - FCN =    11.4345453126 Edm =  0.000114898 NCalls =     57
VariableMetric: Iteration #   4 - FCN =   11.43442347415 Edm =  5.46624e-07 NCalls =     68
VariableMetric: After Hessian   - FCN =   11.43442347415 Edm =  6.28183e-07 NCalls =     99
Number of iterations 6
----------> Iteration 0
            FVAL = 28.8792711961 Edm = 20.6273776726 Nfcn = 21
            Error matrix change = 1
            Parameters :  p0 = 0 p1 = 0 p2 = 0 p3 = 0 p4 = 0.367943
----------> Iteration 1
            FVAL = 13.5099832802 Edm = 1.23247286308 Nfcn = 33
            Error matrix change = 0.597881
            Parameters :  p0 = -1.01198 p1 = -1.19788 p2 = -1.12737 p3 = -1.35189 p4 = -1.22712
----------> Iteration 2
            FVAL = 11.4677231661 Edm = 0.0248254379652 Nfcn = 45
            Error matrix change = 0.41274
            Parameters :  p0 = -0.220883 p1 = -0.35087 p2 = -0.295632 p3 = -0.503602 p4 = -1.9524
----------> Iteration 3
            FVAL = 11.4345453126 Edm = 0.000114897875659 Nfcn = 57
            Error matrix change = 0.226317
            Parameters :  p0 = -0.304126 p1 = -0.37029 p2 = -0.343349 p3 = -0.443205 p4 = -2.05376
----------> Iteration 4
            FVAL = 11.4344234742 Edm = 5.46623878485e-07 Nfcn = 68
            Error matrix change = 0.13189
            Parameters :  p0 = -0.295116 p1 = -0.365993 p2 = -0.337733 p3 = -0.436945 p4 = -2.05909
----------> Iteration 5
            FVAL = 11.4344234742 Edm = 6.28183342904e-07 Nfcn = 99
            Error matrix change = 0
            Parameters :  p0 = -0.295116 p1 = -0.365993 p2 = -0.337733 p3 = -0.436945 p4 = -2.05909
Minuit2Minimizer : Valid minimum - status = 0
FVAL  = 11.4344234741500017
Edm   = 6.28183342903605858e-07
Nfcn  = 99
jerUp_unc	  = -0.295116	 +/-  0.983818	(limited)
jesUp_unc	  = -0.365993	 +/-  0.976742	(limited)
lumi	  = -0.337733	 +/-  0.979756	(limited)
pdf_unc	  = -0.436945	 +/-  0.968149	(limited)
xs_Bkg	  = -2.05909	 +/-  0.52726	(limited)
Reference signal fit
   0) jerUp_unc                      = -0.295116
   1) jesUp_unc                      = -0.365993
   2) lumi                           = -0.337733
   3) pdf_unc                        = -0.436945
   4) xs_Bkg                         =  -2.05909

Fitting of the signal-plus-background hypothesis done in 0.00240302 s
      Evaluation of p-values done in  5.76198 s
	CLs = 0.0120846 +/- 0.00426418
      Evaluation of p-values done in  5.86027 s
	CLs = 0.0146945 +/- 0.00336389
      Evaluation of p-values done in  6.5793 s
	CLs = 0.0159465 +/- 0.00285731
      Evaluation of p-values done in  5.99868 s
	CLs = 0.0146042 +/- 0.00236389
      Evaluation of p-values done in  6.05706 s
	CLs = 0.0135177 +/- 0.0020337
	CLs      = 0.0135177 +/- 0.0020337
	CLb      = 0.651 +/- 0.0067409
	CLsplusb = 0.0088 +/- 0.0013208

Hybrid result saved as HypoTestResult_mh120_r130_1572895172 in higgsCombineTest.HybridNew.mH120.1642745668.root : higgsCombineTest.HybridNew.mH120.1642745668.root:/toys

 -- Hybrid New -- 
CLs = 0.0135177 +/- 0.0020337
Total toys: 10000
Done in 0.00 min (cpu), 0.51 min (real)
