>>> including systematics
>>> using the Profile Likelihood test statistics modified for upper limits (Q_LHC)
>>> method used to compute upper limit is HybridNew
>>> Using OpenSSL to get a really random seed 
>>> Used OpenSSL to get a really random seed 450729424
Adding /uscms_data/d2/lpcljm/sapta/SUSYSearch/LimitSetting/CMSSW_7_1_5/src to include path
Adding /cvmfs/cms.cern.ch/slc6_amd64_gcc481/lcg/roofit/5.34.18-cms3//include to include path
Input workspace 'w': 

RooWorkspace(w) w contents

variables
---------
(jerUp_unc,jerUp_unc_In,jesUp_unc,jesUp_unc_In,lumi,lumi_In,n_obs_binbin1,pdf_unc,pdf_unc_In,r,xs_Bkg,xs_Bkg_In)

p.d.f.s
-------
SimpleGaussianConstraint::jerUp_unc_Pdf[ x=jerUp_unc mean=jerUp_unc_In sigma=1 ] = 1
SimpleGaussianConstraint::jesUp_unc_Pdf[ x=jesUp_unc mean=jesUp_unc_In sigma=1 ] = 1
SimpleGaussianConstraint::lumi_Pdf[ x=lumi mean=lumi_In sigma=1 ] = 1
RooProdPdf::modelObs_b[ pdf_binbin1_bonly ] = 0.011819
RooProdPdf::modelObs_s[ pdf_binbin1 ] = 0.0126089
RooProdPdf::model_b[ modelObs_b * nuisancePdf ] = 0.011819
RooProdPdf::model_s[ modelObs_s * nuisancePdf ] = 0.0126089
RooProdPdf::nuisancePdf[ lumi_Pdf * jesUp_unc_Pdf * pdf_unc_Pdf * xs_Bkg_Pdf * jerUp_unc_Pdf ] = 1
RooPoisson::pdf_binbin1[ x=n_obs_binbin1 mean=n_exp_binbin1 ] = 0.0126089
RooPoisson::pdf_binbin1_bonly[ x=n_obs_binbin1 mean=n_exp_binbin1_bonly ] = 0.011819
SimpleGaussianConstraint::pdf_unc_Pdf[ x=pdf_unc mean=pdf_unc_In sigma=1 ] = 1
SimpleGaussianConstraint::xs_Bkg_Pdf[ x=xs_Bkg mean=xs_Bkg_In sigma=1 ] = 1

functions
--------
RooAddition::n_exp_binbin1[ n_exp_binbin1_proc_BH + n_exp_binbin1_proc_Background ] = 297.298
RooAddition::n_exp_binbin1_bonly[ n_exp_binbin1_proc_Background ] = 296.298
ProcessNormalization::n_exp_binbin1_proc_BH[ thetaList=(lumi,jesUp_unc,pdf_unc,jerUp_unc) asymmThetaList=() otherFactorList=(r) ] = 1
ProcessNormalization::n_exp_binbin1_proc_Background[ thetaList=(xs_Bkg) asymmThetaList=() otherFactorList=() ] = 296.298

datasets
--------
RooDataSet::data_obs(n_obs_binbin1)

named sets
----------
ModelConfig_GlobalObservables:(lumi_In,jesUp_unc_In,pdf_unc_In,xs_Bkg_In,jerUp_unc_In)
ModelConfig_NuisParams:(lumi,jesUp_unc,pdf_unc,xs_Bkg,jerUp_unc)
ModelConfig_Observables:(n_obs_binbin1)
ModelConfig_POI:(r)
ModelConfig_bonly_GlobalObservables:(lumi_In,jesUp_unc_In,pdf_unc_In,xs_Bkg_In,jerUp_unc_In)
ModelConfig_bonly_NuisParams:(lumi,jesUp_unc,pdf_unc,xs_Bkg,jerUp_unc)
ModelConfig_bonly_Observables:(n_obs_binbin1)
ModelConfig_bonly_POI:(r)
POI:(r)
globalObservables:(lumi_In,jesUp_unc_In,pdf_unc_In,xs_Bkg_In,jerUp_unc_In)
nuisances:(lumi,jesUp_unc,pdf_unc,xs_Bkg,jerUp_unc)
observables:(n_obs_binbin1)

generic objects
---------------
RooStats::ModelConfig::ModelConfig
RooStats::ModelConfig::ModelConfig_bonly
RooArgSet::discreteParams

Workspace has a ModelConfig for signal called 'ModelConfig', with contents:

=== Using the following for ModelConfig ===
Observables:             RooArgSet:: = (n_obs_binbin1)
Parameters of Interest:  RooArgSet:: = (r)
Nuisance Parameters:     RooArgSet:: = (lumi,jesUp_unc,pdf_unc,xs_Bkg,jerUp_unc)
Global Observables:      RooArgSet:: = (lumi_In,jesUp_unc_In,pdf_unc_In,xs_Bkg_In,jerUp_unc_In)
PDF:                     RooProdPdf::model_s[ modelObs_s * nuisancePdf ] = 0.0126089

Input ModelConfig 'ModelConfig': 

=== Using the following for ModelConfig ===
Observables:             RooArgSet:: = (n_obs_binbin1)
Parameters of Interest:  RooArgSet:: = (r)
Nuisance Parameters:     RooArgSet:: = (lumi,jesUp_unc,pdf_unc,xs_Bkg,jerUp_unc)
Global Observables:      RooArgSet:: = (lumi_In,jesUp_unc_In,pdf_unc_In,xs_Bkg_In,jerUp_unc_In)
PDF:                     RooProdPdf::model_s[ modelObs_s * nuisancePdf ] = 0.0126089

[#1] INFO:ObjectHandling -- RooWorkspace::import(w) importing RooUniform::prior
Computing limit starting from observation
  1) RooRealVar:: n_obs_binbin1 = 316
Set default minimizer to Minuit2
  r = 150 +/- 0
[#1] INFO:Minization --  Including the following contraint terms in minimization: (nuisancePdf)
[#1] INFO:Fitting -- RooAddition::defaultErrorLevel(nll_model_s_data_obs_with_constr) Summation contains a RooNLLVar, using its error level
Minuit2Minimizer: Minimize with max-calls 2500 convergence for edm < 0.01 strategy 1
MnSeedGenerator: for initial parameters FCN = 9.03274
MnSeedGenerator: Initial state:   - FCN =   9.032742845874 Edm =     0.573681 NCalls =     21
VariableMetric: start iterating until Edm is < 1e-05
VariableMetric: Initial state   - FCN =   9.032742845874 Edm =     0.573681 NCalls =     21
VariableMetric: Iteration #   1 - FCN =   8.468944548955 Edm =  0.000371776 NCalls =     32
VariableMetric: Iteration #   2 - FCN =   8.468590323478 Edm =   1.8795e-07 NCalls =     43
VariableMetric: After Hessian   - FCN =   8.468590323478 Edm =   1.8388e-07 NCalls =     74
Number of iterations 4
----------> Iteration 0
            FVAL = 9.03274284587 Edm = 0.573680807204 Nfcn = 21
            Error matrix change = 1
            Parameters :  p0 = 0 p1 = 0 p2 = 0 p3 = 0 p4 = 0
----------> Iteration 1
            FVAL = 8.46894454896 Edm = 0.000371775696515 Nfcn = 32
            Error matrix change = 0.500374
            Parameters :  p0 = 0 p1 = 0 p2 = 0 p3 = 0 p4 = 0.377301
----------> Iteration 2
            FVAL = 8.46859032348 Edm = 1.87950454685e-07 Nfcn = 43
            Error matrix change = 0.250514
            Parameters :  p0 = 0 p1 = 0 p2 = 0 p3 = 0 p4 = 0.367943
----------> Iteration 3
            FVAL = 8.46859032348 Edm = 1.83879762407e-07 Nfcn = 74
            Error matrix change = 0
            Parameters :  p0 = 0 p1 = 0 p2 = 0 p3 = 0 p4 = 0.367943
Minuit2Minimizer : Valid minimum - status = 0
FVAL  = 8.46859032347808771
Edm   = 1.83879762407295859e-07
Nfcn  = 74
jerUp_unc	  = 0	 +/-  0.996602	(limited)
jesUp_unc	  = 0	 +/-  0.996602	(limited)
lumi	  = 0	 +/-  0.996602	(limited)
pdf_unc	  = 0	 +/-  0.996602	(limited)
xs_Bkg	  = 0.367943	 +/-  0.34359	(limited)
Zero signal fit
   0) jerUp_unc                      =         0
   1) jesUp_unc                      =         0
   2) lumi                           =         0
   3) pdf_unc                        =         0
   4) xs_Bkg                         =  0.367943

Fitting of the background hypothesis done in 0.192896 s
[#1] INFO:Fitting -- RooAddition::defaultErrorLevel(nll_model_s_data_obs_with_constr) Summation contains a RooNLLVar, using its error level
Minuit2Minimizer: Minimize with max-calls 2500 convergence for edm < 0.01 strategy 1
MnSeedGenerator: for initial parameters FCN = 34.9441
MnSeedGenerator: Initial state:   - FCN =   34.94414202185 Edm =      27.4228 NCalls =     21
VariableMetric: start iterating until Edm is < 1e-05
VariableMetric: Initial state   - FCN =   34.94414202185 Edm =      27.4228 NCalls =     21
VariableMetric: Iteration #   1 - FCN =   15.44840010441 Edm =      1.53979 NCalls =     33
VariableMetric: Iteration #   2 - FCN =   12.75421132933 Edm =    0.0414452 NCalls =     45
VariableMetric: Iteration #   3 - FCN =   12.69541456569 Edm =   0.00030891 NCalls =     57
VariableMetric: Iteration #   4 - FCN =   12.69508369965 Edm =  1.19329e-06 NCalls =     69
VariableMetric: After Hessian   - FCN =   12.69508369965 Edm =  1.36646e-06 NCalls =    100
Number of iterations 6
----------> Iteration 0
            FVAL = 34.9441420219 Edm = 27.4227678512 Nfcn = 21
            Error matrix change = 1
            Parameters :  p0 = 0 p1 = 0 p2 = 0 p3 = 0 p4 = 0.367943
----------> Iteration 1
            FVAL = 15.4484001044 Edm = 1.53979340531 Nfcn = 33
            Error matrix change = 0.602535
            Parameters :  p0 = -1.2125 p1 = -1.41951 p2 = -1.342 p3 = -1.58342 p4 = -1.348
----------> Iteration 2
            FVAL = 12.7542113293 Edm = 0.0414451785855 Nfcn = 45
            Error matrix change = 0.421743
            Parameters :  p0 = -0.301098 p1 = -0.48492 p2 = -0.407414 p3 = -0.694027 p4 = -2.22917
----------> Iteration 3
            FVAL = 12.6954145657 Edm = 0.000308909954282 Nfcn = 57
            Error matrix change = 0.237371
            Parameters :  p0 = -0.416837 p1 = -0.505661 p2 = -0.469072 p3 = -0.60746 p4 = -2.3677
----------> Iteration 4
            FVAL = 12.6950836996 Edm = 1.19329038252e-06 Nfcn = 69
            Error matrix change = 0.139836
            Parameters :  p0 = -0.402242 p1 = -0.498598 p2 = -0.460191 p3 = -0.595452 p4 = -2.37748
----------> Iteration 5
            FVAL = 12.6950836996 Edm = 1.36646276228e-06 Nfcn = 100
            Error matrix change = 0
            Parameters :  p0 = -0.402242 p1 = -0.498598 p2 = -0.460191 p3 = -0.595452 p4 = -2.37748
Minuit2Minimizer : Valid minimum - status = 0
FVAL  = 12.6950836996453731
Edm   = 1.366462762283997e-06
Nfcn  = 100
jerUp_unc	  = -0.402242	 +/-  0.979997	(limited)
jesUp_unc	  = -0.498598	 +/-  0.970775	(limited)
lumi	  = -0.460191	 +/-  0.974705	(limited)
pdf_unc	  = -0.595452	 +/-  0.959548	(limited)
xs_Bkg	  = -2.37748	 +/-  0.552511	(limited)
Reference signal fit
   0) jerUp_unc                      = -0.402242
   1) jesUp_unc                      = -0.498598
   2) lumi                           = -0.460191
   3) pdf_unc                        = -0.595452
   4) xs_Bkg                         =  -2.37748

Fitting of the signal-plus-background hypothesis done in 0.00156307 s
      Evaluation of p-values done in  5.91365 s
	CLs = 0.00148588 +/- 0.0014855
      Evaluation of p-values done in  6.23829 s
	CLs = 0.00225564 +/- 0.00130181
      Evaluation of p-values done in  6.09842 s
	CLs = 0.00250878 +/- 0.0011215
      Evaluation of p-values done in  6.63816 s
	CLs = 0.0026178 +/- 0.000988999
      Evaluation of p-values done in  6.09768 s
	CLs = 0.00208955 +/- 0.000789496
	CLs      = 0.00208955 +/- 0.000789496
	CLb      = 0.67 +/- 0.00664981
	CLsplusb = 0.0014 +/- 0.00052878

Hybrid result saved as HypoTestResult_mh120_r150_1283926655 in higgsCombineTest.HybridNew.mH120.450729424.root : higgsCombineTest.HybridNew.mH120.450729424.root:/toys

 -- Hybrid New -- 
CLs = 0.00208955 +/- 0.000789496
Total toys: 10000
Done in 0.00 min (cpu), 0.52 min (real)
