>>> including systematics
>>> using the Profile Likelihood test statistics modified for upper limits (Q_LHC)
>>> method used to compute upper limit is HybridNew
>>> Using OpenSSL to get a really random seed 
>>> Used OpenSSL to get a really random seed -1525080488
Adding /uscms_data/d2/lpcljm/sapta/SUSYSearch/LimitSetting/CMSSW_7_1_5/src to include path
Adding /cvmfs/cms.cern.ch/slc6_amd64_gcc481/lcg/roofit/5.34.18-cms3//include to include path
Input workspace 'w': 

RooWorkspace(w) w contents

variables
---------
(jerUp_unc,jerUp_unc_In,jesUp_unc,jesUp_unc_In,lumi,lumi_In,n_obs_binbin1,pdf_unc,pdf_unc_In,r,xs_Bkg,xs_Bkg_In)

p.d.f.s
-------
SimpleGaussianConstraint::jerUp_unc_Pdf[ x=jerUp_unc mean=jerUp_unc_In sigma=1 ] = 1
SimpleGaussianConstraint::jesUp_unc_Pdf[ x=jesUp_unc mean=jesUp_unc_In sigma=1 ] = 1
SimpleGaussianConstraint::lumi_Pdf[ x=lumi mean=lumi_In sigma=1 ] = 1
RooProdPdf::modelObs_b[ pdf_binbin1_bonly ] = 0.138366
RooProdPdf::modelObs_s[ pdf_binbin1 ] = 0.159831
RooProdPdf::model_b[ modelObs_b * nuisancePdf ] = 0.138366
RooProdPdf::model_s[ modelObs_s * nuisancePdf ] = 0.159831
RooProdPdf::nuisancePdf[ lumi_Pdf * jesUp_unc_Pdf * pdf_unc_Pdf * xs_Bkg_Pdf * jerUp_unc_Pdf ] = 1
RooPoisson::pdf_binbin1[ x=n_obs_binbin1 mean=n_exp_binbin1 ] = 0.159831
RooPoisson::pdf_binbin1_bonly[ x=n_obs_binbin1 mean=n_exp_binbin1_bonly ] = 0.138366
SimpleGaussianConstraint::pdf_unc_Pdf[ x=pdf_unc mean=pdf_unc_In sigma=1 ] = 1
SimpleGaussianConstraint::xs_Bkg_Pdf[ x=xs_Bkg mean=xs_Bkg_In sigma=1 ] = 1

functions
--------
RooAddition::n_exp_binbin1[ n_exp_binbin1_proc_BH + n_exp_binbin1_proc_Background ] = 5.75966
RooAddition::n_exp_binbin1_bonly[ n_exp_binbin1_proc_Background ] = 4.75966
ProcessNormalization::n_exp_binbin1_proc_BH[ thetaList=(lumi,jesUp_unc,pdf_unc,jerUp_unc) asymmThetaList=() otherFactorList=(r) ] = 1
ProcessNormalization::n_exp_binbin1_proc_Background[ thetaList=(xs_Bkg) asymmThetaList=() otherFactorList=() ] = 4.75966

datasets
--------
RooDataSet::data_obs(n_obs_binbin1)

named sets
----------
ModelConfig_GlobalObservables:(lumi_In,jesUp_unc_In,pdf_unc_In,xs_Bkg_In,jerUp_unc_In)
ModelConfig_NuisParams:(lumi,jesUp_unc,pdf_unc,xs_Bkg,jerUp_unc)
ModelConfig_Observables:(n_obs_binbin1)
ModelConfig_POI:(r)
ModelConfig_bonly_GlobalObservables:(lumi_In,jesUp_unc_In,pdf_unc_In,xs_Bkg_In,jerUp_unc_In)
ModelConfig_bonly_NuisParams:(lumi,jesUp_unc,pdf_unc,xs_Bkg,jerUp_unc)
ModelConfig_bonly_Observables:(n_obs_binbin1)
ModelConfig_bonly_POI:(r)
POI:(r)
globalObservables:(lumi_In,jesUp_unc_In,pdf_unc_In,xs_Bkg_In,jerUp_unc_In)
nuisances:(lumi,jesUp_unc,pdf_unc,xs_Bkg,jerUp_unc)
observables:(n_obs_binbin1)

generic objects
---------------
RooStats::ModelConfig::ModelConfig
RooStats::ModelConfig::ModelConfig_bonly
RooArgSet::discreteParams

Workspace has a ModelConfig for signal called 'ModelConfig', with contents:

=== Using the following for ModelConfig ===
Observables:             RooArgSet:: = (n_obs_binbin1)
Parameters of Interest:  RooArgSet:: = (r)
Nuisance Parameters:     RooArgSet:: = (lumi,jesUp_unc,pdf_unc,xs_Bkg,jerUp_unc)
Global Observables:      RooArgSet:: = (lumi_In,jesUp_unc_In,pdf_unc_In,xs_Bkg_In,jerUp_unc_In)
PDF:                     RooProdPdf::model_s[ modelObs_s * nuisancePdf ] = 0.159831

Input ModelConfig 'ModelConfig': 

=== Using the following for ModelConfig ===
Observables:             RooArgSet:: = (n_obs_binbin1)
Parameters of Interest:  RooArgSet:: = (r)
Nuisance Parameters:     RooArgSet:: = (lumi,jesUp_unc,pdf_unc,xs_Bkg,jerUp_unc)
Global Observables:      RooArgSet:: = (lumi_In,jesUp_unc_In,pdf_unc_In,xs_Bkg_In,jerUp_unc_In)
PDF:                     RooProdPdf::model_s[ modelObs_s * nuisancePdf ] = 0.159831

[#1] INFO:ObjectHandling -- RooWorkspace::import(w) importing RooUniform::prior
Computing limit starting from observation
  1) RooRealVar:: n_obs_binbin1 = 6
Set default minimizer to Minuit2
  r = 15 +/- 0
[#1] INFO:Minization --  Including the following contraint terms in minimization: (nuisancePdf)
[#1] INFO:Fitting -- RooAddition::defaultErrorLevel(nll_model_s_data_obs_with_constr) Summation contains a RooNLLVar, using its error level
Minuit2Minimizer: Minimize with max-calls 2500 convergence for edm < 0.01 strategy 1
MnSeedGenerator: for initial parameters FCN = 6.57255
MnSeedGenerator: Initial state:   - FCN =   6.572546455296 Edm =    0.0981507 NCalls =     21
VariableMetric: start iterating until Edm is < 1e-05
VariableMetric: Initial state   - FCN =   6.572546455296 Edm =    0.0981507 NCalls =     21
VariableMetric: Iteration #   1 - FCN =   6.477666232203 Edm =  0.000249005 NCalls =     32
VariableMetric: Iteration #   2 - FCN =   6.477440504384 Edm =  5.23635e-07 NCalls =     43
VariableMetric: After Hessian   - FCN =   6.477440504384 Edm =  5.01407e-07 NCalls =     74
Number of iterations 4
----------> Iteration 0
            FVAL = 6.5725464553 Edm = 0.0981506848255 Nfcn = 21
            Error matrix change = 1
            Parameters :  p0 = 0 p1 = 0 p2 = 0 p3 = 0 p4 = 0
----------> Iteration 1
            FVAL = 6.4776662322 Edm = 0.000249005356446 Nfcn = 32
            Error matrix change = 0.502153
            Parameters :  p0 = 0 p1 = 0 p2 = 0 p3 = 0 p4 = 0.277566
----------> Iteration 2
            FVAL = 6.47744050438 Edm = 5.23634508191e-07 Nfcn = 43
            Error matrix change = 0.253002
            Parameters :  p0 = 0 p1 = 0 p2 = 0 p3 = 0 p4 = 0.264263
----------> Iteration 3
            FVAL = 6.47744050438 Edm = 5.01407197484e-07 Nfcn = 74
            Error matrix change = 0
            Parameters :  p0 = 0 p1 = 0 p2 = 0 p3 = 0 p4 = 0.264263
Minuit2Minimizer : Valid minimum - status = 0
FVAL  = 6.47744050438411278
Edm   = 5.01407197484287949e-07
Nfcn  = 74
jerUp_unc	  = 0	 +/-  0.996602	(limited)
jesUp_unc	  = 0	 +/-  0.996602	(limited)
lumi	  = 0	 +/-  0.996602	(limited)
pdf_unc	  = 0	 +/-  0.996602	(limited)
xs_Bkg	  = 0.264263	 +/-  0.597094	(limited)
Zero signal fit
   0) jerUp_unc                      =         0
   1) jesUp_unc                      =         0
   2) lumi                           =         0
   3) pdf_unc                        =         0
   4) xs_Bkg                         =  0.264263

Fitting of the background hypothesis done in 0.444905 s
[#1] INFO:Fitting -- RooAddition::defaultErrorLevel(nll_model_s_data_obs_with_constr) Summation contains a RooNLLVar, using its error level
Minuit2Minimizer: Minimize with max-calls 2500 convergence for edm < 0.01 strategy 1
MnSeedGenerator: for initial parameters FCN = 13.61
MnSeedGenerator: Initial state:   - FCN =   13.60999495595 Edm =      1.80684 NCalls =     21
VariableMetric: start iterating until Edm is < 1e-05
VariableMetric: Initial state   - FCN =   13.60999495595 Edm =      1.80684 NCalls =     21
VariableMetric: Iteration #   1 - FCN =   11.76658915404 Edm =    0.0345692 NCalls =     32
VariableMetric: Iteration #   2 - FCN =   11.72078954465 Edm =  0.000257823 NCalls =     44
VariableMetric: Iteration #   3 - FCN =   11.72050503619 Edm =   3.4421e-08 NCalls =     56
VariableMetric: After Hessian   - FCN =   11.72050503619 Edm =  3.53368e-08 NCalls =     87
Number of iterations 5
----------> Iteration 0
            FVAL = 13.609994956 Edm = 1.80684174811 Nfcn = 21
            Error matrix change = 1
            Parameters :  p0 = 0 p1 = 0 p2 = 0 p3 = 0 p4 = 0.264263
----------> Iteration 1
            FVAL = 11.766589154 Edm = 0.0345692477304 Nfcn = 32
            Error matrix change = 0.537922
            Parameters :  p0 = -0.407505 p1 = -0.501075 p2 = -0.464155 p3 = -0.59021 p4 = -0.77485
----------> Iteration 2
            FVAL = 11.7207895447 Edm = 0.000257822509372 Nfcn = 44
            Error matrix change = 0.292309
            Parameters :  p0 = -0.336168 p1 = -0.420587 p2 = -0.386773 p3 = -0.505369 p4 = -0.973894
----------> Iteration 3
            FVAL = 11.7205050362 Edm = 3.44210318038e-08 Nfcn = 56
            Error matrix change = 0.163961
            Parameters :  p0 = -0.345363 p1 = -0.429482 p2 = -0.395933 p3 = -0.51282 p4 = -0.985371
----------> Iteration 4
            FVAL = 11.7205050362 Edm = 3.53367768118e-08 Nfcn = 87
            Error matrix change = 0
            Parameters :  p0 = -0.345363 p1 = -0.429482 p2 = -0.395933 p3 = -0.51282 p4 = -0.985371
Minuit2Minimizer : Valid minimum - status = 0
FVAL  = 11.7205050361945844
Edm   = 3.53367768117965971e-08
Nfcn  = 87
jerUp_unc	  = -0.345363	 +/-  0.987816	(limited)
jesUp_unc	  = -0.429482	 +/-  0.982972	(limited)
lumi	  = -0.395933	 +/-  0.985033	(limited)
pdf_unc	  = -0.51282	 +/-  0.977101	(limited)
xs_Bkg	  = -0.985371	 +/-  0.785792	(limited)
Reference signal fit
   0) jerUp_unc                      = -0.345363
   1) jesUp_unc                      = -0.429482
   2) lumi                           = -0.395933
   3) pdf_unc                        =  -0.51282
   4) xs_Bkg                         = -0.985371

Fitting of the signal-plus-background hypothesis done in 0.00273299 s
      Evaluation of p-values done in  6.63104 s
	CLs = 0 +/- 0
      Evaluation of p-values done in  6.21341 s
	CLs = 0.000761615 +/- 0.000761524
      Evaluation of p-values done in  5.53837 s
	CLs = 0.00102828 +/- 0.000726991
      Evaluation of p-values done in  5.80742 s
	CLs = 0.0015528 +/- 0.000776224
      Evaluation of p-values done in  6.13577 s
	CLs = 0.00187091 +/- 0.000763593
	CLs      = 0.00187091 +/- 0.000763593
	CLb      = 0.6414 +/- 0.00678242
	CLsplusb = 0.0012 +/- 0.000489604

Hybrid result saved as HypoTestResult_mh120_r15_1115069425 in higgsCombineTest.HybridNew.mH120.-1525080488.root : higgsCombineTest.HybridNew.mH120.-1525080488.root:/toys

 -- Hybrid New -- 
CLs = 0.00187091 +/- 0.000763593
Total toys: 10000
Done in 0.00 min (cpu), 0.51 min (real)
