>>> including systematics
>>> using the Profile Likelihood test statistics modified for upper limits (Q_LHC)
>>> method used to compute upper limit is HybridNew
>>> Using OpenSSL to get a really random seed 
>>> Used OpenSSL to get a really random seed -1051285896
Adding /uscms_data/d2/lpcljm/sapta/SUSYSearch/LimitSetting/CMSSW_7_1_5/src to include path
Adding /cvmfs/cms.cern.ch/slc6_amd64_gcc481/lcg/roofit/5.34.18-cms3//include to include path
Input workspace 'w': 

RooWorkspace(w) w contents

variables
---------
(jerUp_unc,jerUp_unc_In,jesUp_unc,jesUp_unc_In,lumi,lumi_In,n_obs_binbin1,pdf_unc,pdf_unc_In,r,xs_Bkg,xs_Bkg_In)

p.d.f.s
-------
SimpleGaussianConstraint::jerUp_unc_Pdf[ x=jerUp_unc mean=jerUp_unc_In sigma=1 ] = 1
SimpleGaussianConstraint::jesUp_unc_Pdf[ x=jesUp_unc mean=jesUp_unc_In sigma=1 ] = 1
SimpleGaussianConstraint::lumi_Pdf[ x=lumi mean=lumi_In sigma=1 ] = 1
RooProdPdf::modelObs_b[ pdf_binbin1_bonly ] = 0.011819
RooProdPdf::modelObs_s[ pdf_binbin1 ] = 0.0126089
RooProdPdf::model_b[ modelObs_b * nuisancePdf ] = 0.011819
RooProdPdf::model_s[ modelObs_s * nuisancePdf ] = 0.0126089
RooProdPdf::nuisancePdf[ lumi_Pdf * jesUp_unc_Pdf * pdf_unc_Pdf * xs_Bkg_Pdf * jerUp_unc_Pdf ] = 1
RooPoisson::pdf_binbin1[ x=n_obs_binbin1 mean=n_exp_binbin1 ] = 0.0126089
RooPoisson::pdf_binbin1_bonly[ x=n_obs_binbin1 mean=n_exp_binbin1_bonly ] = 0.011819
SimpleGaussianConstraint::pdf_unc_Pdf[ x=pdf_unc mean=pdf_unc_In sigma=1 ] = 1
SimpleGaussianConstraint::xs_Bkg_Pdf[ x=xs_Bkg mean=xs_Bkg_In sigma=1 ] = 1

functions
--------
RooAddition::n_exp_binbin1[ n_exp_binbin1_proc_BH + n_exp_binbin1_proc_Background ] = 297.298
RooAddition::n_exp_binbin1_bonly[ n_exp_binbin1_proc_Background ] = 296.298
ProcessNormalization::n_exp_binbin1_proc_BH[ thetaList=(lumi,jesUp_unc,pdf_unc,jerUp_unc) asymmThetaList=() otherFactorList=(r) ] = 1
ProcessNormalization::n_exp_binbin1_proc_Background[ thetaList=(xs_Bkg) asymmThetaList=() otherFactorList=() ] = 296.298

datasets
--------
RooDataSet::data_obs(n_obs_binbin1)

named sets
----------
ModelConfig_GlobalObservables:(lumi_In,jesUp_unc_In,pdf_unc_In,xs_Bkg_In,jerUp_unc_In)
ModelConfig_NuisParams:(lumi,jesUp_unc,pdf_unc,xs_Bkg,jerUp_unc)
ModelConfig_Observables:(n_obs_binbin1)
ModelConfig_POI:(r)
ModelConfig_bonly_GlobalObservables:(lumi_In,jesUp_unc_In,pdf_unc_In,xs_Bkg_In,jerUp_unc_In)
ModelConfig_bonly_NuisParams:(lumi,jesUp_unc,pdf_unc,xs_Bkg,jerUp_unc)
ModelConfig_bonly_Observables:(n_obs_binbin1)
ModelConfig_bonly_POI:(r)
POI:(r)
globalObservables:(lumi_In,jesUp_unc_In,pdf_unc_In,xs_Bkg_In,jerUp_unc_In)
nuisances:(lumi,jesUp_unc,pdf_unc,xs_Bkg,jerUp_unc)
observables:(n_obs_binbin1)

generic objects
---------------
RooStats::ModelConfig::ModelConfig
RooStats::ModelConfig::ModelConfig_bonly
RooArgSet::discreteParams

Workspace has a ModelConfig for signal called 'ModelConfig', with contents:

=== Using the following for ModelConfig ===
Observables:             RooArgSet:: = (n_obs_binbin1)
Parameters of Interest:  RooArgSet:: = (r)
Nuisance Parameters:     RooArgSet:: = (lumi,jesUp_unc,pdf_unc,xs_Bkg,jerUp_unc)
Global Observables:      RooArgSet:: = (lumi_In,jesUp_unc_In,pdf_unc_In,xs_Bkg_In,jerUp_unc_In)
PDF:                     RooProdPdf::model_s[ modelObs_s * nuisancePdf ] = 0.0126089

Input ModelConfig 'ModelConfig': 

=== Using the following for ModelConfig ===
Observables:             RooArgSet:: = (n_obs_binbin1)
Parameters of Interest:  RooArgSet:: = (r)
Nuisance Parameters:     RooArgSet:: = (lumi,jesUp_unc,pdf_unc,xs_Bkg,jerUp_unc)
Global Observables:      RooArgSet:: = (lumi_In,jesUp_unc_In,pdf_unc_In,xs_Bkg_In,jerUp_unc_In)
PDF:                     RooProdPdf::model_s[ modelObs_s * nuisancePdf ] = 0.0126089

[#1] INFO:ObjectHandling -- RooWorkspace::import(w) importing RooUniform::prior
Computing limit starting from observation
  1) RooRealVar:: n_obs_binbin1 = 316
Set default minimizer to Minuit2
  r = 165 +/- 0
[#1] INFO:Minization --  Including the following contraint terms in minimization: (nuisancePdf)
[#1] INFO:Fitting -- RooAddition::defaultErrorLevel(nll_model_s_data_obs_with_constr) Summation contains a RooNLLVar, using its error level
Minuit2Minimizer: Minimize with max-calls 2500 convergence for edm < 0.01 strategy 1
MnSeedGenerator: for initial parameters FCN = 9.03274
MnSeedGenerator: Initial state:   - FCN =   9.032742845874 Edm =     0.573681 NCalls =     21
VariableMetric: start iterating until Edm is < 1e-05
VariableMetric: Initial state   - FCN =   9.032742845874 Edm =     0.573681 NCalls =     21
VariableMetric: Iteration #   1 - FCN =   8.468944548955 Edm =  0.000371776 NCalls =     32
VariableMetric: Iteration #   2 - FCN =   8.468590323478 Edm =   1.8795e-07 NCalls =     43
VariableMetric: After Hessian   - FCN =   8.468590323478 Edm =   1.8388e-07 NCalls =     74
Number of iterations 4
----------> Iteration 0
            FVAL = 9.03274284587 Edm = 0.573680807204 Nfcn = 21
            Error matrix change = 1
            Parameters :  p0 = 0 p1 = 0 p2 = 0 p3 = 0 p4 = 0
----------> Iteration 1
            FVAL = 8.46894454896 Edm = 0.000371775696515 Nfcn = 32
            Error matrix change = 0.500374
            Parameters :  p0 = 0 p1 = 0 p2 = 0 p3 = 0 p4 = 0.377301
----------> Iteration 2
            FVAL = 8.46859032348 Edm = 1.87950454685e-07 Nfcn = 43
            Error matrix change = 0.250514
            Parameters :  p0 = 0 p1 = 0 p2 = 0 p3 = 0 p4 = 0.367943
----------> Iteration 3
            FVAL = 8.46859032348 Edm = 1.83879762407e-07 Nfcn = 74
            Error matrix change = 0
            Parameters :  p0 = 0 p1 = 0 p2 = 0 p3 = 0 p4 = 0.367943
Minuit2Minimizer : Valid minimum - status = 0
FVAL  = 8.46859032347808771
Edm   = 1.83879762407295859e-07
Nfcn  = 74
jerUp_unc	  = 0	 +/-  0.996602	(limited)
jesUp_unc	  = 0	 +/-  0.996602	(limited)
lumi	  = 0	 +/-  0.996602	(limited)
pdf_unc	  = 0	 +/-  0.996602	(limited)
xs_Bkg	  = 0.367943	 +/-  0.34359	(limited)
Zero signal fit
   0) jerUp_unc                      =         0
   1) jesUp_unc                      =         0
   2) lumi                           =         0
   3) pdf_unc                        =         0
   4) xs_Bkg                         =  0.367943

Fitting of the background hypothesis done in 0.201637 s
[#1] INFO:Fitting -- RooAddition::defaultErrorLevel(nll_model_s_data_obs_with_constr) Summation contains a RooNLLVar, using its error level
Minuit2Minimizer: Minimize with max-calls 2500 convergence for edm < 0.01 strategy 1
MnSeedGenerator: for initial parameters FCN = 39.8818
MnSeedGenerator: Initial state:   - FCN =   39.88180978809 Edm =      33.1628 NCalls =     21
VariableMetric: start iterating until Edm is < 1e-05
VariableMetric: Initial state   - FCN =   39.88180978809 Edm =      33.1628 NCalls =     21
VariableMetric: Iteration #   1 - FCN =   17.03868723028 Edm =      1.75782 NCalls =     33
VariableMetric: Iteration #   2 - FCN =   13.85719251795 Edm =    0.0557106 NCalls =     45
VariableMetric: Iteration #   3 - FCN =   13.77469569859 Edm =  0.000554617 NCalls =     57
VariableMetric: Iteration #   4 - FCN =   13.77409774921 Edm =  2.70215e-06 NCalls =     69
VariableMetric: After Hessian   - FCN =   13.77409774921 Edm =  3.13037e-06 NCalls =    100
Number of iterations 6
----------> Iteration 0
            FVAL = 39.8818097881 Edm = 33.1627786441 Nfcn = 21
            Error matrix change = 1
            Parameters :  p0 = 0 p1 = 0 p2 = 0 p3 = 0 p4 = 0.367943
----------> Iteration 1
            FVAL = 17.0386872303 Edm = 1.75781740314 Nfcn = 33
            Error matrix change = 0.605273
            Parameters :  p0 = -1.36168 p1 = -1.58111 p2 = -1.4998 p3 = -1.74869 p4 = -1.42939
----------> Iteration 2
            FVAL = 13.857192518 Edm = 0.0557105864841 Nfcn = 45
            Error matrix change = 0.426915
            Parameters :  p0 = -0.367621 p1 = -0.5958 p2 = -0.500247 p3 = -0.848525 p4 = -2.4177
----------> Iteration 3
            FVAL = 13.7746956986 Edm = 0.00055461727065 Nfcn = 57
            Error matrix change = 0.245185
            Parameters :  p0 = -0.509042 p1 = -0.616056 p2 = -0.571537 p3 = -0.742338 p4 = -2.58451
----------> Iteration 4
            FVAL = 13.7740977492 Edm = 2.70214642569e-06 Nfcn = 69
            Error matrix change = 0.146168
            Parameters :  p0 = -0.490287 p1 = -0.606989 p2 = -0.56042 p3 = -0.725367 p4 = -2.59812
----------> Iteration 5
            FVAL = 13.7740977492 Edm = 3.13037238151e-06 Nfcn = 100
            Error matrix change = 0
            Parameters :  p0 = -0.490287 p1 = -0.606989 p2 = -0.56042 p3 = -0.725367 p4 = -2.59812
Minuit2Minimizer : Valid minimum - status = 0
FVAL  = 13.7740977492099255
Edm   = 3.13037238151424535e-06
Nfcn  = 100
jerUp_unc	  = -0.490287	 +/-  0.977154	(limited)
jesUp_unc	  = -0.606989	 +/-  0.966319	(limited)
lumi	  = -0.56042	 +/-  0.970938	(limited)
pdf_unc	  = -0.725367	 +/-  0.953114	(limited)
xs_Bkg	  = -2.59812	 +/-  0.568915	(limited)
Reference signal fit
   0) jerUp_unc                      = -0.490287
   1) jesUp_unc                      = -0.606989
   2) lumi                           =  -0.56042
   3) pdf_unc                        = -0.725367
   4) xs_Bkg                         =  -2.59812

Fitting of the signal-plus-background hypothesis done in 0.00151682 s
      Evaluation of p-values done in  6.97925 s
	CLs = 0.00156006 +/- 0.00155972
      Evaluation of p-values done in  6.33791 s
	CLs = 0.00151286 +/- 0.00106949
      Evaluation of p-values done in  7.3778 s
	CLs = 0.00151515 +/- 0.000874561
      Evaluation of p-values done in  6.23179 s
	CLs = 0.00113636 +/- 0.000655961
      Evaluation of p-values done in  6.5067 s
	CLs = 0.000917712 +/- 0.000529766
	CLs      = 0.000917712 +/- 0.000529766
	CLb      = 0.6538 +/- 0.00672823
	CLsplusb = 0.0006 +/- 0.000346306

Hybrid result saved as HypoTestResult_mh120_r165_2551553100 in higgsCombineTest.HybridNew.mH120.-1051285896.root : higgsCombineTest.HybridNew.mH120.-1051285896.root:/toys

 -- Hybrid New -- 
CLs = 0.000917712 +/- 0.000529766
Total toys: 10000
Done in 0.00 min (cpu), 0.56 min (real)
