>>> including systematics
>>> using the Profile Likelihood test statistics modified for upper limits (Q_LHC)
>>> method used to compute upper limit is HybridNew
>>> Using OpenSSL to get a really random seed 
>>> Used OpenSSL to get a really random seed -28209768
Adding /uscms_data/d2/lpcljm/sapta/SUSYSearch/LimitSetting/CMSSW_7_1_5/src to include path
Adding /cvmfs/cms.cern.ch/slc6_amd64_gcc481/lcg/roofit/5.34.18-cms3//include to include path
Input workspace 'w': 

RooWorkspace(w) w contents

variables
---------
(jerUp_unc,jerUp_unc_In,jesUp_unc,jesUp_unc_In,lumi,lumi_In,n_obs_binbin1,pdf_unc,pdf_unc_In,r,xs_Bkg,xs_Bkg_In)

p.d.f.s
-------
SimpleGaussianConstraint::jerUp_unc_Pdf[ x=jerUp_unc mean=jerUp_unc_In sigma=1 ] = 1
SimpleGaussianConstraint::jesUp_unc_Pdf[ x=jesUp_unc mean=jesUp_unc_In sigma=1 ] = 1
SimpleGaussianConstraint::lumi_Pdf[ x=lumi mean=lumi_In sigma=1 ] = 1
RooProdPdf::modelObs_b[ pdf_binbin1_bonly ] = 0.011819
RooProdPdf::modelObs_s[ pdf_binbin1 ] = 0.0126089
RooProdPdf::model_b[ modelObs_b * nuisancePdf ] = 0.011819
RooProdPdf::model_s[ modelObs_s * nuisancePdf ] = 0.0126089
RooProdPdf::nuisancePdf[ lumi_Pdf * jesUp_unc_Pdf * pdf_unc_Pdf * xs_Bkg_Pdf * jerUp_unc_Pdf ] = 1
RooPoisson::pdf_binbin1[ x=n_obs_binbin1 mean=n_exp_binbin1 ] = 0.0126089
RooPoisson::pdf_binbin1_bonly[ x=n_obs_binbin1 mean=n_exp_binbin1_bonly ] = 0.011819
SimpleGaussianConstraint::pdf_unc_Pdf[ x=pdf_unc mean=pdf_unc_In sigma=1 ] = 1
SimpleGaussianConstraint::xs_Bkg_Pdf[ x=xs_Bkg mean=xs_Bkg_In sigma=1 ] = 1

functions
--------
RooAddition::n_exp_binbin1[ n_exp_binbin1_proc_BH + n_exp_binbin1_proc_Background ] = 297.298
RooAddition::n_exp_binbin1_bonly[ n_exp_binbin1_proc_Background ] = 296.298
ProcessNormalization::n_exp_binbin1_proc_BH[ thetaList=(lumi,jesUp_unc,pdf_unc,jerUp_unc) asymmThetaList=() otherFactorList=(r) ] = 1
ProcessNormalization::n_exp_binbin1_proc_Background[ thetaList=(xs_Bkg) asymmThetaList=() otherFactorList=() ] = 296.298

datasets
--------
RooDataSet::data_obs(n_obs_binbin1)

named sets
----------
ModelConfig_GlobalObservables:(lumi_In,jesUp_unc_In,pdf_unc_In,xs_Bkg_In,jerUp_unc_In)
ModelConfig_NuisParams:(lumi,jesUp_unc,pdf_unc,xs_Bkg,jerUp_unc)
ModelConfig_Observables:(n_obs_binbin1)
ModelConfig_POI:(r)
ModelConfig_bonly_GlobalObservables:(lumi_In,jesUp_unc_In,pdf_unc_In,xs_Bkg_In,jerUp_unc_In)
ModelConfig_bonly_NuisParams:(lumi,jesUp_unc,pdf_unc,xs_Bkg,jerUp_unc)
ModelConfig_bonly_Observables:(n_obs_binbin1)
ModelConfig_bonly_POI:(r)
POI:(r)
globalObservables:(lumi_In,jesUp_unc_In,pdf_unc_In,xs_Bkg_In,jerUp_unc_In)
nuisances:(lumi,jesUp_unc,pdf_unc,xs_Bkg,jerUp_unc)
observables:(n_obs_binbin1)

generic objects
---------------
RooStats::ModelConfig::ModelConfig
RooStats::ModelConfig::ModelConfig_bonly
RooArgSet::discreteParams

Workspace has a ModelConfig for signal called 'ModelConfig', with contents:

=== Using the following for ModelConfig ===
Observables:             RooArgSet:: = (n_obs_binbin1)
Parameters of Interest:  RooArgSet:: = (r)
Nuisance Parameters:     RooArgSet:: = (lumi,jesUp_unc,pdf_unc,xs_Bkg,jerUp_unc)
Global Observables:      RooArgSet:: = (lumi_In,jesUp_unc_In,pdf_unc_In,xs_Bkg_In,jerUp_unc_In)
PDF:                     RooProdPdf::model_s[ modelObs_s * nuisancePdf ] = 0.0126089

Input ModelConfig 'ModelConfig': 

=== Using the following for ModelConfig ===
Observables:             RooArgSet:: = (n_obs_binbin1)
Parameters of Interest:  RooArgSet:: = (r)
Nuisance Parameters:     RooArgSet:: = (lumi,jesUp_unc,pdf_unc,xs_Bkg,jerUp_unc)
Global Observables:      RooArgSet:: = (lumi_In,jesUp_unc_In,pdf_unc_In,xs_Bkg_In,jerUp_unc_In)
PDF:                     RooProdPdf::model_s[ modelObs_s * nuisancePdf ] = 0.0126089

[#1] INFO:ObjectHandling -- RooWorkspace::import(w) importing RooUniform::prior
Computing limit starting from observation
  1) RooRealVar:: n_obs_binbin1 = 316
Set default minimizer to Minuit2
  r = 170 +/- 0
[#1] INFO:Minization --  Including the following contraint terms in minimization: (nuisancePdf)
[#1] INFO:Fitting -- RooAddition::defaultErrorLevel(nll_model_s_data_obs_with_constr) Summation contains a RooNLLVar, using its error level
Minuit2Minimizer: Minimize with max-calls 2500 convergence for edm < 0.01 strategy 1
MnSeedGenerator: for initial parameters FCN = 9.03274
MnSeedGenerator: Initial state:   - FCN =   9.032742845874 Edm =     0.573681 NCalls =     21
VariableMetric: start iterating until Edm is < 1e-05
VariableMetric: Initial state   - FCN =   9.032742845874 Edm =     0.573681 NCalls =     21
VariableMetric: Iteration #   1 - FCN =   8.468944548955 Edm =  0.000371776 NCalls =     32
VariableMetric: Iteration #   2 - FCN =   8.468590323478 Edm =   1.8795e-07 NCalls =     43
VariableMetric: After Hessian   - FCN =   8.468590323478 Edm =   1.8388e-07 NCalls =     74
Number of iterations 4
----------> Iteration 0
            FVAL = 9.03274284587 Edm = 0.573680807204 Nfcn = 21
            Error matrix change = 1
            Parameters :  p0 = 0 p1 = 0 p2 = 0 p3 = 0 p4 = 0
----------> Iteration 1
            FVAL = 8.46894454896 Edm = 0.000371775696515 Nfcn = 32
            Error matrix change = 0.500374
            Parameters :  p0 = 0 p1 = 0 p2 = 0 p3 = 0 p4 = 0.377301
----------> Iteration 2
            FVAL = 8.46859032348 Edm = 1.87950454685e-07 Nfcn = 43
            Error matrix change = 0.250514
            Parameters :  p0 = 0 p1 = 0 p2 = 0 p3 = 0 p4 = 0.367943
----------> Iteration 3
            FVAL = 8.46859032348 Edm = 1.83879762407e-07 Nfcn = 74
            Error matrix change = 0
            Parameters :  p0 = 0 p1 = 0 p2 = 0 p3 = 0 p4 = 0.367943
Minuit2Minimizer : Valid minimum - status = 0
FVAL  = 8.46859032347808771
Edm   = 1.83879762407295859e-07
Nfcn  = 74
jerUp_unc	  = 0	 +/-  0.996602	(limited)
jesUp_unc	  = 0	 +/-  0.996602	(limited)
lumi	  = 0	 +/-  0.996602	(limited)
pdf_unc	  = 0	 +/-  0.996602	(limited)
xs_Bkg	  = 0.367943	 +/-  0.34359	(limited)
Zero signal fit
   0) jerUp_unc                      =         0
   1) jesUp_unc                      =         0
   2) lumi                           =         0
   3) pdf_unc                        =         0
   4) xs_Bkg                         =  0.367943

Fitting of the background hypothesis done in 0.272623 s
[#1] INFO:Fitting -- RooAddition::defaultErrorLevel(nll_model_s_data_obs_with_constr) Summation contains a RooNLLVar, using its error level
Minuit2Minimizer: Minimize with max-calls 2500 convergence for edm < 0.01 strategy 1
MnSeedGenerator: for initial parameters FCN = 41.5977
MnSeedGenerator: Initial state:   - FCN =   41.59766399931 Edm =      35.1979 NCalls =     21
VariableMetric: start iterating until Edm is < 1e-05
VariableMetric: Initial state   - FCN =   41.59766399931 Edm =      35.1979 NCalls =     21
VariableMetric: Iteration #   1 - FCN =   17.59128867723 Edm =      1.82778 NCalls =     33
VariableMetric: Iteration #   2 - FCN =    14.2494995873 Edm =    0.0606694 NCalls =     45
VariableMetric: Iteration #   3 - FCN =     14.158408185 Edm =  0.000658584 NCalls =     57
VariableMetric: Iteration #   4 - FCN =   14.15769643845 Edm =  3.45611e-06 NCalls =     69
VariableMetric: After Hessian   - FCN =   14.15769643845 Edm =  4.01885e-06 NCalls =    100
Number of iterations 6
----------> Iteration 0
            FVAL = 41.5976639993 Edm = 35.1978911427 Nfcn = 21
            Error matrix change = 1
            Parameters :  p0 = 0 p1 = 0 p2 = 0 p3 = 0 p4 = 0.367943
----------> Iteration 1
            FVAL = 17.5912886772 Edm = 1.82778376549 Nfcn = 33
            Error matrix change = 0.606074
            Parameters :  p0 = -1.41115 p1 = -1.63409 p2 = -1.55178 p3 = -1.80226 p4 = -1.45509
----------> Iteration 2
            FVAL = 14.2494995873 Edm = 0.0606693670305 Nfcn = 45
            Error matrix change = 0.428439
            Parameters :  p0 = -0.390827 p1 = -0.634354 p2 = -0.532621 p3 = -0.901603 p4 = -2.47707
----------> Iteration 3
            FVAL = 14.158408185 Edm = 0.000658584208248 Nfcn = 57
            Error matrix change = 0.247734
            Parameters :  p0 = -0.540925 p1 = -0.654179 p2 = -0.606901 p3 = -0.789103 p4 = -2.65323
----------> Iteration 4
            FVAL = 14.1576964385 Edm = 3.45611175538e-06 Nfcn = 69
            Error matrix change = 0.14843
            Parameters :  p0 = -0.520763 p1 = -0.644444 p2 = -0.595064 p3 = -0.770338 p4 = -2.66823
----------> Iteration 5
            FVAL = 14.1576964385 Edm = 4.01885116964e-06 Nfcn = 100
            Error matrix change = 0
            Parameters :  p0 = -0.520763 p1 = -0.644444 p2 = -0.595064 p3 = -0.770338 p4 = -2.66823
Minuit2Minimizer : Valid minimum - status = 0
FVAL  = 14.157696438451568
Edm   = 4.01885116963544832e-06
Nfcn  = 100
jerUp_unc	  = -0.520763	 +/-  0.976224	(limited)
jesUp_unc	  = -0.644444	 +/-  0.96486	(limited)
lumi	  = -0.595064	 +/-  0.969705	(limited)
pdf_unc	  = -0.770338	 +/-  0.951005	(limited)
xs_Bkg	  = -2.66823	 +/-  0.573907	(limited)
Reference signal fit
   0) jerUp_unc                      = -0.520763
   1) jesUp_unc                      = -0.644444
   2) lumi                           = -0.595064
   3) pdf_unc                        = -0.770338
   4) xs_Bkg                         =  -2.66823

Fitting of the signal-plus-background hypothesis done in 0.00235605 s
      Evaluation of p-values done in  6.36699 s
	CLs = 0 +/- 0
      Evaluation of p-values done in  6.35421 s
	CLs = 0 +/- 0
      Evaluation of p-values done in  6.21539 s
	CLs = 0.000512033 +/- 0.000511993
      Evaluation of p-values done in  5.98639 s
	CLs = 0.000385505 +/- 0.000385483
      Evaluation of p-values done in  6.46335 s
	CLs = 0.000309215 +/- 0.000309201
	CLs      = 0.000309215 +/- 0.000309201
	CLb      = 0.6468 +/- 0.00675943
	CLsplusb = 0.0002 +/- 0.00019998

Hybrid result saved as HypoTestResult_mh120_r170_301620317 in higgsCombineTest.HybridNew.mH120.-28209768.root : higgsCombineTest.HybridNew.mH120.-28209768.root:/toys

 -- Hybrid New -- 
CLs = 0.000309215 +/- 0.000309201
Total toys: 10000
Done in 0.00 min (cpu), 0.53 min (real)
