>>> including systematics
>>> using the Profile Likelihood test statistics modified for upper limits (Q_LHC)
>>> method used to compute upper limit is HybridNew
>>> Using OpenSSL to get a really random seed 
>>> Used OpenSSL to get a really random seed 1226029726
Adding /uscms_data/d2/lpcljm/sapta/SUSYSearch/LimitSetting/CMSSW_7_1_5/src to include path
Adding /cvmfs/cms.cern.ch/slc6_amd64_gcc481/lcg/roofit/5.34.18-cms3//include to include path
Input workspace 'w': 

RooWorkspace(w) w contents

variables
---------
(jerUp_unc,jerUp_unc_In,jesUp_unc,jesUp_unc_In,lumi,lumi_In,n_obs_binbin1,pdf_unc,pdf_unc_In,r,xs_Bkg,xs_Bkg_In)

p.d.f.s
-------
SimpleGaussianConstraint::jerUp_unc_Pdf[ x=jerUp_unc mean=jerUp_unc_In sigma=1 ] = 1
SimpleGaussianConstraint::jesUp_unc_Pdf[ x=jesUp_unc mean=jesUp_unc_In sigma=1 ] = 1
SimpleGaussianConstraint::lumi_Pdf[ x=lumi mean=lumi_In sigma=1 ] = 1
RooProdPdf::modelObs_b[ pdf_binbin1_bonly ] = 0.332595
RooProdPdf::modelObs_s[ pdf_binbin1 ] = 0.321149
RooProdPdf::model_b[ modelObs_b * nuisancePdf ] = 0.332595
RooProdPdf::model_s[ modelObs_s * nuisancePdf ] = 0.321149
RooProdPdf::nuisancePdf[ lumi_Pdf * jesUp_unc_Pdf * pdf_unc_Pdf * xs_Bkg_Pdf * jerUp_unc_Pdf ] = 1
RooPoisson::pdf_binbin1[ x=n_obs_binbin1 mean=n_exp_binbin1 ] = 0.321149
RooPoisson::pdf_binbin1_bonly[ x=n_obs_binbin1 mean=n_exp_binbin1_bonly ] = 0.332595
SimpleGaussianConstraint::pdf_unc_Pdf[ x=pdf_unc mean=pdf_unc_In sigma=1 ] = 1
SimpleGaussianConstraint::xs_Bkg_Pdf[ x=xs_Bkg mean=xs_Bkg_In sigma=1 ] = 1

functions
--------
RooAddition::n_exp_binbin1[ n_exp_binbin1_proc_BH + n_exp_binbin1_proc_Background ] = 1.61549
RooAddition::n_exp_binbin1_bonly[ n_exp_binbin1_proc_Background ] = 0.615487
ProcessNormalization::n_exp_binbin1_proc_BH[ thetaList=(lumi,jesUp_unc,pdf_unc,jerUp_unc) asymmThetaList=() otherFactorList=(r) ] = 1
ProcessNormalization::n_exp_binbin1_proc_Background[ thetaList=(xs_Bkg) asymmThetaList=() otherFactorList=() ] = 0.615487

datasets
--------
RooDataSet::data_obs(n_obs_binbin1)

named sets
----------
ModelConfig_GlobalObservables:(lumi_In,jesUp_unc_In,pdf_unc_In,xs_Bkg_In,jerUp_unc_In)
ModelConfig_NuisParams:(lumi,jesUp_unc,pdf_unc,xs_Bkg,jerUp_unc)
ModelConfig_Observables:(n_obs_binbin1)
ModelConfig_POI:(r)
ModelConfig_bonly_GlobalObservables:(lumi_In,jesUp_unc_In,pdf_unc_In,xs_Bkg_In,jerUp_unc_In)
ModelConfig_bonly_NuisParams:(lumi,jesUp_unc,pdf_unc,xs_Bkg,jerUp_unc)
ModelConfig_bonly_Observables:(n_obs_binbin1)
ModelConfig_bonly_POI:(r)
POI:(r)
globalObservables:(lumi_In,jesUp_unc_In,pdf_unc_In,xs_Bkg_In,jerUp_unc_In)
nuisances:(lumi,jesUp_unc,pdf_unc,xs_Bkg,jerUp_unc)
observables:(n_obs_binbin1)

generic objects
---------------
RooStats::ModelConfig::ModelConfig
RooStats::ModelConfig::ModelConfig_bonly
RooArgSet::discreteParams

Workspace has a ModelConfig for signal called 'ModelConfig', with contents:

=== Using the following for ModelConfig ===
Observables:             RooArgSet:: = (n_obs_binbin1)
Parameters of Interest:  RooArgSet:: = (r)
Nuisance Parameters:     RooArgSet:: = (lumi,jesUp_unc,pdf_unc,xs_Bkg,jerUp_unc)
Global Observables:      RooArgSet:: = (lumi_In,jesUp_unc_In,pdf_unc_In,xs_Bkg_In,jerUp_unc_In)
PDF:                     RooProdPdf::model_s[ modelObs_s * nuisancePdf ] = 0.321149

Input ModelConfig 'ModelConfig': 

=== Using the following for ModelConfig ===
Observables:             RooArgSet:: = (n_obs_binbin1)
Parameters of Interest:  RooArgSet:: = (r)
Nuisance Parameters:     RooArgSet:: = (lumi,jesUp_unc,pdf_unc,xs_Bkg,jerUp_unc)
Global Observables:      RooArgSet:: = (lumi_In,jesUp_unc_In,pdf_unc_In,xs_Bkg_In,jerUp_unc_In)
PDF:                     RooProdPdf::model_s[ modelObs_s * nuisancePdf ] = 0.321149

[#1] INFO:ObjectHandling -- RooWorkspace::import(w) importing RooUniform::prior
Computing limit starting from observation
  1) RooRealVar:: n_obs_binbin1 = 1
Set default minimizer to Minuit2
  r = 1 +/- 0
[#1] INFO:Minization --  Including the following contraint terms in minimization: (nuisancePdf)
[#1] INFO:Fitting -- RooAddition::defaultErrorLevel(nll_model_s_data_obs_with_constr) Summation contains a RooNLLVar, using its error level
Minuit2Minimizer: Minimize with max-calls 2500 convergence for edm < 0.01 strategy 1
MnSeedGenerator: for initial parameters FCN = 5.69552
MnSeedGenerator: Initial state:   - FCN =   5.695521120631 Edm =     0.031282 NCalls =     21
VariableMetric: start iterating until Edm is < 1e-05
VariableMetric: Initial state   - FCN =   5.695521120631 Edm =     0.031282 NCalls =     21
VariableMetric: Iteration #   1 - FCN =   5.664699344397 Edm =  1.54325e-05 NCalls =     32
VariableMetric: Iteration #   2 - FCN =   5.664684579314 Edm =  7.17532e-09 NCalls =     43
VariableMetric: After Hessian   - FCN =   5.664684579314 Edm =  7.03541e-09 NCalls =     74
Number of iterations 4
----------> Iteration 0
            FVAL = 5.69552112063 Edm = 0.0312819948544 Nfcn = 21
            Error matrix change = 1
            Parameters :  p0 = 0 p1 = 0 p2 = 0 p3 = 0 p4 = 0
----------> Iteration 1
            FVAL = 5.6646993444 Edm = 1.54325298466e-05 Nfcn = 32
            Error matrix change = 0.501701
            Parameters :  p0 = 0 p1 = 0 p2 = 0 p3 = 0 p4 = 0.215069
----------> Iteration 2
            FVAL = 5.66468457931 Edm = 7.17531969186e-09 Nfcn = 43
            Error matrix change = 0.25249
            Parameters :  p0 = 0 p1 = 0 p2 = 0 p3 = 0 p4 = 0.210397
----------> Iteration 3
            FVAL = 5.66468457931 Edm = 7.0354088336e-09 Nfcn = 74
            Error matrix change = 0
            Parameters :  p0 = 0 p1 = 0 p2 = 0 p3 = 0 p4 = 0.210397
Minuit2Minimizer : Valid minimum - status = 0
FVAL  = 5.66468457931355385
Edm   = 7.03540883359527081e-09
Nfcn  = 74
jerUp_unc	  = 0	 +/-  0.996602	(limited)
jesUp_unc	  = 0	 +/-  0.996602	(limited)
lumi	  = 0	 +/-  0.996602	(limited)
pdf_unc	  = 0	 +/-  0.996602	(limited)
xs_Bkg	  = 0.210397	 +/-  0.839254	(limited)
Zero signal fit
   0) jerUp_unc                      =         0
   1) jesUp_unc                      =         0
   2) lumi                           =         0
   3) pdf_unc                        =         0
   4) xs_Bkg                         =  0.210397

Fitting of the background hypothesis done in 0.301589 s
[#1] INFO:Fitting -- RooAddition::defaultErrorLevel(nll_model_s_data_obs_with_constr) Summation contains a RooNLLVar, using its error level
Minuit2Minimizer: Minimize with max-calls 2500 convergence for edm < 0.01 strategy 1
MnSeedGenerator: for initial parameters FCN = 5.7952
MnSeedGenerator: Initial state:   - FCN =    5.79520030014 Edm =    0.0766646 NCalls =     21
VariableMetric: start iterating until Edm is < 1e-05
VariableMetric: Initial state   - FCN =    5.79520030014 Edm =    0.0766646 NCalls =     21
VariableMetric: Iteration #   1 - FCN =   5.717019334744 Edm =  0.000100557 NCalls =     32
VariableMetric: Iteration #   2 - FCN =    5.71691183587 Edm =  9.93801e-08 NCalls =     43
VariableMetric: After Hessian   - FCN =    5.71691183587 Edm =  1.02992e-07 NCalls =     74
Number of iterations 4
----------> Iteration 0
            FVAL = 5.79520030014 Edm = 0.0766645521954 Nfcn = 21
            Error matrix change = 1
            Parameters :  p0 = 0 p1 = 0 p2 = 0 p3 = 0 p4 = 0.210397
----------> Iteration 1
            FVAL = 5.71701933474 Edm = 0.000100557245044 Nfcn = 32
            Error matrix change = 0.506756
            Parameters :  p0 = -0.0164209 p1 = -0.0204145 p2 = -0.0188226 p3 = -0.0243618 p4 = -0.135088
----------> Iteration 2
            FVAL = 5.71691183587 Edm = 9.93800754078e-08 Nfcn = 43
            Error matrix change = 0.25818
            Parameters :  p0 = -0.0138212 p1 = -0.0171959 p2 = -0.0158497 p3 = -0.0205401 p4 = -0.146897
----------> Iteration 3
            FVAL = 5.71691183587 Edm = 1.02992285557e-07 Nfcn = 74
            Error matrix change = 0
            Parameters :  p0 = -0.0138212 p1 = -0.0171959 p2 = -0.0158497 p3 = -0.0205401 p4 = -0.146897
Minuit2Minimizer : Valid minimum - status = 0
FVAL  = 5.71691183586951013
Edm   = 1.02992285557385943e-07
Nfcn  = 74
jerUp_unc	  = -0.0138212	 +/-  0.996041	(limited)
jesUp_unc	  = -0.0171959	 +/-  0.995733	(limited)
lumi	  = -0.0158497	 +/-  0.995864	(limited)
pdf_unc	  = -0.0205401	 +/-  0.995363	(limited)
xs_Bkg	  = -0.146897	 +/-  0.916498	(limited)
Reference signal fit
   0) jerUp_unc                      = -0.0138212
   1) jesUp_unc                      = -0.0171959
   2) lumi                           = -0.0158497
   3) pdf_unc                        = -0.0205401
   4) xs_Bkg                         = -0.146897

Fitting of the signal-plus-background hypothesis done in 0.00223184 s
      Evaluation of p-values done in  5.3075 s
	CLs = 0.537681 +/- 0.0249005
      Evaluation of p-values done in  5.06934 s
	CLs = 0.512473 +/- 0.0170244
      Evaluation of p-values done in  5.1959 s
	CLs = 0.53701 +/- 0.0143897
      Evaluation of p-values done in  4.8693 s
	CLs = 0.534357 +/- 0.012526
      Evaluation of p-values done in  5.56457 s
	CLs = 0.538955 +/- 0.0112178
	CLs      = 0.538955 +/- 0.0112178
	CLb      = 0.6854 +/- 0.00656699
	CLsplusb = 0.3694 +/- 0.00682559

Hybrid result saved as HypoTestResult_mh120_r1_1026271738 in higgsCombineTest.HybridNew.mH120.1226029726.root : higgsCombineTest.HybridNew.mH120.1226029726.root:/toys

 -- Hybrid New -- 
CLs = 0.538955 +/- 0.0112178
Total toys: 10000
Done in 0.00 min (cpu), 0.44 min (real)
