>>> including systematics
>>> using the Profile Likelihood test statistics modified for upper limits (Q_LHC)
>>> method used to compute upper limit is HybridNew
>>> Using OpenSSL to get a really random seed 
>>> Used OpenSSL to get a really random seed 2013273973
Adding /uscms_data/d2/lpcljm/sapta/SUSYSearch/LimitSetting/CMSSW_7_1_5/src to include path
Adding /cvmfs/cms.cern.ch/slc6_amd64_gcc481/lcg/roofit/5.34.18-cms3//include to include path
Input workspace 'w': 

RooWorkspace(w) w contents

variables
---------
(jerUp_unc,jerUp_unc_In,jesUp_unc,jesUp_unc_In,lumi,lumi_In,n_obs_binbin1,pdf_unc,pdf_unc_In,r,xs_Bkg,xs_Bkg_In)

p.d.f.s
-------
SimpleGaussianConstraint::jerUp_unc_Pdf[ x=jerUp_unc mean=jerUp_unc_In sigma=1 ] = 1
SimpleGaussianConstraint::jesUp_unc_Pdf[ x=jesUp_unc mean=jesUp_unc_In sigma=1 ] = 1
SimpleGaussianConstraint::lumi_Pdf[ x=lumi mean=lumi_In sigma=1 ] = 1
RooProdPdf::modelObs_b[ pdf_binbin1_bonly ] = 0.164558
RooProdPdf::modelObs_s[ pdf_binbin1 ] = 0.223012
RooProdPdf::model_b[ modelObs_b * nuisancePdf ] = 0.164558
RooProdPdf::model_s[ modelObs_s * nuisancePdf ] = 0.223012
RooProdPdf::nuisancePdf[ lumi_Pdf * jesUp_unc_Pdf * pdf_unc_Pdf * xs_Bkg_Pdf * jerUp_unc_Pdf ] = 1
RooPoisson::pdf_binbin1[ x=n_obs_binbin1 mean=n_exp_binbin1 ] = 0.223012
RooPoisson::pdf_binbin1_bonly[ x=n_obs_binbin1 mean=n_exp_binbin1_bonly ] = 0.164558
SimpleGaussianConstraint::pdf_unc_Pdf[ x=pdf_unc mean=pdf_unc_In sigma=1 ] = 1
SimpleGaussianConstraint::xs_Bkg_Pdf[ x=xs_Bkg mean=xs_Bkg_In sigma=1 ] = 1

functions
--------
RooAddition::n_exp_binbin1[ n_exp_binbin1_proc_BH + n_exp_binbin1_proc_Background ] = 2.83679
RooAddition::n_exp_binbin1_bonly[ n_exp_binbin1_proc_Background ] = 1.83679
ProcessNormalization::n_exp_binbin1_proc_BH[ thetaList=(lumi,jesUp_unc,pdf_unc,jerUp_unc) asymmThetaList=() otherFactorList=(r) ] = 1
ProcessNormalization::n_exp_binbin1_proc_Background[ thetaList=(xs_Bkg) asymmThetaList=() otherFactorList=() ] = 1.83679

datasets
--------
RooDataSet::data_obs(n_obs_binbin1)

named sets
----------
ModelConfig_GlobalObservables:(lumi_In,jesUp_unc_In,pdf_unc_In,xs_Bkg_In,jerUp_unc_In)
ModelConfig_NuisParams:(lumi,jesUp_unc,pdf_unc,xs_Bkg,jerUp_unc)
ModelConfig_Observables:(n_obs_binbin1)
ModelConfig_POI:(r)
ModelConfig_bonly_GlobalObservables:(lumi_In,jesUp_unc_In,pdf_unc_In,xs_Bkg_In,jerUp_unc_In)
ModelConfig_bonly_NuisParams:(lumi,jesUp_unc,pdf_unc,xs_Bkg,jerUp_unc)
ModelConfig_bonly_Observables:(n_obs_binbin1)
ModelConfig_bonly_POI:(r)
POI:(r)
globalObservables:(lumi_In,jesUp_unc_In,pdf_unc_In,xs_Bkg_In,jerUp_unc_In)
nuisances:(lumi,jesUp_unc,pdf_unc,xs_Bkg,jerUp_unc)
observables:(n_obs_binbin1)

generic objects
---------------
RooStats::ModelConfig::ModelConfig
RooStats::ModelConfig::ModelConfig_bonly
RooArgSet::discreteParams

Workspace has a ModelConfig for signal called 'ModelConfig', with contents:

=== Using the following for ModelConfig ===
Observables:             RooArgSet:: = (n_obs_binbin1)
Parameters of Interest:  RooArgSet:: = (r)
Nuisance Parameters:     RooArgSet:: = (lumi,jesUp_unc,pdf_unc,xs_Bkg,jerUp_unc)
Global Observables:      RooArgSet:: = (lumi_In,jesUp_unc_In,pdf_unc_In,xs_Bkg_In,jerUp_unc_In)
PDF:                     RooProdPdf::model_s[ modelObs_s * nuisancePdf ] = 0.223012

Input ModelConfig 'ModelConfig': 

=== Using the following for ModelConfig ===
Observables:             RooArgSet:: = (n_obs_binbin1)
Parameters of Interest:  RooArgSet:: = (r)
Nuisance Parameters:     RooArgSet:: = (lumi,jesUp_unc,pdf_unc,xs_Bkg,jerUp_unc)
Global Observables:      RooArgSet:: = (lumi_In,jesUp_unc_In,pdf_unc_In,xs_Bkg_In,jerUp_unc_In)
PDF:                     RooProdPdf::model_s[ modelObs_s * nuisancePdf ] = 0.223012

[#1] INFO:ObjectHandling -- RooWorkspace::import(w) importing RooUniform::prior
Computing limit starting from observation
  1) RooRealVar:: n_obs_binbin1 = 3
Set default minimizer to Minuit2
  r = 2 +/- 0
[#1] INFO:Minization --  Including the following contraint terms in minimization: (nuisancePdf)
[#1] INFO:Fitting -- RooAddition::defaultErrorLevel(nll_model_s_data_obs_with_constr) Summation contains a RooNLLVar, using its error level
Minuit2Minimizer: Minimize with max-calls 2500 convergence for edm < 0.01 strategy 1
MnSeedGenerator: for initial parameters FCN = 6.39918
MnSeedGenerator: Initial state:   - FCN =   6.399183686606 Edm =     0.166332 NCalls =     21
VariableMetric: start iterating until Edm is < 1e-05
VariableMetric: Initial state   - FCN =   6.399183686606 Edm =     0.166332 NCalls =     21
VariableMetric: Iteration #   1 - FCN =   6.240540551847 Edm =  0.000823274 NCalls =     32
VariableMetric: Iteration #   2 - FCN =   6.239819420521 Edm =  1.16669e-09 NCalls =     44
VariableMetric: After Hessian   - FCN =   6.239819420521 Edm =  1.09471e-09 NCalls =     75
Number of iterations 4
----------> Iteration 0
            FVAL = 6.39918368661 Edm = 0.166331738664 Nfcn = 21
            Error matrix change = 1
            Parameters :  p0 = 0 p1 = 0 p2 = 0 p3 = 0 p4 = 0
----------> Iteration 1
            FVAL = 6.24054055185 Edm = 0.00082327449934 Nfcn = 32
            Error matrix change = 0.503994
            Parameters :  p0 = 0 p1 = 0 p2 = 0 p3 = 0 p4 = 0.426859
----------> Iteration 2
            FVAL = 6.23981942052 Edm = 1.16669057498e-09 Nfcn = 44
            Error matrix change = 0.255491
            Parameters :  p0 = 0 p1 = 0 p2 = 0 p3 = 0 p4 = 0.400578
----------> Iteration 3
            FVAL = 6.23981942052 Edm = 1.09470600925e-09 Nfcn = 75
            Error matrix change = 0
            Parameters :  p0 = 0 p1 = 0 p2 = 0 p3 = 0 p4 = 0.400578
Minuit2Minimizer : Valid minimum - status = 0
FVAL  = 6.23981942052067406
Edm   = 1.09470600924732649e-09
Nfcn  = 75
jerUp_unc	  = 0	 +/-  0.996602	(limited)
jesUp_unc	  = 0	 +/-  0.996602	(limited)
lumi	  = 0	 +/-  0.996602	(limited)
pdf_unc	  = 0	 +/-  0.996602	(limited)
xs_Bkg	  = 0.400578	 +/-  0.692772	(limited)
Zero signal fit
   0) jerUp_unc                      =         0
   1) jesUp_unc                      =         0
   2) lumi                           =         0
   3) pdf_unc                        =         0
   4) xs_Bkg                         =  0.400578

Fitting of the background hypothesis done in 0.288506 s
[#1] INFO:Fitting -- RooAddition::defaultErrorLevel(nll_model_s_data_obs_with_constr) Summation contains a RooNLLVar, using its error level
Minuit2Minimizer: Minimize with max-calls 2500 convergence for edm < 0.01 strategy 1
MnSeedGenerator: for initial parameters FCN = 6.42245
MnSeedGenerator: Initial state:   - FCN =   6.422454251824 Edm =     0.241849 NCalls =     21
VariableMetric: start iterating until Edm is < 1e-05
VariableMetric: Initial state   - FCN =   6.422454251824 Edm =     0.241849 NCalls =     21
VariableMetric: Iteration #   1 - FCN =   6.165091308177 Edm =  0.000884901 NCalls =     33
VariableMetric: Iteration #   2 - FCN =   6.164079498493 Edm =  2.72016e-06 NCalls =     45
VariableMetric: After Hessian   - FCN =   6.164079498493 Edm =  2.88851e-06 NCalls =     76
Number of iterations 4
----------> Iteration 0
            FVAL = 6.42245425182 Edm = 0.241848734774 Nfcn = 21
            Error matrix change = 1
            Parameters :  p0 = 0 p1 = 0 p2 = 0 p3 = 0 p4 = 0.400578
----------> Iteration 1
            FVAL = 6.16509130818 Edm = 0.000884900592264 Nfcn = 33
            Error matrix change = 0.515363
            Parameters :  p0 = -0.0264335 p1 = -0.0328483 p2 = -0.0302922 p3 = -0.03918 p4 = -0.157563
----------> Iteration 2
            FVAL = 6.16407949849 Edm = 2.72015957538e-06 Nfcn = 45
            Error matrix change = 0.274009
            Parameters :  p0 = -0.0126797 p1 = -0.0157946 p2 = -0.0145507 p3 = -0.0188936 p4 = -0.183653
----------> Iteration 3
            FVAL = 6.16407949849 Edm = 2.88851067917e-06 Nfcn = 76
            Error matrix change = 0
            Parameters :  p0 = -0.0126797 p1 = -0.0157946 p2 = -0.0145507 p3 = -0.0188936 p4 = -0.183653
Minuit2Minimizer : Valid minimum - status = 0
FVAL  = 6.16407949849304515
Edm   = 2.88851067916721007e-06
Nfcn  = 76
jerUp_unc	  = -0.0126797	 +/-  0.995792	(limited)
jesUp_unc	  = -0.0157946	 +/-  0.995347	(limited)
lumi	  = -0.0145507	 +/-  0.995536	(limited)
pdf_unc	  = -0.0188936	 +/-  0.994812	(limited)
xs_Bkg	  = -0.183653	 +/-  0.84515	(limited)
Reference signal fit
   0) jerUp_unc                      = -0.0126797
   1) jesUp_unc                      = -0.0157946
   2) lumi                           = -0.0145507
   3) pdf_unc                        = -0.0188936
   4) xs_Bkg                         = -0.183653

Fitting of the signal-plus-background hypothesis done in 0.00214911 s
      Evaluation of p-values done in  5.50756 s
	CLs = 0.565333 +/- 0.0232532
      Evaluation of p-values done in  5.04878 s
	CLs = 0.548772 +/- 0.0162121
      Evaluation of p-values done in  5.41641 s
	CLs = 0.558212 +/- 0.0133158
      Evaluation of p-values done in  5.35245 s
	CLs = 0.553978 +/- 0.0114352
      Evaluation of p-values done in  5.45962 s
	CLs = 0.557702 +/- 0.0102729
	CLs      = 0.557702 +/- 0.0102729
	CLb      = 0.7556 +/- 0.00607731
	CLsplusb = 0.4214 +/- 0.00698315

Hybrid result saved as HypoTestResult_mh120_r2_1289937407 in higgsCombineTest.HybridNew.mH120.2013273973.root : higgsCombineTest.HybridNew.mH120.2013273973.root:/toys

 -- Hybrid New -- 
CLs = 0.557702 +/- 0.0102729
Total toys: 10000
Done in 0.00 min (cpu), 0.45 min (real)
