>>> including systematics
>>> using the Profile Likelihood test statistics modified for upper limits (Q_LHC)
>>> method used to compute upper limit is HybridNew
>>> Using OpenSSL to get a really random seed 
>>> Used OpenSSL to get a really random seed -2056030439
Adding /uscms_data/d2/lpcljm/sapta/SUSYSearch/LimitSetting/CMSSW_7_1_5/src to include path
Adding /cvmfs/cms.cern.ch/slc6_amd64_gcc481/lcg/roofit/5.34.18-cms3//include to include path
Input workspace 'w': 

RooWorkspace(w) w contents

variables
---------
(jerUp_unc,jerUp_unc_In,jesUp_unc,jesUp_unc_In,lumi,lumi_In,n_obs_binbin1,pdf_unc,pdf_unc_In,r,xs_Bkg,xs_Bkg_In)

p.d.f.s
-------
SimpleGaussianConstraint::jerUp_unc_Pdf[ x=jerUp_unc mean=jerUp_unc_In sigma=1 ] = 1
SimpleGaussianConstraint::jesUp_unc_Pdf[ x=jesUp_unc mean=jesUp_unc_In sigma=1 ] = 1
SimpleGaussianConstraint::lumi_Pdf[ x=lumi mean=lumi_In sigma=1 ] = 1
RooProdPdf::modelObs_b[ pdf_binbin1_bonly ] = 0.00271822
RooProdPdf::modelObs_s[ pdf_binbin1 ] = 0.0033893
RooProdPdf::model_b[ modelObs_b * nuisancePdf ] = 0.00271822
RooProdPdf::model_s[ modelObs_s * nuisancePdf ] = 0.0033893
RooProdPdf::nuisancePdf[ lumi_Pdf * jesUp_unc_Pdf * pdf_unc_Pdf * xs_Bkg_Pdf * jerUp_unc_Pdf ] = 1
RooPoisson::pdf_binbin1[ x=n_obs_binbin1 mean=n_exp_binbin1 ] = 0.0033893
RooPoisson::pdf_binbin1_bonly[ x=n_obs_binbin1 mean=n_exp_binbin1_bonly ] = 0.00271822
SimpleGaussianConstraint::pdf_unc_Pdf[ x=pdf_unc mean=pdf_unc_In sigma=1 ] = 1
SimpleGaussianConstraint::xs_Bkg_Pdf[ x=xs_Bkg mean=xs_Bkg_In sigma=1 ] = 1

functions
--------
RooAddition::n_exp_binbin1[ n_exp_binbin1_proc_BH + n_exp_binbin1_proc_Background ] = 107.821
RooAddition::n_exp_binbin1_bonly[ n_exp_binbin1_proc_Background ] = 106.821
ProcessNormalization::n_exp_binbin1_proc_BH[ thetaList=(lumi,jesUp_unc,pdf_unc,jerUp_unc) asymmThetaList=() otherFactorList=(r) ] = 1
ProcessNormalization::n_exp_binbin1_proc_Background[ thetaList=(xs_Bkg) asymmThetaList=() otherFactorList=() ] = 106.821

datasets
--------
RooDataSet::data_obs(n_obs_binbin1)

named sets
----------
ModelConfig_GlobalObservables:(lumi_In,jesUp_unc_In,pdf_unc_In,xs_Bkg_In,jerUp_unc_In)
ModelConfig_NuisParams:(lumi,jesUp_unc,pdf_unc,xs_Bkg,jerUp_unc)
ModelConfig_Observables:(n_obs_binbin1)
ModelConfig_POI:(r)
ModelConfig_bonly_GlobalObservables:(lumi_In,jesUp_unc_In,pdf_unc_In,xs_Bkg_In,jerUp_unc_In)
ModelConfig_bonly_NuisParams:(lumi,jesUp_unc,pdf_unc,xs_Bkg,jerUp_unc)
ModelConfig_bonly_Observables:(n_obs_binbin1)
ModelConfig_bonly_POI:(r)
POI:(r)
globalObservables:(lumi_In,jesUp_unc_In,pdf_unc_In,xs_Bkg_In,jerUp_unc_In)
nuisances:(lumi,jesUp_unc,pdf_unc,xs_Bkg,jerUp_unc)
observables:(n_obs_binbin1)

generic objects
---------------
RooStats::ModelConfig::ModelConfig
RooStats::ModelConfig::ModelConfig_bonly
RooArgSet::discreteParams

Workspace has a ModelConfig for signal called 'ModelConfig', with contents:

=== Using the following for ModelConfig ===
Observables:             RooArgSet:: = (n_obs_binbin1)
Parameters of Interest:  RooArgSet:: = (r)
Nuisance Parameters:     RooArgSet:: = (lumi,jesUp_unc,pdf_unc,xs_Bkg,jerUp_unc)
Global Observables:      RooArgSet:: = (lumi_In,jesUp_unc_In,pdf_unc_In,xs_Bkg_In,jerUp_unc_In)
PDF:                     RooProdPdf::model_s[ modelObs_s * nuisancePdf ] = 0.0033893

Input ModelConfig 'ModelConfig': 

=== Using the following for ModelConfig ===
Observables:             RooArgSet:: = (n_obs_binbin1)
Parameters of Interest:  RooArgSet:: = (r)
Nuisance Parameters:     RooArgSet:: = (lumi,jesUp_unc,pdf_unc,xs_Bkg,jerUp_unc)
Global Observables:      RooArgSet:: = (lumi_In,jesUp_unc_In,pdf_unc_In,xs_Bkg_In,jerUp_unc_In)
PDF:                     RooProdPdf::model_s[ modelObs_s * nuisancePdf ] = 0.0033893

[#1] INFO:ObjectHandling -- RooWorkspace::import(w) importing RooUniform::prior
Computing limit starting from observation
  1) RooRealVar:: n_obs_binbin1 = 131
Set default minimizer to Minuit2
  r = 35 +/- 0
[#1] INFO:Minization --  Including the following contraint terms in minimization: (nuisancePdf)
[#1] INFO:Fitting -- RooAddition::defaultErrorLevel(nll_model_s_data_obs_with_constr) Summation contains a RooNLLVar, using its error level
Minuit2Minimizer: Minimize with max-calls 2500 convergence for edm < 0.01 strategy 1
MnSeedGenerator: for initial parameters FCN = 10.5025
MnSeedGenerator: Initial state:   - FCN =   10.50247106146 Edm =      2.33997 NCalls =     21
VariableMetric: start iterating until Edm is < 1e-05
VariableMetric: Initial state   - FCN =   10.50247106146 Edm =      2.33997 NCalls =     21
VariableMetric: Iteration #   1 - FCN =   8.283548686025 Edm =   0.00112116 NCalls =     33
VariableMetric: Iteration #   2 - FCN =   8.282578566386 Edm =  1.29654e-10 NCalls =     45
VariableMetric: After Hessian   - FCN =   8.282578566386 Edm =  1.20856e-10 NCalls =     76
Number of iterations 4
----------> Iteration 0
            FVAL = 10.5024710615 Edm = 2.33996953647 Nfcn = 21
            Error matrix change = 1
            Parameters :  p0 = 0 p1 = 0 p2 = 0 p3 = 0 p4 = 0
----------> Iteration 1
            FVAL = 8.28354868603 Edm = 0.00112115840413 Nfcn = 33
            Error matrix change = 0.501309
            Parameters :  p0 = 0 p1 = 0 p2 = 0 p3 = 0 p4 = 0.777051
----------> Iteration 2
            FVAL = 8.28257856639 Edm = 1.29653944591e-10 Nfcn = 45
            Error matrix change = 0.251703
            Parameters :  p0 = 0 p1 = 0 p2 = 0 p3 = 0 p4 = 0.761548
----------> Iteration 3
            FVAL = 8.28257856639 Edm = 1.20856347778e-10 Nfcn = 76
            Error matrix change = 0
            Parameters :  p0 = 0 p1 = 0 p2 = 0 p3 = 0 p4 = 0.761548
Minuit2Minimizer : Valid minimum - status = 0
FVAL  = 8.28257856638632362
Edm   = 1.20856347778296385e-10
Nfcn  = 76
jerUp_unc	  = 0	 +/-  0.996602	(limited)
jesUp_unc	  = 0	 +/-  0.996602	(limited)
lumi	  = 0	 +/-  0.996602	(limited)
pdf_unc	  = 0	 +/-  0.996602	(limited)
xs_Bkg	  = 0.761548	 +/-  0.352118	(limited)
Zero signal fit
   0) jerUp_unc                      =         0
   1) jesUp_unc                      =         0
   2) lumi                           =         0
   3) pdf_unc                        =         0
   4) xs_Bkg                         =  0.761548

Fitting of the background hypothesis done in 0.297205 s
[#1] INFO:Fitting -- RooAddition::defaultErrorLevel(nll_model_s_data_obs_with_constr) Summation contains a RooNLLVar, using its error level
Minuit2Minimizer: Minimize with max-calls 2500 convergence for edm < 0.01 strategy 1
MnSeedGenerator: for initial parameters FCN = 11.5645
MnSeedGenerator: Initial state:   - FCN =   11.56448622916 Edm =       3.4669 NCalls =     21
VariableMetric: start iterating until Edm is < 1e-05
VariableMetric: Initial state   - FCN =   11.56448622916 Edm =       3.4669 NCalls =     21
VariableMetric: Iteration #   1 - FCN =   8.219859447146 Edm =     0.161997 NCalls =     32
VariableMetric: Iteration #   2 - FCN =   8.033775762071 Edm =  0.000861988 NCalls =     44
VariableMetric: Iteration #   3 - FCN =   8.032782814228 Edm =  3.54508e-07 NCalls =     56
VariableMetric: After Hessian   - FCN =   8.032782814228 Edm =  3.63428e-07 NCalls =     87
Number of iterations 5
----------> Iteration 0
            FVAL = 11.5644862292 Edm = 3.46689876583 Nfcn = 21
            Error matrix change = 1
            Parameters :  p0 = 0 p1 = 0 p2 = 0 p3 = 0 p4 = 0.761548
----------> Iteration 1
            FVAL = 8.21985944715 Edm = 0.161997381129 Nfcn = 32
            Error matrix change = 0.555504
            Parameters :  p0 = -0.262598 p1 = -0.32319 p2 = -0.299262 p3 = -0.381089 p4 = -0.226253
----------> Iteration 2
            FVAL = 8.03377576207 Edm = 0.000861987636019 Nfcn = 44
            Error matrix change = 0.33117
            Parameters :  p0 = -0.0148787 p1 = -0.0223166 p2 = -0.0190989 p3 = -0.0318643 p4 = -0.337973
----------> Iteration 3
            FVAL = 8.03278281423 Edm = 3.54508315112e-07 Nfcn = 56
            Error matrix change = 0.169986
            Parameters :  p0 = -0.0217036 p1 = -0.0265495 p2 = -0.0246364 p3 = -0.0312253 p4 = -0.356508
----------> Iteration 4
            FVAL = 8.03278281423 Edm = 3.63427711337e-07 Nfcn = 87
            Error matrix change = 0
            Parameters :  p0 = -0.0217036 p1 = -0.0265495 p2 = -0.0246364 p3 = -0.0312253 p4 = -0.356508
Minuit2Minimizer : Valid minimum - status = 0
FVAL  = 8.03278281422806728
Edm   = 3.63427711336970115e-07
Nfcn  = 87
jerUp_unc	  = -0.0217036	 +/-  0.99476	(limited)
jesUp_unc	  = -0.0265495	 +/-  0.993751	(limited)
lumi	  = -0.0246364	 +/-  0.99418	(limited)
pdf_unc	  = -0.0312253	 +/-  0.992532	(limited)
xs_Bkg	  = -0.356508	 +/-  0.459696	(limited)
Reference signal fit
   0) jerUp_unc                      = -0.0217036
   1) jesUp_unc                      = -0.0265495
   2) lumi                           = -0.0246364
   3) pdf_unc                        = -0.0312253
   4) xs_Bkg                         = -0.356508

Fitting of the signal-plus-background hypothesis done in 0.00247908 s
      Evaluation of p-values done in  5.81768 s
	CLs = 0.455959 +/- 0.0210742
      Evaluation of p-values done in  6.19801 s
	CLs = 0.443528 +/- 0.0144751
      Evaluation of p-values done in  5.8138 s
	CLs = 0.443789 +/- 0.011768
      Evaluation of p-values done in  5.98259 s
	CLs = 0.439179 +/- 0.0101618
      Evaluation of p-values done in  6.05735 s
	CLs = 0.428428 +/- 0.00897422
	CLs      = 0.428428 +/- 0.00897422
	CLb      = 0.795 +/- 0.0057092
	CLsplusb = 0.3406 +/- 0.00670211

Hybrid result saved as HypoTestResult_mh120_r35_1735852901 in higgsCombineTest.HybridNew.mH120.-2056030439.root : higgsCombineTest.HybridNew.mH120.-2056030439.root:/toys

 -- Hybrid New -- 
CLs = 0.428428 +/- 0.00897422
Total toys: 10000
Done in 0.00 min (cpu), 0.50 min (real)
