>>> including systematics
>>> using the Profile Likelihood test statistics modified for upper limits (Q_LHC)
>>> method used to compute upper limit is HybridNew
>>> Using OpenSSL to get a really random seed 
>>> Used OpenSSL to get a really random seed -1053167363
Adding /uscms_data/d2/lpcljm/sapta/SUSYSearch/LimitSetting/CMSSW_7_1_5/src to include path
Adding /cvmfs/cms.cern.ch/slc6_amd64_gcc481/lcg/roofit/5.34.18-cms3//include to include path
Input workspace 'w': 

RooWorkspace(w) w contents

variables
---------
(jerUp_unc,jerUp_unc_In,jesUp_unc,jesUp_unc_In,lumi,lumi_In,n_obs_binbin1,pdf_unc,pdf_unc_In,r,xs_Bkg,xs_Bkg_In)

p.d.f.s
-------
SimpleGaussianConstraint::jerUp_unc_Pdf[ x=jerUp_unc mean=jerUp_unc_In sigma=1 ] = 1
SimpleGaussianConstraint::jesUp_unc_Pdf[ x=jesUp_unc mean=jesUp_unc_In sigma=1 ] = 1
SimpleGaussianConstraint::lumi_Pdf[ x=lumi mean=lumi_In sigma=1 ] = 1
RooProdPdf::modelObs_b[ pdf_binbin1_bonly ] = 0.787791
RooProdPdf::modelObs_s[ pdf_binbin1 ] = 0.289812
RooProdPdf::model_b[ modelObs_b * nuisancePdf ] = 0.787791
RooProdPdf::model_s[ modelObs_s * nuisancePdf ] = 0.289812
RooProdPdf::nuisancePdf[ lumi_Pdf * jesUp_unc_Pdf * pdf_unc_Pdf * xs_Bkg_Pdf * jerUp_unc_Pdf ] = 1
RooPoisson::pdf_binbin1[ x=n_obs_binbin1 mean=n_exp_binbin1 ] = 0.289812
RooPoisson::pdf_binbin1_bonly[ x=n_obs_binbin1 mean=n_exp_binbin1_bonly ] = 0.787791
SimpleGaussianConstraint::pdf_unc_Pdf[ x=pdf_unc mean=pdf_unc_In sigma=1 ] = 1
SimpleGaussianConstraint::xs_Bkg_Pdf[ x=xs_Bkg mean=xs_Bkg_In sigma=1 ] = 1

functions
--------
RooAddition::n_exp_binbin1[ n_exp_binbin1_proc_BH + n_exp_binbin1_proc_Background ] = 1.23852
RooAddition::n_exp_binbin1_bonly[ n_exp_binbin1_proc_Background ] = 0.238522
ProcessNormalization::n_exp_binbin1_proc_BH[ thetaList=(lumi,jesUp_unc,pdf_unc,jerUp_unc) asymmThetaList=() otherFactorList=(r) ] = 1
ProcessNormalization::n_exp_binbin1_proc_Background[ thetaList=(xs_Bkg) asymmThetaList=() otherFactorList=() ] = 0.238522

datasets
--------
RooDataSet::data_obs(n_obs_binbin1)

named sets
----------
ModelConfig_GlobalObservables:(lumi_In,jesUp_unc_In,pdf_unc_In,xs_Bkg_In,jerUp_unc_In)
ModelConfig_NuisParams:(lumi,jesUp_unc,pdf_unc,xs_Bkg,jerUp_unc)
ModelConfig_Observables:(n_obs_binbin1)
ModelConfig_POI:(r)
ModelConfig_bonly_GlobalObservables:(lumi_In,jesUp_unc_In,pdf_unc_In,xs_Bkg_In,jerUp_unc_In)
ModelConfig_bonly_NuisParams:(lumi,jesUp_unc,pdf_unc,xs_Bkg,jerUp_unc)
ModelConfig_bonly_Observables:(n_obs_binbin1)
ModelConfig_bonly_POI:(r)
POI:(r)
globalObservables:(lumi_In,jesUp_unc_In,pdf_unc_In,xs_Bkg_In,jerUp_unc_In)
nuisances:(lumi,jesUp_unc,pdf_unc,xs_Bkg,jerUp_unc)
observables:(n_obs_binbin1)

generic objects
---------------
RooStats::ModelConfig::ModelConfig
RooStats::ModelConfig::ModelConfig_bonly
RooArgSet::discreteParams

Workspace has a ModelConfig for signal called 'ModelConfig', with contents:

=== Using the following for ModelConfig ===
Observables:             RooArgSet:: = (n_obs_binbin1)
Parameters of Interest:  RooArgSet:: = (r)
Nuisance Parameters:     RooArgSet:: = (lumi,jesUp_unc,pdf_unc,xs_Bkg,jerUp_unc)
Global Observables:      RooArgSet:: = (lumi_In,jesUp_unc_In,pdf_unc_In,xs_Bkg_In,jerUp_unc_In)
PDF:                     RooProdPdf::model_s[ modelObs_s * nuisancePdf ] = 0.289812

Input ModelConfig 'ModelConfig': 

=== Using the following for ModelConfig ===
Observables:             RooArgSet:: = (n_obs_binbin1)
Parameters of Interest:  RooArgSet:: = (r)
Nuisance Parameters:     RooArgSet:: = (lumi,jesUp_unc,pdf_unc,xs_Bkg,jerUp_unc)
Global Observables:      RooArgSet:: = (lumi_In,jesUp_unc_In,pdf_unc_In,xs_Bkg_In,jerUp_unc_In)
PDF:                     RooProdPdf::model_s[ modelObs_s * nuisancePdf ] = 0.289812

[#1] INFO:ObjectHandling -- RooWorkspace::import(w) importing RooUniform::prior
Computing limit starting from observation
  1) RooRealVar:: n_obs_binbin1 = 0
Set default minimizer to Minuit2
  r = 3 +/- 0
[#1] INFO:Minization --  Including the following contraint terms in minimization: (nuisancePdf)
[#1] INFO:Fitting -- RooAddition::defaultErrorLevel(nll_model_s_data_obs_with_constr) Summation contains a RooNLLVar, using its error level
Minuit2Minimizer: Minimize with max-calls 2500 convergence for edm < 0.01 strategy 1
MnSeedGenerator: for initial parameters FCN = 4.83321
MnSeedGenerator: Initial state:   - FCN =   4.833214666011 Edm =    0.0158613 NCalls =     21
VariableMetric: start iterating until Edm is < 1e-05
VariableMetric: Initial state   - FCN =   4.833214666011 Edm =    0.0158613 NCalls =     21
VariableMetric: Iteration #   1 - FCN =   4.817262865253 Edm =  1.16067e-06 NCalls =     32
VariableMetric: After Hessian   - FCN =   4.817262865253 Edm =  1.18081e-06 NCalls =     63
Number of iterations 3
----------> Iteration 0
            FVAL = 4.83321466601 Edm = 0.0158613424658 Nfcn = 21
            Error matrix change = 1
            Parameters :  p0 = 0 p1 = 0 p2 = 0 p3 = 0 p4 = 0
----------> Iteration 1
            FVAL = 4.81726286525 Edm = 1.16066932623e-06 Nfcn = 32
            Error matrix change = 0.500767
            Parameters :  p0 = 0 p1 = 0 p2 = 0 p3 = 0 p4 = -0.165827
----------> Iteration 2
            FVAL = 4.81726286525 Edm = 1.18081126501e-06 Nfcn = 63
            Error matrix change = 0
            Parameters :  p0 = 0 p1 = 0 p2 = 0 p3 = 0 p4 = -0.165827
Minuit2Minimizer : Valid minimum - status = 0
FVAL  = 4.81726286525330671
Edm   = 1.18081126501183779e-06
Nfcn  = 63
jerUp_unc	  = 0	 +/-  0.996602	(limited)
jesUp_unc	  = 0	 +/-  0.996602	(limited)
lumi	  = 0	 +/-  0.996602	(limited)
pdf_unc	  = 0	 +/-  0.996602	(limited)
xs_Bkg	  = -0.165827	 +/-  0.93612	(limited)
Zero signal fit
   0) jerUp_unc                      =         0
   1) jesUp_unc                      =         0
   2) lumi                           =         0
   3) pdf_unc                        =         0
   4) xs_Bkg                         = -0.165827

Fitting of the background hypothesis done in 0.319025 s
[#1] INFO:Fitting -- RooAddition::defaultErrorLevel(nll_model_s_data_obs_with_constr) Summation contains a RooNLLVar, using its error level
Minuit2Minimizer: Minimize with max-calls 2500 convergence for edm < 0.01 strategy 1
MnSeedGenerator: for initial parameters FCN = 7.81726
MnSeedGenerator: Initial state:   - FCN =   7.817262865253 Edm =    0.0416992 NCalls =     21
VariableMetric: start iterating until Edm is < 1e-05
VariableMetric: Initial state   - FCN =   7.817262865253 Edm =    0.0416992 NCalls =     21
VariableMetric: Iteration #   1 - FCN =   7.776397854335 Edm =  1.65316e-05 NCalls =     32
VariableMetric: Iteration #   2 - FCN =   7.776381634093 Edm =  1.82405e-11 NCalls =     43
VariableMetric: After Hessian   - FCN =   7.776381634093 Edm =  1.83798e-11 NCalls =     76
Number of iterations 4
----------> Iteration 0
            FVAL = 7.81726286525 Edm = 0.0416992364074 Nfcn = 21
            Error matrix change = 1
            Parameters :  p0 = 0 p1 = 0 p2 = 0 p3 = 0 p4 = -0.165827
----------> Iteration 1
            FVAL = 7.77639785434 Edm = 1.65316231936e-05 Nfcn = 32
            Error matrix change = 0.504992
            Parameters :  p0 = -0.117116 p1 = -0.145322 p2 = -0.134098 p3 = -0.173027 p4 = -0.16727
----------> Iteration 2
            FVAL = 7.77638163409 Edm = 1.82405156155e-11 Nfcn = 43
            Error matrix change = 0.252788
            Parameters :  p0 = -0.114502 p1 = -0.142438 p2 = -0.131296 p3 = -0.170105 p4 = -0.16727
----------> Iteration 3
            FVAL = 7.77638163409 Edm = 1.83798333709e-11 Nfcn = 76
            Error matrix change = 0
            Parameters :  p0 = -0.114502 p1 = -0.142438 p2 = -0.131296 p3 = -0.170105 p4 = -0.16727
Minuit2Minimizer : Valid minimum - status = 0
FVAL  = 7.77638163409329941
Edm   = 1.83798333709203553e-11
Nfcn  = 76
jerUp_unc	  = -0.114502	 +/-  0.994435	(limited)
jesUp_unc	  = -0.142438	 +/-  0.993247	(limited)
lumi	  = -0.131296	 +/-  0.993752	(limited)
pdf_unc	  = -0.170105	 +/-  0.991813	(limited)
xs_Bkg	  = -0.16727	 +/-  0.936186	(limited)
Reference signal fit
   0) jerUp_unc                      = -0.114502
   1) jesUp_unc                      = -0.142438
   2) lumi                           = -0.131296
   3) pdf_unc                        = -0.170105
   4) xs_Bkg                         =  -0.16727

Fitting of the signal-plus-background hypothesis done in 0.00221586 s
      Evaluation of p-values done in  5.63119 s
	CLs = 0.0378251 +/- 0.00948377
      Evaluation of p-values done in  5.20915 s
	CLs = 0.0364964 +/- 0.0066849
      Evaluation of p-values done in  5.02123 s
	CLs = 0.035461 +/- 0.00530063
      Evaluation of p-values done in  5.17617 s
	CLs = 0.0358881 +/- 0.00468713
      Evaluation of p-values done in  5.73023 s
	CLs = 0.0364712 +/- 0.00425423
	CLs      = 0.0364712 +/- 0.00425423
	CLb      = 0.4058 +/- 0.00694444
	CLsplusb = 0.0148 +/- 0.00170769

Hybrid result saved as HypoTestResult_mh120_r3_4232476364 in higgsCombineTest.HybridNew.mH120.-1053167363.root : higgsCombineTest.HybridNew.mH120.-1053167363.root:/toys

 -- Hybrid New -- 
CLs = 0.0364712 +/- 0.00425423
Total toys: 10000
Done in 0.00 min (cpu), 0.45 min (real)
