>>> including systematics
>>> using the Profile Likelihood test statistics modified for upper limits (Q_LHC)
>>> method used to compute upper limit is HybridNew
>>> Using OpenSSL to get a really random seed 
>>> Used OpenSSL to get a really random seed -2110786566
Adding /uscms_data/d2/lpcljm/sapta/SUSYSearch/LimitSetting/CMSSW_7_1_5/src to include path
Adding /cvmfs/cms.cern.ch/slc6_amd64_gcc481/lcg/roofit/5.34.18-cms3//include to include path
Input workspace 'w': 

RooWorkspace(w) w contents

variables
---------
(jerUp_unc,jerUp_unc_In,jesUp_unc,jesUp_unc_In,lumi,lumi_In,n_obs_binbin1,pdf_unc,pdf_unc_In,r,xs_Bkg,xs_Bkg_In)

p.d.f.s
-------
SimpleGaussianConstraint::jerUp_unc_Pdf[ x=jerUp_unc mean=jerUp_unc_In sigma=1 ] = 1
SimpleGaussianConstraint::jesUp_unc_Pdf[ x=jesUp_unc mean=jesUp_unc_In sigma=1 ] = 1
SimpleGaussianConstraint::lumi_Pdf[ x=lumi mean=lumi_In sigma=1 ] = 1
RooProdPdf::modelObs_b[ pdf_binbin1_bonly ] = 0.00271822
RooProdPdf::modelObs_s[ pdf_binbin1 ] = 0.0033893
RooProdPdf::model_b[ modelObs_b * nuisancePdf ] = 0.00271822
RooProdPdf::model_s[ modelObs_s * nuisancePdf ] = 0.0033893
RooProdPdf::nuisancePdf[ lumi_Pdf * jesUp_unc_Pdf * pdf_unc_Pdf * xs_Bkg_Pdf * jerUp_unc_Pdf ] = 1
RooPoisson::pdf_binbin1[ x=n_obs_binbin1 mean=n_exp_binbin1 ] = 0.0033893
RooPoisson::pdf_binbin1_bonly[ x=n_obs_binbin1 mean=n_exp_binbin1_bonly ] = 0.00271822
SimpleGaussianConstraint::pdf_unc_Pdf[ x=pdf_unc mean=pdf_unc_In sigma=1 ] = 1
SimpleGaussianConstraint::xs_Bkg_Pdf[ x=xs_Bkg mean=xs_Bkg_In sigma=1 ] = 1

functions
--------
RooAddition::n_exp_binbin1[ n_exp_binbin1_proc_BH + n_exp_binbin1_proc_Background ] = 107.821
RooAddition::n_exp_binbin1_bonly[ n_exp_binbin1_proc_Background ] = 106.821
ProcessNormalization::n_exp_binbin1_proc_BH[ thetaList=(lumi,jesUp_unc,pdf_unc,jerUp_unc) asymmThetaList=() otherFactorList=(r) ] = 1
ProcessNormalization::n_exp_binbin1_proc_Background[ thetaList=(xs_Bkg) asymmThetaList=() otherFactorList=() ] = 106.821

datasets
--------
RooDataSet::data_obs(n_obs_binbin1)

named sets
----------
ModelConfig_GlobalObservables:(lumi_In,jesUp_unc_In,pdf_unc_In,xs_Bkg_In,jerUp_unc_In)
ModelConfig_NuisParams:(lumi,jesUp_unc,pdf_unc,xs_Bkg,jerUp_unc)
ModelConfig_Observables:(n_obs_binbin1)
ModelConfig_POI:(r)
ModelConfig_bonly_GlobalObservables:(lumi_In,jesUp_unc_In,pdf_unc_In,xs_Bkg_In,jerUp_unc_In)
ModelConfig_bonly_NuisParams:(lumi,jesUp_unc,pdf_unc,xs_Bkg,jerUp_unc)
ModelConfig_bonly_Observables:(n_obs_binbin1)
ModelConfig_bonly_POI:(r)
POI:(r)
globalObservables:(lumi_In,jesUp_unc_In,pdf_unc_In,xs_Bkg_In,jerUp_unc_In)
nuisances:(lumi,jesUp_unc,pdf_unc,xs_Bkg,jerUp_unc)
observables:(n_obs_binbin1)

generic objects
---------------
RooStats::ModelConfig::ModelConfig
RooStats::ModelConfig::ModelConfig_bonly
RooArgSet::discreteParams

Workspace has a ModelConfig for signal called 'ModelConfig', with contents:

=== Using the following for ModelConfig ===
Observables:             RooArgSet:: = (n_obs_binbin1)
Parameters of Interest:  RooArgSet:: = (r)
Nuisance Parameters:     RooArgSet:: = (lumi,jesUp_unc,pdf_unc,xs_Bkg,jerUp_unc)
Global Observables:      RooArgSet:: = (lumi_In,jesUp_unc_In,pdf_unc_In,xs_Bkg_In,jerUp_unc_In)
PDF:                     RooProdPdf::model_s[ modelObs_s * nuisancePdf ] = 0.0033893

Input ModelConfig 'ModelConfig': 

=== Using the following for ModelConfig ===
Observables:             RooArgSet:: = (n_obs_binbin1)
Parameters of Interest:  RooArgSet:: = (r)
Nuisance Parameters:     RooArgSet:: = (lumi,jesUp_unc,pdf_unc,xs_Bkg,jerUp_unc)
Global Observables:      RooArgSet:: = (lumi_In,jesUp_unc_In,pdf_unc_In,xs_Bkg_In,jerUp_unc_In)
PDF:                     RooProdPdf::model_s[ modelObs_s * nuisancePdf ] = 0.0033893

[#1] INFO:ObjectHandling -- RooWorkspace::import(w) importing RooUniform::prior
Computing limit starting from observation
  1) RooRealVar:: n_obs_binbin1 = 131
Set default minimizer to Minuit2
  r = 40 +/- 0
[#1] INFO:Minization --  Including the following contraint terms in minimization: (nuisancePdf)
[#1] INFO:Fitting -- RooAddition::defaultErrorLevel(nll_model_s_data_obs_with_constr) Summation contains a RooNLLVar, using its error level
Minuit2Minimizer: Minimize with max-calls 2500 convergence for edm < 0.01 strategy 1
MnSeedGenerator: for initial parameters FCN = 10.5025
MnSeedGenerator: Initial state:   - FCN =   10.50247106146 Edm =      2.33997 NCalls =     21
VariableMetric: start iterating until Edm is < 1e-05
VariableMetric: Initial state   - FCN =   10.50247106146 Edm =      2.33997 NCalls =     21
VariableMetric: Iteration #   1 - FCN =   8.283548686025 Edm =   0.00112116 NCalls =     33
VariableMetric: Iteration #   2 - FCN =   8.282578566386 Edm =  1.29654e-10 NCalls =     45
VariableMetric: After Hessian   - FCN =   8.282578566386 Edm =  1.20856e-10 NCalls =     76
Number of iterations 4
----------> Iteration 0
            FVAL = 10.5024710615 Edm = 2.33996953647 Nfcn = 21
            Error matrix change = 1
            Parameters :  p0 = 0 p1 = 0 p2 = 0 p3 = 0 p4 = 0
----------> Iteration 1
            FVAL = 8.28354868603 Edm = 0.00112115840413 Nfcn = 33
            Error matrix change = 0.501309
            Parameters :  p0 = 0 p1 = 0 p2 = 0 p3 = 0 p4 = 0.777051
----------> Iteration 2
            FVAL = 8.28257856639 Edm = 1.29653944591e-10 Nfcn = 45
            Error matrix change = 0.251703
            Parameters :  p0 = 0 p1 = 0 p2 = 0 p3 = 0 p4 = 0.761548
----------> Iteration 3
            FVAL = 8.28257856639 Edm = 1.20856347778e-10 Nfcn = 76
            Error matrix change = 0
            Parameters :  p0 = 0 p1 = 0 p2 = 0 p3 = 0 p4 = 0.761548
Minuit2Minimizer : Valid minimum - status = 0
FVAL  = 8.28257856638632362
Edm   = 1.20856347778296385e-10
Nfcn  = 76
jerUp_unc	  = 0	 +/-  0.996602	(limited)
jesUp_unc	  = 0	 +/-  0.996602	(limited)
lumi	  = 0	 +/-  0.996602	(limited)
pdf_unc	  = 0	 +/-  0.996602	(limited)
xs_Bkg	  = 0.761548	 +/-  0.352118	(limited)
Zero signal fit
   0) jerUp_unc                      =         0
   1) jesUp_unc                      =         0
   2) lumi                           =         0
   3) pdf_unc                        =         0
   4) xs_Bkg                         =  0.761548

Fitting of the background hypothesis done in 0.29859 s
[#1] INFO:Fitting -- RooAddition::defaultErrorLevel(nll_model_s_data_obs_with_constr) Summation contains a RooNLLVar, using its error level
Minuit2Minimizer: Minimize with max-calls 2500 convergence for edm < 0.01 strategy 1
MnSeedGenerator: for initial parameters FCN = 12.6007
MnSeedGenerator: Initial state:   - FCN =   12.60073768833 Edm =      4.41028 NCalls =     21
VariableMetric: start iterating until Edm is < 1e-05
VariableMetric: Initial state   - FCN =   12.60073768833 Edm =      4.41028 NCalls =     21
VariableMetric: Iteration #   1 - FCN =   8.414420505898 Edm =     0.245249 NCalls =     32
VariableMetric: Iteration #   2 - FCN =   8.131764436087 Edm =   0.00215102 NCalls =     44
VariableMetric: Iteration #   3 - FCN =   8.129209187635 Edm =  1.58804e-06 NCalls =     56
VariableMetric: After Hessian   - FCN =   8.129209187635 Edm =   1.6319e-06 NCalls =     87
Number of iterations 5
----------> Iteration 0
            FVAL = 12.6007376883 Edm = 4.41027928664 Nfcn = 21
            Error matrix change = 1
            Parameters :  p0 = 0 p1 = 0 p2 = 0 p3 = 0 p4 = 0.761548
----------> Iteration 1
            FVAL = 8.4144205059 Edm = 0.245248764899 Nfcn = 32
            Error matrix change = 0.56282
            Parameters :  p0 = -0.335274 p1 = -0.411515 p2 = -0.381484 p3 = -0.483692 p4 = -0.35097
----------> Iteration 2
            FVAL = 8.13176443609 Edm = 0.00215101517246 Nfcn = 44
            Error matrix change = 0.344281
            Parameters :  p0 = -0.0273133 p1 = -0.0400207 p2 = -0.0345624 p3 = -0.0559537 p4 = -0.490398
----------> Iteration 3
            FVAL = 8.12920918763 Edm = 1.58804108764e-06 Nfcn = 56
            Error matrix change = 0.177914
            Parameters :  p0 = -0.0377633 p1 = -0.0461366 p2 = -0.0428308 p3 = -0.054232 p4 = -0.521164
----------> Iteration 4
            FVAL = 8.12920918763 Edm = 1.63190035538e-06 Nfcn = 87
            Error matrix change = 0
            Parameters :  p0 = -0.0377633 p1 = -0.0461366 p2 = -0.0428308 p3 = -0.054232 p4 = -0.521164
Minuit2Minimizer : Valid minimum - status = 0
FVAL  = 8.12920918763495948
Edm   = 1.63190035537718918e-06
Nfcn  = 87
jerUp_unc	  = -0.0377633	 +/-  0.993906	(limited)
jesUp_unc	  = -0.0461366	 +/-  0.992427	(limited)
lumi	  = -0.0428308	 +/-  0.993056	(limited)
pdf_unc	  = -0.054232	 +/-  0.990641	(limited)
xs_Bkg	  = -0.521164	 +/-  0.477967	(limited)
Reference signal fit
   0) jerUp_unc                      = -0.0377633
   1) jesUp_unc                      = -0.0461366
   2) lumi                           = -0.0428308
   3) pdf_unc                        = -0.054232
   4) xs_Bkg                         = -0.521164

Fitting of the signal-plus-background hypothesis done in 0.00235796 s
      Evaluation of p-values done in  6.18063 s
	CLs = 0.33829 +/- 0.0182243
      Evaluation of p-values done in  6.08816 s
	CLs = 0.347692 +/- 0.012941
      Evaluation of p-values done in  5.79522 s
	CLs = 0.352142 +/- 0.0106507
      Evaluation of p-values done in  5.92086 s
	CLs = 0.348311 +/- 0.00921258
      Evaluation of p-values done in  6.04698 s
	CLs = 0.352927 +/- 0.00831277
	CLs      = 0.352927 +/- 0.00831277
	CLb      = 0.803 +/- 0.00562478
	CLsplusb = 0.2834 +/- 0.00637314

Hybrid result saved as HypoTestResult_mh120_r40_1321411182 in higgsCombineTest.HybridNew.mH120.-2110786566.root : higgsCombineTest.HybridNew.mH120.-2110786566.root:/toys

 -- Hybrid New -- 
CLs = 0.352927 +/- 0.00831277
Total toys: 10000
Done in 0.00 min (cpu), 0.51 min (real)
