>>> including systematics
>>> using the Profile Likelihood test statistics modified for upper limits (Q_LHC)
>>> method used to compute upper limit is HybridNew
>>> Using OpenSSL to get a really random seed 
>>> Used OpenSSL to get a really random seed -1999144548
Adding /uscms_data/d2/lpcljm/sapta/SUSYSearch/LimitSetting/CMSSW_7_1_5/src to include path
Adding /cvmfs/cms.cern.ch/slc6_amd64_gcc481/lcg/roofit/5.34.18-cms3//include to include path
Input workspace 'w': 

RooWorkspace(w) w contents

variables
---------
(jerUp_unc,jerUp_unc_In,jesUp_unc,jesUp_unc_In,lumi,lumi_In,n_obs_binbin1,pdf_unc,pdf_unc_In,r,xs_Bkg,xs_Bkg_In)

p.d.f.s
-------
SimpleGaussianConstraint::jerUp_unc_Pdf[ x=jerUp_unc mean=jerUp_unc_In sigma=1 ] = 1
SimpleGaussianConstraint::jesUp_unc_Pdf[ x=jesUp_unc mean=jesUp_unc_In sigma=1 ] = 1
SimpleGaussianConstraint::lumi_Pdf[ x=lumi mean=lumi_In sigma=1 ] = 1
RooProdPdf::modelObs_b[ pdf_binbin1_bonly ] = 0.00271822
RooProdPdf::modelObs_s[ pdf_binbin1 ] = 0.0033893
RooProdPdf::model_b[ modelObs_b * nuisancePdf ] = 0.00271822
RooProdPdf::model_s[ modelObs_s * nuisancePdf ] = 0.0033893
RooProdPdf::nuisancePdf[ lumi_Pdf * jesUp_unc_Pdf * pdf_unc_Pdf * xs_Bkg_Pdf * jerUp_unc_Pdf ] = 1
RooPoisson::pdf_binbin1[ x=n_obs_binbin1 mean=n_exp_binbin1 ] = 0.0033893
RooPoisson::pdf_binbin1_bonly[ x=n_obs_binbin1 mean=n_exp_binbin1_bonly ] = 0.00271822
SimpleGaussianConstraint::pdf_unc_Pdf[ x=pdf_unc mean=pdf_unc_In sigma=1 ] = 1
SimpleGaussianConstraint::xs_Bkg_Pdf[ x=xs_Bkg mean=xs_Bkg_In sigma=1 ] = 1

functions
--------
RooAddition::n_exp_binbin1[ n_exp_binbin1_proc_BH + n_exp_binbin1_proc_Background ] = 107.821
RooAddition::n_exp_binbin1_bonly[ n_exp_binbin1_proc_Background ] = 106.821
ProcessNormalization::n_exp_binbin1_proc_BH[ thetaList=(lumi,jesUp_unc,pdf_unc,jerUp_unc) asymmThetaList=() otherFactorList=(r) ] = 1
ProcessNormalization::n_exp_binbin1_proc_Background[ thetaList=(xs_Bkg) asymmThetaList=() otherFactorList=() ] = 106.821

datasets
--------
RooDataSet::data_obs(n_obs_binbin1)

named sets
----------
ModelConfig_GlobalObservables:(lumi_In,jesUp_unc_In,pdf_unc_In,xs_Bkg_In,jerUp_unc_In)
ModelConfig_NuisParams:(lumi,jesUp_unc,pdf_unc,xs_Bkg,jerUp_unc)
ModelConfig_Observables:(n_obs_binbin1)
ModelConfig_POI:(r)
ModelConfig_bonly_GlobalObservables:(lumi_In,jesUp_unc_In,pdf_unc_In,xs_Bkg_In,jerUp_unc_In)
ModelConfig_bonly_NuisParams:(lumi,jesUp_unc,pdf_unc,xs_Bkg,jerUp_unc)
ModelConfig_bonly_Observables:(n_obs_binbin1)
ModelConfig_bonly_POI:(r)
POI:(r)
globalObservables:(lumi_In,jesUp_unc_In,pdf_unc_In,xs_Bkg_In,jerUp_unc_In)
nuisances:(lumi,jesUp_unc,pdf_unc,xs_Bkg,jerUp_unc)
observables:(n_obs_binbin1)

generic objects
---------------
RooStats::ModelConfig::ModelConfig
RooStats::ModelConfig::ModelConfig_bonly
RooArgSet::discreteParams

Workspace has a ModelConfig for signal called 'ModelConfig', with contents:

=== Using the following for ModelConfig ===
Observables:             RooArgSet:: = (n_obs_binbin1)
Parameters of Interest:  RooArgSet:: = (r)
Nuisance Parameters:     RooArgSet:: = (lumi,jesUp_unc,pdf_unc,xs_Bkg,jerUp_unc)
Global Observables:      RooArgSet:: = (lumi_In,jesUp_unc_In,pdf_unc_In,xs_Bkg_In,jerUp_unc_In)
PDF:                     RooProdPdf::model_s[ modelObs_s * nuisancePdf ] = 0.0033893

Input ModelConfig 'ModelConfig': 

=== Using the following for ModelConfig ===
Observables:             RooArgSet:: = (n_obs_binbin1)
Parameters of Interest:  RooArgSet:: = (r)
Nuisance Parameters:     RooArgSet:: = (lumi,jesUp_unc,pdf_unc,xs_Bkg,jerUp_unc)
Global Observables:      RooArgSet:: = (lumi_In,jesUp_unc_In,pdf_unc_In,xs_Bkg_In,jerUp_unc_In)
PDF:                     RooProdPdf::model_s[ modelObs_s * nuisancePdf ] = 0.0033893

[#1] INFO:ObjectHandling -- RooWorkspace::import(w) importing RooUniform::prior
Computing limit starting from observation
  1) RooRealVar:: n_obs_binbin1 = 131
Set default minimizer to Minuit2
  r = 60 +/- 0
[#1] INFO:Minization --  Including the following contraint terms in minimization: (nuisancePdf)
[#1] INFO:Fitting -- RooAddition::defaultErrorLevel(nll_model_s_data_obs_with_constr) Summation contains a RooNLLVar, using its error level
Minuit2Minimizer: Minimize with max-calls 2500 convergence for edm < 0.01 strategy 1
MnSeedGenerator: for initial parameters FCN = 10.5025
MnSeedGenerator: Initial state:   - FCN =   10.50247106146 Edm =      2.33997 NCalls =     21
VariableMetric: start iterating until Edm is < 1e-05
VariableMetric: Initial state   - FCN =   10.50247106146 Edm =      2.33997 NCalls =     21
VariableMetric: Iteration #   1 - FCN =   8.283548686025 Edm =   0.00112116 NCalls =     33
VariableMetric: Iteration #   2 - FCN =   8.282578566386 Edm =  1.29654e-10 NCalls =     45
VariableMetric: After Hessian   - FCN =   8.282578566386 Edm =  1.20856e-10 NCalls =     76
Number of iterations 4
----------> Iteration 0
            FVAL = 10.5024710615 Edm = 2.33996953647 Nfcn = 21
            Error matrix change = 1
            Parameters :  p0 = 0 p1 = 0 p2 = 0 p3 = 0 p4 = 0
----------> Iteration 1
            FVAL = 8.28354868603 Edm = 0.00112115840413 Nfcn = 33
            Error matrix change = 0.501309
            Parameters :  p0 = 0 p1 = 0 p2 = 0 p3 = 0 p4 = 0.777051
----------> Iteration 2
            FVAL = 8.28257856639 Edm = 1.29653944591e-10 Nfcn = 45
            Error matrix change = 0.251703
            Parameters :  p0 = 0 p1 = 0 p2 = 0 p3 = 0 p4 = 0.761548
----------> Iteration 3
            FVAL = 8.28257856639 Edm = 1.20856347778e-10 Nfcn = 76
            Error matrix change = 0
            Parameters :  p0 = 0 p1 = 0 p2 = 0 p3 = 0 p4 = 0.761548
Minuit2Minimizer : Valid minimum - status = 0
FVAL  = 8.28257856638632362
Edm   = 1.20856347778296385e-10
Nfcn  = 76
jerUp_unc	  = 0	 +/-  0.996602	(limited)
jesUp_unc	  = 0	 +/-  0.996602	(limited)
lumi	  = 0	 +/-  0.996602	(limited)
pdf_unc	  = 0	 +/-  0.996602	(limited)
xs_Bkg	  = 0.761548	 +/-  0.352118	(limited)
Zero signal fit
   0) jerUp_unc                      =         0
   1) jesUp_unc                      =         0
   2) lumi                           =         0
   3) pdf_unc                        =         0
   4) xs_Bkg                         =  0.761548

Fitting of the background hypothesis done in 0.278502 s
[#1] INFO:Fitting -- RooAddition::defaultErrorLevel(nll_model_s_data_obs_with_constr) Summation contains a RooNLLVar, using its error level
Minuit2Minimizer: Minimize with max-calls 2500 convergence for edm < 0.01 strategy 1
MnSeedGenerator: for initial parameters FCN = 17.8462
MnSeedGenerator: Initial state:   - FCN =   17.84620470846 Edm =      9.07044 NCalls =     21
VariableMetric: start iterating until Edm is < 1e-05
VariableMetric: Initial state   - FCN =   17.84620470846 Edm =      9.07044 NCalls =     21
VariableMetric: Iteration #   1 - FCN =   9.826503556602 Edm =     0.589673 NCalls =     33
VariableMetric: Iteration #   2 - FCN =   8.954308009798 Edm =    0.0110472 NCalls =     45
VariableMetric: Iteration #   3 - FCN =   8.940182960184 Edm =  3.17932e-05 NCalls =     57
VariableMetric: Iteration #   4 - FCN =   8.940149087134 Edm =  2.90691e-08 NCalls =     69
VariableMetric: After Hessian   - FCN =   8.940149087134 Edm =  3.10505e-08 NCalls =    100
Number of iterations 6
----------> Iteration 0
            FVAL = 17.8462047085 Edm = 9.07044388283 Nfcn = 21
            Error matrix change = 1
            Parameters :  p0 = 0 p1 = 0 p2 = 0 p3 = 0 p4 = 0.761548
----------> Iteration 1
            FVAL = 9.8265035566 Edm = 0.589673081734 Nfcn = 33
            Error matrix change = 0.582069
            Parameters :  p0 = -0.604762 p1 = -0.73331 p2 = -0.683277 p3 = -0.849934 p4 = -0.63161
----------> Iteration 2
            FVAL = 8.9543080098 Edm = 0.0110471539406 Nfcn = 45
            Error matrix change = 0.376423
            Parameters :  p0 = -0.102203 p1 = -0.150348 p2 = -0.129801 p3 = -0.20894 p4 = -1.08187
----------> Iteration 3
            FVAL = 8.94018296018 Edm = 3.17932173446e-05 Nfcn = 57
            Error matrix change = 0.199211
            Parameters :  p0 = -0.143098 p1 = -0.174315 p2 = -0.16193 p3 = -0.20533 p4 = -1.1546
----------> Iteration 4
            FVAL = 8.94014908713 Edm = 2.90691002201e-08 Nfcn = 69
            Error matrix change = 0.117259
            Parameters :  p0 = -0.137846 p1 = -0.171426 p2 = -0.158054 p3 = -0.204515 p4 = -1.15757
----------> Iteration 5
            FVAL = 8.94014908713 Edm = 3.1050489308e-08 Nfcn = 100
            Error matrix change = 0
            Parameters :  p0 = -0.137846 p1 = -0.171426 p2 = -0.158054 p3 = -0.204515 p4 = -1.15757
Minuit2Minimizer : Valid minimum - status = 0
FVAL  = 8.94014908713432987
Edm   = 3.10504893079940676e-08
Nfcn  = 100
jerUp_unc	  = -0.137846	 +/-  0.988822	(limited)
jesUp_unc	  = -0.171426	 +/-  0.984535	(limited)
lumi	  = -0.158054	 +/-  0.986359	(limited)
pdf_unc	  = -0.204515	 +/-  0.979344	(limited)
xs_Bkg	  = -1.15757	 +/-  0.548484	(limited)
Reference signal fit
   0) jerUp_unc                      = -0.137846
   1) jesUp_unc                      = -0.171426
   2) lumi                           = -0.158054
   3) pdf_unc                        = -0.204515
   4) xs_Bkg                         =  -1.15757

Fitting of the signal-plus-background hypothesis done in 0.00204515 s
      Evaluation of p-values done in  5.98853 s
	CLs = 0.123426 +/- 0.0120069
      Evaluation of p-values done in  5.77616 s
	CLs = 0.12055 +/- 0.00835711
      Evaluation of p-values done in  6.00198 s
	CLs = 0.120033 +/- 0.00682809
      Evaluation of p-values done in  5.8833 s
	CLs = 0.117537 +/- 0.00584404
      Evaluation of p-values done in  6.10148 s
	CLs = 0.114651 +/- 0.00517719
	CLs      = 0.114651 +/- 0.00517719
	CLb      = 0.7972 +/- 0.00568634
	CLsplusb = 0.0914 +/- 0.00407544

Hybrid result saved as HypoTestResult_mh120_r60_3037066924 in higgsCombineTest.HybridNew.mH120.-1999144548.root : higgsCombineTest.HybridNew.mH120.-1999144548.root:/toys

 -- Hybrid New -- 
CLs = 0.114651 +/- 0.00517719
Total toys: 10000
Done in 0.00 min (cpu), 0.50 min (real)
