>>> including systematics
>>> using the Profile Likelihood test statistics modified for upper limits (Q_LHC)
>>> method used to compute upper limit is HybridNew
>>> Using OpenSSL to get a really random seed 
>>> Used OpenSSL to get a really random seed -490069314
Adding /uscms_data/d2/lpcljm/sapta/SUSYSearch/LimitSetting/CMSSW_7_1_5/src to include path
Adding /cvmfs/cms.cern.ch/slc6_amd64_gcc481/lcg/roofit/5.34.18-cms3//include to include path
Input workspace 'w': 

RooWorkspace(w) w contents

variables
---------
(jerUp_unc,jerUp_unc_In,jesUp_unc,jesUp_unc_In,lumi,lumi_In,n_obs_binbin1,pdf_unc,pdf_unc_In,r,xs_Bkg,xs_Bkg_In)

p.d.f.s
-------
SimpleGaussianConstraint::jerUp_unc_Pdf[ x=jerUp_unc mean=jerUp_unc_In sigma=1 ] = 1
SimpleGaussianConstraint::jesUp_unc_Pdf[ x=jesUp_unc mean=jesUp_unc_In sigma=1 ] = 1
SimpleGaussianConstraint::lumi_Pdf[ x=lumi mean=lumi_In sigma=1 ] = 1
RooProdPdf::modelObs_b[ pdf_binbin1_bonly ] = 0.138366
RooProdPdf::modelObs_s[ pdf_binbin1 ] = 0.159831
RooProdPdf::model_b[ modelObs_b * nuisancePdf ] = 0.138366
RooProdPdf::model_s[ modelObs_s * nuisancePdf ] = 0.159831
RooProdPdf::nuisancePdf[ lumi_Pdf * jesUp_unc_Pdf * pdf_unc_Pdf * xs_Bkg_Pdf * jerUp_unc_Pdf ] = 1
RooPoisson::pdf_binbin1[ x=n_obs_binbin1 mean=n_exp_binbin1 ] = 0.159831
RooPoisson::pdf_binbin1_bonly[ x=n_obs_binbin1 mean=n_exp_binbin1_bonly ] = 0.138366
SimpleGaussianConstraint::pdf_unc_Pdf[ x=pdf_unc mean=pdf_unc_In sigma=1 ] = 1
SimpleGaussianConstraint::xs_Bkg_Pdf[ x=xs_Bkg mean=xs_Bkg_In sigma=1 ] = 1

functions
--------
RooAddition::n_exp_binbin1[ n_exp_binbin1_proc_BH + n_exp_binbin1_proc_Background ] = 5.75966
RooAddition::n_exp_binbin1_bonly[ n_exp_binbin1_proc_Background ] = 4.75966
ProcessNormalization::n_exp_binbin1_proc_BH[ thetaList=(lumi,jesUp_unc,pdf_unc,jerUp_unc) asymmThetaList=() otherFactorList=(r) ] = 1
ProcessNormalization::n_exp_binbin1_proc_Background[ thetaList=(xs_Bkg) asymmThetaList=() otherFactorList=() ] = 4.75966

datasets
--------
RooDataSet::data_obs(n_obs_binbin1)

named sets
----------
ModelConfig_GlobalObservables:(lumi_In,jesUp_unc_In,pdf_unc_In,xs_Bkg_In,jerUp_unc_In)
ModelConfig_NuisParams:(lumi,jesUp_unc,pdf_unc,xs_Bkg,jerUp_unc)
ModelConfig_Observables:(n_obs_binbin1)
ModelConfig_POI:(r)
ModelConfig_bonly_GlobalObservables:(lumi_In,jesUp_unc_In,pdf_unc_In,xs_Bkg_In,jerUp_unc_In)
ModelConfig_bonly_NuisParams:(lumi,jesUp_unc,pdf_unc,xs_Bkg,jerUp_unc)
ModelConfig_bonly_Observables:(n_obs_binbin1)
ModelConfig_bonly_POI:(r)
POI:(r)
globalObservables:(lumi_In,jesUp_unc_In,pdf_unc_In,xs_Bkg_In,jerUp_unc_In)
nuisances:(lumi,jesUp_unc,pdf_unc,xs_Bkg,jerUp_unc)
observables:(n_obs_binbin1)

generic objects
---------------
RooStats::ModelConfig::ModelConfig
RooStats::ModelConfig::ModelConfig_bonly
RooArgSet::discreteParams

Workspace has a ModelConfig for signal called 'ModelConfig', with contents:

=== Using the following for ModelConfig ===
Observables:             RooArgSet:: = (n_obs_binbin1)
Parameters of Interest:  RooArgSet:: = (r)
Nuisance Parameters:     RooArgSet:: = (lumi,jesUp_unc,pdf_unc,xs_Bkg,jerUp_unc)
Global Observables:      RooArgSet:: = (lumi_In,jesUp_unc_In,pdf_unc_In,xs_Bkg_In,jerUp_unc_In)
PDF:                     RooProdPdf::model_s[ modelObs_s * nuisancePdf ] = 0.159831

Input ModelConfig 'ModelConfig': 

=== Using the following for ModelConfig ===
Observables:             RooArgSet:: = (n_obs_binbin1)
Parameters of Interest:  RooArgSet:: = (r)
Nuisance Parameters:     RooArgSet:: = (lumi,jesUp_unc,pdf_unc,xs_Bkg,jerUp_unc)
Global Observables:      RooArgSet:: = (lumi_In,jesUp_unc_In,pdf_unc_In,xs_Bkg_In,jerUp_unc_In)
PDF:                     RooProdPdf::model_s[ modelObs_s * nuisancePdf ] = 0.159831

[#1] INFO:ObjectHandling -- RooWorkspace::import(w) importing RooUniform::prior
Computing limit starting from observation
  1) RooRealVar:: n_obs_binbin1 = 6
Set default minimizer to Minuit2
  r = 6 +/- 0
[#1] INFO:Minization --  Including the following contraint terms in minimization: (nuisancePdf)
[#1] INFO:Fitting -- RooAddition::defaultErrorLevel(nll_model_s_data_obs_with_constr) Summation contains a RooNLLVar, using its error level
Minuit2Minimizer: Minimize with max-calls 2500 convergence for edm < 0.01 strategy 1
MnSeedGenerator: for initial parameters FCN = 6.57255
MnSeedGenerator: Initial state:   - FCN =   6.572546455296 Edm =    0.0981507 NCalls =     21
VariableMetric: start iterating until Edm is < 1e-05
VariableMetric: Initial state   - FCN =   6.572546455296 Edm =    0.0981507 NCalls =     21
VariableMetric: Iteration #   1 - FCN =   6.477666232203 Edm =  0.000249005 NCalls =     32
VariableMetric: Iteration #   2 - FCN =   6.477440504384 Edm =  5.23635e-07 NCalls =     43
VariableMetric: After Hessian   - FCN =   6.477440504384 Edm =  5.01407e-07 NCalls =     74
Number of iterations 4
----------> Iteration 0
            FVAL = 6.5725464553 Edm = 0.0981506848255 Nfcn = 21
            Error matrix change = 1
            Parameters :  p0 = 0 p1 = 0 p2 = 0 p3 = 0 p4 = 0
----------> Iteration 1
            FVAL = 6.4776662322 Edm = 0.000249005356446 Nfcn = 32
            Error matrix change = 0.502153
            Parameters :  p0 = 0 p1 = 0 p2 = 0 p3 = 0 p4 = 0.277566
----------> Iteration 2
            FVAL = 6.47744050438 Edm = 5.23634508191e-07 Nfcn = 43
            Error matrix change = 0.253002
            Parameters :  p0 = 0 p1 = 0 p2 = 0 p3 = 0 p4 = 0.264263
----------> Iteration 3
            FVAL = 6.47744050438 Edm = 5.01407197484e-07 Nfcn = 74
            Error matrix change = 0
            Parameters :  p0 = 0 p1 = 0 p2 = 0 p3 = 0 p4 = 0.264263
Minuit2Minimizer : Valid minimum - status = 0
FVAL  = 6.47744050438411278
Edm   = 5.01407197484287949e-07
Nfcn  = 74
jerUp_unc	  = 0	 +/-  0.996602	(limited)
jesUp_unc	  = 0	 +/-  0.996602	(limited)
lumi	  = 0	 +/-  0.996602	(limited)
pdf_unc	  = 0	 +/-  0.996602	(limited)
xs_Bkg	  = 0.264263	 +/-  0.597094	(limited)
Zero signal fit
   0) jerUp_unc                      =         0
   1) jesUp_unc                      =         0
   2) lumi                           =         0
   3) pdf_unc                        =         0
   4) xs_Bkg                         =  0.264263

Fitting of the background hypothesis done in 0.290288 s
[#1] INFO:Fitting -- RooAddition::defaultErrorLevel(nll_model_s_data_obs_with_constr) Summation contains a RooNLLVar, using its error level
Minuit2Minimizer: Minimize with max-calls 2500 convergence for edm < 0.01 strategy 1
MnSeedGenerator: for initial parameters FCN = 8.07081
MnSeedGenerator: Initial state:   - FCN =   8.070812565034 Edm =     0.724632 NCalls =     21
VariableMetric: start iterating until Edm is < 1e-05
VariableMetric: Initial state   - FCN =   8.070812565034 Edm =     0.724632 NCalls =     21
VariableMetric: Iteration #   1 - FCN =   7.287681789917 Edm =   0.00731082 NCalls =     34
VariableMetric: Iteration #   2 - FCN =   7.279982930432 Edm =  3.18376e-05 NCalls =     45
VariableMetric: Iteration #   3 - FCN =   7.279944868924 Edm =  1.91335e-07 NCalls =     57
VariableMetric: After Hessian   - FCN =   7.279944868924 Edm =  2.00636e-07 NCalls =     88
Number of iterations 5
----------> Iteration 0
            FVAL = 8.07081256503 Edm = 0.724631724139 Nfcn = 21
            Error matrix change = 1
            Parameters :  p0 = 0 p1 = 0 p2 = 0 p3 = 0 p4 = 0.264263
----------> Iteration 1
            FVAL = 7.28768178992 Edm = 0.00731082041223 Nfcn = 34
            Error matrix change = 0.526934
            Parameters :  p0 = -0.126734 p1 = -0.157059 p2 = -0.145006 p3 = -0.186721 p4 = -0.608439
----------> Iteration 2
            FVAL = 7.27998293043 Edm = 3.18376414605e-05 Nfcn = 45
            Error matrix change = 0.275512
            Parameters :  p0 = -0.0804316 p1 = -0.100279 p2 = -0.0923478 p3 = -0.120072 p4 = -0.641912
----------> Iteration 3
            FVAL = 7.27994486892 Edm = 1.91334519108e-07 Nfcn = 57
            Error matrix change = 0.15863
            Parameters :  p0 = -0.0796858 p1 = -0.0991039 p2 = -0.0913603 p3 = -0.118327 p4 = -0.648589
----------> Iteration 4
            FVAL = 7.27994486892 Edm = 2.0063603144e-07 Nfcn = 88
            Error matrix change = 0
            Parameters :  p0 = -0.0796858 p1 = -0.0991039 p2 = -0.0913603 p3 = -0.118327 p4 = -0.648589
Minuit2Minimizer : Valid minimum - status = 0
FVAL  = 7.27994486892366943
Edm   = 2.00636031439629506e-07
Nfcn  = 88
jerUp_unc	  = -0.0796858	 +/-  0.993572	(limited)
jesUp_unc	  = -0.0991039	 +/-  0.99191	(limited)
lumi	  = -0.0913603	 +/-  0.992616	(limited)
pdf_unc	  = -0.118327	 +/-  0.989902	(limited)
xs_Bkg	  = -0.648589	 +/-  0.785282	(limited)
Reference signal fit
   0) jerUp_unc                      = -0.0796858
   1) jesUp_unc                      = -0.0991039
   2) lumi                           = -0.0913603
   3) pdf_unc                        = -0.118327
   4) xs_Bkg                         = -0.648589

Fitting of the signal-plus-background hypothesis done in 0.00231314 s
      Evaluation of p-values done in  5.77805 s
	CLs = 0.180556 +/- 0.0162402
      Evaluation of p-values done in  5.45542 s
	CLs = 0.174436 +/- 0.0111178
      Evaluation of p-values done in  5.47859 s
	CLs = 0.176296 +/- 0.00903814
      Evaluation of p-values done in  5.70678 s
	CLs = 0.18609 +/- 0.00802137
      Evaluation of p-values done in  5.50973 s
	CLs = 0.186777 +/- 0.00719462
	CLs      = 0.186777 +/- 0.00719462
	CLb      = 0.6746 +/- 0.00662593
	CLsplusb = 0.126 +/- 0.00469306

Hybrid result saved as HypoTestResult_mh120_r6_1290011679 in higgsCombineTest.HybridNew.mH120.-490069314.root : higgsCombineTest.HybridNew.mH120.-490069314.root:/toys

 -- Hybrid New -- 
CLs = 0.186777 +/- 0.00719462
Total toys: 10000
Done in 0.00 min (cpu), 0.47 min (real)
