>>> including systematics
>>> using the Profile Likelihood test statistics modified for upper limits (Q_LHC)
>>> method used to compute upper limit is HybridNew
>>> Using OpenSSL to get a really random seed 
>>> Used OpenSSL to get a really random seed 1794417087
Adding /uscms_data/d2/lpcljm/sapta/SUSYSearch/LimitSetting/CMSSW_7_1_5/src to include path
Adding /cvmfs/cms.cern.ch/slc6_amd64_gcc481/lcg/roofit/5.34.18-cms3//include to include path
Input workspace 'w': 

RooWorkspace(w) w contents

variables
---------
(jerUp_unc,jerUp_unc_In,jesUp_unc,jesUp_unc_In,lumi,lumi_In,n_obs_binbin1,pdf_unc,pdf_unc_In,r,xs_Bkg,xs_Bkg_In)

p.d.f.s
-------
SimpleGaussianConstraint::jerUp_unc_Pdf[ x=jerUp_unc mean=jerUp_unc_In sigma=1 ] = 1
SimpleGaussianConstraint::jesUp_unc_Pdf[ x=jesUp_unc mean=jesUp_unc_In sigma=1 ] = 1
SimpleGaussianConstraint::lumi_Pdf[ x=lumi mean=lumi_In sigma=1 ] = 1
RooProdPdf::modelObs_b[ pdf_binbin1_bonly ] = 0.0980701
RooProdPdf::modelObs_s[ pdf_binbin1 ] = 0.0784881
RooProdPdf::model_b[ modelObs_b * nuisancePdf ] = 0.0980701
RooProdPdf::model_s[ modelObs_s * nuisancePdf ] = 0.0784881
RooProdPdf::nuisancePdf[ lumi_Pdf * jesUp_unc_Pdf * pdf_unc_Pdf * xs_Bkg_Pdf * jerUp_unc_Pdf ] = 1
RooPoisson::pdf_binbin1[ x=n_obs_binbin1 mean=n_exp_binbin1 ] = 0.0784881
RooPoisson::pdf_binbin1_bonly[ x=n_obs_binbin1 mean=n_exp_binbin1_bonly ] = 0.0980701
SimpleGaussianConstraint::pdf_unc_Pdf[ x=pdf_unc mean=pdf_unc_In sigma=1 ] = 1
SimpleGaussianConstraint::xs_Bkg_Pdf[ x=xs_Bkg mean=xs_Bkg_In sigma=1 ] = 1

functions
--------
RooAddition::n_exp_binbin1[ n_exp_binbin1_proc_BH + n_exp_binbin1_proc_Background ] = 13.3721
RooAddition::n_exp_binbin1_bonly[ n_exp_binbin1_proc_Background ] = 12.3721
ProcessNormalization::n_exp_binbin1_proc_BH[ thetaList=(lumi,jesUp_unc,pdf_unc,jerUp_unc) asymmThetaList=() otherFactorList=(r) ] = 1
ProcessNormalization::n_exp_binbin1_proc_Background[ thetaList=(xs_Bkg) asymmThetaList=() otherFactorList=() ] = 12.3721

datasets
--------
RooDataSet::data_obs(n_obs_binbin1)

named sets
----------
ModelConfig_GlobalObservables:(lumi_In,jesUp_unc_In,pdf_unc_In,xs_Bkg_In,jerUp_unc_In)
ModelConfig_NuisParams:(lumi,jesUp_unc,pdf_unc,xs_Bkg,jerUp_unc)
ModelConfig_Observables:(n_obs_binbin1)
ModelConfig_POI:(r)
ModelConfig_bonly_GlobalObservables:(lumi_In,jesUp_unc_In,pdf_unc_In,xs_Bkg_In,jerUp_unc_In)
ModelConfig_bonly_NuisParams:(lumi,jesUp_unc,pdf_unc,xs_Bkg,jerUp_unc)
ModelConfig_bonly_Observables:(n_obs_binbin1)
ModelConfig_bonly_POI:(r)
POI:(r)
globalObservables:(lumi_In,jesUp_unc_In,pdf_unc_In,xs_Bkg_In,jerUp_unc_In)
nuisances:(lumi,jesUp_unc,pdf_unc,xs_Bkg,jerUp_unc)
observables:(n_obs_binbin1)

generic objects
---------------
RooStats::ModelConfig::ModelConfig
RooStats::ModelConfig::ModelConfig_bonly
RooArgSet::discreteParams

Workspace has a ModelConfig for signal called 'ModelConfig', with contents:

=== Using the following for ModelConfig ===
Observables:             RooArgSet:: = (n_obs_binbin1)
Parameters of Interest:  RooArgSet:: = (r)
Nuisance Parameters:     RooArgSet:: = (lumi,jesUp_unc,pdf_unc,xs_Bkg,jerUp_unc)
Global Observables:      RooArgSet:: = (lumi_In,jesUp_unc_In,pdf_unc_In,xs_Bkg_In,jerUp_unc_In)
PDF:                     RooProdPdf::model_s[ modelObs_s * nuisancePdf ] = 0.0784881

Input ModelConfig 'ModelConfig': 

=== Using the following for ModelConfig ===
Observables:             RooArgSet:: = (n_obs_binbin1)
Parameters of Interest:  RooArgSet:: = (r)
Nuisance Parameters:     RooArgSet:: = (lumi,jesUp_unc,pdf_unc,xs_Bkg,jerUp_unc)
Global Observables:      RooArgSet:: = (lumi_In,jesUp_unc_In,pdf_unc_In,xs_Bkg_In,jerUp_unc_In)
PDF:                     RooProdPdf::model_s[ modelObs_s * nuisancePdf ] = 0.0784881

[#1] INFO:ObjectHandling -- RooWorkspace::import(w) importing RooUniform::prior
Computing limit starting from observation
  1) RooRealVar:: n_obs_binbin1 = 10
Set default minimizer to Minuit2
  r = 6 +/- 0
[#1] INFO:Minization --  Including the following contraint terms in minimization: (nuisancePdf)
[#1] INFO:Fitting -- RooAddition::defaultErrorLevel(nll_model_s_data_obs_with_constr) Summation contains a RooNLLVar, using its error level
Minuit2Minimizer: Minimize with max-calls 2500 convergence for edm < 0.01 strategy 1
MnSeedGenerator: for initial parameters FCN = 6.91677
MnSeedGenerator: Initial state:   - FCN =   6.916765863509 Edm =     0.164699 NCalls =     21
VariableMetric: start iterating until Edm is < 1e-05
VariableMetric: Initial state   - FCN =   6.916765863509 Edm =     0.164699 NCalls =     21
VariableMetric: Iteration #   1 - FCN =   6.746736987439 Edm =  0.000383795 NCalls =     32
VariableMetric: Iteration #   2 - FCN =   6.746311917615 Edm =  4.10461e-10 NCalls =     44
VariableMetric: After Hessian   - FCN =   6.746311917615 Edm =  4.31203e-10 NCalls =     75
Number of iterations 4
----------> Iteration 0
            FVAL = 6.91676586351 Edm = 0.164698848026 Nfcn = 21
            Error matrix change = 1
            Parameters :  p0 = 0 p1 = 0 p2 = 0 p3 = 0 p4 = 0
----------> Iteration 1
            FVAL = 6.74673698744 Edm = 0.000383794994973 Nfcn = 32
            Error matrix change = 0.50163
            Parameters :  p0 = 0 p1 = 0 p2 = 0 p3 = 0 p4 = -0.301281
----------> Iteration 2
            FVAL = 6.74631191762 Edm = 4.10460566004e-10 Nfcn = 44
            Error matrix change = 0.252667
            Parameters :  p0 = 0 p1 = 0 p2 = 0 p3 = 0 p4 = -0.317376
----------> Iteration 3
            FVAL = 6.74631191762 Edm = 4.31202808681e-10 Nfcn = 75
            Error matrix change = 0
            Parameters :  p0 = 0 p1 = 0 p2 = 0 p3 = 0 p4 = -0.317376
Minuit2Minimizer : Valid minimum - status = 0
FVAL  = 6.74631191761549953
Edm   = 4.3120280868070113e-10
Nfcn  = 75
jerUp_unc	  = 0	 +/-  0.996602	(limited)
jesUp_unc	  = 0	 +/-  0.996602	(limited)
lumi	  = 0	 +/-  0.996602	(limited)
pdf_unc	  = 0	 +/-  0.996602	(limited)
xs_Bkg	  = -0.317376	 +/-  0.552482	(limited)
Zero signal fit
   0) jerUp_unc                      =         0
   1) jesUp_unc                      =         0
   2) lumi                           =         0
   3) pdf_unc                        =         0
   4) xs_Bkg                         = -0.317376

Fitting of the background hypothesis done in 0.207493 s
[#1] INFO:Fitting -- RooAddition::defaultErrorLevel(nll_model_s_data_obs_with_constr) Summation contains a RooNLLVar, using its error level
Minuit2Minimizer: Minimize with max-calls 2500 convergence for edm < 0.01 strategy 1
MnSeedGenerator: for initial parameters FCN = 8.29094
MnSeedGenerator: Initial state:   - FCN =   8.290936889888 Edm =      0.51835 NCalls =     21
VariableMetric: start iterating until Edm is < 1e-05
VariableMetric: Initial state   - FCN =   8.290936889888 Edm =      0.51835 NCalls =     21
VariableMetric: Iteration #   1 - FCN =   7.750027132302 Edm =   0.00701439 NCalls =     32
VariableMetric: Iteration #   2 - FCN =   7.741117501612 Edm =  2.43583e-05 NCalls =     44
VariableMetric: Iteration #   3 - FCN =   7.741091520087 Edm =  7.30034e-10 NCalls =     56
VariableMetric: After Hessian   - FCN =   7.741091520087 Edm =  7.33823e-10 NCalls =     87
Number of iterations 5
----------> Iteration 0
            FVAL = 8.29093688989 Edm = 0.518350445767 Nfcn = 21
            Error matrix change = 1
            Parameters :  p0 = 0 p1 = 0 p2 = 0 p3 = 0 p4 = -0.317376
----------> Iteration 1
            FVAL = 7.7500271323 Edm = 0.00701438944175 Nfcn = 32
            Error matrix change = 0.523645
            Parameters :  p0 = -0.0937817 p1 = -0.116302 p2 = -0.107345 p3 = -0.138379 p4 = -0.909029
----------> Iteration 2
            FVAL = 7.74111750161 Edm = 2.43582677738e-05 Nfcn = 44
            Error matrix change = 0.276145
            Parameters :  p0 = -0.0610067 p1 = -0.076094 p2 = -0.0700625 p3 = -0.091162 p4 = -0.98478
----------> Iteration 3
            FVAL = 7.74109152009 Edm = 7.30033701954e-10 Nfcn = 56
            Error matrix change = 0.149561
            Parameters :  p0 = -0.0633439 p1 = -0.0787834 p2 = -0.0726263 p3 = -0.0940688 p4 = -0.987821
----------> Iteration 4
            FVAL = 7.74109152009 Edm = 7.33822500494e-10 Nfcn = 87
            Error matrix change = 0
            Parameters :  p0 = -0.0633439 p1 = -0.0787834 p2 = -0.0726263 p3 = -0.0940688 p4 = -0.987821
Minuit2Minimizer : Valid minimum - status = 0
FVAL  = 7.7410915200872461
Edm   = 7.33822500494367829e-10
Nfcn  = 87
jerUp_unc	  = -0.0633439	 +/-  0.994475	(limited)
jesUp_unc	  = -0.0787834	 +/-  0.993308	(limited)
lumi	  = -0.0726263	 +/-  0.993804	(limited)
pdf_unc	  = -0.0940688	 +/-  0.9919	(limited)
xs_Bkg	  = -0.987821	 +/-  0.683359	(limited)
Reference signal fit
   0) jerUp_unc                      = -0.0633439
   1) jesUp_unc                      = -0.0787834
   2) lumi                           = -0.0726263
   3) pdf_unc                        = -0.0940688
   4) xs_Bkg                         = -0.987821

Fitting of the signal-plus-background hypothesis done in 0.00171304 s
      Evaluation of p-values done in  5.43311 s
	CLs = 0.233062 +/- 0.0258877
      Evaluation of p-values done in  5.84944 s
	CLs = 0.229765 +/- 0.0177787
      Evaluation of p-values done in  5.77293 s
	CLs = 0.233686 +/- 0.0147588
      Evaluation of p-values done in  5.64989 s
	CLs = 0.23913 +/- 0.0129077
      Evaluation of p-values done in  5.79503 s
	CLs = 0.230608 +/- 0.01129
	CLs      = 0.230608 +/- 0.01129
	CLb      = 0.3816 +/- 0.00686996
	CLsplusb = 0.088 +/- 0.00400639

Hybrid result saved as HypoTestResult_mh120_r6_683910571 in higgsCombineTest.HybridNew.mH120.1794417087.root : higgsCombineTest.HybridNew.mH120.1794417087.root:/toys

 -- Hybrid New -- 
CLs = 0.230608 +/- 0.01129
Total toys: 10000
Done in 0.00 min (cpu), 0.48 min (real)
