>>> including systematics
>>> using the Profile Likelihood test statistics modified for upper limits (Q_LHC)
>>> method used to compute upper limit is HybridNew
>>> Using OpenSSL to get a really random seed 
>>> Used OpenSSL to get a really random seed 261074419
Adding /uscms_data/d2/lpcljm/sapta/SUSYSearch/LimitSetting/CMSSW_7_1_5/src to include path
Adding /cvmfs/cms.cern.ch/slc6_amd64_gcc481/lcg/roofit/5.34.18-cms3//include to include path
Input workspace 'w': 

RooWorkspace(w) w contents

variables
---------
(jerUp_unc,jerUp_unc_In,jesUp_unc,jesUp_unc_In,lumi,lumi_In,n_obs_binbin1,pdf_unc,pdf_unc_In,r,xs_Bkg,xs_Bkg_In)

p.d.f.s
-------
SimpleGaussianConstraint::jerUp_unc_Pdf[ x=jerUp_unc mean=jerUp_unc_In sigma=1 ] = 1
SimpleGaussianConstraint::jesUp_unc_Pdf[ x=jesUp_unc mean=jesUp_unc_In sigma=1 ] = 1
SimpleGaussianConstraint::lumi_Pdf[ x=lumi mean=lumi_In sigma=1 ] = 1
RooProdPdf::modelObs_b[ pdf_binbin1_bonly ] = 0.0980701
RooProdPdf::modelObs_s[ pdf_binbin1 ] = 0.0784881
RooProdPdf::model_b[ modelObs_b * nuisancePdf ] = 0.0980701
RooProdPdf::model_s[ modelObs_s * nuisancePdf ] = 0.0784881
RooProdPdf::nuisancePdf[ lumi_Pdf * jesUp_unc_Pdf * pdf_unc_Pdf * xs_Bkg_Pdf * jerUp_unc_Pdf ] = 1
RooPoisson::pdf_binbin1[ x=n_obs_binbin1 mean=n_exp_binbin1 ] = 0.0784881
RooPoisson::pdf_binbin1_bonly[ x=n_obs_binbin1 mean=n_exp_binbin1_bonly ] = 0.0980701
SimpleGaussianConstraint::pdf_unc_Pdf[ x=pdf_unc mean=pdf_unc_In sigma=1 ] = 1
SimpleGaussianConstraint::xs_Bkg_Pdf[ x=xs_Bkg mean=xs_Bkg_In sigma=1 ] = 1

functions
--------
RooAddition::n_exp_binbin1[ n_exp_binbin1_proc_BH + n_exp_binbin1_proc_Background ] = 13.3721
RooAddition::n_exp_binbin1_bonly[ n_exp_binbin1_proc_Background ] = 12.3721
ProcessNormalization::n_exp_binbin1_proc_BH[ thetaList=(lumi,jesUp_unc,pdf_unc,jerUp_unc) asymmThetaList=() otherFactorList=(r) ] = 1
ProcessNormalization::n_exp_binbin1_proc_Background[ thetaList=(xs_Bkg) asymmThetaList=() otherFactorList=() ] = 12.3721

datasets
--------
RooDataSet::data_obs(n_obs_binbin1)

named sets
----------
ModelConfig_GlobalObservables:(lumi_In,jesUp_unc_In,pdf_unc_In,xs_Bkg_In,jerUp_unc_In)
ModelConfig_NuisParams:(lumi,jesUp_unc,pdf_unc,xs_Bkg,jerUp_unc)
ModelConfig_Observables:(n_obs_binbin1)
ModelConfig_POI:(r)
ModelConfig_bonly_GlobalObservables:(lumi_In,jesUp_unc_In,pdf_unc_In,xs_Bkg_In,jerUp_unc_In)
ModelConfig_bonly_NuisParams:(lumi,jesUp_unc,pdf_unc,xs_Bkg,jerUp_unc)
ModelConfig_bonly_Observables:(n_obs_binbin1)
ModelConfig_bonly_POI:(r)
POI:(r)
globalObservables:(lumi_In,jesUp_unc_In,pdf_unc_In,xs_Bkg_In,jerUp_unc_In)
nuisances:(lumi,jesUp_unc,pdf_unc,xs_Bkg,jerUp_unc)
observables:(n_obs_binbin1)

generic objects
---------------
RooStats::ModelConfig::ModelConfig
RooStats::ModelConfig::ModelConfig_bonly
RooArgSet::discreteParams

Workspace has a ModelConfig for signal called 'ModelConfig', with contents:

=== Using the following for ModelConfig ===
Observables:             RooArgSet:: = (n_obs_binbin1)
Parameters of Interest:  RooArgSet:: = (r)
Nuisance Parameters:     RooArgSet:: = (lumi,jesUp_unc,pdf_unc,xs_Bkg,jerUp_unc)
Global Observables:      RooArgSet:: = (lumi_In,jesUp_unc_In,pdf_unc_In,xs_Bkg_In,jerUp_unc_In)
PDF:                     RooProdPdf::model_s[ modelObs_s * nuisancePdf ] = 0.0784881

Input ModelConfig 'ModelConfig': 

=== Using the following for ModelConfig ===
Observables:             RooArgSet:: = (n_obs_binbin1)
Parameters of Interest:  RooArgSet:: = (r)
Nuisance Parameters:     RooArgSet:: = (lumi,jesUp_unc,pdf_unc,xs_Bkg,jerUp_unc)
Global Observables:      RooArgSet:: = (lumi_In,jesUp_unc_In,pdf_unc_In,xs_Bkg_In,jerUp_unc_In)
PDF:                     RooProdPdf::model_s[ modelObs_s * nuisancePdf ] = 0.0784881

[#1] INFO:ObjectHandling -- RooWorkspace::import(w) importing RooUniform::prior
Computing limit starting from observation
  1) RooRealVar:: n_obs_binbin1 = 10
Set default minimizer to Minuit2
  r = 7 +/- 0
[#1] INFO:Minization --  Including the following contraint terms in minimization: (nuisancePdf)
[#1] INFO:Fitting -- RooAddition::defaultErrorLevel(nll_model_s_data_obs_with_constr) Summation contains a RooNLLVar, using its error level
Minuit2Minimizer: Minimize with max-calls 2500 convergence for edm < 0.01 strategy 1
MnSeedGenerator: for initial parameters FCN = 6.91677
MnSeedGenerator: Initial state:   - FCN =   6.916765863509 Edm =     0.164699 NCalls =     21
VariableMetric: start iterating until Edm is < 1e-05
VariableMetric: Initial state   - FCN =   6.916765863509 Edm =     0.164699 NCalls =     21
VariableMetric: Iteration #   1 - FCN =   6.746736987439 Edm =  0.000383795 NCalls =     32
VariableMetric: Iteration #   2 - FCN =   6.746311917615 Edm =  4.10461e-10 NCalls =     44
VariableMetric: After Hessian   - FCN =   6.746311917615 Edm =  4.31203e-10 NCalls =     75
Number of iterations 4
----------> Iteration 0
            FVAL = 6.91676586351 Edm = 0.164698848026 Nfcn = 21
            Error matrix change = 1
            Parameters :  p0 = 0 p1 = 0 p2 = 0 p3 = 0 p4 = 0
----------> Iteration 1
            FVAL = 6.74673698744 Edm = 0.000383794994973 Nfcn = 32
            Error matrix change = 0.50163
            Parameters :  p0 = 0 p1 = 0 p2 = 0 p3 = 0 p4 = -0.301281
----------> Iteration 2
            FVAL = 6.74631191762 Edm = 4.10460566004e-10 Nfcn = 44
            Error matrix change = 0.252667
            Parameters :  p0 = 0 p1 = 0 p2 = 0 p3 = 0 p4 = -0.317376
----------> Iteration 3
            FVAL = 6.74631191762 Edm = 4.31202808681e-10 Nfcn = 75
            Error matrix change = 0
            Parameters :  p0 = 0 p1 = 0 p2 = 0 p3 = 0 p4 = -0.317376
Minuit2Minimizer : Valid minimum - status = 0
FVAL  = 6.74631191761549953
Edm   = 4.3120280868070113e-10
Nfcn  = 75
jerUp_unc	  = 0	 +/-  0.996602	(limited)
jesUp_unc	  = 0	 +/-  0.996602	(limited)
lumi	  = 0	 +/-  0.996602	(limited)
pdf_unc	  = 0	 +/-  0.996602	(limited)
xs_Bkg	  = -0.317376	 +/-  0.552482	(limited)
Zero signal fit
   0) jerUp_unc                      =         0
   1) jesUp_unc                      =         0
   2) lumi                           =         0
   3) pdf_unc                        =         0
   4) xs_Bkg                         = -0.317376

Fitting of the background hypothesis done in 0.194214 s
[#1] INFO:Fitting -- RooAddition::defaultErrorLevel(nll_model_s_data_obs_with_constr) Summation contains a RooNLLVar, using its error level
Minuit2Minimizer: Minimize with max-calls 2500 convergence for edm < 0.01 strategy 1
MnSeedGenerator: for initial parameters FCN = 8.709
MnSeedGenerator: Initial state:   - FCN =   8.709002434228 Edm =      0.64214 NCalls =     19
VariableMetric: start iterating until Edm is < 1e-05
VariableMetric: Initial state   - FCN =   8.709002434228 Edm =      0.64214 NCalls =     19
VariableMetric: Iteration #   1 - FCN =   8.038941966103 Edm =   0.00980771 NCalls =     30
VariableMetric: Iteration #   2 - FCN =   8.026238495101 Edm =  4.14624e-05 NCalls =     42
VariableMetric: Iteration #   3 - FCN =   8.026193904575 Edm =  1.84835e-09 NCalls =     54
VariableMetric: After Hessian   - FCN =   8.026193904575 Edm =  1.86635e-09 NCalls =     85
Number of iterations 5
----------> Iteration 0
            FVAL = 8.70900243423 Edm = 0.642140015315 Nfcn = 19
            Error matrix change = 1
            Parameters :  p0 = 0 p1 = 0 p2 = 0 p3 = 0 p4 = -0.317376
----------> Iteration 1
            FVAL = 8.0389419661 Edm = 0.00980771376187 Nfcn = 30
            Error matrix change = 0.526403
            Parameters :  p0 = -0.118492 p1 = -0.146833 p2 = -0.135569 p3 = -0.174546 p4 = -0.972464
----------> Iteration 2
            FVAL = 8.0262384951 Edm = 4.14623795738e-05 Nfcn = 42
            Error matrix change = 0.279099
            Parameters :  p0 = -0.0795246 p1 = -0.0992446 p2 = -0.0913576 p3 = -0.118969 p4 = -1.06461
----------> Iteration 3
            FVAL = 8.02619390458 Edm = 1.84834625865e-09 Nfcn = 54
            Error matrix change = 0.152143
            Parameters :  p0 = -0.082613 p1 = -0.102744 p2 = -0.0947162 p3 = -0.122672 p4 = -1.06868
----------> Iteration 4
            FVAL = 8.02619390458 Edm = 1.866350965e-09 Nfcn = 85
            Error matrix change = 0
            Parameters :  p0 = -0.082613 p1 = -0.102744 p2 = -0.0947162 p3 = -0.122672 p4 = -1.06868
Minuit2Minimizer : Valid minimum - status = 0
FVAL  = 8.02619390457526372
Edm   = 1.86635096500296372e-09
Nfcn  = 85
jerUp_unc	  = -0.082613	 +/-  0.993851	(limited)
jesUp_unc	  = -0.102744	 +/-  0.992342	(limited)
lumi	  = -0.0947162	 +/-  0.992984	(limited)
pdf_unc	  = -0.122672	 +/-  0.99052	(limited)
xs_Bkg	  = -1.06868	 +/-  0.694896	(limited)
Reference signal fit
   0) jerUp_unc                      = -0.082613
   1) jesUp_unc                      = -0.102744
   2) lumi                           = -0.0947162
   3) pdf_unc                        = -0.122672
   4) xs_Bkg                         =  -1.06868

Fitting of the signal-plus-background hypothesis done in 0.00240612 s
      Evaluation of p-values done in  5.71994 s
	CLs = 0.201072 +/- 0.0238034
      Evaluation of p-values done in  5.49821 s
	CLs = 0.174419 +/- 0.0153046
      Evaluation of p-values done in  5.48711 s
	CLs = 0.162069 +/- 0.0120352
      Evaluation of p-values done in  6.04922 s
	CLs = 0.167207 +/- 0.0106068
      Evaluation of p-values done in  5.52084 s
	CLs = 0.1695 +/- 0.00952029
	CLs      = 0.1695 +/- 0.00952029
	CLb      = 0.3882 +/- 0.00689204
	CLsplusb = 0.0658 +/- 0.00350629

Hybrid result saved as HypoTestResult_mh120_r7_1981210205 in higgsCombineTest.HybridNew.mH120.261074419.root : higgsCombineTest.HybridNew.mH120.261074419.root:/toys

 -- Hybrid New -- 
CLs = 0.1695 +/- 0.00952029
Total toys: 10000
Done in 0.00 min (cpu), 0.48 min (real)
