>>> including systematics
>>> using the Profile Likelihood test statistics modified for upper limits (Q_LHC)
>>> method used to compute upper limit is HybridNew
>>> Using OpenSSL to get a really random seed 
>>> Used OpenSSL to get a really random seed 1234106308
Adding /uscms_data/d2/lpcljm/sapta/SUSYSearch/LimitSetting/CMSSW_7_1_5/src to include path
Adding /cvmfs/cms.cern.ch/slc6_amd64_gcc481/lcg/roofit/5.34.18-cms3//include to include path
Input workspace 'w': 

RooWorkspace(w) w contents

variables
---------
(jerUp_unc,jerUp_unc_In,jesUp_unc,jesUp_unc_In,lumi,lumi_In,n_obs_binbin1,pdf_unc,pdf_unc_In,r,xs_Bkg,xs_Bkg_In)

p.d.f.s
-------
SimpleGaussianConstraint::jerUp_unc_Pdf[ x=jerUp_unc mean=jerUp_unc_In sigma=1 ] = 1
SimpleGaussianConstraint::jesUp_unc_Pdf[ x=jesUp_unc mean=jesUp_unc_In sigma=1 ] = 1
SimpleGaussianConstraint::lumi_Pdf[ x=lumi mean=lumi_In sigma=1 ] = 1
RooProdPdf::modelObs_b[ pdf_binbin1_bonly ] = 0.00271822
RooProdPdf::modelObs_s[ pdf_binbin1 ] = 0.0033893
RooProdPdf::model_b[ modelObs_b * nuisancePdf ] = 0.00271822
RooProdPdf::model_s[ modelObs_s * nuisancePdf ] = 0.0033893
RooProdPdf::nuisancePdf[ lumi_Pdf * jesUp_unc_Pdf * pdf_unc_Pdf * xs_Bkg_Pdf * jerUp_unc_Pdf ] = 1
RooPoisson::pdf_binbin1[ x=n_obs_binbin1 mean=n_exp_binbin1 ] = 0.0033893
RooPoisson::pdf_binbin1_bonly[ x=n_obs_binbin1 mean=n_exp_binbin1_bonly ] = 0.00271822
SimpleGaussianConstraint::pdf_unc_Pdf[ x=pdf_unc mean=pdf_unc_In sigma=1 ] = 1
SimpleGaussianConstraint::xs_Bkg_Pdf[ x=xs_Bkg mean=xs_Bkg_In sigma=1 ] = 1

functions
--------
RooAddition::n_exp_binbin1[ n_exp_binbin1_proc_BH + n_exp_binbin1_proc_Background ] = 107.821
RooAddition::n_exp_binbin1_bonly[ n_exp_binbin1_proc_Background ] = 106.821
ProcessNormalization::n_exp_binbin1_proc_BH[ thetaList=(lumi,jesUp_unc,pdf_unc,jerUp_unc) asymmThetaList=() otherFactorList=(r) ] = 1
ProcessNormalization::n_exp_binbin1_proc_Background[ thetaList=(xs_Bkg) asymmThetaList=() otherFactorList=() ] = 106.821

datasets
--------
RooDataSet::data_obs(n_obs_binbin1)

named sets
----------
ModelConfig_GlobalObservables:(lumi_In,jesUp_unc_In,pdf_unc_In,xs_Bkg_In,jerUp_unc_In)
ModelConfig_NuisParams:(lumi,jesUp_unc,pdf_unc,xs_Bkg,jerUp_unc)
ModelConfig_Observables:(n_obs_binbin1)
ModelConfig_POI:(r)
ModelConfig_bonly_GlobalObservables:(lumi_In,jesUp_unc_In,pdf_unc_In,xs_Bkg_In,jerUp_unc_In)
ModelConfig_bonly_NuisParams:(lumi,jesUp_unc,pdf_unc,xs_Bkg,jerUp_unc)
ModelConfig_bonly_Observables:(n_obs_binbin1)
ModelConfig_bonly_POI:(r)
POI:(r)
globalObservables:(lumi_In,jesUp_unc_In,pdf_unc_In,xs_Bkg_In,jerUp_unc_In)
nuisances:(lumi,jesUp_unc,pdf_unc,xs_Bkg,jerUp_unc)
observables:(n_obs_binbin1)

generic objects
---------------
RooStats::ModelConfig::ModelConfig
RooStats::ModelConfig::ModelConfig_bonly
RooArgSet::discreteParams

Workspace has a ModelConfig for signal called 'ModelConfig', with contents:

=== Using the following for ModelConfig ===
Observables:             RooArgSet:: = (n_obs_binbin1)
Parameters of Interest:  RooArgSet:: = (r)
Nuisance Parameters:     RooArgSet:: = (lumi,jesUp_unc,pdf_unc,xs_Bkg,jerUp_unc)
Global Observables:      RooArgSet:: = (lumi_In,jesUp_unc_In,pdf_unc_In,xs_Bkg_In,jerUp_unc_In)
PDF:                     RooProdPdf::model_s[ modelObs_s * nuisancePdf ] = 0.0033893

Input ModelConfig 'ModelConfig': 

=== Using the following for ModelConfig ===
Observables:             RooArgSet:: = (n_obs_binbin1)
Parameters of Interest:  RooArgSet:: = (r)
Nuisance Parameters:     RooArgSet:: = (lumi,jesUp_unc,pdf_unc,xs_Bkg,jerUp_unc)
Global Observables:      RooArgSet:: = (lumi_In,jesUp_unc_In,pdf_unc_In,xs_Bkg_In,jerUp_unc_In)
PDF:                     RooProdPdf::model_s[ modelObs_s * nuisancePdf ] = 0.0033893

[#1] INFO:ObjectHandling -- RooWorkspace::import(w) importing RooUniform::prior
Computing limit starting from observation
  1) RooRealVar:: n_obs_binbin1 = 131
Set default minimizer to Minuit2
  r = 80 +/- 0
[#1] INFO:Minization --  Including the following contraint terms in minimization: (nuisancePdf)
[#1] INFO:Fitting -- RooAddition::defaultErrorLevel(nll_model_s_data_obs_with_constr) Summation contains a RooNLLVar, using its error level
Minuit2Minimizer: Minimize with max-calls 2500 convergence for edm < 0.01 strategy 1
MnSeedGenerator: for initial parameters FCN = 10.5025
MnSeedGenerator: Initial state:   - FCN =   10.50247106146 Edm =      2.33997 NCalls =     21
VariableMetric: start iterating until Edm is < 1e-05
VariableMetric: Initial state   - FCN =   10.50247106146 Edm =      2.33997 NCalls =     21
VariableMetric: Iteration #   1 - FCN =   8.283548686025 Edm =   0.00112116 NCalls =     33
VariableMetric: Iteration #   2 - FCN =   8.282578566386 Edm =  1.29654e-10 NCalls =     45
VariableMetric: After Hessian   - FCN =   8.282578566386 Edm =  1.20856e-10 NCalls =     76
Number of iterations 4
----------> Iteration 0
            FVAL = 10.5024710615 Edm = 2.33996953647 Nfcn = 21
            Error matrix change = 1
            Parameters :  p0 = 0 p1 = 0 p2 = 0 p3 = 0 p4 = 0
----------> Iteration 1
            FVAL = 8.28354868603 Edm = 0.00112115840413 Nfcn = 33
            Error matrix change = 0.501309
            Parameters :  p0 = 0 p1 = 0 p2 = 0 p3 = 0 p4 = 0.777051
----------> Iteration 2
            FVAL = 8.28257856639 Edm = 1.29653944591e-10 Nfcn = 45
            Error matrix change = 0.251703
            Parameters :  p0 = 0 p1 = 0 p2 = 0 p3 = 0 p4 = 0.761548
----------> Iteration 3
            FVAL = 8.28257856639 Edm = 1.20856347778e-10 Nfcn = 76
            Error matrix change = 0
            Parameters :  p0 = 0 p1 = 0 p2 = 0 p3 = 0 p4 = 0.761548
Minuit2Minimizer : Valid minimum - status = 0
FVAL  = 8.28257856638632362
Edm   = 1.20856347778296385e-10
Nfcn  = 76
jerUp_unc	  = 0	 +/-  0.996602	(limited)
jesUp_unc	  = 0	 +/-  0.996602	(limited)
lumi	  = 0	 +/-  0.996602	(limited)
pdf_unc	  = 0	 +/-  0.996602	(limited)
xs_Bkg	  = 0.761548	 +/-  0.352118	(limited)
Zero signal fit
   0) jerUp_unc                      =         0
   1) jesUp_unc                      =         0
   2) lumi                           =         0
   3) pdf_unc                        =         0
   4) xs_Bkg                         =  0.761548

Fitting of the background hypothesis done in 0.301912 s
[#1] INFO:Fitting -- RooAddition::defaultErrorLevel(nll_model_s_data_obs_with_constr) Summation contains a RooNLLVar, using its error level
Minuit2Minimizer: Minimize with max-calls 2500 convergence for edm < 0.01 strategy 1
MnSeedGenerator: for initial parameters FCN = 24.5865
MnSeedGenerator: Initial state:   - FCN =   24.58652867906 Edm =      15.0454 NCalls =     21
VariableMetric: start iterating until Edm is < 1e-05
VariableMetric: Initial state   - FCN =   24.58652867906 Edm =      15.0454 NCalls =     21
VariableMetric: Iteration #   1 - FCN =    12.1631338478 Edm =      1.00429 NCalls =     33
VariableMetric: Iteration #   2 - FCN =    10.5273452989 Edm =    0.0338235 NCalls =     45
VariableMetric: Iteration #   3 - FCN =   10.48075899839 Edm =  0.000260285 NCalls =     57
VariableMetric: Iteration #   4 - FCN =   10.48047432854 Edm =  5.48444e-07 NCalls =     69
VariableMetric: After Hessian   - FCN =   10.48047432854 Edm =  6.07605e-07 NCalls =    100
Number of iterations 6
----------> Iteration 0
            FVAL = 24.5865286791 Edm = 15.045369772 Nfcn = 21
            Error matrix change = 1
            Parameters :  p0 = 0 p1 = 0 p2 = 0 p3 = 0 p4 = 0.761548
----------> Iteration 1
            FVAL = 12.1631338478 Edm = 1.00428727655 Nfcn = 33
            Error matrix change = 0.592588
            Parameters :  p0 = -0.902174 p1 = -1.07952 p2 = -1.01144 p3 = -1.23278 p4 = -0.860144
----------> Iteration 2
            FVAL = 10.5273452989 Edm = 0.0338234863038 Nfcn = 45
            Error matrix change = 0.391106
            Parameters :  p0 = -0.226491 p1 = -0.334329 p2 = -0.288688 p3 = -0.460875 p4 = -1.56724
----------> Iteration 3
            FVAL = 10.4807589984 Edm = 0.000260285110788 Nfcn = 57
            Error matrix change = 0.214933
            Parameters :  p0 = -0.312212 p1 = -0.379207 p2 = -0.352422 p3 = -0.448124 p4 = -1.70365
----------> Iteration 4
            FVAL = 10.4804743285 Edm = 5.48444284466e-07 Nfcn = 69
            Error matrix change = 0.129882
            Parameters :  p0 = -0.298818 p1 = -0.371243 p2 = -0.342431 p3 = -0.442574 p4 = -1.71423
----------> Iteration 5
            FVAL = 10.4804743285 Edm = 6.07604799166e-07 Nfcn = 100
            Error matrix change = 0
            Parameters :  p0 = -0.298818 p1 = -0.371243 p2 = -0.342431 p3 = -0.442574 p4 = -1.71423
Minuit2Minimizer : Valid minimum - status = 0
FVAL  = 10.480474328539767
Edm   = 6.07604799165719408e-07
Nfcn  = 100
jerUp_unc	  = -0.298818	 +/-  0.982128	(limited)
jesUp_unc	  = -0.371243	 +/-  0.974108	(limited)
lumi	  = -0.342431	 +/-  0.977524	(limited)
pdf_unc	  = -0.442574	 +/-  0.964351	(limited)
xs_Bkg	  = -1.71423	 +/-  0.603517	(limited)
Reference signal fit
   0) jerUp_unc                      = -0.298818
   1) jesUp_unc                      = -0.371243
   2) lumi                           = -0.342431
   3) pdf_unc                        = -0.442574
   4) xs_Bkg                         =  -1.71423

Fitting of the signal-plus-background hypothesis done in 0.00250196 s
      Evaluation of p-values done in  6.3288 s
	CLs = 0.0211443 +/- 0.00509517
      Evaluation of p-values done in  6.21164 s
	CLs = 0.0177552 +/- 0.00333819
      Evaluation of p-values done in  5.91598 s
	CLs = 0.0192953 +/- 0.00282872
      Evaluation of p-values done in  6.0173 s
	CLs = 0.0205696 +/- 0.00253608
      Evaluation of p-values done in  6.07745 s
	CLs = 0.0187722 +/- 0.00217038
	CLs      = 0.0187722 +/- 0.00217038
	CLb      = 0.7884 +/- 0.00577625
	CLsplusb = 0.0148 +/- 0.00170769

Hybrid result saved as HypoTestResult_mh120_r80_114825621 in higgsCombineTest.HybridNew.mH120.1234106308.root : higgsCombineTest.HybridNew.mH120.1234106308.root:/toys

 -- Hybrid New -- 
CLs = 0.0187722 +/- 0.00217038
Total toys: 10000
Done in 0.00 min (cpu), 0.51 min (real)
