>>> including systematics
>>> using the Profile Likelihood test statistics modified for upper limits (Q_LHC)
>>> method used to compute upper limit is HybridNew
>>> Using OpenSSL to get a really random seed 
>>> Used OpenSSL to get a really random seed 2090954413
Adding /uscms_data/d2/lpcljm/sapta/SUSYSearch/LimitSetting/CMSSW_7_1_5/src to include path
Adding /cvmfs/cms.cern.ch/slc6_amd64_gcc481/lcg/roofit/5.34.18-cms3//include to include path
Input workspace 'w': 

RooWorkspace(w) w contents

variables
---------
(jerUp_unc,jerUp_unc_In,jesUp_unc,jesUp_unc_In,lumi,lumi_In,n_obs_binbin1,pdf_unc,pdf_unc_In,r,xs_Bkg,xs_Bkg_In)

p.d.f.s
-------
SimpleGaussianConstraint::jerUp_unc_Pdf[ x=jerUp_unc mean=jerUp_unc_In sigma=1 ] = 1
SimpleGaussianConstraint::jesUp_unc_Pdf[ x=jesUp_unc mean=jesUp_unc_In sigma=1 ] = 1
SimpleGaussianConstraint::lumi_Pdf[ x=lumi mean=lumi_In sigma=1 ] = 1
RooProdPdf::modelObs_b[ pdf_binbin1_bonly ] = 0.164558
RooProdPdf::modelObs_s[ pdf_binbin1 ] = 0.223012
RooProdPdf::model_b[ modelObs_b * nuisancePdf ] = 0.164558
RooProdPdf::model_s[ modelObs_s * nuisancePdf ] = 0.223012
RooProdPdf::nuisancePdf[ lumi_Pdf * jesUp_unc_Pdf * pdf_unc_Pdf * xs_Bkg_Pdf * jerUp_unc_Pdf ] = 1
RooPoisson::pdf_binbin1[ x=n_obs_binbin1 mean=n_exp_binbin1 ] = 0.223012
RooPoisson::pdf_binbin1_bonly[ x=n_obs_binbin1 mean=n_exp_binbin1_bonly ] = 0.164558
SimpleGaussianConstraint::pdf_unc_Pdf[ x=pdf_unc mean=pdf_unc_In sigma=1 ] = 1
SimpleGaussianConstraint::xs_Bkg_Pdf[ x=xs_Bkg mean=xs_Bkg_In sigma=1 ] = 1

functions
--------
RooAddition::n_exp_binbin1[ n_exp_binbin1_proc_BH + n_exp_binbin1_proc_Background ] = 2.83679
RooAddition::n_exp_binbin1_bonly[ n_exp_binbin1_proc_Background ] = 1.83679
ProcessNormalization::n_exp_binbin1_proc_BH[ thetaList=(lumi,jesUp_unc,pdf_unc,jerUp_unc) asymmThetaList=() otherFactorList=(r) ] = 1
ProcessNormalization::n_exp_binbin1_proc_Background[ thetaList=(xs_Bkg) asymmThetaList=() otherFactorList=() ] = 1.83679

datasets
--------
RooDataSet::data_obs(n_obs_binbin1)

named sets
----------
ModelConfig_GlobalObservables:(lumi_In,jesUp_unc_In,pdf_unc_In,xs_Bkg_In,jerUp_unc_In)
ModelConfig_NuisParams:(lumi,jesUp_unc,pdf_unc,xs_Bkg,jerUp_unc)
ModelConfig_Observables:(n_obs_binbin1)
ModelConfig_POI:(r)
ModelConfig_bonly_GlobalObservables:(lumi_In,jesUp_unc_In,pdf_unc_In,xs_Bkg_In,jerUp_unc_In)
ModelConfig_bonly_NuisParams:(lumi,jesUp_unc,pdf_unc,xs_Bkg,jerUp_unc)
ModelConfig_bonly_Observables:(n_obs_binbin1)
ModelConfig_bonly_POI:(r)
POI:(r)
globalObservables:(lumi_In,jesUp_unc_In,pdf_unc_In,xs_Bkg_In,jerUp_unc_In)
nuisances:(lumi,jesUp_unc,pdf_unc,xs_Bkg,jerUp_unc)
observables:(n_obs_binbin1)

generic objects
---------------
RooStats::ModelConfig::ModelConfig
RooStats::ModelConfig::ModelConfig_bonly
RooArgSet::discreteParams

Workspace has a ModelConfig for signal called 'ModelConfig', with contents:

=== Using the following for ModelConfig ===
Observables:             RooArgSet:: = (n_obs_binbin1)
Parameters of Interest:  RooArgSet:: = (r)
Nuisance Parameters:     RooArgSet:: = (lumi,jesUp_unc,pdf_unc,xs_Bkg,jerUp_unc)
Global Observables:      RooArgSet:: = (lumi_In,jesUp_unc_In,pdf_unc_In,xs_Bkg_In,jerUp_unc_In)
PDF:                     RooProdPdf::model_s[ modelObs_s * nuisancePdf ] = 0.223012

Input ModelConfig 'ModelConfig': 

=== Using the following for ModelConfig ===
Observables:             RooArgSet:: = (n_obs_binbin1)
Parameters of Interest:  RooArgSet:: = (r)
Nuisance Parameters:     RooArgSet:: = (lumi,jesUp_unc,pdf_unc,xs_Bkg,jerUp_unc)
Global Observables:      RooArgSet:: = (lumi_In,jesUp_unc_In,pdf_unc_In,xs_Bkg_In,jerUp_unc_In)
PDF:                     RooProdPdf::model_s[ modelObs_s * nuisancePdf ] = 0.223012

[#1] INFO:ObjectHandling -- RooWorkspace::import(w) importing RooUniform::prior
Computing limit starting from observation
  1) RooRealVar:: n_obs_binbin1 = 3
Set default minimizer to Minuit2
  r = 8 +/- 0
[#1] INFO:Minization --  Including the following contraint terms in minimization: (nuisancePdf)
[#1] INFO:Fitting -- RooAddition::defaultErrorLevel(nll_model_s_data_obs_with_constr) Summation contains a RooNLLVar, using its error level
Minuit2Minimizer: Minimize with max-calls 2500 convergence for edm < 0.01 strategy 1
MnSeedGenerator: for initial parameters FCN = 6.39918
MnSeedGenerator: Initial state:   - FCN =   6.399183686606 Edm =     0.166332 NCalls =     21
VariableMetric: start iterating until Edm is < 1e-05
VariableMetric: Initial state   - FCN =   6.399183686606 Edm =     0.166332 NCalls =     21
VariableMetric: Iteration #   1 - FCN =   6.240540551847 Edm =  0.000823274 NCalls =     32
VariableMetric: Iteration #   2 - FCN =   6.239819420521 Edm =  1.16669e-09 NCalls =     44
VariableMetric: After Hessian   - FCN =   6.239819420521 Edm =  1.09471e-09 NCalls =     75
Number of iterations 4
----------> Iteration 0
            FVAL = 6.39918368661 Edm = 0.166331738664 Nfcn = 21
            Error matrix change = 1
            Parameters :  p0 = 0 p1 = 0 p2 = 0 p3 = 0 p4 = 0
----------> Iteration 1
            FVAL = 6.24054055185 Edm = 0.00082327449934 Nfcn = 32
            Error matrix change = 0.503994
            Parameters :  p0 = 0 p1 = 0 p2 = 0 p3 = 0 p4 = 0.426859
----------> Iteration 2
            FVAL = 6.23981942052 Edm = 1.16669057498e-09 Nfcn = 44
            Error matrix change = 0.255491
            Parameters :  p0 = 0 p1 = 0 p2 = 0 p3 = 0 p4 = 0.400578
----------> Iteration 3
            FVAL = 6.23981942052 Edm = 1.09470600925e-09 Nfcn = 75
            Error matrix change = 0
            Parameters :  p0 = 0 p1 = 0 p2 = 0 p3 = 0 p4 = 0.400578
Minuit2Minimizer : Valid minimum - status = 0
FVAL  = 6.23981942052067406
Edm   = 1.09470600924732649e-09
Nfcn  = 75
jerUp_unc	  = 0	 +/-  0.996602	(limited)
jesUp_unc	  = 0	 +/-  0.996602	(limited)
lumi	  = 0	 +/-  0.996602	(limited)
pdf_unc	  = 0	 +/-  0.996602	(limited)
xs_Bkg	  = 0.400578	 +/-  0.692772	(limited)
Zero signal fit
   0) jerUp_unc                      =         0
   1) jesUp_unc                      =         0
   2) lumi                           =         0
   3) pdf_unc                        =         0
   4) xs_Bkg                         =  0.400578

Fitting of the background hypothesis done in 0.291644 s
[#1] INFO:Fitting -- RooAddition::defaultErrorLevel(nll_model_s_data_obs_with_constr) Summation contains a RooNLLVar, using its error level
Minuit2Minimizer: Minimize with max-calls 2500 convergence for edm < 0.01 strategy 1
MnSeedGenerator: for initial parameters FCN = 9.84257
MnSeedGenerator: Initial state:   - FCN =   9.842572220489 Edm =      0.80232 NCalls =     21
VariableMetric: start iterating until Edm is < 1e-05
VariableMetric: Initial state   - FCN =   9.842572220489 Edm =      0.80232 NCalls =     21
VariableMetric: Iteration #   1 - FCN =   9.010532279294 Edm =   0.00830131 NCalls =     32
VariableMetric: Iteration #   2 - FCN =   9.000206495481 Edm =  2.08403e-05 NCalls =     44
VariableMetric: Iteration #   3 - FCN =   9.000184869592 Edm =  1.65009e-08 NCalls =     55
VariableMetric: After Hessian   - FCN =   9.000184869592 Edm =  1.69723e-08 NCalls =     86
Number of iterations 5
----------> Iteration 0
            FVAL = 9.84257222049 Edm = 0.802320276451 Nfcn = 21
            Error matrix change = 1
            Parameters :  p0 = 0 p1 = 0 p2 = 0 p3 = 0 p4 = 0.400578
----------> Iteration 1
            FVAL = 9.01053227929 Edm = 0.00830130740109 Nfcn = 32
            Error matrix change = 0.524032
            Parameters :  p0 = -0.2207 p1 = -0.272828 p2 = -0.252157 p3 = -0.323391 p4 = -0.44671
----------> Iteration 2
            FVAL = 9.00020649548 Edm = 2.08403192639e-05 Nfcn = 44
            Error matrix change = 0.276502
            Parameters :  p0 = -0.195647 p1 = -0.243887 p2 = -0.224614 p3 = -0.291942 p4 = -0.557446
----------> Iteration 3
            FVAL = 9.00018486959 Edm = 1.65008696223e-08 Nfcn = 55
            Error matrix change = 0.145708
            Parameters :  p0 = -0.198278 p1 = -0.246653 p2 = -0.227358 p3 = -0.294578 p4 = -0.560022
----------> Iteration 4
            FVAL = 9.00018486959 Edm = 1.69723107133e-08 Nfcn = 86
            Error matrix change = 0
            Parameters :  p0 = -0.198278 p1 = -0.246653 p2 = -0.227358 p3 = -0.294578 p4 = -0.560022
Minuit2Minimizer : Valid minimum - status = 0
FVAL  = 9.00018486959219821
Edm   = 1.69723107133262861e-08
Nfcn  = 86
jerUp_unc	  = -0.198278	 +/-  0.991434	(limited)
jesUp_unc	  = -0.246653	 +/-  0.988593	(limited)
lumi	  = -0.227358	 +/-  0.989801	(limited)
pdf_unc	  = -0.294578	 +/-  0.985158	(limited)
xs_Bkg	  = -0.560022	 +/-  0.842599	(limited)
Reference signal fit
   0) jerUp_unc                      = -0.198278
   1) jesUp_unc                      = -0.246653
   2) lumi                           = -0.227358
   3) pdf_unc                        = -0.294578
   4) xs_Bkg                         = -0.560022

Fitting of the signal-plus-background hypothesis done in 0.00235009 s
      Evaluation of p-values done in  5.53929 s
	CLs = 0.0206612 +/- 0.00530972
      Evaluation of p-values done in  5.45177 s
	CLs = 0.0192705 +/- 0.00362585
      Evaluation of p-values done in  5.47125 s
	CLs = 0.0179806 +/- 0.00286764
      Evaluation of p-values done in  5.3508 s
	CLs = 0.0170553 +/- 0.00242739
      Evaluation of p-values done in  5.67835 s
	CLs = 0.0175683 +/- 0.00220494
	CLs      = 0.0175683 +/- 0.00220494
	CLb      = 0.7172 +/- 0.00636905
	CLsplusb = 0.0126 +/- 0.00157742

Hybrid result saved as HypoTestResult_mh120_r8_2509553275 in higgsCombineTest.HybridNew.mH120.2090954413.root : higgsCombineTest.HybridNew.mH120.2090954413.root:/toys

 -- Hybrid New -- 
CLs = 0.0175683 +/- 0.00220494
Total toys: 10000
Done in 0.00 min (cpu), 0.46 min (real)
