>>> including systematics
>>> using the Profile Likelihood test statistics modified for upper limits (Q_LHC)
>>> method used to compute upper limit is HybridNew
>>> Using OpenSSL to get a really random seed 
>>> Used OpenSSL to get a really random seed 1410315651
Adding /uscms_data/d2/lpcljm/sapta/SUSYSearch/LimitSetting/CMSSW_7_1_5/src to include path
Adding /cvmfs/cms.cern.ch/slc6_amd64_gcc481/lcg/roofit/5.34.18-cms3//include to include path
Input workspace 'w': 

RooWorkspace(w) w contents

variables
---------
(jerUp_unc,jerUp_unc_In,jesUp_unc,jesUp_unc_In,lumi,lumi_In,n_obs_binbin1,pdf_unc,pdf_unc_In,r,xs_Bkg,xs_Bkg_In)

p.d.f.s
-------
SimpleGaussianConstraint::jerUp_unc_Pdf[ x=jerUp_unc mean=jerUp_unc_In sigma=1 ] = 1
SimpleGaussianConstraint::jesUp_unc_Pdf[ x=jesUp_unc mean=jesUp_unc_In sigma=1 ] = 1
SimpleGaussianConstraint::lumi_Pdf[ x=lumi mean=lumi_In sigma=1 ] = 1
RooProdPdf::modelObs_b[ pdf_binbin1_bonly ] = 0.00271822
RooProdPdf::modelObs_s[ pdf_binbin1 ] = 0.0033893
RooProdPdf::model_b[ modelObs_b * nuisancePdf ] = 0.00271822
RooProdPdf::model_s[ modelObs_s * nuisancePdf ] = 0.0033893
RooProdPdf::nuisancePdf[ lumi_Pdf * jesUp_unc_Pdf * pdf_unc_Pdf * xs_Bkg_Pdf * jerUp_unc_Pdf ] = 1
RooPoisson::pdf_binbin1[ x=n_obs_binbin1 mean=n_exp_binbin1 ] = 0.0033893
RooPoisson::pdf_binbin1_bonly[ x=n_obs_binbin1 mean=n_exp_binbin1_bonly ] = 0.00271822
SimpleGaussianConstraint::pdf_unc_Pdf[ x=pdf_unc mean=pdf_unc_In sigma=1 ] = 1
SimpleGaussianConstraint::xs_Bkg_Pdf[ x=xs_Bkg mean=xs_Bkg_In sigma=1 ] = 1

functions
--------
RooAddition::n_exp_binbin1[ n_exp_binbin1_proc_BH + n_exp_binbin1_proc_Background ] = 107.821
RooAddition::n_exp_binbin1_bonly[ n_exp_binbin1_proc_Background ] = 106.821
ProcessNormalization::n_exp_binbin1_proc_BH[ thetaList=(lumi,jesUp_unc,pdf_unc,jerUp_unc) asymmThetaList=() otherFactorList=(r) ] = 1
ProcessNormalization::n_exp_binbin1_proc_Background[ thetaList=(xs_Bkg) asymmThetaList=() otherFactorList=() ] = 106.821

datasets
--------
RooDataSet::data_obs(n_obs_binbin1)

named sets
----------
ModelConfig_GlobalObservables:(lumi_In,jesUp_unc_In,pdf_unc_In,xs_Bkg_In,jerUp_unc_In)
ModelConfig_NuisParams:(lumi,jesUp_unc,pdf_unc,xs_Bkg,jerUp_unc)
ModelConfig_Observables:(n_obs_binbin1)
ModelConfig_POI:(r)
ModelConfig_bonly_GlobalObservables:(lumi_In,jesUp_unc_In,pdf_unc_In,xs_Bkg_In,jerUp_unc_In)
ModelConfig_bonly_NuisParams:(lumi,jesUp_unc,pdf_unc,xs_Bkg,jerUp_unc)
ModelConfig_bonly_Observables:(n_obs_binbin1)
ModelConfig_bonly_POI:(r)
POI:(r)
globalObservables:(lumi_In,jesUp_unc_In,pdf_unc_In,xs_Bkg_In,jerUp_unc_In)
nuisances:(lumi,jesUp_unc,pdf_unc,xs_Bkg,jerUp_unc)
observables:(n_obs_binbin1)

generic objects
---------------
RooStats::ModelConfig::ModelConfig
RooStats::ModelConfig::ModelConfig_bonly
RooArgSet::discreteParams

Workspace has a ModelConfig for signal called 'ModelConfig', with contents:

=== Using the following for ModelConfig ===
Observables:             RooArgSet:: = (n_obs_binbin1)
Parameters of Interest:  RooArgSet:: = (r)
Nuisance Parameters:     RooArgSet:: = (lumi,jesUp_unc,pdf_unc,xs_Bkg,jerUp_unc)
Global Observables:      RooArgSet:: = (lumi_In,jesUp_unc_In,pdf_unc_In,xs_Bkg_In,jerUp_unc_In)
PDF:                     RooProdPdf::model_s[ modelObs_s * nuisancePdf ] = 0.0033893

Input ModelConfig 'ModelConfig': 

=== Using the following for ModelConfig ===
Observables:             RooArgSet:: = (n_obs_binbin1)
Parameters of Interest:  RooArgSet:: = (r)
Nuisance Parameters:     RooArgSet:: = (lumi,jesUp_unc,pdf_unc,xs_Bkg,jerUp_unc)
Global Observables:      RooArgSet:: = (lumi_In,jesUp_unc_In,pdf_unc_In,xs_Bkg_In,jerUp_unc_In)
PDF:                     RooProdPdf::model_s[ modelObs_s * nuisancePdf ] = 0.0033893

[#1] INFO:ObjectHandling -- RooWorkspace::import(w) importing RooUniform::prior
Computing limit starting from observation
  1) RooRealVar:: n_obs_binbin1 = 131
Set default minimizer to Minuit2
  r = 90 +/- 0
[#1] INFO:Minization --  Including the following contraint terms in minimization: (nuisancePdf)
[#1] INFO:Fitting -- RooAddition::defaultErrorLevel(nll_model_s_data_obs_with_constr) Summation contains a RooNLLVar, using its error level
Minuit2Minimizer: Minimize with max-calls 2500 convergence for edm < 0.01 strategy 1
MnSeedGenerator: for initial parameters FCN = 10.5025
MnSeedGenerator: Initial state:   - FCN =   10.50247106146 Edm =      2.33997 NCalls =     21
VariableMetric: start iterating until Edm is < 1e-05
VariableMetric: Initial state   - FCN =   10.50247106146 Edm =      2.33997 NCalls =     21
VariableMetric: Iteration #   1 - FCN =   8.283548686025 Edm =   0.00112116 NCalls =     33
VariableMetric: Iteration #   2 - FCN =   8.282578566386 Edm =  1.29654e-10 NCalls =     45
VariableMetric: After Hessian   - FCN =   8.282578566386 Edm =  1.20856e-10 NCalls =     76
Number of iterations 4
----------> Iteration 0
            FVAL = 10.5024710615 Edm = 2.33996953647 Nfcn = 21
            Error matrix change = 1
            Parameters :  p0 = 0 p1 = 0 p2 = 0 p3 = 0 p4 = 0
----------> Iteration 1
            FVAL = 8.28354868603 Edm = 0.00112115840413 Nfcn = 33
            Error matrix change = 0.501309
            Parameters :  p0 = 0 p1 = 0 p2 = 0 p3 = 0 p4 = 0.777051
----------> Iteration 2
            FVAL = 8.28257856639 Edm = 1.29653944591e-10 Nfcn = 45
            Error matrix change = 0.251703
            Parameters :  p0 = 0 p1 = 0 p2 = 0 p3 = 0 p4 = 0.761548
----------> Iteration 3
            FVAL = 8.28257856639 Edm = 1.20856347778e-10 Nfcn = 76
            Error matrix change = 0
            Parameters :  p0 = 0 p1 = 0 p2 = 0 p3 = 0 p4 = 0.761548
Minuit2Minimizer : Valid minimum - status = 0
FVAL  = 8.28257856638632362
Edm   = 1.20856347778296385e-10
Nfcn  = 76
jerUp_unc	  = 0	 +/-  0.996602	(limited)
jesUp_unc	  = 0	 +/-  0.996602	(limited)
lumi	  = 0	 +/-  0.996602	(limited)
pdf_unc	  = 0	 +/-  0.996602	(limited)
xs_Bkg	  = 0.761548	 +/-  0.352118	(limited)
Zero signal fit
   0) jerUp_unc                      =         0
   1) jesUp_unc                      =         0
   2) lumi                           =         0
   3) pdf_unc                        =         0
   4) xs_Bkg                         =  0.761548

Fitting of the background hypothesis done in 0.196716 s
[#1] INFO:Fitting -- RooAddition::defaultErrorLevel(nll_model_s_data_obs_with_constr) Summation contains a RooNLLVar, using its error level
Minuit2Minimizer: Minimize with max-calls 2500 convergence for edm < 0.01 strategy 1
MnSeedGenerator: for initial parameters FCN = 28.4282
MnSeedGenerator: Initial state:   - FCN =   28.42822889102 Edm =       18.505 NCalls =     21
VariableMetric: start iterating until Edm is < 1e-05
VariableMetric: Initial state   - FCN =   28.42822889102 Edm =       18.505 NCalls =     21
VariableMetric: Iteration #   1 - FCN =   13.61891575687 Edm =      1.20325 NCalls =     33
VariableMetric: Iteration #   2 - FCN =    11.5865219989 Edm =    0.0480175 NCalls =     45
VariableMetric: Iteration #   3 - FCN =   11.51834283006 Edm =  0.000506082 NCalls =     57
VariableMetric: Iteration #   4 - FCN =   11.51778353498 Edm =  1.43576e-06 NCalls =     69
VariableMetric: After Hessian   - FCN =   11.51778353498 Edm =  1.61947e-06 NCalls =    100
Number of iterations 6
----------> Iteration 0
            FVAL = 28.428228891 Edm = 18.5049818975 Nfcn = 21
            Error matrix change = 1
            Parameters :  p0 = 0 p1 = 0 p2 = 0 p3 = 0 p4 = 0.761548
----------> Iteration 1
            FVAL = 13.6189157569 Edm = 1.20324900675 Nfcn = 33
            Error matrix change = 0.595909
            Parameters :  p0 = -1.04964 p1 = -1.24753 p2 = -1.17212 p3 = -1.41419 p4 = -0.946228
----------> Iteration 2
            FVAL = 11.5865219989 Edm = 0.0480175224892 Nfcn = 45
            Error matrix change = 0.394345
            Parameters :  p0 = -0.303237 p1 = -0.44799 p2 = -0.387022 p3 = -0.614468 p4 = -1.77144
----------> Iteration 3
            FVAL = 11.5183428301 Edm = 0.000506082330856 Nfcn = 57
            Error matrix change = 0.220667
            Parameters :  p0 = -0.413904 p1 = -0.502472 p2 = -0.466878 p3 = -0.595374 p4 = -1.93766
----------> Iteration 4
            FVAL = 11.517783535 Edm = 1.43575679442e-06 Nfcn = 69
            Error matrix change = 0.133713
            Parameters :  p0 = -0.396173 p1 = -0.491875 p2 = -0.453811 p3 = -0.586301 p4 = -1.95341
----------> Iteration 5
            FVAL = 11.517783535 Edm = 1.6194712958e-06 Nfcn = 100
            Error matrix change = 0
            Parameters :  p0 = -0.396173 p1 = -0.491875 p2 = -0.453811 p3 = -0.586301 p4 = -1.95341
Minuit2Minimizer : Valid minimum - status = 0
FVAL  = 11.5177835349838631
Edm   = 1.61947129579804762e-06
Nfcn  = 100
jerUp_unc	  = -0.396173	 +/-  0.978746	(limited)
jesUp_unc	  = -0.491875	 +/-  0.968823	(limited)
lumi	  = -0.453811	 +/-  0.973053	(limited)
pdf_unc	  = -0.586301	 +/-  0.956724	(limited)
xs_Bkg	  = -1.95341	 +/-  0.623507	(limited)
Reference signal fit
   0) jerUp_unc                      = -0.396173
   1) jesUp_unc                      = -0.491875
   2) lumi                           = -0.453811
   3) pdf_unc                        = -0.586301
   4) xs_Bkg                         =  -1.95341

Fitting of the signal-plus-background hypothesis done in 0.00159287 s
      Evaluation of p-values done in  5.99195 s
	CLs = 0.00645995 +/- 0.00288386
      Evaluation of p-values done in  6.17982 s
	CLs = 0.00632511 +/- 0.0019965
      Evaluation of p-values done in  6.31929 s
	CLs = 0.00634786 +/- 0.00163602
      Evaluation of p-values done in  6.16846 s
	CLs = 0.00633914 +/- 0.00141488
      Evaluation of p-values done in  5.7157 s
	CLs = 0.00557809 +/- 0.00118734
	CLs      = 0.00557809 +/- 0.00118734
	CLb      = 0.7888 +/- 0.00577225
	CLsplusb = 0.0044 +/- 0.000936017

Hybrid result saved as HypoTestResult_mh120_r90_4143229726 in higgsCombineTest.HybridNew.mH120.1410315651.root : higgsCombineTest.HybridNew.mH120.1410315651.root:/toys

 -- Hybrid New -- 
CLs = 0.00557809 +/- 0.00118734
Total toys: 10000
Done in 0.00 min (cpu), 0.51 min (real)
