	CLs = 0.047619 +/- 0.0177415
	CLs = 0.0448214 +/- 0.0121587
	CLs = 0.0469973 +/- 0.0103276
	CLs = 0.0403642 +/- 0.00828659
	CLs = 0.0395371 +/- 0.00719045
	CLs = 0.0463067 +/- 0.00718594
	CLs = 0.0467099 +/- 0.0066934
	CLs = 0.0480614 +/- 0.00638697
	CLs = 0.0475963 +/- 0.00604448
	CLs = 0.0456114 +/- 0.00562071
	CLs = 0.0430072 +/- 0.00517897
	CLs = 0.042666 +/- 0.00494498
	CLs      = 0.042666 +/- 0.00494498
	CLb      = 0.320318 +/- 0.0120036
	CLsplusb = 0.0136667 +/- 0.00149888


 -- HybridNew, before fit -- 
Limit: r < 17.259 +/- 1.3706 [16.3777, 19.8042]
Fit to 5 points: 17.218 +/- 0.198454

 -- Hybrid New -- 
Limit: r < 17.218 +/- 0.198454 @ 95% CL
Done in 0.01 min (cpu), 1.90 min (real)
