>>> including systematics
>>> using the Profile Likelihood test statistics modified for upper limits (Q_LHC)
>>> method used to compute upper limit is HybridNew
>>> random number generator seed is 123456
Adding /uscms_data/d2/lpcljm/sapta/SUSYSearch/LimitSetting/CMSSW_7_1_5/src to include path
Adding /cvmfs/cms.cern.ch/slc6_amd64_gcc481/lcg/roofit/5.34.18-cms3//include to include path
Input workspace 'w': 

RooWorkspace(w) w contents

variables
---------
(jerUp_unc,jerUp_unc_In,jesUp_unc,jesUp_unc_In,lumi,lumi_In,n_obs_binbin1,pdf_unc,pdf_unc_In,r,xs_Bkg,xs_Bkg_In)

p.d.f.s
-------
SimpleGaussianConstraint::jerUp_unc_Pdf[ x=jerUp_unc mean=jerUp_unc_In sigma=1 ] = 1
SimpleGaussianConstraint::jesUp_unc_Pdf[ x=jesUp_unc mean=jesUp_unc_In sigma=1 ] = 1
SimpleGaussianConstraint::lumi_Pdf[ x=lumi mean=lumi_In sigma=1 ] = 1
RooProdPdf::modelObs_b[ pdf_binbin1_bonly ] = 0.0737765
RooProdPdf::modelObs_s[ pdf_binbin1 ] = 0.156844
RooProdPdf::model_b[ modelObs_b * nuisancePdf ] = 0.0737765
RooProdPdf::model_s[ modelObs_s * nuisancePdf ] = 0.156844
RooProdPdf::nuisancePdf[ lumi_Pdf * jesUp_unc_Pdf * pdf_unc_Pdf * xs_Bkg_Pdf * jerUp_unc_Pdf ] = 1
RooPoisson::pdf_binbin1[ x=n_obs_binbin1 mean=n_exp_binbin1 ] = 0.156844
RooPoisson::pdf_binbin1_bonly[ x=n_obs_binbin1 mean=n_exp_binbin1_bonly ] = 0.0737765
SimpleGaussianConstraint::pdf_unc_Pdf[ x=pdf_unc mean=pdf_unc_In sigma=1 ] = 1
SimpleGaussianConstraint::xs_Bkg_Pdf[ x=xs_Bkg mean=xs_Bkg_In sigma=1 ] = 1

functions
--------
RooAddition::n_exp_binbin1[ n_exp_binbin1_proc_BH + n_exp_binbin1_proc_Background ] = 2.81666
RooAddition::n_exp_binbin1_bonly[ n_exp_binbin1_proc_Background ] = 1.81666
ProcessNormalization::n_exp_binbin1_proc_BH[ thetaList=(lumi,jesUp_unc,pdf_unc,jerUp_unc) asymmThetaList=() otherFactorList=(r) ] = 1
ProcessNormalization::n_exp_binbin1_proc_Background[ thetaList=(xs_Bkg) asymmThetaList=() otherFactorList=() ] = 1.81666

datasets
--------
RooDataSet::data_obs(n_obs_binbin1)

named sets
----------
ModelConfig_GlobalObservables:(lumi_In,jesUp_unc_In,pdf_unc_In,xs_Bkg_In,jerUp_unc_In)
ModelConfig_NuisParams:(lumi,jesUp_unc,pdf_unc,xs_Bkg,jerUp_unc)
ModelConfig_Observables:(n_obs_binbin1)
ModelConfig_POI:(r)
ModelConfig_bonly_GlobalObservables:(lumi_In,jesUp_unc_In,pdf_unc_In,xs_Bkg_In,jerUp_unc_In)
ModelConfig_bonly_NuisParams:(lumi,jesUp_unc,pdf_unc,xs_Bkg,jerUp_unc)
ModelConfig_bonly_Observables:(n_obs_binbin1)
ModelConfig_bonly_POI:(r)
POI:(r)
globalObservables:(lumi_In,jesUp_unc_In,pdf_unc_In,xs_Bkg_In,jerUp_unc_In)
nuisances:(lumi,jesUp_unc,pdf_unc,xs_Bkg,jerUp_unc)
observables:(n_obs_binbin1)

generic objects
---------------
RooStats::ModelConfig::ModelConfig
RooStats::ModelConfig::ModelConfig_bonly
RooArgSet::discreteParams

Workspace has a ModelConfig for signal called 'ModelConfig', with contents:

=== Using the following for ModelConfig ===
Observables:             RooArgSet:: = (n_obs_binbin1)
Parameters of Interest:  RooArgSet:: = (r)
Nuisance Parameters:     RooArgSet:: = (lumi,jesUp_unc,pdf_unc,xs_Bkg,jerUp_unc)
Global Observables:      RooArgSet:: = (lumi_In,jesUp_unc_In,pdf_unc_In,xs_Bkg_In,jerUp_unc_In)
PDF:                     RooProdPdf::model_s[ modelObs_s * nuisancePdf ] = 0.156844

Input ModelConfig 'ModelConfig': 

=== Using the following for ModelConfig ===
Observables:             RooArgSet:: = (n_obs_binbin1)
Parameters of Interest:  RooArgSet:: = (r)
Nuisance Parameters:     RooArgSet:: = (lumi,jesUp_unc,pdf_unc,xs_Bkg,jerUp_unc)
Global Observables:      RooArgSet:: = (lumi_In,jesUp_unc_In,pdf_unc_In,xs_Bkg_In,jerUp_unc_In)
PDF:                     RooProdPdf::model_s[ modelObs_s * nuisancePdf ] = 0.156844

[#1] INFO:ObjectHandling -- RooWorkspace::import(w) importing RooUniform::prior
Computing limit starting from observation
  1) RooRealVar:: n_obs_binbin1 = 4
Set default minimizer to Minuit2
Search for upper limit using pre-computed grid of p-values
  Do HypoTestResult_mh120_r2.5_1247474982 -> 2.5 --> 2.5
  Do HypoTestResult_mh120_r8_4134528075 -> 8 --> 8
  Do HypoTestResult_mh120_r5_2097861238 -> 5 --> 5
  Do HypoTestResult_mh120_r6_229122933 -> 6 --> 6
  Do HypoTestResult_mh120_r7_563716661 -> 7 --> 7
  Do HypoTestResult_mh120_r2_811032901 -> 2 --> 2
  Do HypoTestResult_mh120_r13_1486663637 -> 13 --> 13
  Do HypoTestResult_mh120_r1.5_1112952104 -> 1.5 --> 1.5
  Do HypoTestResult_mh120_r9_3901129870 -> 9 --> 9
  Do HypoTestResult_mh120_r3.5_1045955815 -> 3.5 --> 3.5
  Do HypoTestResult_mh120_r1_755972396 -> 1 --> 1
  Do HypoTestResult_mh120_r4_4048505507 -> 4 --> 4
  Do HypoTestResult_mh120_r3_3179147542 -> 3 --> 3
  Do HypoTestResult_mh120_r11_1846243126 -> 11 --> 11
GRID, as is.
  - 1  (CLs = 1.0012 +/- 0.000633647)
  - 1.5  (CLs = 1.0002 +/- 0.000447419)
  - 2  (CLs = 1 +/- 0.000282871)
  - 2.5  (CLs = 0.586349 +/- 0.00869039)
  - 3  (CLs = 0.480498 +/- 0.00847497)
  - 3.5  (CLs = 0.4136 +/- 0.00822998)
  - 4  (CLs = 0.317241 +/- 0.0074705)
  - 5  (CLs = 0.193827 +/- 0.00625099)
  - 6  (CLs = 0.121368 +/- 0.00509863)
  - 7  (CLs = 0.0639411 +/- 0.0038125)
  - 8  (CLs = 0.0381406 +/- 0.00297604)
  - 9  (CLs = 0.0202719 +/- 0.00218365)
  - 11  (CLs = 0.00748611 +/- 0.00134124)
  - 13  (CLs = 0.000951022 +/- 0.000475357)
Bisecting range [0, 13]
At r = 4:
	CLs      = 0.0511482 +/- 0.00742125
	CLb      = 0.1916 +/- 0.00556578
	CLsplusb = 0.0098 +/- 0.00139312

    Midpoint 6 value 0.0511482 +/- 0.00742125
    Tightening Range
At r = 2.5:
	CLs      = 0.21326 +/- 0.0163618
	CLb      = 0.181 +/- 0.00544498
	CLsplusb = 0.0386 +/- 0.00272434

        Lowpoint 3 value 0.21326 +/- 0.0163618
At r = 3:
	CLs      = 0.155102 +/- 0.0131603
	CLb      = 0.196 +/- 0.00561398
	CLsplusb = 0.0304 +/- 0.002428

        Lowpoint 4 value 0.155102 +/- 0.0131603
At r = 3.5:
	CLs      = 0.119565 +/- 0.0268661
	CLb      = 0.0368 +/- 0.00266255
	CLsplusb = 0.0044 +/- 0.000936017

        Lowpoint 5 value 0.119565 +/- 0.0268661
At r = 7:
	CLs      = 0.00774527 +/- 0.0025871
	CLb      = 0.2324 +/- 0.00597311
	CLsplusb = 0.0018 +/- 0.00059946

        Highpoint 9 value 0.00774527 +/- 0.0025871
At r = 5:
	CLs      = 0.0341541 +/- 0.00525242
	CLb      = 0.2518 +/- 0.00613835
	CLsplusb = 0.0086 +/- 0.00130584

        Highpoint 7 value 0.0341541 +/- 0.00525242
Final range [4, 9]
  Will not use point 0 (r 1)
  Will not use point 1 (r 1.5)
  Will not use point 2 (r 2)
  Will not use point 3 (r 2.5)
   Point 4 (r 3) was already updated during search.
   Point 5 (r 3.5) was already updated during search.
   Point 6 (r 4) was already updated during search.
   Point 7 (r 5) was already updated during search.
   Updaing point 8 (r 6)
At r = 6:
	CLs      = 0.0191354 +/- 0.00369792
	CLb      = 0.2822 +/- 0.00636495
	CLsplusb = 0.0054 +/- 0.00103642

   Point 9 (r 7) was already updated during search.
  Will not use point 10 (r 8)
  Will not use point 11 (r 9)
  Will not use point 12 (r 11)
  Will not use point 13 (r 13)
  r 3.00: CLs = 0.1551 +/- 0.0132
  r 3.50: CLs = 0.1196 +/- 0.0269
  r 4.00: CLs = 0.0511 +/- 0.0074
  r 5.00: CLs = 0.0342 +/- 0.0053
  r 6.00: CLs = 0.0191 +/- 0.0037
 after scan x ~ 4, bounds [ 3, 6]

 -- HybridNew, before fit -- 
Limit: r < 4 +/- 2 [3, 6]

****************************************
Minimizer is Minuit2 / Migrad
Chi2                      =      7.74701
NDf                       =            3
Edm                       =  2.57537e-06
NCalls                    =           44
p0                        =         0.05                      	 (fixed)
p1                        =    -0.749457   +/-   0.0740618   
p2                        =      4.40089   +/-   0.101078    
Fit to 5 points: 4.40089 +/- 0.101078

 -- Hybrid New -- 
Limit: r < 4.40089 +/- 0.101078 @ 95% CL
Total toys: 0
Done in 0.00 min (cpu), 0.01 min (real)
