>>> including systematics
>>> using the Profile Likelihood test statistics modified for upper limits (Q_LHC)
>>> method used to compute upper limit is HybridNew
>>> random number generator seed is 123456
Adding /uscms_data/d2/lpcljm/sapta/SUSYSearch/LimitSetting/CMSSW_7_1_5/src to include path
Adding /cvmfs/cms.cern.ch/slc6_amd64_gcc481/lcg/roofit/5.34.18-cms3//include to include path
Input workspace 'w': 

RooWorkspace(w) w contents

variables
---------
(jerUp_unc,jerUp_unc_In,jesUp_unc,jesUp_unc_In,lumi,lumi_In,n_obs_binbin1,pdf_unc,pdf_unc_In,r,xs_Bkg,xs_Bkg_In)

p.d.f.s
-------
SimpleGaussianConstraint::jerUp_unc_Pdf[ x=jerUp_unc mean=jerUp_unc_In sigma=1 ] = 1
SimpleGaussianConstraint::jesUp_unc_Pdf[ x=jesUp_unc mean=jesUp_unc_In sigma=1 ] = 1
SimpleGaussianConstraint::lumi_Pdf[ x=lumi mean=lumi_In sigma=1 ] = 1
RooProdPdf::modelObs_b[ pdf_binbin1_bonly ] = 0.0077465
RooProdPdf::modelObs_s[ pdf_binbin1 ] = 0.0105457
RooProdPdf::model_b[ modelObs_b * nuisancePdf ] = 0.0077465
RooProdPdf::model_s[ modelObs_s * nuisancePdf ] = 0.0105457
RooProdPdf::nuisancePdf[ lumi_Pdf * jesUp_unc_Pdf * pdf_unc_Pdf * xs_Bkg_Pdf * jerUp_unc_Pdf ] = 1
RooPoisson::pdf_binbin1[ x=n_obs_binbin1 mean=n_exp_binbin1 ] = 0.0105457
RooPoisson::pdf_binbin1_bonly[ x=n_obs_binbin1 mean=n_exp_binbin1_bonly ] = 0.0077465
SimpleGaussianConstraint::pdf_unc_Pdf[ x=pdf_unc mean=pdf_unc_In sigma=1 ] = 1
SimpleGaussianConstraint::xs_Bkg_Pdf[ x=xs_Bkg mean=xs_Bkg_In sigma=1 ] = 1

functions
--------
RooAddition::n_exp_binbin1[ n_exp_binbin1_proc_BH + n_exp_binbin1_proc_Background ] = 41.7715
RooAddition::n_exp_binbin1_bonly[ n_exp_binbin1_proc_Background ] = 40.7715
ProcessNormalization::n_exp_binbin1_proc_BH[ thetaList=(lumi,jesUp_unc,pdf_unc,jerUp_unc) asymmThetaList=() otherFactorList=(r) ] = 1
ProcessNormalization::n_exp_binbin1_proc_Background[ thetaList=(xs_Bkg) asymmThetaList=() otherFactorList=() ] = 40.7715

datasets
--------
RooDataSet::data_obs(n_obs_binbin1)

named sets
----------
ModelConfig_GlobalObservables:(lumi_In,jesUp_unc_In,pdf_unc_In,xs_Bkg_In,jerUp_unc_In)
ModelConfig_NuisParams:(lumi,jesUp_unc,pdf_unc,xs_Bkg,jerUp_unc)
ModelConfig_Observables:(n_obs_binbin1)
ModelConfig_POI:(r)
ModelConfig_bonly_GlobalObservables:(lumi_In,jesUp_unc_In,pdf_unc_In,xs_Bkg_In,jerUp_unc_In)
ModelConfig_bonly_NuisParams:(lumi,jesUp_unc,pdf_unc,xs_Bkg,jerUp_unc)
ModelConfig_bonly_Observables:(n_obs_binbin1)
ModelConfig_bonly_POI:(r)
POI:(r)
globalObservables:(lumi_In,jesUp_unc_In,pdf_unc_In,xs_Bkg_In,jerUp_unc_In)
nuisances:(lumi,jesUp_unc,pdf_unc,xs_Bkg,jerUp_unc)
observables:(n_obs_binbin1)

generic objects
---------------
RooStats::ModelConfig::ModelConfig
RooStats::ModelConfig::ModelConfig_bonly
RooArgSet::discreteParams

Workspace has a ModelConfig for signal called 'ModelConfig', with contents:

=== Using the following for ModelConfig ===
Observables:             RooArgSet:: = (n_obs_binbin1)
Parameters of Interest:  RooArgSet:: = (r)
Nuisance Parameters:     RooArgSet:: = (lumi,jesUp_unc,pdf_unc,xs_Bkg,jerUp_unc)
Global Observables:      RooArgSet:: = (lumi_In,jesUp_unc_In,pdf_unc_In,xs_Bkg_In,jerUp_unc_In)
PDF:                     RooProdPdf::model_s[ modelObs_s * nuisancePdf ] = 0.0105457

Input ModelConfig 'ModelConfig': 

=== Using the following for ModelConfig ===
Observables:             RooArgSet:: = (n_obs_binbin1)
Parameters of Interest:  RooArgSet:: = (r)
Nuisance Parameters:     RooArgSet:: = (lumi,jesUp_unc,pdf_unc,xs_Bkg,jerUp_unc)
Global Observables:      RooArgSet:: = (lumi_In,jesUp_unc_In,pdf_unc_In,xs_Bkg_In,jerUp_unc_In)
PDF:                     RooProdPdf::model_s[ modelObs_s * nuisancePdf ] = 0.0105457

[#1] INFO:ObjectHandling -- RooWorkspace::import(w) importing RooUniform::prior
Computing limit starting from observation
  1) RooRealVar:: n_obs_binbin1 = 54
Set default minimizer to Minuit2
Search for upper limit using pre-computed grid of p-values
  Do HypoTestResult_mh120_r16_2426810339 -> 16 --> 16
  Do HypoTestResult_mh120_r38_2444320867 -> 38 --> 38
  Do HypoTestResult_mh120_r30_4277003753 -> 30 --> 30
  Do HypoTestResult_mh120_r9_749837251 -> 9 --> 9
  Do HypoTestResult_mh120_r50_1288637358 -> 50 --> 50
  Do HypoTestResult_mh120_r35_391469157 -> 35 --> 35
  Do HypoTestResult_mh120_r12_1239864487 -> 12 --> 12
  Do HypoTestResult_mh120_r20_653147740 -> 20 --> 20
  Do HypoTestResult_mh120_r40_2388536555 -> 40 --> 40
  Do HypoTestResult_mh120_r45_2869148210 -> 45 --> 45
GRID, as is.
  - 9  (CLs = 1.0002 +/- 0.000447419)
  - 12  (CLs = 1 +/- 0.00040008)
  - 16  (CLs = 0.498009 +/- 0.00869184)
  - 20  (CLs = 0.359082 +/- 0.0079159)
  - 30  (CLs = 0.0965387 +/- 0.00460408)
  - 35  (CLs = 0.042513 +/- 0.00312166)
  - 38  (CLs = 0.02903 +/- 0.00259101)
  - 40  (CLs = 0.0168806 +/- 0.00199179)
  - 45  (CLs = 0.00309671 +/- 0.00085797)
  - 50  (CLs = 0.00121124 +/- 0.000541469)
Bisecting range [0, 9]
At r = 30:
	CLs      = 0 +/- 0
	CLb      = 0.019 +/- 0.00193075
	CLsplusb = 0 +/- 0

    Midpoint 4 value 0 +/- 0
    Replacing Max
Bisecting range [0, 4]
At r = 16:
	CLs      = 0.0627451 +/- 0.0161221
	CLb      = 0.051 +/- 0.00311124
	CLsplusb = 0.0032 +/- 0.000798719

    Midpoint 2 value 0.0627451 +/- 0.0161221
    Tightening Range
At r = 12:
	CLs      = 0.0994475 +/- 0.0244973
	CLb      = 0.0362 +/- 0.00264157
	CLsplusb = 0.0036 +/- 0.000846999

        Lowpoint 1 value 0.0994475 +/- 0.0244973
At r = 20:
	CLs      = 0.0151515 +/- 0.0107903
	CLb      = 0.0264 +/- 0.00226729
	CLsplusb = 0.0004 +/- 0.000282786

        Highpoint 3 value 0.0151515 +/- 0.0107903
Final range [0, 3]
   Updaing point 0 (r 9)
At r = 9:
	CLs      = 0.180723 +/- 0.0505749
	CLb      = 0.0166 +/- 0.0018069
	CLsplusb = 0.003 +/- 0.000773434

   Point 1 (r 12) was already updated during search.
   Point 2 (r 16) was already updated during search.
   Point 3 (r 20) was already updated during search.
  Will not use point 4 (r 30)
  Will not use point 5 (r 35)
  Will not use point 6 (r 38)
  Will not use point 7 (r 40)
  Will not use point 8 (r 45)
  Will not use point 9 (r 50)
  r 9.00: CLs = 0.1807 +/- 0.0506
  r 12.00: CLs = 0.0994 +/- 0.0245
  r 16.00: CLs = 0.0627 +/- 0.0161
  r 20.00: CLs = 0.0152 +/- 0.0108
 after scan x ~ 16, bounds [ 9, 20]

 -- HybridNew, before fit -- 
Limit: r < 16 +/- 7 [9, 20]

****************************************
Minimizer is Minuit2 / Migrad
Chi2                      =      1.29824
NDf                       =            2
Edm                       =  1.04489e-06
NCalls                    =           73
p0                        =         0.05                      	 (fixed)
p1                        =    -0.191291   +/-   0.0415662   
p2                        =      15.8494   +/-   1.03809     
Fit to 4 points: 15.8494 +/- 1.03809

 -- Hybrid New -- 
Limit: r < 15.8494 +/- 1.03809 @ 95% CL
Total toys: 0
Done in 0.00 min (cpu), 0.01 min (real)
