>>> including systematics
>>> using the Profile Likelihood test statistics modified for upper limits (Q_LHC)
>>> method used to compute upper limit is HybridNew
>>> random number generator seed is 123456
Adding /uscms_data/d2/lpcljm/sapta/SUSYSearch/LimitSetting/CMSSW_7_1_5/src to include path
Adding /cvmfs/cms.cern.ch/slc6_amd64_gcc481/lcg/roofit/5.34.18-cms3//include to include path
Input workspace 'w': 

RooWorkspace(w) w contents

variables
---------
(jerUp_unc,jerUp_unc_In,jesUp_unc,jesUp_unc_In,lumi,lumi_In,n_obs_binbin1,pdf_unc,pdf_unc_In,r,xs_Bkg,xs_Bkg_In)

p.d.f.s
-------
SimpleGaussianConstraint::jerUp_unc_Pdf[ x=jerUp_unc mean=jerUp_unc_In sigma=1 ] = 1
SimpleGaussianConstraint::jesUp_unc_Pdf[ x=jesUp_unc mean=jesUp_unc_In sigma=1 ] = 1
SimpleGaussianConstraint::lumi_Pdf[ x=lumi mean=lumi_In sigma=1 ] = 1
RooProdPdf::modelObs_b[ pdf_binbin1_bonly ] = 0.185735
RooProdPdf::modelObs_s[ pdf_binbin1 ] = 0.359186
RooProdPdf::model_b[ modelObs_b * nuisancePdf ] = 0.185735
RooProdPdf::model_s[ modelObs_s * nuisancePdf ] = 0.359186
RooProdPdf::nuisancePdf[ lumi_Pdf * jesUp_unc_Pdf * pdf_unc_Pdf * xs_Bkg_Pdf * jerUp_unc_Pdf ] = 1
RooPoisson::pdf_binbin1[ x=n_obs_binbin1 mean=n_exp_binbin1 ] = 0.359186
RooPoisson::pdf_binbin1_bonly[ x=n_obs_binbin1 mean=n_exp_binbin1_bonly ] = 0.185735
SimpleGaussianConstraint::pdf_unc_Pdf[ x=pdf_unc mean=pdf_unc_In sigma=1 ] = 1
SimpleGaussianConstraint::xs_Bkg_Pdf[ x=xs_Bkg mean=xs_Bkg_In sigma=1 ] = 1

functions
--------
RooAddition::n_exp_binbin1[ n_exp_binbin1_proc_BH + n_exp_binbin1_proc_Background ] = 1.23492
RooAddition::n_exp_binbin1_bonly[ n_exp_binbin1_proc_Background ] = 0.234919
ProcessNormalization::n_exp_binbin1_proc_BH[ thetaList=(lumi,jesUp_unc,pdf_unc,jerUp_unc) asymmThetaList=() otherFactorList=(r) ] = 1
ProcessNormalization::n_exp_binbin1_proc_Background[ thetaList=(xs_Bkg) asymmThetaList=() otherFactorList=() ] = 0.234919

datasets
--------
RooDataSet::data_obs(n_obs_binbin1)

named sets
----------
ModelConfig_GlobalObservables:(lumi_In,jesUp_unc_In,pdf_unc_In,xs_Bkg_In,jerUp_unc_In)
ModelConfig_NuisParams:(lumi,jesUp_unc,pdf_unc,xs_Bkg,jerUp_unc)
ModelConfig_Observables:(n_obs_binbin1)
ModelConfig_POI:(r)
ModelConfig_bonly_GlobalObservables:(lumi_In,jesUp_unc_In,pdf_unc_In,xs_Bkg_In,jerUp_unc_In)
ModelConfig_bonly_NuisParams:(lumi,jesUp_unc,pdf_unc,xs_Bkg,jerUp_unc)
ModelConfig_bonly_Observables:(n_obs_binbin1)
ModelConfig_bonly_POI:(r)
POI:(r)
globalObservables:(lumi_In,jesUp_unc_In,pdf_unc_In,xs_Bkg_In,jerUp_unc_In)
nuisances:(lumi,jesUp_unc,pdf_unc,xs_Bkg,jerUp_unc)
observables:(n_obs_binbin1)

generic objects
---------------
RooStats::ModelConfig::ModelConfig
RooStats::ModelConfig::ModelConfig_bonly
RooArgSet::discreteParams

Workspace has a ModelConfig for signal called 'ModelConfig', with contents:

=== Using the following for ModelConfig ===
Observables:             RooArgSet:: = (n_obs_binbin1)
Parameters of Interest:  RooArgSet:: = (r)
Nuisance Parameters:     RooArgSet:: = (lumi,jesUp_unc,pdf_unc,xs_Bkg,jerUp_unc)
Global Observables:      RooArgSet:: = (lumi_In,jesUp_unc_In,pdf_unc_In,xs_Bkg_In,jerUp_unc_In)
PDF:                     RooProdPdf::model_s[ modelObs_s * nuisancePdf ] = 0.359186

Input ModelConfig 'ModelConfig': 

=== Using the following for ModelConfig ===
Observables:             RooArgSet:: = (n_obs_binbin1)
Parameters of Interest:  RooArgSet:: = (r)
Nuisance Parameters:     RooArgSet:: = (lumi,jesUp_unc,pdf_unc,xs_Bkg,jerUp_unc)
Global Observables:      RooArgSet:: = (lumi_In,jesUp_unc_In,pdf_unc_In,xs_Bkg_In,jerUp_unc_In)
PDF:                     RooProdPdf::model_s[ modelObs_s * nuisancePdf ] = 0.359186

[#1] INFO:ObjectHandling -- RooWorkspace::import(w) importing RooUniform::prior
Computing limit starting from observation
  1) RooRealVar:: n_obs_binbin1 = 1
Set default minimizer to Minuit2
Search for upper limit using pre-computed grid of p-values
  Do HypoTestResult_mh120_r0_2362671436 -> 0 --> 0
  Do HypoTestResult_mh120_r2.5_2716984011 -> 2.5 --> 2.5
  Do HypoTestResult_mh120_r6_3858581785 -> 6 --> 6
  Do HypoTestResult_mh120_r3_1082819337 -> 3 --> 3
  Do HypoTestResult_mh120_r5_2951612495 -> 5 --> 5
  Do HypoTestResult_mh120_r1_1107047643 -> 1 --> 1
  Do HypoTestResult_mh120_r4_110343728 -> 4 --> 4
  Do HypoTestResult_mh120_r2_3182890360 -> 2 --> 2
  Do HypoTestResult_mh120_r4.5_3947308343 -> 4.5 --> 4.5
  Do HypoTestResult_mh120_r7_671467869 -> 7 --> 7
  Do HypoTestResult_mh120_r3.5_3712619243 -> 3.5 --> 3.5
  Do HypoTestResult_mh120_r5.5_506204940 -> 5.5 --> 5.5
  Do HypoTestResult_mh120_r1.5_899625211 -> 1.5 --> 1.5
GRID, as is.
  - 0  (CLs = 0.908333 +/- 0.0505863)
  - 1  (CLs = 0.550272 +/- 0.00848868)
  - 1.5  (CLs = 0.389877 +/- 0.00792125)
  - 2  (CLs = 0.261353 +/- 0.00689436)
  - 2.5  (CLs = 0.173994 +/- 0.00592897)
  - 3  (CLs = 0.126588 +/- 0.00515109)
  - 3.5  (CLs = 0.0909091 +/- 0.00445102)
  - 4  (CLs = 0.0566125 +/- 0.00354919)
  - 4.5  (CLs = 0.0342751 +/- 0.00278206)
  - 5  (CLs = 0.018148 +/- 0.0020414)
  - 5.5  (CLs = 0.0170362 +/- 0.00198177)
  - 6  (CLs = 0.0101153 +/- 0.00153709)
  - 7  (CLs = 0.00486674 +/- 0.00106013)
Bisecting range [0, 12]
At r = 3.5:
	CLs      = 0.039757 +/- 0.00471101
	CLb      = 0.3622 +/- 0.00679722
	CLsplusb = 0.0144 +/- 0.00168479

    Midpoint 6 value 0.039757 +/- 0.00471101
    Tightening Range
At r = 2:
	CLs      = 0.147716 +/- 0.00879379
	CLb      = 0.394 +/- 0.00691034
	CLsplusb = 0.0582 +/- 0.00331097

        Lowpoint 3 value 0.147716 +/- 0.00879379
At r = 2.5:
	CLs      = 0.0894649 +/- 0.0061275
	CLb      = 0.4784 +/- 0.00706447
	CLsplusb = 0.0428 +/- 0.00286245

        Lowpoint 4 value 0.0894649 +/- 0.0061275
At r = 3:
	CLs      = 0.05566 +/- 0.00456712
	CLb      = 0.5318 +/- 0.00705675
	CLsplusb = 0.0296 +/- 0.00239682

        Lowpoint 5 value 0.05566 +/- 0.00456712
At r = 5:
	CLs      = 0.00601852 +/- 0.00166992
	CLb      = 0.432 +/- 0.00700537
	CLsplusb = 0.0026 +/- 0.000720172

        Highpoint 9 value 0.00601852 +/- 0.00166992
At r = 4:
	CLs      = 0.0287663 +/- 0.00290609
	CLb      = 0.6744 +/- 0.00662698
	CLsplusb = 0.0194 +/- 0.00195057

        Highpoint 7 value 0.0287663 +/- 0.00290609
Final range [4, 9]
  Will not use point 0 (r 0)
  Will not use point 1 (r 1)
  Will not use point 2 (r 1.5)
  Will not use point 3 (r 2)
   Point 4 (r 2.5) was already updated during search.
   Point 5 (r 3) was already updated during search.
   Point 6 (r 3.5) was already updated during search.
   Point 7 (r 4) was already updated during search.
   Updaing point 8 (r 4.5)
At r = 4.5:
	CLs      = 0.0118707 +/- 0.00220462
	CLb      = 0.4886 +/- 0.00706923
	CLsplusb = 0.0058 +/- 0.00107391

   Point 9 (r 5) was already updated during search.
  Will not use point 10 (r 5.5)
  Will not use point 11 (r 6)
  Will not use point 12 (r 7)
  r 2.50: CLs = 0.0895 +/- 0.0061
  r 3.00: CLs = 0.0557 +/- 0.0046
  r 3.50: CLs = 0.0398 +/- 0.0047
  r 4.00: CLs = 0.0288 +/- 0.0029
  r 4.50: CLs = 0.0119 +/- 0.0022
 after scan x ~ 3, bounds [ 2.5, 4.5]

 -- HybridNew, before fit -- 
Limit: r < 3 +/- 1.5 [2.5, 4.5]

****************************************
Minimizer is Minuit2 / Migrad
Chi2                      =      5.84771
NDf                       =            3
Edm                       =  6.22927e-06
NCalls                    =           41
p0                        =         0.05                      	 (fixed)
p1                        =    -0.883893   +/-   0.0633689   
p2                        =      3.16438   +/-   0.0481925   
Fit to 5 points: 3.16438 +/- 0.0481925

 -- Hybrid New -- 
Limit: r < 3.16438 +/- 0.0481925 @ 95% CL
Total toys: 0
Done in 0.00 min (cpu), 0.00 min (real)
