>>> including systematics
>>> using the Profile Likelihood test statistics modified for upper limits (Q_LHC)
>>> method used to compute upper limit is HybridNew
>>> random number generator seed is 123456
Adding /uscms_data/d2/lpcljm/sapta/SUSYSearch/LimitSetting/CMSSW_7_1_5/src to include path
Adding /cvmfs/cms.cern.ch/slc6_amd64_gcc481/lcg/roofit/5.34.18-cms3//include to include path
Input workspace 'w': 

RooWorkspace(w) w contents

variables
---------
(jerUp_unc,jerUp_unc_In,jesUp_unc,jesUp_unc_In,lumi,lumi_In,n_obs_binbin1,pdf_unc,pdf_unc_In,r,xs_Bkg,xs_Bkg_In)

p.d.f.s
-------
SimpleGaussianConstraint::jerUp_unc_Pdf[ x=jerUp_unc mean=jerUp_unc_In sigma=1 ] = 1
SimpleGaussianConstraint::jesUp_unc_Pdf[ x=jesUp_unc mean=jesUp_unc_In sigma=1 ] = 1
SimpleGaussianConstraint::lumi_Pdf[ x=lumi mean=lumi_In sigma=1 ] = 1
RooProdPdf::modelObs_b[ pdf_binbin1_bonly ] = 0.0284874
RooProdPdf::modelObs_s[ pdf_binbin1 ] = 0.149709
RooProdPdf::model_b[ modelObs_b * nuisancePdf ] = 0.0284874
RooProdPdf::model_s[ modelObs_s * nuisancePdf ] = 0.149709
RooProdPdf::nuisancePdf[ lumi_Pdf * jesUp_unc_Pdf * pdf_unc_Pdf * xs_Bkg_Pdf * jerUp_unc_Pdf ] = 1
RooPoisson::pdf_binbin1[ x=n_obs_binbin1 mean=n_exp_binbin1 ] = 0.149709
RooPoisson::pdf_binbin1_bonly[ x=n_obs_binbin1 mean=n_exp_binbin1_bonly ] = 0.0284874
SimpleGaussianConstraint::pdf_unc_Pdf[ x=pdf_unc mean=pdf_unc_In sigma=1 ] = 1
SimpleGaussianConstraint::xs_Bkg_Pdf[ x=xs_Bkg mean=xs_Bkg_In sigma=1 ] = 1

functions
--------
RooAddition::n_exp_binbin1[ n_exp_binbin1_proc_BH + n_exp_binbin1_proc_Background ] = 1.70106
RooAddition::n_exp_binbin1_bonly[ n_exp_binbin1_proc_Background ] = 0.701064
ProcessNormalization::n_exp_binbin1_proc_BH[ thetaList=(lumi,jesUp_unc,pdf_unc,jerUp_unc) asymmThetaList=() otherFactorList=(r) ] = 1
ProcessNormalization::n_exp_binbin1_proc_Background[ thetaList=(xs_Bkg) asymmThetaList=() otherFactorList=() ] = 0.701064

datasets
--------
RooDataSet::data_obs(n_obs_binbin1)

named sets
----------
ModelConfig_GlobalObservables:(lumi_In,jesUp_unc_In,pdf_unc_In,xs_Bkg_In,jerUp_unc_In)
ModelConfig_NuisParams:(lumi,jesUp_unc,pdf_unc,xs_Bkg,jerUp_unc)
ModelConfig_Observables:(n_obs_binbin1)
ModelConfig_POI:(r)
ModelConfig_bonly_GlobalObservables:(lumi_In,jesUp_unc_In,pdf_unc_In,xs_Bkg_In,jerUp_unc_In)
ModelConfig_bonly_NuisParams:(lumi,jesUp_unc,pdf_unc,xs_Bkg,jerUp_unc)
ModelConfig_bonly_Observables:(n_obs_binbin1)
ModelConfig_bonly_POI:(r)
POI:(r)
globalObservables:(lumi_In,jesUp_unc_In,pdf_unc_In,xs_Bkg_In,jerUp_unc_In)
nuisances:(lumi,jesUp_unc,pdf_unc,xs_Bkg,jerUp_unc)
observables:(n_obs_binbin1)

generic objects
---------------
RooStats::ModelConfig::ModelConfig
RooStats::ModelConfig::ModelConfig_bonly
RooArgSet::discreteParams

Workspace has a ModelConfig for signal called 'ModelConfig', with contents:

=== Using the following for ModelConfig ===
Observables:             RooArgSet:: = (n_obs_binbin1)
Parameters of Interest:  RooArgSet:: = (r)
Nuisance Parameters:     RooArgSet:: = (lumi,jesUp_unc,pdf_unc,xs_Bkg,jerUp_unc)
Global Observables:      RooArgSet:: = (lumi_In,jesUp_unc_In,pdf_unc_In,xs_Bkg_In,jerUp_unc_In)
PDF:                     RooProdPdf::model_s[ modelObs_s * nuisancePdf ] = 0.149709

Input ModelConfig 'ModelConfig': 

=== Using the following for ModelConfig ===
Observables:             RooArgSet:: = (n_obs_binbin1)
Parameters of Interest:  RooArgSet:: = (r)
Nuisance Parameters:     RooArgSet:: = (lumi,jesUp_unc,pdf_unc,xs_Bkg,jerUp_unc)
Global Observables:      RooArgSet:: = (lumi_In,jesUp_unc_In,pdf_unc_In,xs_Bkg_In,jerUp_unc_In)
PDF:                     RooProdPdf::model_s[ modelObs_s * nuisancePdf ] = 0.149709

[#1] INFO:ObjectHandling -- RooWorkspace::import(w) importing RooUniform::prior
Computing limit starting from observation
  1) RooRealVar:: n_obs_binbin1 = 3
Set default minimizer to Minuit2
Search for upper limit using pre-computed grid of p-values
  Do HypoTestResult_mh120_r9_3330623880 -> 9 --> 9
  Do HypoTestResult_mh120_r1.5_915913065 -> 1.5 --> 1.5
  Do HypoTestResult_mh120_r7_409171649 -> 7 --> 7
  Do HypoTestResult_mh120_r2.5_2048226809 -> 2.5 --> 2.5
  Do HypoTestResult_mh120_r3.5_3987254959 -> 3.5 --> 3.5
  Do HypoTestResult_mh120_r11_3443239815 -> 11 --> 11
  Do HypoTestResult_mh120_r5_433561433 -> 5 --> 5
  Do HypoTestResult_mh120_r8_306397298 -> 8 --> 8
  Do HypoTestResult_mh120_r4_3601177309 -> 4 --> 4
  Do HypoTestResult_mh120_r2_3961580349 -> 2 --> 2
  Do HypoTestResult_mh120_r3_818666259 -> 3 --> 3
  Do HypoTestResult_mh120_r6_2124134236 -> 6 --> 6
  Do HypoTestResult_mh120_r1_2036390959 -> 1 --> 1
GRID, as is.
  - 1  (CLs = 1 +/- 0.000282871)
  - 1.5  (CLs = 0.9986 +/- 0.00052878)
  - 2  (CLs = 1 +/- 0.000282871)
  - 2.5  (CLs = 0.54921 +/- 0.00765902)
  - 3  (CLs = 0.435357 +/- 0.00756857)
  - 3.5  (CLs = 0.331136 +/- 0.00706287)
  - 4  (CLs = 0.272087 +/- 0.00665204)
  - 5  (CLs = 0.146378 +/- 0.0052338)
  - 6  (CLs = 0.0855249 +/- 0.00411393)
  - 7  (CLs = 0.0406135 +/- 0.00291037)
  - 8  (CLs = 0.0163328 +/- 0.00187301)
  - 9  (CLs = 0.00959651 +/- 0.00144093)
  - 11  (CLs = 0.0039173 +/- 0.0009218)
Bisecting range [0, 12]
At r = 4:
	CLs      = 0.0525687 +/- 0.00457499
	CLb      = 0.5022 +/- 0.007071
	CLsplusb = 0.0264 +/- 0.00226729

    Midpoint 6 value 0.0525687 +/- 0.00457499
    Tightening Range
At r = 2.5:
	CLs      = 0.201705 +/- 0.00835475
	CLb      = 0.5632 +/- 0.00701435
	CLsplusb = 0.1136 +/- 0.00448765

        Lowpoint 3 value 0.201705 +/- 0.00835475
At r = 3:
	CLs      = 0.129694 +/- 0.00707068
	CLb      = 0.5166 +/- 0.00706717
	CLsplusb = 0.067 +/- 0.00353585

        Lowpoint 4 value 0.129694 +/- 0.00707068
At r = 3.5:
	CLs      = 0.0913386 +/- 0.00599229
	CLb      = 0.508 +/- 0.00707016
	CLsplusb = 0.0464 +/- 0.0029748

        Lowpoint 5 value 0.0913386 +/- 0.00599229
At r = 7:
	CLs      = 0.0022779 +/- 0.000929894
	CLb      = 0.5268 +/- 0.0070609
	CLsplusb = 0.0012 +/- 0.000489604

        Highpoint 9 value 0.0022779 +/- 0.000929894
At r = 5:
	CLs      = 0.025641 +/- 0.0259626
	CLb      = 0.0078 +/- 0.00124412
	CLsplusb = 0.0002 +/- 0.00019998

        Highpoint 7 value 0.025641 +/- 0.0259626
Final range [5, 9]
  Will not use point 0 (r 1)
  Will not use point 1 (r 1.5)
  Will not use point 2 (r 2)
  Will not use point 3 (r 2.5)
  Will not use point 4 (r 3)
   Point 5 (r 3.5) was already updated during search.
   Point 6 (r 4) was already updated during search.
   Point 7 (r 5) was already updated during search.
   Updaing point 8 (r 6)
At r = 6:
	CLs      = 0.010293 +/- 0.00201851
	CLb      = 0.5052 +/- 0.00707069
	CLsplusb = 0.0052 +/- 0.00101715

   Point 9 (r 7) was already updated during search.
  Will not use point 10 (r 8)
  Will not use point 11 (r 9)
  Will not use point 12 (r 11)
  r 3.50: CLs = 0.0913 +/- 0.0060
  r 4.00: CLs = 0.0526 +/- 0.0046
  r 5.00: CLs = 0.0256 +/- 0.0260
  r 6.00: CLs = 0.0103 +/- 0.0020
 after scan x ~ 4, bounds [ 3.5, 6]

 -- HybridNew, before fit -- 
Limit: r < 4 +/- 2 [3.5, 6]

****************************************
Minimizer is Minuit2 / Migrad
Chi2                      =      1.16733
NDf                       =            2
Edm                       =  2.79504e-06
NCalls                    =           39
p0                        =         0.05                      	 (fixed)
p1                        =    -0.892978   +/-   0.0905157   
p2                        =      4.13364   +/-   0.0641417   
Fit to 4 points: 4.13364 +/- 0.0641417

 -- Hybrid New -- 
Limit: r < 4.13364 +/- 0.0641417 @ 95% CL
Total toys: 0
Done in 0.00 min (cpu), 0.00 min (real)
