>>> including systematics
>>> using the Profile Likelihood test statistics modified for upper limits (Q_LHC)
>>> method used to compute upper limit is HybridNew
>>> random number generator seed is 123456
Adding /uscms_data/d2/lpcljm/sapta/SUSYSearch/LimitSetting/CMSSW_7_1_5/src to include path
Adding /cvmfs/cms.cern.ch/slc6_amd64_gcc481/lcg/roofit/5.34.18-cms3//include to include path
Input workspace 'w': 

RooWorkspace(w) w contents

variables
---------
(jerUp_unc,jerUp_unc_In,jesUp_unc,jesUp_unc_In,lumi,lumi_In,n_obs_binbin1,pdf_unc,pdf_unc_In,r,xs_Bkg,xs_Bkg_In)

p.d.f.s
-------
SimpleGaussianConstraint::jerUp_unc_Pdf[ x=jerUp_unc mean=jerUp_unc_In sigma=1 ] = 1
SimpleGaussianConstraint::jesUp_unc_Pdf[ x=jesUp_unc mean=jesUp_unc_In sigma=1 ] = 1
SimpleGaussianConstraint::lumi_Pdf[ x=lumi mean=lumi_In sigma=1 ] = 1
RooProdPdf::modelObs_b[ pdf_binbin1_bonly ] = 0.174066
RooProdPdf::modelObs_s[ pdf_binbin1 ] = 0.167308
RooProdPdf::model_b[ modelObs_b * nuisancePdf ] = 0.174066
RooProdPdf::model_s[ modelObs_s * nuisancePdf ] = 0.167308
RooProdPdf::nuisancePdf[ lumi_Pdf * jesUp_unc_Pdf * pdf_unc_Pdf * xs_Bkg_Pdf * jerUp_unc_Pdf ] = 1
RooPoisson::pdf_binbin1[ x=n_obs_binbin1 mean=n_exp_binbin1 ] = 0.167308
RooPoisson::pdf_binbin1_bonly[ x=n_obs_binbin1 mean=n_exp_binbin1_bonly ] = 0.174066
SimpleGaussianConstraint::pdf_unc_Pdf[ x=pdf_unc mean=pdf_unc_In sigma=1 ] = 1
SimpleGaussianConstraint::xs_Bkg_Pdf[ x=xs_Bkg mean=xs_Bkg_In sigma=1 ] = 1

functions
--------
RooAddition::n_exp_binbin1[ n_exp_binbin1_proc_BH + n_exp_binbin1_proc_Background ] = 5.72216
RooAddition::n_exp_binbin1_bonly[ n_exp_binbin1_proc_Background ] = 4.72216
ProcessNormalization::n_exp_binbin1_proc_BH[ thetaList=(lumi,jesUp_unc,pdf_unc,jerUp_unc) asymmThetaList=() otherFactorList=(r) ] = 1
ProcessNormalization::n_exp_binbin1_proc_Background[ thetaList=(xs_Bkg) asymmThetaList=() otherFactorList=() ] = 4.72216

datasets
--------
RooDataSet::data_obs(n_obs_binbin1)

named sets
----------
ModelConfig_GlobalObservables:(lumi_In,jesUp_unc_In,pdf_unc_In,xs_Bkg_In,jerUp_unc_In)
ModelConfig_NuisParams:(lumi,jesUp_unc,pdf_unc,xs_Bkg,jerUp_unc)
ModelConfig_Observables:(n_obs_binbin1)
ModelConfig_POI:(r)
ModelConfig_bonly_GlobalObservables:(lumi_In,jesUp_unc_In,pdf_unc_In,xs_Bkg_In,jerUp_unc_In)
ModelConfig_bonly_NuisParams:(lumi,jesUp_unc,pdf_unc,xs_Bkg,jerUp_unc)
ModelConfig_bonly_Observables:(n_obs_binbin1)
ModelConfig_bonly_POI:(r)
POI:(r)
globalObservables:(lumi_In,jesUp_unc_In,pdf_unc_In,xs_Bkg_In,jerUp_unc_In)
nuisances:(lumi,jesUp_unc,pdf_unc,xs_Bkg,jerUp_unc)
observables:(n_obs_binbin1)

generic objects
---------------
RooStats::ModelConfig::ModelConfig
RooStats::ModelConfig::ModelConfig_bonly
RooArgSet::discreteParams

Workspace has a ModelConfig for signal called 'ModelConfig', with contents:

=== Using the following for ModelConfig ===
Observables:             RooArgSet:: = (n_obs_binbin1)
Parameters of Interest:  RooArgSet:: = (r)
Nuisance Parameters:     RooArgSet:: = (lumi,jesUp_unc,pdf_unc,xs_Bkg,jerUp_unc)
Global Observables:      RooArgSet:: = (lumi_In,jesUp_unc_In,pdf_unc_In,xs_Bkg_In,jerUp_unc_In)
PDF:                     RooProdPdf::model_s[ modelObs_s * nuisancePdf ] = 0.167308

Input ModelConfig 'ModelConfig': 

=== Using the following for ModelConfig ===
Observables:             RooArgSet:: = (n_obs_binbin1)
Parameters of Interest:  RooArgSet:: = (r)
Nuisance Parameters:     RooArgSet:: = (lumi,jesUp_unc,pdf_unc,xs_Bkg,jerUp_unc)
Global Observables:      RooArgSet:: = (lumi_In,jesUp_unc_In,pdf_unc_In,xs_Bkg_In,jerUp_unc_In)
PDF:                     RooProdPdf::model_s[ modelObs_s * nuisancePdf ] = 0.167308

[#1] INFO:ObjectHandling -- RooWorkspace::import(w) importing RooUniform::prior
Computing limit starting from observation
  1) RooRealVar:: n_obs_binbin1 = 5
Set default minimizer to Minuit2
Search for upper limit using pre-computed grid of p-values
  Do HypoTestResult_mh120_r13_501672664 -> 13 --> 13
  Do HypoTestResult_mh120_r5_2704852476 -> 5 --> 5
  Do HypoTestResult_mh120_r3_968561937 -> 3 --> 3
  Do HypoTestResult_mh120_r2_3660771732 -> 2 --> 2
  Do HypoTestResult_mh120_r17_2127320448 -> 17 --> 17
  Do HypoTestResult_mh120_r7_779109275 -> 7 --> 7
  Do HypoTestResult_mh120_r4_1344260746 -> 4 --> 4
  Do HypoTestResult_mh120_r15_3419976704 -> 15 --> 15
  Do HypoTestResult_mh120_r6_3860655235 -> 6 --> 6
  Do HypoTestResult_mh120_r9_3736709902 -> 9 --> 9
  Do HypoTestResult_mh120_r8_4076955790 -> 8 --> 8
  Do HypoTestResult_mh120_r1_654146165 -> 1 --> 1
  Do HypoTestResult_mh120_r11_1665336256 -> 11 --> 11
GRID, as is.
  - 1  (CLs = 0.782951 +/- 0.0152545)
  - 2  (CLs = 0.579235 +/- 0.0133495)
  - 3  (CLs = 0.41518 +/- 0.0116859)
  - 4  (CLs = 0.258932 +/- 0.00917039)
  - 5  (CLs = 0.154207 +/- 0.00708203)
  - 6  (CLs = 0.0949389 +/- 0.00571648)
  - 7  (CLs = 0.0554401 +/- 0.00436412)
  - 8  (CLs = 0.0337698 +/- 0.00340199)
  - 9  (CLs = 0.0127235 +/- 0.00208956)
  - 11  (CLs = 0.00811633 +/- 0.00165551)
  - 13  (CLs = 0.00106876 +/- 0.000617006)
  - 15  (CLs = 0.000348554 +/- 0.000348545)
  - 17  (CLs = 0.000349406 +/- 0.000349397)
Bisecting range [0, 12]
At r = 7:
	CLs      = 0.038291 +/- 0.00392915
	CLb      = 0.4962 +/- 0.00707086
	CLsplusb = 0.019 +/- 0.00193075

    Midpoint 6 value 0.038291 +/- 0.00392915
    Tightening Range
At r = 4:
	CLs      = 0.213398 +/- 0.00925472
	CLb      = 0.4986 +/- 0.00707104
	CLsplusb = 0.1064 +/- 0.00436071

        Lowpoint 3 value 0.213398 +/- 0.00925472
At r = 5:
	CLs      = 0.130313 +/- 0.00722958
	CLb      = 0.4988 +/- 0.00707105
	CLsplusb = 0.065 +/- 0.0034864

        Lowpoint 4 value 0.130313 +/- 0.00722958
At r = 6:
	CLs      = 0.0763052 +/- 0.00553661
	CLb      = 0.498 +/- 0.00707101
	CLsplusb = 0.038 +/- 0.00270392

        Lowpoint 5 value 0.0763052 +/- 0.00553661
At r = 11:
	CLs      = 0.00514037 +/- 0.00142564
	CLb      = 0.5058 +/- 0.00707059
	CLsplusb = 0.0026 +/- 0.000720172

        Highpoint 9 value 0.00514037 +/- 0.00142564
At r = 8:
	CLs      = 0.0244685 +/- 0.00313298
	CLb      = 0.4986 +/- 0.00707104
	CLsplusb = 0.0122 +/- 0.00155249

        Highpoint 7 value 0.0244685 +/- 0.00313298
Final range [4, 9]
  Will not use point 0 (r 1)
  Will not use point 1 (r 2)
  Will not use point 2 (r 3)
  Will not use point 3 (r 4)
   Point 4 (r 5) was already updated during search.
   Point 5 (r 6) was already updated during search.
   Point 6 (r 7) was already updated during search.
   Point 7 (r 8) was already updated during search.
   Updaing point 8 (r 9)
At r = 9:
	CLs      = 0.00927357 +/- 0.00189265
	CLb      = 0.5176 +/- 0.00706669
	CLsplusb = 0.0048 +/- 0.000977442

   Point 9 (r 11) was already updated during search.
  Will not use point 10 (r 13)
  Will not use point 11 (r 15)
  Will not use point 12 (r 17)
  r 5.00: CLs = 0.1303 +/- 0.0072
  r 6.00: CLs = 0.0763 +/- 0.0055
  r 7.00: CLs = 0.0383 +/- 0.0039
  r 8.00: CLs = 0.0245 +/- 0.0031
  r 9.00: CLs = 0.0093 +/- 0.0019
 after scan x ~ 7, bounds [ 5, 9]

 -- HybridNew, before fit -- 
Limit: r < 7 +/- 2 [5, 9]

****************************************
Minimizer is Minuit2 / Migrad
Chi2                      =      3.21238
NDf                       =            3
Edm                       =  1.42174e-06
NCalls                    =           48
p0                        =         0.05                      	 (fixed)
p1                        =    -0.614591   +/-   0.031787    
p2                        =      6.59781   +/-   0.0706256   
Fit to 5 points: 6.59781 +/- 0.0706256

 -- Hybrid New -- 
Limit: r < 6.59781 +/- 0.0706256 @ 95% CL
Total toys: 0
Done in 0.00 min (cpu), 0.01 min (real)
