>>> including systematics
>>> using the Profile Likelihood test statistics modified for upper limits (Q_LHC)
>>> method used to compute upper limit is HybridNew
>>> random number generator seed is 123456
Adding /uscms_data/d2/lpcljm/sapta/SUSYSearch/LimitSetting/CMSSW_7_1_5/src to include path
Adding /cvmfs/cms.cern.ch/slc6_amd64_gcc481/lcg/roofit/5.34.18-cms3//include to include path
Input workspace 'w': 

RooWorkspace(w) w contents

variables
---------
(jerUp_unc,jerUp_unc_In,jesUp_unc,jesUp_unc_In,lumi,lumi_In,n_obs_binbin1,pdf_unc,pdf_unc_In,r,xs_Bkg,xs_Bkg_In)

p.d.f.s
-------
SimpleGaussianConstraint::jerUp_unc_Pdf[ x=jerUp_unc mean=jerUp_unc_In sigma=1 ] = 1
SimpleGaussianConstraint::jesUp_unc_Pdf[ x=jesUp_unc mean=jesUp_unc_In sigma=1 ] = 1
SimpleGaussianConstraint::lumi_Pdf[ x=lumi mean=lumi_In sigma=1 ] = 1
RooProdPdf::modelObs_b[ pdf_binbin1_bonly ] = 0.0737765
RooProdPdf::modelObs_s[ pdf_binbin1 ] = 0.156844
RooProdPdf::model_b[ modelObs_b * nuisancePdf ] = 0.0737765
RooProdPdf::model_s[ modelObs_s * nuisancePdf ] = 0.156844
RooProdPdf::nuisancePdf[ lumi_Pdf * jesUp_unc_Pdf * pdf_unc_Pdf * xs_Bkg_Pdf * jerUp_unc_Pdf ] = 1
RooPoisson::pdf_binbin1[ x=n_obs_binbin1 mean=n_exp_binbin1 ] = 0.156844
RooPoisson::pdf_binbin1_bonly[ x=n_obs_binbin1 mean=n_exp_binbin1_bonly ] = 0.0737765
SimpleGaussianConstraint::pdf_unc_Pdf[ x=pdf_unc mean=pdf_unc_In sigma=1 ] = 1
SimpleGaussianConstraint::xs_Bkg_Pdf[ x=xs_Bkg mean=xs_Bkg_In sigma=1 ] = 1

functions
--------
RooAddition::n_exp_binbin1[ n_exp_binbin1_proc_BH + n_exp_binbin1_proc_Background ] = 2.81666
RooAddition::n_exp_binbin1_bonly[ n_exp_binbin1_proc_Background ] = 1.81666
ProcessNormalization::n_exp_binbin1_proc_BH[ thetaList=(lumi,jesUp_unc,pdf_unc,jerUp_unc) asymmThetaList=() otherFactorList=(r) ] = 1
ProcessNormalization::n_exp_binbin1_proc_Background[ thetaList=(xs_Bkg) asymmThetaList=() otherFactorList=() ] = 1.81666

datasets
--------
RooDataSet::data_obs(n_obs_binbin1)

named sets
----------
ModelConfig_GlobalObservables:(lumi_In,jesUp_unc_In,pdf_unc_In,xs_Bkg_In,jerUp_unc_In)
ModelConfig_NuisParams:(lumi,jesUp_unc,pdf_unc,xs_Bkg,jerUp_unc)
ModelConfig_Observables:(n_obs_binbin1)
ModelConfig_POI:(r)
ModelConfig_bonly_GlobalObservables:(lumi_In,jesUp_unc_In,pdf_unc_In,xs_Bkg_In,jerUp_unc_In)
ModelConfig_bonly_NuisParams:(lumi,jesUp_unc,pdf_unc,xs_Bkg,jerUp_unc)
ModelConfig_bonly_Observables:(n_obs_binbin1)
ModelConfig_bonly_POI:(r)
POI:(r)
globalObservables:(lumi_In,jesUp_unc_In,pdf_unc_In,xs_Bkg_In,jerUp_unc_In)
nuisances:(lumi,jesUp_unc,pdf_unc,xs_Bkg,jerUp_unc)
observables:(n_obs_binbin1)

generic objects
---------------
RooStats::ModelConfig::ModelConfig
RooStats::ModelConfig::ModelConfig_bonly
RooArgSet::discreteParams

Workspace has a ModelConfig for signal called 'ModelConfig', with contents:

=== Using the following for ModelConfig ===
Observables:             RooArgSet:: = (n_obs_binbin1)
Parameters of Interest:  RooArgSet:: = (r)
Nuisance Parameters:     RooArgSet:: = (lumi,jesUp_unc,pdf_unc,xs_Bkg,jerUp_unc)
Global Observables:      RooArgSet:: = (lumi_In,jesUp_unc_In,pdf_unc_In,xs_Bkg_In,jerUp_unc_In)
PDF:                     RooProdPdf::model_s[ modelObs_s * nuisancePdf ] = 0.156844

Input ModelConfig 'ModelConfig': 

=== Using the following for ModelConfig ===
Observables:             RooArgSet:: = (n_obs_binbin1)
Parameters of Interest:  RooArgSet:: = (r)
Nuisance Parameters:     RooArgSet:: = (lumi,jesUp_unc,pdf_unc,xs_Bkg,jerUp_unc)
Global Observables:      RooArgSet:: = (lumi_In,jesUp_unc_In,pdf_unc_In,xs_Bkg_In,jerUp_unc_In)
PDF:                     RooProdPdf::model_s[ modelObs_s * nuisancePdf ] = 0.156844

[#1] INFO:ObjectHandling -- RooWorkspace::import(w) importing RooUniform::prior
Computing limit starting from observation
  1) RooRealVar:: n_obs_binbin1 = 4
Set default minimizer to Minuit2
Search for upper limit using pre-computed grid of p-values
  Do HypoTestResult_mh120_r2.5_1247474982 -> 2.5 --> 2.5
  Do HypoTestResult_mh120_r8_4134528075 -> 8 --> 8
  Do HypoTestResult_mh120_r5_2097861238 -> 5 --> 5
  Do HypoTestResult_mh120_r6_229122933 -> 6 --> 6
  Do HypoTestResult_mh120_r7_563716661 -> 7 --> 7
  Do HypoTestResult_mh120_r2_811032901 -> 2 --> 2
  Do HypoTestResult_mh120_r13_1486663637 -> 13 --> 13
  Do HypoTestResult_mh120_r1.5_1112952104 -> 1.5 --> 1.5
  Do HypoTestResult_mh120_r9_3901129870 -> 9 --> 9
  Do HypoTestResult_mh120_r3.5_1045955815 -> 3.5 --> 3.5
  Do HypoTestResult_mh120_r1_755972396 -> 1 --> 1
  Do HypoTestResult_mh120_r4_4048505507 -> 4 --> 4
  Do HypoTestResult_mh120_r3_3179147542 -> 3 --> 3
  Do HypoTestResult_mh120_r11_1846243126 -> 11 --> 11
GRID, as is.
  - 1  (CLs = 1.0012 +/- 0.000633647)
  - 1.5  (CLs = 1.0002 +/- 0.000447419)
  - 2  (CLs = 1 +/- 0.000282871)
  - 2.5  (CLs = 0.586349 +/- 0.00869039)
  - 3  (CLs = 0.480498 +/- 0.00847497)
  - 3.5  (CLs = 0.4136 +/- 0.00822998)
  - 4  (CLs = 0.317241 +/- 0.0074705)
  - 5  (CLs = 0.193827 +/- 0.00625099)
  - 6  (CLs = 0.121368 +/- 0.00509863)
  - 7  (CLs = 0.0639411 +/- 0.0038125)
  - 8  (CLs = 0.0381406 +/- 0.00297604)
  - 9  (CLs = 0.0202719 +/- 0.00218365)
  - 11  (CLs = 0.00748611 +/- 0.00134124)
  - 13  (CLs = 0.000951022 +/- 0.000475357)
Bisecting range [0, 13]
At r = 4:
	CLs      = 0.282655 +/- 0.00736899
	CLb      = 0.8406 +/- 0.00517671
	CLsplusb = 0.2376 +/- 0.00601907

    Midpoint 6 value 0.282655 +/- 0.00736899
    Replacing Min
Bisecting range [6, 13]
At r = 7:
	CLs      = 0.0631855 +/- 0.00379745
	CLb      = 0.8388 +/- 0.00520028
	CLsplusb = 0.053 +/- 0.00316831

    Midpoint 9 value 0.0631855 +/- 0.00379745
    Tightening Range
At r = 5:
	CLs      = 0.182944 +/- 0.0061777
	CLb      = 0.8396 +/- 0.00518983
	CLsplusb = 0.1536 +/- 0.00509916

        Lowpoint 7 value 0.182944 +/- 0.0061777
At r = 6:
	CLs      = 0.112118 +/- 0.00497155
	CLb      = 0.8384 +/- 0.00520549
	CLsplusb = 0.094 +/- 0.00412708

        Lowpoint 8 value 0.112118 +/- 0.00497155
At r = 9:
	CLs      = 0.0204518 +/- 0.00218994
	CLb      = 0.841 +/- 0.00517144
	CLsplusb = 0.0172 +/- 0.0018387

        Highpoint 11 value 0.0204518 +/- 0.00218994
Final range [8, 13]
  Will not use point 0 (r 1)
  Will not use point 1 (r 1.5)
  Will not use point 2 (r 2)
  Will not use point 3 (r 2.5)
  Will not use point 4 (r 3)
  Will not use point 5 (r 3.5)
  Will not use point 6 (r 4)
  Will not use point 7 (r 5)
   Point 8 (r 6) was already updated during search.
   Point 9 (r 7) was already updated during search.
   Updaing point 10 (r 8)
At r = 8:
	CLs      = 0.0383333 +/- 0.00298146
	CLb      = 0.84 +/- 0.00518459
	CLsplusb = 0.0322 +/- 0.00249652

   Point 11 (r 9) was already updated during search.
   Updaing point 12 (r 11)
At r = 11:
	CLs      = 0.00862482 +/- 0.00143331
	CLb      = 0.8348 +/- 0.00525184
	CLsplusb = 0.0072 +/- 0.00119567

   Updaing point 13 (r 13)
At r = 13:
	CLs      = 0.000951928 +/- 0.00047581
	CLb      = 0.8404 +/- 0.00517934
	CLsplusb = 0.0008 +/- 0.00039984

  r 6.00: CLs = 0.1121 +/- 0.0050
  r 7.00: CLs = 0.0632 +/- 0.0038
  r 8.00: CLs = 0.0383 +/- 0.0030
  r 9.00: CLs = 0.0205 +/- 0.0022
  r 11.00: CLs = 0.0086 +/- 0.0014
 after scan x ~ 8, bounds [ 6, 11]

 -- HybridNew, before fit -- 
Limit: r < 8 +/- 3 [6, 11]

****************************************
Minimizer is Minuit2 / Migrad
Chi2                      =      1.38852
NDf                       =            3
Edm                       =  3.51679e-08
NCalls                    =           53
p0                        =         0.05                      	 (fixed)
p1                        =    -0.539527   +/-   0.0263348   
p2                        =      7.47438   +/-   0.0616282   
Fit to 5 points: 7.47438 +/- 0.0616282

 -- Hybrid New -- 
Limit: r < 7.47438 +/- 0.0616282 @ 95% CL
Total toys: 0
Done in 0.00 min (cpu), 0.01 min (real)
