>>> including systematics
>>> using the Profile Likelihood test statistics modified for upper limits (Q_LHC)
>>> method used to compute upper limit is HybridNew
>>> Using OpenSSL to get a really random seed 
>>> Used OpenSSL to get a really random seed 2133012374
Adding /uscms_data/d2/lpcljm/sapta/SUSYSearch/LimitSetting/CMSSW_7_1_5/src to include path
Adding /cvmfs/cms.cern.ch/slc6_amd64_gcc481/lcg/roofit/5.34.18-cms3//include to include path
Input workspace 'w': 

RooWorkspace(w) w contents

variables
---------
(jerUp_unc,jerUp_unc_In,jesUp_unc,jesUp_unc_In,lumi,lumi_In,n_obs_binbin1,pdf_unc,pdf_unc_In,r,xs_Bkg,xs_Bkg_In)

p.d.f.s
-------
SimpleGaussianConstraint::jerUp_unc_Pdf[ x=jerUp_unc mean=jerUp_unc_In sigma=1 ] = 1
SimpleGaussianConstraint::jesUp_unc_Pdf[ x=jesUp_unc mean=jesUp_unc_In sigma=1 ] = 1
SimpleGaussianConstraint::lumi_Pdf[ x=lumi mean=lumi_In sigma=1 ] = 1
RooProdPdf::modelObs_b[ pdf_binbin1_bonly ] = 0.108896
RooProdPdf::modelObs_s[ pdf_binbin1 ] = 0.0967367
RooProdPdf::model_b[ modelObs_b * nuisancePdf ] = 0.108896
RooProdPdf::model_s[ modelObs_s * nuisancePdf ] = 0.0967367
RooProdPdf::nuisancePdf[ lumi_Pdf * jesUp_unc_Pdf * pdf_unc_Pdf * xs_Bkg_Pdf * jerUp_unc_Pdf ] = 1
RooPoisson::pdf_binbin1[ x=n_obs_binbin1 mean=n_exp_binbin1 ] = 0.0967367
RooPoisson::pdf_binbin1_bonly[ x=n_obs_binbin1 mean=n_exp_binbin1_bonly ] = 0.108896
SimpleGaussianConstraint::pdf_unc_Pdf[ x=pdf_unc mean=pdf_unc_In sigma=1 ] = 1
SimpleGaussianConstraint::xs_Bkg_Pdf[ x=xs_Bkg mean=xs_Bkg_In sigma=1 ] = 1

functions
--------
RooAddition::n_exp_binbin1[ n_exp_binbin1_proc_BH + n_exp_binbin1_proc_Background ] = 14.1177
RooAddition::n_exp_binbin1_bonly[ n_exp_binbin1_proc_Background ] = 13.1177
ProcessNormalization::n_exp_binbin1_proc_BH[ thetaList=(lumi,jesUp_unc,pdf_unc,jerUp_unc) asymmThetaList=() otherFactorList=(r) ] = 1
ProcessNormalization::n_exp_binbin1_proc_Background[ thetaList=(xs_Bkg) asymmThetaList=() otherFactorList=() ] = 13.1177

datasets
--------
RooDataSet::data_obs(n_obs_binbin1)

named sets
----------
ModelConfig_GlobalObservables:(lumi_In,jesUp_unc_In,pdf_unc_In,xs_Bkg_In,jerUp_unc_In)
ModelConfig_NuisParams:(lumi,jesUp_unc,pdf_unc,xs_Bkg,jerUp_unc)
ModelConfig_Observables:(n_obs_binbin1)
ModelConfig_POI:(r)
ModelConfig_bonly_GlobalObservables:(lumi_In,jesUp_unc_In,pdf_unc_In,xs_Bkg_In,jerUp_unc_In)
ModelConfig_bonly_NuisParams:(lumi,jesUp_unc,pdf_unc,xs_Bkg,jerUp_unc)
ModelConfig_bonly_Observables:(n_obs_binbin1)
ModelConfig_bonly_POI:(r)
POI:(r)
globalObservables:(lumi_In,jesUp_unc_In,pdf_unc_In,xs_Bkg_In,jerUp_unc_In)
nuisances:(lumi,jesUp_unc,pdf_unc,xs_Bkg,jerUp_unc)
observables:(n_obs_binbin1)

generic objects
---------------
RooStats::ModelConfig::ModelConfig
RooStats::ModelConfig::ModelConfig_bonly
RooArgSet::discreteParams

Workspace has a ModelConfig for signal called 'ModelConfig', with contents:

=== Using the following for ModelConfig ===
Observables:             RooArgSet:: = (n_obs_binbin1)
Parameters of Interest:  RooArgSet:: = (r)
Nuisance Parameters:     RooArgSet:: = (lumi,jesUp_unc,pdf_unc,xs_Bkg,jerUp_unc)
Global Observables:      RooArgSet:: = (lumi_In,jesUp_unc_In,pdf_unc_In,xs_Bkg_In,jerUp_unc_In)
PDF:                     RooProdPdf::model_s[ modelObs_s * nuisancePdf ] = 0.0967367

Input ModelConfig 'ModelConfig': 

=== Using the following for ModelConfig ===
Observables:             RooArgSet:: = (n_obs_binbin1)
Parameters of Interest:  RooArgSet:: = (r)
Nuisance Parameters:     RooArgSet:: = (lumi,jesUp_unc,pdf_unc,xs_Bkg,jerUp_unc)
Global Observables:      RooArgSet:: = (lumi_In,jesUp_unc_In,pdf_unc_In,xs_Bkg_In,jerUp_unc_In)
PDF:                     RooProdPdf::model_s[ modelObs_s * nuisancePdf ] = 0.0967367

[#1] INFO:ObjectHandling -- RooWorkspace::import(w) importing RooUniform::prior
Computing limit starting from observation
  1) RooRealVar:: n_obs_binbin1 = 12
Set default minimizer to Minuit2
  r = 1 +/- 0
[#1] INFO:Minization --  Including the following contraint terms in minimization: (nuisancePdf)
[#1] INFO:Fitting -- RooAddition::defaultErrorLevel(nll_model_s_data_obs_with_constr) Summation contains a RooNLLVar, using its error level
Minuit2Minimizer: Minimize with max-calls 2500 convergence for edm < 0.01 strategy 1
MnSeedGenerator: for initial parameters FCN = 6.81206
MnSeedGenerator: Initial state:   - FCN =    6.81205760243 Edm =    0.0291375 NCalls =     21
VariableMetric: start iterating until Edm is < 1e-05
VariableMetric: Initial state   - FCN =    6.81205760243 Edm =    0.0291375 NCalls =     21
VariableMetric: Iteration #   1 - FCN =    6.78261426986 Edm =  7.22731e-06 NCalls =     32
VariableMetric: Iteration #   2 - FCN =   6.782606808249 Edm =  1.94733e-09 NCalls =     43
VariableMetric: After Hessian   - FCN =   6.782606808249 Edm =  1.97528e-09 NCalls =     74
Number of iterations 4
----------> Iteration 0
            FVAL = 6.81205760243 Edm = 0.0291375487298 Nfcn = 21
            Error matrix change = 1
            Parameters :  p0 = 0 p1 = 0 p2 = 0 p3 = 0 p4 = 0
----------> Iteration 1
            FVAL = 6.78261426986 Edm = 7.22731145613e-06 Nfcn = 32
            Error matrix change = 0.500707
            Parameters :  p0 = 0 p1 = 0 p2 = 0 p3 = 0 p4 = -0.150374
----------> Iteration 2
            FVAL = 6.78260680825 Edm = 1.9473259186e-09 Nfcn = 43
            Error matrix change = 0.251095
            Parameters :  p0 = 0 p1 = 0 p2 = 0 p3 = 0 p4 = -0.15278
----------> Iteration 3
            FVAL = 6.78260680825 Edm = 1.97527826718e-09 Nfcn = 74
            Error matrix change = 0
            Parameters :  p0 = 0 p1 = 0 p2 = 0 p3 = 0 p4 = -0.15278
Minuit2Minimizer : Valid minimum - status = 0
FVAL  = 6.78260680824924655
Edm   = 1.97527826717893627e-09
Nfcn  = 74
jerUp_unc	  = 0	 +/-  0.996602	(limited)
jesUp_unc	  = 0	 +/-  0.996602	(limited)
lumi	  = 0	 +/-  0.996602	(limited)
pdf_unc	  = 0	 +/-  0.996602	(limited)
xs_Bkg	  = -0.15278	 +/-  0.632175	(limited)
Zero signal fit
   0) jerUp_unc                      =         0
   1) jesUp_unc                      =         0
   2) lumi                           =         0
   3) pdf_unc                        =         0
   4) xs_Bkg                         =  -0.15278

Fitting of the background hypothesis done in 0.301692 s
[#1] INFO:Fitting -- RooAddition::defaultErrorLevel(nll_model_s_data_obs_with_constr) Summation contains a RooNLLVar, using its error level
Minuit2Minimizer: Minimize with max-calls 2500 convergence for edm < 0.01 strategy 1
MnSeedGenerator: for initial parameters FCN = 6.85486
MnSeedGenerator: Initial state:   - FCN =   6.854856500124 Edm =    0.0200513 NCalls =     21
VariableMetric: start iterating until Edm is < 1e-05
VariableMetric: Initial state   - FCN =   6.854856500124 Edm =    0.0200513 NCalls =     21
VariableMetric: Iteration #   1 - FCN =   6.834640284377 Edm =  1.07272e-05 NCalls =     32
VariableMetric: Iteration #   2 - FCN =   6.834629233841 Edm =  1.15795e-09 NCalls =     43
VariableMetric: After Hessian   - FCN =   6.834629233841 Edm =  1.17224e-09 NCalls =     74
Number of iterations 4
----------> Iteration 0
            FVAL = 6.85485650012 Edm = 0.0200513288908 Nfcn = 21
            Error matrix change = 1
            Parameters :  p0 = 0 p1 = 0 p2 = 0 p3 = 0 p4 = -0.15278
----------> Iteration 1
            FVAL = 6.83464028438 Edm = 1.0727164312e-05 Nfcn = 32
            Error matrix change = 0.503921
            Parameters :  p0 = -0.00420359 p1 = -0.00522846 p2 = -0.00481974 p3 = -0.00624312 p4 = -0.281918
----------> Iteration 2
            FVAL = 6.83462923384 Edm = 1.15794604557e-09 Nfcn = 43
            Error matrix change = 0.253816
            Parameters :  p0 = -0.00270213 p1 = -0.00336171 p2 = -0.00309862 p3 = -0.00401522 p4 = -0.283829
----------> Iteration 3
            FVAL = 6.83462923384 Edm = 1.17223548756e-09 Nfcn = 74
            Error matrix change = 0
            Parameters :  p0 = -0.00270213 p1 = -0.00336171 p2 = -0.00309862 p3 = -0.00401522 p4 = -0.283829
Minuit2Minimizer : Valid minimum - status = 0
FVAL  = 6.8346292338410759
Edm   = 1.17223548755776645e-09
Nfcn  = 74
jerUp_unc	  = -0.00270213	 +/-  0.996524	(limited)
jesUp_unc	  = -0.00336171	 +/-  0.996481	(limited)
lumi	  = -0.00309862	 +/-  0.996499	(limited)
pdf_unc	  = -0.00401522	 +/-  0.996429	(limited)
xs_Bkg	  = -0.283829	 +/-  0.654869	(limited)
Reference signal fit
   0) jerUp_unc                      = -0.00270213
   1) jesUp_unc                      = -0.00336171
   2) lumi                           = -0.00309862
   3) pdf_unc                        = -0.00401522
   4) xs_Bkg                         = -0.283829

Fitting of the signal-plus-background hypothesis done in 0.00214005 s
      Evaluation of p-values done in  5.42569 s
	CLs = 0.754923 +/- 0.0419423
      Evaluation of p-values done in  4.97143 s
	CLs = 0.809365 +/- 0.0312653
      Evaluation of p-values done in  4.87634 s
	CLs = 0.817844 +/- 0.0256798
      Evaluation of p-values done in  4.99535 s
	CLs = 0.822771 +/- 0.0224198
      Evaluation of p-values done in  4.82062 s
	CLs = 0.828749 +/- 0.0199415
	CLs      = 0.828749 +/- 0.0199415
	CLb      = 0.4508 +/- 0.00703675
	CLsplusb = 0.3736 +/- 0.00684139

Hybrid result saved as HypoTestResult_mh120_r1_2440927657 in higgsCombineTest.HybridNew.mH120.2133012374.root : higgsCombineTest.HybridNew.mH120.2133012374.root:/toys

 -- Hybrid New -- 
CLs = 0.828749 +/- 0.0199415
Total toys: 10000
Done in 0.00 min (cpu), 0.42 min (real)
