>>> including systematics
>>> using the Profile Likelihood test statistics modified for upper limits (Q_LHC)
>>> method used to compute upper limit is HybridNew
>>> Using OpenSSL to get a really random seed 
>>> Used OpenSSL to get a really random seed 107592231
Adding /uscms_data/d2/lpcljm/sapta/SUSYSearch/LimitSetting/CMSSW_7_1_5/src to include path
Adding /cvmfs/cms.cern.ch/slc6_amd64_gcc481/lcg/roofit/5.34.18-cms3//include to include path
Input workspace 'w': 

RooWorkspace(w) w contents

variables
---------
(jerUp_unc,jerUp_unc_In,jesUp_unc,jesUp_unc_In,lumi,lumi_In,n_obs_binbin1,pdf_unc,pdf_unc_In,r,xs_Bkg,xs_Bkg_In)

p.d.f.s
-------
SimpleGaussianConstraint::jerUp_unc_Pdf[ x=jerUp_unc mean=jerUp_unc_In sigma=1 ] = 1
SimpleGaussianConstraint::jesUp_unc_Pdf[ x=jesUp_unc mean=jesUp_unc_In sigma=1 ] = 1
SimpleGaussianConstraint::lumi_Pdf[ x=lumi mean=lumi_In sigma=1 ] = 1
RooProdPdf::modelObs_b[ pdf_binbin1_bonly ] = 0.912982
RooProdPdf::modelObs_s[ pdf_binbin1 ] = 0.335867
RooProdPdf::model_b[ modelObs_b * nuisancePdf ] = 0.912982
RooProdPdf::model_s[ modelObs_s * nuisancePdf ] = 0.335867
RooProdPdf::nuisancePdf[ lumi_Pdf * jesUp_unc_Pdf * pdf_unc_Pdf * xs_Bkg_Pdf * jerUp_unc_Pdf ] = 1
RooPoisson::pdf_binbin1[ x=n_obs_binbin1 mean=n_exp_binbin1 ] = 0.335867
RooPoisson::pdf_binbin1_bonly[ x=n_obs_binbin1 mean=n_exp_binbin1_bonly ] = 0.912982
SimpleGaussianConstraint::pdf_unc_Pdf[ x=pdf_unc mean=pdf_unc_In sigma=1 ] = 1
SimpleGaussianConstraint::xs_Bkg_Pdf[ x=xs_Bkg mean=xs_Bkg_In sigma=1 ] = 1

functions
--------
RooAddition::n_exp_binbin1[ n_exp_binbin1_proc_BH + n_exp_binbin1_proc_Background ] = 1.09104
RooAddition::n_exp_binbin1_bonly[ n_exp_binbin1_proc_Background ] = 0.091039
ProcessNormalization::n_exp_binbin1_proc_BH[ thetaList=(lumi,jesUp_unc,pdf_unc,jerUp_unc) asymmThetaList=() otherFactorList=(r) ] = 1
ProcessNormalization::n_exp_binbin1_proc_Background[ thetaList=(xs_Bkg) asymmThetaList=() otherFactorList=() ] = 0.091039

datasets
--------
RooDataSet::data_obs(n_obs_binbin1)

named sets
----------
ModelConfig_GlobalObservables:(lumi_In,jesUp_unc_In,pdf_unc_In,xs_Bkg_In,jerUp_unc_In)
ModelConfig_NuisParams:(lumi,jesUp_unc,pdf_unc,xs_Bkg,jerUp_unc)
ModelConfig_Observables:(n_obs_binbin1)
ModelConfig_POI:(r)
ModelConfig_bonly_GlobalObservables:(lumi_In,jesUp_unc_In,pdf_unc_In,xs_Bkg_In,jerUp_unc_In)
ModelConfig_bonly_NuisParams:(lumi,jesUp_unc,pdf_unc,xs_Bkg,jerUp_unc)
ModelConfig_bonly_Observables:(n_obs_binbin1)
ModelConfig_bonly_POI:(r)
POI:(r)
globalObservables:(lumi_In,jesUp_unc_In,pdf_unc_In,xs_Bkg_In,jerUp_unc_In)
nuisances:(lumi,jesUp_unc,pdf_unc,xs_Bkg,jerUp_unc)
observables:(n_obs_binbin1)

generic objects
---------------
RooStats::ModelConfig::ModelConfig
RooStats::ModelConfig::ModelConfig_bonly
RooArgSet::discreteParams

Workspace has a ModelConfig for signal called 'ModelConfig', with contents:

=== Using the following for ModelConfig ===
Observables:             RooArgSet:: = (n_obs_binbin1)
Parameters of Interest:  RooArgSet:: = (r)
Nuisance Parameters:     RooArgSet:: = (lumi,jesUp_unc,pdf_unc,xs_Bkg,jerUp_unc)
Global Observables:      RooArgSet:: = (lumi_In,jesUp_unc_In,pdf_unc_In,xs_Bkg_In,jerUp_unc_In)
PDF:                     RooProdPdf::model_s[ modelObs_s * nuisancePdf ] = 0.335867

Input ModelConfig 'ModelConfig': 

=== Using the following for ModelConfig ===
Observables:             RooArgSet:: = (n_obs_binbin1)
Parameters of Interest:  RooArgSet:: = (r)
Nuisance Parameters:     RooArgSet:: = (lumi,jesUp_unc,pdf_unc,xs_Bkg,jerUp_unc)
Global Observables:      RooArgSet:: = (lumi_In,jesUp_unc_In,pdf_unc_In,xs_Bkg_In,jerUp_unc_In)
PDF:                     RooProdPdf::model_s[ modelObs_s * nuisancePdf ] = 0.335867

[#1] INFO:ObjectHandling -- RooWorkspace::import(w) importing RooUniform::prior
Computing limit starting from observation
  1) RooRealVar:: n_obs_binbin1 = 0
Set default minimizer to Minuit2
  r = 0.5 +/- 0
[#1] INFO:Minization --  Including the following contraint terms in minimization: (nuisancePdf)
[#1] INFO:Fitting -- RooAddition::defaultErrorLevel(nll_model_s_data_obs_with_constr) Summation contains a RooNLLVar, using its error level
Minuit2Minimizer: Minimize with max-calls 2500 convergence for edm < 0.01 strategy 1
MnSeedGenerator: for initial parameters FCN = 4.68573
MnSeedGenerator: Initial state:   - FCN =   4.685731666011 Edm =   0.00251771 NCalls =     21
VariableMetric: start iterating until Edm is < 1e-05
VariableMetric: Initial state   - FCN =   4.685731666011 Edm =   0.00251771 NCalls =     21
VariableMetric: Iteration #   1 - FCN =   4.683211421172 Edm =  5.80075e-09 NCalls =     32
VariableMetric: After Hessian   - FCN =   4.683211421172 Edm =  5.81671e-09 NCalls =     63
Number of iterations 3
----------> Iteration 0
            FVAL = 4.68573166601 Edm = 0.00251771386422 Nfcn = 21
            Error matrix change = 1
            Parameters :  p0 = 0 p1 = 0 p2 = 0 p3 = 0 p4 = 0
----------> Iteration 1
            FVAL = 4.68321142117 Edm = 5.80074779916e-09 Nfcn = 32
            Error matrix change = 0.500145
            Parameters :  p0 = 0 p1 = 0 p2 = 0 p3 = 0 p4 = -0.0689693
----------> Iteration 2
            FVAL = 4.68321142117 Edm = 5.81670985724e-09 Nfcn = 63
            Error matrix change = 0
            Parameters :  p0 = 0 p1 = 0 p2 = 0 p3 = 0 p4 = -0.0689693
Minuit2Minimizer : Valid minimum - status = 0
FVAL  = 4.68321142117247469
Edm   = 5.81670985724263403e-09
Nfcn  = 63
jerUp_unc	  = 0	 +/-  0.996602	(limited)
jesUp_unc	  = 0	 +/-  0.996602	(limited)
lumi	  = 0	 +/-  0.996602	(limited)
pdf_unc	  = 0	 +/-  0.996602	(limited)
xs_Bkg	  = -0.0689693	 +/-  0.970266	(limited)
Zero signal fit
   0) jerUp_unc                      =         0
   1) jesUp_unc                      =         0
   2) lumi                           =         0
   3) pdf_unc                        =         0
   4) xs_Bkg                         = -0.0689693

Fitting of the background hypothesis done in 1.4623 s
[#1] INFO:Fitting -- RooAddition::defaultErrorLevel(nll_model_s_data_obs_with_constr) Summation contains a RooNLLVar, using its error level
Minuit2Minimizer: Minimize with max-calls 2500 convergence for edm < 0.01 strategy 1
MnSeedGenerator: for initial parameters FCN = 5.18321
MnSeedGenerator: Initial state:   - FCN =   5.183211421172 Edm =   0.00116561 NCalls =     21
VariableMetric: start iterating until Edm is < 1e-05
VariableMetric: Initial state   - FCN =   5.183211421172 Edm =   0.00116561 NCalls =     21
VariableMetric: Iteration #   1 - FCN =   5.182049766696 Edm =  1.34967e-08 NCalls =     32
VariableMetric: After Hessian   - FCN =   5.182049766696 Edm =  1.34514e-08 NCalls =     65
Number of iterations 3
----------> Iteration 0
            FVAL = 5.18321142117 Edm = 0.00116560632059 Nfcn = 21
            Error matrix change = 1
            Parameters :  p0 = 0 p1 = 0 p2 = 0 p3 = 0 p4 = -0.0689693
----------> Iteration 1
            FVAL = 5.1820497667 Edm = 1.34967188465e-08 Nfcn = 32
            Error matrix change = 0.500858
            Parameters :  p0 = -0.0195953 p1 = -0.024366 p2 = -0.0224639 p3 = -0.029085 p4 = -0.0690743
----------> Iteration 2
            FVAL = 5.1820497667 Edm = 1.34513886498e-08 Nfcn = 65
            Error matrix change = 0
            Parameters :  p0 = -0.0195953 p1 = -0.024366 p2 = -0.0224639 p3 = -0.029085 p4 = -0.0690743
Minuit2Minimizer : Valid minimum - status = 0
FVAL  = 5.18204976669620354
Edm   = 1.34513886497737229e-08
Nfcn  = 65
jerUp_unc	  = -0.0195953	 +/-  0.996225	(limited)
jesUp_unc	  = -0.024366	 +/-  0.996018	(limited)
lumi	  = -0.0224639	 +/-  0.996106	(limited)
pdf_unc	  = -0.029085	 +/-  0.995769	(limited)
xs_Bkg	  = -0.0690743	 +/-  0.970269	(limited)
Reference signal fit
   0) jerUp_unc                      = -0.0195953
   1) jesUp_unc                      = -0.024366
   2) lumi                           = -0.0224639
   3) pdf_unc                        = -0.029085
   4) xs_Bkg                         = -0.0690743

Fitting of the signal-plus-background hypothesis done in 0.00208712 s
      Evaluation of p-values done in  5.85958 s
	CLs = 0.612335 +/- 0.0377457
      Evaluation of p-values done in  5.38522 s
	CLs = 0.58089 +/- 0.0256839
      Evaluation of p-values done in  5.48575 s
	CLs = 0.540328 +/- 0.0199857
      Evaluation of p-values done in  5.15176 s
	CLs = 0.567568 +/- 0.0178844
      Evaluation of p-values done in  5.15957 s
	CLs = 0.573039 +/- 0.0161053
	CLs      = 0.573039 +/- 0.0161053
	CLb      = 0.4614 +/- 0.00704997
	CLsplusb = 0.2644 +/- 0.00623687

Hybrid result saved as HypoTestResult_mh120_r0.5_2775726121 in higgsCombineTest.HybridNew.mH120.107592231.root : higgsCombineTest.HybridNew.mH120.107592231.root:/toys

 -- Hybrid New -- 
CLs = 0.573039 +/- 0.0161053
Total toys: 10000
Done in 0.01 min (cpu), 0.48 min (real)
