>>> including systematics
>>> using the Profile Likelihood test statistics modified for upper limits (Q_LHC)
>>> method used to compute upper limit is HybridNew
>>> Using OpenSSL to get a really random seed 
>>> Used OpenSSL to get a really random seed 56081060
Adding /uscms_data/d2/lpcljm/sapta/SUSYSearch/LimitSetting/CMSSW_7_1_5/src to include path
Adding /cvmfs/cms.cern.ch/slc6_amd64_gcc481/lcg/roofit/5.34.18-cms3//include to include path
Input workspace 'w': 

RooWorkspace(w) w contents

variables
---------
(jerUp_unc,jerUp_unc_In,jesUp_unc,jesUp_unc_In,lumi,lumi_In,n_obs_binbin1,pdf_unc,pdf_unc_In,r,xs_Bkg,xs_Bkg_In)

p.d.f.s
-------
SimpleGaussianConstraint::jerUp_unc_Pdf[ x=jerUp_unc mean=jerUp_unc_In sigma=1 ] = 1
SimpleGaussianConstraint::jesUp_unc_Pdf[ x=jesUp_unc mean=jesUp_unc_In sigma=1 ] = 1
SimpleGaussianConstraint::lumi_Pdf[ x=lumi mean=lumi_In sigma=1 ] = 1
RooProdPdf::modelObs_b[ pdf_binbin1_bonly ] = 0.108896
RooProdPdf::modelObs_s[ pdf_binbin1 ] = 0.0967367
RooProdPdf::model_b[ modelObs_b * nuisancePdf ] = 0.108896
RooProdPdf::model_s[ modelObs_s * nuisancePdf ] = 0.0967367
RooProdPdf::nuisancePdf[ lumi_Pdf * jesUp_unc_Pdf * pdf_unc_Pdf * xs_Bkg_Pdf * jerUp_unc_Pdf ] = 1
RooPoisson::pdf_binbin1[ x=n_obs_binbin1 mean=n_exp_binbin1 ] = 0.0967367
RooPoisson::pdf_binbin1_bonly[ x=n_obs_binbin1 mean=n_exp_binbin1_bonly ] = 0.108896
SimpleGaussianConstraint::pdf_unc_Pdf[ x=pdf_unc mean=pdf_unc_In sigma=1 ] = 1
SimpleGaussianConstraint::xs_Bkg_Pdf[ x=xs_Bkg mean=xs_Bkg_In sigma=1 ] = 1

functions
--------
RooAddition::n_exp_binbin1[ n_exp_binbin1_proc_BH + n_exp_binbin1_proc_Background ] = 14.1177
RooAddition::n_exp_binbin1_bonly[ n_exp_binbin1_proc_Background ] = 13.1177
ProcessNormalization::n_exp_binbin1_proc_BH[ thetaList=(lumi,jesUp_unc,pdf_unc,jerUp_unc) asymmThetaList=() otherFactorList=(r) ] = 1
ProcessNormalization::n_exp_binbin1_proc_Background[ thetaList=(xs_Bkg) asymmThetaList=() otherFactorList=() ] = 13.1177

datasets
--------
RooDataSet::data_obs(n_obs_binbin1)

named sets
----------
ModelConfig_GlobalObservables:(lumi_In,jesUp_unc_In,pdf_unc_In,xs_Bkg_In,jerUp_unc_In)
ModelConfig_NuisParams:(lumi,jesUp_unc,pdf_unc,xs_Bkg,jerUp_unc)
ModelConfig_Observables:(n_obs_binbin1)
ModelConfig_POI:(r)
ModelConfig_bonly_GlobalObservables:(lumi_In,jesUp_unc_In,pdf_unc_In,xs_Bkg_In,jerUp_unc_In)
ModelConfig_bonly_NuisParams:(lumi,jesUp_unc,pdf_unc,xs_Bkg,jerUp_unc)
ModelConfig_bonly_Observables:(n_obs_binbin1)
ModelConfig_bonly_POI:(r)
POI:(r)
globalObservables:(lumi_In,jesUp_unc_In,pdf_unc_In,xs_Bkg_In,jerUp_unc_In)
nuisances:(lumi,jesUp_unc,pdf_unc,xs_Bkg,jerUp_unc)
observables:(n_obs_binbin1)

generic objects
---------------
RooStats::ModelConfig::ModelConfig
RooStats::ModelConfig::ModelConfig_bonly
RooArgSet::discreteParams

Workspace has a ModelConfig for signal called 'ModelConfig', with contents:

=== Using the following for ModelConfig ===
Observables:             RooArgSet:: = (n_obs_binbin1)
Parameters of Interest:  RooArgSet:: = (r)
Nuisance Parameters:     RooArgSet:: = (lumi,jesUp_unc,pdf_unc,xs_Bkg,jerUp_unc)
Global Observables:      RooArgSet:: = (lumi_In,jesUp_unc_In,pdf_unc_In,xs_Bkg_In,jerUp_unc_In)
PDF:                     RooProdPdf::model_s[ modelObs_s * nuisancePdf ] = 0.0967367

Input ModelConfig 'ModelConfig': 

=== Using the following for ModelConfig ===
Observables:             RooArgSet:: = (n_obs_binbin1)
Parameters of Interest:  RooArgSet:: = (r)
Nuisance Parameters:     RooArgSet:: = (lumi,jesUp_unc,pdf_unc,xs_Bkg,jerUp_unc)
Global Observables:      RooArgSet:: = (lumi_In,jesUp_unc_In,pdf_unc_In,xs_Bkg_In,jerUp_unc_In)
PDF:                     RooProdPdf::model_s[ modelObs_s * nuisancePdf ] = 0.0967367

[#1] INFO:ObjectHandling -- RooWorkspace::import(w) importing RooUniform::prior
Computing limit starting from observation
  1) RooRealVar:: n_obs_binbin1 = 12
Set default minimizer to Minuit2
  r = 11 +/- 0
[#1] INFO:Minization --  Including the following contraint terms in minimization: (nuisancePdf)
[#1] INFO:Fitting -- RooAddition::defaultErrorLevel(nll_model_s_data_obs_with_constr) Summation contains a RooNLLVar, using its error level
Minuit2Minimizer: Minimize with max-calls 2500 convergence for edm < 0.01 strategy 1
MnSeedGenerator: for initial parameters FCN = 6.81206
MnSeedGenerator: Initial state:   - FCN =    6.81205760243 Edm =    0.0291375 NCalls =     21
VariableMetric: start iterating until Edm is < 1e-05
VariableMetric: Initial state   - FCN =    6.81205760243 Edm =    0.0291375 NCalls =     21
VariableMetric: Iteration #   1 - FCN =    6.78261426986 Edm =  7.22731e-06 NCalls =     32
VariableMetric: Iteration #   2 - FCN =   6.782606808249 Edm =  1.94733e-09 NCalls =     43
VariableMetric: After Hessian   - FCN =   6.782606808249 Edm =  1.97528e-09 NCalls =     74
Number of iterations 4
----------> Iteration 0
            FVAL = 6.81205760243 Edm = 0.0291375487298 Nfcn = 21
            Error matrix change = 1
            Parameters :  p0 = 0 p1 = 0 p2 = 0 p3 = 0 p4 = 0
----------> Iteration 1
            FVAL = 6.78261426986 Edm = 7.22731145613e-06 Nfcn = 32
            Error matrix change = 0.500707
            Parameters :  p0 = 0 p1 = 0 p2 = 0 p3 = 0 p4 = -0.150374
----------> Iteration 2
            FVAL = 6.78260680825 Edm = 1.9473259186e-09 Nfcn = 43
            Error matrix change = 0.251095
            Parameters :  p0 = 0 p1 = 0 p2 = 0 p3 = 0 p4 = -0.15278
----------> Iteration 3
            FVAL = 6.78260680825 Edm = 1.97527826718e-09 Nfcn = 74
            Error matrix change = 0
            Parameters :  p0 = 0 p1 = 0 p2 = 0 p3 = 0 p4 = -0.15278
Minuit2Minimizer : Valid minimum - status = 0
FVAL  = 6.78260680824924655
Edm   = 1.97527826717893627e-09
Nfcn  = 74
jerUp_unc	  = 0	 +/-  0.996602	(limited)
jesUp_unc	  = 0	 +/-  0.996602	(limited)
lumi	  = 0	 +/-  0.996602	(limited)
pdf_unc	  = 0	 +/-  0.996602	(limited)
xs_Bkg	  = -0.15278	 +/-  0.632175	(limited)
Zero signal fit
   0) jerUp_unc                      =         0
   1) jesUp_unc                      =         0
   2) lumi                           =         0
   3) pdf_unc                        =         0
   4) xs_Bkg                         =  -0.15278

Fitting of the background hypothesis done in 0.297128 s
[#1] INFO:Fitting -- RooAddition::defaultErrorLevel(nll_model_s_data_obs_with_constr) Summation contains a RooNLLVar, using its error level
Minuit2Minimizer: Minimize with max-calls 2500 convergence for edm < 0.01 strategy 1
MnSeedGenerator: for initial parameters FCN = 10.1807
MnSeedGenerator: Initial state:   - FCN =   10.18071736947 Edm =      1.02159 NCalls =     21
VariableMetric: start iterating until Edm is < 1e-05
VariableMetric: Initial state   - FCN =   10.18071736947 Edm =      1.02159 NCalls =     21
VariableMetric: Iteration #   1 - FCN =   9.149589055698 Edm =    0.0123223 NCalls =     32
VariableMetric: Iteration #   2 - FCN =    9.13502662503 Edm =  4.54049e-05 NCalls =     44
VariableMetric: Iteration #   3 - FCN =   9.134977401897 Edm =   3.0867e-09 NCalls =     56
VariableMetric: After Hessian   - FCN =   9.134977401897 Edm =  3.13673e-09 NCalls =     87
Number of iterations 5
----------> Iteration 0
            FVAL = 10.1807173695 Edm = 1.02158942989 Nfcn = 21
            Error matrix change = 1
            Parameters :  p0 = 0 p1 = 0 p2 = 0 p3 = 0 p4 = -0.15278
----------> Iteration 1
            FVAL = 9.1495890557 Edm = 0.0123223156323 Nfcn = 32
            Error matrix change = 0.532227
            Parameters :  p0 = -0.207975 p1 = -0.256986 p2 = -0.237559 p3 = -0.304456 p4 = -1.0603
----------> Iteration 2
            FVAL = 9.13502662503 Edm = 4.5404942638e-05 Nfcn = 44
            Error matrix change = 0.281769
            Parameters :  p0 = -0.155093 p1 = -0.193601 p2 = -0.178199 p3 = -0.232116 p4 = -1.15275
----------> Iteration 3
            FVAL = 9.1349774019 Edm = 3.08670438344e-09 Nfcn = 56
            Error matrix change = 0.155272
            Parameters :  p0 = -0.158176 p1 = -0.196721 p2 = -0.181349 p3 = -0.234888 p4 = -1.15831
----------> Iteration 4
            FVAL = 9.1349774019 Edm = 3.1367333478e-09 Nfcn = 87
            Error matrix change = 0
            Parameters :  p0 = -0.158176 p1 = -0.196721 p2 = -0.181349 p3 = -0.234888 p4 = -1.15831
Minuit2Minimizer : Valid minimum - status = 0
FVAL  = 9.134977401896899
Edm   = 3.13673334779974922e-09
Nfcn  = 87
jerUp_unc	  = -0.158176	 +/-  0.99159	(limited)
jesUp_unc	  = -0.196721	 +/-  0.988834	(limited)
lumi	  = -0.181349	 +/-  0.990006	(limited)
pdf_unc	  = -0.234888	 +/-  0.985503	(limited)
xs_Bkg	  = -1.15831	 +/-  0.767968	(limited)
Reference signal fit
   0) jerUp_unc                      = -0.158176
   1) jesUp_unc                      = -0.196721
   2) lumi                           = -0.181349
   3) pdf_unc                        = -0.234888
   4) xs_Bkg                         =  -1.15831

Fitting of the signal-plus-background hypothesis done in 0.00229716 s
      Evaluation of p-values done in  5.82651 s
	CLs = 0.025974 +/- 0.00750545
      Evaluation of p-values done in  5.3363 s
	CLs = 0.0283843 +/- 0.00557325
      Evaluation of p-values done in  5.54864 s
	CLs = 0.0310918 +/- 0.00474721
      Evaluation of p-values done in  5.452 s
	CLs = 0.0343699 +/- 0.00433641
      Evaluation of p-values done in  5.41141 s
	CLs = 0.0351339 +/- 0.00393425
	CLs      = 0.0351339 +/- 0.00393425
	CLb      = 0.4554 +/- 0.00704288
	CLsplusb = 0.016 +/- 0.00177449

Hybrid result saved as HypoTestResult_mh120_r11_2298112302 in higgsCombineTest.HybridNew.mH120.56081060.root : higgsCombineTest.HybridNew.mH120.56081060.root:/toys

 -- Hybrid New -- 
CLs = 0.0351339 +/- 0.00393425
Total toys: 10000
Done in 0.00 min (cpu), 0.47 min (real)
