>>> including systematics
>>> using the Profile Likelihood test statistics modified for upper limits (Q_LHC)
>>> method used to compute upper limit is HybridNew
>>> Using OpenSSL to get a really random seed 
>>> Used OpenSSL to get a really random seed -1593439877
Adding /uscms_data/d2/lpcljm/sapta/SUSYSearch/LimitSetting/CMSSW_7_1_5/src to include path
Adding /cvmfs/cms.cern.ch/slc6_amd64_gcc481/lcg/roofit/5.34.18-cms3//include to include path
Input workspace 'w': 

RooWorkspace(w) w contents

variables
---------
(jerUp_unc,jerUp_unc_In,jesUp_unc,jesUp_unc_In,lumi,lumi_In,n_obs_binbin1,pdf_unc,pdf_unc_In,r,xs_Bkg,xs_Bkg_In)

p.d.f.s
-------
SimpleGaussianConstraint::jerUp_unc_Pdf[ x=jerUp_unc mean=jerUp_unc_In sigma=1 ] = 1
SimpleGaussianConstraint::jesUp_unc_Pdf[ x=jesUp_unc mean=jesUp_unc_In sigma=1 ] = 1
SimpleGaussianConstraint::lumi_Pdf[ x=lumi mean=lumi_In sigma=1 ] = 1
RooProdPdf::modelObs_b[ pdf_binbin1_bonly ] = 0.912982
RooProdPdf::modelObs_s[ pdf_binbin1 ] = 0.335867
RooProdPdf::model_b[ modelObs_b * nuisancePdf ] = 0.912982
RooProdPdf::model_s[ modelObs_s * nuisancePdf ] = 0.335867
RooProdPdf::nuisancePdf[ lumi_Pdf * jesUp_unc_Pdf * pdf_unc_Pdf * xs_Bkg_Pdf * jerUp_unc_Pdf ] = 1
RooPoisson::pdf_binbin1[ x=n_obs_binbin1 mean=n_exp_binbin1 ] = 0.335867
RooPoisson::pdf_binbin1_bonly[ x=n_obs_binbin1 mean=n_exp_binbin1_bonly ] = 0.912982
SimpleGaussianConstraint::pdf_unc_Pdf[ x=pdf_unc mean=pdf_unc_In sigma=1 ] = 1
SimpleGaussianConstraint::xs_Bkg_Pdf[ x=xs_Bkg mean=xs_Bkg_In sigma=1 ] = 1

functions
--------
RooAddition::n_exp_binbin1[ n_exp_binbin1_proc_BH + n_exp_binbin1_proc_Background ] = 1.09104
RooAddition::n_exp_binbin1_bonly[ n_exp_binbin1_proc_Background ] = 0.091039
ProcessNormalization::n_exp_binbin1_proc_BH[ thetaList=(lumi,jesUp_unc,pdf_unc,jerUp_unc) asymmThetaList=() otherFactorList=(r) ] = 1
ProcessNormalization::n_exp_binbin1_proc_Background[ thetaList=(xs_Bkg) asymmThetaList=() otherFactorList=() ] = 0.091039

datasets
--------
RooDataSet::data_obs(n_obs_binbin1)

named sets
----------
ModelConfig_GlobalObservables:(lumi_In,jesUp_unc_In,pdf_unc_In,xs_Bkg_In,jerUp_unc_In)
ModelConfig_NuisParams:(lumi,jesUp_unc,pdf_unc,xs_Bkg,jerUp_unc)
ModelConfig_Observables:(n_obs_binbin1)
ModelConfig_POI:(r)
ModelConfig_bonly_GlobalObservables:(lumi_In,jesUp_unc_In,pdf_unc_In,xs_Bkg_In,jerUp_unc_In)
ModelConfig_bonly_NuisParams:(lumi,jesUp_unc,pdf_unc,xs_Bkg,jerUp_unc)
ModelConfig_bonly_Observables:(n_obs_binbin1)
ModelConfig_bonly_POI:(r)
POI:(r)
globalObservables:(lumi_In,jesUp_unc_In,pdf_unc_In,xs_Bkg_In,jerUp_unc_In)
nuisances:(lumi,jesUp_unc,pdf_unc,xs_Bkg,jerUp_unc)
observables:(n_obs_binbin1)

generic objects
---------------
RooStats::ModelConfig::ModelConfig
RooStats::ModelConfig::ModelConfig_bonly
RooArgSet::discreteParams

Workspace has a ModelConfig for signal called 'ModelConfig', with contents:

=== Using the following for ModelConfig ===
Observables:             RooArgSet:: = (n_obs_binbin1)
Parameters of Interest:  RooArgSet:: = (r)
Nuisance Parameters:     RooArgSet:: = (lumi,jesUp_unc,pdf_unc,xs_Bkg,jerUp_unc)
Global Observables:      RooArgSet:: = (lumi_In,jesUp_unc_In,pdf_unc_In,xs_Bkg_In,jerUp_unc_In)
PDF:                     RooProdPdf::model_s[ modelObs_s * nuisancePdf ] = 0.335867

Input ModelConfig 'ModelConfig': 

=== Using the following for ModelConfig ===
Observables:             RooArgSet:: = (n_obs_binbin1)
Parameters of Interest:  RooArgSet:: = (r)
Nuisance Parameters:     RooArgSet:: = (lumi,jesUp_unc,pdf_unc,xs_Bkg,jerUp_unc)
Global Observables:      RooArgSet:: = (lumi_In,jesUp_unc_In,pdf_unc_In,xs_Bkg_In,jerUp_unc_In)
PDF:                     RooProdPdf::model_s[ modelObs_s * nuisancePdf ] = 0.335867

[#1] INFO:ObjectHandling -- RooWorkspace::import(w) importing RooUniform::prior
Computing limit starting from observation
  1) RooRealVar:: n_obs_binbin1 = 0
Set default minimizer to Minuit2
  r = 1.5 +/- 0
[#1] INFO:Minization --  Including the following contraint terms in minimization: (nuisancePdf)
[#1] INFO:Fitting -- RooAddition::defaultErrorLevel(nll_model_s_data_obs_with_constr) Summation contains a RooNLLVar, using its error level
Minuit2Minimizer: Minimize with max-calls 2500 convergence for edm < 0.01 strategy 1
MnSeedGenerator: for initial parameters FCN = 4.68573
MnSeedGenerator: Initial state:   - FCN =   4.685731666011 Edm =   0.00251771 NCalls =     21
VariableMetric: start iterating until Edm is < 1e-05
VariableMetric: Initial state   - FCN =   4.685731666011 Edm =   0.00251771 NCalls =     21
VariableMetric: Iteration #   1 - FCN =   4.683211421172 Edm =  5.80075e-09 NCalls =     32
VariableMetric: After Hessian   - FCN =   4.683211421172 Edm =  5.81671e-09 NCalls =     63
Number of iterations 3
----------> Iteration 0
            FVAL = 4.68573166601 Edm = 0.00251771386422 Nfcn = 21
            Error matrix change = 1
            Parameters :  p0 = 0 p1 = 0 p2 = 0 p3 = 0 p4 = 0
----------> Iteration 1
            FVAL = 4.68321142117 Edm = 5.80074779916e-09 Nfcn = 32
            Error matrix change = 0.500145
            Parameters :  p0 = 0 p1 = 0 p2 = 0 p3 = 0 p4 = -0.0689693
----------> Iteration 2
            FVAL = 4.68321142117 Edm = 5.81670985724e-09 Nfcn = 63
            Error matrix change = 0
            Parameters :  p0 = 0 p1 = 0 p2 = 0 p3 = 0 p4 = -0.0689693
Minuit2Minimizer : Valid minimum - status = 0
FVAL  = 4.68321142117247469
Edm   = 5.81670985724263403e-09
Nfcn  = 63
jerUp_unc	  = 0	 +/-  0.996602	(limited)
jesUp_unc	  = 0	 +/-  0.996602	(limited)
lumi	  = 0	 +/-  0.996602	(limited)
pdf_unc	  = 0	 +/-  0.996602	(limited)
xs_Bkg	  = -0.0689693	 +/-  0.970266	(limited)
Zero signal fit
   0) jerUp_unc                      =         0
   1) jesUp_unc                      =         0
   2) lumi                           =         0
   3) pdf_unc                        =         0
   4) xs_Bkg                         = -0.0689693

Fitting of the background hypothesis done in 0.29823 s
[#1] INFO:Fitting -- RooAddition::defaultErrorLevel(nll_model_s_data_obs_with_constr) Summation contains a RooNLLVar, using its error level
Minuit2Minimizer: Minimize with max-calls 2500 convergence for edm < 0.01 strategy 1
MnSeedGenerator: for initial parameters FCN = 6.18321
MnSeedGenerator: Initial state:   - FCN =   6.183211421172 Edm =    0.0104639 NCalls =     21
VariableMetric: start iterating until Edm is < 1e-05
VariableMetric: Initial state   - FCN =   6.183211421172 Edm =    0.0104639 NCalls =     21
VariableMetric: Iteration #   1 - FCN =   6.172853198426 Edm =  1.06887e-06 NCalls =     32
VariableMetric: After Hessian   - FCN =   6.172853198426 Edm =  1.05837e-06 NCalls =     65
Number of iterations 3
----------> Iteration 0
            FVAL = 6.18321142117 Edm = 0.0104639467213 Nfcn = 21
            Error matrix change = 1
            Parameters :  p0 = 0 p1 = 0 p2 = 0 p3 = 0 p4 = -0.0689693
----------> Iteration 1
            FVAL = 6.17285319843 Edm = 1.06887492541e-06 Nfcn = 32
            Error matrix change = 0.502527
            Parameters :  p0 = -0.0586949 p1 = -0.0729235 p2 = -0.067255 p3 = -0.0869582 p4 = -0.0690743
----------> Iteration 2
            FVAL = 6.17285319843 Edm = 1.05837039378e-06 Nfcn = 65
            Error matrix change = 0
            Parameters :  p0 = -0.0586949 p1 = -0.0729235 p2 = -0.067255 p3 = -0.0869582 p4 = -0.0690743
Minuit2Minimizer : Valid minimum - status = 0
FVAL  = 6.17285319842597069
Edm   = 1.05837039377794192e-06
Nfcn  = 65
jerUp_unc	  = -0.0586949	 +/-  0.995491	(limited)
jesUp_unc	  = -0.0729235	 +/-  0.994882	(limited)
lumi	  = -0.067255	 +/-  0.995141	(limited)
pdf_unc	  = -0.0869582	 +/-  0.994147	(limited)
xs_Bkg	  = -0.0690743	 +/-  0.970269	(limited)
Reference signal fit
   0) jerUp_unc                      = -0.0586949
   1) jesUp_unc                      = -0.0729235
   2) lumi                           = -0.067255
   3) pdf_unc                        = -0.0869582
   4) xs_Bkg                         = -0.0690743

Fitting of the signal-plus-background hypothesis done in 0.002074 s
      Evaluation of p-values done in  5.26831 s
	CLs = 0.182418 +/- 0.0201866
      Evaluation of p-values done in  5.04678 s
	CLs = 0.198257 +/- 0.0148148
      Evaluation of p-values done in  5.06797 s
	CLs = 0.199418 +/- 0.0121478
      Evaluation of p-values done in  5.4488 s
	CLs = 0.195109 +/- 0.0103775
      Evaluation of p-values done in  5.20393 s
	CLs = 0.19774 +/- 0.00934287
	CLs      = 0.19774 +/- 0.00934287
	CLb      = 0.4602 +/- 0.00704863
	CLsplusb = 0.091 +/- 0.00406741

Hybrid result saved as HypoTestResult_mh120_r1.5_632390422 in higgsCombineTest.HybridNew.mH120.-1593439877.root : higgsCombineTest.HybridNew.mH120.-1593439877.root:/toys

 -- Hybrid New -- 
CLs = 0.19774 +/- 0.00934287
Total toys: 10000
Done in 0.00 min (cpu), 0.44 min (real)
