>>> including systematics
>>> using the Profile Likelihood test statistics modified for upper limits (Q_LHC)
>>> method used to compute upper limit is HybridNew
>>> Using OpenSSL to get a really random seed 
>>> Used OpenSSL to get a really random seed -916194217
Adding /uscms_data/d2/lpcljm/sapta/SUSYSearch/LimitSetting/CMSSW_7_1_5/src to include path
Adding /cvmfs/cms.cern.ch/slc6_amd64_gcc481/lcg/roofit/5.34.18-cms3//include to include path
Input workspace 'w': 

RooWorkspace(w) w contents

variables
---------
(jerUp_unc,jerUp_unc_In,jesUp_unc,jesUp_unc_In,lumi,lumi_In,n_obs_binbin1,pdf_unc,pdf_unc_In,r,xs_Bkg,xs_Bkg_In)

p.d.f.s
-------
SimpleGaussianConstraint::jerUp_unc_Pdf[ x=jerUp_unc mean=jerUp_unc_In sigma=1 ] = 1
SimpleGaussianConstraint::jesUp_unc_Pdf[ x=jesUp_unc mean=jesUp_unc_In sigma=1 ] = 1
SimpleGaussianConstraint::lumi_Pdf[ x=lumi mean=lumi_In sigma=1 ] = 1
RooProdPdf::modelObs_b[ pdf_binbin1_bonly ] = 0.0155458
RooProdPdf::modelObs_s[ pdf_binbin1 ] = 0.0174938
RooProdPdf::model_b[ modelObs_b * nuisancePdf ] = 0.0155458
RooProdPdf::model_s[ modelObs_s * nuisancePdf ] = 0.0174938
RooProdPdf::nuisancePdf[ lumi_Pdf * jesUp_unc_Pdf * pdf_unc_Pdf * xs_Bkg_Pdf * jerUp_unc_Pdf ] = 1
RooPoisson::pdf_binbin1[ x=n_obs_binbin1 mean=n_exp_binbin1 ] = 0.0174938
RooPoisson::pdf_binbin1_bonly[ x=n_obs_binbin1 mean=n_exp_binbin1_bonly ] = 0.0155458
SimpleGaussianConstraint::pdf_unc_Pdf[ x=pdf_unc mean=pdf_unc_In sigma=1 ] = 1
SimpleGaussianConstraint::xs_Bkg_Pdf[ x=xs_Bkg mean=xs_Bkg_In sigma=1 ] = 1

functions
--------
RooAddition::n_exp_binbin1[ n_exp_binbin1_proc_BH + n_exp_binbin1_proc_Background ] = 114.091
RooAddition::n_exp_binbin1_bonly[ n_exp_binbin1_proc_Background ] = 113.091
ProcessNormalization::n_exp_binbin1_proc_BH[ thetaList=(lumi,jesUp_unc,pdf_unc,jerUp_unc) asymmThetaList=() otherFactorList=(r) ] = 1
ProcessNormalization::n_exp_binbin1_proc_Background[ thetaList=(xs_Bkg) asymmThetaList=() otherFactorList=() ] = 113.091

datasets
--------
RooDataSet::data_obs(n_obs_binbin1)

named sets
----------
ModelConfig_GlobalObservables:(lumi_In,jesUp_unc_In,pdf_unc_In,xs_Bkg_In,jerUp_unc_In)
ModelConfig_NuisParams:(lumi,jesUp_unc,pdf_unc,xs_Bkg,jerUp_unc)
ModelConfig_Observables:(n_obs_binbin1)
ModelConfig_POI:(r)
ModelConfig_bonly_GlobalObservables:(lumi_In,jesUp_unc_In,pdf_unc_In,xs_Bkg_In,jerUp_unc_In)
ModelConfig_bonly_NuisParams:(lumi,jesUp_unc,pdf_unc,xs_Bkg,jerUp_unc)
ModelConfig_bonly_Observables:(n_obs_binbin1)
ModelConfig_bonly_POI:(r)
POI:(r)
globalObservables:(lumi_In,jesUp_unc_In,pdf_unc_In,xs_Bkg_In,jerUp_unc_In)
nuisances:(lumi,jesUp_unc,pdf_unc,xs_Bkg,jerUp_unc)
observables:(n_obs_binbin1)

generic objects
---------------
RooStats::ModelConfig::ModelConfig
RooStats::ModelConfig::ModelConfig_bonly
RooArgSet::discreteParams

Workspace has a ModelConfig for signal called 'ModelConfig', with contents:

=== Using the following for ModelConfig ===
Observables:             RooArgSet:: = (n_obs_binbin1)
Parameters of Interest:  RooArgSet:: = (r)
Nuisance Parameters:     RooArgSet:: = (lumi,jesUp_unc,pdf_unc,xs_Bkg,jerUp_unc)
Global Observables:      RooArgSet:: = (lumi_In,jesUp_unc_In,pdf_unc_In,xs_Bkg_In,jerUp_unc_In)
PDF:                     RooProdPdf::model_s[ modelObs_s * nuisancePdf ] = 0.0174938

Input ModelConfig 'ModelConfig': 

=== Using the following for ModelConfig ===
Observables:             RooArgSet:: = (n_obs_binbin1)
Parameters of Interest:  RooArgSet:: = (r)
Nuisance Parameters:     RooArgSet:: = (lumi,jesUp_unc,pdf_unc,xs_Bkg,jerUp_unc)
Global Observables:      RooArgSet:: = (lumi_In,jesUp_unc_In,pdf_unc_In,xs_Bkg_In,jerUp_unc_In)
PDF:                     RooProdPdf::model_s[ modelObs_s * nuisancePdf ] = 0.0174938

[#1] INFO:ObjectHandling -- RooWorkspace::import(w) importing RooUniform::prior
Computing limit starting from observation
  1) RooRealVar:: n_obs_binbin1 = 127
Set default minimizer to Minuit2
  r = 16 +/- 0
[#1] INFO:Minization --  Including the following contraint terms in minimization: (nuisancePdf)
[#1] INFO:Fitting -- RooAddition::defaultErrorLevel(nll_model_s_data_obs_with_constr) Summation contains a RooNLLVar, using its error level
Minuit2Minimizer: Minimize with max-calls 2500 convergence for edm < 0.01 strategy 1
MnSeedGenerator: for initial parameters FCN = 8.75865
MnSeedGenerator: Initial state:   - FCN =   8.758654735722 Edm =     0.623634 NCalls =     21
VariableMetric: start iterating until Edm is < 1e-05
VariableMetric: Initial state   - FCN =   8.758654735722 Edm =     0.623634 NCalls =     21
VariableMetric: Iteration #   1 - FCN =   8.148875161531 Edm =  0.000652704 NCalls =     32
VariableMetric: Iteration #   2 - FCN =   8.148259992538 Edm =  4.52956e-07 NCalls =     43
VariableMetric: After Hessian   - FCN =   8.148259992538 Edm =  4.41494e-07 NCalls =     74
Number of iterations 4
----------> Iteration 0
            FVAL = 8.75865473572 Edm = 0.623633912623 Nfcn = 21
            Error matrix change = 1
            Parameters :  p0 = 0 p1 = 0 p2 = 0 p3 = 0 p4 = 0
----------> Iteration 1
            FVAL = 8.14887516153 Edm = 0.000652703569525 Nfcn = 32
            Error matrix change = 0.500996
            Parameters :  p0 = 0 p1 = 0 p2 = 0 p3 = 0 p4 = 0.580595
----------> Iteration 2
            FVAL = 8.14825999254 Edm = 4.52956409317e-07 Nfcn = 43
            Error matrix change = 0.251302
            Parameters :  p0 = 0 p1 = 0 p2 = 0 p3 = 0 p4 = 0.56244
----------> Iteration 3
            FVAL = 8.14825999254 Edm = 4.41494164106e-07 Nfcn = 74
            Error matrix change = 0
            Parameters :  p0 = 0 p1 = 0 p2 = 0 p3 = 0 p4 = 0.56244
Minuit2Minimizer : Valid minimum - status = 0
FVAL  = 8.1482599925381578
Edm   = 4.41494164106417655e-07
Nfcn  = 74
jerUp_unc	  = 0	 +/-  0.996602	(limited)
jesUp_unc	  = 0	 +/-  0.996602	(limited)
lumi	  = 0	 +/-  0.996602	(limited)
pdf_unc	  = 0	 +/-  0.996602	(limited)
xs_Bkg	  = 0.56244	 +/-  0.503636	(limited)
Zero signal fit
   0) jerUp_unc                      =         0
   1) jesUp_unc                      =         0
   2) lumi                           =         0
   3) pdf_unc                        =         0
   4) xs_Bkg                         =   0.56244

Fitting of the background hypothesis done in 0.270403 s
[#1] INFO:Fitting -- RooAddition::defaultErrorLevel(nll_model_s_data_obs_with_constr) Summation contains a RooNLLVar, using its error level
Minuit2Minimizer: Minimize with max-calls 2500 convergence for edm < 0.01 strategy 1
MnSeedGenerator: for initial parameters FCN = 8.65805
MnSeedGenerator: Initial state:   - FCN =   8.658046026815 Edm =     0.710636 NCalls =     21
VariableMetric: start iterating until Edm is < 1e-05
VariableMetric: Initial state   - FCN =   8.658046026815 Edm =     0.710636 NCalls =     21
VariableMetric: Iteration #   1 - FCN =   7.950034865562 Edm =   0.00819904 NCalls =     32
VariableMetric: Iteration #   2 - FCN =   7.941477240968 Edm =  1.48206e-05 NCalls =     43
VariableMetric: Iteration #   3 - FCN =   7.941461686367 Edm =  1.86381e-09 NCalls =     54
VariableMetric: After Hessian   - FCN =   7.941461686367 Edm =  1.93162e-09 NCalls =     85
Number of iterations 5
----------> Iteration 0
            FVAL = 8.65804602681 Edm = 0.71063594987 Nfcn = 21
            Error matrix change = 1
            Parameters :  p0 = 0 p1 = 0 p2 = 0 p3 = 0 p4 = 0.56244
----------> Iteration 1
            FVAL = 7.95003486556 Edm = 0.00819903633075 Nfcn = 32
            Error matrix change = 0.523162
            Parameters :  p0 = -0.0553197 p1 = -0.0686389 p2 = -0.063339 p3 = -0.0817187 p4 = -0.0629716
----------> Iteration 2
            FVAL = 7.94147724097 Edm = 1.48205977845e-05 Nfcn = 43
            Error matrix change = 0.274348
            Parameters :  p0 = -0.00493648 p1 = -0.0063023 p2 = -0.00574628 p3 = -0.00775611 p4 = -0.0823902
----------> Iteration 3
            FVAL = 7.94146168637 Edm = 1.86380783819e-09 Nfcn = 54
            Error matrix change = 0.139813
            Parameters :  p0 = -0.00305581 p1 = -0.00380201 p2 = -0.00350424 p3 = -0.00454293 p4 = -0.0839988
----------> Iteration 4
            FVAL = 7.94146168637 Edm = 1.93162044445e-09 Nfcn = 85
            Error matrix change = 0
            Parameters :  p0 = -0.00305581 p1 = -0.00380201 p2 = -0.00350424 p3 = -0.00454293 p4 = -0.0839988
Minuit2Minimizer : Valid minimum - status = 0
FVAL  = 7.94146168636711103
Edm   = 1.93162044445010875e-09
Nfcn  = 85
jerUp_unc	  = -0.00305581	 +/-  0.996084	(limited)
jesUp_unc	  = -0.00380201	 +/-  0.9958	(limited)
lumi	  = -0.00350424	 +/-  0.99592	(limited)
pdf_unc	  = -0.00454293	 +/-  0.995457	(limited)
xs_Bkg	  = -0.0839988	 +/-  0.551292	(limited)
Reference signal fit
   0) jerUp_unc                      = -0.00305581
   1) jesUp_unc                      = -0.00380201
   2) lumi                           = -0.00350424
   3) pdf_unc                        = -0.00454293
   4) xs_Bkg                         = -0.0839988

Fitting of the signal-plus-background hypothesis done in 0.00183082 s
      Evaluation of p-values done in  5.45161 s
	CLs = 0.61612 +/- 0.0245167
      Evaluation of p-values done in  5.21222 s
	CLs = 0.614035 +/- 0.0170793
      Evaluation of p-values done in  5.51163 s
	CLs = 0.613077 +/- 0.0138672
      Evaluation of p-values done in  5.54894 s
	CLs = 0.609879 +/- 0.0119975
      Evaluation of p-values done in  5.21323 s
	CLs = 0.612064 +/- 0.0107088
	CLs      = 0.612064 +/- 0.0107088
	CLb      = 0.746 +/- 0.00615604
	CLsplusb = 0.4566 +/- 0.00704438

Hybrid result saved as HypoTestResult_mh120_r16_1451798856 in higgsCombineTest.HybridNew.mH120.-916194217.root : higgsCombineTest.HybridNew.mH120.-916194217.root:/toys

 -- Hybrid New -- 
CLs = 0.612064 +/- 0.0107088
Total toys: 10000
Done in 0.00 min (cpu), 0.45 min (real)
