>>> including systematics
>>> using the Profile Likelihood test statistics modified for upper limits (Q_LHC)
>>> method used to compute upper limit is HybridNew
>>> Using OpenSSL to get a really random seed 
>>> Used OpenSSL to get a really random seed -414029894
Adding /uscms_data/d2/lpcljm/sapta/SUSYSearch/LimitSetting/CMSSW_7_1_5/src to include path
Adding /cvmfs/cms.cern.ch/slc6_amd64_gcc481/lcg/roofit/5.34.18-cms3//include to include path
Input workspace 'w': 

RooWorkspace(w) w contents

variables
---------
(jerUp_unc,jerUp_unc_In,jesUp_unc,jesUp_unc_In,lumi,lumi_In,n_obs_binbin1,pdf_unc,pdf_unc_In,r,xs_Bkg,xs_Bkg_In)

p.d.f.s
-------
SimpleGaussianConstraint::jerUp_unc_Pdf[ x=jerUp_unc mean=jerUp_unc_In sigma=1 ] = 1
SimpleGaussianConstraint::jesUp_unc_Pdf[ x=jesUp_unc mean=jesUp_unc_In sigma=1 ] = 1
SimpleGaussianConstraint::lumi_Pdf[ x=lumi mean=lumi_In sigma=1 ] = 1
RooProdPdf::modelObs_b[ pdf_binbin1_bonly ] = 0.174066
RooProdPdf::modelObs_s[ pdf_binbin1 ] = 0.167308
RooProdPdf::model_b[ modelObs_b * nuisancePdf ] = 0.174066
RooProdPdf::model_s[ modelObs_s * nuisancePdf ] = 0.167308
RooProdPdf::nuisancePdf[ lumi_Pdf * jesUp_unc_Pdf * pdf_unc_Pdf * xs_Bkg_Pdf * jerUp_unc_Pdf ] = 1
RooPoisson::pdf_binbin1[ x=n_obs_binbin1 mean=n_exp_binbin1 ] = 0.167308
RooPoisson::pdf_binbin1_bonly[ x=n_obs_binbin1 mean=n_exp_binbin1_bonly ] = 0.174066
SimpleGaussianConstraint::pdf_unc_Pdf[ x=pdf_unc mean=pdf_unc_In sigma=1 ] = 1
SimpleGaussianConstraint::xs_Bkg_Pdf[ x=xs_Bkg mean=xs_Bkg_In sigma=1 ] = 1

functions
--------
RooAddition::n_exp_binbin1[ n_exp_binbin1_proc_BH + n_exp_binbin1_proc_Background ] = 5.72216
RooAddition::n_exp_binbin1_bonly[ n_exp_binbin1_proc_Background ] = 4.72216
ProcessNormalization::n_exp_binbin1_proc_BH[ thetaList=(lumi,jesUp_unc,pdf_unc,jerUp_unc) asymmThetaList=() otherFactorList=(r) ] = 1
ProcessNormalization::n_exp_binbin1_proc_Background[ thetaList=(xs_Bkg) asymmThetaList=() otherFactorList=() ] = 4.72216

datasets
--------
RooDataSet::data_obs(n_obs_binbin1)

named sets
----------
ModelConfig_GlobalObservables:(lumi_In,jesUp_unc_In,pdf_unc_In,xs_Bkg_In,jerUp_unc_In)
ModelConfig_NuisParams:(lumi,jesUp_unc,pdf_unc,xs_Bkg,jerUp_unc)
ModelConfig_Observables:(n_obs_binbin1)
ModelConfig_POI:(r)
ModelConfig_bonly_GlobalObservables:(lumi_In,jesUp_unc_In,pdf_unc_In,xs_Bkg_In,jerUp_unc_In)
ModelConfig_bonly_NuisParams:(lumi,jesUp_unc,pdf_unc,xs_Bkg,jerUp_unc)
ModelConfig_bonly_Observables:(n_obs_binbin1)
ModelConfig_bonly_POI:(r)
POI:(r)
globalObservables:(lumi_In,jesUp_unc_In,pdf_unc_In,xs_Bkg_In,jerUp_unc_In)
nuisances:(lumi,jesUp_unc,pdf_unc,xs_Bkg,jerUp_unc)
observables:(n_obs_binbin1)

generic objects
---------------
RooStats::ModelConfig::ModelConfig
RooStats::ModelConfig::ModelConfig_bonly
RooArgSet::discreteParams

Workspace has a ModelConfig for signal called 'ModelConfig', with contents:

=== Using the following for ModelConfig ===
Observables:             RooArgSet:: = (n_obs_binbin1)
Parameters of Interest:  RooArgSet:: = (r)
Nuisance Parameters:     RooArgSet:: = (lumi,jesUp_unc,pdf_unc,xs_Bkg,jerUp_unc)
Global Observables:      RooArgSet:: = (lumi_In,jesUp_unc_In,pdf_unc_In,xs_Bkg_In,jerUp_unc_In)
PDF:                     RooProdPdf::model_s[ modelObs_s * nuisancePdf ] = 0.167308

Input ModelConfig 'ModelConfig': 

=== Using the following for ModelConfig ===
Observables:             RooArgSet:: = (n_obs_binbin1)
Parameters of Interest:  RooArgSet:: = (r)
Nuisance Parameters:     RooArgSet:: = (lumi,jesUp_unc,pdf_unc,xs_Bkg,jerUp_unc)
Global Observables:      RooArgSet:: = (lumi_In,jesUp_unc_In,pdf_unc_In,xs_Bkg_In,jerUp_unc_In)
PDF:                     RooProdPdf::model_s[ modelObs_s * nuisancePdf ] = 0.167308

[#1] INFO:ObjectHandling -- RooWorkspace::import(w) importing RooUniform::prior
Computing limit starting from observation
  1) RooRealVar:: n_obs_binbin1 = 5
Set default minimizer to Minuit2
  r = 17 +/- 0
[#1] INFO:Minization --  Including the following contraint terms in minimization: (nuisancePdf)
[#1] INFO:Fitting -- RooAddition::defaultErrorLevel(nll_model_s_data_obs_with_constr) Summation contains a RooNLLVar, using its error level
Minuit2Minimizer: Minimize with max-calls 2500 convergence for edm < 0.01 strategy 1
MnSeedGenerator: for initial parameters FCN = 6.34301
MnSeedGenerator: Initial state:   - FCN =   6.343012798609 Edm =   0.00409204 NCalls =     21
VariableMetric: start iterating until Edm is < 1e-05
VariableMetric: Initial state   - FCN =   6.343012798609 Edm =   0.00409204 NCalls =     21
VariableMetric: Iteration #   1 - FCN =   6.338941015129 Edm =  2.26016e-07 NCalls =     32
VariableMetric: After Hessian   - FCN =   6.338941015129 Edm =  2.22645e-07 NCalls =     63
Number of iterations 3
----------> Iteration 0
            FVAL = 6.34301279861 Edm = 0.0040920383496 Nfcn = 21
            Error matrix change = 1
            Parameters :  p0 = 0 p1 = 0 p2 = 0 p3 = 0 p4 = 0
----------> Iteration 1
            FVAL = 6.33894101513 Edm = 2.26016460241e-07 Nfcn = 32
            Error matrix change = 0.50041
            Parameters :  p0 = 0 p1 = 0 p2 = 0 p3 = 0 p4 = 0.0639275
----------> Iteration 2
            FVAL = 6.33894101513 Edm = 2.22645460822e-07 Nfcn = 63
            Error matrix change = 0
            Parameters :  p0 = 0 p1 = 0 p2 = 0 p3 = 0 p4 = 0.0639275
Minuit2Minimizer : Valid minimum - status = 0
FVAL  = 6.33894101512934682
Edm   = 2.22645460822236899e-07
Nfcn  = 63
jerUp_unc	  = 0	 +/-  0.996602	(limited)
jesUp_unc	  = 0	 +/-  0.996602	(limited)
lumi	  = 0	 +/-  0.996602	(limited)
pdf_unc	  = 0	 +/-  0.996602	(limited)
xs_Bkg	  = 0.0639275	 +/-  0.700255	(limited)
Zero signal fit
   0) jerUp_unc                      =         0
   1) jesUp_unc                      =         0
   2) lumi                           =         0
   3) pdf_unc                        =         0
   4) xs_Bkg                         = 0.0639275

Fitting of the background hypothesis done in 0.307135 s
[#1] INFO:Fitting -- RooAddition::defaultErrorLevel(nll_model_s_data_obs_with_constr) Summation contains a RooNLLVar, using its error level
Minuit2Minimizer: Minimize with max-calls 2500 convergence for edm < 0.01 strategy 1
MnSeedGenerator: for initial parameters FCN = 15.8235
MnSeedGenerator: Initial state:   - FCN =   15.82349861456 Edm =      1.64102 NCalls =     21
VariableMetric: start iterating until Edm is < 1e-05
VariableMetric: Initial state   - FCN =   15.82349861456 Edm =      1.64102 NCalls =     21
VariableMetric: Iteration #   1 - FCN =   14.24398943725 Edm =    0.0166597 NCalls =     32
VariableMetric: Iteration #   2 - FCN =   14.22664714599 Edm =  5.52556e-05 NCalls =     44
VariableMetric: Iteration #   3 - FCN =   14.22658637715 Edm =  2.38944e-09 NCalls =     56
VariableMetric: After Hessian   - FCN =   14.22658637715 Edm =  2.42582e-09 NCalls =     87
Number of iterations 5
----------> Iteration 0
            FVAL = 15.8234986146 Edm = 1.64102485087 Nfcn = 21
            Error matrix change = 1
            Parameters :  p0 = 0 p1 = 0 p2 = 0 p3 = 0 p4 = 0.0639275
----------> Iteration 1
            FVAL = 14.2439894372 Edm = 0.0166597056689 Nfcn = 32
            Error matrix change = 0.534153
            Parameters :  p0 = -0.501385 p1 = -0.615288 p2 = -0.57043 p3 = -0.72306 p4 = -0.904197
----------> Iteration 2
            FVAL = 14.226647146 Edm = 5.52556210283e-05 Nfcn = 44
            Error matrix change = 0.284031
            Parameters :  p0 = -0.433312 p1 = -0.540459 p2 = -0.497658 p3 = -0.647027 p4 = -0.990908
----------> Iteration 3
            FVAL = 14.2265863771 Edm = 2.38943557455e-09 Nfcn = 56
            Error matrix change = 0.158915
            Parameters :  p0 = -0.436803 p1 = -0.543317 p2 = -0.500831 p3 = -0.648864 p4 = -0.998292
----------> Iteration 4
            FVAL = 14.2265863771 Edm = 2.42582186739e-09 Nfcn = 87
            Error matrix change = 0
            Parameters :  p0 = -0.436803 p1 = -0.543317 p2 = -0.500831 p3 = -0.648864 p4 = -0.998292
Minuit2Minimizer : Valid minimum - status = 0
FVAL  = 14.2265863771484611
Edm   = 2.42582186738894614e-09
Nfcn  = 87
jerUp_unc	  = -0.436803	 +/-  0.986774	(limited)
jesUp_unc	  = -0.543317	 +/-  0.981351	(limited)
lumi	  = -0.500831	 +/-  0.983659	(limited)
pdf_unc	  = -0.648864	 +/-  0.974775	(limited)
xs_Bkg	  = -0.998292	 +/-  0.818048	(limited)
Reference signal fit
   0) jerUp_unc                      = -0.436803
   1) jesUp_unc                      = -0.543317
   2) lumi                           = -0.500831
   3) pdf_unc                        = -0.648864
   4) xs_Bkg                         = -0.998292

Fitting of the signal-plus-background hypothesis done in 0.00228405 s
      Evaluation of p-values done in  5.59055 s
	CLs = 0 +/- 0
      Evaluation of p-values done in  5.43405 s
	CLs = 0 +/- 0
      Evaluation of p-values done in  5.28675 s
	CLs = 0 +/- 0
      Evaluation of p-values done in  5.43609 s
	CLs = 0 +/- 0
      Evaluation of p-values done in  5.45578 s
	CLs = 0.000349406 +/- 0.000349397
	CLs      = 0.000349406 +/- 0.000349397
	CLb      = 0.5724 +/- 0.00699655
	CLsplusb = 0.0002 +/- 0.00019998

Hybrid result saved as HypoTestResult_mh120_r17_2127320448 in higgsCombineTest.HybridNew.mH120.-414029894.root : higgsCombineTest.HybridNew.mH120.-414029894.root:/toys

 -- Hybrid New -- 
CLs = 0.000349406 +/- 0.000349397
Total toys: 10000
Done in 0.00 min (cpu), 0.46 min (real)
