>>> including systematics
>>> using the Profile Likelihood test statistics modified for upper limits (Q_LHC)
>>> method used to compute upper limit is HybridNew
>>> Using OpenSSL to get a really random seed 
>>> Used OpenSSL to get a really random seed 922525390
Adding /uscms_data/d2/lpcljm/sapta/SUSYSearch/LimitSetting/CMSSW_7_1_5/src to include path
Adding /cvmfs/cms.cern.ch/slc6_amd64_gcc481/lcg/roofit/5.34.18-cms3//include to include path
Input workspace 'w': 

RooWorkspace(w) w contents

variables
---------
(jerUp_unc,jerUp_unc_In,jesUp_unc,jesUp_unc_In,lumi,lumi_In,n_obs_binbin1,pdf_unc,pdf_unc_In,r,xs_Bkg,xs_Bkg_In)

p.d.f.s
-------
SimpleGaussianConstraint::jerUp_unc_Pdf[ x=jerUp_unc mean=jerUp_unc_In sigma=1 ] = 1
SimpleGaussianConstraint::jesUp_unc_Pdf[ x=jesUp_unc mean=jesUp_unc_In sigma=1 ] = 1
SimpleGaussianConstraint::lumi_Pdf[ x=lumi mean=lumi_In sigma=1 ] = 1
RooProdPdf::modelObs_b[ pdf_binbin1_bonly ] = 0.0284874
RooProdPdf::modelObs_s[ pdf_binbin1 ] = 0.149709
RooProdPdf::model_b[ modelObs_b * nuisancePdf ] = 0.0284874
RooProdPdf::model_s[ modelObs_s * nuisancePdf ] = 0.149709
RooProdPdf::nuisancePdf[ lumi_Pdf * jesUp_unc_Pdf * pdf_unc_Pdf * xs_Bkg_Pdf * jerUp_unc_Pdf ] = 1
RooPoisson::pdf_binbin1[ x=n_obs_binbin1 mean=n_exp_binbin1 ] = 0.149709
RooPoisson::pdf_binbin1_bonly[ x=n_obs_binbin1 mean=n_exp_binbin1_bonly ] = 0.0284874
SimpleGaussianConstraint::pdf_unc_Pdf[ x=pdf_unc mean=pdf_unc_In sigma=1 ] = 1
SimpleGaussianConstraint::xs_Bkg_Pdf[ x=xs_Bkg mean=xs_Bkg_In sigma=1 ] = 1

functions
--------
RooAddition::n_exp_binbin1[ n_exp_binbin1_proc_BH + n_exp_binbin1_proc_Background ] = 1.70106
RooAddition::n_exp_binbin1_bonly[ n_exp_binbin1_proc_Background ] = 0.701064
ProcessNormalization::n_exp_binbin1_proc_BH[ thetaList=(lumi,jesUp_unc,pdf_unc,jerUp_unc) asymmThetaList=() otherFactorList=(r) ] = 1
ProcessNormalization::n_exp_binbin1_proc_Background[ thetaList=(xs_Bkg) asymmThetaList=() otherFactorList=() ] = 0.701064

datasets
--------
RooDataSet::data_obs(n_obs_binbin1)

named sets
----------
ModelConfig_GlobalObservables:(lumi_In,jesUp_unc_In,pdf_unc_In,xs_Bkg_In,jerUp_unc_In)
ModelConfig_NuisParams:(lumi,jesUp_unc,pdf_unc,xs_Bkg,jerUp_unc)
ModelConfig_Observables:(n_obs_binbin1)
ModelConfig_POI:(r)
ModelConfig_bonly_GlobalObservables:(lumi_In,jesUp_unc_In,pdf_unc_In,xs_Bkg_In,jerUp_unc_In)
ModelConfig_bonly_NuisParams:(lumi,jesUp_unc,pdf_unc,xs_Bkg,jerUp_unc)
ModelConfig_bonly_Observables:(n_obs_binbin1)
ModelConfig_bonly_POI:(r)
POI:(r)
globalObservables:(lumi_In,jesUp_unc_In,pdf_unc_In,xs_Bkg_In,jerUp_unc_In)
nuisances:(lumi,jesUp_unc,pdf_unc,xs_Bkg,jerUp_unc)
observables:(n_obs_binbin1)

generic objects
---------------
RooStats::ModelConfig::ModelConfig
RooStats::ModelConfig::ModelConfig_bonly
RooArgSet::discreteParams

Workspace has a ModelConfig for signal called 'ModelConfig', with contents:

=== Using the following for ModelConfig ===
Observables:             RooArgSet:: = (n_obs_binbin1)
Parameters of Interest:  RooArgSet:: = (r)
Nuisance Parameters:     RooArgSet:: = (lumi,jesUp_unc,pdf_unc,xs_Bkg,jerUp_unc)
Global Observables:      RooArgSet:: = (lumi_In,jesUp_unc_In,pdf_unc_In,xs_Bkg_In,jerUp_unc_In)
PDF:                     RooProdPdf::model_s[ modelObs_s * nuisancePdf ] = 0.149709

Input ModelConfig 'ModelConfig': 

=== Using the following for ModelConfig ===
Observables:             RooArgSet:: = (n_obs_binbin1)
Parameters of Interest:  RooArgSet:: = (r)
Nuisance Parameters:     RooArgSet:: = (lumi,jesUp_unc,pdf_unc,xs_Bkg,jerUp_unc)
Global Observables:      RooArgSet:: = (lumi_In,jesUp_unc_In,pdf_unc_In,xs_Bkg_In,jerUp_unc_In)
PDF:                     RooProdPdf::model_s[ modelObs_s * nuisancePdf ] = 0.149709

[#1] INFO:ObjectHandling -- RooWorkspace::import(w) importing RooUniform::prior
Computing limit starting from observation
  1) RooRealVar:: n_obs_binbin1 = 3
Set default minimizer to Minuit2
  r = 1 +/- 0
[#1] INFO:Minization --  Including the following contraint terms in minimization: (nuisancePdf)
[#1] INFO:Fitting -- RooAddition::defaultErrorLevel(nll_model_s_data_obs_with_constr) Summation contains a RooNLLVar, using its error level
Minuit2Minimizer: Minimize with max-calls 2500 convergence for edm < 0.01 strategy 1
MnSeedGenerator: for initial parameters FCN = 8.15298
MnSeedGenerator: Initial state:   - FCN =   8.152984429147 Edm =     0.901397 NCalls =     21
VariableMetric: start iterating until Edm is < 1e-05
VariableMetric: Initial state   - FCN =   8.152984429147 Edm =     0.901397 NCalls =     21
VariableMetric: Iteration #   1 - FCN =   7.310711099773 Edm =  0.000774957 NCalls =     33
VariableMetric: Iteration #   2 - FCN =   7.310076938208 Edm =   3.6323e-10 NCalls =     45
VariableMetric: After Hessian   - FCN =   7.310076938208 Edm =  3.28037e-10 NCalls =     76
Number of iterations 4
----------> Iteration 0
            FVAL = 8.15298442915 Edm = 0.901397342061 Nfcn = 21
            Error matrix change = 1
            Parameters :  p0 = 0 p1 = 0 p2 = 0 p3 = 0 p4 = 0
----------> Iteration 1
            FVAL = 7.31071109977 Edm = 0.000774956976042 Nfcn = 33
            Error matrix change = 0.507871
            Parameters :  p0 = 0 p1 = 0 p2 = 0 p3 = 0 p4 = 1.08424
----------> Iteration 2
            FVAL = 7.31007693821 Edm = 3.6322960442e-10 Nfcn = 45
            Error matrix change = 0.260845
            Parameters :  p0 = 0 p1 = 0 p2 = 0 p3 = 0 p4 = 1.05646
----------> Iteration 3
            FVAL = 7.31007693821 Edm = 3.28037240527e-10 Nfcn = 76
            Error matrix change = 0
            Parameters :  p0 = 0 p1 = 0 p2 = 0 p3 = 0 p4 = 1.05646
Minuit2Minimizer : Valid minimum - status = 0
FVAL  = 7.31007693820813476
Edm   = 3.280372405272459e-10
Nfcn  = 76
jerUp_unc	  = 0	 +/-  0.996602	(limited)
jesUp_unc	  = 0	 +/-  0.996602	(limited)
lumi	  = 0	 +/-  0.996602	(limited)
pdf_unc	  = 0	 +/-  0.996602	(limited)
xs_Bkg	  = 1.05646	 +/-  0.77978	(limited)
Zero signal fit
   0) jerUp_unc                      =         0
   1) jesUp_unc                      =         0
   2) lumi                           =         0
   3) pdf_unc                        =         0
   4) xs_Bkg                         =   1.05646

Fitting of the background hypothesis done in 0.204263 s
[#1] INFO:Fitting -- RooAddition::defaultErrorLevel(nll_model_s_data_obs_with_constr) Summation contains a RooNLLVar, using its error level
Minuit2Minimizer: Minimize with max-calls 2500 convergence for edm < 0.01 strategy 1
MnSeedGenerator: for initial parameters FCN = 6.71268
MnSeedGenerator: Initial state:   - FCN =   6.712677328773 Edm =     0.266163 NCalls =     21
VariableMetric: start iterating until Edm is < 1e-05
VariableMetric: Initial state   - FCN =   6.712677328773 Edm =     0.266163 NCalls =     21
VariableMetric: Iteration #   1 - FCN =   6.429390520835 Edm =  0.000730066 NCalls =     33
VariableMetric: Iteration #   2 - FCN =   6.428582616559 Edm =  1.99778e-06 NCalls =     44
VariableMetric: After Hessian   - FCN =   6.428582616559 Edm =  2.18228e-06 NCalls =     75
Number of iterations 4
----------> Iteration 0
            FVAL = 6.71267732877 Edm = 0.266162570807 Nfcn = 21
            Error matrix change = 1
            Parameters :  p0 = 0 p1 = 0 p2 = 0 p3 = 0 p4 = 1.05646
----------> Iteration 1
            FVAL = 6.42939052083 Edm = 0.000730066367808 Nfcn = 33
            Error matrix change = 0.516478
            Parameters :  p0 = 0.00992137 p1 = 0.0123392 p2 = 0.0113751 p3 = 0.0147324 p4 = 0.372142
----------> Iteration 2
            FVAL = 6.42858261656 Edm = 1.99778341609e-06 Nfcn = 44
            Error matrix change = 0.272478
            Parameters :  p0 = 0.0231412 p1 = 0.0287837 p2 = 0.0265334 p3 = 0.0343703 p4 = 0.349794
----------> Iteration 3
            FVAL = 6.42858261656 Edm = 2.18227508412e-06 Nfcn = 75
            Error matrix change = 0
            Parameters :  p0 = 0.0231412 p1 = 0.0287837 p2 = 0.0265334 p3 = 0.0343703 p4 = 0.349794
Minuit2Minimizer : Valid minimum - status = 0
FVAL  = 6.42858261655933383
Edm   = 2.18227508412260684e-06
Nfcn  = 75
jerUp_unc	  = 0.0231412	 +/-  0.996585	(limited)
jesUp_unc	  = 0.0287837	 +/-  0.996575	(limited)
lumi	  = 0.0265334	 +/-  0.996579	(limited)
pdf_unc	  = 0.0343703	 +/-  0.996563	(limited)
xs_Bkg	  = 0.349794	 +/-  0.968163	(limited)
Reference signal fit
   0) jerUp_unc                      = 0.0231412
   1) jesUp_unc                      = 0.0287837
   2) lumi                           = 0.0265334
   3) pdf_unc                        = 0.0343703
   4) xs_Bkg                         =  0.349794

Fitting of the signal-plus-background hypothesis done in 0.00136995 s
      Evaluation of p-values done in  5.15435 s
	CLs = 1 +/- 0
      Evaluation of p-values done in  5.14632 s
	CLs = 0.9995 +/- 0.000499875
      Evaluation of p-values done in  4.89216 s
	CLs = 0.999667 +/- 0.000333278
      Evaluation of p-values done in  4.87651 s
	CLs = 0.99975 +/- 0.000249969
      Evaluation of p-values done in  4.971 s
	CLs = 1 +/- 0.000282871
	CLs      = 1 +/- 0.000282871
	CLb      = 0.9998 +/- 0.00019998
	CLsplusb = 0.9998 +/- 0.00019998

Hybrid result saved as HypoTestResult_mh120_r1_2036390959 in higgsCombineTest.HybridNew.mH120.922525390.root : higgsCombineTest.HybridNew.mH120.922525390.root:/toys

 -- Hybrid New -- 
CLs = 1 +/- 0.000282871
Total toys: 10000
Done in 0.00 min (cpu), 0.42 min (real)
