>>> including systematics
>>> using the Profile Likelihood test statistics modified for upper limits (Q_LHC)
>>> method used to compute upper limit is HybridNew
>>> Using OpenSSL to get a really random seed 
>>> Used OpenSSL to get a really random seed 1144975820
Adding /uscms_data/d2/lpcljm/sapta/SUSYSearch/LimitSetting/CMSSW_7_1_5/src to include path
Adding /cvmfs/cms.cern.ch/slc6_amd64_gcc481/lcg/roofit/5.34.18-cms3//include to include path
Input workspace 'w': 

RooWorkspace(w) w contents

variables
---------
(jerUp_unc,jerUp_unc_In,jesUp_unc,jesUp_unc_In,lumi,lumi_In,n_obs_binbin1,pdf_unc,pdf_unc_In,r,xs_Bkg,xs_Bkg_In)

p.d.f.s
-------
SimpleGaussianConstraint::jerUp_unc_Pdf[ x=jerUp_unc mean=jerUp_unc_In sigma=1 ] = 1
SimpleGaussianConstraint::jesUp_unc_Pdf[ x=jesUp_unc mean=jesUp_unc_In sigma=1 ] = 1
SimpleGaussianConstraint::lumi_Pdf[ x=lumi mean=lumi_In sigma=1 ] = 1
RooProdPdf::modelObs_b[ pdf_binbin1_bonly ] = 0.0077465
RooProdPdf::modelObs_s[ pdf_binbin1 ] = 0.0105457
RooProdPdf::model_b[ modelObs_b * nuisancePdf ] = 0.0077465
RooProdPdf::model_s[ modelObs_s * nuisancePdf ] = 0.0105457
RooProdPdf::nuisancePdf[ lumi_Pdf * jesUp_unc_Pdf * pdf_unc_Pdf * xs_Bkg_Pdf * jerUp_unc_Pdf ] = 1
RooPoisson::pdf_binbin1[ x=n_obs_binbin1 mean=n_exp_binbin1 ] = 0.0105457
RooPoisson::pdf_binbin1_bonly[ x=n_obs_binbin1 mean=n_exp_binbin1_bonly ] = 0.0077465
SimpleGaussianConstraint::pdf_unc_Pdf[ x=pdf_unc mean=pdf_unc_In sigma=1 ] = 1
SimpleGaussianConstraint::xs_Bkg_Pdf[ x=xs_Bkg mean=xs_Bkg_In sigma=1 ] = 1

functions
--------
RooAddition::n_exp_binbin1[ n_exp_binbin1_proc_BH + n_exp_binbin1_proc_Background ] = 41.7715
RooAddition::n_exp_binbin1_bonly[ n_exp_binbin1_proc_Background ] = 40.7715
ProcessNormalization::n_exp_binbin1_proc_BH[ thetaList=(lumi,jesUp_unc,pdf_unc,jerUp_unc) asymmThetaList=() otherFactorList=(r) ] = 1
ProcessNormalization::n_exp_binbin1_proc_Background[ thetaList=(xs_Bkg) asymmThetaList=() otherFactorList=() ] = 40.7715

datasets
--------
RooDataSet::data_obs(n_obs_binbin1)

named sets
----------
ModelConfig_GlobalObservables:(lumi_In,jesUp_unc_In,pdf_unc_In,xs_Bkg_In,jerUp_unc_In)
ModelConfig_NuisParams:(lumi,jesUp_unc,pdf_unc,xs_Bkg,jerUp_unc)
ModelConfig_Observables:(n_obs_binbin1)
ModelConfig_POI:(r)
ModelConfig_bonly_GlobalObservables:(lumi_In,jesUp_unc_In,pdf_unc_In,xs_Bkg_In,jerUp_unc_In)
ModelConfig_bonly_NuisParams:(lumi,jesUp_unc,pdf_unc,xs_Bkg,jerUp_unc)
ModelConfig_bonly_Observables:(n_obs_binbin1)
ModelConfig_bonly_POI:(r)
POI:(r)
globalObservables:(lumi_In,jesUp_unc_In,pdf_unc_In,xs_Bkg_In,jerUp_unc_In)
nuisances:(lumi,jesUp_unc,pdf_unc,xs_Bkg,jerUp_unc)
observables:(n_obs_binbin1)

generic objects
---------------
RooStats::ModelConfig::ModelConfig
RooStats::ModelConfig::ModelConfig_bonly
RooArgSet::discreteParams

Workspace has a ModelConfig for signal called 'ModelConfig', with contents:

=== Using the following for ModelConfig ===
Observables:             RooArgSet:: = (n_obs_binbin1)
Parameters of Interest:  RooArgSet:: = (r)
Nuisance Parameters:     RooArgSet:: = (lumi,jesUp_unc,pdf_unc,xs_Bkg,jerUp_unc)
Global Observables:      RooArgSet:: = (lumi_In,jesUp_unc_In,pdf_unc_In,xs_Bkg_In,jerUp_unc_In)
PDF:                     RooProdPdf::model_s[ modelObs_s * nuisancePdf ] = 0.0105457

Input ModelConfig 'ModelConfig': 

=== Using the following for ModelConfig ===
Observables:             RooArgSet:: = (n_obs_binbin1)
Parameters of Interest:  RooArgSet:: = (r)
Nuisance Parameters:     RooArgSet:: = (lumi,jesUp_unc,pdf_unc,xs_Bkg,jerUp_unc)
Global Observables:      RooArgSet:: = (lumi_In,jesUp_unc_In,pdf_unc_In,xs_Bkg_In,jerUp_unc_In)
PDF:                     RooProdPdf::model_s[ modelObs_s * nuisancePdf ] = 0.0105457

[#1] INFO:ObjectHandling -- RooWorkspace::import(w) importing RooUniform::prior
Computing limit starting from observation
  1) RooRealVar:: n_obs_binbin1 = 54
Set default minimizer to Minuit2
  r = 20 +/- 0
[#1] INFO:Minization --  Including the following contraint terms in minimization: (nuisancePdf)
[#1] INFO:Fitting -- RooAddition::defaultErrorLevel(nll_model_s_data_obs_with_constr) Summation contains a RooNLLVar, using its error level
Minuit2Minimizer: Minimize with max-calls 2500 convergence for edm < 0.01 strategy 1
MnSeedGenerator: for initial parameters FCN = 9.45521
MnSeedGenerator: Initial state:   - FCN =   9.455206301903 Edm =      1.48622 NCalls =     21
VariableMetric: start iterating until Edm is < 1e-05
VariableMetric: Initial state   - FCN =   9.455206301903 Edm =      1.48622 NCalls =     21
VariableMetric: Iteration #   1 - FCN =   8.042188945985 Edm =   0.00061683 NCalls =     33
VariableMetric: Iteration #   2 - FCN =   8.041649500349 Edm =  4.83463e-11 NCalls =     45
VariableMetric: After Hessian   - FCN =   8.041649500349 Edm =  4.51752e-11 NCalls =     76
Number of iterations 4
----------> Iteration 0
            FVAL = 9.4552063019 Edm = 1.4862230068 Nfcn = 21
            Error matrix change = 1
            Parameters :  p0 = 0 p1 = 0 p2 = 0 p3 = 0 p4 = 0
----------> Iteration 1
            FVAL = 8.04218894598 Edm = 0.000616830266447 Nfcn = 33
            Error matrix change = 0.50253
            Parameters :  p0 = 0 p1 = 0 p2 = 0 p3 = 0 p4 = 0.90411
----------> Iteration 2
            FVAL = 8.04164950035 Edm = 4.8346309467e-11 Nfcn = 45
            Error matrix change = 0.253232
            Parameters :  p0 = 0 p1 = 0 p2 = 0 p3 = 0 p4 = 0.887217
----------> Iteration 3
            FVAL = 8.04164950035 Edm = 4.51752388533e-11 Nfcn = 76
            Error matrix change = 0
            Parameters :  p0 = 0 p1 = 0 p2 = 0 p3 = 0 p4 = 0.887217
Minuit2Minimizer : Valid minimum - status = 0
FVAL  = 8.04164950034898496
Edm   = 4.51752388533276723e-11
Nfcn  = 76
jerUp_unc	  = 0	 +/-  0.996602	(limited)
jesUp_unc	  = 0	 +/-  0.996602	(limited)
lumi	  = 0	 +/-  0.996602	(limited)
pdf_unc	  = 0	 +/-  0.996602	(limited)
xs_Bkg	  = 0.887217	 +/-  0.514224	(limited)
Zero signal fit
   0) jerUp_unc                      =         0
   1) jesUp_unc                      =         0
   2) lumi                           =         0
   3) pdf_unc                        =         0
   4) xs_Bkg                         =  0.887217

Fitting of the background hypothesis done in 0.304333 s
[#1] INFO:Fitting -- RooAddition::defaultErrorLevel(nll_model_s_data_obs_with_constr) Summation contains a RooNLLVar, using its error level
Minuit2Minimizer: Minimize with max-calls 2500 convergence for edm < 0.01 strategy 1
MnSeedGenerator: for initial parameters FCN = 9.94145
MnSeedGenerator: Initial state:   - FCN =   9.941453156443 Edm =      2.20461 NCalls =     21
VariableMetric: start iterating until Edm is < 1e-05
VariableMetric: Initial state   - FCN =   9.941453156443 Edm =      2.20461 NCalls =     21
VariableMetric: Iteration #   1 - FCN =   7.742522340079 Edm =    0.0618119 NCalls =     32
VariableMetric: Iteration #   2 - FCN =   7.670657311075 Edm =  0.000225818 NCalls =     44
VariableMetric: Iteration #   3 - FCN =   7.670403504793 Edm =  4.29903e-08 NCalls =     56
VariableMetric: After Hessian   - FCN =   7.670403504793 Edm =  4.38563e-08 NCalls =     87
Number of iterations 5
----------> Iteration 0
            FVAL = 9.94145315644 Edm = 2.20461371482 Nfcn = 21
            Error matrix change = 1
            Parameters :  p0 = 0 p1 = 0 p2 = 0 p3 = 0 p4 = 0.887217
----------> Iteration 1
            FVAL = 7.74252234008 Edm = 0.0618118843429 Nfcn = 32
            Error matrix change = 0.540601
            Parameters :  p0 = -0.178743 p1 = -0.220692 p2 = -0.204076 p3 = -0.261213 p4 = -0.285623
----------> Iteration 2
            FVAL = 7.67065731107 Edm = 0.000225817582836 Nfcn = 44
            Error matrix change = 0.294811
            Parameters :  p0 = -0.0334901 p1 = -0.0432226 p2 = -0.0392358 p3 = -0.0537844 p4 = -0.407877
----------> Iteration 3
            FVAL = 7.67040350479 Edm = 4.29903256939e-08 Nfcn = 56
            Error matrix change = 0.156969
            Parameters :  p0 = -0.0379037 p1 = -0.0469823 p2 = -0.0433699 p3 = -0.055913 p4 = -0.42086
----------> Iteration 4
            FVAL = 7.67040350479 Edm = 4.38562654828e-08 Nfcn = 87
            Error matrix change = 0
            Parameters :  p0 = -0.0379037 p1 = -0.0469823 p2 = -0.0433699 p3 = -0.055913 p4 = -0.42086
Minuit2Minimizer : Valid minimum - status = 0
FVAL  = 7.67040350479325284
Edm   = 4.38562654827827279e-08
Nfcn  = 87
jerUp_unc	  = -0.0379037	 +/-  0.993644	(limited)
jesUp_unc	  = -0.0469823	 +/-  0.99202	(limited)
lumi	  = -0.0433699	 +/-  0.992711	(limited)
pdf_unc	  = -0.055913	 +/-  0.990061	(limited)
xs_Bkg	  = -0.42086	 +/-  0.65987	(limited)
Reference signal fit
   0) jerUp_unc                      = -0.0379037
   1) jesUp_unc                      = -0.0469823
   2) lumi                           = -0.0433699
   3) pdf_unc                        = -0.055913
   4) xs_Bkg                         =  -0.42086

Fitting of the signal-plus-background hypothesis done in 0.00229502 s
      Evaluation of p-values done in  5.89823 s
	CLs = 0.344626 +/- 0.0174302
      Evaluation of p-values done in  5.5056 s
	CLs = 0.350642 +/- 0.0123838
      Evaluation of p-values done in  5.3506 s
	CLs = 0.352282 +/- 0.0100738
      Evaluation of p-values done in  5.30332 s
	CLs = 0.35573 +/- 0.00877528
      Evaluation of p-values done in  5.60069 s
	CLs = 0.359082 +/- 0.0079159
	CLs      = 0.359082 +/- 0.0079159
	CLb      = 0.8544 +/- 0.004988
	CLsplusb = 0.3068 +/- 0.00652187

Hybrid result saved as HypoTestResult_mh120_r20_653147740 in higgsCombineTest.HybridNew.mH120.1144975820.root : higgsCombineTest.HybridNew.mH120.1144975820.root:/toys

 -- Hybrid New -- 
CLs = 0.359082 +/- 0.0079159
Total toys: 10000
Done in 0.00 min (cpu), 0.47 min (real)
