>>> including systematics
>>> using the Profile Likelihood test statistics modified for upper limits (Q_LHC)
>>> method used to compute upper limit is HybridNew
>>> Using OpenSSL to get a really random seed 
>>> Used OpenSSL to get a really random seed -1529188430
Adding /uscms_data/d2/lpcljm/sapta/SUSYSearch/LimitSetting/CMSSW_7_1_5/src to include path
Adding /cvmfs/cms.cern.ch/slc6_amd64_gcc481/lcg/roofit/5.34.18-cms3//include to include path
Input workspace 'w': 

RooWorkspace(w) w contents

variables
---------
(jerUp_unc,jerUp_unc_In,jesUp_unc,jesUp_unc_In,lumi,lumi_In,n_obs_binbin1,pdf_unc,pdf_unc_In,r,xs_Bkg,xs_Bkg_In)

p.d.f.s
-------
SimpleGaussianConstraint::jerUp_unc_Pdf[ x=jerUp_unc mean=jerUp_unc_In sigma=1 ] = 1
SimpleGaussianConstraint::jesUp_unc_Pdf[ x=jesUp_unc mean=jesUp_unc_In sigma=1 ] = 1
SimpleGaussianConstraint::lumi_Pdf[ x=lumi mean=lumi_In sigma=1 ] = 1
RooProdPdf::modelObs_b[ pdf_binbin1_bonly ] = 0.185735
RooProdPdf::modelObs_s[ pdf_binbin1 ] = 0.359186
RooProdPdf::model_b[ modelObs_b * nuisancePdf ] = 0.185735
RooProdPdf::model_s[ modelObs_s * nuisancePdf ] = 0.359186
RooProdPdf::nuisancePdf[ lumi_Pdf * jesUp_unc_Pdf * pdf_unc_Pdf * xs_Bkg_Pdf * jerUp_unc_Pdf ] = 1
RooPoisson::pdf_binbin1[ x=n_obs_binbin1 mean=n_exp_binbin1 ] = 0.359186
RooPoisson::pdf_binbin1_bonly[ x=n_obs_binbin1 mean=n_exp_binbin1_bonly ] = 0.185735
SimpleGaussianConstraint::pdf_unc_Pdf[ x=pdf_unc mean=pdf_unc_In sigma=1 ] = 1
SimpleGaussianConstraint::xs_Bkg_Pdf[ x=xs_Bkg mean=xs_Bkg_In sigma=1 ] = 1

functions
--------
RooAddition::n_exp_binbin1[ n_exp_binbin1_proc_BH + n_exp_binbin1_proc_Background ] = 1.23492
RooAddition::n_exp_binbin1_bonly[ n_exp_binbin1_proc_Background ] = 0.234919
ProcessNormalization::n_exp_binbin1_proc_BH[ thetaList=(lumi,jesUp_unc,pdf_unc,jerUp_unc) asymmThetaList=() otherFactorList=(r) ] = 1
ProcessNormalization::n_exp_binbin1_proc_Background[ thetaList=(xs_Bkg) asymmThetaList=() otherFactorList=() ] = 0.234919

datasets
--------
RooDataSet::data_obs(n_obs_binbin1)

named sets
----------
ModelConfig_GlobalObservables:(lumi_In,jesUp_unc_In,pdf_unc_In,xs_Bkg_In,jerUp_unc_In)
ModelConfig_NuisParams:(lumi,jesUp_unc,pdf_unc,xs_Bkg,jerUp_unc)
ModelConfig_Observables:(n_obs_binbin1)
ModelConfig_POI:(r)
ModelConfig_bonly_GlobalObservables:(lumi_In,jesUp_unc_In,pdf_unc_In,xs_Bkg_In,jerUp_unc_In)
ModelConfig_bonly_NuisParams:(lumi,jesUp_unc,pdf_unc,xs_Bkg,jerUp_unc)
ModelConfig_bonly_Observables:(n_obs_binbin1)
ModelConfig_bonly_POI:(r)
POI:(r)
globalObservables:(lumi_In,jesUp_unc_In,pdf_unc_In,xs_Bkg_In,jerUp_unc_In)
nuisances:(lumi,jesUp_unc,pdf_unc,xs_Bkg,jerUp_unc)
observables:(n_obs_binbin1)

generic objects
---------------
RooStats::ModelConfig::ModelConfig
RooStats::ModelConfig::ModelConfig_bonly
RooArgSet::discreteParams

Workspace has a ModelConfig for signal called 'ModelConfig', with contents:

=== Using the following for ModelConfig ===
Observables:             RooArgSet:: = (n_obs_binbin1)
Parameters of Interest:  RooArgSet:: = (r)
Nuisance Parameters:     RooArgSet:: = (lumi,jesUp_unc,pdf_unc,xs_Bkg,jerUp_unc)
Global Observables:      RooArgSet:: = (lumi_In,jesUp_unc_In,pdf_unc_In,xs_Bkg_In,jerUp_unc_In)
PDF:                     RooProdPdf::model_s[ modelObs_s * nuisancePdf ] = 0.359186

Input ModelConfig 'ModelConfig': 

=== Using the following for ModelConfig ===
Observables:             RooArgSet:: = (n_obs_binbin1)
Parameters of Interest:  RooArgSet:: = (r)
Nuisance Parameters:     RooArgSet:: = (lumi,jesUp_unc,pdf_unc,xs_Bkg,jerUp_unc)
Global Observables:      RooArgSet:: = (lumi_In,jesUp_unc_In,pdf_unc_In,xs_Bkg_In,jerUp_unc_In)
PDF:                     RooProdPdf::model_s[ modelObs_s * nuisancePdf ] = 0.359186

[#1] INFO:ObjectHandling -- RooWorkspace::import(w) importing RooUniform::prior
Computing limit starting from observation
  1) RooRealVar:: n_obs_binbin1 = 1
Set default minimizer to Minuit2
  r = 2.5 +/- 0
[#1] INFO:Minization --  Including the following contraint terms in minimization: (nuisancePdf)
[#1] INFO:Fitting -- RooAddition::defaultErrorLevel(nll_model_s_data_obs_with_constr) Summation contains a RooNLLVar, using its error level
Minuit2Minimizer: Minimize with max-calls 2500 convergence for edm < 0.01 strategy 1
MnSeedGenerator: for initial parameters FCN = 6.27813
MnSeedGenerator: Initial state:   - FCN =   6.278126171116 Edm =      0.14762 NCalls =     21
VariableMetric: start iterating until Edm is < 1e-05
VariableMetric: Initial state   - FCN =   6.278126171116 Edm =      0.14762 NCalls =     21
VariableMetric: Iteration #   1 - FCN =   6.132983941603 Edm =  9.30688e-05 NCalls =     32
VariableMetric: Iteration #   2 - FCN =   6.132895322416 Edm =  5.09783e-08 NCalls =     43
VariableMetric: After Hessian   - FCN =   6.132895322416 Edm =  4.98408e-08 NCalls =     74
Number of iterations 4
----------> Iteration 0
            FVAL = 6.27812617112 Edm = 0.147620412186 Nfcn = 21
            Error matrix change = 1
            Parameters :  p0 = 0 p1 = 0 p2 = 0 p3 = 0 p4 = 0
----------> Iteration 1
            FVAL = 6.1329839416 Edm = 9.30687794539e-05 Nfcn = 32
            Error matrix change = 0.502221
            Parameters :  p0 = 0 p1 = 0 p2 = 0 p3 = 0 p4 = 0.509703
----------> Iteration 2
            FVAL = 6.13289532242 Edm = 5.09782712746e-08 Nfcn = 43
            Error matrix change = 0.253167
            Parameters :  p0 = 0 p1 = 0 p2 = 0 p3 = 0 p4 = 0.49724
----------> Iteration 3
            FVAL = 6.13289532242 Edm = 4.98408183978e-08 Nfcn = 74
            Error matrix change = 0
            Parameters :  p0 = 0 p1 = 0 p2 = 0 p3 = 0 p4 = 0.49724
Minuit2Minimizer : Valid minimum - status = 0
FVAL  = 6.13289532241647262
Edm   = 4.98408183978154204e-08
Nfcn  = 74
jerUp_unc	  = 0	 +/-  0.996602	(limited)
jesUp_unc	  = 0	 +/-  0.996602	(limited)
lumi	  = 0	 +/-  0.996602	(limited)
pdf_unc	  = 0	 +/-  0.996602	(limited)
xs_Bkg	  = 0.49724	 +/-  0.911861	(limited)
Zero signal fit
   0) jerUp_unc                      =         0
   1) jesUp_unc                      =         0
   2) lumi                           =         0
   3) pdf_unc                        =         0
   4) xs_Bkg                         =   0.49724

Fitting of the background hypothesis done in 0.278385 s
[#1] INFO:Fitting -- RooAddition::defaultErrorLevel(nll_model_s_data_obs_with_constr) Summation contains a RooNLLVar, using its error level
Minuit2Minimizer: Minimize with max-calls 2500 convergence for edm < 0.01 strategy 1
MnSeedGenerator: for initial parameters FCN = 6.51593
MnSeedGenerator: Initial state:   - FCN =   6.515931658156 Edm =     0.208139 NCalls =     21
VariableMetric: start iterating until Edm is < 1e-05
VariableMetric: Initial state   - FCN =   6.515931658156 Edm =     0.208139 NCalls =     21
VariableMetric: Iteration #   1 - FCN =   6.306341827426 Edm =  7.12975e-05 NCalls =     32
VariableMetric: Iteration #   2 - FCN =   6.306268615675 Edm =  1.89681e-08 NCalls =     43
VariableMetric: After Hessian   - FCN =   6.306268615675 Edm =   1.9228e-08 NCalls =     74
Number of iterations 4
----------> Iteration 0
            FVAL = 6.51593165816 Edm = 0.208139064119 Nfcn = 21
            Error matrix change = 1
            Parameters :  p0 = 0 p1 = 0 p2 = 0 p3 = 0 p4 = 0.49724
----------> Iteration 1
            FVAL = 6.30634182743 Edm = 7.1297467829e-05 Nfcn = 32
            Error matrix change = 0.5048
            Parameters :  p0 = -0.0633191 p1 = -0.0786098 p2 = -0.0725222 p3 = -0.0936546 p4 = -0.0931609
----------> Iteration 2
            FVAL = 6.30626861567 Edm = 1.8968089929e-08 Nfcn = 43
            Error matrix change = 0.257489
            Parameters :  p0 = -0.0605562 p1 = -0.0753395 p2 = -0.0694426 p3 = -0.0899868 p4 = -0.102913
----------> Iteration 3
            FVAL = 6.30626861567 Edm = 1.92280188083e-08 Nfcn = 74
            Error matrix change = 0
            Parameters :  p0 = -0.0605562 p1 = -0.0753395 p2 = -0.0694426 p3 = -0.0899868 p4 = -0.102913
Minuit2Minimizer : Valid minimum - status = 0
FVAL  = 6.30626861567495833
Edm   = 1.922801880828848e-08
Nfcn  = 74
jerUp_unc	  = -0.0605562	 +/-  0.994823	(limited)
jesUp_unc	  = -0.0753395	 +/-  0.993847	(limited)
lumi	  = -0.0694426	 +/-  0.994262	(limited)
pdf_unc	  = -0.0899868	 +/-  0.99267	(limited)
xs_Bkg	  = -0.102913	 +/-  0.95847	(limited)
Reference signal fit
   0) jerUp_unc                      = -0.0605562
   1) jesUp_unc                      = -0.0753395
   2) lumi                           = -0.0694426
   3) pdf_unc                        = -0.0899868
   4) xs_Bkg                         = -0.102913

Fitting of the signal-plus-background hypothesis done in 0.00217009 s
      Evaluation of p-values done in  5.40622 s
	CLs = 0.188222 +/- 0.0136894
      Evaluation of p-values done in  5.53218 s
	CLs = 0.180709 +/- 0.00955622
      Evaluation of p-values done in  5.31745 s
	CLs = 0.176108 +/- 0.00769024
      Evaluation of p-values done in  5.26131 s
	CLs = 0.17557 +/- 0.00664738
      Evaluation of p-values done in  4.96553 s
	CLs = 0.173994 +/- 0.00592897
	CLs      = 0.173994 +/- 0.00592897
	CLb      = 0.8644 +/- 0.00484175
	CLsplusb = 0.1504 +/- 0.00505529

Hybrid result saved as HypoTestResult_mh120_r2.5_2716984011 in higgsCombineTest.HybridNew.mH120.-1529188430.root : higgsCombineTest.HybridNew.mH120.-1529188430.root:/toys

 -- Hybrid New -- 
CLs = 0.173994 +/- 0.00592897
Total toys: 10000
Done in 0.00 min (cpu), 0.45 min (real)
