>>> including systematics
>>> using the Profile Likelihood test statistics modified for upper limits (Q_LHC)
>>> method used to compute upper limit is HybridNew
>>> Using OpenSSL to get a really random seed 
>>> Used OpenSSL to get a really random seed -2141304177
Adding /uscms_data/d2/lpcljm/sapta/SUSYSearch/LimitSetting/CMSSW_7_1_5/src to include path
Adding /cvmfs/cms.cern.ch/slc6_amd64_gcc481/lcg/roofit/5.34.18-cms3//include to include path
Input workspace 'w': 

RooWorkspace(w) w contents

variables
---------
(jerUp_unc,jerUp_unc_In,jesUp_unc,jesUp_unc_In,lumi,lumi_In,n_obs_binbin1,pdf_unc,pdf_unc_In,r,xs_Bkg,xs_Bkg_In)

p.d.f.s
-------
SimpleGaussianConstraint::jerUp_unc_Pdf[ x=jerUp_unc mean=jerUp_unc_In sigma=1 ] = 1
SimpleGaussianConstraint::jesUp_unc_Pdf[ x=jesUp_unc mean=jesUp_unc_In sigma=1 ] = 1
SimpleGaussianConstraint::lumi_Pdf[ x=lumi mean=lumi_In sigma=1 ] = 1
RooProdPdf::modelObs_b[ pdf_binbin1_bonly ] = 0.174066
RooProdPdf::modelObs_s[ pdf_binbin1 ] = 0.167308
RooProdPdf::model_b[ modelObs_b * nuisancePdf ] = 0.174066
RooProdPdf::model_s[ modelObs_s * nuisancePdf ] = 0.167308
RooProdPdf::nuisancePdf[ lumi_Pdf * jesUp_unc_Pdf * pdf_unc_Pdf * xs_Bkg_Pdf * jerUp_unc_Pdf ] = 1
RooPoisson::pdf_binbin1[ x=n_obs_binbin1 mean=n_exp_binbin1 ] = 0.167308
RooPoisson::pdf_binbin1_bonly[ x=n_obs_binbin1 mean=n_exp_binbin1_bonly ] = 0.174066
SimpleGaussianConstraint::pdf_unc_Pdf[ x=pdf_unc mean=pdf_unc_In sigma=1 ] = 1
SimpleGaussianConstraint::xs_Bkg_Pdf[ x=xs_Bkg mean=xs_Bkg_In sigma=1 ] = 1

functions
--------
RooAddition::n_exp_binbin1[ n_exp_binbin1_proc_BH + n_exp_binbin1_proc_Background ] = 5.72216
RooAddition::n_exp_binbin1_bonly[ n_exp_binbin1_proc_Background ] = 4.72216
ProcessNormalization::n_exp_binbin1_proc_BH[ thetaList=(lumi,jesUp_unc,pdf_unc,jerUp_unc) asymmThetaList=() otherFactorList=(r) ] = 1
ProcessNormalization::n_exp_binbin1_proc_Background[ thetaList=(xs_Bkg) asymmThetaList=() otherFactorList=() ] = 4.72216

datasets
--------
RooDataSet::data_obs(n_obs_binbin1)

named sets
----------
ModelConfig_GlobalObservables:(lumi_In,jesUp_unc_In,pdf_unc_In,xs_Bkg_In,jerUp_unc_In)
ModelConfig_NuisParams:(lumi,jesUp_unc,pdf_unc,xs_Bkg,jerUp_unc)
ModelConfig_Observables:(n_obs_binbin1)
ModelConfig_POI:(r)
ModelConfig_bonly_GlobalObservables:(lumi_In,jesUp_unc_In,pdf_unc_In,xs_Bkg_In,jerUp_unc_In)
ModelConfig_bonly_NuisParams:(lumi,jesUp_unc,pdf_unc,xs_Bkg,jerUp_unc)
ModelConfig_bonly_Observables:(n_obs_binbin1)
ModelConfig_bonly_POI:(r)
POI:(r)
globalObservables:(lumi_In,jesUp_unc_In,pdf_unc_In,xs_Bkg_In,jerUp_unc_In)
nuisances:(lumi,jesUp_unc,pdf_unc,xs_Bkg,jerUp_unc)
observables:(n_obs_binbin1)

generic objects
---------------
RooStats::ModelConfig::ModelConfig
RooStats::ModelConfig::ModelConfig_bonly
RooArgSet::discreteParams

Workspace has a ModelConfig for signal called 'ModelConfig', with contents:

=== Using the following for ModelConfig ===
Observables:             RooArgSet:: = (n_obs_binbin1)
Parameters of Interest:  RooArgSet:: = (r)
Nuisance Parameters:     RooArgSet:: = (lumi,jesUp_unc,pdf_unc,xs_Bkg,jerUp_unc)
Global Observables:      RooArgSet:: = (lumi_In,jesUp_unc_In,pdf_unc_In,xs_Bkg_In,jerUp_unc_In)
PDF:                     RooProdPdf::model_s[ modelObs_s * nuisancePdf ] = 0.167308

Input ModelConfig 'ModelConfig': 

=== Using the following for ModelConfig ===
Observables:             RooArgSet:: = (n_obs_binbin1)
Parameters of Interest:  RooArgSet:: = (r)
Nuisance Parameters:     RooArgSet:: = (lumi,jesUp_unc,pdf_unc,xs_Bkg,jerUp_unc)
Global Observables:      RooArgSet:: = (lumi_In,jesUp_unc_In,pdf_unc_In,xs_Bkg_In,jerUp_unc_In)
PDF:                     RooProdPdf::model_s[ modelObs_s * nuisancePdf ] = 0.167308

[#1] INFO:ObjectHandling -- RooWorkspace::import(w) importing RooUniform::prior
Computing limit starting from observation
  1) RooRealVar:: n_obs_binbin1 = 5
Set default minimizer to Minuit2
  r = 2 +/- 0
[#1] INFO:Minization --  Including the following contraint terms in minimization: (nuisancePdf)
[#1] INFO:Fitting -- RooAddition::defaultErrorLevel(nll_model_s_data_obs_with_constr) Summation contains a RooNLLVar, using its error level
Minuit2Minimizer: Minimize with max-calls 2500 convergence for edm < 0.01 strategy 1
MnSeedGenerator: for initial parameters FCN = 6.34301
MnSeedGenerator: Initial state:   - FCN =   6.343012798609 Edm =   0.00409204 NCalls =     21
VariableMetric: start iterating until Edm is < 1e-05
VariableMetric: Initial state   - FCN =   6.343012798609 Edm =   0.00409204 NCalls =     21
VariableMetric: Iteration #   1 - FCN =   6.338941015129 Edm =  2.26016e-07 NCalls =     32
VariableMetric: After Hessian   - FCN =   6.338941015129 Edm =  2.22645e-07 NCalls =     63
Number of iterations 3
----------> Iteration 0
            FVAL = 6.34301279861 Edm = 0.0040920383496 Nfcn = 21
            Error matrix change = 1
            Parameters :  p0 = 0 p1 = 0 p2 = 0 p3 = 0 p4 = 0
----------> Iteration 1
            FVAL = 6.33894101513 Edm = 2.26016460241e-07 Nfcn = 32
            Error matrix change = 0.50041
            Parameters :  p0 = 0 p1 = 0 p2 = 0 p3 = 0 p4 = 0.0639275
----------> Iteration 2
            FVAL = 6.33894101513 Edm = 2.22645460822e-07 Nfcn = 63
            Error matrix change = 0
            Parameters :  p0 = 0 p1 = 0 p2 = 0 p3 = 0 p4 = 0.0639275
Minuit2Minimizer : Valid minimum - status = 0
FVAL  = 6.33894101512934682
Edm   = 2.22645460822236899e-07
Nfcn  = 63
jerUp_unc	  = 0	 +/-  0.996602	(limited)
jesUp_unc	  = 0	 +/-  0.996602	(limited)
lumi	  = 0	 +/-  0.996602	(limited)
pdf_unc	  = 0	 +/-  0.996602	(limited)
xs_Bkg	  = 0.0639275	 +/-  0.700255	(limited)
Zero signal fit
   0) jerUp_unc                      =         0
   1) jesUp_unc                      =         0
   2) lumi                           =         0
   3) pdf_unc                        =         0
   4) xs_Bkg                         = 0.0639275

Fitting of the background hypothesis done in 0.302509 s
[#1] INFO:Fitting -- RooAddition::defaultErrorLevel(nll_model_s_data_obs_with_constr) Summation contains a RooNLLVar, using its error level
Minuit2Minimizer: Minimize with max-calls 2500 convergence for edm < 0.01 strategy 1
MnSeedGenerator: for initial parameters FCN = 6.61659
MnSeedGenerator: Initial state:   - FCN =   6.616592229438 Edm =     0.126062 NCalls =     21
VariableMetric: start iterating until Edm is < 1e-05
VariableMetric: Initial state   - FCN =   6.616592229438 Edm =     0.126062 NCalls =     21
VariableMetric: Iteration #   1 - FCN =   6.487295316136 Edm =  0.000424862 NCalls =     32
VariableMetric: Iteration #   2 - FCN =    6.48682568934 Edm =  9.02311e-07 NCalls =     43
VariableMetric: After Hessian   - FCN =    6.48682568934 Edm =  9.56209e-07 NCalls =     74
Number of iterations 4
----------> Iteration 0
            FVAL = 6.61659222944 Edm = 0.126062478608 Nfcn = 21
            Error matrix change = 1
            Parameters :  p0 = 0 p1 = 0 p2 = 0 p3 = 0 p4 = 0.0639275
----------> Iteration 1
            FVAL = 6.48729531614 Edm = 0.000424862299146 Nfcn = 32
            Error matrix change = 0.511152
            Parameters :  p0 = -0.0212644 p1 = -0.0264311 p2 = -0.0243719 p3 = -0.0315351 p4 = -0.306923
----------> Iteration 2
            FVAL = 6.48682568934 Edm = 9.02310844569e-07 Nfcn = 43
            Error matrix change = 0.263002
            Parameters :  p0 = -0.013692 p1 = -0.0170413 p2 = -0.0157048 p3 = -0.0203643 p4 = -0.325384
----------> Iteration 3
            FVAL = 6.48682568934 Edm = 9.56208846365e-07 Nfcn = 74
            Error matrix change = 0
            Parameters :  p0 = -0.013692 p1 = -0.0170413 p2 = -0.0157048 p3 = -0.0203643 p4 = -0.325384
Minuit2Minimizer : Valid minimum - status = 0
FVAL  = 6.48682568934039239
Edm   = 9.56208846364810056e-07
Nfcn  = 74
jerUp_unc	  = -0.013692	 +/-  0.996049	(limited)
jesUp_unc	  = -0.0170413	 +/-  0.995747	(limited)
lumi	  = -0.0157048	 +/-  0.995875	(limited)
pdf_unc	  = -0.0203643	 +/-  0.995382	(limited)
xs_Bkg	  = -0.325384	 +/-  0.782529	(limited)
Reference signal fit
   0) jerUp_unc                      = -0.013692
   1) jesUp_unc                      = -0.0170413
   2) lumi                           = -0.0157048
   3) pdf_unc                        = -0.0203643
   4) xs_Bkg                         = -0.325384

Fitting of the signal-plus-background hypothesis done in 0.00215697 s
      Evaluation of p-values done in  5.30792 s
	CLs = 0.595238 +/- 0.0301041
      Evaluation of p-values done in  5.32005 s
	CLs = 0.596021 +/- 0.0216252
      Evaluation of p-values done in  5.10176 s
	CLs = 0.575115 +/- 0.0172892
      Evaluation of p-values done in  4.95028 s
	CLs = 0.573947 +/- 0.0149555
      Evaluation of p-values done in  4.98653 s
	CLs = 0.579235 +/- 0.0133495
	CLs      = 0.579235 +/- 0.0133495
	CLb      = 0.5856 +/- 0.00696667
	CLsplusb = 0.3392 +/- 0.00669542

Hybrid result saved as HypoTestResult_mh120_r2_3660771732 in higgsCombineTest.HybridNew.mH120.-2141304177.root : higgsCombineTest.HybridNew.mH120.-2141304177.root:/toys

 -- Hybrid New -- 
CLs = 0.579235 +/- 0.0133495
Total toys: 10000
Done in 0.00 min (cpu), 0.43 min (real)
