>>> including systematics
>>> using the Profile Likelihood test statistics modified for upper limits (Q_LHC)
>>> method used to compute upper limit is HybridNew
>>> Using OpenSSL to get a really random seed 
>>> Used OpenSSL to get a really random seed -1654565663
Adding /uscms_data/d2/lpcljm/sapta/SUSYSearch/LimitSetting/CMSSW_7_1_5/src to include path
Adding /cvmfs/cms.cern.ch/slc6_amd64_gcc481/lcg/roofit/5.34.18-cms3//include to include path
Input workspace 'w': 

RooWorkspace(w) w contents

variables
---------
(jerUp_unc,jerUp_unc_In,jesUp_unc,jesUp_unc_In,lumi,lumi_In,n_obs_binbin1,pdf_unc,pdf_unc_In,r,xs_Bkg,xs_Bkg_In)

p.d.f.s
-------
SimpleGaussianConstraint::jerUp_unc_Pdf[ x=jerUp_unc mean=jerUp_unc_In sigma=1 ] = 1
SimpleGaussianConstraint::jesUp_unc_Pdf[ x=jesUp_unc mean=jesUp_unc_In sigma=1 ] = 1
SimpleGaussianConstraint::lumi_Pdf[ x=lumi mean=lumi_In sigma=1 ] = 1
RooProdPdf::modelObs_b[ pdf_binbin1_bonly ] = 0.0077465
RooProdPdf::modelObs_s[ pdf_binbin1 ] = 0.0105457
RooProdPdf::model_b[ modelObs_b * nuisancePdf ] = 0.0077465
RooProdPdf::model_s[ modelObs_s * nuisancePdf ] = 0.0105457
RooProdPdf::nuisancePdf[ lumi_Pdf * jesUp_unc_Pdf * pdf_unc_Pdf * xs_Bkg_Pdf * jerUp_unc_Pdf ] = 1
RooPoisson::pdf_binbin1[ x=n_obs_binbin1 mean=n_exp_binbin1 ] = 0.0105457
RooPoisson::pdf_binbin1_bonly[ x=n_obs_binbin1 mean=n_exp_binbin1_bonly ] = 0.0077465
SimpleGaussianConstraint::pdf_unc_Pdf[ x=pdf_unc mean=pdf_unc_In sigma=1 ] = 1
SimpleGaussianConstraint::xs_Bkg_Pdf[ x=xs_Bkg mean=xs_Bkg_In sigma=1 ] = 1

functions
--------
RooAddition::n_exp_binbin1[ n_exp_binbin1_proc_BH + n_exp_binbin1_proc_Background ] = 41.7715
RooAddition::n_exp_binbin1_bonly[ n_exp_binbin1_proc_Background ] = 40.7715
ProcessNormalization::n_exp_binbin1_proc_BH[ thetaList=(lumi,jesUp_unc,pdf_unc,jerUp_unc) asymmThetaList=() otherFactorList=(r) ] = 1
ProcessNormalization::n_exp_binbin1_proc_Background[ thetaList=(xs_Bkg) asymmThetaList=() otherFactorList=() ] = 40.7715

datasets
--------
RooDataSet::data_obs(n_obs_binbin1)

named sets
----------
ModelConfig_GlobalObservables:(lumi_In,jesUp_unc_In,pdf_unc_In,xs_Bkg_In,jerUp_unc_In)
ModelConfig_NuisParams:(lumi,jesUp_unc,pdf_unc,xs_Bkg,jerUp_unc)
ModelConfig_Observables:(n_obs_binbin1)
ModelConfig_POI:(r)
ModelConfig_bonly_GlobalObservables:(lumi_In,jesUp_unc_In,pdf_unc_In,xs_Bkg_In,jerUp_unc_In)
ModelConfig_bonly_NuisParams:(lumi,jesUp_unc,pdf_unc,xs_Bkg,jerUp_unc)
ModelConfig_bonly_Observables:(n_obs_binbin1)
ModelConfig_bonly_POI:(r)
POI:(r)
globalObservables:(lumi_In,jesUp_unc_In,pdf_unc_In,xs_Bkg_In,jerUp_unc_In)
nuisances:(lumi,jesUp_unc,pdf_unc,xs_Bkg,jerUp_unc)
observables:(n_obs_binbin1)

generic objects
---------------
RooStats::ModelConfig::ModelConfig
RooStats::ModelConfig::ModelConfig_bonly
RooArgSet::discreteParams

Workspace has a ModelConfig for signal called 'ModelConfig', with contents:

=== Using the following for ModelConfig ===
Observables:             RooArgSet:: = (n_obs_binbin1)
Parameters of Interest:  RooArgSet:: = (r)
Nuisance Parameters:     RooArgSet:: = (lumi,jesUp_unc,pdf_unc,xs_Bkg,jerUp_unc)
Global Observables:      RooArgSet:: = (lumi_In,jesUp_unc_In,pdf_unc_In,xs_Bkg_In,jerUp_unc_In)
PDF:                     RooProdPdf::model_s[ modelObs_s * nuisancePdf ] = 0.0105457

Input ModelConfig 'ModelConfig': 

=== Using the following for ModelConfig ===
Observables:             RooArgSet:: = (n_obs_binbin1)
Parameters of Interest:  RooArgSet:: = (r)
Nuisance Parameters:     RooArgSet:: = (lumi,jesUp_unc,pdf_unc,xs_Bkg,jerUp_unc)
Global Observables:      RooArgSet:: = (lumi_In,jesUp_unc_In,pdf_unc_In,xs_Bkg_In,jerUp_unc_In)
PDF:                     RooProdPdf::model_s[ modelObs_s * nuisancePdf ] = 0.0105457

[#1] INFO:ObjectHandling -- RooWorkspace::import(w) importing RooUniform::prior
Computing limit starting from observation
  1) RooRealVar:: n_obs_binbin1 = 54
Set default minimizer to Minuit2
  r = 30 +/- 0
[#1] INFO:Minization --  Including the following contraint terms in minimization: (nuisancePdf)
[#1] INFO:Fitting -- RooAddition::defaultErrorLevel(nll_model_s_data_obs_with_constr) Summation contains a RooNLLVar, using its error level
Minuit2Minimizer: Minimize with max-calls 2500 convergence for edm < 0.01 strategy 1
MnSeedGenerator: for initial parameters FCN = 9.45521
MnSeedGenerator: Initial state:   - FCN =   9.455206301903 Edm =      1.48622 NCalls =     21
VariableMetric: start iterating until Edm is < 1e-05
VariableMetric: Initial state   - FCN =   9.455206301903 Edm =      1.48622 NCalls =     21
VariableMetric: Iteration #   1 - FCN =   8.042188945985 Edm =   0.00061683 NCalls =     33
VariableMetric: Iteration #   2 - FCN =   8.041649500349 Edm =  4.83463e-11 NCalls =     45
VariableMetric: After Hessian   - FCN =   8.041649500349 Edm =  4.51752e-11 NCalls =     76
Number of iterations 4
----------> Iteration 0
            FVAL = 9.4552063019 Edm = 1.4862230068 Nfcn = 21
            Error matrix change = 1
            Parameters :  p0 = 0 p1 = 0 p2 = 0 p3 = 0 p4 = 0
----------> Iteration 1
            FVAL = 8.04218894598 Edm = 0.000616830266447 Nfcn = 33
            Error matrix change = 0.50253
            Parameters :  p0 = 0 p1 = 0 p2 = 0 p3 = 0 p4 = 0.90411
----------> Iteration 2
            FVAL = 8.04164950035 Edm = 4.8346309467e-11 Nfcn = 45
            Error matrix change = 0.253232
            Parameters :  p0 = 0 p1 = 0 p2 = 0 p3 = 0 p4 = 0.887217
----------> Iteration 3
            FVAL = 8.04164950035 Edm = 4.51752388533e-11 Nfcn = 76
            Error matrix change = 0
            Parameters :  p0 = 0 p1 = 0 p2 = 0 p3 = 0 p4 = 0.887217
Minuit2Minimizer : Valid minimum - status = 0
FVAL  = 8.04164950034898496
Edm   = 4.51752388533276723e-11
Nfcn  = 76
jerUp_unc	  = 0	 +/-  0.996602	(limited)
jesUp_unc	  = 0	 +/-  0.996602	(limited)
lumi	  = 0	 +/-  0.996602	(limited)
pdf_unc	  = 0	 +/-  0.996602	(limited)
xs_Bkg	  = 0.887217	 +/-  0.514224	(limited)
Zero signal fit
   0) jerUp_unc                      =         0
   1) jesUp_unc                      =         0
   2) lumi                           =         0
   3) pdf_unc                        =         0
   4) xs_Bkg                         =  0.887217

Fitting of the background hypothesis done in 0.311328 s
[#1] INFO:Fitting -- RooAddition::defaultErrorLevel(nll_model_s_data_obs_with_constr) Summation contains a RooNLLVar, using its error level
Minuit2Minimizer: Minimize with max-calls 2500 convergence for edm < 0.01 strategy 1
MnSeedGenerator: for initial parameters FCN = 12.7524
MnSeedGenerator: Initial state:   - FCN =   12.75243384388 Edm =      4.19854 NCalls =     21
VariableMetric: start iterating until Edm is < 1e-05
VariableMetric: Initial state   - FCN =   12.75243384388 Edm =      4.19854 NCalls =     21
VariableMetric: Iteration #   1 - FCN =   8.711450968214 Edm =     0.171217 NCalls =     32
VariableMetric: Iteration #   2 - FCN =   8.515003144981 Edm =   0.00137269 NCalls =     44
VariableMetric: Iteration #   3 - FCN =    8.51336345043 Edm =    1.051e-06 NCalls =     56
VariableMetric: After Hessian   - FCN =    8.51336345043 Edm =   1.0849e-06 NCalls =     87
Number of iterations 5
----------> Iteration 0
            FVAL = 12.7524338439 Edm = 4.19854051362 Nfcn = 21
            Error matrix change = 1
            Parameters :  p0 = 0 p1 = 0 p2 = 0 p3 = 0 p4 = 0.887217
----------> Iteration 1
            FVAL = 8.71145096821 Edm = 0.171217265344 Nfcn = 32
            Error matrix change = 0.561997
            Parameters :  p0 = -0.374452 p1 = -0.459164 p2 = -0.425827 p3 = -0.5391 p4 = -0.709992
----------> Iteration 2
            FVAL = 8.51500314498 Edm = 0.00137268675347 Nfcn = 44
            Error matrix change = 0.327133
            Parameters :  p0 = -0.129952 p1 = -0.166909 p2 = -0.151839 p3 = -0.206299 p4 = -0.913429
----------> Iteration 3
            FVAL = 8.51336345043 Edm = 1.05099609554e-06 Nfcn = 56
            Error matrix change = 0.177161
            Parameters :  p0 = -0.141864 p1 = -0.175696 p2 = -0.162232 p3 = -0.209039 p4 = -0.948637
----------> Iteration 4
            FVAL = 8.51336345043 Edm = 1.08489771531e-06 Nfcn = 87
            Error matrix change = 0
            Parameters :  p0 = -0.141864 p1 = -0.175696 p2 = -0.162232 p3 = -0.209039 p4 = -0.948637
Minuit2Minimizer : Valid minimum - status = 0
FVAL  = 8.51336345042963671
Edm   = 1.08489771531048676e-06
Nfcn  = 87
jerUp_unc	  = -0.141864	 +/-  0.989169	(limited)
jesUp_unc	  = -0.175696	 +/-  0.985074	(limited)
lumi	  = -0.162232	 +/-  0.986816	(limited)
pdf_unc	  = -0.209039	 +/-  0.980115	(limited)
xs_Bkg	  = -0.948637	 +/-  0.709865	(limited)
Reference signal fit
   0) jerUp_unc                      = -0.141864
   1) jesUp_unc                      = -0.175696
   2) lumi                           = -0.162232
   3) pdf_unc                        = -0.209039
   4) xs_Bkg                         = -0.948637

Fitting of the signal-plus-background hypothesis done in 0.00226688 s
      Evaluation of p-values done in  5.79038 s
	CLs = 0.103081 +/- 0.0106523
      Evaluation of p-values done in  5.59068 s
	CLs = 0.102488 +/- 0.00751229
      Evaluation of p-values done in  5.76272 s
	CLs = 0.0951817 +/- 0.00592704
      Evaluation of p-values done in  5.56776 s
	CLs = 0.0970414 +/- 0.00517572
      Evaluation of p-values done in  5.68927 s
	CLs = 0.0965387 +/- 0.00460408
	CLs      = 0.0965387 +/- 0.00460408
	CLb      = 0.8494 +/- 0.00505806
	CLsplusb = 0.082 +/- 0.0038801

Hybrid result saved as HypoTestResult_mh120_r30_4277003753 in higgsCombineTest.HybridNew.mH120.-1654565663.root : higgsCombineTest.HybridNew.mH120.-1654565663.root:/toys

 -- Hybrid New -- 
CLs = 0.0965387 +/- 0.00460408
Total toys: 10000
Done in 0.00 min (cpu), 0.48 min (real)
