>>> including systematics
>>> using the Profile Likelihood test statistics modified for upper limits (Q_LHC)
>>> method used to compute upper limit is HybridNew
>>> Using OpenSSL to get a really random seed 
>>> Used OpenSSL to get a really random seed -1427986234
Adding /uscms_data/d2/lpcljm/sapta/SUSYSearch/LimitSetting/CMSSW_7_1_5/src to include path
Adding /cvmfs/cms.cern.ch/slc6_amd64_gcc481/lcg/roofit/5.34.18-cms3//include to include path
Input workspace 'w': 

RooWorkspace(w) w contents

variables
---------
(jerUp_unc,jerUp_unc_In,jesUp_unc,jesUp_unc_In,lumi,lumi_In,n_obs_binbin1,pdf_unc,pdf_unc_In,r,xs_Bkg,xs_Bkg_In)

p.d.f.s
-------
SimpleGaussianConstraint::jerUp_unc_Pdf[ x=jerUp_unc mean=jerUp_unc_In sigma=1 ] = 1
SimpleGaussianConstraint::jesUp_unc_Pdf[ x=jesUp_unc mean=jesUp_unc_In sigma=1 ] = 1
SimpleGaussianConstraint::lumi_Pdf[ x=lumi mean=lumi_In sigma=1 ] = 1
RooProdPdf::modelObs_b[ pdf_binbin1_bonly ] = 0.0077465
RooProdPdf::modelObs_s[ pdf_binbin1 ] = 0.0105457
RooProdPdf::model_b[ modelObs_b * nuisancePdf ] = 0.0077465
RooProdPdf::model_s[ modelObs_s * nuisancePdf ] = 0.0105457
RooProdPdf::nuisancePdf[ lumi_Pdf * jesUp_unc_Pdf * pdf_unc_Pdf * xs_Bkg_Pdf * jerUp_unc_Pdf ] = 1
RooPoisson::pdf_binbin1[ x=n_obs_binbin1 mean=n_exp_binbin1 ] = 0.0105457
RooPoisson::pdf_binbin1_bonly[ x=n_obs_binbin1 mean=n_exp_binbin1_bonly ] = 0.0077465
SimpleGaussianConstraint::pdf_unc_Pdf[ x=pdf_unc mean=pdf_unc_In sigma=1 ] = 1
SimpleGaussianConstraint::xs_Bkg_Pdf[ x=xs_Bkg mean=xs_Bkg_In sigma=1 ] = 1

functions
--------
RooAddition::n_exp_binbin1[ n_exp_binbin1_proc_BH + n_exp_binbin1_proc_Background ] = 41.7715
RooAddition::n_exp_binbin1_bonly[ n_exp_binbin1_proc_Background ] = 40.7715
ProcessNormalization::n_exp_binbin1_proc_BH[ thetaList=(lumi,jesUp_unc,pdf_unc,jerUp_unc) asymmThetaList=() otherFactorList=(r) ] = 1
ProcessNormalization::n_exp_binbin1_proc_Background[ thetaList=(xs_Bkg) asymmThetaList=() otherFactorList=() ] = 40.7715

datasets
--------
RooDataSet::data_obs(n_obs_binbin1)

named sets
----------
ModelConfig_GlobalObservables:(lumi_In,jesUp_unc_In,pdf_unc_In,xs_Bkg_In,jerUp_unc_In)
ModelConfig_NuisParams:(lumi,jesUp_unc,pdf_unc,xs_Bkg,jerUp_unc)
ModelConfig_Observables:(n_obs_binbin1)
ModelConfig_POI:(r)
ModelConfig_bonly_GlobalObservables:(lumi_In,jesUp_unc_In,pdf_unc_In,xs_Bkg_In,jerUp_unc_In)
ModelConfig_bonly_NuisParams:(lumi,jesUp_unc,pdf_unc,xs_Bkg,jerUp_unc)
ModelConfig_bonly_Observables:(n_obs_binbin1)
ModelConfig_bonly_POI:(r)
POI:(r)
globalObservables:(lumi_In,jesUp_unc_In,pdf_unc_In,xs_Bkg_In,jerUp_unc_In)
nuisances:(lumi,jesUp_unc,pdf_unc,xs_Bkg,jerUp_unc)
observables:(n_obs_binbin1)

generic objects
---------------
RooStats::ModelConfig::ModelConfig
RooStats::ModelConfig::ModelConfig_bonly
RooArgSet::discreteParams

Workspace has a ModelConfig for signal called 'ModelConfig', with contents:

=== Using the following for ModelConfig ===
Observables:             RooArgSet:: = (n_obs_binbin1)
Parameters of Interest:  RooArgSet:: = (r)
Nuisance Parameters:     RooArgSet:: = (lumi,jesUp_unc,pdf_unc,xs_Bkg,jerUp_unc)
Global Observables:      RooArgSet:: = (lumi_In,jesUp_unc_In,pdf_unc_In,xs_Bkg_In,jerUp_unc_In)
PDF:                     RooProdPdf::model_s[ modelObs_s * nuisancePdf ] = 0.0105457

Input ModelConfig 'ModelConfig': 

=== Using the following for ModelConfig ===
Observables:             RooArgSet:: = (n_obs_binbin1)
Parameters of Interest:  RooArgSet:: = (r)
Nuisance Parameters:     RooArgSet:: = (lumi,jesUp_unc,pdf_unc,xs_Bkg,jerUp_unc)
Global Observables:      RooArgSet:: = (lumi_In,jesUp_unc_In,pdf_unc_In,xs_Bkg_In,jerUp_unc_In)
PDF:                     RooProdPdf::model_s[ modelObs_s * nuisancePdf ] = 0.0105457

[#1] INFO:ObjectHandling -- RooWorkspace::import(w) importing RooUniform::prior
Computing limit starting from observation
  1) RooRealVar:: n_obs_binbin1 = 54
Set default minimizer to Minuit2
  r = 38 +/- 0
[#1] INFO:Minization --  Including the following contraint terms in minimization: (nuisancePdf)
[#1] INFO:Fitting -- RooAddition::defaultErrorLevel(nll_model_s_data_obs_with_constr) Summation contains a RooNLLVar, using its error level
Minuit2Minimizer: Minimize with max-calls 2500 convergence for edm < 0.01 strategy 1
MnSeedGenerator: for initial parameters FCN = 9.45521
MnSeedGenerator: Initial state:   - FCN =   9.455206301903 Edm =      1.48622 NCalls =     21
VariableMetric: start iterating until Edm is < 1e-05
VariableMetric: Initial state   - FCN =   9.455206301903 Edm =      1.48622 NCalls =     21
VariableMetric: Iteration #   1 - FCN =   8.042188945985 Edm =   0.00061683 NCalls =     33
VariableMetric: Iteration #   2 - FCN =   8.041649500349 Edm =  4.83463e-11 NCalls =     45
VariableMetric: After Hessian   - FCN =   8.041649500349 Edm =  4.51752e-11 NCalls =     76
Number of iterations 4
----------> Iteration 0
            FVAL = 9.4552063019 Edm = 1.4862230068 Nfcn = 21
            Error matrix change = 1
            Parameters :  p0 = 0 p1 = 0 p2 = 0 p3 = 0 p4 = 0
----------> Iteration 1
            FVAL = 8.04218894598 Edm = 0.000616830266447 Nfcn = 33
            Error matrix change = 0.50253
            Parameters :  p0 = 0 p1 = 0 p2 = 0 p3 = 0 p4 = 0.90411
----------> Iteration 2
            FVAL = 8.04164950035 Edm = 4.8346309467e-11 Nfcn = 45
            Error matrix change = 0.253232
            Parameters :  p0 = 0 p1 = 0 p2 = 0 p3 = 0 p4 = 0.887217
----------> Iteration 3
            FVAL = 8.04164950035 Edm = 4.51752388533e-11 Nfcn = 76
            Error matrix change = 0
            Parameters :  p0 = 0 p1 = 0 p2 = 0 p3 = 0 p4 = 0.887217
Minuit2Minimizer : Valid minimum - status = 0
FVAL  = 8.04164950034898496
Edm   = 4.51752388533276723e-11
Nfcn  = 76
jerUp_unc	  = 0	 +/-  0.996602	(limited)
jesUp_unc	  = 0	 +/-  0.996602	(limited)
lumi	  = 0	 +/-  0.996602	(limited)
pdf_unc	  = 0	 +/-  0.996602	(limited)
xs_Bkg	  = 0.887217	 +/-  0.514224	(limited)
Zero signal fit
   0) jerUp_unc                      =         0
   1) jesUp_unc                      =         0
   2) lumi                           =         0
   3) pdf_unc                        =         0
   4) xs_Bkg                         =  0.887217

Fitting of the background hypothesis done in 0.295073 s
[#1] INFO:Fitting -- RooAddition::defaultErrorLevel(nll_model_s_data_obs_with_constr) Summation contains a RooNLLVar, using its error level
Minuit2Minimizer: Minimize with max-calls 2500 convergence for edm < 0.01 strategy 1
MnSeedGenerator: for initial parameters FCN = 15.6195
MnSeedGenerator: Initial state:   - FCN =   15.61948241365 Edm =        6.033 NCalls =     21
VariableMetric: start iterating until Edm is < 1e-05
VariableMetric: Initial state   - FCN =   15.61948241365 Edm =        6.033 NCalls =     21
VariableMetric: Iteration #   1 - FCN =   10.00871450103 Edm =     0.295177 NCalls =     33
VariableMetric: Iteration #   2 - FCN =   9.683468555985 Edm =   0.00349314 NCalls =     45
VariableMetric: Iteration #   3 - FCN =   9.679118863559 Edm =  5.54591e-06 NCalls =     57
VariableMetric: After Hessian   - FCN =   9.679118863559 Edm =  5.74116e-06 NCalls =     88
Number of iterations 5
----------> Iteration 0
            FVAL = 15.6194824136 Edm = 6.03300126972 Nfcn = 21
            Error matrix change = 1
            Parameters :  p0 = 0 p1 = 0 p2 = 0 p3 = 0 p4 = 0.887217
----------> Iteration 1
            FVAL = 10.008714501 Edm = 0.295177136978 Nfcn = 33
            Error matrix change = 0.570022
            Parameters :  p0 = -0.556369 p1 = -0.678139 p2 = -0.630498 p3 = -0.790666 p4 = -0.980041
----------> Iteration 2
            FVAL = 9.68346855598 Edm = 0.00349314151461 Nfcn = 45
            Error matrix change = 0.336699
            Parameters :  p0 = -0.236359 p1 = -0.303706 p2 = -0.276283 p3 = -0.37496 p4 = -1.22196
----------> Iteration 3
            FVAL = 9.67911886356 Edm = 5.54591169648e-06 Nfcn = 57
            Error matrix change = 0.184673
            Parameters :  p0 = -0.256103 p1 = -0.316943 p2 = -0.292721 p3 = -0.377074 p4 = -1.2814
----------> Iteration 4
            FVAL = 9.67911886356 Edm = 5.74116126414e-06 Nfcn = 88
            Error matrix change = 0
            Parameters :  p0 = -0.256103 p1 = -0.316943 p2 = -0.292721 p3 = -0.377074 p4 = -1.2814
Minuit2Minimizer : Valid minimum - status = 0
FVAL  = 9.67911886355920714
Edm   = 5.74116126413835126e-06
Nfcn  = 88
jerUp_unc	  = -0.256103	 +/-  0.98525	(limited)
jesUp_unc	  = -0.316943	 +/-  0.978972	(limited)
lumi	  = -0.292721	 +/-  0.981645	(limited)
pdf_unc	  = -0.377074	 +/-  0.971352	(limited)
xs_Bkg	  = -1.2814	 +/-  0.733886	(limited)
Reference signal fit
   0) jerUp_unc                      = -0.256103
   1) jesUp_unc                      = -0.316943
   2) lumi                           = -0.292721
   3) pdf_unc                        = -0.377074
   4) xs_Bkg                         =   -1.2814

Fitting of the signal-plus-background hypothesis done in 0.00228906 s
      Evaluation of p-values done in  6.12309 s
	CLs = 0.0344418 +/- 0.0063199
      Evaluation of p-values done in  5.45647 s
	CLs = 0.0333731 +/- 0.00440892
      Evaluation of p-values done in  5.71648 s
	CLs = 0.0322835 +/- 0.00352499
      Evaluation of p-values done in  5.70685 s
	CLs = 0.0313888 +/- 0.00301563
      Evaluation of p-values done in  5.87224 s
	CLs = 0.02903 +/- 0.00259101
	CLs      = 0.02903 +/- 0.00259101
	CLb      = 0.8474 +/- 0.00508553
	CLsplusb = 0.0246 +/- 0.00219065

Hybrid result saved as HypoTestResult_mh120_r38_2444320867 in higgsCombineTest.HybridNew.mH120.-1427986234.root : higgsCombineTest.HybridNew.mH120.-1427986234.root:/toys

 -- Hybrid New -- 
CLs = 0.02903 +/- 0.00259101
Total toys: 10000
Done in 0.00 min (cpu), 0.49 min (real)
