>>> including systematics
>>> using the Profile Likelihood test statistics modified for upper limits (Q_LHC)
>>> method used to compute upper limit is HybridNew
>>> Using OpenSSL to get a really random seed 
>>> Used OpenSSL to get a really random seed 2142434232
Adding /uscms_data/d2/lpcljm/sapta/SUSYSearch/LimitSetting/CMSSW_7_1_5/src to include path
Adding /cvmfs/cms.cern.ch/slc6_amd64_gcc481/lcg/roofit/5.34.18-cms3//include to include path
Input workspace 'w': 

RooWorkspace(w) w contents

variables
---------
(jerUp_unc,jerUp_unc_In,jesUp_unc,jesUp_unc_In,lumi,lumi_In,n_obs_binbin1,pdf_unc,pdf_unc_In,r,xs_Bkg,xs_Bkg_In)

p.d.f.s
-------
SimpleGaussianConstraint::jerUp_unc_Pdf[ x=jerUp_unc mean=jerUp_unc_In sigma=1 ] = 1
SimpleGaussianConstraint::jesUp_unc_Pdf[ x=jesUp_unc mean=jesUp_unc_In sigma=1 ] = 1
SimpleGaussianConstraint::lumi_Pdf[ x=lumi mean=lumi_In sigma=1 ] = 1
RooProdPdf::modelObs_b[ pdf_binbin1_bonly ] = 0.0284874
RooProdPdf::modelObs_s[ pdf_binbin1 ] = 0.149709
RooProdPdf::model_b[ modelObs_b * nuisancePdf ] = 0.0284874
RooProdPdf::model_s[ modelObs_s * nuisancePdf ] = 0.149709
RooProdPdf::nuisancePdf[ lumi_Pdf * jesUp_unc_Pdf * pdf_unc_Pdf * xs_Bkg_Pdf * jerUp_unc_Pdf ] = 1
RooPoisson::pdf_binbin1[ x=n_obs_binbin1 mean=n_exp_binbin1 ] = 0.149709
RooPoisson::pdf_binbin1_bonly[ x=n_obs_binbin1 mean=n_exp_binbin1_bonly ] = 0.0284874
SimpleGaussianConstraint::pdf_unc_Pdf[ x=pdf_unc mean=pdf_unc_In sigma=1 ] = 1
SimpleGaussianConstraint::xs_Bkg_Pdf[ x=xs_Bkg mean=xs_Bkg_In sigma=1 ] = 1

functions
--------
RooAddition::n_exp_binbin1[ n_exp_binbin1_proc_BH + n_exp_binbin1_proc_Background ] = 1.70106
RooAddition::n_exp_binbin1_bonly[ n_exp_binbin1_proc_Background ] = 0.701064
ProcessNormalization::n_exp_binbin1_proc_BH[ thetaList=(lumi,jesUp_unc,pdf_unc,jerUp_unc) asymmThetaList=() otherFactorList=(r) ] = 1
ProcessNormalization::n_exp_binbin1_proc_Background[ thetaList=(xs_Bkg) asymmThetaList=() otherFactorList=() ] = 0.701064

datasets
--------
RooDataSet::data_obs(n_obs_binbin1)

named sets
----------
ModelConfig_GlobalObservables:(lumi_In,jesUp_unc_In,pdf_unc_In,xs_Bkg_In,jerUp_unc_In)
ModelConfig_NuisParams:(lumi,jesUp_unc,pdf_unc,xs_Bkg,jerUp_unc)
ModelConfig_Observables:(n_obs_binbin1)
ModelConfig_POI:(r)
ModelConfig_bonly_GlobalObservables:(lumi_In,jesUp_unc_In,pdf_unc_In,xs_Bkg_In,jerUp_unc_In)
ModelConfig_bonly_NuisParams:(lumi,jesUp_unc,pdf_unc,xs_Bkg,jerUp_unc)
ModelConfig_bonly_Observables:(n_obs_binbin1)
ModelConfig_bonly_POI:(r)
POI:(r)
globalObservables:(lumi_In,jesUp_unc_In,pdf_unc_In,xs_Bkg_In,jerUp_unc_In)
nuisances:(lumi,jesUp_unc,pdf_unc,xs_Bkg,jerUp_unc)
observables:(n_obs_binbin1)

generic objects
---------------
RooStats::ModelConfig::ModelConfig
RooStats::ModelConfig::ModelConfig_bonly
RooArgSet::discreteParams

Workspace has a ModelConfig for signal called 'ModelConfig', with contents:

=== Using the following for ModelConfig ===
Observables:             RooArgSet:: = (n_obs_binbin1)
Parameters of Interest:  RooArgSet:: = (r)
Nuisance Parameters:     RooArgSet:: = (lumi,jesUp_unc,pdf_unc,xs_Bkg,jerUp_unc)
Global Observables:      RooArgSet:: = (lumi_In,jesUp_unc_In,pdf_unc_In,xs_Bkg_In,jerUp_unc_In)
PDF:                     RooProdPdf::model_s[ modelObs_s * nuisancePdf ] = 0.149709

Input ModelConfig 'ModelConfig': 

=== Using the following for ModelConfig ===
Observables:             RooArgSet:: = (n_obs_binbin1)
Parameters of Interest:  RooArgSet:: = (r)
Nuisance Parameters:     RooArgSet:: = (lumi,jesUp_unc,pdf_unc,xs_Bkg,jerUp_unc)
Global Observables:      RooArgSet:: = (lumi_In,jesUp_unc_In,pdf_unc_In,xs_Bkg_In,jerUp_unc_In)
PDF:                     RooProdPdf::model_s[ modelObs_s * nuisancePdf ] = 0.149709

[#1] INFO:ObjectHandling -- RooWorkspace::import(w) importing RooUniform::prior
Computing limit starting from observation
  1) RooRealVar:: n_obs_binbin1 = 3
Set default minimizer to Minuit2
  r = 3 +/- 0
[#1] INFO:Minization --  Including the following contraint terms in minimization: (nuisancePdf)
[#1] INFO:Fitting -- RooAddition::defaultErrorLevel(nll_model_s_data_obs_with_constr) Summation contains a RooNLLVar, using its error level
Minuit2Minimizer: Minimize with max-calls 2500 convergence for edm < 0.01 strategy 1
MnSeedGenerator: for initial parameters FCN = 8.15298
MnSeedGenerator: Initial state:   - FCN =   8.152984429147 Edm =     0.901397 NCalls =     21
VariableMetric: start iterating until Edm is < 1e-05
VariableMetric: Initial state   - FCN =   8.152984429147 Edm =     0.901397 NCalls =     21
VariableMetric: Iteration #   1 - FCN =   7.310711099773 Edm =  0.000774957 NCalls =     33
VariableMetric: Iteration #   2 - FCN =   7.310076938208 Edm =   3.6323e-10 NCalls =     45
VariableMetric: After Hessian   - FCN =   7.310076938208 Edm =  3.28037e-10 NCalls =     76
Number of iterations 4
----------> Iteration 0
            FVAL = 8.15298442915 Edm = 0.901397342061 Nfcn = 21
            Error matrix change = 1
            Parameters :  p0 = 0 p1 = 0 p2 = 0 p3 = 0 p4 = 0
----------> Iteration 1
            FVAL = 7.31071109977 Edm = 0.000774956976042 Nfcn = 33
            Error matrix change = 0.507871
            Parameters :  p0 = 0 p1 = 0 p2 = 0 p3 = 0 p4 = 1.08424
----------> Iteration 2
            FVAL = 7.31007693821 Edm = 3.6322960442e-10 Nfcn = 45
            Error matrix change = 0.260845
            Parameters :  p0 = 0 p1 = 0 p2 = 0 p3 = 0 p4 = 1.05646
----------> Iteration 3
            FVAL = 7.31007693821 Edm = 3.28037240527e-10 Nfcn = 76
            Error matrix change = 0
            Parameters :  p0 = 0 p1 = 0 p2 = 0 p3 = 0 p4 = 1.05646
Minuit2Minimizer : Valid minimum - status = 0
FVAL  = 7.31007693820813476
Edm   = 3.280372405272459e-10
Nfcn  = 76
jerUp_unc	  = 0	 +/-  0.996602	(limited)
jesUp_unc	  = 0	 +/-  0.996602	(limited)
lumi	  = 0	 +/-  0.996602	(limited)
pdf_unc	  = 0	 +/-  0.996602	(limited)
xs_Bkg	  = 1.05646	 +/-  0.77978	(limited)
Zero signal fit
   0) jerUp_unc                      =         0
   1) jesUp_unc                      =         0
   2) lumi                           =         0
   3) pdf_unc                        =         0
   4) xs_Bkg                         =   1.05646

Fitting of the background hypothesis done in 0.294571 s
[#1] INFO:Fitting -- RooAddition::defaultErrorLevel(nll_model_s_data_obs_with_constr) Summation contains a RooNLLVar, using its error level
Minuit2Minimizer: Minimize with max-calls 2500 convergence for edm < 0.01 strategy 1
MnSeedGenerator: for initial parameters FCN = 6.9068
MnSeedGenerator: Initial state:   - FCN =   6.906803148317 Edm =     0.710887 NCalls =     21
VariableMetric: start iterating until Edm is < 1e-05
VariableMetric: Initial state   - FCN =   6.906803148317 Edm =     0.710887 NCalls =     21
VariableMetric: Iteration #   1 - FCN =   6.158560571073 Edm =   0.00169395 NCalls =     33
VariableMetric: Iteration #   2 - FCN =   6.156729975916 Edm =  3.14114e-06 NCalls =     44
VariableMetric: After Hessian   - FCN =   6.156729975916 Edm =  3.37199e-06 NCalls =     75
Number of iterations 4
----------> Iteration 0
            FVAL = 6.90680314832 Edm = 0.710887436488 Nfcn = 21
            Error matrix change = 1
            Parameters :  p0 = 0 p1 = 0 p2 = 0 p3 = 0 p4 = 1.05646
----------> Iteration 1
            FVAL = 6.15856057107 Edm = 0.00169395150587 Nfcn = 33
            Error matrix change = 0.514662
            Parameters :  p0 = -0.0395922 p1 = -0.0491554 p2 = -0.0453479 p3 = -0.0585662 p4 = -0.0410071
----------> Iteration 2
            FVAL = 6.15672997592 Edm = 3.14114000772e-06 Nfcn = 44
            Error matrix change = 0.270931
            Parameters :  p0 = -0.0205293 p1 = -0.0255873 p2 = -0.0235665 p3 = -0.0306279 p4 = -0.0768965
----------> Iteration 3
            FVAL = 6.15672997592 Edm = 3.3719860303e-06 Nfcn = 75
            Error matrix change = 0
            Parameters :  p0 = -0.0205293 p1 = -0.0255873 p2 = -0.0235665 p3 = -0.0306279 p4 = -0.0768965
Minuit2Minimizer : Valid minimum - status = 0
FVAL  = 6.15672997591571658
Edm   = 3.37198603030134299e-06
Nfcn  = 75
jerUp_unc	  = -0.0205293	 +/-  0.994772	(limited)
jesUp_unc	  = -0.0255873	 +/-  0.993769	(limited)
lumi	  = -0.0235665	 +/-  0.994195	(limited)
pdf_unc	  = -0.0306279	 +/-  0.992559	(limited)
xs_Bkg	  = -0.0768965	 +/-  0.951737	(limited)
Reference signal fit
   0) jerUp_unc                      = -0.0205293
   1) jesUp_unc                      = -0.0255873
   2) lumi                           = -0.0235665
   3) pdf_unc                        = -0.0306279
   4) xs_Bkg                         = -0.0768965

Fitting of the signal-plus-background hypothesis done in 0.00216913 s
      Evaluation of p-values done in  5.44898 s
	CLs = 0.460795 +/- 0.0172728
      Evaluation of p-values done in  5.30227 s
	CLs = 0.443673 +/- 0.012047
      Evaluation of p-values done in  5.29182 s
	CLs = 0.437987 +/- 0.00976184
      Evaluation of p-values done in  5.29664 s
	CLs = 0.436635 +/- 0.00846663
      Evaluation of p-values done in  5.45928 s
	CLs = 0.435357 +/- 0.00756857
	CLs      = 0.435357 +/- 0.00756857
	CLb      = 0.939 +/- 0.00338464
	CLsplusb = 0.4088 +/- 0.00695245

Hybrid result saved as HypoTestResult_mh120_r3_818666259 in higgsCombineTest.HybridNew.mH120.2142434232.root : higgsCombineTest.HybridNew.mH120.2142434232.root:/toys

 -- Hybrid New -- 
CLs = 0.435357 +/- 0.00756857
Total toys: 10000
Done in 0.00 min (cpu), 0.45 min (real)
