>>> including systematics
>>> using the Profile Likelihood test statistics modified for upper limits (Q_LHC)
>>> method used to compute upper limit is HybridNew
>>> Using OpenSSL to get a really random seed 
>>> Used OpenSSL to get a really random seed 1514043391
Adding /uscms_data/d2/lpcljm/sapta/SUSYSearch/LimitSetting/CMSSW_7_1_5/src to include path
Adding /cvmfs/cms.cern.ch/slc6_amd64_gcc481/lcg/roofit/5.34.18-cms3//include to include path
Input workspace 'w': 

RooWorkspace(w) w contents

variables
---------
(jerUp_unc,jerUp_unc_In,jesUp_unc,jesUp_unc_In,lumi,lumi_In,n_obs_binbin1,pdf_unc,pdf_unc_In,r,xs_Bkg,xs_Bkg_In)

p.d.f.s
-------
SimpleGaussianConstraint::jerUp_unc_Pdf[ x=jerUp_unc mean=jerUp_unc_In sigma=1 ] = 1
SimpleGaussianConstraint::jesUp_unc_Pdf[ x=jesUp_unc mean=jesUp_unc_In sigma=1 ] = 1
SimpleGaussianConstraint::lumi_Pdf[ x=lumi mean=lumi_In sigma=1 ] = 1
RooProdPdf::modelObs_b[ pdf_binbin1_bonly ] = 0.0077465
RooProdPdf::modelObs_s[ pdf_binbin1 ] = 0.0105457
RooProdPdf::model_b[ modelObs_b * nuisancePdf ] = 0.0077465
RooProdPdf::model_s[ modelObs_s * nuisancePdf ] = 0.0105457
RooProdPdf::nuisancePdf[ lumi_Pdf * jesUp_unc_Pdf * pdf_unc_Pdf * xs_Bkg_Pdf * jerUp_unc_Pdf ] = 1
RooPoisson::pdf_binbin1[ x=n_obs_binbin1 mean=n_exp_binbin1 ] = 0.0105457
RooPoisson::pdf_binbin1_bonly[ x=n_obs_binbin1 mean=n_exp_binbin1_bonly ] = 0.0077465
SimpleGaussianConstraint::pdf_unc_Pdf[ x=pdf_unc mean=pdf_unc_In sigma=1 ] = 1
SimpleGaussianConstraint::xs_Bkg_Pdf[ x=xs_Bkg mean=xs_Bkg_In sigma=1 ] = 1

functions
--------
RooAddition::n_exp_binbin1[ n_exp_binbin1_proc_BH + n_exp_binbin1_proc_Background ] = 41.7715
RooAddition::n_exp_binbin1_bonly[ n_exp_binbin1_proc_Background ] = 40.7715
ProcessNormalization::n_exp_binbin1_proc_BH[ thetaList=(lumi,jesUp_unc,pdf_unc,jerUp_unc) asymmThetaList=() otherFactorList=(r) ] = 1
ProcessNormalization::n_exp_binbin1_proc_Background[ thetaList=(xs_Bkg) asymmThetaList=() otherFactorList=() ] = 40.7715

datasets
--------
RooDataSet::data_obs(n_obs_binbin1)

named sets
----------
ModelConfig_GlobalObservables:(lumi_In,jesUp_unc_In,pdf_unc_In,xs_Bkg_In,jerUp_unc_In)
ModelConfig_NuisParams:(lumi,jesUp_unc,pdf_unc,xs_Bkg,jerUp_unc)
ModelConfig_Observables:(n_obs_binbin1)
ModelConfig_POI:(r)
ModelConfig_bonly_GlobalObservables:(lumi_In,jesUp_unc_In,pdf_unc_In,xs_Bkg_In,jerUp_unc_In)
ModelConfig_bonly_NuisParams:(lumi,jesUp_unc,pdf_unc,xs_Bkg,jerUp_unc)
ModelConfig_bonly_Observables:(n_obs_binbin1)
ModelConfig_bonly_POI:(r)
POI:(r)
globalObservables:(lumi_In,jesUp_unc_In,pdf_unc_In,xs_Bkg_In,jerUp_unc_In)
nuisances:(lumi,jesUp_unc,pdf_unc,xs_Bkg,jerUp_unc)
observables:(n_obs_binbin1)

generic objects
---------------
RooStats::ModelConfig::ModelConfig
RooStats::ModelConfig::ModelConfig_bonly
RooArgSet::discreteParams

Workspace has a ModelConfig for signal called 'ModelConfig', with contents:

=== Using the following for ModelConfig ===
Observables:             RooArgSet:: = (n_obs_binbin1)
Parameters of Interest:  RooArgSet:: = (r)
Nuisance Parameters:     RooArgSet:: = (lumi,jesUp_unc,pdf_unc,xs_Bkg,jerUp_unc)
Global Observables:      RooArgSet:: = (lumi_In,jesUp_unc_In,pdf_unc_In,xs_Bkg_In,jerUp_unc_In)
PDF:                     RooProdPdf::model_s[ modelObs_s * nuisancePdf ] = 0.0105457

Input ModelConfig 'ModelConfig': 

=== Using the following for ModelConfig ===
Observables:             RooArgSet:: = (n_obs_binbin1)
Parameters of Interest:  RooArgSet:: = (r)
Nuisance Parameters:     RooArgSet:: = (lumi,jesUp_unc,pdf_unc,xs_Bkg,jerUp_unc)
Global Observables:      RooArgSet:: = (lumi_In,jesUp_unc_In,pdf_unc_In,xs_Bkg_In,jerUp_unc_In)
PDF:                     RooProdPdf::model_s[ modelObs_s * nuisancePdf ] = 0.0105457

[#1] INFO:ObjectHandling -- RooWorkspace::import(w) importing RooUniform::prior
Computing limit starting from observation
  1) RooRealVar:: n_obs_binbin1 = 54
Set default minimizer to Minuit2
  r = 40 +/- 0
[#1] INFO:Minization --  Including the following contraint terms in minimization: (nuisancePdf)
[#1] INFO:Fitting -- RooAddition::defaultErrorLevel(nll_model_s_data_obs_with_constr) Summation contains a RooNLLVar, using its error level
Minuit2Minimizer: Minimize with max-calls 2500 convergence for edm < 0.01 strategy 1
MnSeedGenerator: for initial parameters FCN = 9.45521
MnSeedGenerator: Initial state:   - FCN =   9.455206301903 Edm =      1.48622 NCalls =     21
VariableMetric: start iterating until Edm is < 1e-05
VariableMetric: Initial state   - FCN =   9.455206301903 Edm =      1.48622 NCalls =     21
VariableMetric: Iteration #   1 - FCN =   8.042188945985 Edm =   0.00061683 NCalls =     33
VariableMetric: Iteration #   2 - FCN =   8.041649500349 Edm =  4.83463e-11 NCalls =     45
VariableMetric: After Hessian   - FCN =   8.041649500349 Edm =  4.51752e-11 NCalls =     76
Number of iterations 4
----------> Iteration 0
            FVAL = 9.4552063019 Edm = 1.4862230068 Nfcn = 21
            Error matrix change = 1
            Parameters :  p0 = 0 p1 = 0 p2 = 0 p3 = 0 p4 = 0
----------> Iteration 1
            FVAL = 8.04218894598 Edm = 0.000616830266447 Nfcn = 33
            Error matrix change = 0.50253
            Parameters :  p0 = 0 p1 = 0 p2 = 0 p3 = 0 p4 = 0.90411
----------> Iteration 2
            FVAL = 8.04164950035 Edm = 4.8346309467e-11 Nfcn = 45
            Error matrix change = 0.253232
            Parameters :  p0 = 0 p1 = 0 p2 = 0 p3 = 0 p4 = 0.887217
----------> Iteration 3
            FVAL = 8.04164950035 Edm = 4.51752388533e-11 Nfcn = 76
            Error matrix change = 0
            Parameters :  p0 = 0 p1 = 0 p2 = 0 p3 = 0 p4 = 0.887217
Minuit2Minimizer : Valid minimum - status = 0
FVAL  = 8.04164950034898496
Edm   = 4.51752388533276723e-11
Nfcn  = 76
jerUp_unc	  = 0	 +/-  0.996602	(limited)
jesUp_unc	  = 0	 +/-  0.996602	(limited)
lumi	  = 0	 +/-  0.996602	(limited)
pdf_unc	  = 0	 +/-  0.996602	(limited)
xs_Bkg	  = 0.887217	 +/-  0.514224	(limited)
Zero signal fit
   0) jerUp_unc                      =         0
   1) jesUp_unc                      =         0
   2) lumi                           =         0
   3) pdf_unc                        =         0
   4) xs_Bkg                         =  0.887217

Fitting of the background hypothesis done in 0.300589 s
[#1] INFO:Fitting -- RooAddition::defaultErrorLevel(nll_model_s_data_obs_with_constr) Summation contains a RooNLLVar, using its error level
Minuit2Minimizer: Minimize with max-calls 2500 convergence for edm < 0.01 strategy 1
MnSeedGenerator: for initial parameters FCN = 16.409
MnSeedGenerator: Initial state:   - FCN =   16.40901496077 Edm =      6.52237 NCalls =     21
VariableMetric: start iterating until Edm is < 1e-05
VariableMetric: Initial state   - FCN =   16.40901496077 Edm =      6.52237 NCalls =     21
VariableMetric: Iteration #   1 - FCN =   10.39713738417 Edm =     0.277389 NCalls =     33
VariableMetric: Iteration #   2 - FCN =   10.03507403015 Edm =   0.00323892 NCalls =     45
VariableMetric: Iteration #   3 - FCN =   10.03118622107 Edm =  4.17984e-06 NCalls =     57
VariableMetric: After Hessian   - FCN =   10.03118622107 Edm =  4.36165e-06 NCalls =     88
Number of iterations 5
----------> Iteration 0
            FVAL = 16.4090149608 Edm = 6.52236865877 Nfcn = 21
            Error matrix change = 1
            Parameters :  p0 = 0 p1 = 0 p2 = 0 p3 = 0 p4 = 0.887217
----------> Iteration 1
            FVAL = 10.3971373842 Edm = 0.277388817653 Nfcn = 33
            Error matrix change = 0.570475
            Parameters :  p0 = -0.560515 p1 = -0.682192 p2 = -0.634657 p3 = -0.794055 p4 = -0.900322
----------> Iteration 2
            FVAL = 10.0350740301 Edm = 0.00323892458992 Nfcn = 45
            Error matrix change = 0.335409
            Parameters :  p0 = -0.260373 p1 = -0.335461 p2 = -0.30485 p3 = -0.41515 p4 = -1.30394
----------> Iteration 3
            FVAL = 10.0311862211 Edm = 4.17983794999e-06 Nfcn = 57
            Error matrix change = 0.18549
            Parameters :  p0 = -0.28681 p1 = -0.355296 p2 = -0.328004 p3 = -0.423209 p4 = -1.35337
----------> Iteration 4
            FVAL = 10.0311862211 Edm = 4.36164708735e-06 Nfcn = 88
            Error matrix change = 0
            Parameters :  p0 = -0.28681 p1 = -0.355296 p2 = -0.328004 p3 = -0.423209 p4 = -1.35337
Minuit2Minimizer : Valid minimum - status = 0
FVAL  = 10.0311862210721259
Edm   = 4.36164708735372785e-06
Nfcn  = 88
jerUp_unc	  = -0.28681	 +/-  0.984296	(limited)
jesUp_unc	  = -0.355296	 +/-  0.977486	(limited)
lumi	  = -0.328004	 +/-  0.980386	(limited)
pdf_unc	  = -0.423209	 +/-  0.969215	(limited)
xs_Bkg	  = -1.35337	 +/-  0.738178	(limited)
Reference signal fit
   0) jerUp_unc                      =  -0.28681
   1) jesUp_unc                      = -0.355296
   2) lumi                           = -0.328004
   3) pdf_unc                        = -0.423209
   4) xs_Bkg                         =  -1.35337

Fitting of the signal-plus-background hypothesis done in 0.00230813 s
      Evaluation of p-values done in  5.98698 s
	CLs = 0.0188679 +/- 0.00468591
      Evaluation of p-values done in  5.5829 s
	CLs = 0.020202 +/- 0.00344063
      Evaluation of p-values done in  5.82861 s
	CLs = 0.0182975 +/- 0.00268109
      Evaluation of p-values done in  5.81148 s
	CLs = 0.015741 +/- 0.00215053
      Evaluation of p-values done in  5.4596 s
	CLs = 0.0168806 +/- 0.00199179
	CLs      = 0.0168806 +/- 0.00199179
	CLb      = 0.8412 +/- 0.0051688
	CLsplusb = 0.0142 +/- 0.00167322

Hybrid result saved as HypoTestResult_mh120_r40_2388536555 in higgsCombineTest.HybridNew.mH120.1514043391.root : higgsCombineTest.HybridNew.mH120.1514043391.root:/toys

 -- Hybrid New -- 
CLs = 0.0168806 +/- 0.00199179
Total toys: 10000
Done in 0.00 min (cpu), 0.48 min (real)
