>>> including systematics
>>> using the Profile Likelihood test statistics modified for upper limits (Q_LHC)
>>> method used to compute upper limit is HybridNew
>>> Using OpenSSL to get a really random seed 
>>> Used OpenSSL to get a really random seed 576815415
Adding /uscms_data/d2/lpcljm/sapta/SUSYSearch/LimitSetting/CMSSW_7_1_5/src to include path
Adding /cvmfs/cms.cern.ch/slc6_amd64_gcc481/lcg/roofit/5.34.18-cms3//include to include path
Input workspace 'w': 

RooWorkspace(w) w contents

variables
---------
(jerUp_unc,jerUp_unc_In,jesUp_unc,jesUp_unc_In,lumi,lumi_In,n_obs_binbin1,pdf_unc,pdf_unc_In,r,xs_Bkg,xs_Bkg_In)

p.d.f.s
-------
SimpleGaussianConstraint::jerUp_unc_Pdf[ x=jerUp_unc mean=jerUp_unc_In sigma=1 ] = 1
SimpleGaussianConstraint::jesUp_unc_Pdf[ x=jesUp_unc mean=jesUp_unc_In sigma=1 ] = 1
SimpleGaussianConstraint::lumi_Pdf[ x=lumi mean=lumi_In sigma=1 ] = 1
RooProdPdf::modelObs_b[ pdf_binbin1_bonly ] = 0.0077465
RooProdPdf::modelObs_s[ pdf_binbin1 ] = 0.0105457
RooProdPdf::model_b[ modelObs_b * nuisancePdf ] = 0.0077465
RooProdPdf::model_s[ modelObs_s * nuisancePdf ] = 0.0105457
RooProdPdf::nuisancePdf[ lumi_Pdf * jesUp_unc_Pdf * pdf_unc_Pdf * xs_Bkg_Pdf * jerUp_unc_Pdf ] = 1
RooPoisson::pdf_binbin1[ x=n_obs_binbin1 mean=n_exp_binbin1 ] = 0.0105457
RooPoisson::pdf_binbin1_bonly[ x=n_obs_binbin1 mean=n_exp_binbin1_bonly ] = 0.0077465
SimpleGaussianConstraint::pdf_unc_Pdf[ x=pdf_unc mean=pdf_unc_In sigma=1 ] = 1
SimpleGaussianConstraint::xs_Bkg_Pdf[ x=xs_Bkg mean=xs_Bkg_In sigma=1 ] = 1

functions
--------
RooAddition::n_exp_binbin1[ n_exp_binbin1_proc_BH + n_exp_binbin1_proc_Background ] = 41.7715
RooAddition::n_exp_binbin1_bonly[ n_exp_binbin1_proc_Background ] = 40.7715
ProcessNormalization::n_exp_binbin1_proc_BH[ thetaList=(lumi,jesUp_unc,pdf_unc,jerUp_unc) asymmThetaList=() otherFactorList=(r) ] = 1
ProcessNormalization::n_exp_binbin1_proc_Background[ thetaList=(xs_Bkg) asymmThetaList=() otherFactorList=() ] = 40.7715

datasets
--------
RooDataSet::data_obs(n_obs_binbin1)

named sets
----------
ModelConfig_GlobalObservables:(lumi_In,jesUp_unc_In,pdf_unc_In,xs_Bkg_In,jerUp_unc_In)
ModelConfig_NuisParams:(lumi,jesUp_unc,pdf_unc,xs_Bkg,jerUp_unc)
ModelConfig_Observables:(n_obs_binbin1)
ModelConfig_POI:(r)
ModelConfig_bonly_GlobalObservables:(lumi_In,jesUp_unc_In,pdf_unc_In,xs_Bkg_In,jerUp_unc_In)
ModelConfig_bonly_NuisParams:(lumi,jesUp_unc,pdf_unc,xs_Bkg,jerUp_unc)
ModelConfig_bonly_Observables:(n_obs_binbin1)
ModelConfig_bonly_POI:(r)
POI:(r)
globalObservables:(lumi_In,jesUp_unc_In,pdf_unc_In,xs_Bkg_In,jerUp_unc_In)
nuisances:(lumi,jesUp_unc,pdf_unc,xs_Bkg,jerUp_unc)
observables:(n_obs_binbin1)

generic objects
---------------
RooStats::ModelConfig::ModelConfig
RooStats::ModelConfig::ModelConfig_bonly
RooArgSet::discreteParams

Workspace has a ModelConfig for signal called 'ModelConfig', with contents:

=== Using the following for ModelConfig ===
Observables:             RooArgSet:: = (n_obs_binbin1)
Parameters of Interest:  RooArgSet:: = (r)
Nuisance Parameters:     RooArgSet:: = (lumi,jesUp_unc,pdf_unc,xs_Bkg,jerUp_unc)
Global Observables:      RooArgSet:: = (lumi_In,jesUp_unc_In,pdf_unc_In,xs_Bkg_In,jerUp_unc_In)
PDF:                     RooProdPdf::model_s[ modelObs_s * nuisancePdf ] = 0.0105457

Input ModelConfig 'ModelConfig': 

=== Using the following for ModelConfig ===
Observables:             RooArgSet:: = (n_obs_binbin1)
Parameters of Interest:  RooArgSet:: = (r)
Nuisance Parameters:     RooArgSet:: = (lumi,jesUp_unc,pdf_unc,xs_Bkg,jerUp_unc)
Global Observables:      RooArgSet:: = (lumi_In,jesUp_unc_In,pdf_unc_In,xs_Bkg_In,jerUp_unc_In)
PDF:                     RooProdPdf::model_s[ modelObs_s * nuisancePdf ] = 0.0105457

[#1] INFO:ObjectHandling -- RooWorkspace::import(w) importing RooUniform::prior
Computing limit starting from observation
  1) RooRealVar:: n_obs_binbin1 = 54
Set default minimizer to Minuit2
  r = 45 +/- 0
[#1] INFO:Minization --  Including the following contraint terms in minimization: (nuisancePdf)
[#1] INFO:Fitting -- RooAddition::defaultErrorLevel(nll_model_s_data_obs_with_constr) Summation contains a RooNLLVar, using its error level
Minuit2Minimizer: Minimize with max-calls 2500 convergence for edm < 0.01 strategy 1
MnSeedGenerator: for initial parameters FCN = 9.45521
MnSeedGenerator: Initial state:   - FCN =   9.455206301903 Edm =      1.48622 NCalls =     21
VariableMetric: start iterating until Edm is < 1e-05
VariableMetric: Initial state   - FCN =   9.455206301903 Edm =      1.48622 NCalls =     21
VariableMetric: Iteration #   1 - FCN =   8.042188945985 Edm =   0.00061683 NCalls =     33
VariableMetric: Iteration #   2 - FCN =   8.041649500349 Edm =  4.83463e-11 NCalls =     45
VariableMetric: After Hessian   - FCN =   8.041649500349 Edm =  4.51752e-11 NCalls =     76
Number of iterations 4
----------> Iteration 0
            FVAL = 9.4552063019 Edm = 1.4862230068 Nfcn = 21
            Error matrix change = 1
            Parameters :  p0 = 0 p1 = 0 p2 = 0 p3 = 0 p4 = 0
----------> Iteration 1
            FVAL = 8.04218894598 Edm = 0.000616830266447 Nfcn = 33
            Error matrix change = 0.50253
            Parameters :  p0 = 0 p1 = 0 p2 = 0 p3 = 0 p4 = 0.90411
----------> Iteration 2
            FVAL = 8.04164950035 Edm = 4.8346309467e-11 Nfcn = 45
            Error matrix change = 0.253232
            Parameters :  p0 = 0 p1 = 0 p2 = 0 p3 = 0 p4 = 0.887217
----------> Iteration 3
            FVAL = 8.04164950035 Edm = 4.51752388533e-11 Nfcn = 76
            Error matrix change = 0
            Parameters :  p0 = 0 p1 = 0 p2 = 0 p3 = 0 p4 = 0.887217
Minuit2Minimizer : Valid minimum - status = 0
FVAL  = 8.04164950034898496
Edm   = 4.51752388533276723e-11
Nfcn  = 76
jerUp_unc	  = 0	 +/-  0.996602	(limited)
jesUp_unc	  = 0	 +/-  0.996602	(limited)
lumi	  = 0	 +/-  0.996602	(limited)
pdf_unc	  = 0	 +/-  0.996602	(limited)
xs_Bkg	  = 0.887217	 +/-  0.514224	(limited)
Zero signal fit
   0) jerUp_unc                      =         0
   1) jesUp_unc                      =         0
   2) lumi                           =         0
   3) pdf_unc                        =         0
   4) xs_Bkg                         =  0.887217

Fitting of the background hypothesis done in 0.31084 s
[#1] INFO:Fitting -- RooAddition::defaultErrorLevel(nll_model_s_data_obs_with_constr) Summation contains a RooNLLVar, using its error level
Minuit2Minimizer: Minimize with max-calls 2500 convergence for edm < 0.01 strategy 1
MnSeedGenerator: for initial parameters FCN = 18.4965
MnSeedGenerator: Initial state:   - FCN =   18.49648765873 Edm =      7.79998 NCalls =     21
VariableMetric: start iterating until Edm is < 1e-05
VariableMetric: Initial state   - FCN =   18.49648765873 Edm =      7.79998 NCalls =     21
VariableMetric: Iteration #   1 - FCN =   11.45513324499 Edm =     0.335135 NCalls =     33
VariableMetric: Iteration #   2 - FCN =   11.01050020544 Edm =    0.0044597 NCalls =     45
VariableMetric: Iteration #   3 - FCN =   11.00510114336 Edm =  7.10787e-06 NCalls =     57
VariableMetric: Iteration #   4 - FCN =   11.00509372908 Edm =  1.73519e-08 NCalls =     68
VariableMetric: After Hessian   - FCN =   11.00509372908 Edm =  1.88612e-08 NCalls =     99
Number of iterations 6
----------> Iteration 0
            FVAL = 18.4964876587 Edm = 7.79997641482 Nfcn = 21
            Error matrix change = 1
            Parameters :  p0 = 0 p1 = 0 p2 = 0 p3 = 0 p4 = 0.887217
----------> Iteration 1
            FVAL = 11.455133245 Edm = 0.335135052943 Nfcn = 33
            Error matrix change = 0.573505
            Parameters :  p0 = -0.661984 p1 = -0.802587 p2 = -0.747869 p3 = -0.930092 p4 = -0.990483
----------> Iteration 2
            FVAL = 11.0105002054 Edm = 0.00445969996646 Nfcn = 45
            Error matrix change = 0.338098
            Parameters :  p0 = -0.335031 p1 = -0.432153 p2 = -0.392584 p3 = -0.534813 p4 = -1.45807
----------> Iteration 3
            FVAL = 11.0051011434 Edm = 7.1078690397e-06 Nfcn = 57
            Error matrix change = 0.188163
            Parameters :  p0 = -0.368276 p1 = -0.45623 p2 = -0.421155 p3 = -0.543713 p4 = -1.51548
----------> Iteration 4
            FVAL = 11.0050937291 Edm = 1.73518864931e-08 Nfcn = 68
            Error matrix change = 0.108262
            Parameters :  p0 = -0.366044 p1 = -0.455237 p2 = -0.419672 p3 = -0.543537 p4 = -1.51739
----------> Iteration 5
            FVAL = 11.0050937291 Edm = 1.88611791584e-08 Nfcn = 99
            Error matrix change = 0
            Parameters :  p0 = -0.366044 p1 = -0.455237 p2 = -0.419672 p3 = -0.543537 p4 = -1.51739
Minuit2Minimizer : Valid minimum - status = 0
FVAL  = 11.0050937290762754
Edm   = 1.88611791584415694e-08
Nfcn  = 99
jerUp_unc	  = -0.366044	 +/-  0.982009	(limited)
jesUp_unc	  = -0.455237	 +/-  0.973923	(limited)
lumi	  = -0.419672	 +/-  0.977367	(limited)
pdf_unc	  = -0.543537	 +/-  0.964088	(limited)
xs_Bkg	  = -1.51739	 +/-  0.746756	(limited)
Reference signal fit
   0) jerUp_unc                      = -0.366044
   1) jesUp_unc                      = -0.455237
   2) lumi                           = -0.419672
   3) pdf_unc                        = -0.543537
   4) xs_Bkg                         =  -1.51739

Fitting of the signal-plus-background hypothesis done in 0.00242805 s
      Evaluation of p-values done in  5.81078 s
	CLs = 0.00120192 +/- 0.00120144
      Evaluation of p-values done in  5.67496 s
	CLs = 0.00179533 +/- 0.00103591
      Evaluation of p-values done in  5.68363 s
	CLs = 0.00279888 +/- 0.00105689
      Evaluation of p-values done in  5.9102 s
	CLs = 0.00357782 +/- 0.00103158
      Evaluation of p-values done in  5.86856 s
	CLs = 0.00309671 +/- 0.00085797
	CLs      = 0.00309671 +/- 0.00085797
	CLb      = 0.8396 +/- 0.00518983
	CLsplusb = 0.0026 +/- 0.000720172

Hybrid result saved as HypoTestResult_mh120_r45_2869148210 in higgsCombineTest.HybridNew.mH120.576815415.root : higgsCombineTest.HybridNew.mH120.576815415.root:/toys

 -- Hybrid New -- 
CLs = 0.00309671 +/- 0.00085797
Total toys: 10000
Done in 0.00 min (cpu), 0.49 min (real)
