>>> including systematics
>>> using the Profile Likelihood test statistics modified for upper limits (Q_LHC)
>>> method used to compute upper limit is HybridNew
>>> Using OpenSSL to get a really random seed 
>>> Used OpenSSL to get a really random seed -589735775
Adding /uscms_data/d2/lpcljm/sapta/SUSYSearch/LimitSetting/CMSSW_7_1_5/src to include path
Adding /cvmfs/cms.cern.ch/slc6_amd64_gcc481/lcg/roofit/5.34.18-cms3//include to include path
Input workspace 'w': 

RooWorkspace(w) w contents

variables
---------
(jerUp_unc,jerUp_unc_In,jesUp_unc,jesUp_unc_In,lumi,lumi_In,n_obs_binbin1,pdf_unc,pdf_unc_In,r,xs_Bkg,xs_Bkg_In)

p.d.f.s
-------
SimpleGaussianConstraint::jerUp_unc_Pdf[ x=jerUp_unc mean=jerUp_unc_In sigma=1 ] = 1
SimpleGaussianConstraint::jesUp_unc_Pdf[ x=jesUp_unc mean=jesUp_unc_In sigma=1 ] = 1
SimpleGaussianConstraint::lumi_Pdf[ x=lumi mean=lumi_In sigma=1 ] = 1
RooProdPdf::modelObs_b[ pdf_binbin1_bonly ] = 0.0155458
RooProdPdf::modelObs_s[ pdf_binbin1 ] = 0.0174938
RooProdPdf::model_b[ modelObs_b * nuisancePdf ] = 0.0155458
RooProdPdf::model_s[ modelObs_s * nuisancePdf ] = 0.0174938
RooProdPdf::nuisancePdf[ lumi_Pdf * jesUp_unc_Pdf * pdf_unc_Pdf * xs_Bkg_Pdf * jerUp_unc_Pdf ] = 1
RooPoisson::pdf_binbin1[ x=n_obs_binbin1 mean=n_exp_binbin1 ] = 0.0174938
RooPoisson::pdf_binbin1_bonly[ x=n_obs_binbin1 mean=n_exp_binbin1_bonly ] = 0.0155458
SimpleGaussianConstraint::pdf_unc_Pdf[ x=pdf_unc mean=pdf_unc_In sigma=1 ] = 1
SimpleGaussianConstraint::xs_Bkg_Pdf[ x=xs_Bkg mean=xs_Bkg_In sigma=1 ] = 1

functions
--------
RooAddition::n_exp_binbin1[ n_exp_binbin1_proc_BH + n_exp_binbin1_proc_Background ] = 114.091
RooAddition::n_exp_binbin1_bonly[ n_exp_binbin1_proc_Background ] = 113.091
ProcessNormalization::n_exp_binbin1_proc_BH[ thetaList=(lumi,jesUp_unc,pdf_unc,jerUp_unc) asymmThetaList=() otherFactorList=(r) ] = 1
ProcessNormalization::n_exp_binbin1_proc_Background[ thetaList=(xs_Bkg) asymmThetaList=() otherFactorList=() ] = 113.091

datasets
--------
RooDataSet::data_obs(n_obs_binbin1)

named sets
----------
ModelConfig_GlobalObservables:(lumi_In,jesUp_unc_In,pdf_unc_In,xs_Bkg_In,jerUp_unc_In)
ModelConfig_NuisParams:(lumi,jesUp_unc,pdf_unc,xs_Bkg,jerUp_unc)
ModelConfig_Observables:(n_obs_binbin1)
ModelConfig_POI:(r)
ModelConfig_bonly_GlobalObservables:(lumi_In,jesUp_unc_In,pdf_unc_In,xs_Bkg_In,jerUp_unc_In)
ModelConfig_bonly_NuisParams:(lumi,jesUp_unc,pdf_unc,xs_Bkg,jerUp_unc)
ModelConfig_bonly_Observables:(n_obs_binbin1)
ModelConfig_bonly_POI:(r)
POI:(r)
globalObservables:(lumi_In,jesUp_unc_In,pdf_unc_In,xs_Bkg_In,jerUp_unc_In)
nuisances:(lumi,jesUp_unc,pdf_unc,xs_Bkg,jerUp_unc)
observables:(n_obs_binbin1)

generic objects
---------------
RooStats::ModelConfig::ModelConfig
RooStats::ModelConfig::ModelConfig_bonly
RooArgSet::discreteParams

Workspace has a ModelConfig for signal called 'ModelConfig', with contents:

=== Using the following for ModelConfig ===
Observables:             RooArgSet:: = (n_obs_binbin1)
Parameters of Interest:  RooArgSet:: = (r)
Nuisance Parameters:     RooArgSet:: = (lumi,jesUp_unc,pdf_unc,xs_Bkg,jerUp_unc)
Global Observables:      RooArgSet:: = (lumi_In,jesUp_unc_In,pdf_unc_In,xs_Bkg_In,jerUp_unc_In)
PDF:                     RooProdPdf::model_s[ modelObs_s * nuisancePdf ] = 0.0174938

Input ModelConfig 'ModelConfig': 

=== Using the following for ModelConfig ===
Observables:             RooArgSet:: = (n_obs_binbin1)
Parameters of Interest:  RooArgSet:: = (r)
Nuisance Parameters:     RooArgSet:: = (lumi,jesUp_unc,pdf_unc,xs_Bkg,jerUp_unc)
Global Observables:      RooArgSet:: = (lumi_In,jesUp_unc_In,pdf_unc_In,xs_Bkg_In,jerUp_unc_In)
PDF:                     RooProdPdf::model_s[ modelObs_s * nuisancePdf ] = 0.0174938

[#1] INFO:ObjectHandling -- RooWorkspace::import(w) importing RooUniform::prior
Computing limit starting from observation
  1) RooRealVar:: n_obs_binbin1 = 127
Set default minimizer to Minuit2
  r = 50 +/- 0
[#1] INFO:Minization --  Including the following contraint terms in minimization: (nuisancePdf)
[#1] INFO:Fitting -- RooAddition::defaultErrorLevel(nll_model_s_data_obs_with_constr) Summation contains a RooNLLVar, using its error level
Minuit2Minimizer: Minimize with max-calls 2500 convergence for edm < 0.01 strategy 1
MnSeedGenerator: for initial parameters FCN = 8.75865
MnSeedGenerator: Initial state:   - FCN =   8.758654735722 Edm =     0.623634 NCalls =     21
VariableMetric: start iterating until Edm is < 1e-05
VariableMetric: Initial state   - FCN =   8.758654735722 Edm =     0.623634 NCalls =     21
VariableMetric: Iteration #   1 - FCN =   8.148875161531 Edm =  0.000652704 NCalls =     32
VariableMetric: Iteration #   2 - FCN =   8.148259992538 Edm =  4.52956e-07 NCalls =     43
VariableMetric: After Hessian   - FCN =   8.148259992538 Edm =  4.41494e-07 NCalls =     74
Number of iterations 4
----------> Iteration 0
            FVAL = 8.75865473572 Edm = 0.623633912623 Nfcn = 21
            Error matrix change = 1
            Parameters :  p0 = 0 p1 = 0 p2 = 0 p3 = 0 p4 = 0
----------> Iteration 1
            FVAL = 8.14887516153 Edm = 0.000652703569525 Nfcn = 32
            Error matrix change = 0.500996
            Parameters :  p0 = 0 p1 = 0 p2 = 0 p3 = 0 p4 = 0.580595
----------> Iteration 2
            FVAL = 8.14825999254 Edm = 4.52956409317e-07 Nfcn = 43
            Error matrix change = 0.251302
            Parameters :  p0 = 0 p1 = 0 p2 = 0 p3 = 0 p4 = 0.56244
----------> Iteration 3
            FVAL = 8.14825999254 Edm = 4.41494164106e-07 Nfcn = 74
            Error matrix change = 0
            Parameters :  p0 = 0 p1 = 0 p2 = 0 p3 = 0 p4 = 0.56244
Minuit2Minimizer : Valid minimum - status = 0
FVAL  = 8.1482599925381578
Edm   = 4.41494164106417655e-07
Nfcn  = 74
jerUp_unc	  = 0	 +/-  0.996602	(limited)
jesUp_unc	  = 0	 +/-  0.996602	(limited)
lumi	  = 0	 +/-  0.996602	(limited)
pdf_unc	  = 0	 +/-  0.996602	(limited)
xs_Bkg	  = 0.56244	 +/-  0.503636	(limited)
Zero signal fit
   0) jerUp_unc                      =         0
   1) jesUp_unc                      =         0
   2) lumi                           =         0
   3) pdf_unc                        =         0
   4) xs_Bkg                         =   0.56244

Fitting of the background hypothesis done in 0.296754 s
[#1] INFO:Fitting -- RooAddition::defaultErrorLevel(nll_model_s_data_obs_with_constr) Summation contains a RooNLLVar, using its error level
Minuit2Minimizer: Minimize with max-calls 2500 convergence for edm < 0.01 strategy 1
MnSeedGenerator: for initial parameters FCN = 14.9295
MnSeedGenerator: Initial state:   - FCN =   14.92951085214 Edm =      5.69722 NCalls =     21
VariableMetric: start iterating until Edm is < 1e-05
VariableMetric: Initial state   - FCN =   14.92951085214 Edm =      5.69722 NCalls =     21
VariableMetric: Iteration #   1 - FCN =   9.846396352385 Edm =     0.239121 NCalls =     33
VariableMetric: Iteration #   2 - FCN =   9.544999212718 Edm =   0.00117964 NCalls =     45
VariableMetric: Iteration #   3 - FCN =    9.54365852266 Edm =  7.56606e-07 NCalls =     57
VariableMetric: After Hessian   - FCN =    9.54365852266 Edm =  7.86701e-07 NCalls =     88
Number of iterations 5
----------> Iteration 0
            FVAL = 14.9295108521 Edm = 5.69722460006 Nfcn = 21
            Error matrix change = 1
            Parameters :  p0 = 0 p1 = 0 p2 = 0 p3 = 0 p4 = 0.56244
----------> Iteration 1
            FVAL = 9.84639635239 Edm = 0.23912088976 Nfcn = 33
            Error matrix change = 0.569182
            Parameters :  p0 = -0.453512 p1 = -0.553216 p2 = -0.514178 p3 = -0.645607 p4 = -0.998795
----------> Iteration 2
            FVAL = 9.54499921272 Edm = 0.00117964476051 Nfcn = 45
            Error matrix change = 0.342161
            Parameters :  p0 = -0.161028 p1 = -0.209642 p2 = -0.189695 p3 = -0.262385 p4 = -1.30104
----------> Iteration 3
            FVAL = 9.54365852266 Edm = 7.56605571062e-07 Nfcn = 57
            Error matrix change = 0.180002
            Parameters :  p0 = -0.176609 p1 = -0.218921 p2 = -0.202048 p3 = -0.260986 p4 = -1.32769
----------> Iteration 4
            FVAL = 9.54365852266 Edm = 7.86700794654e-07 Nfcn = 88
            Error matrix change = 0
            Parameters :  p0 = -0.176609 p1 = -0.218921 p2 = -0.202048 p3 = -0.260986 p4 = -1.32769
Minuit2Minimizer : Valid minimum - status = 0
FVAL  = 9.54365852265954118
Edm   = 7.86700794653659711e-07
Nfcn  = 88
jerUp_unc	  = -0.176609	 +/-  0.988591	(limited)
jesUp_unc	  = -0.218921	 +/-  0.984175	(limited)
lumi	  = -0.202048	 +/-  0.986054	(limited)
pdf_unc	  = -0.260986	 +/-  0.978827	(limited)
xs_Bkg	  = -1.32769	 +/-  0.650132	(limited)
Reference signal fit
   0) jerUp_unc                      = -0.176609
   1) jesUp_unc                      = -0.218921
   2) lumi                           = -0.202048
   3) pdf_unc                        = -0.260986
   4) xs_Bkg                         =  -1.32769

Fitting of the signal-plus-background hypothesis done in 0.00235295 s
      Evaluation of p-values done in  5.70229 s
	CLs = 0.0407895 +/- 0.0072479
      Evaluation of p-values done in  5.76813 s
	CLs = 0.0403974 +/- 0.00511879
      Evaluation of p-values done in  5.70217 s
	CLs = 0.0416667 +/- 0.00425222
      Evaluation of p-values done in  5.87437 s
	CLs = 0.0430036 +/- 0.00372996
      Evaluation of p-values done in  5.46711 s
	CLs = 0.0445978 +/- 0.00340169
	CLs      = 0.0445978 +/- 0.00340169
	CLb      = 0.7534 +/- 0.00609571
	CLsplusb = 0.0336 +/- 0.00254837

Hybrid result saved as HypoTestResult_mh120_r50_2610903937 in higgsCombineTest.HybridNew.mH120.-589735775.root : higgsCombineTest.HybridNew.mH120.-589735775.root:/toys

 -- Hybrid New -- 
CLs = 0.0445978 +/- 0.00340169
Total toys: 10000
Done in 0.00 min (cpu), 0.48 min (real)
