>>> including systematics
>>> using the Profile Likelihood test statistics modified for upper limits (Q_LHC)
>>> method used to compute upper limit is HybridNew
>>> Using OpenSSL to get a really random seed 
>>> Used OpenSSL to get a really random seed -1681246114
Adding /uscms_data/d2/lpcljm/sapta/SUSYSearch/LimitSetting/CMSSW_7_1_5/src to include path
Adding /cvmfs/cms.cern.ch/slc6_amd64_gcc481/lcg/roofit/5.34.18-cms3//include to include path
Input workspace 'w': 

RooWorkspace(w) w contents

variables
---------
(jerUp_unc,jerUp_unc_In,jesUp_unc,jesUp_unc_In,lumi,lumi_In,n_obs_binbin1,pdf_unc,pdf_unc_In,r,xs_Bkg,xs_Bkg_In)

p.d.f.s
-------
SimpleGaussianConstraint::jerUp_unc_Pdf[ x=jerUp_unc mean=jerUp_unc_In sigma=1 ] = 1
SimpleGaussianConstraint::jesUp_unc_Pdf[ x=jesUp_unc mean=jesUp_unc_In sigma=1 ] = 1
SimpleGaussianConstraint::lumi_Pdf[ x=lumi mean=lumi_In sigma=1 ] = 1
RooProdPdf::modelObs_b[ pdf_binbin1_bonly ] = 0.912982
RooProdPdf::modelObs_s[ pdf_binbin1 ] = 0.335867
RooProdPdf::model_b[ modelObs_b * nuisancePdf ] = 0.912982
RooProdPdf::model_s[ modelObs_s * nuisancePdf ] = 0.335867
RooProdPdf::nuisancePdf[ lumi_Pdf * jesUp_unc_Pdf * pdf_unc_Pdf * xs_Bkg_Pdf * jerUp_unc_Pdf ] = 1
RooPoisson::pdf_binbin1[ x=n_obs_binbin1 mean=n_exp_binbin1 ] = 0.335867
RooPoisson::pdf_binbin1_bonly[ x=n_obs_binbin1 mean=n_exp_binbin1_bonly ] = 0.912982
SimpleGaussianConstraint::pdf_unc_Pdf[ x=pdf_unc mean=pdf_unc_In sigma=1 ] = 1
SimpleGaussianConstraint::xs_Bkg_Pdf[ x=xs_Bkg mean=xs_Bkg_In sigma=1 ] = 1

functions
--------
RooAddition::n_exp_binbin1[ n_exp_binbin1_proc_BH + n_exp_binbin1_proc_Background ] = 1.09104
RooAddition::n_exp_binbin1_bonly[ n_exp_binbin1_proc_Background ] = 0.091039
ProcessNormalization::n_exp_binbin1_proc_BH[ thetaList=(lumi,jesUp_unc,pdf_unc,jerUp_unc) asymmThetaList=() otherFactorList=(r) ] = 1
ProcessNormalization::n_exp_binbin1_proc_Background[ thetaList=(xs_Bkg) asymmThetaList=() otherFactorList=() ] = 0.091039

datasets
--------
RooDataSet::data_obs(n_obs_binbin1)

named sets
----------
ModelConfig_GlobalObservables:(lumi_In,jesUp_unc_In,pdf_unc_In,xs_Bkg_In,jerUp_unc_In)
ModelConfig_NuisParams:(lumi,jesUp_unc,pdf_unc,xs_Bkg,jerUp_unc)
ModelConfig_Observables:(n_obs_binbin1)
ModelConfig_POI:(r)
ModelConfig_bonly_GlobalObservables:(lumi_In,jesUp_unc_In,pdf_unc_In,xs_Bkg_In,jerUp_unc_In)
ModelConfig_bonly_NuisParams:(lumi,jesUp_unc,pdf_unc,xs_Bkg,jerUp_unc)
ModelConfig_bonly_Observables:(n_obs_binbin1)
ModelConfig_bonly_POI:(r)
POI:(r)
globalObservables:(lumi_In,jesUp_unc_In,pdf_unc_In,xs_Bkg_In,jerUp_unc_In)
nuisances:(lumi,jesUp_unc,pdf_unc,xs_Bkg,jerUp_unc)
observables:(n_obs_binbin1)

generic objects
---------------
RooStats::ModelConfig::ModelConfig
RooStats::ModelConfig::ModelConfig_bonly
RooArgSet::discreteParams

Workspace has a ModelConfig for signal called 'ModelConfig', with contents:

=== Using the following for ModelConfig ===
Observables:             RooArgSet:: = (n_obs_binbin1)
Parameters of Interest:  RooArgSet:: = (r)
Nuisance Parameters:     RooArgSet:: = (lumi,jesUp_unc,pdf_unc,xs_Bkg,jerUp_unc)
Global Observables:      RooArgSet:: = (lumi_In,jesUp_unc_In,pdf_unc_In,xs_Bkg_In,jerUp_unc_In)
PDF:                     RooProdPdf::model_s[ modelObs_s * nuisancePdf ] = 0.335867

Input ModelConfig 'ModelConfig': 

=== Using the following for ModelConfig ===
Observables:             RooArgSet:: = (n_obs_binbin1)
Parameters of Interest:  RooArgSet:: = (r)
Nuisance Parameters:     RooArgSet:: = (lumi,jesUp_unc,pdf_unc,xs_Bkg,jerUp_unc)
Global Observables:      RooArgSet:: = (lumi_In,jesUp_unc_In,pdf_unc_In,xs_Bkg_In,jerUp_unc_In)
PDF:                     RooProdPdf::model_s[ modelObs_s * nuisancePdf ] = 0.335867

[#1] INFO:ObjectHandling -- RooWorkspace::import(w) importing RooUniform::prior
Computing limit starting from observation
  1) RooRealVar:: n_obs_binbin1 = 0
Set default minimizer to Minuit2
  r = 5.5 +/- 0
[#1] INFO:Minization --  Including the following contraint terms in minimization: (nuisancePdf)
[#1] INFO:Fitting -- RooAddition::defaultErrorLevel(nll_model_s_data_obs_with_constr) Summation contains a RooNLLVar, using its error level
Minuit2Minimizer: Minimize with max-calls 2500 convergence for edm < 0.01 strategy 1
MnSeedGenerator: for initial parameters FCN = 4.68573
MnSeedGenerator: Initial state:   - FCN =   4.685731666011 Edm =   0.00251771 NCalls =     21
VariableMetric: start iterating until Edm is < 1e-05
VariableMetric: Initial state   - FCN =   4.685731666011 Edm =   0.00251771 NCalls =     21
VariableMetric: Iteration #   1 - FCN =   4.683211421172 Edm =  5.80075e-09 NCalls =     32
VariableMetric: After Hessian   - FCN =   4.683211421172 Edm =  5.81671e-09 NCalls =     63
Number of iterations 3
----------> Iteration 0
            FVAL = 4.68573166601 Edm = 0.00251771386422 Nfcn = 21
            Error matrix change = 1
            Parameters :  p0 = 0 p1 = 0 p2 = 0 p3 = 0 p4 = 0
----------> Iteration 1
            FVAL = 4.68321142117 Edm = 5.80074779916e-09 Nfcn = 32
            Error matrix change = 0.500145
            Parameters :  p0 = 0 p1 = 0 p2 = 0 p3 = 0 p4 = -0.0689693
----------> Iteration 2
            FVAL = 4.68321142117 Edm = 5.81670985724e-09 Nfcn = 63
            Error matrix change = 0
            Parameters :  p0 = 0 p1 = 0 p2 = 0 p3 = 0 p4 = -0.0689693
Minuit2Minimizer : Valid minimum - status = 0
FVAL  = 4.68321142117247469
Edm   = 5.81670985724263403e-09
Nfcn  = 63
jerUp_unc	  = 0	 +/-  0.996602	(limited)
jesUp_unc	  = 0	 +/-  0.996602	(limited)
lumi	  = 0	 +/-  0.996602	(limited)
pdf_unc	  = 0	 +/-  0.996602	(limited)
xs_Bkg	  = -0.0689693	 +/-  0.970266	(limited)
Zero signal fit
   0) jerUp_unc                      =         0
   1) jesUp_unc                      =         0
   2) lumi                           =         0
   3) pdf_unc                        =         0
   4) xs_Bkg                         = -0.0689693

Fitting of the background hypothesis done in 0.295242 s
[#1] INFO:Fitting -- RooAddition::defaultErrorLevel(nll_model_s_data_obs_with_constr) Summation contains a RooNLLVar, using its error level
Minuit2Minimizer: Minimize with max-calls 2500 convergence for edm < 0.01 strategy 1
MnSeedGenerator: for initial parameters FCN = 10.1832
MnSeedGenerator: Initial state:   - FCN =   10.18321142117 Edm =     0.139278 NCalls =     21
VariableMetric: start iterating until Edm is < 1e-05
VariableMetric: Initial state   - FCN =   10.18321142117 Edm =     0.139278 NCalls =     21
VariableMetric: Iteration #   1 - FCN =   10.04895765308 Edm =  0.000176444 NCalls =     32
VariableMetric: Iteration #   2 - FCN =   10.04878688361 Edm =  1.23333e-09 NCalls =     43
VariableMetric: After Hessian   - FCN =   10.04878688361 Edm =  1.24156e-09 NCalls =     76
Number of iterations 4
----------> Iteration 0
            FVAL = 10.1832114212 Edm = 0.139277830643 Nfcn = 21
            Error matrix change = 1
            Parameters :  p0 = 0 p1 = 0 p2 = 0 p3 = 0 p4 = -0.0689693
----------> Iteration 1
            FVAL = 10.0489576531 Edm = 0.000176443797191 Nfcn = 32
            Error matrix change = 0.508646
            Parameters :  p0 = -0.213871 p1 = -0.264815 p2 = -0.244582 p3 = -0.314498 p4 = -0.0690743
----------> Iteration 2
            FVAL = 10.0487868836 Edm = 1.23332811153e-09 Nfcn = 43
            Error matrix change = 0.254996
            Parameters :  p0 = -0.205446 p1 = -0.255567 p2 = -0.235578 p3 = -0.305189 p4 = -0.0690743
----------> Iteration 3
            FVAL = 10.0487868836 Edm = 1.24156235754e-09 Nfcn = 76
            Error matrix change = 0
            Parameters :  p0 = -0.205446 p1 = -0.255567 p2 = -0.235578 p3 = -0.305189 p4 = -0.0690743
Minuit2Minimizer : Valid minimum - status = 0
FVAL  = 10.0487868836065832
Edm   = 1.2415623575400372e-09
Nfcn  = 76
jerUp_unc	  = -0.205446	 +/-  0.99279	(limited)
jesUp_unc	  = -0.255567	 +/-  0.990697	(limited)
lumi	  = -0.235578	 +/-  0.991587	(limited)
pdf_unc	  = -0.305189	 +/-  0.988169	(limited)
xs_Bkg	  = -0.0690743	 +/-  0.970269	(limited)
Reference signal fit
   0) jerUp_unc                      = -0.205446
   1) jesUp_unc                      = -0.255567
   2) lumi                           = -0.235578
   3) pdf_unc                        = -0.305189
   4) xs_Bkg                         = -0.0690743

Fitting of the signal-plus-background hypothesis done in 0.00220799 s
      Evaluation of p-values done in  5.43927 s
	CLs = 0.00222222 +/- 0.00222247
      Evaluation of p-values done in  5.20191 s
	CLs = 0.00434783 +/- 0.00217429
      Evaluation of p-values done in  5.03111 s
	CLs = 0.00589102 +/- 0.00208337
      Evaluation of p-values done in  5.11372 s
	CLs = 0.00441989 +/- 0.00156299
      Evaluation of p-values done in  5.23201 s
	CLs = 0.00356506 +/- 0.00126067
	CLs      = 0.00356506 +/- 0.00126067
	CLb      = 0.4488 +/- 0.0070339
	CLsplusb = 0.0016 +/- 0.000565233

Hybrid result saved as HypoTestResult_mh120_r5.5_3908042013 in higgsCombineTest.HybridNew.mH120.-1681246114.root : higgsCombineTest.HybridNew.mH120.-1681246114.root:/toys

 -- Hybrid New -- 
CLs = 0.00356506 +/- 0.00126067
Total toys: 10000
Done in 0.00 min (cpu), 0.44 min (real)
