>>> including systematics
>>> using the Profile Likelihood test statistics modified for upper limits (Q_LHC)
>>> method used to compute upper limit is HybridNew
>>> Using OpenSSL to get a really random seed 
>>> Used OpenSSL to get a really random seed 1837499813
Adding /uscms_data/d2/lpcljm/sapta/SUSYSearch/LimitSetting/CMSSW_7_1_5/src to include path
Adding /cvmfs/cms.cern.ch/slc6_amd64_gcc481/lcg/roofit/5.34.18-cms3//include to include path
Input workspace 'w': 

RooWorkspace(w) w contents

variables
---------
(jerUp_unc,jerUp_unc_In,jesUp_unc,jesUp_unc_In,lumi,lumi_In,n_obs_binbin1,pdf_unc,pdf_unc_In,r,xs_Bkg,xs_Bkg_In)

p.d.f.s
-------
SimpleGaussianConstraint::jerUp_unc_Pdf[ x=jerUp_unc mean=jerUp_unc_In sigma=1 ] = 1
SimpleGaussianConstraint::jesUp_unc_Pdf[ x=jesUp_unc mean=jesUp_unc_In sigma=1 ] = 1
SimpleGaussianConstraint::lumi_Pdf[ x=lumi mean=lumi_In sigma=1 ] = 1
RooProdPdf::modelObs_b[ pdf_binbin1_bonly ] = 0.174066
RooProdPdf::modelObs_s[ pdf_binbin1 ] = 0.167308
RooProdPdf::model_b[ modelObs_b * nuisancePdf ] = 0.174066
RooProdPdf::model_s[ modelObs_s * nuisancePdf ] = 0.167308
RooProdPdf::nuisancePdf[ lumi_Pdf * jesUp_unc_Pdf * pdf_unc_Pdf * xs_Bkg_Pdf * jerUp_unc_Pdf ] = 1
RooPoisson::pdf_binbin1[ x=n_obs_binbin1 mean=n_exp_binbin1 ] = 0.167308
RooPoisson::pdf_binbin1_bonly[ x=n_obs_binbin1 mean=n_exp_binbin1_bonly ] = 0.174066
SimpleGaussianConstraint::pdf_unc_Pdf[ x=pdf_unc mean=pdf_unc_In sigma=1 ] = 1
SimpleGaussianConstraint::xs_Bkg_Pdf[ x=xs_Bkg mean=xs_Bkg_In sigma=1 ] = 1

functions
--------
RooAddition::n_exp_binbin1[ n_exp_binbin1_proc_BH + n_exp_binbin1_proc_Background ] = 5.72216
RooAddition::n_exp_binbin1_bonly[ n_exp_binbin1_proc_Background ] = 4.72216
ProcessNormalization::n_exp_binbin1_proc_BH[ thetaList=(lumi,jesUp_unc,pdf_unc,jerUp_unc) asymmThetaList=() otherFactorList=(r) ] = 1
ProcessNormalization::n_exp_binbin1_proc_Background[ thetaList=(xs_Bkg) asymmThetaList=() otherFactorList=() ] = 4.72216

datasets
--------
RooDataSet::data_obs(n_obs_binbin1)

named sets
----------
ModelConfig_GlobalObservables:(lumi_In,jesUp_unc_In,pdf_unc_In,xs_Bkg_In,jerUp_unc_In)
ModelConfig_NuisParams:(lumi,jesUp_unc,pdf_unc,xs_Bkg,jerUp_unc)
ModelConfig_Observables:(n_obs_binbin1)
ModelConfig_POI:(r)
ModelConfig_bonly_GlobalObservables:(lumi_In,jesUp_unc_In,pdf_unc_In,xs_Bkg_In,jerUp_unc_In)
ModelConfig_bonly_NuisParams:(lumi,jesUp_unc,pdf_unc,xs_Bkg,jerUp_unc)
ModelConfig_bonly_Observables:(n_obs_binbin1)
ModelConfig_bonly_POI:(r)
POI:(r)
globalObservables:(lumi_In,jesUp_unc_In,pdf_unc_In,xs_Bkg_In,jerUp_unc_In)
nuisances:(lumi,jesUp_unc,pdf_unc,xs_Bkg,jerUp_unc)
observables:(n_obs_binbin1)

generic objects
---------------
RooStats::ModelConfig::ModelConfig
RooStats::ModelConfig::ModelConfig_bonly
RooArgSet::discreteParams

Workspace has a ModelConfig for signal called 'ModelConfig', with contents:

=== Using the following for ModelConfig ===
Observables:             RooArgSet:: = (n_obs_binbin1)
Parameters of Interest:  RooArgSet:: = (r)
Nuisance Parameters:     RooArgSet:: = (lumi,jesUp_unc,pdf_unc,xs_Bkg,jerUp_unc)
Global Observables:      RooArgSet:: = (lumi_In,jesUp_unc_In,pdf_unc_In,xs_Bkg_In,jerUp_unc_In)
PDF:                     RooProdPdf::model_s[ modelObs_s * nuisancePdf ] = 0.167308

Input ModelConfig 'ModelConfig': 

=== Using the following for ModelConfig ===
Observables:             RooArgSet:: = (n_obs_binbin1)
Parameters of Interest:  RooArgSet:: = (r)
Nuisance Parameters:     RooArgSet:: = (lumi,jesUp_unc,pdf_unc,xs_Bkg,jerUp_unc)
Global Observables:      RooArgSet:: = (lumi_In,jesUp_unc_In,pdf_unc_In,xs_Bkg_In,jerUp_unc_In)
PDF:                     RooProdPdf::model_s[ modelObs_s * nuisancePdf ] = 0.167308

[#1] INFO:ObjectHandling -- RooWorkspace::import(w) importing RooUniform::prior
Computing limit starting from observation
  1) RooRealVar:: n_obs_binbin1 = 5
Set default minimizer to Minuit2
  r = 6 +/- 0
[#1] INFO:Minization --  Including the following contraint terms in minimization: (nuisancePdf)
[#1] INFO:Fitting -- RooAddition::defaultErrorLevel(nll_model_s_data_obs_with_constr) Summation contains a RooNLLVar, using its error level
Minuit2Minimizer: Minimize with max-calls 2500 convergence for edm < 0.01 strategy 1
MnSeedGenerator: for initial parameters FCN = 6.34301
MnSeedGenerator: Initial state:   - FCN =   6.343012798609 Edm =   0.00409204 NCalls =     21
VariableMetric: start iterating until Edm is < 1e-05
VariableMetric: Initial state   - FCN =   6.343012798609 Edm =   0.00409204 NCalls =     21
VariableMetric: Iteration #   1 - FCN =   6.338941015129 Edm =  2.26016e-07 NCalls =     32
VariableMetric: After Hessian   - FCN =   6.338941015129 Edm =  2.22645e-07 NCalls =     63
Number of iterations 3
----------> Iteration 0
            FVAL = 6.34301279861 Edm = 0.0040920383496 Nfcn = 21
            Error matrix change = 1
            Parameters :  p0 = 0 p1 = 0 p2 = 0 p3 = 0 p4 = 0
----------> Iteration 1
            FVAL = 6.33894101513 Edm = 2.26016460241e-07 Nfcn = 32
            Error matrix change = 0.50041
            Parameters :  p0 = 0 p1 = 0 p2 = 0 p3 = 0 p4 = 0.0639275
----------> Iteration 2
            FVAL = 6.33894101513 Edm = 2.22645460822e-07 Nfcn = 63
            Error matrix change = 0
            Parameters :  p0 = 0 p1 = 0 p2 = 0 p3 = 0 p4 = 0.0639275
Minuit2Minimizer : Valid minimum - status = 0
FVAL  = 6.33894101512934682
Edm   = 2.22645460822236899e-07
Nfcn  = 63
jerUp_unc	  = 0	 +/-  0.996602	(limited)
jesUp_unc	  = 0	 +/-  0.996602	(limited)
lumi	  = 0	 +/-  0.996602	(limited)
pdf_unc	  = 0	 +/-  0.996602	(limited)
xs_Bkg	  = 0.0639275	 +/-  0.700255	(limited)
Zero signal fit
   0) jerUp_unc                      =         0
   1) jesUp_unc                      =         0
   2) lumi                           =         0
   3) pdf_unc                        =         0
   4) xs_Bkg                         = 0.0639275

Fitting of the background hypothesis done in 0.302773 s
[#1] INFO:Fitting -- RooAddition::defaultErrorLevel(nll_model_s_data_obs_with_constr) Summation contains a RooNLLVar, using its error level
Minuit2Minimizer: Minimize with max-calls 2500 convergence for edm < 0.01 strategy 1
MnSeedGenerator: for initial parameters FCN = 8.32059
MnSeedGenerator: Initial state:   - FCN =    8.32058969041 Edm =      0.50686 NCalls =     21
VariableMetric: start iterating until Edm is < 1e-05
VariableMetric: Initial state   - FCN =    8.32058969041 Edm =      0.50686 NCalls =     21
VariableMetric: Iteration #   1 - FCN =   7.801509720033 Edm =   0.00343335 NCalls =     32
VariableMetric: Iteration #   2 - FCN =   7.797509686625 Edm =  6.68189e-06 NCalls =     44
VariableMetric: Iteration #   3 - FCN =   7.797502736378 Edm =  8.97134e-09 NCalls =     55
VariableMetric: After Hessian   - FCN =   7.797502736378 Edm =  9.30331e-09 NCalls =     86
Number of iterations 5
----------> Iteration 0
            FVAL = 8.32058969041 Edm = 0.506859793662 Nfcn = 21
            Error matrix change = 1
            Parameters :  p0 = 0 p1 = 0 p2 = 0 p3 = 0 p4 = 0.0639275
----------> Iteration 1
            FVAL = 7.80150972003 Edm = 0.00343334614561 Nfcn = 32
            Error matrix change = 0.521257
            Parameters :  p0 = -0.126082 p1 = -0.156218 p2 = -0.144242 p3 = -0.185674 p4 = -0.655237
----------> Iteration 2
            FVAL = 7.79750968663 Edm = 6.68189095912e-06 Nfcn = 44
            Error matrix change = 0.273661
            Parameters :  p0 = -0.104048 p1 = -0.129619 p2 = -0.119408 p3 = -0.155055 p4 = -0.715821
----------> Iteration 3
            FVAL = 7.79750273638 Edm = 8.97133907919e-09 Nfcn = 55
            Error matrix change = 0.145841
            Parameters :  p0 = -0.105324 p1 = -0.13102 p2 = -0.120771 p3 = -0.156474 p4 = -0.717595
----------> Iteration 4
            FVAL = 7.79750273638 Edm = 9.3033148198e-09 Nfcn = 86
            Error matrix change = 0
            Parameters :  p0 = -0.105324 p1 = -0.13102 p2 = -0.120771 p3 = -0.156474 p4 = -0.717595
Minuit2Minimizer : Valid minimum - status = 0
FVAL  = 7.79750273637786862
Edm   = 9.30331481979508727e-09
Nfcn  = 86
jerUp_unc	  = -0.105324	 +/-  0.993311	(limited)
jesUp_unc	  = -0.13102	 +/-  0.991505	(limited)
lumi	  = -0.120771	 +/-  0.992273	(limited)
pdf_unc	  = -0.156474	 +/-  0.989324	(limited)
xs_Bkg	  = -0.717595	 +/-  0.822547	(limited)
Reference signal fit
   0) jerUp_unc                      = -0.105324
   1) jesUp_unc                      =  -0.13102
   2) lumi                           = -0.120771
   3) pdf_unc                        = -0.156474
   4) xs_Bkg                         = -0.717595

Fitting of the signal-plus-background hypothesis done in 0.00231194 s
      Evaluation of p-values done in  5.55924 s
	CLs = 0.0981818 +/- 0.0132951
      Evaluation of p-values done in  5.30328 s
	CLs = 0.106345 +/- 0.00968674
      Evaluation of p-values done in  5.15992 s
	CLs = 0.100647 +/- 0.00764514
      Evaluation of p-values done in  5.32545 s
	CLs = 0.0955302 +/- 0.0064264
      Evaluation of p-values done in  5.33394 s
	CLs = 0.0949389 +/- 0.00571648
	CLs      = 0.0949389 +/- 0.00571648
	CLb      = 0.573 +/- 0.0069953
	CLsplusb = 0.0544 +/- 0.00320751

Hybrid result saved as HypoTestResult_mh120_r6_3860655235 in higgsCombineTest.HybridNew.mH120.1837499813.root : higgsCombineTest.HybridNew.mH120.1837499813.root:/toys

 -- Hybrid New -- 
CLs = 0.0949389 +/- 0.00571648
Total toys: 10000
Done in 0.00 min (cpu), 0.45 min (real)
