>>> including systematics
>>> using the Profile Likelihood test statistics modified for upper limits (Q_LHC)
>>> method used to compute upper limit is HybridNew
>>> Using OpenSSL to get a really random seed 
>>> Used OpenSSL to get a really random seed -1359934242
Adding /uscms_data/d2/lpcljm/sapta/SUSYSearch/LimitSetting/CMSSW_7_1_5/src to include path
Adding /cvmfs/cms.cern.ch/slc6_amd64_gcc481/lcg/roofit/5.34.18-cms3//include to include path
Input workspace 'w': 

RooWorkspace(w) w contents

variables
---------
(jerUp_unc,jerUp_unc_In,jesUp_unc,jesUp_unc_In,lumi,lumi_In,n_obs_binbin1,pdf_unc,pdf_unc_In,r,xs_Bkg,xs_Bkg_In)

p.d.f.s
-------
SimpleGaussianConstraint::jerUp_unc_Pdf[ x=jerUp_unc mean=jerUp_unc_In sigma=1 ] = 1
SimpleGaussianConstraint::jesUp_unc_Pdf[ x=jesUp_unc mean=jesUp_unc_In sigma=1 ] = 1
SimpleGaussianConstraint::lumi_Pdf[ x=lumi mean=lumi_In sigma=1 ] = 1
RooProdPdf::modelObs_b[ pdf_binbin1_bonly ] = 0.0284874
RooProdPdf::modelObs_s[ pdf_binbin1 ] = 0.149709
RooProdPdf::model_b[ modelObs_b * nuisancePdf ] = 0.0284874
RooProdPdf::model_s[ modelObs_s * nuisancePdf ] = 0.149709
RooProdPdf::nuisancePdf[ lumi_Pdf * jesUp_unc_Pdf * pdf_unc_Pdf * xs_Bkg_Pdf * jerUp_unc_Pdf ] = 1
RooPoisson::pdf_binbin1[ x=n_obs_binbin1 mean=n_exp_binbin1 ] = 0.149709
RooPoisson::pdf_binbin1_bonly[ x=n_obs_binbin1 mean=n_exp_binbin1_bonly ] = 0.0284874
SimpleGaussianConstraint::pdf_unc_Pdf[ x=pdf_unc mean=pdf_unc_In sigma=1 ] = 1
SimpleGaussianConstraint::xs_Bkg_Pdf[ x=xs_Bkg mean=xs_Bkg_In sigma=1 ] = 1

functions
--------
RooAddition::n_exp_binbin1[ n_exp_binbin1_proc_BH + n_exp_binbin1_proc_Background ] = 1.70106
RooAddition::n_exp_binbin1_bonly[ n_exp_binbin1_proc_Background ] = 0.701064
ProcessNormalization::n_exp_binbin1_proc_BH[ thetaList=(lumi,jesUp_unc,pdf_unc,jerUp_unc) asymmThetaList=() otherFactorList=(r) ] = 1
ProcessNormalization::n_exp_binbin1_proc_Background[ thetaList=(xs_Bkg) asymmThetaList=() otherFactorList=() ] = 0.701064

datasets
--------
RooDataSet::data_obs(n_obs_binbin1)

named sets
----------
ModelConfig_GlobalObservables:(lumi_In,jesUp_unc_In,pdf_unc_In,xs_Bkg_In,jerUp_unc_In)
ModelConfig_NuisParams:(lumi,jesUp_unc,pdf_unc,xs_Bkg,jerUp_unc)
ModelConfig_Observables:(n_obs_binbin1)
ModelConfig_POI:(r)
ModelConfig_bonly_GlobalObservables:(lumi_In,jesUp_unc_In,pdf_unc_In,xs_Bkg_In,jerUp_unc_In)
ModelConfig_bonly_NuisParams:(lumi,jesUp_unc,pdf_unc,xs_Bkg,jerUp_unc)
ModelConfig_bonly_Observables:(n_obs_binbin1)
ModelConfig_bonly_POI:(r)
POI:(r)
globalObservables:(lumi_In,jesUp_unc_In,pdf_unc_In,xs_Bkg_In,jerUp_unc_In)
nuisances:(lumi,jesUp_unc,pdf_unc,xs_Bkg,jerUp_unc)
observables:(n_obs_binbin1)

generic objects
---------------
RooStats::ModelConfig::ModelConfig
RooStats::ModelConfig::ModelConfig_bonly
RooArgSet::discreteParams

Workspace has a ModelConfig for signal called 'ModelConfig', with contents:

=== Using the following for ModelConfig ===
Observables:             RooArgSet:: = (n_obs_binbin1)
Parameters of Interest:  RooArgSet:: = (r)
Nuisance Parameters:     RooArgSet:: = (lumi,jesUp_unc,pdf_unc,xs_Bkg,jerUp_unc)
Global Observables:      RooArgSet:: = (lumi_In,jesUp_unc_In,pdf_unc_In,xs_Bkg_In,jerUp_unc_In)
PDF:                     RooProdPdf::model_s[ modelObs_s * nuisancePdf ] = 0.149709

Input ModelConfig 'ModelConfig': 

=== Using the following for ModelConfig ===
Observables:             RooArgSet:: = (n_obs_binbin1)
Parameters of Interest:  RooArgSet:: = (r)
Nuisance Parameters:     RooArgSet:: = (lumi,jesUp_unc,pdf_unc,xs_Bkg,jerUp_unc)
Global Observables:      RooArgSet:: = (lumi_In,jesUp_unc_In,pdf_unc_In,xs_Bkg_In,jerUp_unc_In)
PDF:                     RooProdPdf::model_s[ modelObs_s * nuisancePdf ] = 0.149709

[#1] INFO:ObjectHandling -- RooWorkspace::import(w) importing RooUniform::prior
Computing limit starting from observation
  1) RooRealVar:: n_obs_binbin1 = 3
Set default minimizer to Minuit2
  r = 7 +/- 0
[#1] INFO:Minization --  Including the following contraint terms in minimization: (nuisancePdf)
[#1] INFO:Fitting -- RooAddition::defaultErrorLevel(nll_model_s_data_obs_with_constr) Summation contains a RooNLLVar, using its error level
Minuit2Minimizer: Minimize with max-calls 2500 convergence for edm < 0.01 strategy 1
MnSeedGenerator: for initial parameters FCN = 8.15298
MnSeedGenerator: Initial state:   - FCN =   8.152984429147 Edm =     0.901397 NCalls =     21
VariableMetric: start iterating until Edm is < 1e-05
VariableMetric: Initial state   - FCN =   8.152984429147 Edm =     0.901397 NCalls =     21
VariableMetric: Iteration #   1 - FCN =   7.310711099773 Edm =  0.000774957 NCalls =     33
VariableMetric: Iteration #   2 - FCN =   7.310076938208 Edm =   3.6323e-10 NCalls =     45
VariableMetric: After Hessian   - FCN =   7.310076938208 Edm =  3.28037e-10 NCalls =     76
Number of iterations 4
----------> Iteration 0
            FVAL = 8.15298442915 Edm = 0.901397342061 Nfcn = 21
            Error matrix change = 1
            Parameters :  p0 = 0 p1 = 0 p2 = 0 p3 = 0 p4 = 0
----------> Iteration 1
            FVAL = 7.31071109977 Edm = 0.000774956976042 Nfcn = 33
            Error matrix change = 0.507871
            Parameters :  p0 = 0 p1 = 0 p2 = 0 p3 = 0 p4 = 1.08424
----------> Iteration 2
            FVAL = 7.31007693821 Edm = 3.6322960442e-10 Nfcn = 45
            Error matrix change = 0.260845
            Parameters :  p0 = 0 p1 = 0 p2 = 0 p3 = 0 p4 = 1.05646
----------> Iteration 3
            FVAL = 7.31007693821 Edm = 3.28037240527e-10 Nfcn = 76
            Error matrix change = 0
            Parameters :  p0 = 0 p1 = 0 p2 = 0 p3 = 0 p4 = 1.05646
Minuit2Minimizer : Valid minimum - status = 0
FVAL  = 7.31007693820813476
Edm   = 3.280372405272459e-10
Nfcn  = 76
jerUp_unc	  = 0	 +/-  0.996602	(limited)
jesUp_unc	  = 0	 +/-  0.996602	(limited)
lumi	  = 0	 +/-  0.996602	(limited)
pdf_unc	  = 0	 +/-  0.996602	(limited)
xs_Bkg	  = 1.05646	 +/-  0.77978	(limited)
Zero signal fit
   0) jerUp_unc                      =         0
   1) jesUp_unc                      =         0
   2) lumi                           =         0
   3) pdf_unc                        =         0
   4) xs_Bkg                         =   1.05646

Fitting of the background hypothesis done in 0.310646 s
[#1] INFO:Fitting -- RooAddition::defaultErrorLevel(nll_model_s_data_obs_with_constr) Summation contains a RooNLLVar, using its error level
Minuit2Minimizer: Minimize with max-calls 2500 convergence for edm < 0.01 strategy 1
MnSeedGenerator: for initial parameters FCN = 8.97411
MnSeedGenerator: Initial state:   - FCN =   8.974107078624 Edm =      1.08027 NCalls =     21
VariableMetric: start iterating until Edm is < 1e-05
VariableMetric: Initial state   - FCN =   8.974107078624 Edm =      1.08027 NCalls =     21
VariableMetric: Iteration #   1 - FCN =   7.857079133084 Edm =   0.00602043 NCalls =     32
VariableMetric: Iteration #   2 - FCN =   7.850164116821 Edm =  1.23886e-05 NCalls =     44
VariableMetric: Iteration #   3 - FCN =   7.850151604792 Edm =  6.44767e-10 NCalls =     55
VariableMetric: After Hessian   - FCN =   7.850151604792 Edm =  6.48446e-10 NCalls =     86
Number of iterations 5
----------> Iteration 0
            FVAL = 8.97410707862 Edm = 1.08027170719 Nfcn = 21
            Error matrix change = 1
            Parameters :  p0 = 0 p1 = 0 p2 = 0 p3 = 0 p4 = 1.05646
----------> Iteration 1
            FVAL = 7.85707913308 Edm = 0.00602042878595 Nfcn = 32
            Error matrix change = 0.516881
            Parameters :  p0 = -0.174963 p1 = -0.216453 p2 = -0.199988 p3 = -0.256799 p4 = -0.135559
----------> Iteration 2
            FVAL = 7.85016411682 Edm = 1.2388613909e-05 Nfcn = 44
            Error matrix change = 0.272123
            Parameters :  p0 = -0.154431 p1 = -0.192381 p2 = -0.177227 p3 = -0.230114 p4 = -0.234866
----------> Iteration 3
            FVAL = 7.85015160479 Edm = 6.44767299857e-10 Nfcn = 55
            Error matrix change = 0.13789
            Parameters :  p0 = -0.156428 p1 = -0.19459 p2 = -0.179369 p3 = -0.232391 p4 = -0.236871
----------> Iteration 4
            FVAL = 7.85015160479 Edm = 6.48446456313e-10 Nfcn = 86
            Error matrix change = 0
            Parameters :  p0 = -0.156428 p1 = -0.19459 p2 = -0.179369 p3 = -0.232391 p4 = -0.236871
Minuit2Minimizer : Valid minimum - status = 0
FVAL  = 7.85015160479157537
Edm   = 6.48446456313272469e-10
Nfcn  = 86
jerUp_unc	  = -0.156428	 +/-  0.991924	(limited)
jesUp_unc	  = -0.19459	 +/-  0.989353	(limited)
lumi	  = -0.179369	 +/-  0.990446	(limited)
pdf_unc	  = -0.232391	 +/-  0.986246	(limited)
xs_Bkg	  = -0.236871	 +/-  0.922852	(limited)
Reference signal fit
   0) jerUp_unc                      = -0.156428
   1) jesUp_unc                      =  -0.19459
   2) lumi                           = -0.179369
   3) pdf_unc                        = -0.232391
   4) xs_Bkg                         = -0.236871

Fitting of the signal-plus-background hypothesis done in 0.00225806 s
      Evaluation of p-values done in  5.49525 s
	CLs = 0.0438503 +/- 0.00671636
      Evaluation of p-values done in  5.15493 s
	CLs = 0.0450644 +/- 0.00482025
      Evaluation of p-values done in  5.28559 s
	CLs = 0.045389 +/- 0.00396475
      Evaluation of p-values done in  5.27231 s
	CLs = 0.0418015 +/- 0.0032971
      Evaluation of p-values done in  5.15867 s
	CLs = 0.0406135 +/- 0.00291037
	CLs      = 0.0406135 +/- 0.00291037
	CLb      = 0.9258 +/- 0.0037066
	CLsplusb = 0.0376 +/- 0.00269021

Hybrid result saved as HypoTestResult_mh120_r7_409171649 in higgsCombineTest.HybridNew.mH120.-1359934242.root : higgsCombineTest.HybridNew.mH120.-1359934242.root:/toys

 -- Hybrid New -- 
CLs = 0.0406135 +/- 0.00291037
Total toys: 10000
Done in 0.00 min (cpu), 0.45 min (real)
