>>> including systematics
>>> using the Profile Likelihood test statistics modified for upper limits (Q_LHC)
>>> method used to compute upper limit is HybridNew
>>> Using OpenSSL to get a really random seed 
>>> Used OpenSSL to get a really random seed -1029844658
Adding /uscms_data/d2/lpcljm/sapta/SUSYSearch/LimitSetting/CMSSW_7_1_5/src to include path
Adding /cvmfs/cms.cern.ch/slc6_amd64_gcc481/lcg/roofit/5.34.18-cms3//include to include path
Input workspace 'w': 

RooWorkspace(w) w contents

variables
---------
(jerUp_unc,jerUp_unc_In,jesUp_unc,jesUp_unc_In,lumi,lumi_In,n_obs_binbin1,pdf_unc,pdf_unc_In,r,xs_Bkg,xs_Bkg_In)

p.d.f.s
-------
SimpleGaussianConstraint::jerUp_unc_Pdf[ x=jerUp_unc mean=jerUp_unc_In sigma=1 ] = 1
SimpleGaussianConstraint::jesUp_unc_Pdf[ x=jesUp_unc mean=jesUp_unc_In sigma=1 ] = 1
SimpleGaussianConstraint::lumi_Pdf[ x=lumi mean=lumi_In sigma=1 ] = 1
RooProdPdf::modelObs_b[ pdf_binbin1_bonly ] = 0.0284874
RooProdPdf::modelObs_s[ pdf_binbin1 ] = 0.149709
RooProdPdf::model_b[ modelObs_b * nuisancePdf ] = 0.0284874
RooProdPdf::model_s[ modelObs_s * nuisancePdf ] = 0.149709
RooProdPdf::nuisancePdf[ lumi_Pdf * jesUp_unc_Pdf * pdf_unc_Pdf * xs_Bkg_Pdf * jerUp_unc_Pdf ] = 1
RooPoisson::pdf_binbin1[ x=n_obs_binbin1 mean=n_exp_binbin1 ] = 0.149709
RooPoisson::pdf_binbin1_bonly[ x=n_obs_binbin1 mean=n_exp_binbin1_bonly ] = 0.0284874
SimpleGaussianConstraint::pdf_unc_Pdf[ x=pdf_unc mean=pdf_unc_In sigma=1 ] = 1
SimpleGaussianConstraint::xs_Bkg_Pdf[ x=xs_Bkg mean=xs_Bkg_In sigma=1 ] = 1

functions
--------
RooAddition::n_exp_binbin1[ n_exp_binbin1_proc_BH + n_exp_binbin1_proc_Background ] = 1.70106
RooAddition::n_exp_binbin1_bonly[ n_exp_binbin1_proc_Background ] = 0.701064
ProcessNormalization::n_exp_binbin1_proc_BH[ thetaList=(lumi,jesUp_unc,pdf_unc,jerUp_unc) asymmThetaList=() otherFactorList=(r) ] = 1
ProcessNormalization::n_exp_binbin1_proc_Background[ thetaList=(xs_Bkg) asymmThetaList=() otherFactorList=() ] = 0.701064

datasets
--------
RooDataSet::data_obs(n_obs_binbin1)

named sets
----------
ModelConfig_GlobalObservables:(lumi_In,jesUp_unc_In,pdf_unc_In,xs_Bkg_In,jerUp_unc_In)
ModelConfig_NuisParams:(lumi,jesUp_unc,pdf_unc,xs_Bkg,jerUp_unc)
ModelConfig_Observables:(n_obs_binbin1)
ModelConfig_POI:(r)
ModelConfig_bonly_GlobalObservables:(lumi_In,jesUp_unc_In,pdf_unc_In,xs_Bkg_In,jerUp_unc_In)
ModelConfig_bonly_NuisParams:(lumi,jesUp_unc,pdf_unc,xs_Bkg,jerUp_unc)
ModelConfig_bonly_Observables:(n_obs_binbin1)
ModelConfig_bonly_POI:(r)
POI:(r)
globalObservables:(lumi_In,jesUp_unc_In,pdf_unc_In,xs_Bkg_In,jerUp_unc_In)
nuisances:(lumi,jesUp_unc,pdf_unc,xs_Bkg,jerUp_unc)
observables:(n_obs_binbin1)

generic objects
---------------
RooStats::ModelConfig::ModelConfig
RooStats::ModelConfig::ModelConfig_bonly
RooArgSet::discreteParams

Workspace has a ModelConfig for signal called 'ModelConfig', with contents:

=== Using the following for ModelConfig ===
Observables:             RooArgSet:: = (n_obs_binbin1)
Parameters of Interest:  RooArgSet:: = (r)
Nuisance Parameters:     RooArgSet:: = (lumi,jesUp_unc,pdf_unc,xs_Bkg,jerUp_unc)
Global Observables:      RooArgSet:: = (lumi_In,jesUp_unc_In,pdf_unc_In,xs_Bkg_In,jerUp_unc_In)
PDF:                     RooProdPdf::model_s[ modelObs_s * nuisancePdf ] = 0.149709

Input ModelConfig 'ModelConfig': 

=== Using the following for ModelConfig ===
Observables:             RooArgSet:: = (n_obs_binbin1)
Parameters of Interest:  RooArgSet:: = (r)
Nuisance Parameters:     RooArgSet:: = (lumi,jesUp_unc,pdf_unc,xs_Bkg,jerUp_unc)
Global Observables:      RooArgSet:: = (lumi_In,jesUp_unc_In,pdf_unc_In,xs_Bkg_In,jerUp_unc_In)
PDF:                     RooProdPdf::model_s[ modelObs_s * nuisancePdf ] = 0.149709

[#1] INFO:ObjectHandling -- RooWorkspace::import(w) importing RooUniform::prior
Computing limit starting from observation
  1) RooRealVar:: n_obs_binbin1 = 3
Set default minimizer to Minuit2
  r = 9 +/- 0
[#1] INFO:Minization --  Including the following contraint terms in minimization: (nuisancePdf)
[#1] INFO:Fitting -- RooAddition::defaultErrorLevel(nll_model_s_data_obs_with_constr) Summation contains a RooNLLVar, using its error level
Minuit2Minimizer: Minimize with max-calls 2500 convergence for edm < 0.01 strategy 1
MnSeedGenerator: for initial parameters FCN = 8.15298
MnSeedGenerator: Initial state:   - FCN =   8.152984429147 Edm =     0.901397 NCalls =     21
VariableMetric: start iterating until Edm is < 1e-05
VariableMetric: Initial state   - FCN =   8.152984429147 Edm =     0.901397 NCalls =     21
VariableMetric: Iteration #   1 - FCN =   7.310711099773 Edm =  0.000774957 NCalls =     33
VariableMetric: Iteration #   2 - FCN =   7.310076938208 Edm =   3.6323e-10 NCalls =     45
VariableMetric: After Hessian   - FCN =   7.310076938208 Edm =  3.28037e-10 NCalls =     76
Number of iterations 4
----------> Iteration 0
            FVAL = 8.15298442915 Edm = 0.901397342061 Nfcn = 21
            Error matrix change = 1
            Parameters :  p0 = 0 p1 = 0 p2 = 0 p3 = 0 p4 = 0
----------> Iteration 1
            FVAL = 7.31071109977 Edm = 0.000774956976042 Nfcn = 33
            Error matrix change = 0.507871
            Parameters :  p0 = 0 p1 = 0 p2 = 0 p3 = 0 p4 = 1.08424
----------> Iteration 2
            FVAL = 7.31007693821 Edm = 3.6322960442e-10 Nfcn = 45
            Error matrix change = 0.260845
            Parameters :  p0 = 0 p1 = 0 p2 = 0 p3 = 0 p4 = 1.05646
----------> Iteration 3
            FVAL = 7.31007693821 Edm = 3.28037240527e-10 Nfcn = 76
            Error matrix change = 0
            Parameters :  p0 = 0 p1 = 0 p2 = 0 p3 = 0 p4 = 1.05646
Minuit2Minimizer : Valid minimum - status = 0
FVAL  = 7.31007693820813476
Edm   = 3.280372405272459e-10
Nfcn  = 76
jerUp_unc	  = 0	 +/-  0.996602	(limited)
jesUp_unc	  = 0	 +/-  0.996602	(limited)
lumi	  = 0	 +/-  0.996602	(limited)
pdf_unc	  = 0	 +/-  0.996602	(limited)
xs_Bkg	  = 1.05646	 +/-  0.77978	(limited)
Zero signal fit
   0) jerUp_unc                      =         0
   1) jesUp_unc                      =         0
   2) lumi                           =         0
   3) pdf_unc                        =         0
   4) xs_Bkg                         =   1.05646

Fitting of the background hypothesis done in 0.301854 s
[#1] INFO:Fitting -- RooAddition::defaultErrorLevel(nll_model_s_data_obs_with_constr) Summation contains a RooNLLVar, using its error level
Minuit2Minimizer: Minimize with max-calls 2500 convergence for edm < 0.01 strategy 1
MnSeedGenerator: for initial parameters FCN = 10.3349
MnSeedGenerator: Initial state:   - FCN =   10.33490697937 Edm =      1.23182 NCalls =     21
VariableMetric: start iterating until Edm is < 1e-05
VariableMetric: Initial state   - FCN =   10.33490697937 Edm =      1.23182 NCalls =     21
VariableMetric: Iteration #   1 - FCN =   9.070435588102 Edm =   0.00716259 NCalls =     32
VariableMetric: Iteration #   2 - FCN =    9.06226867405 Edm =  1.71506e-05 NCalls =     44
VariableMetric: Iteration #   3 - FCN =   9.062251189762 Edm =  4.56676e-09 NCalls =     55
VariableMetric: After Hessian   - FCN =   9.062251189762 Edm =  4.63816e-09 NCalls =     86
Number of iterations 5
----------> Iteration 0
            FVAL = 10.3349069794 Edm = 1.23182121662 Nfcn = 21
            Error matrix change = 1
            Parameters :  p0 = 0 p1 = 0 p2 = 0 p3 = 0 p4 = 1.05646
----------> Iteration 1
            FVAL = 9.0704355881 Edm = 0.00716259462155 Nfcn = 32
            Error matrix change = 0.520021
            Parameters :  p0 = -0.248029 p1 = -0.30631 p2 = -0.28322 p3 = -0.362654 p4 = -0.157312
----------> Iteration 2
            FVAL = 9.06226867405 Edm = 1.71505680533e-05 Nfcn = 44
            Error matrix change = 0.274108
            Parameters :  p0 = -0.222153 p1 = -0.27679 p2 = -0.254972 p3 = -0.331119 p4 = -0.261276
----------> Iteration 3
            FVAL = 9.06225118976 Edm = 4.5667578128e-09 Nfcn = 55
            Error matrix change = 0.141444
            Parameters :  p0 = -0.224503 p1 = -0.279278 p2 = -0.25743 p3 = -0.333541 p4 = -0.2639
----------> Iteration 4
            FVAL = 9.06225118976 Edm = 4.63816360107e-09 Nfcn = 86
            Error matrix change = 0
            Parameters :  p0 = -0.224503 p1 = -0.279278 p2 = -0.25743 p3 = -0.333541 p4 = -0.2639
Minuit2Minimizer : Valid minimum - status = 0
FVAL  = 9.06225118976196242
Edm   = 4.63816360107067275e-09
Nfcn  = 86
jerUp_unc	  = -0.224503	 +/-  0.990691	(limited)
jesUp_unc	  = -0.279278	 +/-  0.98744	(limited)
lumi	  = -0.25743	 +/-  0.988823	(limited)
pdf_unc	  = -0.333541	 +/-  0.983507	(limited)
xs_Bkg	  = -0.2639	 +/-  0.91707	(limited)
Reference signal fit
   0) jerUp_unc                      = -0.224503
   1) jesUp_unc                      = -0.279278
   2) lumi                           =  -0.25743
   3) pdf_unc                        = -0.333541
   4) xs_Bkg                         =   -0.2639

Fitting of the signal-plus-background hypothesis done in 0.00224495 s
      Evaluation of p-values done in  5.67962 s
	CLs = 0.0131291 +/- 0.00376939
      Evaluation of p-values done in  5.2742 s
	CLs = 0.0103655 +/- 0.00236772
      Evaluation of p-values done in  5.27218 s
	CLs = 0.00984324 +/- 0.00188659
      Evaluation of p-values done in  5.52039 s
	CLs = 0.0095498 +/- 0.00160778
      Evaluation of p-values done in  5.37485 s
	CLs = 0.00959651 +/- 0.00144093
	CLs      = 0.00959651 +/- 0.00144093
	CLb      = 0.917 +/- 0.00390156
	CLsplusb = 0.0088 +/- 0.0013208

Hybrid result saved as HypoTestResult_mh120_r9_3330623880 in higgsCombineTest.HybridNew.mH120.-1029844658.root : higgsCombineTest.HybridNew.mH120.-1029844658.root:/toys

 -- Hybrid New -- 
CLs = 0.00959651 +/- 0.00144093
Total toys: 10000
Done in 0.00 min (cpu), 0.46 min (real)
