>>> including systematics
>>> using the Profile Likelihood test statistics modified for upper limits (Q_LHC)
>>> method used to compute upper limit is HybridNew
>>> random number generator seed is 123456
Adding /uscms_data/d2/lpcljm/sapta/SUSYSearch/LimitSetting/CMSSW_7_1_5/src to include path
Adding /cvmfs/cms.cern.ch/slc6_amd64_gcc481/lcg/roofit/5.34.18-cms3//include to include path
Input workspace 'w': 

RooWorkspace(w) w contents

variables
---------
(jerUp_unc,jerUp_unc_In,jesUp_unc,jesUp_unc_In,lumi,lumi_In,n_obs_binbin1,pdf_unc,pdf_unc_In,r,xs_Bkg,xs_Bkg_In)

p.d.f.s
-------
SimpleGaussianConstraint::jerUp_unc_Pdf[ x=jerUp_unc mean=jerUp_unc_In sigma=1 ] = 1
SimpleGaussianConstraint::jesUp_unc_Pdf[ x=jesUp_unc mean=jesUp_unc_In sigma=1 ] = 1
SimpleGaussianConstraint::lumi_Pdf[ x=lumi mean=lumi_In sigma=1 ] = 1
RooProdPdf::modelObs_b[ pdf_binbin1_bonly ] = 0.193786
RooProdPdf::modelObs_s[ pdf_binbin1 ] = 0.358243
RooProdPdf::model_b[ modelObs_b * nuisancePdf ] = 0.193786
RooProdPdf::model_s[ modelObs_s * nuisancePdf ] = 0.358243
RooProdPdf::nuisancePdf[ lumi_Pdf * jesUp_unc_Pdf * pdf_unc_Pdf * xs_Bkg_Pdf * jerUp_unc_Pdf ] = 1
RooPoisson::pdf_binbin1[ x=n_obs_binbin1 mean=n_exp_binbin1 ] = 0.358243
RooPoisson::pdf_binbin1_bonly[ x=n_obs_binbin1 mean=n_exp_binbin1_bonly ] = 0.193786
SimpleGaussianConstraint::pdf_unc_Pdf[ x=pdf_unc mean=pdf_unc_In sigma=1 ] = 1
SimpleGaussianConstraint::xs_Bkg_Pdf[ x=xs_Bkg mean=xs_Bkg_In sigma=1 ] = 1

functions
--------
RooAddition::n_exp_binbin1[ n_exp_binbin1_proc_BH + n_exp_binbin1_proc_Background ] = 1.24844
RooAddition::n_exp_binbin1_bonly[ n_exp_binbin1_proc_Background ] = 0.248437
ProcessNormalization::n_exp_binbin1_proc_BH[ thetaList=(lumi,jesUp_unc,pdf_unc) asymmThetaList=() otherFactorList=(r) ] = 1
ProcessNormalization::n_exp_binbin1_proc_Background[ thetaList=(xs_Bkg,jerUp_unc) asymmThetaList=() otherFactorList=() ] = 0.248437

datasets
--------
RooDataSet::data_obs(n_obs_binbin1)

named sets
----------
ModelConfig_GlobalObservables:(lumi_In,jesUp_unc_In,pdf_unc_In,xs_Bkg_In,jerUp_unc_In)
ModelConfig_NuisParams:(lumi,jesUp_unc,pdf_unc,xs_Bkg,jerUp_unc)
ModelConfig_Observables:(n_obs_binbin1)
ModelConfig_POI:(r)
ModelConfig_bonly_GlobalObservables:(lumi_In,jesUp_unc_In,pdf_unc_In,xs_Bkg_In,jerUp_unc_In)
ModelConfig_bonly_NuisParams:(lumi,jesUp_unc,pdf_unc,xs_Bkg,jerUp_unc)
ModelConfig_bonly_Observables:(n_obs_binbin1)
ModelConfig_bonly_POI:(r)
POI:(r)
globalObservables:(lumi_In,jesUp_unc_In,pdf_unc_In,xs_Bkg_In,jerUp_unc_In)
nuisances:(lumi,jesUp_unc,pdf_unc,xs_Bkg,jerUp_unc)
observables:(n_obs_binbin1)

generic objects
---------------
RooStats::ModelConfig::ModelConfig
RooStats::ModelConfig::ModelConfig_bonly
RooArgSet::discreteParams

Workspace has a ModelConfig for signal called 'ModelConfig', with contents:

=== Using the following for ModelConfig ===
Observables:             RooArgSet:: = (n_obs_binbin1)
Parameters of Interest:  RooArgSet:: = (r)
Nuisance Parameters:     RooArgSet:: = (lumi,jesUp_unc,pdf_unc,xs_Bkg,jerUp_unc)
Global Observables:      RooArgSet:: = (lumi_In,jesUp_unc_In,pdf_unc_In,xs_Bkg_In,jerUp_unc_In)
PDF:                     RooProdPdf::model_s[ modelObs_s * nuisancePdf ] = 0.358243

Input ModelConfig 'ModelConfig': 

=== Using the following for ModelConfig ===
Observables:             RooArgSet:: = (n_obs_binbin1)
Parameters of Interest:  RooArgSet:: = (r)
Nuisance Parameters:     RooArgSet:: = (lumi,jesUp_unc,pdf_unc,xs_Bkg,jerUp_unc)
Global Observables:      RooArgSet:: = (lumi_In,jesUp_unc_In,pdf_unc_In,xs_Bkg_In,jerUp_unc_In)
PDF:                     RooProdPdf::model_s[ modelObs_s * nuisancePdf ] = 0.358243

[#1] INFO:ObjectHandling -- RooWorkspace::import(w) importing RooUniform::prior
Computing limit starting from observation
  1) RooRealVar:: n_obs_binbin1 = 1
Set default minimizer to Minuit2
Search for upper limit using pre-computed grid of p-values
  Do HypoTestResult_mh120_r9_474068676 -> 9 --> 9
  Do HypoTestResult_mh120_r0.5_1987858328 -> 0.5 --> 0.5
  Do HypoTestResult_mh120_r0.3_3703263510 -> 0.3 --> 0.3
  Do HypoTestResult_mh120_r0.1_1328192483 -> 0.1 --> 0.1
  Do HypoTestResult_mh120_r2.5_2717117457 -> 2.5 --> 2.5
  Do HypoTestResult_mh120_r1.5_1663973008 -> 1.5 --> 1.5
  Do HypoTestResult_mh120_r4_1325624167 -> 4 --> 4
  Do HypoTestResult_mh120_r0.05_381709721 -> 0.05 --> 0.05
  Do HypoTestResult_mh120_r5_984146413 -> 5 --> 5
  Do HypoTestResult_mh120_r11_2666819228 -> 11 --> 11
  Do HypoTestResult_mh120_r1_4172062464 -> 1 --> 1
  Do HypoTestResult_mh120_r2_2789375238 -> 2 --> 2
  Do HypoTestResult_mh120_r7_761885638 -> 7 --> 7
  Do HypoTestResult_mh120_r13_3748126386 -> 13 --> 13
  Do HypoTestResult_mh120_r3_2718744871 -> 3 --> 3
GRID, as is.
  - 0.05  (CLs = 1 +/- 0)
  - 0.1  (CLs = 0.9998 +/- 0.00019998)
  - 0.3  (CLs = 1 +/- 0)
  - 0.5  (CLs = 1.0004 +/- 0.000490258)
  - 1  (CLs = 0.537517 +/- 0.00850548)
  - 1.5  (CLs = 0.373857 +/- 0.00784001)
  - 2  (CLs = 0.259268 +/- 0.00691543)
  - 2.5  (CLs = 0.16928 +/- 0.00578903)
  - 3  (CLs = 0.116583 +/- 0.00493749)
  - 4  (CLs = 0.0551708 +/- 0.00349582)
  - 5  (CLs = 0.0227589 +/- 0.00228002)
  - 7  (CLs = 0.00330891 +/- 0.00088333)
  - 9  (CLs = 0.000708885 +/- 0.000409174)
  - 11  (CLs = 0.000234412 +/- 0.000234392)
  - 13  (CLs = 0 +/- 0)
Bisecting range [0, 14]
At r = 2.5:
	CLs      = 0.0685484 +/- 0.0120746
	CLb      = 0.0992 +/- 0.00422751
	CLsplusb = 0.0068 +/- 0.00116222

    Midpoint 7 value 0.0685484 +/- 0.0120746
    Tightening Range
At r = 0.5:
	CLs      = 0.642857 +/- 0.0962515
	CLb      = 0.0224 +/- 0.00209276
	CLsplusb = 0.0144 +/- 0.00168479

        Lowpoint 3 value 0.642857 +/- 0.0962515
At r = 1.5:
	CLs      = 0.206696 +/- 0.0186002
	CLb      = 0.1374 +/- 0.0048687
	CLsplusb = 0.0284 +/- 0.00234919

        Lowpoint 5 value 0.206696 +/- 0.0186002
At r = 2:
	CLs      = 0.12093 +/- 0.0249927
	CLb      = 0.043 +/- 0.00286883
	CLsplusb = 0.0052 +/- 0.00101715

        Lowpoint 6 value 0.12093 +/- 0.0249927
At r = 5:
	CLs      = 0 +/- 0
	CLb      = 0.0056 +/- 0.00105533
	CLsplusb = 0 +/- 0

        Highpoint 10 value 0 +/- 0
At r = 3:
	CLs      = 0.0434783 +/- 0.0147789
	CLb      = 0.0414 +/- 0.00281731
	CLsplusb = 0.0018 +/- 0.00059946

        Highpoint 8 value 0.0434783 +/- 0.0147789
Final range [5, 10]
  Will not use point 0 (r 0.05)
  Will not use point 1 (r 0.1)
  Will not use point 2 (r 0.3)
  Will not use point 3 (r 0.5)
  Will not use point 4 (r 1)
   Point 5 (r 1.5) was already updated during search.
   Point 6 (r 2) was already updated during search.
   Point 7 (r 2.5) was already updated during search.
   Point 8 (r 3) was already updated during search.
   Updaing point 9 (r 4)
At r = 4:
	CLs      = 0.00561798 +/- 0.00563262
	CLb      = 0.0356 +/- 0.00262041
	CLsplusb = 0.0002 +/- 0.00019998

   Point 10 (r 5) was already updated during search.
  Will not use point 11 (r 7)
  Will not use point 12 (r 9)
  Will not use point 13 (r 11)
  Will not use point 14 (r 13)
  r 1.50: CLs = 0.2067 +/- 0.0186
  r 2.00: CLs = 0.1209 +/- 0.0250
  r 2.50: CLs = 0.0685 +/- 0.0121
  r 3.00: CLs = 0.0435 +/- 0.0148
  r 4.00: CLs = 0.0056 +/- 0.0056
 after scan x ~ 3, bounds [ 1.5, 4]

 -- HybridNew, before fit -- 
Limit: r < 3 +/- 1.5 [1.5, 4]

****************************************
Minimizer is Minuit2 / Migrad
Chi2                      =      1.35182
NDf                       =            3
Edm                       =  7.67087e-07
NCalls                    =           55
p0                        =         0.05                      	 (fixed)
p1                        =     -1.18951   +/-   0.131384    
p2                        =        2.709   +/-   0.117439    
Fit to 5 points: 2.709 +/- 0.117439

 -- Hybrid New -- 
Limit: r < 2.709 +/- 0.117439 @ 95% CL
Total toys: 0
Done in 0.00 min (cpu), 0.01 min (real)
