>>> including systematics
>>> using the Profile Likelihood test statistics modified for upper limits (Q_LHC)
>>> method used to compute upper limit is HybridNew
>>> random number generator seed is 123456
Adding /uscms_data/d2/lpcljm/sapta/SUSYSearch/LimitSetting/CMSSW_7_1_5/src to include path
Adding /cvmfs/cms.cern.ch/slc6_amd64_gcc481/lcg/roofit/5.34.18-cms3//include to include path
Input workspace 'w': 

RooWorkspace(w) w contents

variables
---------
(jerUp_unc,jerUp_unc_In,jesUp_unc,jesUp_unc_In,lumi,lumi_In,n_obs_binbin1,pdf_unc,pdf_unc_In,r,xs_Bkg,xs_Bkg_In)

p.d.f.s
-------
SimpleGaussianConstraint::jerUp_unc_Pdf[ x=jerUp_unc mean=jerUp_unc_In sigma=1 ] = 1
SimpleGaussianConstraint::jesUp_unc_Pdf[ x=jesUp_unc mean=jesUp_unc_In sigma=1 ] = 1
SimpleGaussianConstraint::lumi_Pdf[ x=lumi mean=lumi_In sigma=1 ] = 1
RooProdPdf::modelObs_b[ pdf_binbin1_bonly ] = 0.976337
RooProdPdf::modelObs_s[ pdf_binbin1 ] = 0.359174
RooProdPdf::model_b[ modelObs_b * nuisancePdf ] = 0.976337
RooProdPdf::model_s[ modelObs_s * nuisancePdf ] = 0.359174
RooProdPdf::nuisancePdf[ lumi_Pdf * jesUp_unc_Pdf * pdf_unc_Pdf * xs_Bkg_Pdf * jerUp_unc_Pdf ] = 1
RooPoisson::pdf_binbin1[ x=n_obs_binbin1 mean=n_exp_binbin1 ] = 0.359174
RooPoisson::pdf_binbin1_bonly[ x=n_obs_binbin1 mean=n_exp_binbin1_bonly ] = 0.976337
SimpleGaussianConstraint::pdf_unc_Pdf[ x=pdf_unc mean=pdf_unc_In sigma=1 ] = 1
SimpleGaussianConstraint::xs_Bkg_Pdf[ x=xs_Bkg mean=xs_Bkg_In sigma=1 ] = 1

functions
--------
RooAddition::n_exp_binbin1[ n_exp_binbin1_proc_BH + n_exp_binbin1_proc_Background ] = 1.02395
RooAddition::n_exp_binbin1_bonly[ n_exp_binbin1_proc_Background ] = 0.0239474
ProcessNormalization::n_exp_binbin1_proc_BH[ thetaList=(lumi,jesUp_unc,pdf_unc) asymmThetaList=() otherFactorList=(r) ] = 1
ProcessNormalization::n_exp_binbin1_proc_Background[ thetaList=(xs_Bkg,jerUp_unc) asymmThetaList=() otherFactorList=() ] = 0.0239474

datasets
--------
RooDataSet::data_obs(n_obs_binbin1)

named sets
----------
ModelConfig_GlobalObservables:(lumi_In,jesUp_unc_In,pdf_unc_In,xs_Bkg_In,jerUp_unc_In)
ModelConfig_NuisParams:(lumi,jesUp_unc,pdf_unc,xs_Bkg,jerUp_unc)
ModelConfig_Observables:(n_obs_binbin1)
ModelConfig_POI:(r)
ModelConfig_bonly_GlobalObservables:(lumi_In,jesUp_unc_In,pdf_unc_In,xs_Bkg_In,jerUp_unc_In)
ModelConfig_bonly_NuisParams:(lumi,jesUp_unc,pdf_unc,xs_Bkg,jerUp_unc)
ModelConfig_bonly_Observables:(n_obs_binbin1)
ModelConfig_bonly_POI:(r)
POI:(r)
globalObservables:(lumi_In,jesUp_unc_In,pdf_unc_In,xs_Bkg_In,jerUp_unc_In)
nuisances:(lumi,jesUp_unc,pdf_unc,xs_Bkg,jerUp_unc)
observables:(n_obs_binbin1)

generic objects
---------------
RooStats::ModelConfig::ModelConfig
RooStats::ModelConfig::ModelConfig_bonly
RooArgSet::discreteParams

Workspace has a ModelConfig for signal called 'ModelConfig', with contents:

=== Using the following for ModelConfig ===
Observables:             RooArgSet:: = (n_obs_binbin1)
Parameters of Interest:  RooArgSet:: = (r)
Nuisance Parameters:     RooArgSet:: = (lumi,jesUp_unc,pdf_unc,xs_Bkg,jerUp_unc)
Global Observables:      RooArgSet:: = (lumi_In,jesUp_unc_In,pdf_unc_In,xs_Bkg_In,jerUp_unc_In)
PDF:                     RooProdPdf::model_s[ modelObs_s * nuisancePdf ] = 0.359174

Input ModelConfig 'ModelConfig': 

=== Using the following for ModelConfig ===
Observables:             RooArgSet:: = (n_obs_binbin1)
Parameters of Interest:  RooArgSet:: = (r)
Nuisance Parameters:     RooArgSet:: = (lumi,jesUp_unc,pdf_unc,xs_Bkg,jerUp_unc)
Global Observables:      RooArgSet:: = (lumi_In,jesUp_unc_In,pdf_unc_In,xs_Bkg_In,jerUp_unc_In)
PDF:                     RooProdPdf::model_s[ modelObs_s * nuisancePdf ] = 0.359174

[#1] INFO:ObjectHandling -- RooWorkspace::import(w) importing RooUniform::prior
Computing limit starting from observation
  1) RooRealVar:: n_obs_binbin1 = 0
Set default minimizer to Minuit2
Search for upper limit using pre-computed grid of p-values
  Do HypoTestResult_mh120_r2.5_3431650207 -> 2.5 --> 2.5
  Do HypoTestResult_mh120_r0.3_2987215925 -> 0.3 --> 0.3
  Do HypoTestResult_mh120_r2_1108697827 -> 2 --> 2
  Do HypoTestResult_mh120_r1.5_3936338270 -> 1.5 --> 1.5
  Do HypoTestResult_mh120_r0.5_2996486289 -> 0.5 --> 0.5
  Do HypoTestResult_mh120_r9_809643163 -> 9 --> 9
  Do HypoTestResult_mh120_r5_2556767881 -> 5 --> 5
  Do HypoTestResult_mh120_r3_2394618507 -> 3 --> 3
  Do HypoTestResult_mh120_r0.05_2975180572 -> 0.05 --> 0.05
  Do HypoTestResult_mh120_r0.1_1317316760 -> 0.1 --> 0.1
  Do HypoTestResult_mh120_r4_3103491470 -> 4 --> 4
  Do HypoTestResult_mh120_r3.5_3118956209 -> 3.5 --> 3.5
  Do HypoTestResult_mh120_r1_472885172 -> 1 --> 1
  Do HypoTestResult_mh120_r7_3428472703 -> 7 --> 7
GRID, as is.
  - 0.05  (CLs = 0.972701 +/- 0.0206746)
  - 0.1  (CLs = 0.879479 +/- 0.0190693)
  - 0.3  (CLs = 0.740986 +/- 0.0177482)
  - 0.5  (CLs = 0.60683 +/- 0.0160877)
  - 1  (CLs = 0.338223 +/- 0.0117764)
  - 1.5  (CLs = 0.209223 +/- 0.00951401)
  - 2  (CLs = 0.130523 +/- 0.00728002)
  - 2.5  (CLs = 0.0815908 +/- 0.00578957)
  - 3  (CLs = 0.0410793 +/- 0.00406803)
  - 3.5  (CLs = 0.0289975 +/- 0.00346759)
  - 4  (CLs = 0.0178054 +/- 0.00271612)
  - 5  (CLs = 0.0028665 +/- 0.00108347)
  - 7  (CLs = 0.00120482 +/- 0.000695604)
  - 9  (CLs = 0 +/- 0)
Bisecting range [0, 13]
At r = 2:
	CLs      = 0.131266 +/- 0.00749603
	CLb      = 0.4708 +/- 0.007059
	CLsplusb = 0.0618 +/- 0.00340531

    Midpoint 6 value 0.131266 +/- 0.00749603
    Replacing Min
Bisecting range [6, 13]
At r = 3.5:
	CLs      = 0.029347 +/- 0.00327674
	CLb      = 0.5452 +/- 0.00704212
	CLsplusb = 0.016 +/- 0.00177449

    Midpoint 9 value 0.029347 +/- 0.00327674
    Tightening Range
At r = 2.5:
	CLs      = 0.0808647 +/- 0.0056898
	CLb      = 0.4996 +/- 0.00707107
	CLsplusb = 0.0404 +/- 0.00278452

        Lowpoint 7 value 0.0808647 +/- 0.0056898
At r = 3:
	CLs      = 0.0444065 +/- 0.00352323
	CLb      = 0.7026 +/- 0.00646457
	CLsplusb = 0.0312 +/- 0.00245872

        Lowpoint 8 value 0.0444065 +/- 0.00352323
At r = 5:
	CLs      = 0.00321027 +/- 0.00131112
	CLb      = 0.3738 +/- 0.00684213
	CLsplusb = 0.0012 +/- 0.000489604

        Highpoint 11 value 0.00321027 +/- 0.00131112
At r = 4:
	CLs      = 0.0176748 +/- 0.00263437
	CLb      = 0.5092 +/- 0.00706987
	CLsplusb = 0.009 +/- 0.00133559

        Highpoint 10 value 0.0176748 +/- 0.00263437
Final range [7, 10]
  Will not use point 0 (r 0.05)
  Will not use point 1 (r 0.1)
  Will not use point 2 (r 0.3)
  Will not use point 3 (r 0.5)
  Will not use point 4 (r 1)
  Will not use point 5 (r 1.5)
  Will not use point 6 (r 2)
   Point 7 (r 2.5) was already updated during search.
   Point 8 (r 3) was already updated during search.
   Point 9 (r 3.5) was already updated during search.
   Point 10 (r 4) was already updated during search.
  Will not use point 11 (r 5)
  Will not use point 12 (r 7)
  Will not use point 13 (r 9)
  r 2.50: CLs = 0.0809 +/- 0.0057
  r 3.00: CLs = 0.0444 +/- 0.0035
  r 3.50: CLs = 0.0293 +/- 0.0033
  r 4.00: CLs = 0.0177 +/- 0.0026
 after scan x ~ 3, bounds [ 2.5, 4]

 -- HybridNew, before fit -- 
Limit: r < 3 +/- 1 [2.5, 4]

****************************************
Minimizer is Minuit2 / Migrad
Chi2                      =     0.940639
NDf                       =            2
Edm                       =  9.99352e-06
NCalls                    =           31
p0                        =         0.05                      	 (fixed)
p1                        =     -1.01822   +/-   0.0982597   
p2                        =      2.94165   +/-   0.0446616   
Fit to 4 points: 2.94165 +/- 0.0446616

 -- Hybrid New -- 
Limit: r < 2.94165 +/- 0.0446616 @ 95% CL
Total toys: 0
Done in 0.00 min (cpu), 0.01 min (real)
