>>> including systematics
>>> using the Profile Likelihood test statistics modified for upper limits (Q_LHC)
>>> method used to compute upper limit is HybridNew
>>> random number generator seed is 123456
Adding /uscms_data/d2/lpcljm/sapta/SUSYSearch/LimitSetting/CMSSW_7_1_5/src to include path
Adding /cvmfs/cms.cern.ch/slc6_amd64_gcc481/lcg/roofit/5.34.18-cms3//include to include path
Input workspace 'w': 

RooWorkspace(w) w contents

variables
---------
(jerUp_unc,jerUp_unc_In,jesUp_unc,jesUp_unc_In,lumi,lumi_In,n_obs_binbin1,pdf_unc,pdf_unc_In,r,xs_Bkg,xs_Bkg_In)

p.d.f.s
-------
SimpleGaussianConstraint::jerUp_unc_Pdf[ x=jerUp_unc mean=jerUp_unc_In sigma=1 ] = 1
SimpleGaussianConstraint::jesUp_unc_Pdf[ x=jesUp_unc mean=jesUp_unc_In sigma=1 ] = 1
SimpleGaussianConstraint::lumi_Pdf[ x=lumi mean=lumi_In sigma=1 ] = 1
RooProdPdf::modelObs_b[ pdf_binbin1_bonly ] = 0.265222
RooProdPdf::modelObs_s[ pdf_binbin1 ] = 0.243153
RooProdPdf::model_b[ modelObs_b * nuisancePdf ] = 0.265222
RooProdPdf::model_s[ modelObs_s * nuisancePdf ] = 0.243153
RooProdPdf::nuisancePdf[ lumi_Pdf * jesUp_unc_Pdf * pdf_unc_Pdf * xs_Bkg_Pdf * jerUp_unc_Pdf ] = 1
RooPoisson::pdf_binbin1[ x=n_obs_binbin1 mean=n_exp_binbin1 ] = 0.243153
RooPoisson::pdf_binbin1_bonly[ x=n_obs_binbin1 mean=n_exp_binbin1_bonly ] = 0.265222
SimpleGaussianConstraint::pdf_unc_Pdf[ x=pdf_unc mean=pdf_unc_In sigma=1 ] = 1
SimpleGaussianConstraint::xs_Bkg_Pdf[ x=xs_Bkg mean=xs_Bkg_In sigma=1 ] = 1

functions
--------
RooAddition::n_exp_binbin1[ n_exp_binbin1_proc_BH + n_exp_binbin1_proc_Background ] = 2.7282
RooAddition::n_exp_binbin1_bonly[ n_exp_binbin1_proc_Background ] = 1.7282
ProcessNormalization::n_exp_binbin1_proc_BH[ thetaList=(lumi,jesUp_unc,pdf_unc) asymmThetaList=() otherFactorList=(r) ] = 1
ProcessNormalization::n_exp_binbin1_proc_Background[ thetaList=(xs_Bkg,jerUp_unc) asymmThetaList=() otherFactorList=() ] = 1.7282

datasets
--------
RooDataSet::data_obs(n_obs_binbin1)

named sets
----------
ModelConfig_GlobalObservables:(lumi_In,jesUp_unc_In,pdf_unc_In,xs_Bkg_In,jerUp_unc_In)
ModelConfig_NuisParams:(lumi,jesUp_unc,pdf_unc,xs_Bkg,jerUp_unc)
ModelConfig_Observables:(n_obs_binbin1)
ModelConfig_POI:(r)
ModelConfig_bonly_GlobalObservables:(lumi_In,jesUp_unc_In,pdf_unc_In,xs_Bkg_In,jerUp_unc_In)
ModelConfig_bonly_NuisParams:(lumi,jesUp_unc,pdf_unc,xs_Bkg,jerUp_unc)
ModelConfig_bonly_Observables:(n_obs_binbin1)
ModelConfig_bonly_POI:(r)
POI:(r)
globalObservables:(lumi_In,jesUp_unc_In,pdf_unc_In,xs_Bkg_In,jerUp_unc_In)
nuisances:(lumi,jesUp_unc,pdf_unc,xs_Bkg,jerUp_unc)
observables:(n_obs_binbin1)

generic objects
---------------
RooStats::ModelConfig::ModelConfig
RooStats::ModelConfig::ModelConfig_bonly
RooArgSet::discreteParams

Workspace has a ModelConfig for signal called 'ModelConfig', with contents:

=== Using the following for ModelConfig ===
Observables:             RooArgSet:: = (n_obs_binbin1)
Parameters of Interest:  RooArgSet:: = (r)
Nuisance Parameters:     RooArgSet:: = (lumi,jesUp_unc,pdf_unc,xs_Bkg,jerUp_unc)
Global Observables:      RooArgSet:: = (lumi_In,jesUp_unc_In,pdf_unc_In,xs_Bkg_In,jerUp_unc_In)
PDF:                     RooProdPdf::model_s[ modelObs_s * nuisancePdf ] = 0.243153

Input ModelConfig 'ModelConfig': 

=== Using the following for ModelConfig ===
Observables:             RooArgSet:: = (n_obs_binbin1)
Parameters of Interest:  RooArgSet:: = (r)
Nuisance Parameters:     RooArgSet:: = (lumi,jesUp_unc,pdf_unc,xs_Bkg,jerUp_unc)
Global Observables:      RooArgSet:: = (lumi_In,jesUp_unc_In,pdf_unc_In,xs_Bkg_In,jerUp_unc_In)
PDF:                     RooProdPdf::model_s[ modelObs_s * nuisancePdf ] = 0.243153

[#1] INFO:ObjectHandling -- RooWorkspace::import(w) importing RooUniform::prior
Computing limit starting from observation
  1) RooRealVar:: n_obs_binbin1 = 2
Set default minimizer to Minuit2
Search for upper limit using pre-computed grid of p-values
  Do HypoTestResult_mh120_r5_195084617 -> 5 --> 5
  Do HypoTestResult_mh120_r0.1_55183164 -> 0.1 --> 0.1
  Do HypoTestResult_mh120_r1_794958179 -> 1 --> 1
  Do HypoTestResult_mh120_r9_1284750467 -> 9 --> 9
  Do HypoTestResult_mh120_r0.5_331254810 -> 0.5 --> 0.5
  Do HypoTestResult_mh120_r7_1670275091 -> 7 --> 7
  Do HypoTestResult_mh120_r11_2802586195 -> 11 --> 11
  Do HypoTestResult_mh120_r13_1505620287 -> 13 --> 13
  Do HypoTestResult_mh120_r0.3_2069559769 -> 0.3 --> 0.3
  Do HypoTestResult_mh120_r0.05_3722674590 -> 0.05 --> 0.05
  Do HypoTestResult_mh120_r0.01_50800067 -> 0.01 --> 0.01
  Do HypoTestResult_mh120_r3_3740160055 -> 3 --> 3
  Do HypoTestResult_mh120_r15_1278384879 -> 15 --> 15
GRID, as is.
  - 0.01  (CLs = 1.0008 +/- 0.000749499)
  - 0.05  (CLs = 1.0002 +/- 0.00020006)
  - 0.1  (CLs = 1 +/- 0)
  - 0.3  (CLs = 0.897985 +/- 0.0149163)
  - 0.5  (CLs = 0.811048 +/- 0.0140681)
  - 1  (CLs = 0.636678 +/- 0.0128703)
  - 3  (CLs = 0.17649 +/- 0.0073765)
  - 5  (CLs = 0.0445085 +/- 0.00375417)
  - 7  (CLs = 0.0107425 +/- 0.00183969)
  - 9  (CLs = 0.00227273 +/- 0.000858784)
  - 11  (CLs = 0.000665115 +/- 0.000470275)
  - 13  (CLs = 0 +/- 0)
  - 15  (CLs = 0 +/- 0)
Bisecting range [0, 12]
At r = 3:
	CLs      = 0.138878 +/- 0.00749256
	CLb      = 0.4954 +/- 0.00707077
	CLsplusb = 0.0688 +/- 0.00357957

    Midpoint 6 value 0.138878 +/- 0.00749256
    Replacing Min
Bisecting range [6, 12]
At r = 9:
	CLs      = 0.000682128 +/- 0.000682224
	CLb      = 0.2932 +/- 0.00643792
	CLsplusb = 0.0002 +/- 0.00019998

    Midpoint 9 value 0.000682128 +/- 0.000682224
    Replacing Max
Final range [6, 9]
  Will not use point 0 (r 0.01)
  Will not use point 1 (r 0.05)
  Will not use point 2 (r 0.1)
  Will not use point 3 (r 0.3)
  Will not use point 4 (r 0.5)
  Will not use point 5 (r 1)
   Point 6 (r 3) was already updated during search.
   Updaing point 7 (r 5)
At r = 5:
	CLs      = 0.0311751 +/- 0.00352984
	CLb      = 0.5004 +/- 0.00707107
	CLsplusb = 0.0156 +/- 0.00175252

   Updaing point 8 (r 7)
At r = 7:
	CLs      = 0.00708163 +/- 0.00162422
	CLb      = 0.5366 +/- 0.0070521
	CLsplusb = 0.0038 +/- 0.000870122

   Point 9 (r 9) was already updated during search.
  Will not use point 10 (r 11)
  Will not use point 11 (r 13)
  Will not use point 12 (r 15)
  r 3.00: CLs = 0.1389 +/- 0.0075
  r 5.00: CLs = 0.0312 +/- 0.0035
  r 7.00: CLs = 0.0071 +/- 0.0016
 after scan x ~ 5, bounds [ 3, 7]

 -- HybridNew, before fit -- 
Limit: r < 5 +/- 2 [3, 7]

****************************************
Minimizer is Minuit2 / Migrad
Chi2                      =   0.00131509
NDf                       =            1
Edm                       =  1.57521e-08
NCalls                    =           51
p0                        =         0.05                      	 (fixed)
p1                        =    -0.745413   +/-   0.0451165   
p2                        =      4.37004   +/-   0.0817957   
Fit to 3 points: 4.37004 +/- 0.0817957

 -- Hybrid New -- 
Limit: r < 4.37004 +/- 0.0817957 @ 95% CL
Total toys: 0
Done in 0.00 min (cpu), 0.00 min (real)
