>>> including systematics
>>> using the Profile Likelihood test statistics modified for upper limits (Q_LHC)
>>> method used to compute upper limit is HybridNew
>>> random number generator seed is 123456
Adding /uscms_data/d2/lpcljm/sapta/SUSYSearch/LimitSetting/CMSSW_7_1_5/src to include path
Adding /cvmfs/cms.cern.ch/slc6_amd64_gcc481/lcg/roofit/5.34.18-cms3//include to include path
Input workspace 'w': 

RooWorkspace(w) w contents

variables
---------
(jerUp_unc,jerUp_unc_In,jesUp_unc,jesUp_unc_In,lumi,lumi_In,n_obs_binbin1,pdf_unc,pdf_unc_In,r,xs_Bkg,xs_Bkg_In)

p.d.f.s
-------
SimpleGaussianConstraint::jerUp_unc_Pdf[ x=jerUp_unc mean=jerUp_unc_In sigma=1 ] = 1
SimpleGaussianConstraint::jesUp_unc_Pdf[ x=jesUp_unc mean=jesUp_unc_In sigma=1 ] = 1
SimpleGaussianConstraint::lumi_Pdf[ x=lumi mean=lumi_In sigma=1 ] = 1
RooProdPdf::modelObs_b[ pdf_binbin1_bonly ] = 0.925987
RooProdPdf::modelObs_s[ pdf_binbin1 ] = 0.340652
RooProdPdf::model_b[ modelObs_b * nuisancePdf ] = 0.925987
RooProdPdf::model_s[ modelObs_s * nuisancePdf ] = 0.340652
RooProdPdf::nuisancePdf[ lumi_Pdf * jesUp_unc_Pdf * pdf_unc_Pdf * xs_Bkg_Pdf * jerUp_unc_Pdf ] = 1
RooPoisson::pdf_binbin1[ x=n_obs_binbin1 mean=n_exp_binbin1 ] = 0.340652
RooPoisson::pdf_binbin1_bonly[ x=n_obs_binbin1 mean=n_exp_binbin1_bonly ] = 0.925987
SimpleGaussianConstraint::pdf_unc_Pdf[ x=pdf_unc mean=pdf_unc_In sigma=1 ] = 1
SimpleGaussianConstraint::xs_Bkg_Pdf[ x=xs_Bkg mean=xs_Bkg_In sigma=1 ] = 1

functions
--------
RooAddition::n_exp_binbin1[ n_exp_binbin1_proc_BH + n_exp_binbin1_proc_Background ] = 1.0769
RooAddition::n_exp_binbin1_bonly[ n_exp_binbin1_proc_Background ] = 0.0768952
ProcessNormalization::n_exp_binbin1_proc_BH[ thetaList=(lumi,jesUp_unc,pdf_unc) asymmThetaList=() otherFactorList=(r) ] = 1
ProcessNormalization::n_exp_binbin1_proc_Background[ thetaList=(xs_Bkg,jerUp_unc) asymmThetaList=() otherFactorList=() ] = 0.0768952

datasets
--------
RooDataSet::data_obs(n_obs_binbin1)

named sets
----------
ModelConfig_GlobalObservables:(lumi_In,jesUp_unc_In,pdf_unc_In,xs_Bkg_In,jerUp_unc_In)
ModelConfig_NuisParams:(lumi,jesUp_unc,pdf_unc,xs_Bkg,jerUp_unc)
ModelConfig_Observables:(n_obs_binbin1)
ModelConfig_POI:(r)
ModelConfig_bonly_GlobalObservables:(lumi_In,jesUp_unc_In,pdf_unc_In,xs_Bkg_In,jerUp_unc_In)
ModelConfig_bonly_NuisParams:(lumi,jesUp_unc,pdf_unc,xs_Bkg,jerUp_unc)
ModelConfig_bonly_Observables:(n_obs_binbin1)
ModelConfig_bonly_POI:(r)
POI:(r)
globalObservables:(lumi_In,jesUp_unc_In,pdf_unc_In,xs_Bkg_In,jerUp_unc_In)
nuisances:(lumi,jesUp_unc,pdf_unc,xs_Bkg,jerUp_unc)
observables:(n_obs_binbin1)

generic objects
---------------
RooStats::ModelConfig::ModelConfig
RooStats::ModelConfig::ModelConfig_bonly
RooArgSet::discreteParams

Workspace has a ModelConfig for signal called 'ModelConfig', with contents:

=== Using the following for ModelConfig ===
Observables:             RooArgSet:: = (n_obs_binbin1)
Parameters of Interest:  RooArgSet:: = (r)
Nuisance Parameters:     RooArgSet:: = (lumi,jesUp_unc,pdf_unc,xs_Bkg,jerUp_unc)
Global Observables:      RooArgSet:: = (lumi_In,jesUp_unc_In,pdf_unc_In,xs_Bkg_In,jerUp_unc_In)
PDF:                     RooProdPdf::model_s[ modelObs_s * nuisancePdf ] = 0.340652

Input ModelConfig 'ModelConfig': 

=== Using the following for ModelConfig ===
Observables:             RooArgSet:: = (n_obs_binbin1)
Parameters of Interest:  RooArgSet:: = (r)
Nuisance Parameters:     RooArgSet:: = (lumi,jesUp_unc,pdf_unc,xs_Bkg,jerUp_unc)
Global Observables:      RooArgSet:: = (lumi_In,jesUp_unc_In,pdf_unc_In,xs_Bkg_In,jerUp_unc_In)
PDF:                     RooProdPdf::model_s[ modelObs_s * nuisancePdf ] = 0.340652

[#1] INFO:ObjectHandling -- RooWorkspace::import(w) importing RooUniform::prior
Computing limit starting from observation
  1) RooRealVar:: n_obs_binbin1 = 0
Set default minimizer to Minuit2
Search for upper limit using pre-computed grid of p-values
  Do HypoTestResult_mh120_r0.3_2263400405 -> 0.3 --> 0.3
  Do HypoTestResult_mh120_r9_1002233857 -> 9 --> 9
  Do HypoTestResult_mh120_r2.5_3680930616 -> 2.5 --> 2.5
  Do HypoTestResult_mh120_r0.5_2050656781 -> 0.5 --> 0.5
  Do HypoTestResult_mh120_r7_31954982 -> 7 --> 7
  Do HypoTestResult_mh120_r0.1_1200260789 -> 0.1 --> 0.1
  Do HypoTestResult_mh120_r1.5_2549190201 -> 1.5 --> 1.5
  Do HypoTestResult_mh120_r2_165120060 -> 2 --> 2
  Do HypoTestResult_mh120_r1_3303648817 -> 1 --> 1
  Do HypoTestResult_mh120_r5_2259151353 -> 5 --> 5
  Do HypoTestResult_mh120_r4_2378642522 -> 4 --> 4
  Do HypoTestResult_mh120_r3.5_1996496253 -> 3.5 --> 3.5
  Do HypoTestResult_mh120_r3_3287871107 -> 3 --> 3
  Do HypoTestResult_mh120_r0.05_3532463155 -> 0.05 --> 0.05
GRID, as is.
  - 0.05  (CLs = 0.97646 +/- 0.0214454)
  - 0.1  (CLs = 0.886672 +/- 0.0198889)
  - 0.3  (CLs = 0.718328 +/- 0.0181924)
  - 0.5  (CLs = 0.597509 +/- 0.0163466)
  - 1  (CLs = 0.331487 +/- 0.0120043)
  - 1.5  (CLs = 0.207015 +/- 0.00947266)
  - 2  (CLs = 0.110924 +/- 0.00685939)
  - 2.5  (CLs = 0.0773913 +/- 0.00581865)
  - 3  (CLs = 0.0427277 +/- 0.004301)
  - 3.5  (CLs = 0.0276596 +/- 0.00343359)
  - 4  (CLs = 0.0148862 +/- 0.0025546)
  - 5  (CLs = 0.00655022 +/- 0.00169172)
  - 7  (CLs = 0 +/- 0)
  - 9  (CLs = 0 +/- 0)
Bisecting range [0, 13]
At r = 2:
	CLs      = 0.128016 +/- 0.00538467
	CLb      = 0.8124 +/- 0.00552098
	CLsplusb = 0.104 +/- 0.00431704

    Midpoint 6 value 0.128016 +/- 0.00538467
    Replacing Min
Bisecting range [6, 13]
At r = 3.5:
	CLs      = 0.0319504 +/- 0.00273005
	CLb      = 0.8388 +/- 0.00520028
	CLsplusb = 0.0268 +/- 0.00228393

    Midpoint 9 value 0.0319504 +/- 0.00273005
    Tightening Range
At r = 2.5:
	CLs      = 0.0822551 +/- 0.00422638
	CLb      = 0.8656 +/- 0.00482362
	CLsplusb = 0.0712 +/- 0.00363677

        Lowpoint 7 value 0.0822551 +/- 0.00422638
At r = 3:
	CLs      = 0.054292 +/- 0.00358042
	CLb      = 0.8178 +/- 0.005459
	CLsplusb = 0.0444 +/- 0.00291303

        Lowpoint 8 value 0.054292 +/- 0.00358042
At r = 5:
	CLs      = 0.00721649 +/- 0.00193025
	CLb      = 0.388 +/- 0.00689139
	CLsplusb = 0.0028 +/- 0.000747283

        Highpoint 11 value 0.00721649 +/- 0.00193025
At r = 4:
	CLs      = 0.0178008 +/- 0.00198888
	CLb      = 0.8876 +/- 0.00446691
	CLsplusb = 0.0158 +/- 0.00176354

        Highpoint 10 value 0.0178008 +/- 0.00198888
Final range [7, 10]
  Will not use point 0 (r 0.05)
  Will not use point 1 (r 0.1)
  Will not use point 2 (r 0.3)
  Will not use point 3 (r 0.5)
  Will not use point 4 (r 1)
  Will not use point 5 (r 1.5)
  Will not use point 6 (r 2)
   Point 7 (r 2.5) was already updated during search.
   Point 8 (r 3) was already updated during search.
   Point 9 (r 3.5) was already updated during search.
   Point 10 (r 4) was already updated during search.
  Will not use point 11 (r 5)
  Will not use point 12 (r 7)
  Will not use point 13 (r 9)
  r 2.50: CLs = 0.0823 +/- 0.0042
  r 3.00: CLs = 0.0543 +/- 0.0036
  r 3.50: CLs = 0.0320 +/- 0.0027
  r 4.00: CLs = 0.0178 +/- 0.0020
 after scan x ~ 3, bounds [ 2.5, 4]

 -- HybridNew, before fit -- 
Limit: r < 3 +/- 1 [2.5, 4]

****************************************
Minimizer is Minuit2 / Migrad
Chi2                      =      1.36472
NDf                       =            2
Edm                       =  1.10503e-08
NCalls                    =           33
p0                        =         0.05                      	 (fixed)
p1                        =    -0.990793   +/-   0.0660836   
p2                        =       3.0256   +/-   0.0355102   
Fit to 4 points: 3.0256 +/- 0.0355102

 -- Hybrid New -- 
Limit: r < 3.0256 +/- 0.0355102 @ 95% CL
Total toys: 0
Done in 0.00 min (cpu), 0.01 min (real)
