>>> including systematics
>>> using the Profile Likelihood test statistics modified for upper limits (Q_LHC)
>>> method used to compute upper limit is HybridNew
>>> random number generator seed is 123456
Adding /uscms_data/d2/lpcljm/sapta/SUSYSearch/LimitSetting/CMSSW_7_1_5/src to include path
Adding /cvmfs/cms.cern.ch/slc6_amd64_gcc481/lcg/roofit/5.34.18-cms3//include to include path
Input workspace 'w': 

RooWorkspace(w) w contents

variables
---------
(jerUp_unc,jerUp_unc_In,jesUp_unc,jesUp_unc_In,lumi,lumi_In,n_obs_binbin1,pdf_unc,pdf_unc_In,r,xs_Bkg,xs_Bkg_In)

p.d.f.s
-------
SimpleGaussianConstraint::jerUp_unc_Pdf[ x=jerUp_unc mean=jerUp_unc_In sigma=1 ] = 1
SimpleGaussianConstraint::jesUp_unc_Pdf[ x=jesUp_unc mean=jesUp_unc_In sigma=1 ] = 1
SimpleGaussianConstraint::lumi_Pdf[ x=lumi mean=lumi_In sigma=1 ] = 1
RooProdPdf::modelObs_b[ pdf_binbin1_bonly ] = 0.174871
RooProdPdf::modelObs_s[ pdf_binbin1 ] = 0.165188
RooProdPdf::model_b[ modelObs_b * nuisancePdf ] = 0.174871
RooProdPdf::model_s[ modelObs_s * nuisancePdf ] = 0.165188
RooProdPdf::nuisancePdf[ lumi_Pdf * jesUp_unc_Pdf * pdf_unc_Pdf * xs_Bkg_Pdf * jerUp_unc_Pdf ] = 1
RooPoisson::pdf_binbin1[ x=n_obs_binbin1 mean=n_exp_binbin1 ] = 0.165188
RooPoisson::pdf_binbin1_bonly[ x=n_obs_binbin1 mean=n_exp_binbin1_bonly ] = 0.174871
SimpleGaussianConstraint::pdf_unc_Pdf[ x=pdf_unc mean=pdf_unc_In sigma=1 ] = 1
SimpleGaussianConstraint::xs_Bkg_Pdf[ x=xs_Bkg mean=xs_Bkg_In sigma=1 ] = 1

functions
--------
RooAddition::n_exp_binbin1[ n_exp_binbin1_proc_BH + n_exp_binbin1_proc_Background ] = 5.81775
RooAddition::n_exp_binbin1_bonly[ n_exp_binbin1_proc_Background ] = 4.81775
ProcessNormalization::n_exp_binbin1_proc_BH[ thetaList=(lumi,jesUp_unc,pdf_unc) asymmThetaList=() otherFactorList=(r) ] = 1
ProcessNormalization::n_exp_binbin1_proc_Background[ thetaList=(xs_Bkg,jerUp_unc) asymmThetaList=() otherFactorList=() ] = 4.81775

datasets
--------
RooDataSet::data_obs(n_obs_binbin1)

named sets
----------
ModelConfig_GlobalObservables:(lumi_In,jesUp_unc_In,pdf_unc_In,xs_Bkg_In,jerUp_unc_In)
ModelConfig_NuisParams:(lumi,jesUp_unc,pdf_unc,xs_Bkg,jerUp_unc)
ModelConfig_Observables:(n_obs_binbin1)
ModelConfig_POI:(r)
ModelConfig_bonly_GlobalObservables:(lumi_In,jesUp_unc_In,pdf_unc_In,xs_Bkg_In,jerUp_unc_In)
ModelConfig_bonly_NuisParams:(lumi,jesUp_unc,pdf_unc,xs_Bkg,jerUp_unc)
ModelConfig_bonly_Observables:(n_obs_binbin1)
ModelConfig_bonly_POI:(r)
POI:(r)
globalObservables:(lumi_In,jesUp_unc_In,pdf_unc_In,xs_Bkg_In,jerUp_unc_In)
nuisances:(lumi,jesUp_unc,pdf_unc,xs_Bkg,jerUp_unc)
observables:(n_obs_binbin1)

generic objects
---------------
RooStats::ModelConfig::ModelConfig
RooStats::ModelConfig::ModelConfig_bonly
RooArgSet::discreteParams

Workspace has a ModelConfig for signal called 'ModelConfig', with contents:

=== Using the following for ModelConfig ===
Observables:             RooArgSet:: = (n_obs_binbin1)
Parameters of Interest:  RooArgSet:: = (r)
Nuisance Parameters:     RooArgSet:: = (lumi,jesUp_unc,pdf_unc,xs_Bkg,jerUp_unc)
Global Observables:      RooArgSet:: = (lumi_In,jesUp_unc_In,pdf_unc_In,xs_Bkg_In,jerUp_unc_In)
PDF:                     RooProdPdf::model_s[ modelObs_s * nuisancePdf ] = 0.165188

Input ModelConfig 'ModelConfig': 

=== Using the following for ModelConfig ===
Observables:             RooArgSet:: = (n_obs_binbin1)
Parameters of Interest:  RooArgSet:: = (r)
Nuisance Parameters:     RooArgSet:: = (lumi,jesUp_unc,pdf_unc,xs_Bkg,jerUp_unc)
Global Observables:      RooArgSet:: = (lumi_In,jesUp_unc_In,pdf_unc_In,xs_Bkg_In,jerUp_unc_In)
PDF:                     RooProdPdf::model_s[ modelObs_s * nuisancePdf ] = 0.165188

[#1] INFO:ObjectHandling -- RooWorkspace::import(w) importing RooUniform::prior
Computing limit starting from observation
  1) RooRealVar:: n_obs_binbin1 = 5
Set default minimizer to Minuit2
Search for upper limit using pre-computed grid of p-values
  Do HypoTestResult_mh120_r9_4150452048 -> 9 --> 9
  Do HypoTestResult_mh120_r15_1425420558 -> 15 --> 15
  Do HypoTestResult_mh120_r1_3144187611 -> 1 --> 1
  Do HypoTestResult_mh120_r12_4015822258 -> 12 --> 12
  Do HypoTestResult_mh120_r7_3569874851 -> 7 --> 7
  Do HypoTestResult_mh120_r2_657290358 -> 2 --> 2
  Do HypoTestResult_mh120_r5_1420967942 -> 5 --> 5
  Do HypoTestResult_mh120_r3_425164188 -> 3 --> 3
  Do HypoTestResult_mh120_r0.5_986254251 -> 0.5 --> 0.5
  Do HypoTestResult_mh120_r11_950309735 -> 11 --> 11
GRID, as is.
  - 0.5  (CLs = 0.889487 +/- 0.0169283)
  - 1  (CLs = 0.7771 +/- 0.0159416)
  - 2  (CLs = 0.537847 +/- 0.0130952)
  - 3  (CLs = 0.355665 +/- 0.0108868)
  - 5  (CLs = 0.148215 +/- 0.0072515)
  - 7  (CLs = 0.0509179 +/- 0.00418305)
  - 9  (CLs = 0.0116897 +/- 0.00203338)
  - 11  (CLs = 0.00391738 +/- 0.00118085)
  - 12  (CLs = 0.00069979 +/- 0.000494802)
  - 15  (CLs = 0.000359195 +/- 0.000359188)
Bisecting range [0, 9]
At r = 5:
	CLs      = 0.328575 +/- 0.00778964
	CLb      = 0.8406 +/- 0.00517671
	CLsplusb = 0.2762 +/- 0.00632319

    Midpoint 4 value 0.328575 +/- 0.00778964
    Replacing Min
Bisecting range [4, 9]
At r = 9:
	CLs      = 0.0498093 +/- 0.00338667
	CLb      = 0.8392 +/- 0.00519506
	CLsplusb = 0.0418 +/- 0.00283029

    Midpoint 6 value 0.0498093 +/- 0.00338667
    Tightening Range
At r = 7:
	CLs      = 0.139828 +/- 0.00549045
	CLb      = 0.8396 +/- 0.00518983
	CLsplusb = 0.1174 +/- 0.0045523

        Lowpoint 5 value 0.139828 +/- 0.00549045
At r = 11:
	CLs      = 0.0192765 +/- 0.00212774
	CLb      = 0.8404 +/- 0.00517934
	CLsplusb = 0.0162 +/- 0.00178536

        Highpoint 7 value 0.0192765 +/- 0.00212774
Final range [5, 7]
  Will not use point 0 (r 0.5)
  Will not use point 1 (r 1)
  Will not use point 2 (r 2)
  Will not use point 3 (r 3)
  Will not use point 4 (r 5)
   Point 5 (r 7) was already updated during search.
   Point 6 (r 9) was already updated during search.
   Point 7 (r 11) was already updated during search.
  Will not use point 8 (r 12)
  Will not use point 9 (r 15)
  r 7.00: CLs = 0.1398 +/- 0.0055
  r 9.00: CLs = 0.0498 +/- 0.0034
  r 11.00: CLs = 0.0193 +/- 0.0021
 after scan x ~ 9, bounds [ 7, 11]

 -- HybridNew, before fit -- 
Limit: r < 9 +/- 2 [7, 11]

****************************************
Minimizer is Minuit2 / Migrad
Chi2                      =     0.213405
NDf                       =            1
Edm                       =  1.67811e-09
NCalls                    =           41
p0                        =         0.05                      	 (fixed)
p1                        =    -0.502618   +/-   0.0257834   
p2                        =      9.03813   +/-   0.0905253   
Fit to 3 points: 9.03813 +/- 0.0905253

 -- Hybrid New -- 
Limit: r < 9.03813 +/- 0.0905253 @ 95% CL
Total toys: 0
Done in 0.00 min (cpu), 0.01 min (real)
