>>> including systematics
>>> using the Profile Likelihood test statistics modified for upper limits (Q_LHC)
>>> method used to compute upper limit is HybridNew
>>> random number generator seed is 123456
Adding /uscms_data/d2/lpcljm/sapta/SUSYSearch/LimitSetting/CMSSW_7_1_5/src to include path
Adding /cvmfs/cms.cern.ch/slc6_amd64_gcc481/lcg/roofit/5.34.18-cms3//include to include path
Input workspace 'w': 

RooWorkspace(w) w contents

variables
---------
(jerUp_unc,jerUp_unc_In,jesUp_unc,jesUp_unc_In,lumi,lumi_In,n_obs_binbin1,pdf_unc,pdf_unc_In,r,xs_Bkg,xs_Bkg_In)

p.d.f.s
-------
SimpleGaussianConstraint::jerUp_unc_Pdf[ x=jerUp_unc mean=jerUp_unc_In sigma=1 ] = 1
SimpleGaussianConstraint::jesUp_unc_Pdf[ x=jesUp_unc mean=jesUp_unc_In sigma=1 ] = 1
SimpleGaussianConstraint::lumi_Pdf[ x=lumi mean=lumi_In sigma=1 ] = 1
RooProdPdf::modelObs_b[ pdf_binbin1_bonly ] = 0.340942
RooProdPdf::modelObs_s[ pdf_binbin1 ] = 0.315759
RooProdPdf::model_b[ modelObs_b * nuisancePdf ] = 0.340942
RooProdPdf::model_s[ modelObs_s * nuisancePdf ] = 0.315759
RooProdPdf::nuisancePdf[ lumi_Pdf * jesUp_unc_Pdf * pdf_unc_Pdf * xs_Bkg_Pdf * jerUp_unc_Pdf ] = 1
RooPoisson::pdf_binbin1[ x=n_obs_binbin1 mean=n_exp_binbin1 ] = 0.315759
RooPoisson::pdf_binbin1_bonly[ x=n_obs_binbin1 mean=n_exp_binbin1_bonly ] = 0.340942
SimpleGaussianConstraint::pdf_unc_Pdf[ x=pdf_unc mean=pdf_unc_In sigma=1 ] = 1
SimpleGaussianConstraint::xs_Bkg_Pdf[ x=xs_Bkg mean=xs_Bkg_In sigma=1 ] = 1

functions
--------
RooAddition::n_exp_binbin1[ n_exp_binbin1_proc_BH + n_exp_binbin1_proc_Background ] = 1.65898
RooAddition::n_exp_binbin1_bonly[ n_exp_binbin1_proc_Background ] = 0.658978
ProcessNormalization::n_exp_binbin1_proc_BH[ thetaList=(lumi,jesUp_unc,pdf_unc) asymmThetaList=() otherFactorList=(r) ] = 1
ProcessNormalization::n_exp_binbin1_proc_Background[ thetaList=(xs_Bkg,jerUp_unc) asymmThetaList=() otherFactorList=() ] = 0.658978

datasets
--------
RooDataSet::data_obs(n_obs_binbin1)

named sets
----------
ModelConfig_GlobalObservables:(lumi_In,jesUp_unc_In,pdf_unc_In,xs_Bkg_In,jerUp_unc_In)
ModelConfig_NuisParams:(lumi,jesUp_unc,pdf_unc,xs_Bkg,jerUp_unc)
ModelConfig_Observables:(n_obs_binbin1)
ModelConfig_POI:(r)
ModelConfig_bonly_GlobalObservables:(lumi_In,jesUp_unc_In,pdf_unc_In,xs_Bkg_In,jerUp_unc_In)
ModelConfig_bonly_NuisParams:(lumi,jesUp_unc,pdf_unc,xs_Bkg,jerUp_unc)
ModelConfig_bonly_Observables:(n_obs_binbin1)
ModelConfig_bonly_POI:(r)
POI:(r)
globalObservables:(lumi_In,jesUp_unc_In,pdf_unc_In,xs_Bkg_In,jerUp_unc_In)
nuisances:(lumi,jesUp_unc,pdf_unc,xs_Bkg,jerUp_unc)
observables:(n_obs_binbin1)

generic objects
---------------
RooStats::ModelConfig::ModelConfig
RooStats::ModelConfig::ModelConfig_bonly
RooArgSet::discreteParams

Workspace has a ModelConfig for signal called 'ModelConfig', with contents:

=== Using the following for ModelConfig ===
Observables:             RooArgSet:: = (n_obs_binbin1)
Parameters of Interest:  RooArgSet:: = (r)
Nuisance Parameters:     RooArgSet:: = (lumi,jesUp_unc,pdf_unc,xs_Bkg,jerUp_unc)
Global Observables:      RooArgSet:: = (lumi_In,jesUp_unc_In,pdf_unc_In,xs_Bkg_In,jerUp_unc_In)
PDF:                     RooProdPdf::model_s[ modelObs_s * nuisancePdf ] = 0.315759

Input ModelConfig 'ModelConfig': 

=== Using the following for ModelConfig ===
Observables:             RooArgSet:: = (n_obs_binbin1)
Parameters of Interest:  RooArgSet:: = (r)
Nuisance Parameters:     RooArgSet:: = (lumi,jesUp_unc,pdf_unc,xs_Bkg,jerUp_unc)
Global Observables:      RooArgSet:: = (lumi_In,jesUp_unc_In,pdf_unc_In,xs_Bkg_In,jerUp_unc_In)
PDF:                     RooProdPdf::model_s[ modelObs_s * nuisancePdf ] = 0.315759

[#1] INFO:ObjectHandling -- RooWorkspace::import(w) importing RooUniform::prior
Computing limit starting from observation
  1) RooRealVar:: n_obs_binbin1 = 1
Set default minimizer to Minuit2
Search for upper limit using pre-computed grid of p-values
  Do HypoTestResult_mh120_r4_3369056687 -> 4 --> 4
  Do HypoTestResult_mh120_r7_3556067545 -> 7 --> 7
  Do HypoTestResult_mh120_r0.5_441572129 -> 0.5 --> 0.5
  Do HypoTestResult_mh120_r5_405683983 -> 5 --> 5
  Do HypoTestResult_mh120_r0.05_4234078346 -> 0.05 --> 0.05
  Do HypoTestResult_mh120_r0.1_1179195535 -> 0.1 --> 0.1
  Do HypoTestResult_mh120_r1.5_3954329210 -> 1.5 --> 1.5
  Do HypoTestResult_mh120_r2_3186556244 -> 2 --> 2
  Do HypoTestResult_mh120_r11_3275244057 -> 11 --> 11
  Do HypoTestResult_mh120_r0.1_2327178711 -> 0.1 --> 0.1
  Do HypoTestResult_mh120_r1.5_104743902 -> 1.5 --> 1.5
  Do HypoTestResult_mh120_r1_2947997313 -> 1 --> 1
  Do HypoTestResult_mh120_r9_3279059576 -> 9 --> 9
  Do HypoTestResult_mh120_r5_1976217755 -> 5 --> 5
  Do HypoTestResult_mh120_r9_382481812 -> 9 --> 9
  Do HypoTestResult_mh120_r11_878809912 -> 11 --> 11
  Do HypoTestResult_mh120_r0.3_251463359 -> 0.3 --> 0.3
  Do HypoTestResult_mh120_r4_636343492 -> 4 --> 4
  Do HypoTestResult_mh120_r0.3_2883559766 -> 0.3 --> 0.3
  Do HypoTestResult_mh120_r7_1866920220 -> 7 --> 7
  Do HypoTestResult_mh120_r3_2808933216 -> 3 --> 3
  Do HypoTestResult_mh120_r1_4278277776 -> 1 --> 1
  Do HypoTestResult_mh120_r0.05_4293550756 -> 0.05 --> 0.05
  Do HypoTestResult_mh120_r0.5_2946372494 -> 0.5 --> 0.5
  Do HypoTestResult_mh120_r3_2794668237 -> 3 --> 3
  Do HypoTestResult_mh120_r2_1579983464 -> 2 --> 2
GRID, as is.
  - 0.05  (CLs = 1 +/- 0)
  - 0.1  (CLs = 1.00016 +/- 0.000103001)
  - 0.3  (CLs = 0.99997 +/- 0.000132342)
  - 0.5  (CLs = 0.724469 +/- 0.00273687)
  - 1  (CLs = 0.510387 +/- 0.00243754)
  - 1.5  (CLs = 0.345631 +/- 0.00208953)
  - 2  (CLs = 0.240139 +/- 0.0017742)
  - 3  (CLs = 0.107049 +/- 0.00121754)
  - 4  (CLs = 0.0448147 +/- 0.000797813)
  - 5  (CLs = 0.0195702 +/- 0.000531865)
  - 7  (CLs = 0.00336548 +/- 0.000221776)
  - 9  (CLs = 0.000602295 +/- 9.40524e-05)
  - 11  (CLs = 5.88417e-05 +/- 2.94205e-05)
Bisecting range [0, 12]
At r = 2:
	CLs      = 0.582111 +/- 0.00164294
	CLb      = 0.97186 +/- 0.000522954
	CLsplusb = 0.56573 +/- 0.00156742

    Midpoint 6 value 0.582111 +/- 0.00164294
    Replacing Min
Bisecting range [6, 12]
At r = 5:
	CLs      = 0.123396 +/- 0.001057
	CLb      = 0.97499 +/- 0.000493807
	CLsplusb = 0.12031 +/- 0.00102876

    Midpoint 9 value 0.123396 +/- 0.001057
    Replacing Min
Final range [9, 12]
  Will not use point 0 (r 0.05)
  Will not use point 1 (r 0.1)
  Will not use point 2 (r 0.3)
  Will not use point 3 (r 0.5)
  Will not use point 4 (r 1)
  Will not use point 5 (r 1.5)
  Will not use point 6 (r 2)
  Will not use point 7 (r 3)
  Will not use point 8 (r 4)
   Point 9 (r 5) was already updated during search.
   Updaing point 10 (r 7)
At r = 7:
	CLs      = 0.0332605 +/- 0.000574755
	CLb      = 0.97503 +/- 0.000493422
	CLsplusb = 0.03243 +/- 0.000560163

   Updaing point 11 (r 9)
At r = 9:
	CLs      = 0.00851282 +/- 0.000294287
	CLb      = 0.975 +/- 0.00049371
	CLsplusb = 0.0083 +/- 0.000286899

   Updaing point 12 (r 11)
At r = 11:
	CLs      = 0.00203017 +/- 0.000144138
	CLb      = 0.97529 +/- 0.000490912
	CLsplusb = 0.00198 +/- 0.000140573

  r 5.00: CLs = 0.1234 +/- 0.0011
  r 7.00: CLs = 0.0333 +/- 0.0006
  r 9.00: CLs = 0.0085 +/- 0.0003
 after scan x ~ 7, bounds [ 5, 9]

 -- HybridNew, before fit -- 
Limit: r < 7 +/- 2 [5, 9]

****************************************
Minimizer is Minuit2 / Migrad
Chi2                      =      1.09424
NDf                       =            1
Edm                       =  1.32267e-06
NCalls                    =           53
p0                        =         0.05                      	 (fixed)
p1                        =    -0.662749   +/-   0.00680096  
p2                        =      6.36542   +/-   0.013982    
Fit to 3 points: 6.36542 +/- 0.013982

 -- Hybrid New -- 
Limit: r < 6.36542 +/- 0.013982 @ 95% CL
Total toys: 0
Done in 0.02 min (cpu), 0.02 min (real)
