>>> including systematics
>>> using the Profile Likelihood test statistics modified for upper limits (Q_LHC)
>>> method used to compute upper limit is HybridNew
>>> Using OpenSSL to get a really random seed 
>>> Used OpenSSL to get a really random seed -460704656
Adding /uscms_data/d2/lpcljm/sapta/SUSYSearch/LimitSetting/CMSSW_7_1_5/src to include path
Adding /cvmfs/cms.cern.ch/slc6_amd64_gcc481/lcg/roofit/5.34.18-cms3//include to include path
Input workspace 'w': 

RooWorkspace(w) w contents

variables
---------
(jerUp_unc,jerUp_unc_In,jesUp_unc,jesUp_unc_In,lumi,lumi_In,n_obs_binbin1,pdf_unc,pdf_unc_In,r,xs_Bkg,xs_Bkg_In)

p.d.f.s
-------
SimpleGaussianConstraint::jerUp_unc_Pdf[ x=jerUp_unc mean=jerUp_unc_In sigma=1 ] = 1
SimpleGaussianConstraint::jesUp_unc_Pdf[ x=jesUp_unc mean=jesUp_unc_In sigma=1 ] = 1
SimpleGaussianConstraint::lumi_Pdf[ x=lumi mean=lumi_In sigma=1 ] = 1
RooProdPdf::modelObs_b[ pdf_binbin1_bonly ] = 0.193786
RooProdPdf::modelObs_s[ pdf_binbin1 ] = 0.358243
RooProdPdf::model_b[ modelObs_b * nuisancePdf ] = 0.193786
RooProdPdf::model_s[ modelObs_s * nuisancePdf ] = 0.358243
RooProdPdf::nuisancePdf[ lumi_Pdf * jesUp_unc_Pdf * pdf_unc_Pdf * xs_Bkg_Pdf * jerUp_unc_Pdf ] = 1
RooPoisson::pdf_binbin1[ x=n_obs_binbin1 mean=n_exp_binbin1 ] = 0.358243
RooPoisson::pdf_binbin1_bonly[ x=n_obs_binbin1 mean=n_exp_binbin1_bonly ] = 0.193786
SimpleGaussianConstraint::pdf_unc_Pdf[ x=pdf_unc mean=pdf_unc_In sigma=1 ] = 1
SimpleGaussianConstraint::xs_Bkg_Pdf[ x=xs_Bkg mean=xs_Bkg_In sigma=1 ] = 1

functions
--------
RooAddition::n_exp_binbin1[ n_exp_binbin1_proc_BH + n_exp_binbin1_proc_Background ] = 1.24844
RooAddition::n_exp_binbin1_bonly[ n_exp_binbin1_proc_Background ] = 0.248437
ProcessNormalization::n_exp_binbin1_proc_BH[ thetaList=(lumi,jesUp_unc,pdf_unc) asymmThetaList=() otherFactorList=(r) ] = 1
ProcessNormalization::n_exp_binbin1_proc_Background[ thetaList=(xs_Bkg,jerUp_unc) asymmThetaList=() otherFactorList=() ] = 0.248437

datasets
--------
RooDataSet::data_obs(n_obs_binbin1)

named sets
----------
ModelConfig_GlobalObservables:(lumi_In,jesUp_unc_In,pdf_unc_In,xs_Bkg_In,jerUp_unc_In)
ModelConfig_NuisParams:(lumi,jesUp_unc,pdf_unc,xs_Bkg,jerUp_unc)
ModelConfig_Observables:(n_obs_binbin1)
ModelConfig_POI:(r)
ModelConfig_bonly_GlobalObservables:(lumi_In,jesUp_unc_In,pdf_unc_In,xs_Bkg_In,jerUp_unc_In)
ModelConfig_bonly_NuisParams:(lumi,jesUp_unc,pdf_unc,xs_Bkg,jerUp_unc)
ModelConfig_bonly_Observables:(n_obs_binbin1)
ModelConfig_bonly_POI:(r)
POI:(r)
globalObservables:(lumi_In,jesUp_unc_In,pdf_unc_In,xs_Bkg_In,jerUp_unc_In)
nuisances:(lumi,jesUp_unc,pdf_unc,xs_Bkg,jerUp_unc)
observables:(n_obs_binbin1)

generic objects
---------------
RooStats::ModelConfig::ModelConfig
RooStats::ModelConfig::ModelConfig_bonly
RooArgSet::discreteParams

Workspace has a ModelConfig for signal called 'ModelConfig', with contents:

=== Using the following for ModelConfig ===
Observables:             RooArgSet:: = (n_obs_binbin1)
Parameters of Interest:  RooArgSet:: = (r)
Nuisance Parameters:     RooArgSet:: = (lumi,jesUp_unc,pdf_unc,xs_Bkg,jerUp_unc)
Global Observables:      RooArgSet:: = (lumi_In,jesUp_unc_In,pdf_unc_In,xs_Bkg_In,jerUp_unc_In)
PDF:                     RooProdPdf::model_s[ modelObs_s * nuisancePdf ] = 0.358243

Input ModelConfig 'ModelConfig': 

=== Using the following for ModelConfig ===
Observables:             RooArgSet:: = (n_obs_binbin1)
Parameters of Interest:  RooArgSet:: = (r)
Nuisance Parameters:     RooArgSet:: = (lumi,jesUp_unc,pdf_unc,xs_Bkg,jerUp_unc)
Global Observables:      RooArgSet:: = (lumi_In,jesUp_unc_In,pdf_unc_In,xs_Bkg_In,jerUp_unc_In)
PDF:                     RooProdPdf::model_s[ modelObs_s * nuisancePdf ] = 0.358243

[#1] INFO:ObjectHandling -- RooWorkspace::import(w) importing RooUniform::prior
Computing limit starting from observation
  1) RooRealVar:: n_obs_binbin1 = 1
Set default minimizer to Minuit2
  r = 0.05 +/- 0
[#1] INFO:Minization --  Including the following contraint terms in minimization: (nuisancePdf)
[#1] INFO:Fitting -- RooAddition::defaultErrorLevel(nll_model_s_data_obs_with_constr) Summation contains a RooNLLVar, using its error level
Minuit2Minimizer: Minimize with max-calls 2500 convergence for edm < 0.01 strategy 1
MnSeedGenerator: for initial parameters FCN = 6.2357
MnSeedGenerator: Initial state:   - FCN =   6.235695652725 Edm =     0.112316 NCalls =     21
VariableMetric: start iterating until Edm is < 1e-05
VariableMetric: Initial state   - FCN =   6.235695652725 Edm =     0.112316 NCalls =     21
VariableMetric: Iteration #   1 - FCN =   6.124655661434 Edm =  3.43256e-05 NCalls =     32
VariableMetric: Iteration #   2 - FCN =   6.124622372679 Edm =  5.86636e-09 NCalls =     43
VariableMetric: After Hessian   - FCN =   6.124622372679 Edm =  5.78938e-09 NCalls =     74
Number of iterations 4
----------> Iteration 0
            FVAL = 6.23569565272 Edm = 0.11231631994 Nfcn = 21
            Error matrix change = 1
            Parameters :  p0 = 0 p1 = 0 p2 = 0 p3 = 0 p4 = 0
----------> Iteration 1
            FVAL = 6.12465566143 Edm = 3.4325638045e-05 Nfcn = 32
            Error matrix change = 0.502169
            Parameters :  p0 = 0.0294655 p1 = 0 p2 = 0 p3 = 0 p4 = 0.448848
----------> Iteration 2
            FVAL = 6.12462237268 Edm = 5.86635551752e-09 Nfcn = 43
            Error matrix change = 0.252601
            Parameters :  p0 = 0.0261421 p1 = 0 p2 = 0 p3 = 0 p4 = 0.441812
----------> Iteration 3
            FVAL = 6.12462237268 Edm = 5.78938157312e-09 Nfcn = 74
            Error matrix change = 0
            Parameters :  p0 = 0.0261421 p1 = 0 p2 = 0 p3 = 0 p4 = 0.441812
Minuit2Minimizer : Valid minimum - status = 0
FVAL  = 6.12462237267878606
Edm   = 5.78938157312059706e-09
Nfcn  = 74
jerUp_unc	  = 0.0261421	 +/-  0.996381	(limited)
jesUp_unc	  = 0	 +/-  0.996602	(limited)
lumi	  = 0	 +/-  0.996602	(limited)
pdf_unc	  = 0	 +/-  0.996602	(limited)
xs_Bkg	  = 0.441812	 +/-  0.931196	(limited)
Zero signal fit
   0) jerUp_unc                      = 0.0261421
   1) jesUp_unc                      =         0
   2) lumi                           =         0
   3) pdf_unc                        =         0
   4) xs_Bkg                         =  0.441812

Fitting of the background hypothesis done in 0.496329 s
[#1] INFO:Fitting -- RooAddition::defaultErrorLevel(nll_model_s_data_obs_with_constr) Summation contains a RooNLLVar, using its error level
Minuit2Minimizer: Minimize with max-calls 2500 convergence for edm < 0.01 strategy 1
MnSeedGenerator: for initial parameters FCN = 6.03485
MnSeedGenerator: Initial state:   - FCN =   6.034851894202 Edm =   0.00344049 NCalls =     21
VariableMetric: start iterating until Edm is < 1e-05
VariableMetric: Initial state   - FCN =   6.034851894202 Edm =   0.00344049 NCalls =     21
VariableMetric: Iteration #   1 - FCN =   6.031402388615 Edm =  2.77821e-07 NCalls =     32
VariableMetric: After Hessian   - FCN =   6.031402388615 Edm =  2.79729e-07 NCalls =     63
Number of iterations 3
----------> Iteration 0
            FVAL = 6.0348518942 Edm = 0.0034404853648 Nfcn = 21
            Error matrix change = 1
            Parameters :  p0 = 0.0261421 p1 = 0 p2 = 0 p3 = 0 p4 = 0.441812
----------> Iteration 1
            FVAL = 6.03140238861 Edm = 2.77820801992e-07 Nfcn = 32
            Error matrix change = 0.502184
            Parameters :  p0 = 0.0210337 p1 = 0.00392538 p2 = 0.00361822 p3 = 0.00468829 p4 = 0.362986
----------> Iteration 2
            FVAL = 6.03140238861 Edm = 2.79729134226e-07 Nfcn = 63
            Error matrix change = 0
            Parameters :  p0 = 0.0210337 p1 = 0.00392538 p2 = 0.00361822 p3 = 0.00468829 p4 = 0.362986
Minuit2Minimizer : Valid minimum - status = 0
FVAL  = 6.03140238861479983
Edm   = 2.7972913422561142e-07
Nfcn  = 63
jerUp_unc	  = 0.0210337	 +/-  0.996463	(limited)
jesUp_unc	  = 0.00392538	 +/-  0.996689	(limited)
lumi	  = 0.00361822	 +/-  0.996676	(limited)
pdf_unc	  = 0.00468829	 +/-  0.996726	(limited)
xs_Bkg	  = 0.362986	 +/-  0.956106	(limited)
Reference signal fit
   0) jerUp_unc                      = 0.0210337
   1) jesUp_unc                      = 0.00392538
   2) lumi                           = 0.00361822
   3) pdf_unc                        = 0.00468829
   4) xs_Bkg                         =  0.362986

Fitting of the signal-plus-background hypothesis done in 0.00287008 s
      Evaluation of p-values done in  8.66829 s
	CLs = 1 +/- 0
      Evaluation of p-values done in  8.14671 s
	CLs = 1 +/- 0
      Evaluation of p-values done in  6.72787 s
	CLs = 1 +/- 0
      Evaluation of p-values done in  6.06772 s
	CLs = 1 +/- 0
      Evaluation of p-values done in  5.3668 s
	CLs = 1 +/- 0
	CLs      = 1 +/- 0
	CLb      = 1 +/- 0
	CLsplusb = 1 +/- 0

Hybrid result saved as HypoTestResult_mh120_r0.05_381709721 in higgsCombineTest.HybridNew.mH120.-460704656.root : higgsCombineTest.HybridNew.mH120.-460704656.root:/toys

 -- Hybrid New -- 
CLs = 1 +/- 0
Total toys: 10000
Done in 0.00 min (cpu), 0.59 min (real)
