>>> including systematics
>>> using the Profile Likelihood test statistics modified for upper limits (Q_LHC)
>>> method used to compute upper limit is HybridNew
>>> Using OpenSSL to get a really random seed 
>>> Used OpenSSL to get a really random seed 2015257996
Adding /uscms_data/d2/lpcljm/sapta/SUSYSearch/LimitSetting/CMSSW_7_1_5/src to include path
Adding /cvmfs/cms.cern.ch/slc6_amd64_gcc481/lcg/roofit/5.34.18-cms3//include to include path
Input workspace 'w': 

RooWorkspace(w) w contents

variables
---------
(jerUp_unc,jerUp_unc_In,jesUp_unc,jesUp_unc_In,lumi,lumi_In,n_obs_binbin1,pdf_unc,pdf_unc_In,r,xs_Bkg,xs_Bkg_In)

p.d.f.s
-------
SimpleGaussianConstraint::jerUp_unc_Pdf[ x=jerUp_unc mean=jerUp_unc_In sigma=1 ] = 1
SimpleGaussianConstraint::jesUp_unc_Pdf[ x=jesUp_unc mean=jesUp_unc_In sigma=1 ] = 1
SimpleGaussianConstraint::lumi_Pdf[ x=lumi mean=lumi_In sigma=1 ] = 1
RooProdPdf::modelObs_b[ pdf_binbin1_bonly ] = 0.174871
RooProdPdf::modelObs_s[ pdf_binbin1 ] = 0.165188
RooProdPdf::model_b[ modelObs_b * nuisancePdf ] = 0.174871
RooProdPdf::model_s[ modelObs_s * nuisancePdf ] = 0.165188
RooProdPdf::nuisancePdf[ lumi_Pdf * jesUp_unc_Pdf * pdf_unc_Pdf * xs_Bkg_Pdf * jerUp_unc_Pdf ] = 1
RooPoisson::pdf_binbin1[ x=n_obs_binbin1 mean=n_exp_binbin1 ] = 0.165188
RooPoisson::pdf_binbin1_bonly[ x=n_obs_binbin1 mean=n_exp_binbin1_bonly ] = 0.174871
SimpleGaussianConstraint::pdf_unc_Pdf[ x=pdf_unc mean=pdf_unc_In sigma=1 ] = 1
SimpleGaussianConstraint::xs_Bkg_Pdf[ x=xs_Bkg mean=xs_Bkg_In sigma=1 ] = 1

functions
--------
RooAddition::n_exp_binbin1[ n_exp_binbin1_proc_BH + n_exp_binbin1_proc_Background ] = 5.81775
RooAddition::n_exp_binbin1_bonly[ n_exp_binbin1_proc_Background ] = 4.81775
ProcessNormalization::n_exp_binbin1_proc_BH[ thetaList=(lumi,jesUp_unc,pdf_unc) asymmThetaList=() otherFactorList=(r) ] = 1
ProcessNormalization::n_exp_binbin1_proc_Background[ thetaList=(xs_Bkg,jerUp_unc) asymmThetaList=() otherFactorList=() ] = 4.81775

datasets
--------
RooDataSet::data_obs(n_obs_binbin1)

named sets
----------
ModelConfig_GlobalObservables:(lumi_In,jesUp_unc_In,pdf_unc_In,xs_Bkg_In,jerUp_unc_In)
ModelConfig_NuisParams:(lumi,jesUp_unc,pdf_unc,xs_Bkg,jerUp_unc)
ModelConfig_Observables:(n_obs_binbin1)
ModelConfig_POI:(r)
ModelConfig_bonly_GlobalObservables:(lumi_In,jesUp_unc_In,pdf_unc_In,xs_Bkg_In,jerUp_unc_In)
ModelConfig_bonly_NuisParams:(lumi,jesUp_unc,pdf_unc,xs_Bkg,jerUp_unc)
ModelConfig_bonly_Observables:(n_obs_binbin1)
ModelConfig_bonly_POI:(r)
POI:(r)
globalObservables:(lumi_In,jesUp_unc_In,pdf_unc_In,xs_Bkg_In,jerUp_unc_In)
nuisances:(lumi,jesUp_unc,pdf_unc,xs_Bkg,jerUp_unc)
observables:(n_obs_binbin1)

generic objects
---------------
RooStats::ModelConfig::ModelConfig
RooStats::ModelConfig::ModelConfig_bonly
RooArgSet::discreteParams

Workspace has a ModelConfig for signal called 'ModelConfig', with contents:

=== Using the following for ModelConfig ===
Observables:             RooArgSet:: = (n_obs_binbin1)
Parameters of Interest:  RooArgSet:: = (r)
Nuisance Parameters:     RooArgSet:: = (lumi,jesUp_unc,pdf_unc,xs_Bkg,jerUp_unc)
Global Observables:      RooArgSet:: = (lumi_In,jesUp_unc_In,pdf_unc_In,xs_Bkg_In,jerUp_unc_In)
PDF:                     RooProdPdf::model_s[ modelObs_s * nuisancePdf ] = 0.165188

Input ModelConfig 'ModelConfig': 

=== Using the following for ModelConfig ===
Observables:             RooArgSet:: = (n_obs_binbin1)
Parameters of Interest:  RooArgSet:: = (r)
Nuisance Parameters:     RooArgSet:: = (lumi,jesUp_unc,pdf_unc,xs_Bkg,jerUp_unc)
Global Observables:      RooArgSet:: = (lumi_In,jesUp_unc_In,pdf_unc_In,xs_Bkg_In,jerUp_unc_In)
PDF:                     RooProdPdf::model_s[ modelObs_s * nuisancePdf ] = 0.165188

[#1] INFO:ObjectHandling -- RooWorkspace::import(w) importing RooUniform::prior
Computing limit starting from observation
  1) RooRealVar:: n_obs_binbin1 = 5
Set default minimizer to Minuit2
  r = 0.5 +/- 0
[#1] INFO:Minization --  Including the following contraint terms in minimization: (nuisancePdf)
[#1] INFO:Fitting -- RooAddition::defaultErrorLevel(nll_model_s_data_obs_with_constr) Summation contains a RooNLLVar, using its error level
Minuit2Minimizer: Minimize with max-calls 2500 convergence for edm < 0.01 strategy 1
MnSeedGenerator: for initial parameters FCN = 6.3384
MnSeedGenerator: Initial state:   - FCN =   6.338399338313 Edm =   0.00128382 NCalls =     21
VariableMetric: start iterating until Edm is < 1e-05
VariableMetric: Initial state   - FCN =   6.338399338313 Edm =   0.00128382 NCalls =     21
VariableMetric: Iteration #   1 - FCN =   6.337136280706 Edm =  3.55425e-06 NCalls =     32
VariableMetric: After Hessian   - FCN =   6.337136280706 Edm =  3.49423e-06 NCalls =     63
Number of iterations 3
----------> Iteration 0
            FVAL = 6.33839933831 Edm = 0.00128382377112 Nfcn = 21
            Error matrix change = 1
            Parameters :  p0 = 0 p1 = 0 p2 = 0 p3 = 0 p4 = 0
----------> Iteration 1
            FVAL = 6.33713628071 Edm = 3.5542482867e-06 Nfcn = 32
            Error matrix change = 0.505914
            Parameters :  p0 = 0.00709539 p1 = 0 p2 = 0 p3 = 0 p4 = 0.0399756
----------> Iteration 2
            FVAL = 6.33713628071 Edm = 3.49422524595e-06 Nfcn = 63
            Error matrix change = 0
            Parameters :  p0 = 0.00709539 p1 = 0 p2 = 0 p3 = 0 p4 = 0.0399756
Minuit2Minimizer : Valid minimum - status = 0
FVAL  = 6.33713628070550872
Edm   = 3.49422524594607432e-06
Nfcn  = 63
jerUp_unc	  = 0.00709539	 +/-  0.994262	(limited)
jesUp_unc	  = 0	 +/-  0.996602	(limited)
lumi	  = 0	 +/-  0.996602	(limited)
pdf_unc	  = 0	 +/-  0.996602	(limited)
xs_Bkg	  = 0.0399756	 +/-  0.794148	(limited)
Zero signal fit
   0) jerUp_unc                      = 0.00709539
   1) jesUp_unc                      =         0
   2) lumi                           =         0
   3) pdf_unc                        =         0
   4) xs_Bkg                         = 0.0399756

Fitting of the background hypothesis done in 0.309011 s
[#1] INFO:Fitting -- RooAddition::defaultErrorLevel(nll_model_s_data_obs_with_constr) Summation contains a RooNLLVar, using its error level
Minuit2Minimizer: Minimize with max-calls 2500 convergence for edm < 0.01 strategy 1
MnSeedGenerator: for initial parameters FCN = 6.35
MnSeedGenerator: Initial state:   - FCN =   6.350001190635 Edm =   0.00867409 NCalls =     21
VariableMetric: start iterating until Edm is < 1e-05
VariableMetric: Initial state   - FCN =   6.350001190635 Edm =   0.00867409 NCalls =     21
VariableMetric: Iteration #   1 - FCN =   6.341419617293 Edm =  2.01913e-05 NCalls =     32
VariableMetric: Iteration #   2 - FCN =   6.341399413871 Edm =  7.32153e-09 NCalls =     43
VariableMetric: After Hessian   - FCN =   6.341399413871 Edm =  7.46693e-09 NCalls =     74
Number of iterations 4
----------> Iteration 0
            FVAL = 6.35000119063 Edm = 0.0086740909015 Nfcn = 21
            Error matrix change = 1
            Parameters :  p0 = 0.00709539 p1 = 0 p2 = 0 p3 = 0 p4 = 0.0399756
----------> Iteration 1
            FVAL = 6.34141961729 Edm = 2.01913166934e-05 Nfcn = 32
            Error matrix change = 0.508368
            Parameters :  p0 = -0.0135955 p1 = -0.00174844 p2 = -0.00161171 p3 = -0.00208796 p4 = -0.0650512
----------> Iteration 2
            FVAL = 6.34139941387 Edm = 7.32153022657e-09 Nfcn = 43
            Error matrix change = 0.257004
            Parameters :  p0 = -0.00752777 p1 = -0.000986158 p2 = -0.000908993 p3 = -0.00117782 p4 = -0.0652314
----------> Iteration 3
            FVAL = 6.34139941387 Edm = 7.46693037007e-09 Nfcn = 74
            Error matrix change = 0
            Parameters :  p0 = -0.00752777 p1 = -0.000986158 p2 = -0.000908993 p3 = -0.00117782 p4 = -0.0652314
Minuit2Minimizer : Valid minimum - status = 0
FVAL  = 6.34139941387092598
Edm   = 7.46693037007003384e-09
Nfcn  = 74
jerUp_unc	  = -0.00752777	 +/-  0.994455	(limited)
jesUp_unc	  = -0.000986158	 +/-  0.996542	(limited)
lumi	  = -0.000908993	 +/-  0.996551	(limited)
pdf_unc	  = -0.00117782	 +/-  0.996516	(limited)
xs_Bkg	  = -0.0652314	 +/-  0.812834	(limited)
Reference signal fit
   0) jerUp_unc                      = -0.00752777
   1) jesUp_unc                      = -0.000986158
   2) lumi                           = -0.000908993
   3) pdf_unc                        = -0.00117782
   4) xs_Bkg                         = -0.0652314

Fitting of the signal-plus-background hypothesis done in 0.00220609 s
      Evaluation of p-values done in  5.35442 s
	CLs = 0.904159 +/- 0.0384488
      Evaluation of p-values done in  4.91963 s
	CLs = 0.897738 +/- 0.0271266
      Evaluation of p-values done in  5.02013 s
	CLs = 0.890822 +/- 0.0219405
      Evaluation of p-values done in  5.04342 s
	CLs = 0.899235 +/- 0.0190776
      Evaluation of p-values done in  5.05235 s
	CLs = 0.889487 +/- 0.0169283
	CLs      = 0.889487 +/- 0.0169283
	CLb      = 0.5574 +/- 0.00702432
	CLsplusb = 0.4958 +/- 0.00707082

Hybrid result saved as HypoTestResult_mh120_r0.5_986254251 in higgsCombineTest.HybridNew.mH120.2015257996.root : higgsCombineTest.HybridNew.mH120.2015257996.root:/toys

 -- Hybrid New -- 
CLs = 0.889487 +/- 0.0169283
Total toys: 10000
Done in 0.00 min (cpu), 0.43 min (real)
