>>> including systematics
>>> using the Profile Likelihood test statistics modified for upper limits (Q_LHC)
>>> method used to compute upper limit is HybridNew
>>> Using OpenSSL to get a really random seed 
>>> Used OpenSSL to get a really random seed -2051400838
Adding /uscms_data/d2/lpcljm/sapta/SUSYSearch/LimitSetting/CMSSW_7_1_5/src to include path
Adding /cvmfs/cms.cern.ch/slc6_amd64_gcc481/lcg/roofit/5.34.18-cms3//include to include path
Input workspace 'w': 

RooWorkspace(w) w contents

variables
---------
(jerUp_unc,jerUp_unc_In,jesUp_unc,jesUp_unc_In,lumi,lumi_In,n_obs_binbin1,pdf_unc,pdf_unc_In,r,xs_Bkg,xs_Bkg_In)

p.d.f.s
-------
SimpleGaussianConstraint::jerUp_unc_Pdf[ x=jerUp_unc mean=jerUp_unc_In sigma=1 ] = 1
SimpleGaussianConstraint::jesUp_unc_Pdf[ x=jesUp_unc mean=jesUp_unc_In sigma=1 ] = 1
SimpleGaussianConstraint::lumi_Pdf[ x=lumi mean=lumi_In sigma=1 ] = 1
RooProdPdf::modelObs_b[ pdf_binbin1_bonly ] = 0.174871
RooProdPdf::modelObs_s[ pdf_binbin1 ] = 0.165188
RooProdPdf::model_b[ modelObs_b * nuisancePdf ] = 0.174871
RooProdPdf::model_s[ modelObs_s * nuisancePdf ] = 0.165188
RooProdPdf::nuisancePdf[ lumi_Pdf * jesUp_unc_Pdf * pdf_unc_Pdf * xs_Bkg_Pdf * jerUp_unc_Pdf ] = 1
RooPoisson::pdf_binbin1[ x=n_obs_binbin1 mean=n_exp_binbin1 ] = 0.165188
RooPoisson::pdf_binbin1_bonly[ x=n_obs_binbin1 mean=n_exp_binbin1_bonly ] = 0.174871
SimpleGaussianConstraint::pdf_unc_Pdf[ x=pdf_unc mean=pdf_unc_In sigma=1 ] = 1
SimpleGaussianConstraint::xs_Bkg_Pdf[ x=xs_Bkg mean=xs_Bkg_In sigma=1 ] = 1

functions
--------
RooAddition::n_exp_binbin1[ n_exp_binbin1_proc_BH + n_exp_binbin1_proc_Background ] = 5.81775
RooAddition::n_exp_binbin1_bonly[ n_exp_binbin1_proc_Background ] = 4.81775
ProcessNormalization::n_exp_binbin1_proc_BH[ thetaList=(lumi,jesUp_unc,pdf_unc) asymmThetaList=() otherFactorList=(r) ] = 1
ProcessNormalization::n_exp_binbin1_proc_Background[ thetaList=(xs_Bkg,jerUp_unc) asymmThetaList=() otherFactorList=() ] = 4.81775

datasets
--------
RooDataSet::data_obs(n_obs_binbin1)

named sets
----------
ModelConfig_GlobalObservables:(lumi_In,jesUp_unc_In,pdf_unc_In,xs_Bkg_In,jerUp_unc_In)
ModelConfig_NuisParams:(lumi,jesUp_unc,pdf_unc,xs_Bkg,jerUp_unc)
ModelConfig_Observables:(n_obs_binbin1)
ModelConfig_POI:(r)
ModelConfig_bonly_GlobalObservables:(lumi_In,jesUp_unc_In,pdf_unc_In,xs_Bkg_In,jerUp_unc_In)
ModelConfig_bonly_NuisParams:(lumi,jesUp_unc,pdf_unc,xs_Bkg,jerUp_unc)
ModelConfig_bonly_Observables:(n_obs_binbin1)
ModelConfig_bonly_POI:(r)
POI:(r)
globalObservables:(lumi_In,jesUp_unc_In,pdf_unc_In,xs_Bkg_In,jerUp_unc_In)
nuisances:(lumi,jesUp_unc,pdf_unc,xs_Bkg,jerUp_unc)
observables:(n_obs_binbin1)

generic objects
---------------
RooStats::ModelConfig::ModelConfig
RooStats::ModelConfig::ModelConfig_bonly
RooArgSet::discreteParams

Workspace has a ModelConfig for signal called 'ModelConfig', with contents:

=== Using the following for ModelConfig ===
Observables:             RooArgSet:: = (n_obs_binbin1)
Parameters of Interest:  RooArgSet:: = (r)
Nuisance Parameters:     RooArgSet:: = (lumi,jesUp_unc,pdf_unc,xs_Bkg,jerUp_unc)
Global Observables:      RooArgSet:: = (lumi_In,jesUp_unc_In,pdf_unc_In,xs_Bkg_In,jerUp_unc_In)
PDF:                     RooProdPdf::model_s[ modelObs_s * nuisancePdf ] = 0.165188

Input ModelConfig 'ModelConfig': 

=== Using the following for ModelConfig ===
Observables:             RooArgSet:: = (n_obs_binbin1)
Parameters of Interest:  RooArgSet:: = (r)
Nuisance Parameters:     RooArgSet:: = (lumi,jesUp_unc,pdf_unc,xs_Bkg,jerUp_unc)
Global Observables:      RooArgSet:: = (lumi_In,jesUp_unc_In,pdf_unc_In,xs_Bkg_In,jerUp_unc_In)
PDF:                     RooProdPdf::model_s[ modelObs_s * nuisancePdf ] = 0.165188

[#1] INFO:ObjectHandling -- RooWorkspace::import(w) importing RooUniform::prior
Computing limit starting from observation
  1) RooRealVar:: n_obs_binbin1 = 5
Set default minimizer to Minuit2
  r = 1 +/- 0
[#1] INFO:Minization --  Including the following contraint terms in minimization: (nuisancePdf)
[#1] INFO:Fitting -- RooAddition::defaultErrorLevel(nll_model_s_data_obs_with_constr) Summation contains a RooNLLVar, using its error level
Minuit2Minimizer: Minimize with max-calls 2500 convergence for edm < 0.01 strategy 1
MnSeedGenerator: for initial parameters FCN = 6.3384
MnSeedGenerator: Initial state:   - FCN =   6.338399338313 Edm =   0.00128382 NCalls =     21
VariableMetric: start iterating until Edm is < 1e-05
VariableMetric: Initial state   - FCN =   6.338399338313 Edm =   0.00128382 NCalls =     21
VariableMetric: Iteration #   1 - FCN =   6.337136280706 Edm =  3.55425e-06 NCalls =     32
VariableMetric: After Hessian   - FCN =   6.337136280706 Edm =  3.49423e-06 NCalls =     63
Number of iterations 3
----------> Iteration 0
            FVAL = 6.33839933831 Edm = 0.00128382377112 Nfcn = 21
            Error matrix change = 1
            Parameters :  p0 = 0 p1 = 0 p2 = 0 p3 = 0 p4 = 0
----------> Iteration 1
            FVAL = 6.33713628071 Edm = 3.5542482867e-06 Nfcn = 32
            Error matrix change = 0.505914
            Parameters :  p0 = 0.00709539 p1 = 0 p2 = 0 p3 = 0 p4 = 0.0399756
----------> Iteration 2
            FVAL = 6.33713628071 Edm = 3.49422524595e-06 Nfcn = 63
            Error matrix change = 0
            Parameters :  p0 = 0.00709539 p1 = 0 p2 = 0 p3 = 0 p4 = 0.0399756
Minuit2Minimizer : Valid minimum - status = 0
FVAL  = 6.33713628070550872
Edm   = 3.49422524594607432e-06
Nfcn  = 63
jerUp_unc	  = 0.00709539	 +/-  0.994262	(limited)
jesUp_unc	  = 0	 +/-  0.996602	(limited)
lumi	  = 0	 +/-  0.996602	(limited)
pdf_unc	  = 0	 +/-  0.996602	(limited)
xs_Bkg	  = 0.0399756	 +/-  0.794148	(limited)
Zero signal fit
   0) jerUp_unc                      = 0.00709539
   1) jesUp_unc                      =         0
   2) lumi                           =         0
   3) pdf_unc                        =         0
   4) xs_Bkg                         = 0.0399756

Fitting of the background hypothesis done in 0.301586 s
[#1] INFO:Fitting -- RooAddition::defaultErrorLevel(nll_model_s_data_obs_with_constr) Summation contains a RooNLLVar, using its error level
Minuit2Minimizer: Minimize with max-calls 2500 convergence for edm < 0.01 strategy 1
MnSeedGenerator: for initial parameters FCN = 6.40614
MnSeedGenerator: Initial state:   - FCN =   6.406141229286 Edm =    0.0295837 NCalls =     21
VariableMetric: start iterating until Edm is < 1e-05
VariableMetric: Initial state   - FCN =   6.406141229286 Edm =    0.0295837 NCalls =     21
VariableMetric: Iteration #   1 - FCN =   6.376726946596 Edm =  6.75103e-05 NCalls =     32
VariableMetric: Iteration #   2 - FCN =   6.376658491121 Edm =  2.24808e-08 NCalls =     43
VariableMetric: After Hessian   - FCN =   6.376658491121 Edm =  2.29032e-08 NCalls =     74
Number of iterations 4
----------> Iteration 0
            FVAL = 6.40614122929 Edm = 0.0295836754957 Nfcn = 21
            Error matrix change = 1
            Parameters :  p0 = 0.00709539 p1 = 0 p2 = 0 p3 = 0 p4 = 0.0399756
----------> Iteration 1
            FVAL = 6.3767269466 Edm = 6.75103380673e-05 Nfcn = 32
            Error matrix change = 0.510334
            Parameters :  p0 = -0.0286198 p1 = -0.00733981 p2 = -0.00676634 p3 = -0.00876314 p4 = -0.156237
----------> Iteration 2
            FVAL = 6.37665849112 Edm = 2.24807642206e-08 Nfcn = 43
            Error matrix change = 0.258528
            Parameters :  p0 = -0.0181448 p1 = -0.00492107 p2 = -0.00453587 p3 = -0.00587797 p4 = -0.158
----------> Iteration 3
            FVAL = 6.37665849112 Edm = 2.29031808812e-08 Nfcn = 74
            Error matrix change = 0
            Parameters :  p0 = -0.0181448 p1 = -0.00492107 p2 = -0.00453587 p3 = -0.00587797 p4 = -0.158
Minuit2Minimizer : Valid minimum - status = 0
FVAL  = 6.37665849112078309
Edm   = 2.29031808811990844e-08
Nfcn  = 74
jerUp_unc	  = -0.0181448	 +/-  0.994612	(limited)
jesUp_unc	  = -0.00492107	 +/-  0.996347	(limited)
lumi	  = -0.00453587	 +/-  0.996385	(limited)
pdf_unc	  = -0.00587797	 +/-  0.996238	(limited)
xs_Bkg	  = -0.158	 +/-  0.827686	(limited)
Reference signal fit
   0) jerUp_unc                      = -0.0181448
   1) jesUp_unc                      = -0.00492107
   2) lumi                           = -0.00453587
   3) pdf_unc                        = -0.00587797
   4) xs_Bkg                         =    -0.158

Fitting of the signal-plus-background hypothesis done in 0.00220203 s
      Evaluation of p-values done in  5.11695 s
	CLs = 0.801444 +/- 0.0363515
      Evaluation of p-values done in  5.26845 s
	CLs = 0.817106 +/- 0.0261411
      Evaluation of p-values done in  5.11227 s
	CLs = 0.802885 +/- 0.0209797
      Evaluation of p-values done in  5.08251 s
	CLs = 0.788166 +/- 0.0180546
      Evaluation of p-values done in  5.11228 s
	CLs = 0.7771 +/- 0.0159416
	CLs      = 0.7771 +/- 0.0159416
	CLb      = 0.5572 +/- 0.00702464
	CLsplusb = 0.433 +/- 0.0070073

Hybrid result saved as HypoTestResult_mh120_r1_3144187611 in higgsCombineTest.HybridNew.mH120.-2051400838.root : higgsCombineTest.HybridNew.mH120.-2051400838.root:/toys

 -- Hybrid New -- 
CLs = 0.7771 +/- 0.0159416
Total toys: 10000
Done in 0.00 min (cpu), 0.43 min (real)
