>>> including systematics
>>> using the Profile Likelihood test statistics modified for upper limits (Q_LHC)
>>> method used to compute upper limit is HybridNew
>>> Using OpenSSL to get a really random seed 
>>> Used OpenSSL to get a really random seed 720452203
Adding /uscms_data/d2/lpcljm/sapta/SUSYSearch/LimitSetting/CMSSW_7_1_5/src to include path
Adding /cvmfs/cms.cern.ch/slc6_amd64_gcc481/lcg/roofit/5.34.18-cms3//include to include path
Input workspace 'w': 

RooWorkspace(w) w contents

variables
---------
(jerUp_unc,jerUp_unc_In,jesUp_unc,jesUp_unc_In,lumi,lumi_In,n_obs_binbin1,pdf_unc,pdf_unc_In,r,xs_Bkg,xs_Bkg_In)

p.d.f.s
-------
SimpleGaussianConstraint::jerUp_unc_Pdf[ x=jerUp_unc mean=jerUp_unc_In sigma=1 ] = 1
SimpleGaussianConstraint::jesUp_unc_Pdf[ x=jesUp_unc mean=jesUp_unc_In sigma=1 ] = 1
SimpleGaussianConstraint::lumi_Pdf[ x=lumi mean=lumi_In sigma=1 ] = 1
RooProdPdf::modelObs_b[ pdf_binbin1_bonly ] = 0.0609966
RooProdPdf::modelObs_s[ pdf_binbin1 ] = 0.0580209
RooProdPdf::model_b[ modelObs_b * nuisancePdf ] = 0.0609966
RooProdPdf::model_s[ modelObs_s * nuisancePdf ] = 0.0580209
RooProdPdf::nuisancePdf[ lumi_Pdf * jesUp_unc_Pdf * pdf_unc_Pdf * xs_Bkg_Pdf * jerUp_unc_Pdf ] = 1
RooPoisson::pdf_binbin1[ x=n_obs_binbin1 mean=n_exp_binbin1 ] = 0.0580209
RooPoisson::pdf_binbin1_bonly[ x=n_obs_binbin1 mean=n_exp_binbin1_bonly ] = 0.0609966
SimpleGaussianConstraint::pdf_unc_Pdf[ x=pdf_unc mean=pdf_unc_In sigma=1 ] = 1
SimpleGaussianConstraint::xs_Bkg_Pdf[ x=xs_Bkg mean=xs_Bkg_In sigma=1 ] = 1

functions
--------
RooAddition::n_exp_binbin1[ n_exp_binbin1_proc_BH + n_exp_binbin1_proc_Background ] = 42.6079
RooAddition::n_exp_binbin1_bonly[ n_exp_binbin1_proc_Background ] = 41.6079
ProcessNormalization::n_exp_binbin1_proc_BH[ thetaList=(lumi,jesUp_unc,pdf_unc,jerUp_unc) asymmThetaList=() otherFactorList=(r) ] = 1
ProcessNormalization::n_exp_binbin1_proc_Background[ thetaList=(xs_Bkg) asymmThetaList=() otherFactorList=() ] = 41.6079

datasets
--------
RooDataSet::data_obs(n_obs_binbin1)

named sets
----------
ModelConfig_GlobalObservables:(lumi_In,jesUp_unc_In,pdf_unc_In,xs_Bkg_In,jerUp_unc_In)
ModelConfig_NuisParams:(lumi,jesUp_unc,pdf_unc,xs_Bkg,jerUp_unc)
ModelConfig_Observables:(n_obs_binbin1)
ModelConfig_POI:(r)
ModelConfig_bonly_GlobalObservables:(lumi_In,jesUp_unc_In,pdf_unc_In,xs_Bkg_In,jerUp_unc_In)
ModelConfig_bonly_NuisParams:(lumi,jesUp_unc,pdf_unc,xs_Bkg,jerUp_unc)
ModelConfig_bonly_Observables:(n_obs_binbin1)
ModelConfig_bonly_POI:(r)
POI:(r)
globalObservables:(lumi_In,jesUp_unc_In,pdf_unc_In,xs_Bkg_In,jerUp_unc_In)
nuisances:(lumi,jesUp_unc,pdf_unc,xs_Bkg,jerUp_unc)
observables:(n_obs_binbin1)

generic objects
---------------
RooStats::ModelConfig::ModelConfig
RooStats::ModelConfig::ModelConfig_bonly
RooArgSet::discreteParams

Workspace has a ModelConfig for signal called 'ModelConfig', with contents:

=== Using the following for ModelConfig ===
Observables:             RooArgSet:: = (n_obs_binbin1)
Parameters of Interest:  RooArgSet:: = (r)
Nuisance Parameters:     RooArgSet:: = (lumi,jesUp_unc,pdf_unc,xs_Bkg,jerUp_unc)
Global Observables:      RooArgSet:: = (lumi_In,jesUp_unc_In,pdf_unc_In,xs_Bkg_In,jerUp_unc_In)
PDF:                     RooProdPdf::model_s[ modelObs_s * nuisancePdf ] = 0.0580209

Input ModelConfig 'ModelConfig': 

=== Using the following for ModelConfig ===
Observables:             RooArgSet:: = (n_obs_binbin1)
Parameters of Interest:  RooArgSet:: = (r)
Nuisance Parameters:     RooArgSet:: = (lumi,jesUp_unc,pdf_unc,xs_Bkg,jerUp_unc)
Global Observables:      RooArgSet:: = (lumi_In,jesUp_unc_In,pdf_unc_In,xs_Bkg_In,jerUp_unc_In)
PDF:                     RooProdPdf::model_s[ modelObs_s * nuisancePdf ] = 0.0580209

[#1] INFO:ObjectHandling -- RooWorkspace::import(w) importing RooUniform::prior
Computing limit starting from observation
  1) RooRealVar:: n_obs_binbin1 = 40
Set default minimizer to Minuit2
  r = 5 +/- 0
[#1] INFO:Minization --  Including the following contraint terms in minimization: (nuisancePdf)
[#1] INFO:Fitting -- RooAddition::defaultErrorLevel(nll_model_s_data_obs_with_constr) Summation contains a RooNLLVar, using its error level
Minuit2Minimizer: Minimize with max-calls 2500 convergence for edm < 0.01 strategy 1
MnSeedGenerator: for initial parameters FCN = 7.39163
MnSeedGenerator: Initial state:   - FCN =   7.391630257411 Edm =    0.0154374 NCalls =     21
VariableMetric: start iterating until Edm is < 1e-05
VariableMetric: Initial state   - FCN =   7.391630257411 Edm =    0.0154374 NCalls =     21
VariableMetric: Iteration #   1 - FCN =   7.376144018006 Edm =  3.54468e-07 NCalls =     32
VariableMetric: After Hessian   - FCN =   7.376144018006 Edm =  3.57932e-07 NCalls =     63
Number of iterations 3
----------> Iteration 0
            FVAL = 7.39163025741 Edm = 0.0154373905013 Nfcn = 21
            Error matrix change = 1
            Parameters :  p0 = 0 p1 = 0 p2 = 0 p3 = 0 p4 = 0
----------> Iteration 1
            FVAL = 7.37614401801 Edm = 3.54467771024e-07 Nfcn = 32
            Error matrix change = 0.500269
            Parameters :  p0 = 0 p1 = 0 p2 = 0 p3 = 0 p4 = -0.124626
----------> Iteration 2
            FVAL = 7.37614401801 Edm = 3.57932350908e-07 Nfcn = 63
            Error matrix change = 0
            Parameters :  p0 = 0 p1 = 0 p2 = 0 p3 = 0 p4 = -0.124626
Minuit2Minimizer : Valid minimum - status = 0
FVAL  = 7.37614401800589725
Edm   = 3.57932350907574764e-07
Nfcn  = 63
jerUp_unc	  = 0	 +/-  0.996602	(limited)
jesUp_unc	  = 0	 +/-  0.996602	(limited)
lumi	  = 0	 +/-  0.996602	(limited)
pdf_unc	  = 0	 +/-  0.996602	(limited)
xs_Bkg	  = -0.124626	 +/-  0.711445	(limited)
Zero signal fit
   0) jerUp_unc                      =         0
   1) jesUp_unc                      =         0
   2) lumi                           =         0
   3) pdf_unc                        =         0
   4) xs_Bkg                         = -0.124626

Fitting of the background hypothesis done in 1.53068 s
[#1] INFO:Fitting -- RooAddition::defaultErrorLevel(nll_model_s_data_obs_with_constr) Summation contains a RooNLLVar, using its error level
Minuit2Minimizer: Minimize with max-calls 2500 convergence for edm < 0.01 strategy 1
MnSeedGenerator: for initial parameters FCN = 7.75384
MnSeedGenerator: Initial state:   - FCN =   7.753840867074 Edm =     0.122708 NCalls =     21
VariableMetric: start iterating until Edm is < 1e-05
VariableMetric: Initial state   - FCN =   7.753840867074 Edm =     0.122708 NCalls =     21
VariableMetric: Iteration #   1 - FCN =   7.631115201142 Edm =  0.000247351 NCalls =     32
VariableMetric: Iteration #   2 - FCN =   7.630862745207 Edm =  2.62884e-08 NCalls =     43
VariableMetric: After Hessian   - FCN =   7.630862745207 Edm =  2.66871e-08 NCalls =     74
Number of iterations 4
----------> Iteration 0
            FVAL = 7.75384086707 Edm = 0.12270808139 Nfcn = 21
            Error matrix change = 1
            Parameters :  p0 = 0 p1 = 0 p2 = 0 p3 = 0 p4 = -0.124626
----------> Iteration 1
            FVAL = 7.63111520114 Edm = 0.000247350607559 Nfcn = 32
            Error matrix change = 0.510643
            Parameters :  p0 = -0.0248536 p1 = -0.0308888 p2 = -0.0284837 p3 = -0.0368482 p4 = -0.483003
----------> Iteration 2
            FVAL = 7.63086274521 Edm = 2.62883968234e-08 Nfcn = 43
            Error matrix change = 0.258145
            Parameters :  p0 = -0.0160882 p1 = -0.0200238 p2 = -0.0184534 p3 = -0.0239287 p4 = -0.487805
----------> Iteration 3
            FVAL = 7.63086274521 Edm = 2.66870906225e-08 Nfcn = 74
            Error matrix change = 0
            Parameters :  p0 = -0.0160882 p1 = -0.0200238 p2 = -0.0184534 p3 = -0.0239287 p4 = -0.487805
Minuit2Minimizer : Valid minimum - status = 0
FVAL  = 7.63086274520713825
Edm   = 2.66870906225275279e-08
Nfcn  = 74
jerUp_unc	  = -0.0160882	 +/-  0.996059	(limited)
jesUp_unc	  = -0.0200238	 +/-  0.995762	(limited)
lumi	  = -0.0184534	 +/-  0.995888	(limited)
pdf_unc	  = -0.0239287	 +/-  0.995404	(limited)
xs_Bkg	  = -0.487805	 +/-  0.740585	(limited)
Reference signal fit
   0) jerUp_unc                      = -0.0160882
   1) jesUp_unc                      = -0.0200238
   2) lumi                           = -0.0184534
   3) pdf_unc                        = -0.0239287
   4) xs_Bkg                         = -0.487805

Fitting of the signal-plus-background hypothesis done in 0.00216198 s
      Evaluation of p-values done in  5.78233 s
	CLs = 0.583524 +/- 0.0378612
      Evaluation of p-values done in  5.77092 s
	CLs = 0.553097 +/- 0.0253835
      Evaluation of p-values done in  5.36955 s
	CLs = 0.539836 +/- 0.0206076
      Evaluation of p-values done in  5.40672 s
	CLs = 0.542857 +/- 0.0179407
      Evaluation of p-values done in  5.18486 s
	CLs = 0.552857 +/- 0.016246
	CLs      = 0.552857 +/- 0.016246
	CLb      = 0.4446 +/- 0.00702753
	CLsplusb = 0.2458 +/- 0.00608905

Hybrid result saved as HypoTestResult_mh120_r5_2088369885 in higgsCombineTest.HybridNew.mH120.720452203.root : higgsCombineTest.HybridNew.mH120.720452203.root:/toys

 -- Hybrid New -- 
CLs = 0.552857 +/- 0.016246
Total toys: 10000
Done in 0.01 min (cpu), 0.48 min (real)
