>>> including systematics
>>> using the Profile Likelihood test statistics modified for upper limits (Q_LHC)
>>> method used to compute upper limit is HybridNew
>>> Using OpenSSL to get a really random seed 
>>> Used OpenSSL to get a really random seed -1024961450
Adding /uscms_data/d2/lpcljm/sapta/SUSYSearch/LimitSetting/CMSSW_7_1_5/src to include path
Adding /cvmfs/cms.cern.ch/slc6_amd64_gcc481/lcg/roofit/5.34.18-cms3//include to include path
Input workspace 'w': 

RooWorkspace(w) w contents

variables
---------
(jerUp_unc,jerUp_unc_In,jesUp_unc,jesUp_unc_In,lumi,lumi_In,n_obs_binbin1,pdf_unc,pdf_unc_In,r,xs_Bkg,xs_Bkg_In)

p.d.f.s
-------
SimpleGaussianConstraint::jerUp_unc_Pdf[ x=jerUp_unc mean=jerUp_unc_In sigma=1 ] = 1
SimpleGaussianConstraint::jesUp_unc_Pdf[ x=jesUp_unc mean=jesUp_unc_In sigma=1 ] = 1
SimpleGaussianConstraint::lumi_Pdf[ x=lumi mean=lumi_In sigma=1 ] = 1
RooProdPdf::modelObs_b[ pdf_binbin1_bonly ] = 0.0609966
RooProdPdf::modelObs_s[ pdf_binbin1 ] = 0.0580209
RooProdPdf::model_b[ modelObs_b * nuisancePdf ] = 0.0609966
RooProdPdf::model_s[ modelObs_s * nuisancePdf ] = 0.0580209
RooProdPdf::nuisancePdf[ lumi_Pdf * jesUp_unc_Pdf * pdf_unc_Pdf * xs_Bkg_Pdf * jerUp_unc_Pdf ] = 1
RooPoisson::pdf_binbin1[ x=n_obs_binbin1 mean=n_exp_binbin1 ] = 0.0580209
RooPoisson::pdf_binbin1_bonly[ x=n_obs_binbin1 mean=n_exp_binbin1_bonly ] = 0.0609966
SimpleGaussianConstraint::pdf_unc_Pdf[ x=pdf_unc mean=pdf_unc_In sigma=1 ] = 1
SimpleGaussianConstraint::xs_Bkg_Pdf[ x=xs_Bkg mean=xs_Bkg_In sigma=1 ] = 1

functions
--------
RooAddition::n_exp_binbin1[ n_exp_binbin1_proc_BH + n_exp_binbin1_proc_Background ] = 42.6079
RooAddition::n_exp_binbin1_bonly[ n_exp_binbin1_proc_Background ] = 41.6079
ProcessNormalization::n_exp_binbin1_proc_BH[ thetaList=(lumi,jesUp_unc,pdf_unc,jerUp_unc) asymmThetaList=() otherFactorList=(r) ] = 1
ProcessNormalization::n_exp_binbin1_proc_Background[ thetaList=(xs_Bkg) asymmThetaList=() otherFactorList=() ] = 41.6079

datasets
--------
RooDataSet::data_obs(n_obs_binbin1)

named sets
----------
ModelConfig_GlobalObservables:(lumi_In,jesUp_unc_In,pdf_unc_In,xs_Bkg_In,jerUp_unc_In)
ModelConfig_NuisParams:(lumi,jesUp_unc,pdf_unc,xs_Bkg,jerUp_unc)
ModelConfig_Observables:(n_obs_binbin1)
ModelConfig_POI:(r)
ModelConfig_bonly_GlobalObservables:(lumi_In,jesUp_unc_In,pdf_unc_In,xs_Bkg_In,jerUp_unc_In)
ModelConfig_bonly_NuisParams:(lumi,jesUp_unc,pdf_unc,xs_Bkg,jerUp_unc)
ModelConfig_bonly_Observables:(n_obs_binbin1)
ModelConfig_bonly_POI:(r)
POI:(r)
globalObservables:(lumi_In,jesUp_unc_In,pdf_unc_In,xs_Bkg_In,jerUp_unc_In)
nuisances:(lumi,jesUp_unc,pdf_unc,xs_Bkg,jerUp_unc)
observables:(n_obs_binbin1)

generic objects
---------------
RooStats::ModelConfig::ModelConfig
RooStats::ModelConfig::ModelConfig_bonly
RooArgSet::discreteParams

Workspace has a ModelConfig for signal called 'ModelConfig', with contents:

=== Using the following for ModelConfig ===
Observables:             RooArgSet:: = (n_obs_binbin1)
Parameters of Interest:  RooArgSet:: = (r)
Nuisance Parameters:     RooArgSet:: = (lumi,jesUp_unc,pdf_unc,xs_Bkg,jerUp_unc)
Global Observables:      RooArgSet:: = (lumi_In,jesUp_unc_In,pdf_unc_In,xs_Bkg_In,jerUp_unc_In)
PDF:                     RooProdPdf::model_s[ modelObs_s * nuisancePdf ] = 0.0580209

Input ModelConfig 'ModelConfig': 

=== Using the following for ModelConfig ===
Observables:             RooArgSet:: = (n_obs_binbin1)
Parameters of Interest:  RooArgSet:: = (r)
Nuisance Parameters:     RooArgSet:: = (lumi,jesUp_unc,pdf_unc,xs_Bkg,jerUp_unc)
Global Observables:      RooArgSet:: = (lumi_In,jesUp_unc_In,pdf_unc_In,xs_Bkg_In,jerUp_unc_In)
PDF:                     RooProdPdf::model_s[ modelObs_s * nuisancePdf ] = 0.0580209

[#1] INFO:ObjectHandling -- RooWorkspace::import(w) importing RooUniform::prior
Computing limit starting from observation
  1) RooRealVar:: n_obs_binbin1 = 40
Set default minimizer to Minuit2
  r = 7 +/- 0
[#1] INFO:Minization --  Including the following contraint terms in minimization: (nuisancePdf)
[#1] INFO:Fitting -- RooAddition::defaultErrorLevel(nll_model_s_data_obs_with_constr) Summation contains a RooNLLVar, using its error level
Minuit2Minimizer: Minimize with max-calls 2500 convergence for edm < 0.01 strategy 1
MnSeedGenerator: for initial parameters FCN = 7.39163
MnSeedGenerator: Initial state:   - FCN =   7.391630257411 Edm =    0.0154374 NCalls =     21
VariableMetric: start iterating until Edm is < 1e-05
VariableMetric: Initial state   - FCN =   7.391630257411 Edm =    0.0154374 NCalls =     21
VariableMetric: Iteration #   1 - FCN =   7.376144018006 Edm =  3.54468e-07 NCalls =     32
VariableMetric: After Hessian   - FCN =   7.376144018006 Edm =  3.57932e-07 NCalls =     63
Number of iterations 3
----------> Iteration 0
            FVAL = 7.39163025741 Edm = 0.0154373905013 Nfcn = 21
            Error matrix change = 1
            Parameters :  p0 = 0 p1 = 0 p2 = 0 p3 = 0 p4 = 0
----------> Iteration 1
            FVAL = 7.37614401801 Edm = 3.54467771024e-07 Nfcn = 32
            Error matrix change = 0.500269
            Parameters :  p0 = 0 p1 = 0 p2 = 0 p3 = 0 p4 = -0.124626
----------> Iteration 2
            FVAL = 7.37614401801 Edm = 3.57932350908e-07 Nfcn = 63
            Error matrix change = 0
            Parameters :  p0 = 0 p1 = 0 p2 = 0 p3 = 0 p4 = -0.124626
Minuit2Minimizer : Valid minimum - status = 0
FVAL  = 7.37614401800589725
Edm   = 3.57932350907574764e-07
Nfcn  = 63
jerUp_unc	  = 0	 +/-  0.996602	(limited)
jesUp_unc	  = 0	 +/-  0.996602	(limited)
lumi	  = 0	 +/-  0.996602	(limited)
pdf_unc	  = 0	 +/-  0.996602	(limited)
xs_Bkg	  = -0.124626	 +/-  0.711445	(limited)
Zero signal fit
   0) jerUp_unc                      =         0
   1) jesUp_unc                      =         0
   2) lumi                           =         0
   3) pdf_unc                        =         0
   4) xs_Bkg                         = -0.124626

Fitting of the background hypothesis done in 1.42418 s
[#1] INFO:Fitting -- RooAddition::defaultErrorLevel(nll_model_s_data_obs_with_constr) Summation contains a RooNLLVar, using its error level
Minuit2Minimizer: Minimize with max-calls 2500 convergence for edm < 0.01 strategy 1
MnSeedGenerator: for initial parameters FCN = 8.04479
MnSeedGenerator: Initial state:   - FCN =   8.044785739094 Edm =     0.226341 NCalls =     21
VariableMetric: start iterating until Edm is < 1e-05
VariableMetric: Initial state   - FCN =   8.044785739094 Edm =     0.226341 NCalls =     21
VariableMetric: Iteration #   1 - FCN =   7.819262142214 Edm =  0.000776503 NCalls =     32
VariableMetric: Iteration #   2 - FCN =   7.818467759845 Edm =  2.08762e-07 NCalls =     43
VariableMetric: After Hessian   - FCN =   7.818467759845 Edm =  2.13676e-07 NCalls =     74
Number of iterations 4
----------> Iteration 0
            FVAL = 8.04478573909 Edm = 0.226341159645 Nfcn = 21
            Error matrix change = 1
            Parameters :  p0 = 0 p1 = 0 p2 = 0 p3 = 0 p4 = -0.124626
----------> Iteration 1
            FVAL = 7.81926214221 Edm = 0.000776503093042 Nfcn = 32
            Error matrix change = 0.515036
            Parameters :  p0 = -0.044742 p1 = -0.055565 p2 = -0.0512548 p3 = -0.0662257 p4 = -0.611572
----------> Iteration 2
            FVAL = 7.81846775984 Edm = 2.08761889173e-07 Nfcn = 43
            Error matrix change = 0.262129
            Parameters :  p0 = -0.0292002 p1 = -0.0363575 p2 = -0.0335005 p3 = -0.0434674 p4 = -0.620038
----------> Iteration 3
            FVAL = 7.81846775984 Edm = 2.13675903623e-07 Nfcn = 74
            Error matrix change = 0
            Parameters :  p0 = -0.0292002 p1 = -0.0363575 p2 = -0.0335005 p3 = -0.0434674 p4 = -0.620038
Minuit2Minimizer : Valid minimum - status = 0
FVAL  = 7.81846775984454112
Edm   = 2.13675903623186444e-07
Nfcn  = 74
jerUp_unc	  = -0.0292002	 +/-  0.995597	(limited)
jesUp_unc	  = -0.0363575	 +/-  0.995046	(limited)
lumi	  = -0.0335005	 +/-  0.99528	(limited)
pdf_unc	  = -0.0434674	 +/-  0.994382	(limited)
xs_Bkg	  = -0.620038	 +/-  0.750798	(limited)
Reference signal fit
   0) jerUp_unc                      = -0.0292002
   1) jesUp_unc                      = -0.0363575
   2) lumi                           = -0.0335005
   3) pdf_unc                        = -0.0434674
   4) xs_Bkg                         = -0.620038

Fitting of the signal-plus-background hypothesis done in 0.00212479 s
      Evaluation of p-values done in  5.84766 s
	CLs = 0.427617 +/- 0.0315264
      Evaluation of p-values done in  5.35698 s
	CLs = 0.395248 +/- 0.0209599
      Evaluation of p-values done in  5.38661 s
	CLs = 0.41474 +/- 0.0175863
      Evaluation of p-values done in  5.85572 s
	CLs = 0.416022 +/- 0.0154574
      Evaluation of p-values done in  5.41964 s
	CLs = 0.415371 +/- 0.0138622
	CLs      = 0.415371 +/- 0.0138622
	CLb      = 0.4502 +/- 0.00703591
	CLsplusb = 0.187 +/- 0.00551418

Hybrid result saved as HypoTestResult_mh120_r7_1533514934 in higgsCombineTest.HybridNew.mH120.-1024961450.root : higgsCombineTest.HybridNew.mH120.-1024961450.root:/toys

 -- Hybrid New -- 
CLs = 0.415371 +/- 0.0138622
Total toys: 10000
Done in 0.01 min (cpu), 0.49 min (real)
