>>> including systematics
>>> using the Profile Likelihood test statistics modified for upper limits (Q_LHC)
>>> method used to compute upper limit is HybridNew
>>> Using OpenSSL to get a really random seed 
>>> Used OpenSSL to get a really random seed 294254749
Adding /uscms_data/d2/lpcljm/sapta/SUSYSearch/LimitSetting/CMSSW_7_1_5/src to include path
Adding /cvmfs/cms.cern.ch/slc6_amd64_gcc481/lcg/roofit/5.34.18-cms3//include to include path
Input workspace 'w': 

RooWorkspace(w) w contents

variables
---------
(jerUp_unc,jerUp_unc_In,jesUp_unc,jesUp_unc_In,lumi,lumi_In,n_obs_binbin1,pdf_unc,pdf_unc_In,r,xs_Bkg,xs_Bkg_In)

p.d.f.s
-------
SimpleGaussianConstraint::jerUp_unc_Pdf[ x=jerUp_unc mean=jerUp_unc_In sigma=1 ] = 1
SimpleGaussianConstraint::jesUp_unc_Pdf[ x=jesUp_unc mean=jesUp_unc_In sigma=1 ] = 1
SimpleGaussianConstraint::lumi_Pdf[ x=lumi mean=lumi_In sigma=1 ] = 1
RooProdPdf::modelObs_b[ pdf_binbin1_bonly ] = 0.174871
RooProdPdf::modelObs_s[ pdf_binbin1 ] = 0.165188
RooProdPdf::model_b[ modelObs_b * nuisancePdf ] = 0.174871
RooProdPdf::model_s[ modelObs_s * nuisancePdf ] = 0.165188
RooProdPdf::nuisancePdf[ lumi_Pdf * jesUp_unc_Pdf * pdf_unc_Pdf * xs_Bkg_Pdf * jerUp_unc_Pdf ] = 1
RooPoisson::pdf_binbin1[ x=n_obs_binbin1 mean=n_exp_binbin1 ] = 0.165188
RooPoisson::pdf_binbin1_bonly[ x=n_obs_binbin1 mean=n_exp_binbin1_bonly ] = 0.174871
SimpleGaussianConstraint::pdf_unc_Pdf[ x=pdf_unc mean=pdf_unc_In sigma=1 ] = 1
SimpleGaussianConstraint::xs_Bkg_Pdf[ x=xs_Bkg mean=xs_Bkg_In sigma=1 ] = 1

functions
--------
RooAddition::n_exp_binbin1[ n_exp_binbin1_proc_BH + n_exp_binbin1_proc_Background ] = 5.81775
RooAddition::n_exp_binbin1_bonly[ n_exp_binbin1_proc_Background ] = 4.81775
ProcessNormalization::n_exp_binbin1_proc_BH[ thetaList=(lumi,jesUp_unc,pdf_unc) asymmThetaList=() otherFactorList=(r) ] = 1
ProcessNormalization::n_exp_binbin1_proc_Background[ thetaList=(xs_Bkg,jerUp_unc) asymmThetaList=() otherFactorList=() ] = 4.81775

datasets
--------
RooDataSet::data_obs(n_obs_binbin1)

named sets
----------
ModelConfig_GlobalObservables:(lumi_In,jesUp_unc_In,pdf_unc_In,xs_Bkg_In,jerUp_unc_In)
ModelConfig_NuisParams:(lumi,jesUp_unc,pdf_unc,xs_Bkg,jerUp_unc)
ModelConfig_Observables:(n_obs_binbin1)
ModelConfig_POI:(r)
ModelConfig_bonly_GlobalObservables:(lumi_In,jesUp_unc_In,pdf_unc_In,xs_Bkg_In,jerUp_unc_In)
ModelConfig_bonly_NuisParams:(lumi,jesUp_unc,pdf_unc,xs_Bkg,jerUp_unc)
ModelConfig_bonly_Observables:(n_obs_binbin1)
ModelConfig_bonly_POI:(r)
POI:(r)
globalObservables:(lumi_In,jesUp_unc_In,pdf_unc_In,xs_Bkg_In,jerUp_unc_In)
nuisances:(lumi,jesUp_unc,pdf_unc,xs_Bkg,jerUp_unc)
observables:(n_obs_binbin1)

generic objects
---------------
RooStats::ModelConfig::ModelConfig
RooStats::ModelConfig::ModelConfig_bonly
RooArgSet::discreteParams

Workspace has a ModelConfig for signal called 'ModelConfig', with contents:

=== Using the following for ModelConfig ===
Observables:             RooArgSet:: = (n_obs_binbin1)
Parameters of Interest:  RooArgSet:: = (r)
Nuisance Parameters:     RooArgSet:: = (lumi,jesUp_unc,pdf_unc,xs_Bkg,jerUp_unc)
Global Observables:      RooArgSet:: = (lumi_In,jesUp_unc_In,pdf_unc_In,xs_Bkg_In,jerUp_unc_In)
PDF:                     RooProdPdf::model_s[ modelObs_s * nuisancePdf ] = 0.165188

Input ModelConfig 'ModelConfig': 

=== Using the following for ModelConfig ===
Observables:             RooArgSet:: = (n_obs_binbin1)
Parameters of Interest:  RooArgSet:: = (r)
Nuisance Parameters:     RooArgSet:: = (lumi,jesUp_unc,pdf_unc,xs_Bkg,jerUp_unc)
Global Observables:      RooArgSet:: = (lumi_In,jesUp_unc_In,pdf_unc_In,xs_Bkg_In,jerUp_unc_In)
PDF:                     RooProdPdf::model_s[ modelObs_s * nuisancePdf ] = 0.165188

[#1] INFO:ObjectHandling -- RooWorkspace::import(w) importing RooUniform::prior
Computing limit starting from observation
  1) RooRealVar:: n_obs_binbin1 = 5
Set default minimizer to Minuit2
  r = 11 +/- 0
[#1] INFO:Minization --  Including the following contraint terms in minimization: (nuisancePdf)
[#1] INFO:Fitting -- RooAddition::defaultErrorLevel(nll_model_s_data_obs_with_constr) Summation contains a RooNLLVar, using its error level
Minuit2Minimizer: Minimize with max-calls 2500 convergence for edm < 0.01 strategy 1
MnSeedGenerator: for initial parameters FCN = 6.3384
MnSeedGenerator: Initial state:   - FCN =   6.338399338313 Edm =   0.00128382 NCalls =     21
VariableMetric: start iterating until Edm is < 1e-05
VariableMetric: Initial state   - FCN =   6.338399338313 Edm =   0.00128382 NCalls =     21
VariableMetric: Iteration #   1 - FCN =   6.337136280706 Edm =  3.55425e-06 NCalls =     32
VariableMetric: After Hessian   - FCN =   6.337136280706 Edm =  3.49423e-06 NCalls =     63
Number of iterations 3
----------> Iteration 0
            FVAL = 6.33839933831 Edm = 0.00128382377112 Nfcn = 21
            Error matrix change = 1
            Parameters :  p0 = 0 p1 = 0 p2 = 0 p3 = 0 p4 = 0
----------> Iteration 1
            FVAL = 6.33713628071 Edm = 3.5542482867e-06 Nfcn = 32
            Error matrix change = 0.505914
            Parameters :  p0 = 0.00709539 p1 = 0 p2 = 0 p3 = 0 p4 = 0.0399756
----------> Iteration 2
            FVAL = 6.33713628071 Edm = 3.49422524595e-06 Nfcn = 63
            Error matrix change = 0
            Parameters :  p0 = 0.00709539 p1 = 0 p2 = 0 p3 = 0 p4 = 0.0399756
Minuit2Minimizer : Valid minimum - status = 0
FVAL  = 6.33713628070550872
Edm   = 3.49422524594607432e-06
Nfcn  = 63
jerUp_unc	  = 0.00709539	 +/-  0.994262	(limited)
jesUp_unc	  = 0	 +/-  0.996602	(limited)
lumi	  = 0	 +/-  0.996602	(limited)
pdf_unc	  = 0	 +/-  0.996602	(limited)
xs_Bkg	  = 0.0399756	 +/-  0.794148	(limited)
Zero signal fit
   0) jerUp_unc                      = 0.00709539
   1) jesUp_unc                      =         0
   2) lumi                           =         0
   3) pdf_unc                        =         0
   4) xs_Bkg                         = 0.0399756

Fitting of the background hypothesis done in 0.312429 s
[#1] INFO:Fitting -- RooAddition::defaultErrorLevel(nll_model_s_data_obs_with_constr) Summation contains a RooNLLVar, using its error level
Minuit2Minimizer: Minimize with max-calls 2500 convergence for edm < 0.01 strategy 1
MnSeedGenerator: for initial parameters FCN = 11.4419
MnSeedGenerator: Initial state:   - FCN =   11.44188977527 Edm =     0.717321 NCalls =     19
VariableMetric: start iterating until Edm is < 1e-05
VariableMetric: Initial state   - FCN =   11.44188977527 Edm =     0.717321 NCalls =     19
VariableMetric: Iteration #   1 - FCN =   10.74116877281 Edm =   0.00268145 NCalls =     30
VariableMetric: Iteration #   2 - FCN =   10.73844115232 Edm =  5.84254e-06 NCalls =     41
VariableMetric: Iteration #   3 - FCN =   10.73843493369 Edm =  3.47421e-09 NCalls =     52
VariableMetric: After Hessian   - FCN =   10.73843493369 Edm =  3.65514e-09 NCalls =     83
Number of iterations 5
----------> Iteration 0
            FVAL = 11.4418897753 Edm = 0.717320568918 Nfcn = 19
            Error matrix change = 1
            Parameters :  p0 = 0.00709539 p1 = 0 p2 = 0 p3 = 0 p4 = 0.0399756
----------> Iteration 1
            FVAL = 10.7411687728 Edm = 0.00268144815293 Nfcn = 30
            Error matrix change = 0.522883
            Parameters :  p0 = -0.130507 p1 = -0.359118 p2 = -0.3322 p3 = -0.424629 p4 = -0.78083
----------> Iteration 2
            FVAL = 10.7384411523 Edm = 5.84253704747e-06 Nfcn = 41
            Error matrix change = 0.273444
            Parameters :  p0 = -0.0936865 p1 = -0.328986 p2 = -0.303183 p3 = -0.393078 p4 = -0.806147
----------> Iteration 3
            FVAL = 10.7384349337 Edm = 3.47421456745e-09 Nfcn = 52
            Error matrix change = 0.143236
            Parameters :  p0 = -0.0917658 p1 = -0.328248 p2 = -0.302567 p3 = -0.392032 p4 = -0.808418
----------> Iteration 4
            FVAL = 10.7384349337 Edm = 3.65514249117e-09 Nfcn = 83
            Error matrix change = 0
            Parameters :  p0 = -0.0917658 p1 = -0.328248 p2 = -0.302567 p3 = -0.392032 p4 = -0.808418
Minuit2Minimizer : Valid minimum - status = 0
FVAL  = 10.7384349336877705
Edm   = 3.65514249117213683e-09
Nfcn  = 83
jerUp_unc	  = -0.0917658	 +/-  0.995066	(limited)
jesUp_unc	  = -0.328248	 +/-  0.986225	(limited)
lumi	  = -0.302567	 +/-  0.987792	(limited)
pdf_unc	  = -0.392032	 +/-  0.981767	(limited)
xs_Bkg	  = -0.808418	 +/-  0.869112	(limited)
Reference signal fit
   0) jerUp_unc                      = -0.0917658
   1) jesUp_unc                      = -0.328248
   2) lumi                           = -0.302567
   3) pdf_unc                        = -0.392032
   4) xs_Bkg                         = -0.808418

Fitting of the signal-plus-background hypothesis done in 0.00230408 s
      Evaluation of p-values done in  5.35532 s
	CLs = 0 +/- 0
      Evaluation of p-values done in  5.22793 s
	CLs = 0.00261552 +/- 0.00150978
      Evaluation of p-values done in  5.31753 s
	CLs = 0.00590667 +/- 0.00186714
      Evaluation of p-values done in  5.31401 s
	CLs = 0.00439367 +/- 0.00138898
      Evaluation of p-values done in  5.13374 s
	CLs = 0.00391738 +/- 0.00118085
	CLs      = 0.00391738 +/- 0.00118085
	CLb      = 0.5616 +/- 0.0070172
	CLsplusb = 0.0022 +/- 0.000662595

Hybrid result saved as HypoTestResult_mh120_r11_950309735 in higgsCombineTest.HybridNew.mH120.294254749.root : higgsCombineTest.HybridNew.mH120.294254749.root:/toys

 -- Hybrid New -- 
CLs = 0.00391738 +/- 0.00118085
Total toys: 10000
Done in 0.00 min (cpu), 0.45 min (real)
