>>> including systematics
>>> using the Profile Likelihood test statistics modified for upper limits (Q_LHC)
>>> method used to compute upper limit is HybridNew
>>> Using OpenSSL to get a really random seed 
>>> Used OpenSSL to get a really random seed 1102512070
Adding /uscms_data/d2/lpcljm/sapta/SUSYSearch/LimitSetting/CMSSW_7_1_5/src to include path
Adding /cvmfs/cms.cern.ch/slc6_amd64_gcc481/lcg/roofit/5.34.18-cms3//include to include path
Input workspace 'w': 

RooWorkspace(w) w contents

variables
---------
(jerUp_unc,jerUp_unc_In,jesUp_unc,jesUp_unc_In,lumi,lumi_In,n_obs_binbin1,pdf_unc,pdf_unc_In,r,xs_Bkg,xs_Bkg_In)

p.d.f.s
-------
SimpleGaussianConstraint::jerUp_unc_Pdf[ x=jerUp_unc mean=jerUp_unc_In sigma=1 ] = 1
SimpleGaussianConstraint::jesUp_unc_Pdf[ x=jesUp_unc mean=jesUp_unc_In sigma=1 ] = 1
SimpleGaussianConstraint::lumi_Pdf[ x=lumi mean=lumi_In sigma=1 ] = 1
RooProdPdf::modelObs_b[ pdf_binbin1_bonly ] = 0.340942
RooProdPdf::modelObs_s[ pdf_binbin1 ] = 0.315759
RooProdPdf::model_b[ modelObs_b * nuisancePdf ] = 0.340942
RooProdPdf::model_s[ modelObs_s * nuisancePdf ] = 0.315759
RooProdPdf::nuisancePdf[ lumi_Pdf * jesUp_unc_Pdf * pdf_unc_Pdf * xs_Bkg_Pdf * jerUp_unc_Pdf ] = 1
RooPoisson::pdf_binbin1[ x=n_obs_binbin1 mean=n_exp_binbin1 ] = 0.315759
RooPoisson::pdf_binbin1_bonly[ x=n_obs_binbin1 mean=n_exp_binbin1_bonly ] = 0.340942
SimpleGaussianConstraint::pdf_unc_Pdf[ x=pdf_unc mean=pdf_unc_In sigma=1 ] = 1
SimpleGaussianConstraint::xs_Bkg_Pdf[ x=xs_Bkg mean=xs_Bkg_In sigma=1 ] = 1

functions
--------
RooAddition::n_exp_binbin1[ n_exp_binbin1_proc_BH + n_exp_binbin1_proc_Background ] = 1.65898
RooAddition::n_exp_binbin1_bonly[ n_exp_binbin1_proc_Background ] = 0.658978
ProcessNormalization::n_exp_binbin1_proc_BH[ thetaList=(lumi,jesUp_unc,pdf_unc) asymmThetaList=() otherFactorList=(r) ] = 1
ProcessNormalization::n_exp_binbin1_proc_Background[ thetaList=(xs_Bkg,jerUp_unc) asymmThetaList=() otherFactorList=() ] = 0.658978

datasets
--------
RooDataSet::data_obs(n_obs_binbin1)

named sets
----------
ModelConfig_GlobalObservables:(lumi_In,jesUp_unc_In,pdf_unc_In,xs_Bkg_In,jerUp_unc_In)
ModelConfig_NuisParams:(lumi,jesUp_unc,pdf_unc,xs_Bkg,jerUp_unc)
ModelConfig_Observables:(n_obs_binbin1)
ModelConfig_POI:(r)
ModelConfig_bonly_GlobalObservables:(lumi_In,jesUp_unc_In,pdf_unc_In,xs_Bkg_In,jerUp_unc_In)
ModelConfig_bonly_NuisParams:(lumi,jesUp_unc,pdf_unc,xs_Bkg,jerUp_unc)
ModelConfig_bonly_Observables:(n_obs_binbin1)
ModelConfig_bonly_POI:(r)
POI:(r)
globalObservables:(lumi_In,jesUp_unc_In,pdf_unc_In,xs_Bkg_In,jerUp_unc_In)
nuisances:(lumi,jesUp_unc,pdf_unc,xs_Bkg,jerUp_unc)
observables:(n_obs_binbin1)

generic objects
---------------
RooStats::ModelConfig::ModelConfig
RooStats::ModelConfig::ModelConfig_bonly
RooArgSet::discreteParams

Workspace has a ModelConfig for signal called 'ModelConfig', with contents:

=== Using the following for ModelConfig ===
Observables:             RooArgSet:: = (n_obs_binbin1)
Parameters of Interest:  RooArgSet:: = (r)
Nuisance Parameters:     RooArgSet:: = (lumi,jesUp_unc,pdf_unc,xs_Bkg,jerUp_unc)
Global Observables:      RooArgSet:: = (lumi_In,jesUp_unc_In,pdf_unc_In,xs_Bkg_In,jerUp_unc_In)
PDF:                     RooProdPdf::model_s[ modelObs_s * nuisancePdf ] = 0.315759

Input ModelConfig 'ModelConfig': 

=== Using the following for ModelConfig ===
Observables:             RooArgSet:: = (n_obs_binbin1)
Parameters of Interest:  RooArgSet:: = (r)
Nuisance Parameters:     RooArgSet:: = (lumi,jesUp_unc,pdf_unc,xs_Bkg,jerUp_unc)
Global Observables:      RooArgSet:: = (lumi_In,jesUp_unc_In,pdf_unc_In,xs_Bkg_In,jerUp_unc_In)
PDF:                     RooProdPdf::model_s[ modelObs_s * nuisancePdf ] = 0.315759

[#1] INFO:ObjectHandling -- RooWorkspace::import(w) importing RooUniform::prior
Computing limit starting from observation
  1) RooRealVar:: n_obs_binbin1 = 1
Set default minimizer to Minuit2
  r = 11 +/- 0
[#1] INFO:Minization --  Including the following contraint terms in minimization: (nuisancePdf)
[#1] INFO:Fitting -- RooAddition::defaultErrorLevel(nll_model_s_data_obs_with_constr) Summation contains a RooNLLVar, using its error level
Minuit2Minimizer: Minimize with max-calls 2500 convergence for edm < 0.01 strategy 1
MnSeedGenerator: for initial parameters FCN = 5.67074
MnSeedGenerator: Initial state:   - FCN =   5.670735794962 Edm =    0.0154584 NCalls =     21
VariableMetric: start iterating until Edm is < 1e-05
VariableMetric: Initial state   - FCN =   5.670735794962 Edm =    0.0154584 NCalls =     21
VariableMetric: Iteration #   1 - FCN =   5.655392184285 Edm =  4.24632e-06 NCalls =     32
VariableMetric: Iteration #   2 - FCN =   5.655388013243 Edm =  1.09105e-10 NCalls =     43
VariableMetric: After Hessian   - FCN =   5.655388013243 Edm =   1.0899e-10 NCalls =     74
Number of iterations 4
----------> Iteration 0
            FVAL = 5.67073579496 Edm = 0.0154584334864 Nfcn = 21
            Error matrix change = 1
            Parameters :  p0 = 0 p1 = 0 p2 = 0 p3 = 0 p4 = 0
----------> Iteration 1
            FVAL = 5.65539218428 Edm = 4.24632169266e-06 Nfcn = 32
            Error matrix change = 0.502173
            Parameters :  p0 = 0.0133616 p1 = 0 p2 = 0 p3 = 0 p4 = 0.159311
----------> Iteration 2
            FVAL = 5.65538801324 Edm = 1.09104570689e-10 Nfcn = 43
            Error matrix change = 0.25211
            Parameters :  p0 = 0.0109522 p1 = 0 p2 = 0 p3 = 0 p4 = 0.157901
----------> Iteration 3
            FVAL = 5.65538801324 Edm = 1.08989552671e-10 Nfcn = 74
            Error matrix change = 0
            Parameters :  p0 = 0.0109522 p1 = 0 p2 = 0 p3 = 0 p4 = 0.157901
Minuit2Minimizer : Valid minimum - status = 0
FVAL  = 5.65538801324317841
Edm   = 1.08989552670734111e-10
Nfcn  = 74
jerUp_unc	  = 0.0109522	 +/-  0.996157	(limited)
jesUp_unc	  = 0	 +/-  0.996602	(limited)
lumi	  = 0	 +/-  0.996602	(limited)
pdf_unc	  = 0	 +/-  0.996602	(limited)
xs_Bkg	  = 0.157901	 +/-  0.89901	(limited)
Zero signal fit
   0) jerUp_unc                      = 0.0109522
   1) jesUp_unc                      =         0
   2) lumi                           =         0
   3) pdf_unc                        =         0
   4) xs_Bkg                         =  0.157901

Fitting of the background hypothesis done in 0.294666 s
[#1] INFO:Fitting -- RooAddition::defaultErrorLevel(nll_model_s_data_obs_with_constr) Summation contains a RooNLLVar, using its error level
Minuit2Minimizer: Minimize with max-calls 2500 convergence for edm < 0.01 strategy 1
MnSeedGenerator: for initial parameters FCN = 13.8667
MnSeedGenerator: Initial state:   - FCN =   13.86671218924 Edm =     0.500402 NCalls =     21
VariableMetric: start iterating until Edm is < 1e-05
VariableMetric: Initial state   - FCN =   13.86671218924 Edm =     0.500402 NCalls =     21
VariableMetric: Iteration #   1 - FCN =   13.38594013808 Edm =   0.00105848 NCalls =     32
VariableMetric: Iteration #   2 - FCN =   13.38492183256 Edm =  1.71809e-07 NCalls =     43
VariableMetric: After Hessian   - FCN =   13.38492183256 Edm =  1.75544e-07 NCalls =     74
Number of iterations 4
----------> Iteration 0
            FVAL = 13.8667121892 Edm = 0.500402145026 Nfcn = 21
            Error matrix change = 1
            Parameters :  p0 = 0.0109522 p1 = 0 p2 = 0 p3 = 0 p4 = 0.157901
----------> Iteration 1
            FVAL = 13.3859401381 Edm = 0.00105847771934 Nfcn = 32
            Error matrix change = 0.512726
            Parameters :  p0 = -0.0258234 p1 = -0.478068 p2 = -0.442407 p3 = -0.564658 p4 = -0.28071
----------> Iteration 2
            FVAL = 13.3849218326 Edm = 1.71809479584e-07 Nfcn = 43
            Error matrix change = 0.260425
            Parameters :  p0 = -0.0202205 p1 = -0.453193 p2 = -0.417742 p3 = -0.541132 p4 = -0.286989
----------> Iteration 3
            FVAL = 13.3849218326 Edm = 1.75543918599e-07 Nfcn = 74
            Error matrix change = 0
            Parameters :  p0 = -0.0202205 p1 = -0.453193 p2 = -0.417742 p3 = -0.541132 p4 = -0.286989
Minuit2Minimizer : Valid minimum - status = 0
FVAL  = 13.3849218325627426
Edm   = 1.75543918598589522e-07
Nfcn  = 74
jerUp_unc	  = -0.0202205	 +/-  0.996268	(limited)
jesUp_unc	  = -0.453193	 +/-  0.985413	(limited)
lumi	  = -0.417742	 +/-  0.987103	(limited)
pdf_unc	  = -0.541132	 +/-  0.980602	(limited)
xs_Bkg	  = -0.286989	 +/-  0.924451	(limited)
Reference signal fit
   0) jerUp_unc                      = -0.0202205
   1) jesUp_unc                      = -0.453193
   2) lumi                           = -0.417742
   3) pdf_unc                        = -0.541132
   4) xs_Bkg                         = -0.286989

Fitting of the signal-plus-background hypothesis done in 0.00227618 s
      Evaluation of p-values done in  58.7805 s
	CLs = 0.000146413 +/- 0.000146409
      Evaluation of p-values done in  58.6708 s
	CLs = 7.34592e-05 +/- 7.34582e-05
      Evaluation of p-values done in  58.8915 s
	CLs = 4.90028e-05 +/- 4.90024e-05
      Evaluation of p-values done in  58.5045 s
	CLs = 3.67269e-05 +/- 3.67267e-05
      Evaluation of p-values done in  57.9864 s
	CLs = 5.87337e-05 +/- 4.15306e-05
	CLs      = 5.87337e-05 +/- 4.15306e-05
	CLb      = 0.68104 +/- 0.00208434
	CLsplusb = 4e-05 +/- 2.82837e-05

Hybrid result saved as HypoTestResult_mh120_r11_878809912 in higgsCombineTest.HybridNew.mH120.1102512070.root : higgsCombineTest.HybridNew.mH120.1102512070.root:/toys

 -- Hybrid New -- 
CLs = 5.87337e-05 +/- 4.15306e-05
Total toys: 100000
Done in 0.01 min (cpu), 4.89 min (real)
