>>> including systematics
>>> using the Profile Likelihood test statistics modified for upper limits (Q_LHC)
>>> method used to compute upper limit is HybridNew
>>> Using OpenSSL to get a really random seed 
>>> Used OpenSSL to get a really random seed -904445858
Adding /uscms_data/d2/lpcljm/sapta/SUSYSearch/LimitSetting/CMSSW_7_1_5/src to include path
Adding /cvmfs/cms.cern.ch/slc6_amd64_gcc481/lcg/roofit/5.34.18-cms3//include to include path
Input workspace 'w': 

RooWorkspace(w) w contents

variables
---------
(jerUp_unc,jerUp_unc_In,jesUp_unc,jesUp_unc_In,lumi,lumi_In,n_obs_binbin1,pdf_unc,pdf_unc_In,r,xs_Bkg,xs_Bkg_In)

p.d.f.s
-------
SimpleGaussianConstraint::jerUp_unc_Pdf[ x=jerUp_unc mean=jerUp_unc_In sigma=1 ] = 1
SimpleGaussianConstraint::jesUp_unc_Pdf[ x=jesUp_unc mean=jesUp_unc_In sigma=1 ] = 1
SimpleGaussianConstraint::lumi_Pdf[ x=lumi mean=lumi_In sigma=1 ] = 1
RooProdPdf::modelObs_b[ pdf_binbin1_bonly ] = 0.174871
RooProdPdf::modelObs_s[ pdf_binbin1 ] = 0.165188
RooProdPdf::model_b[ modelObs_b * nuisancePdf ] = 0.174871
RooProdPdf::model_s[ modelObs_s * nuisancePdf ] = 0.165188
RooProdPdf::nuisancePdf[ lumi_Pdf * jesUp_unc_Pdf * pdf_unc_Pdf * xs_Bkg_Pdf * jerUp_unc_Pdf ] = 1
RooPoisson::pdf_binbin1[ x=n_obs_binbin1 mean=n_exp_binbin1 ] = 0.165188
RooPoisson::pdf_binbin1_bonly[ x=n_obs_binbin1 mean=n_exp_binbin1_bonly ] = 0.174871
SimpleGaussianConstraint::pdf_unc_Pdf[ x=pdf_unc mean=pdf_unc_In sigma=1 ] = 1
SimpleGaussianConstraint::xs_Bkg_Pdf[ x=xs_Bkg mean=xs_Bkg_In sigma=1 ] = 1

functions
--------
RooAddition::n_exp_binbin1[ n_exp_binbin1_proc_BH + n_exp_binbin1_proc_Background ] = 5.81775
RooAddition::n_exp_binbin1_bonly[ n_exp_binbin1_proc_Background ] = 4.81775
ProcessNormalization::n_exp_binbin1_proc_BH[ thetaList=(lumi,jesUp_unc,pdf_unc) asymmThetaList=() otherFactorList=(r) ] = 1
ProcessNormalization::n_exp_binbin1_proc_Background[ thetaList=(xs_Bkg,jerUp_unc) asymmThetaList=() otherFactorList=() ] = 4.81775

datasets
--------
RooDataSet::data_obs(n_obs_binbin1)

named sets
----------
ModelConfig_GlobalObservables:(lumi_In,jesUp_unc_In,pdf_unc_In,xs_Bkg_In,jerUp_unc_In)
ModelConfig_NuisParams:(lumi,jesUp_unc,pdf_unc,xs_Bkg,jerUp_unc)
ModelConfig_Observables:(n_obs_binbin1)
ModelConfig_POI:(r)
ModelConfig_bonly_GlobalObservables:(lumi_In,jesUp_unc_In,pdf_unc_In,xs_Bkg_In,jerUp_unc_In)
ModelConfig_bonly_NuisParams:(lumi,jesUp_unc,pdf_unc,xs_Bkg,jerUp_unc)
ModelConfig_bonly_Observables:(n_obs_binbin1)
ModelConfig_bonly_POI:(r)
POI:(r)
globalObservables:(lumi_In,jesUp_unc_In,pdf_unc_In,xs_Bkg_In,jerUp_unc_In)
nuisances:(lumi,jesUp_unc,pdf_unc,xs_Bkg,jerUp_unc)
observables:(n_obs_binbin1)

generic objects
---------------
RooStats::ModelConfig::ModelConfig
RooStats::ModelConfig::ModelConfig_bonly
RooArgSet::discreteParams

Workspace has a ModelConfig for signal called 'ModelConfig', with contents:

=== Using the following for ModelConfig ===
Observables:             RooArgSet:: = (n_obs_binbin1)
Parameters of Interest:  RooArgSet:: = (r)
Nuisance Parameters:     RooArgSet:: = (lumi,jesUp_unc,pdf_unc,xs_Bkg,jerUp_unc)
Global Observables:      RooArgSet:: = (lumi_In,jesUp_unc_In,pdf_unc_In,xs_Bkg_In,jerUp_unc_In)
PDF:                     RooProdPdf::model_s[ modelObs_s * nuisancePdf ] = 0.165188

Input ModelConfig 'ModelConfig': 

=== Using the following for ModelConfig ===
Observables:             RooArgSet:: = (n_obs_binbin1)
Parameters of Interest:  RooArgSet:: = (r)
Nuisance Parameters:     RooArgSet:: = (lumi,jesUp_unc,pdf_unc,xs_Bkg,jerUp_unc)
Global Observables:      RooArgSet:: = (lumi_In,jesUp_unc_In,pdf_unc_In,xs_Bkg_In,jerUp_unc_In)
PDF:                     RooProdPdf::model_s[ modelObs_s * nuisancePdf ] = 0.165188

[#1] INFO:ObjectHandling -- RooWorkspace::import(w) importing RooUniform::prior
Computing limit starting from observation
  1) RooRealVar:: n_obs_binbin1 = 5
Set default minimizer to Minuit2
  r = 12 +/- 0
[#1] INFO:Minization --  Including the following contraint terms in minimization: (nuisancePdf)
[#1] INFO:Fitting -- RooAddition::defaultErrorLevel(nll_model_s_data_obs_with_constr) Summation contains a RooNLLVar, using its error level
Minuit2Minimizer: Minimize with max-calls 2500 convergence for edm < 0.01 strategy 1
MnSeedGenerator: for initial parameters FCN = 6.3384
MnSeedGenerator: Initial state:   - FCN =   6.338399338313 Edm =   0.00128382 NCalls =     21
VariableMetric: start iterating until Edm is < 1e-05
VariableMetric: Initial state   - FCN =   6.338399338313 Edm =   0.00128382 NCalls =     21
VariableMetric: Iteration #   1 - FCN =   6.337136280706 Edm =  3.55425e-06 NCalls =     32
VariableMetric: After Hessian   - FCN =   6.337136280706 Edm =  3.49423e-06 NCalls =     63
Number of iterations 3
----------> Iteration 0
            FVAL = 6.33839933831 Edm = 0.00128382377112 Nfcn = 21
            Error matrix change = 1
            Parameters :  p0 = 0 p1 = 0 p2 = 0 p3 = 0 p4 = 0
----------> Iteration 1
            FVAL = 6.33713628071 Edm = 3.5542482867e-06 Nfcn = 32
            Error matrix change = 0.505914
            Parameters :  p0 = 0.00709539 p1 = 0 p2 = 0 p3 = 0 p4 = 0.0399756
----------> Iteration 2
            FVAL = 6.33713628071 Edm = 3.49422524595e-06 Nfcn = 63
            Error matrix change = 0
            Parameters :  p0 = 0.00709539 p1 = 0 p2 = 0 p3 = 0 p4 = 0.0399756
Minuit2Minimizer : Valid minimum - status = 0
FVAL  = 6.33713628070550872
Edm   = 3.49422524594607432e-06
Nfcn  = 63
jerUp_unc	  = 0.00709539	 +/-  0.994262	(limited)
jesUp_unc	  = 0	 +/-  0.996602	(limited)
lumi	  = 0	 +/-  0.996602	(limited)
pdf_unc	  = 0	 +/-  0.996602	(limited)
xs_Bkg	  = 0.0399756	 +/-  0.794148	(limited)
Zero signal fit
   0) jerUp_unc                      = 0.00709539
   1) jesUp_unc                      =         0
   2) lumi                           =         0
   3) pdf_unc                        =         0
   4) xs_Bkg                         = 0.0399756

Fitting of the background hypothesis done in 0.304641 s
[#1] INFO:Fitting -- RooAddition::defaultErrorLevel(nll_model_s_data_obs_with_constr) Summation contains a RooNLLVar, using its error level
Minuit2Minimizer: Minimize with max-calls 2500 convergence for edm < 0.01 strategy 1
MnSeedGenerator: for initial parameters FCN = 12.1367
MnSeedGenerator: Initial state:   - FCN =   12.13665845063 Edm =     0.796901 NCalls =     19
VariableMetric: start iterating until Edm is < 1e-05
VariableMetric: Initial state   - FCN =   12.13665845063 Edm =     0.796901 NCalls =     19
VariableMetric: Iteration #   1 - FCN =   11.36116263165 Edm =   0.00313225 NCalls =     30
VariableMetric: Iteration #   2 - FCN =   11.35799833502 Edm =  7.12487e-06 NCalls =     41
VariableMetric: Iteration #   3 - FCN =   11.35799073117 Edm =  4.97149e-09 NCalls =     52
VariableMetric: After Hessian   - FCN =   11.35799073117 Edm =  5.24509e-09 NCalls =     83
Number of iterations 5
----------> Iteration 0
            FVAL = 12.1366584506 Edm = 0.796901207657 Nfcn = 19
            Error matrix change = 1
            Parameters :  p0 = 0.00709539 p1 = 0 p2 = 0 p3 = 0 p4 = 0.0399756
----------> Iteration 1
            FVAL = 11.3611626316 Edm = 0.00313225217554 Nfcn = 30
            Error matrix change = 0.523387
            Parameters :  p0 = -0.13405 p1 = -0.40141 p2 = -0.371459 p3 = -0.474145 p4 = -0.799812
----------> Iteration 2
            FVAL = 11.357998335 Edm = 7.12486543455e-06 Nfcn = 41
            Error matrix change = 0.274225
            Parameters :  p0 = -0.0961476 p1 = -0.367927 p2 = -0.339072 p3 = -0.439588 p4 = -0.825676
----------> Iteration 3
            FVAL = 11.3579907312 Edm = 4.97149287001e-09 Nfcn = 52
            Error matrix change = 0.144215
            Parameters :  p0 = -0.0940078 p1 = -0.367092 p2 = -0.338371 p3 = -0.438427 p4 = -0.828154
----------> Iteration 4
            FVAL = 11.3579907312 Edm = 5.24508955128e-09 Nfcn = 83
            Error matrix change = 0
            Parameters :  p0 = -0.0940078 p1 = -0.367092 p2 = -0.338371 p3 = -0.438427 p4 = -0.828154
Minuit2Minimizer : Valid minimum - status = 0
FVAL  = 11.3579907311705313
Edm   = 5.24508955128057939e-09
Nfcn  = 83
jerUp_unc	  = -0.0940078	 +/-  0.995058	(limited)
jesUp_unc	  = -0.367092	 +/-  0.985271	(limited)
lumi	  = -0.338371	 +/-  0.986983	(limited)
pdf_unc	  = -0.438427	 +/-  0.9804	(limited)
xs_Bkg	  = -0.828154	 +/-  0.868462	(limited)
Reference signal fit
   0) jerUp_unc                      = -0.0940078
   1) jesUp_unc                      = -0.367092
   2) lumi                           = -0.338371
   3) pdf_unc                        = -0.438427
   4) xs_Bkg                         = -0.828154

Fitting of the signal-plus-background hypothesis done in 0.0022788 s
      Evaluation of p-values done in  5.3471 s
	CLs = 0.00172414 +/- 0.0017239
      Evaluation of p-values done in  5.29118 s
	CLs = 0.00087108 +/- 0.000871024
      Evaluation of p-values done in  5.10471 s
	CLs = 0.000575705 +/- 0.000575679
      Evaluation of p-values done in  5.29134 s
	CLs = 0.000432526 +/- 0.000432511
      Evaluation of p-values done in  5.32742 s
	CLs = 0.00069979 +/- 0.000494802
	CLs      = 0.00069979 +/- 0.000494802
	CLb      = 0.5716 +/- 0.00699819
	CLsplusb = 0.0004 +/- 0.000282786

Hybrid result saved as HypoTestResult_mh120_r12_4015822258 in higgsCombineTest.HybridNew.mH120.-904445858.root : higgsCombineTest.HybridNew.mH120.-904445858.root:/toys

 -- Hybrid New -- 
CLs = 0.00069979 +/- 0.000494802
Total toys: 10000
Done in 0.00 min (cpu), 0.45 min (real)
