>>> including systematics
>>> using the Profile Likelihood test statistics modified for upper limits (Q_LHC)
>>> method used to compute upper limit is HybridNew
>>> Using OpenSSL to get a really random seed 
>>> Used OpenSSL to get a really random seed -416310719
Adding /uscms_data/d2/lpcljm/sapta/SUSYSearch/LimitSetting/CMSSW_7_1_5/src to include path
Adding /cvmfs/cms.cern.ch/slc6_amd64_gcc481/lcg/roofit/5.34.18-cms3//include to include path
Input workspace 'w': 

RooWorkspace(w) w contents

variables
---------
(jerUp_unc,jerUp_unc_In,jesUp_unc,jesUp_unc_In,lumi,lumi_In,n_obs_binbin1,pdf_unc,pdf_unc_In,r,xs_Bkg,xs_Bkg_In)

p.d.f.s
-------
SimpleGaussianConstraint::jerUp_unc_Pdf[ x=jerUp_unc mean=jerUp_unc_In sigma=1 ] = 1
SimpleGaussianConstraint::jesUp_unc_Pdf[ x=jesUp_unc mean=jesUp_unc_In sigma=1 ] = 1
SimpleGaussianConstraint::lumi_Pdf[ x=lumi mean=lumi_In sigma=1 ] = 1
RooProdPdf::modelObs_b[ pdf_binbin1_bonly ] = 0.0609966
RooProdPdf::modelObs_s[ pdf_binbin1 ] = 0.0580209
RooProdPdf::model_b[ modelObs_b * nuisancePdf ] = 0.0609966
RooProdPdf::model_s[ modelObs_s * nuisancePdf ] = 0.0580209
RooProdPdf::nuisancePdf[ lumi_Pdf * jesUp_unc_Pdf * pdf_unc_Pdf * xs_Bkg_Pdf * jerUp_unc_Pdf ] = 1
RooPoisson::pdf_binbin1[ x=n_obs_binbin1 mean=n_exp_binbin1 ] = 0.0580209
RooPoisson::pdf_binbin1_bonly[ x=n_obs_binbin1 mean=n_exp_binbin1_bonly ] = 0.0609966
SimpleGaussianConstraint::pdf_unc_Pdf[ x=pdf_unc mean=pdf_unc_In sigma=1 ] = 1
SimpleGaussianConstraint::xs_Bkg_Pdf[ x=xs_Bkg mean=xs_Bkg_In sigma=1 ] = 1

functions
--------
RooAddition::n_exp_binbin1[ n_exp_binbin1_proc_BH + n_exp_binbin1_proc_Background ] = 42.6079
RooAddition::n_exp_binbin1_bonly[ n_exp_binbin1_proc_Background ] = 41.6079
ProcessNormalization::n_exp_binbin1_proc_BH[ thetaList=(lumi,jesUp_unc,pdf_unc,jerUp_unc) asymmThetaList=() otherFactorList=(r) ] = 1
ProcessNormalization::n_exp_binbin1_proc_Background[ thetaList=(xs_Bkg) asymmThetaList=() otherFactorList=() ] = 41.6079

datasets
--------
RooDataSet::data_obs(n_obs_binbin1)

named sets
----------
ModelConfig_GlobalObservables:(lumi_In,jesUp_unc_In,pdf_unc_In,xs_Bkg_In,jerUp_unc_In)
ModelConfig_NuisParams:(lumi,jesUp_unc,pdf_unc,xs_Bkg,jerUp_unc)
ModelConfig_Observables:(n_obs_binbin1)
ModelConfig_POI:(r)
ModelConfig_bonly_GlobalObservables:(lumi_In,jesUp_unc_In,pdf_unc_In,xs_Bkg_In,jerUp_unc_In)
ModelConfig_bonly_NuisParams:(lumi,jesUp_unc,pdf_unc,xs_Bkg,jerUp_unc)
ModelConfig_bonly_Observables:(n_obs_binbin1)
ModelConfig_bonly_POI:(r)
POI:(r)
globalObservables:(lumi_In,jesUp_unc_In,pdf_unc_In,xs_Bkg_In,jerUp_unc_In)
nuisances:(lumi,jesUp_unc,pdf_unc,xs_Bkg,jerUp_unc)
observables:(n_obs_binbin1)

generic objects
---------------
RooStats::ModelConfig::ModelConfig
RooStats::ModelConfig::ModelConfig_bonly
RooArgSet::discreteParams

Workspace has a ModelConfig for signal called 'ModelConfig', with contents:

=== Using the following for ModelConfig ===
Observables:             RooArgSet:: = (n_obs_binbin1)
Parameters of Interest:  RooArgSet:: = (r)
Nuisance Parameters:     RooArgSet:: = (lumi,jesUp_unc,pdf_unc,xs_Bkg,jerUp_unc)
Global Observables:      RooArgSet:: = (lumi_In,jesUp_unc_In,pdf_unc_In,xs_Bkg_In,jerUp_unc_In)
PDF:                     RooProdPdf::model_s[ modelObs_s * nuisancePdf ] = 0.0580209

Input ModelConfig 'ModelConfig': 

=== Using the following for ModelConfig ===
Observables:             RooArgSet:: = (n_obs_binbin1)
Parameters of Interest:  RooArgSet:: = (r)
Nuisance Parameters:     RooArgSet:: = (lumi,jesUp_unc,pdf_unc,xs_Bkg,jerUp_unc)
Global Observables:      RooArgSet:: = (lumi_In,jesUp_unc_In,pdf_unc_In,xs_Bkg_In,jerUp_unc_In)
PDF:                     RooProdPdf::model_s[ modelObs_s * nuisancePdf ] = 0.0580209

[#1] INFO:ObjectHandling -- RooWorkspace::import(w) importing RooUniform::prior
Computing limit starting from observation
  1) RooRealVar:: n_obs_binbin1 = 40
Set default minimizer to Minuit2
  r = 12 +/- 0
[#1] INFO:Minization --  Including the following contraint terms in minimization: (nuisancePdf)
[#1] INFO:Fitting -- RooAddition::defaultErrorLevel(nll_model_s_data_obs_with_constr) Summation contains a RooNLLVar, using its error level
Minuit2Minimizer: Minimize with max-calls 2500 convergence for edm < 0.01 strategy 1
MnSeedGenerator: for initial parameters FCN = 7.39163
MnSeedGenerator: Initial state:   - FCN =   7.391630257411 Edm =    0.0154374 NCalls =     21
VariableMetric: start iterating until Edm is < 1e-05
VariableMetric: Initial state   - FCN =   7.391630257411 Edm =    0.0154374 NCalls =     21
VariableMetric: Iteration #   1 - FCN =   7.376144018006 Edm =  3.54468e-07 NCalls =     32
VariableMetric: After Hessian   - FCN =   7.376144018006 Edm =  3.57932e-07 NCalls =     63
Number of iterations 3
----------> Iteration 0
            FVAL = 7.39163025741 Edm = 0.0154373905013 Nfcn = 21
            Error matrix change = 1
            Parameters :  p0 = 0 p1 = 0 p2 = 0 p3 = 0 p4 = 0
----------> Iteration 1
            FVAL = 7.37614401801 Edm = 3.54467771024e-07 Nfcn = 32
            Error matrix change = 0.500269
            Parameters :  p0 = 0 p1 = 0 p2 = 0 p3 = 0 p4 = -0.124626
----------> Iteration 2
            FVAL = 7.37614401801 Edm = 3.57932350908e-07 Nfcn = 63
            Error matrix change = 0
            Parameters :  p0 = 0 p1 = 0 p2 = 0 p3 = 0 p4 = -0.124626
Minuit2Minimizer : Valid minimum - status = 0
FVAL  = 7.37614401800589725
Edm   = 3.57932350907574764e-07
Nfcn  = 63
jerUp_unc	  = 0	 +/-  0.996602	(limited)
jesUp_unc	  = 0	 +/-  0.996602	(limited)
lumi	  = 0	 +/-  0.996602	(limited)
pdf_unc	  = 0	 +/-  0.996602	(limited)
xs_Bkg	  = -0.124626	 +/-  0.711445	(limited)
Zero signal fit
   0) jerUp_unc                      =         0
   1) jesUp_unc                      =         0
   2) lumi                           =         0
   3) pdf_unc                        =         0
   4) xs_Bkg                         = -0.124626

Fitting of the background hypothesis done in 0.298561 s
[#1] INFO:Fitting -- RooAddition::defaultErrorLevel(nll_model_s_data_obs_with_constr) Summation contains a RooNLLVar, using its error level
Minuit2Minimizer: Minimize with max-calls 2500 convergence for edm < 0.01 strategy 1
MnSeedGenerator: for initial parameters FCN = 9.06668
MnSeedGenerator: Initial state:   - FCN =   9.066679620123 Edm =     0.582872 NCalls =     19
VariableMetric: start iterating until Edm is < 1e-05
VariableMetric: Initial state   - FCN =   9.066679620123 Edm =     0.582872 NCalls =     19
VariableMetric: Iteration #   1 - FCN =   8.494803427811 Edm =   0.00427763 NCalls =     30
VariableMetric: Iteration #   2 - FCN =   8.490463048315 Edm =  6.07646e-06 NCalls =     41
VariableMetric: Iteration #   3 - FCN =   8.490456667044 Edm =  2.23335e-09 NCalls =     52
VariableMetric: After Hessian   - FCN =   8.490456667044 Edm =  2.33396e-09 NCalls =     83
Number of iterations 5
----------> Iteration 0
            FVAL = 9.06667962012 Edm = 0.582872154299 Nfcn = 19
            Error matrix change = 1
            Parameters :  p0 = 0 p1 = 0 p2 = 0 p3 = 0 p4 = -0.124626
----------> Iteration 1
            FVAL = 8.49480342781 Edm = 0.00427762929628 Nfcn = 30
            Error matrix change = 0.526447
            Parameters :  p0 = -0.113336 p1 = -0.140402 p2 = -0.129648 p3 = -0.166841 p4 = -0.898344
----------> Iteration 2
            FVAL = 8.49046304831 Edm = 6.0764637451e-06 Nfcn = 41
            Error matrix change = 0.274479
            Parameters :  p0 = -0.0772635 p1 = -0.0962915 p2 = -0.0886903 p3 = -0.115242 p4 = -0.916405
----------> Iteration 3
            FVAL = 8.49045666704 Edm = 2.23334798771e-09 Nfcn = 52
            Error matrix change = 0.142518
            Parameters :  p0 = -0.0762487 p1 = -0.0948543 p2 = -0.0874331 p3 = -0.113287 p4 = -0.918096
----------> Iteration 4
            FVAL = 8.49045666704 Edm = 2.33396013225e-09 Nfcn = 83
            Error matrix change = 0
            Parameters :  p0 = -0.0762487 p1 = -0.0948543 p2 = -0.0874331 p3 = -0.113287 p4 = -0.918096
Minuit2Minimizer : Valid minimum - status = 0
FVAL  = 8.49045666704417457
Edm   = 2.33396013224761271e-09
Nfcn  = 83
jerUp_unc	  = -0.0762487	 +/-  0.993955	(limited)
jesUp_unc	  = -0.0948543	 +/-  0.992503	(limited)
lumi	  = -0.0874331	 +/-  0.99312	(limited)
pdf_unc	  = -0.113287	 +/-  0.99075	(limited)
xs_Bkg	  = -0.918096	 +/-  0.772326	(limited)
Reference signal fit
   0) jerUp_unc                      = -0.0762487
   1) jesUp_unc                      = -0.0948543
   2) lumi                           = -0.0874331
   3) pdf_unc                        = -0.113287
   4) xs_Bkg                         = -0.918096

Fitting of the signal-plus-background hypothesis done in 0.00225091 s
      Evaluation of p-values done in  5.74913 s
	CLs = 0.17321 +/- 0.0202314
      Evaluation of p-values done in  5.35305 s
	CLs = 0.168362 +/- 0.0139256
      Evaluation of p-values done in  5.47495 s
	CLs = 0.162876 +/- 0.0110125
      Evaluation of p-values done in  5.30247 s
	CLs = 0.167592 +/- 0.00972348
      Evaluation of p-values done in  5.68468 s
	CLs = 0.163048 +/- 0.00856657
	CLs      = 0.163048 +/- 0.00856657
	CLb      = 0.4514 +/- 0.00703759
	CLsplusb = 0.0736 +/- 0.00369278

Hybrid result saved as HypoTestResult_mh120_r12_1787563603 in higgsCombineTest.HybridNew.mH120.-416310719.root : higgsCombineTest.HybridNew.mH120.-416310719.root:/toys

 -- Hybrid New -- 
CLs = 0.163048 +/- 0.00856657
Total toys: 10000
Done in 0.00 min (cpu), 0.47 min (real)
