>>> including systematics
>>> using the Profile Likelihood test statistics modified for upper limits (Q_LHC)
>>> method used to compute upper limit is HybridNew
>>> Using OpenSSL to get a really random seed 
>>> Used OpenSSL to get a really random seed -1836341366
Adding /uscms_data/d2/lpcljm/sapta/SUSYSearch/LimitSetting/CMSSW_7_1_5/src to include path
Adding /cvmfs/cms.cern.ch/slc6_amd64_gcc481/lcg/roofit/5.34.18-cms3//include to include path
Input workspace 'w': 

RooWorkspace(w) w contents

variables
---------
(jerUp_unc,jerUp_unc_In,jesUp_unc,jesUp_unc_In,lumi,lumi_In,n_obs_binbin1,pdf_unc,pdf_unc_In,r,xs_Bkg,xs_Bkg_In)

p.d.f.s
-------
SimpleGaussianConstraint::jerUp_unc_Pdf[ x=jerUp_unc mean=jerUp_unc_In sigma=1 ] = 1
SimpleGaussianConstraint::jesUp_unc_Pdf[ x=jesUp_unc mean=jesUp_unc_In sigma=1 ] = 1
SimpleGaussianConstraint::lumi_Pdf[ x=lumi mean=lumi_In sigma=1 ] = 1
RooProdPdf::modelObs_b[ pdf_binbin1_bonly ] = 0.102474
RooProdPdf::modelObs_s[ pdf_binbin1 ] = 0.0930815
RooProdPdf::model_b[ modelObs_b * nuisancePdf ] = 0.102474
RooProdPdf::model_s[ modelObs_s * nuisancePdf ] = 0.0930815
RooProdPdf::nuisancePdf[ lumi_Pdf * jesUp_unc_Pdf * pdf_unc_Pdf * xs_Bkg_Pdf * jerUp_unc_Pdf ] = 1
RooPoisson::pdf_binbin1[ x=n_obs_binbin1 mean=n_exp_binbin1 ] = 0.0930815
RooPoisson::pdf_binbin1_bonly[ x=n_obs_binbin1 mean=n_exp_binbin1_bonly ] = 0.102474
SimpleGaussianConstraint::pdf_unc_Pdf[ x=pdf_unc mean=pdf_unc_In sigma=1 ] = 1
SimpleGaussianConstraint::xs_Bkg_Pdf[ x=xs_Bkg mean=xs_Bkg_In sigma=1 ] = 1

functions
--------
RooAddition::n_exp_binbin1[ n_exp_binbin1_proc_BH + n_exp_binbin1_proc_Background ] = 15.9944
RooAddition::n_exp_binbin1_bonly[ n_exp_binbin1_proc_Background ] = 14.9944
ProcessNormalization::n_exp_binbin1_proc_BH[ thetaList=(lumi,jesUp_unc,pdf_unc) asymmThetaList=() otherFactorList=(r) ] = 1
ProcessNormalization::n_exp_binbin1_proc_Background[ thetaList=(xs_Bkg,jerUp_unc) asymmThetaList=() otherFactorList=() ] = 14.9944

datasets
--------
RooDataSet::data_obs(n_obs_binbin1)

named sets
----------
ModelConfig_GlobalObservables:(lumi_In,jesUp_unc_In,pdf_unc_In,xs_Bkg_In,jerUp_unc_In)
ModelConfig_NuisParams:(lumi,jesUp_unc,pdf_unc,xs_Bkg,jerUp_unc)
ModelConfig_Observables:(n_obs_binbin1)
ModelConfig_POI:(r)
ModelConfig_bonly_GlobalObservables:(lumi_In,jesUp_unc_In,pdf_unc_In,xs_Bkg_In,jerUp_unc_In)
ModelConfig_bonly_NuisParams:(lumi,jesUp_unc,pdf_unc,xs_Bkg,jerUp_unc)
ModelConfig_bonly_Observables:(n_obs_binbin1)
ModelConfig_bonly_POI:(r)
POI:(r)
globalObservables:(lumi_In,jesUp_unc_In,pdf_unc_In,xs_Bkg_In,jerUp_unc_In)
nuisances:(lumi,jesUp_unc,pdf_unc,xs_Bkg,jerUp_unc)
observables:(n_obs_binbin1)

generic objects
---------------
RooStats::ModelConfig::ModelConfig
RooStats::ModelConfig::ModelConfig_bonly
RooArgSet::discreteParams

Workspace has a ModelConfig for signal called 'ModelConfig', with contents:

=== Using the following for ModelConfig ===
Observables:             RooArgSet:: = (n_obs_binbin1)
Parameters of Interest:  RooArgSet:: = (r)
Nuisance Parameters:     RooArgSet:: = (lumi,jesUp_unc,pdf_unc,xs_Bkg,jerUp_unc)
Global Observables:      RooArgSet:: = (lumi_In,jesUp_unc_In,pdf_unc_In,xs_Bkg_In,jerUp_unc_In)
PDF:                     RooProdPdf::model_s[ modelObs_s * nuisancePdf ] = 0.0930815

Input ModelConfig 'ModelConfig': 

=== Using the following for ModelConfig ===
Observables:             RooArgSet:: = (n_obs_binbin1)
Parameters of Interest:  RooArgSet:: = (r)
Nuisance Parameters:     RooArgSet:: = (lumi,jesUp_unc,pdf_unc,xs_Bkg,jerUp_unc)
Global Observables:      RooArgSet:: = (lumi_In,jesUp_unc_In,pdf_unc_In,xs_Bkg_In,jerUp_unc_In)
PDF:                     RooProdPdf::model_s[ modelObs_s * nuisancePdf ] = 0.0930815

[#1] INFO:ObjectHandling -- RooWorkspace::import(w) importing RooUniform::prior
Computing limit starting from observation
  1) RooRealVar:: n_obs_binbin1 = 14
Set default minimizer to Minuit2
  r = 12 +/- 0
[#1] INFO:Minization --  Including the following contraint terms in minimization: (nuisancePdf)
[#1] INFO:Fitting -- RooAddition::defaultErrorLevel(nll_model_s_data_obs_with_constr) Summation contains a RooNLLVar, using its error level
Minuit2Minimizer: Minimize with max-calls 2500 convergence for edm < 0.01 strategy 1
MnSeedGenerator: for initial parameters FCN = 6.87284
MnSeedGenerator: Initial state:   - FCN =   6.872838675872 Edm =    0.0156471 NCalls =     21
VariableMetric: start iterating until Edm is < 1e-05
VariableMetric: Initial state   - FCN =   6.872838675872 Edm =    0.0156471 NCalls =     21
VariableMetric: Iteration #   1 - FCN =    6.85778632364 Edm =  0.000150322 NCalls =     32
VariableMetric: Iteration #   2 - FCN =   6.857638903414 Edm =  5.08501e-08 NCalls =     44
VariableMetric: After Hessian   - FCN =   6.857638903414 Edm =  5.15945e-08 NCalls =     75
Number of iterations 4
----------> Iteration 0
            FVAL = 6.87283867587 Edm = 0.0156470669669 Nfcn = 21
            Error matrix change = 1
            Parameters :  p0 = 0 p1 = 0 p2 = 0 p3 = 0 p4 = 0
----------> Iteration 1
            FVAL = 6.85778632364 Edm = 0.000150321565457 Nfcn = 32
            Error matrix change = 0.512324
            Parameters :  p0 = -0.0381216 p1 = 0 p2 = 0 p3 = 0 p4 = -0.1278
----------> Iteration 2
            FVAL = 6.85763890341 Edm = 5.08500548239e-08 Nfcn = 44
            Error matrix change = 0.263387
            Parameters :  p0 = -0.0213085 p1 = 0 p2 = 0 p3 = 0 p4 = -0.126856
----------> Iteration 3
            FVAL = 6.85763890341 Edm = 5.15944588296e-08 Nfcn = 75
            Error matrix change = 0
            Parameters :  p0 = -0.0213085 p1 = 0 p2 = 0 p3 = 0 p4 = -0.126856
Minuit2Minimizer : Valid minimum - status = 0
FVAL  = 6.85763890341382343
Edm   = 5.15944588296395218e-08
Nfcn  = 75
jerUp_unc	  = -0.0213085	 +/-  0.990509	(limited)
jesUp_unc	  = 0	 +/-  0.996602	(limited)
lumi	  = 0	 +/-  0.996602	(limited)
pdf_unc	  = 0	 +/-  0.996602	(limited)
xs_Bkg	  = -0.126856	 +/-  0.747591	(limited)
Zero signal fit
   0) jerUp_unc                      = -0.0213085
   1) jesUp_unc                      =         0
   2) lumi                           =         0
   3) pdf_unc                        =         0
   4) xs_Bkg                         = -0.126856

Fitting of the background hypothesis done in 0.305374 s
[#1] INFO:Fitting -- RooAddition::defaultErrorLevel(nll_model_s_data_obs_with_constr) Summation contains a RooNLLVar, using its error level
Minuit2Minimizer: Minimize with max-calls 2500 convergence for edm < 0.01 strategy 1
MnSeedGenerator: for initial parameters FCN = 10.4343
MnSeedGenerator: Initial state:   - FCN =   10.43431875441 Edm =     0.836284 NCalls =     21
VariableMetric: start iterating until Edm is < 1e-05
VariableMetric: Initial state   - FCN =   10.43431875441 Edm =     0.836284 NCalls =     21
VariableMetric: Iteration #   1 - FCN =   9.631648643023 Edm =   0.00776518 NCalls =     32
VariableMetric: Iteration #   2 - FCN =   9.623737601824 Edm =  5.62409e-06 NCalls =     44
VariableMetric: Iteration #   3 - FCN =   9.623731628916 Edm =  5.40655e-09 NCalls =     56
VariableMetric: After Hessian   - FCN =   9.623731628916 Edm =  5.46141e-09 NCalls =     87
Number of iterations 5
----------> Iteration 0
            FVAL = 10.4343187544 Edm = 0.836283612181 Nfcn = 21
            Error matrix change = 1
            Parameters :  p0 = -0.0213085 p1 = 0 p2 = 0 p3 = 0 p4 = -0.126856
----------> Iteration 1
            FVAL = 9.63164864302 Edm = 0.00776517809577 Nfcn = 32
            Error matrix change = 0.533265
            Parameters :  p0 = -0.265283 p1 = -0.271093 p2 = -0.250645 p3 = -0.321003 p4 = -1.04367
----------> Iteration 2
            FVAL = 9.62373760182 Edm = 5.62408663024e-06 Nfcn = 44
            Error matrix change = 0.286442
            Parameters :  p0 = -0.179966 p1 = -0.222536 p2 = -0.204968 p3 = -0.266313 p4 = -1.07079
----------> Iteration 3
            FVAL = 9.62373162892 Edm = 5.40655440518e-09 Nfcn = 56
            Error matrix change = 0.153042
            Parameters :  p0 = -0.179427 p1 = -0.223402 p2 = -0.205932 p3 = -0.266786 p4 = -1.07334
----------> Iteration 4
            FVAL = 9.62373162892 Edm = 5.4614114552e-09 Nfcn = 87
            Error matrix change = 0
            Parameters :  p0 = -0.179427 p1 = -0.223402 p2 = -0.205932 p3 = -0.266786 p4 = -1.07334
Minuit2Minimizer : Valid minimum - status = 0
FVAL  = 9.62373162891604039
Edm   = 5.46141145519612662e-09
Nfcn  = 87
jerUp_unc	  = -0.179427	 +/-  0.992404	(limited)
jesUp_unc	  = -0.223402	 +/-  0.988105	(limited)
lumi	  = -0.205932	 +/-  0.989388	(limited)
pdf_unc	  = -0.266786	 +/-  0.98446	(limited)
xs_Bkg	  = -1.07334	 +/-  0.833067	(limited)
Reference signal fit
   0) jerUp_unc                      = -0.179427
   1) jesUp_unc                      = -0.223402
   2) lumi                           = -0.205932
   3) pdf_unc                        = -0.266786
   4) xs_Bkg                         =  -1.07334

Fitting of the signal-plus-background hypothesis done in 0.00237989 s
      Evaluation of p-values done in  5.63611 s
	CLs = 0.016055 +/- 0.00607447
      Evaluation of p-values done in  5.51852 s
	CLs = 0.0165563 +/- 0.00427814
      Evaluation of p-values done in  5.58049 s
	CLs = 0.0231884 +/- 0.00410297
      Evaluation of p-values done in  5.31837 s
	CLs = 0.0258621 +/- 0.00373634
      Evaluation of p-values done in  5.7859 s
	CLs = 0.0264184 +/- 0.00338594
	CLs      = 0.0264184 +/- 0.00338594
	CLb      = 0.4618 +/- 0.0070504
	CLsplusb = 0.0122 +/- 0.00155249

Hybrid result saved as HypoTestResult_mh120_r12_1964144925 in higgsCombineTest.HybridNew.mH120.-1836341366.root : higgsCombineTest.HybridNew.mH120.-1836341366.root:/toys

 -- Hybrid New -- 
CLs = 0.0264184 +/- 0.00338594
Total toys: 10000
Done in 0.00 min (cpu), 0.47 min (real)
