>>> including systematics
>>> using the Profile Likelihood test statistics modified for upper limits (Q_LHC)
>>> method used to compute upper limit is HybridNew
>>> Using OpenSSL to get a really random seed 
>>> Used OpenSSL to get a really random seed -1746344333
Adding /uscms_data/d2/lpcljm/sapta/SUSYSearch/LimitSetting/CMSSW_7_1_5/src to include path
Adding /cvmfs/cms.cern.ch/slc6_amd64_gcc481/lcg/roofit/5.34.18-cms3//include to include path
Input workspace 'w': 

RooWorkspace(w) w contents

variables
---------
(jerUp_unc,jerUp_unc_In,jesUp_unc,jesUp_unc_In,lumi,lumi_In,n_obs_binbin1,pdf_unc,pdf_unc_In,r,xs_Bkg,xs_Bkg_In)

p.d.f.s
-------
SimpleGaussianConstraint::jerUp_unc_Pdf[ x=jerUp_unc mean=jerUp_unc_In sigma=1 ] = 1
SimpleGaussianConstraint::jesUp_unc_Pdf[ x=jesUp_unc mean=jesUp_unc_In sigma=1 ] = 1
SimpleGaussianConstraint::lumi_Pdf[ x=lumi mean=lumi_In sigma=1 ] = 1
RooProdPdf::modelObs_b[ pdf_binbin1_bonly ] = 0.174871
RooProdPdf::modelObs_s[ pdf_binbin1 ] = 0.165188
RooProdPdf::model_b[ modelObs_b * nuisancePdf ] = 0.174871
RooProdPdf::model_s[ modelObs_s * nuisancePdf ] = 0.165188
RooProdPdf::nuisancePdf[ lumi_Pdf * jesUp_unc_Pdf * pdf_unc_Pdf * xs_Bkg_Pdf * jerUp_unc_Pdf ] = 1
RooPoisson::pdf_binbin1[ x=n_obs_binbin1 mean=n_exp_binbin1 ] = 0.165188
RooPoisson::pdf_binbin1_bonly[ x=n_obs_binbin1 mean=n_exp_binbin1_bonly ] = 0.174871
SimpleGaussianConstraint::pdf_unc_Pdf[ x=pdf_unc mean=pdf_unc_In sigma=1 ] = 1
SimpleGaussianConstraint::xs_Bkg_Pdf[ x=xs_Bkg mean=xs_Bkg_In sigma=1 ] = 1

functions
--------
RooAddition::n_exp_binbin1[ n_exp_binbin1_proc_BH + n_exp_binbin1_proc_Background ] = 5.81775
RooAddition::n_exp_binbin1_bonly[ n_exp_binbin1_proc_Background ] = 4.81775
ProcessNormalization::n_exp_binbin1_proc_BH[ thetaList=(lumi,jesUp_unc,pdf_unc) asymmThetaList=() otherFactorList=(r) ] = 1
ProcessNormalization::n_exp_binbin1_proc_Background[ thetaList=(xs_Bkg,jerUp_unc) asymmThetaList=() otherFactorList=() ] = 4.81775

datasets
--------
RooDataSet::data_obs(n_obs_binbin1)

named sets
----------
ModelConfig_GlobalObservables:(lumi_In,jesUp_unc_In,pdf_unc_In,xs_Bkg_In,jerUp_unc_In)
ModelConfig_NuisParams:(lumi,jesUp_unc,pdf_unc,xs_Bkg,jerUp_unc)
ModelConfig_Observables:(n_obs_binbin1)
ModelConfig_POI:(r)
ModelConfig_bonly_GlobalObservables:(lumi_In,jesUp_unc_In,pdf_unc_In,xs_Bkg_In,jerUp_unc_In)
ModelConfig_bonly_NuisParams:(lumi,jesUp_unc,pdf_unc,xs_Bkg,jerUp_unc)
ModelConfig_bonly_Observables:(n_obs_binbin1)
ModelConfig_bonly_POI:(r)
POI:(r)
globalObservables:(lumi_In,jesUp_unc_In,pdf_unc_In,xs_Bkg_In,jerUp_unc_In)
nuisances:(lumi,jesUp_unc,pdf_unc,xs_Bkg,jerUp_unc)
observables:(n_obs_binbin1)

generic objects
---------------
RooStats::ModelConfig::ModelConfig
RooStats::ModelConfig::ModelConfig_bonly
RooArgSet::discreteParams

Workspace has a ModelConfig for signal called 'ModelConfig', with contents:

=== Using the following for ModelConfig ===
Observables:             RooArgSet:: = (n_obs_binbin1)
Parameters of Interest:  RooArgSet:: = (r)
Nuisance Parameters:     RooArgSet:: = (lumi,jesUp_unc,pdf_unc,xs_Bkg,jerUp_unc)
Global Observables:      RooArgSet:: = (lumi_In,jesUp_unc_In,pdf_unc_In,xs_Bkg_In,jerUp_unc_In)
PDF:                     RooProdPdf::model_s[ modelObs_s * nuisancePdf ] = 0.165188

Input ModelConfig 'ModelConfig': 

=== Using the following for ModelConfig ===
Observables:             RooArgSet:: = (n_obs_binbin1)
Parameters of Interest:  RooArgSet:: = (r)
Nuisance Parameters:     RooArgSet:: = (lumi,jesUp_unc,pdf_unc,xs_Bkg,jerUp_unc)
Global Observables:      RooArgSet:: = (lumi_In,jesUp_unc_In,pdf_unc_In,xs_Bkg_In,jerUp_unc_In)
PDF:                     RooProdPdf::model_s[ modelObs_s * nuisancePdf ] = 0.165188

[#1] INFO:ObjectHandling -- RooWorkspace::import(w) importing RooUniform::prior
Computing limit starting from observation
  1) RooRealVar:: n_obs_binbin1 = 5
Set default minimizer to Minuit2
  r = 15 +/- 0
[#1] INFO:Minization --  Including the following contraint terms in minimization: (nuisancePdf)
[#1] INFO:Fitting -- RooAddition::defaultErrorLevel(nll_model_s_data_obs_with_constr) Summation contains a RooNLLVar, using its error level
Minuit2Minimizer: Minimize with max-calls 2500 convergence for edm < 0.01 strategy 1
MnSeedGenerator: for initial parameters FCN = 6.3384
MnSeedGenerator: Initial state:   - FCN =   6.338399338313 Edm =   0.00128382 NCalls =     21
VariableMetric: start iterating until Edm is < 1e-05
VariableMetric: Initial state   - FCN =   6.338399338313 Edm =   0.00128382 NCalls =     21
VariableMetric: Iteration #   1 - FCN =   6.337136280706 Edm =  3.55425e-06 NCalls =     32
VariableMetric: After Hessian   - FCN =   6.337136280706 Edm =  3.49423e-06 NCalls =     63
Number of iterations 3
----------> Iteration 0
            FVAL = 6.33839933831 Edm = 0.00128382377112 Nfcn = 21
            Error matrix change = 1
            Parameters :  p0 = 0 p1 = 0 p2 = 0 p3 = 0 p4 = 0
----------> Iteration 1
            FVAL = 6.33713628071 Edm = 3.5542482867e-06 Nfcn = 32
            Error matrix change = 0.505914
            Parameters :  p0 = 0.00709539 p1 = 0 p2 = 0 p3 = 0 p4 = 0.0399756
----------> Iteration 2
            FVAL = 6.33713628071 Edm = 3.49422524595e-06 Nfcn = 63
            Error matrix change = 0
            Parameters :  p0 = 0.00709539 p1 = 0 p2 = 0 p3 = 0 p4 = 0.0399756
Minuit2Minimizer : Valid minimum - status = 0
FVAL  = 6.33713628070550872
Edm   = 3.49422524594607432e-06
Nfcn  = 63
jerUp_unc	  = 0.00709539	 +/-  0.994262	(limited)
jesUp_unc	  = 0	 +/-  0.996602	(limited)
lumi	  = 0	 +/-  0.996602	(limited)
pdf_unc	  = 0	 +/-  0.996602	(limited)
xs_Bkg	  = 0.0399756	 +/-  0.794148	(limited)
Zero signal fit
   0) jerUp_unc                      = 0.00709539
   1) jesUp_unc                      =         0
   2) lumi                           =         0
   3) pdf_unc                        =         0
   4) xs_Bkg                         = 0.0399756

Fitting of the background hypothesis done in 0.308369 s
[#1] INFO:Fitting -- RooAddition::defaultErrorLevel(nll_model_s_data_obs_with_constr) Summation contains a RooNLLVar, using its error level
Minuit2Minimizer: Minimize with max-calls 2500 convergence for edm < 0.01 strategy 1
MnSeedGenerator: for initial parameters FCN = 14.319
MnSeedGenerator: Initial state:   - FCN =   14.31900770963 Edm =      1.06211 NCalls =     19
VariableMetric: start iterating until Edm is < 1e-05
VariableMetric: Initial state   - FCN =   14.31900770963 Edm =      1.06211 NCalls =     19
VariableMetric: Iteration #   1 - FCN =   13.29794305315 Edm =   0.00499693 NCalls =     30
VariableMetric: Iteration #   2 - FCN =   13.29299699961 Edm =    1.223e-05 NCalls =     41
VariableMetric: Iteration #   3 - FCN =   13.29298385409 Edm =  1.35444e-08 NCalls =     52
VariableMetric: After Hessian   - FCN =   13.29298385409 Edm =  1.44258e-08 NCalls =     83
Number of iterations 5
----------> Iteration 0
            FVAL = 14.3190077096 Edm = 1.06210916498 Nfcn = 19
            Error matrix change = 1
            Parameters :  p0 = 0.00709539 p1 = 0 p2 = 0 p3 = 0 p4 = 0.0399756
----------> Iteration 1
            FVAL = 13.2979430532 Edm = 0.00499692908183 Nfcn = 30
            Error matrix change = 0.524651
            Parameters :  p0 = -0.142535 p1 = -0.529577 p2 = -0.490605 p3 = -0.623609 p4 = -0.843856
----------> Iteration 2
            FVAL = 13.2929969996 Edm = 1.22300368863e-05 Nfcn = 41
            Error matrix change = 0.276207
            Parameters :  p0 = -0.102048 p1 = -0.484346 p2 = -0.446368 p3 = -0.57858 p4 = -0.870932
----------> Iteration 3
            FVAL = 13.2929838541 Edm = 1.35444353049e-08 Nfcn = 52
            Error matrix change = 0.147009
            Parameters :  p0 = -0.099232 p1 = -0.483126 p2 = -0.445324 p3 = -0.57702 p4 = -0.874057
----------> Iteration 4
            FVAL = 13.2929838541 Edm = 1.44258204972e-08 Nfcn = 83
            Error matrix change = 0
            Parameters :  p0 = -0.099232 p1 = -0.483126 p2 = -0.445324 p3 = -0.57702 p4 = -0.874057
Minuit2Minimizer : Valid minimum - status = 0
FVAL  = 13.2929838540926326
Edm   = 1.44258204971671879e-08
Nfcn  = 83
jerUp_unc	  = -0.099232	 +/-  0.995037	(limited)
jesUp_unc	  = -0.483126	 +/-  0.982565	(limited)
lumi	  = -0.445324	 +/-  0.984688	(limited)
pdf_unc	  = -0.57702	 +/-  0.976519	(limited)
xs_Bkg	  = -0.874057	 +/-  0.866538	(limited)
Reference signal fit
   0) jerUp_unc                      = -0.099232
   1) jesUp_unc                      = -0.483126
   2) lumi                           = -0.445324
   3) pdf_unc                        =  -0.57702
   4) xs_Bkg                         = -0.874057

Fitting of the signal-plus-background hypothesis done in 0.00229907 s
      Evaluation of p-values done in  5.46356 s
	CLs = 0 +/- 0
      Evaluation of p-values done in  5.42074 s
	CLs = 0 +/- 0
      Evaluation of p-values done in  5.48316 s
	CLs = 0 +/- 0
      Evaluation of p-values done in  5.64602 s
	CLs = 0 +/- 0
      Evaluation of p-values done in  5.41982 s
	CLs = 0.000359195 +/- 0.000359188
	CLs      = 0.000359195 +/- 0.000359188
	CLb      = 0.5568 +/- 0.00702529
	CLsplusb = 0.0002 +/- 0.00019998

Hybrid result saved as HypoTestResult_mh120_r15_1425420558 in higgsCombineTest.HybridNew.mH120.-1746344333.root : higgsCombineTest.HybridNew.mH120.-1746344333.root:/toys

 -- Hybrid New -- 
CLs = 0.000359195 +/- 0.000359188
Total toys: 10000
Done in 0.00 min (cpu), 0.46 min (real)
