>>> including systematics
>>> using the Profile Likelihood test statistics modified for upper limits (Q_LHC)
>>> method used to compute upper limit is HybridNew
>>> Using OpenSSL to get a really random seed 
>>> Used OpenSSL to get a really random seed 528618192
Adding /uscms_data/d2/lpcljm/sapta/SUSYSearch/LimitSetting/CMSSW_7_1_5/src to include path
Adding /cvmfs/cms.cern.ch/slc6_amd64_gcc481/lcg/roofit/5.34.18-cms3//include to include path
Input workspace 'w': 

RooWorkspace(w) w contents

variables
---------
(jerUp_unc,jerUp_unc_In,jesUp_unc,jesUp_unc_In,lumi,lumi_In,n_obs_binbin1,pdf_unc,pdf_unc_In,r,xs_Bkg,xs_Bkg_In)

p.d.f.s
-------
SimpleGaussianConstraint::jerUp_unc_Pdf[ x=jerUp_unc mean=jerUp_unc_In sigma=1 ] = 1
SimpleGaussianConstraint::jesUp_unc_Pdf[ x=jesUp_unc mean=jesUp_unc_In sigma=1 ] = 1
SimpleGaussianConstraint::lumi_Pdf[ x=lumi mean=lumi_In sigma=1 ] = 1
RooProdPdf::modelObs_b[ pdf_binbin1_bonly ] = 0.340942
RooProdPdf::modelObs_s[ pdf_binbin1 ] = 0.315759
RooProdPdf::model_b[ modelObs_b * nuisancePdf ] = 0.340942
RooProdPdf::model_s[ modelObs_s * nuisancePdf ] = 0.315759
RooProdPdf::nuisancePdf[ lumi_Pdf * jesUp_unc_Pdf * pdf_unc_Pdf * xs_Bkg_Pdf * jerUp_unc_Pdf ] = 1
RooPoisson::pdf_binbin1[ x=n_obs_binbin1 mean=n_exp_binbin1 ] = 0.315759
RooPoisson::pdf_binbin1_bonly[ x=n_obs_binbin1 mean=n_exp_binbin1_bonly ] = 0.340942
SimpleGaussianConstraint::pdf_unc_Pdf[ x=pdf_unc mean=pdf_unc_In sigma=1 ] = 1
SimpleGaussianConstraint::xs_Bkg_Pdf[ x=xs_Bkg mean=xs_Bkg_In sigma=1 ] = 1

functions
--------
RooAddition::n_exp_binbin1[ n_exp_binbin1_proc_BH + n_exp_binbin1_proc_Background ] = 1.65898
RooAddition::n_exp_binbin1_bonly[ n_exp_binbin1_proc_Background ] = 0.658978
ProcessNormalization::n_exp_binbin1_proc_BH[ thetaList=(lumi,jesUp_unc,pdf_unc) asymmThetaList=() otherFactorList=(r) ] = 1
ProcessNormalization::n_exp_binbin1_proc_Background[ thetaList=(xs_Bkg,jerUp_unc) asymmThetaList=() otherFactorList=() ] = 0.658978

datasets
--------
RooDataSet::data_obs(n_obs_binbin1)

named sets
----------
ModelConfig_GlobalObservables:(lumi_In,jesUp_unc_In,pdf_unc_In,xs_Bkg_In,jerUp_unc_In)
ModelConfig_NuisParams:(lumi,jesUp_unc,pdf_unc,xs_Bkg,jerUp_unc)
ModelConfig_Observables:(n_obs_binbin1)
ModelConfig_POI:(r)
ModelConfig_bonly_GlobalObservables:(lumi_In,jesUp_unc_In,pdf_unc_In,xs_Bkg_In,jerUp_unc_In)
ModelConfig_bonly_NuisParams:(lumi,jesUp_unc,pdf_unc,xs_Bkg,jerUp_unc)
ModelConfig_bonly_Observables:(n_obs_binbin1)
ModelConfig_bonly_POI:(r)
POI:(r)
globalObservables:(lumi_In,jesUp_unc_In,pdf_unc_In,xs_Bkg_In,jerUp_unc_In)
nuisances:(lumi,jesUp_unc,pdf_unc,xs_Bkg,jerUp_unc)
observables:(n_obs_binbin1)

generic objects
---------------
RooStats::ModelConfig::ModelConfig
RooStats::ModelConfig::ModelConfig_bonly
RooArgSet::discreteParams

Workspace has a ModelConfig for signal called 'ModelConfig', with contents:

=== Using the following for ModelConfig ===
Observables:             RooArgSet:: = (n_obs_binbin1)
Parameters of Interest:  RooArgSet:: = (r)
Nuisance Parameters:     RooArgSet:: = (lumi,jesUp_unc,pdf_unc,xs_Bkg,jerUp_unc)
Global Observables:      RooArgSet:: = (lumi_In,jesUp_unc_In,pdf_unc_In,xs_Bkg_In,jerUp_unc_In)
PDF:                     RooProdPdf::model_s[ modelObs_s * nuisancePdf ] = 0.315759

Input ModelConfig 'ModelConfig': 

=== Using the following for ModelConfig ===
Observables:             RooArgSet:: = (n_obs_binbin1)
Parameters of Interest:  RooArgSet:: = (r)
Nuisance Parameters:     RooArgSet:: = (lumi,jesUp_unc,pdf_unc,xs_Bkg,jerUp_unc)
Global Observables:      RooArgSet:: = (lumi_In,jesUp_unc_In,pdf_unc_In,xs_Bkg_In,jerUp_unc_In)
PDF:                     RooProdPdf::model_s[ modelObs_s * nuisancePdf ] = 0.315759

[#1] INFO:ObjectHandling -- RooWorkspace::import(w) importing RooUniform::prior
Computing limit starting from observation
  1) RooRealVar:: n_obs_binbin1 = 1
Set default minimizer to Minuit2
  r = 1 +/- 0
[#1] INFO:Minization --  Including the following contraint terms in minimization: (nuisancePdf)
[#1] INFO:Fitting -- RooAddition::defaultErrorLevel(nll_model_s_data_obs_with_constr) Summation contains a RooNLLVar, using its error level
Minuit2Minimizer: Minimize with max-calls 2500 convergence for edm < 0.01 strategy 1
MnSeedGenerator: for initial parameters FCN = 5.67074
MnSeedGenerator: Initial state:   - FCN =   5.670735794962 Edm =    0.0154584 NCalls =     21
VariableMetric: start iterating until Edm is < 1e-05
VariableMetric: Initial state   - FCN =   5.670735794962 Edm =    0.0154584 NCalls =     21
VariableMetric: Iteration #   1 - FCN =   5.655392184285 Edm =  4.24632e-06 NCalls =     32
VariableMetric: Iteration #   2 - FCN =   5.655388013243 Edm =  1.09105e-10 NCalls =     43
VariableMetric: After Hessian   - FCN =   5.655388013243 Edm =   1.0899e-10 NCalls =     74
Number of iterations 4
----------> Iteration 0
            FVAL = 5.67073579496 Edm = 0.0154584334864 Nfcn = 21
            Error matrix change = 1
            Parameters :  p0 = 0 p1 = 0 p2 = 0 p3 = 0 p4 = 0
----------> Iteration 1
            FVAL = 5.65539218428 Edm = 4.24632169266e-06 Nfcn = 32
            Error matrix change = 0.502173
            Parameters :  p0 = 0.0133616 p1 = 0 p2 = 0 p3 = 0 p4 = 0.159311
----------> Iteration 2
            FVAL = 5.65538801324 Edm = 1.09104570689e-10 Nfcn = 43
            Error matrix change = 0.25211
            Parameters :  p0 = 0.0109522 p1 = 0 p2 = 0 p3 = 0 p4 = 0.157901
----------> Iteration 3
            FVAL = 5.65538801324 Edm = 1.08989552671e-10 Nfcn = 74
            Error matrix change = 0
            Parameters :  p0 = 0.0109522 p1 = 0 p2 = 0 p3 = 0 p4 = 0.157901
Minuit2Minimizer : Valid minimum - status = 0
FVAL  = 5.65538801324317841
Edm   = 1.08989552670734111e-10
Nfcn  = 74
jerUp_unc	  = 0.0109522	 +/-  0.996157	(limited)
jesUp_unc	  = 0	 +/-  0.996602	(limited)
lumi	  = 0	 +/-  0.996602	(limited)
pdf_unc	  = 0	 +/-  0.996602	(limited)
xs_Bkg	  = 0.157901	 +/-  0.89901	(limited)
Zero signal fit
   0) jerUp_unc                      = 0.0109522
   1) jesUp_unc                      =         0
   2) lumi                           =         0
   3) pdf_unc                        =         0
   4) xs_Bkg                         =  0.157901

Fitting of the background hypothesis done in 0.387103 s
[#1] INFO:Fitting -- RooAddition::defaultErrorLevel(nll_model_s_data_obs_with_constr) Summation contains a RooNLLVar, using its error level
Minuit2Minimizer: Minimize with max-calls 2500 convergence for edm < 0.01 strategy 1
MnSeedGenerator: for initial parameters FCN = 5.78526
MnSeedGenerator: Initial state:   - FCN =   5.785256404658 Edm =    0.0478565 NCalls =     21
VariableMetric: start iterating until Edm is < 1e-05
VariableMetric: Initial state   - FCN =   5.785256404658 Edm =    0.0478565 NCalls =     21
VariableMetric: Iteration #   1 - FCN =   5.737178566372 Edm =  1.61199e-05 NCalls =     32
VariableMetric: Iteration #   2 - FCN =   5.737162095781 Edm =  1.10109e-09 NCalls =     43
VariableMetric: After Hessian   - FCN =   5.737162095781 Edm =  1.11415e-09 NCalls =     74
Number of iterations 4
----------> Iteration 0
            FVAL = 5.78525640466 Edm = 0.047856533567 Nfcn = 21
            Error matrix change = 1
            Parameters :  p0 = 0.0109522 p1 = 0 p2 = 0 p3 = 0 p4 = 0.157901
----------> Iteration 1
            FVAL = 5.73717856637 Edm = 1.61199446463e-05 Nfcn = 32
            Error matrix change = 0.504949
            Parameters :  p0 = -0.0118268 p1 = -0.0204013 p2 = -0.0188104 p3 = -0.024346 p4 = -0.127573
----------> Iteration 2
            FVAL = 5.73716209578 Edm = 1.10108898484e-09 Nfcn = 43
            Error matrix change = 0.25457
            Parameters :  p0 = -0.00908521 p1 = -0.0184079 p2 = -0.0169674 p3 = -0.0219861 p4 = -0.130908
----------> Iteration 3
            FVAL = 5.73716209578 Edm = 1.11415393837e-09 Nfcn = 74
            Error matrix change = 0
            Parameters :  p0 = -0.00908521 p1 = -0.0184079 p2 = -0.0169674 p3 = -0.0219861 p4 = -0.130908
Minuit2Minimizer : Valid minimum - status = 0
FVAL  = 5.73716209578086112
Edm   = 1.11415393836871267e-09
Nfcn  = 74
jerUp_unc	  = -0.00908521	 +/-  0.996347	(limited)
jesUp_unc	  = -0.0184079	 +/-  0.995729	(limited)
lumi	  = -0.0169674	 +/-  0.99586	(limited)
pdf_unc	  = -0.0219861	 +/-  0.995356	(limited)
xs_Bkg	  = -0.130908	 +/-  0.941979	(limited)
Reference signal fit
   0) jerUp_unc                      = -0.00908521
   1) jesUp_unc                      = -0.0184079
   2) lumi                           = -0.0169674
   3) pdf_unc                        = -0.0219861
   4) xs_Bkg                         = -0.130908

Fitting of the signal-plus-background hypothesis done in 0.00153399 s
      Evaluation of p-values done in  57.2857 s
	CLs = 0.503602 +/- 0.00764108
      Evaluation of p-values done in  56.4844 s
	CLs = 0.508237 +/- 0.0054365
      Evaluation of p-values done in  56.325 s
	CLs = 0.508738 +/- 0.00443833
      Evaluation of p-values done in  57.2374 s
	CLs = 0.509619 +/- 0.00384488
      Evaluation of p-values done in  56.5934 s
	CLs = 0.50942 +/- 0.00344081
	CLs      = 0.50942 +/- 0.00344081
	CLb      = 0.69212 +/- 0.00206441
	CLsplusb = 0.35258 +/- 0.00213667

Hybrid result saved as HypoTestResult_mh120_r1_4278277776 in higgsCombineTest.HybridNew.mH120.528618192.root : higgsCombineTest.HybridNew.mH120.528618192.root:/toys

 -- Hybrid New -- 
CLs = 0.50942 +/- 0.00344081
Total toys: 100000
Done in 0.00 min (cpu), 4.74 min (real)
