>>> including systematics
>>> using the Profile Likelihood test statistics modified for upper limits (Q_LHC)
>>> method used to compute upper limit is HybridNew
>>> Using OpenSSL to get a really random seed 
>>> Used OpenSSL to get a really random seed -1333716422
Adding /uscms_data/d2/lpcljm/sapta/SUSYSearch/LimitSetting/CMSSW_7_1_5/src to include path
Adding /cvmfs/cms.cern.ch/slc6_amd64_gcc481/lcg/roofit/5.34.18-cms3//include to include path
Input workspace 'w': 

RooWorkspace(w) w contents

variables
---------
(jerUp_unc,jerUp_unc_In,jesUp_unc,jesUp_unc_In,lumi,lumi_In,n_obs_binbin1,pdf_unc,pdf_unc_In,r,xs_Bkg,xs_Bkg_In)

p.d.f.s
-------
SimpleGaussianConstraint::jerUp_unc_Pdf[ x=jerUp_unc mean=jerUp_unc_In sigma=1 ] = 1
SimpleGaussianConstraint::jesUp_unc_Pdf[ x=jesUp_unc mean=jesUp_unc_In sigma=1 ] = 1
SimpleGaussianConstraint::lumi_Pdf[ x=lumi mean=lumi_In sigma=1 ] = 1
RooProdPdf::modelObs_b[ pdf_binbin1_bonly ] = 0.340942
RooProdPdf::modelObs_s[ pdf_binbin1 ] = 0.315759
RooProdPdf::model_b[ modelObs_b * nuisancePdf ] = 0.340942
RooProdPdf::model_s[ modelObs_s * nuisancePdf ] = 0.315759
RooProdPdf::nuisancePdf[ lumi_Pdf * jesUp_unc_Pdf * pdf_unc_Pdf * xs_Bkg_Pdf * jerUp_unc_Pdf ] = 1
RooPoisson::pdf_binbin1[ x=n_obs_binbin1 mean=n_exp_binbin1 ] = 0.315759
RooPoisson::pdf_binbin1_bonly[ x=n_obs_binbin1 mean=n_exp_binbin1_bonly ] = 0.340942
SimpleGaussianConstraint::pdf_unc_Pdf[ x=pdf_unc mean=pdf_unc_In sigma=1 ] = 1
SimpleGaussianConstraint::xs_Bkg_Pdf[ x=xs_Bkg mean=xs_Bkg_In sigma=1 ] = 1

functions
--------
RooAddition::n_exp_binbin1[ n_exp_binbin1_proc_BH + n_exp_binbin1_proc_Background ] = 1.65898
RooAddition::n_exp_binbin1_bonly[ n_exp_binbin1_proc_Background ] = 0.658978
ProcessNormalization::n_exp_binbin1_proc_BH[ thetaList=(lumi,jesUp_unc,pdf_unc) asymmThetaList=() otherFactorList=(r) ] = 1
ProcessNormalization::n_exp_binbin1_proc_Background[ thetaList=(xs_Bkg,jerUp_unc) asymmThetaList=() otherFactorList=() ] = 0.658978

datasets
--------
RooDataSet::data_obs(n_obs_binbin1)

named sets
----------
ModelConfig_GlobalObservables:(lumi_In,jesUp_unc_In,pdf_unc_In,xs_Bkg_In,jerUp_unc_In)
ModelConfig_NuisParams:(lumi,jesUp_unc,pdf_unc,xs_Bkg,jerUp_unc)
ModelConfig_Observables:(n_obs_binbin1)
ModelConfig_POI:(r)
ModelConfig_bonly_GlobalObservables:(lumi_In,jesUp_unc_In,pdf_unc_In,xs_Bkg_In,jerUp_unc_In)
ModelConfig_bonly_NuisParams:(lumi,jesUp_unc,pdf_unc,xs_Bkg,jerUp_unc)
ModelConfig_bonly_Observables:(n_obs_binbin1)
ModelConfig_bonly_POI:(r)
POI:(r)
globalObservables:(lumi_In,jesUp_unc_In,pdf_unc_In,xs_Bkg_In,jerUp_unc_In)
nuisances:(lumi,jesUp_unc,pdf_unc,xs_Bkg,jerUp_unc)
observables:(n_obs_binbin1)

generic objects
---------------
RooStats::ModelConfig::ModelConfig
RooStats::ModelConfig::ModelConfig_bonly
RooArgSet::discreteParams

Workspace has a ModelConfig for signal called 'ModelConfig', with contents:

=== Using the following for ModelConfig ===
Observables:             RooArgSet:: = (n_obs_binbin1)
Parameters of Interest:  RooArgSet:: = (r)
Nuisance Parameters:     RooArgSet:: = (lumi,jesUp_unc,pdf_unc,xs_Bkg,jerUp_unc)
Global Observables:      RooArgSet:: = (lumi_In,jesUp_unc_In,pdf_unc_In,xs_Bkg_In,jerUp_unc_In)
PDF:                     RooProdPdf::model_s[ modelObs_s * nuisancePdf ] = 0.315759

Input ModelConfig 'ModelConfig': 

=== Using the following for ModelConfig ===
Observables:             RooArgSet:: = (n_obs_binbin1)
Parameters of Interest:  RooArgSet:: = (r)
Nuisance Parameters:     RooArgSet:: = (lumi,jesUp_unc,pdf_unc,xs_Bkg,jerUp_unc)
Global Observables:      RooArgSet:: = (lumi_In,jesUp_unc_In,pdf_unc_In,xs_Bkg_In,jerUp_unc_In)
PDF:                     RooProdPdf::model_s[ modelObs_s * nuisancePdf ] = 0.315759

[#1] INFO:ObjectHandling -- RooWorkspace::import(w) importing RooUniform::prior
Computing limit starting from observation
  1) RooRealVar:: n_obs_binbin1 = 1
Set default minimizer to Minuit2
  r = 5 +/- 0
[#1] INFO:Minization --  Including the following contraint terms in minimization: (nuisancePdf)
[#1] INFO:Fitting -- RooAddition::defaultErrorLevel(nll_model_s_data_obs_with_constr) Summation contains a RooNLLVar, using its error level
Minuit2Minimizer: Minimize with max-calls 2500 convergence for edm < 0.01 strategy 1
MnSeedGenerator: for initial parameters FCN = 5.67074
MnSeedGenerator: Initial state:   - FCN =   5.670735794962 Edm =    0.0154584 NCalls =     21
VariableMetric: start iterating until Edm is < 1e-05
VariableMetric: Initial state   - FCN =   5.670735794962 Edm =    0.0154584 NCalls =     21
VariableMetric: Iteration #   1 - FCN =   5.655392184285 Edm =  4.24632e-06 NCalls =     32
VariableMetric: Iteration #   2 - FCN =   5.655388013243 Edm =  1.09105e-10 NCalls =     43
VariableMetric: After Hessian   - FCN =   5.655388013243 Edm =   1.0899e-10 NCalls =     74
Number of iterations 4
----------> Iteration 0
            FVAL = 5.67073579496 Edm = 0.0154584334864 Nfcn = 21
            Error matrix change = 1
            Parameters :  p0 = 0 p1 = 0 p2 = 0 p3 = 0 p4 = 0
----------> Iteration 1
            FVAL = 5.65539218428 Edm = 4.24632169266e-06 Nfcn = 32
            Error matrix change = 0.502173
            Parameters :  p0 = 0.0133616 p1 = 0 p2 = 0 p3 = 0 p4 = 0.159311
----------> Iteration 2
            FVAL = 5.65538801324 Edm = 1.09104570689e-10 Nfcn = 43
            Error matrix change = 0.25211
            Parameters :  p0 = 0.0109522 p1 = 0 p2 = 0 p3 = 0 p4 = 0.157901
----------> Iteration 3
            FVAL = 5.65538801324 Edm = 1.08989552671e-10 Nfcn = 74
            Error matrix change = 0
            Parameters :  p0 = 0.0109522 p1 = 0 p2 = 0 p3 = 0 p4 = 0.157901
Minuit2Minimizer : Valid minimum - status = 0
FVAL  = 5.65538801324317841
Edm   = 1.08989552670734111e-10
Nfcn  = 74
jerUp_unc	  = 0.0109522	 +/-  0.996157	(limited)
jesUp_unc	  = 0	 +/-  0.996602	(limited)
lumi	  = 0	 +/-  0.996602	(limited)
pdf_unc	  = 0	 +/-  0.996602	(limited)
xs_Bkg	  = 0.157901	 +/-  0.89901	(limited)
Zero signal fit
   0) jerUp_unc                      = 0.0109522
   1) jesUp_unc                      =         0
   2) lumi                           =         0
   3) pdf_unc                        =         0
   4) xs_Bkg                         =  0.157901

Fitting of the background hypothesis done in 0.200416 s
[#1] INFO:Fitting -- RooAddition::defaultErrorLevel(nll_model_s_data_obs_with_constr) Summation contains a RooNLLVar, using its error level
Minuit2Minimizer: Minimize with max-calls 2500 convergence for edm < 0.01 strategy 1
MnSeedGenerator: for initial parameters FCN = 8.58396
MnSeedGenerator: Initial state:   - FCN =   8.583962884718 Edm =     0.168475 NCalls =     21
VariableMetric: start iterating until Edm is < 1e-05
VariableMetric: Initial state   - FCN =   8.583962884718 Edm =     0.168475 NCalls =     21
VariableMetric: Iteration #   1 - FCN =   8.416846872341 Edm =  8.79859e-05 NCalls =     32
VariableMetric: Iteration #   2 - FCN =    8.41675898424 Edm =  1.13762e-08 NCalls =     43
VariableMetric: After Hessian   - FCN =    8.41675898424 Edm =  1.15537e-08 NCalls =     74
Number of iterations 4
----------> Iteration 0
            FVAL = 8.58396288472 Edm = 0.168475101539 Nfcn = 21
            Error matrix change = 1
            Parameters :  p0 = 0.0109522 p1 = 0 p2 = 0 p3 = 0 p4 = 0.157901
----------> Iteration 1
            FVAL = 8.41684687234 Edm = 8.79858877963e-05 Nfcn = 32
            Error matrix change = 0.508685
            Parameters :  p0 = -0.0232988 p1 = -0.198965 p2 = -0.183722 p3 = -0.236447 p4 = -0.256274
----------> Iteration 2
            FVAL = 8.41675898424 Edm = 1.13762173736e-08 Nfcn = 43
            Error matrix change = 0.257997
            Parameters :  p0 = -0.0182561 p1 = -0.192876 p2 = -0.177782 p3 = -0.230359 p4 = -0.261814
----------> Iteration 3
            FVAL = 8.41675898424 Edm = 1.15537276312e-08 Nfcn = 74
            Error matrix change = 0
            Parameters :  p0 = -0.0182561 p1 = -0.192876 p2 = -0.177782 p3 = -0.230359 p4 = -0.261814
Minuit2Minimizer : Valid minimum - status = 0
FVAL  = 8.41675898423974544
Edm   = 1.15537276311982662e-08
Nfcn  = 74
jerUp_unc	  = -0.0182561	 +/-  0.996289	(limited)
jesUp_unc	  = -0.192876	 +/-  0.991186	(limited)
lumi	  = -0.177782	 +/-  0.992002	(limited)
pdf_unc	  = -0.230359	 +/-  0.988868	(limited)
xs_Bkg	  = -0.261814	 +/-  0.929114	(limited)
Reference signal fit
   0) jerUp_unc                      = -0.0182561
   1) jesUp_unc                      = -0.192876
   2) lumi                           = -0.177782
   3) pdf_unc                        = -0.230359
   4) xs_Bkg                         = -0.261814

Fitting of the signal-plus-background hypothesis done in 0.00134301 s
      Evaluation of p-values done in  58.8048 s
	CLs = 0.0189762 +/- 0.00166505
      Evaluation of p-values done in  58.4707 s
	CLs = 0.0198564 +/- 0.00120181
      Evaluation of p-values done in  59.6161 s
	CLs = 0.0196929 +/- 0.000976205
      Evaluation of p-values done in  58.4959 s
	CLs = 0.019076 +/- 0.000830367
      Evaluation of p-values done in  58.2026 s
	CLs = 0.0187063 +/- 0.0007357
	CLs      = 0.0187063 +/- 0.0007357
	CLb      = 0.6864 +/- 0.00207487
	CLsplusb = 0.01284 +/- 0.000503491

Hybrid result saved as HypoTestResult_mh120_r5_405683983 in higgsCombineTest.HybridNew.mH120.-1333716422.root : higgsCombineTest.HybridNew.mH120.-1333716422.root:/toys

 -- Hybrid New -- 
CLs = 0.0187063 +/- 0.0007357
Total toys: 100000
Done in 0.00 min (cpu), 4.90 min (real)
