>>> including systematics
>>> using the Profile Likelihood test statistics modified for upper limits (Q_LHC)
>>> method used to compute upper limit is HybridNew
>>> Using OpenSSL to get a really random seed 
>>> Used OpenSSL to get a really random seed 1695906772
Adding /uscms_data/d2/lpcljm/sapta/SUSYSearch/LimitSetting/CMSSW_7_1_5/src to include path
Adding /cvmfs/cms.cern.ch/slc6_amd64_gcc481/lcg/roofit/5.34.18-cms3//include to include path
Input workspace 'w': 

RooWorkspace(w) w contents

variables
---------
(jerUp_unc,jerUp_unc_In,jesUp_unc,jesUp_unc_In,lumi,lumi_In,n_obs_binbin1,pdf_unc,pdf_unc_In,r,xs_Bkg,xs_Bkg_In)

p.d.f.s
-------
SimpleGaussianConstraint::jerUp_unc_Pdf[ x=jerUp_unc mean=jerUp_unc_In sigma=1 ] = 1
SimpleGaussianConstraint::jesUp_unc_Pdf[ x=jesUp_unc mean=jesUp_unc_In sigma=1 ] = 1
SimpleGaussianConstraint::lumi_Pdf[ x=lumi mean=lumi_In sigma=1 ] = 1
RooProdPdf::modelObs_b[ pdf_binbin1_bonly ] = 0.265222
RooProdPdf::modelObs_s[ pdf_binbin1 ] = 0.243153
RooProdPdf::model_b[ modelObs_b * nuisancePdf ] = 0.265222
RooProdPdf::model_s[ modelObs_s * nuisancePdf ] = 0.243153
RooProdPdf::nuisancePdf[ lumi_Pdf * jesUp_unc_Pdf * pdf_unc_Pdf * xs_Bkg_Pdf * jerUp_unc_Pdf ] = 1
RooPoisson::pdf_binbin1[ x=n_obs_binbin1 mean=n_exp_binbin1 ] = 0.243153
RooPoisson::pdf_binbin1_bonly[ x=n_obs_binbin1 mean=n_exp_binbin1_bonly ] = 0.265222
SimpleGaussianConstraint::pdf_unc_Pdf[ x=pdf_unc mean=pdf_unc_In sigma=1 ] = 1
SimpleGaussianConstraint::xs_Bkg_Pdf[ x=xs_Bkg mean=xs_Bkg_In sigma=1 ] = 1

functions
--------
RooAddition::n_exp_binbin1[ n_exp_binbin1_proc_BH + n_exp_binbin1_proc_Background ] = 2.7282
RooAddition::n_exp_binbin1_bonly[ n_exp_binbin1_proc_Background ] = 1.7282
ProcessNormalization::n_exp_binbin1_proc_BH[ thetaList=(lumi,jesUp_unc,pdf_unc) asymmThetaList=() otherFactorList=(r) ] = 1
ProcessNormalization::n_exp_binbin1_proc_Background[ thetaList=(xs_Bkg,jerUp_unc) asymmThetaList=() otherFactorList=() ] = 1.7282

datasets
--------
RooDataSet::data_obs(n_obs_binbin1)

named sets
----------
ModelConfig_GlobalObservables:(lumi_In,jesUp_unc_In,pdf_unc_In,xs_Bkg_In,jerUp_unc_In)
ModelConfig_NuisParams:(lumi,jesUp_unc,pdf_unc,xs_Bkg,jerUp_unc)
ModelConfig_Observables:(n_obs_binbin1)
ModelConfig_POI:(r)
ModelConfig_bonly_GlobalObservables:(lumi_In,jesUp_unc_In,pdf_unc_In,xs_Bkg_In,jerUp_unc_In)
ModelConfig_bonly_NuisParams:(lumi,jesUp_unc,pdf_unc,xs_Bkg,jerUp_unc)
ModelConfig_bonly_Observables:(n_obs_binbin1)
ModelConfig_bonly_POI:(r)
POI:(r)
globalObservables:(lumi_In,jesUp_unc_In,pdf_unc_In,xs_Bkg_In,jerUp_unc_In)
nuisances:(lumi,jesUp_unc,pdf_unc,xs_Bkg,jerUp_unc)
observables:(n_obs_binbin1)

generic objects
---------------
RooStats::ModelConfig::ModelConfig
RooStats::ModelConfig::ModelConfig_bonly
RooArgSet::discreteParams

Workspace has a ModelConfig for signal called 'ModelConfig', with contents:

=== Using the following for ModelConfig ===
Observables:             RooArgSet:: = (n_obs_binbin1)
Parameters of Interest:  RooArgSet:: = (r)
Nuisance Parameters:     RooArgSet:: = (lumi,jesUp_unc,pdf_unc,xs_Bkg,jerUp_unc)
Global Observables:      RooArgSet:: = (lumi_In,jesUp_unc_In,pdf_unc_In,xs_Bkg_In,jerUp_unc_In)
PDF:                     RooProdPdf::model_s[ modelObs_s * nuisancePdf ] = 0.243153

Input ModelConfig 'ModelConfig': 

=== Using the following for ModelConfig ===
Observables:             RooArgSet:: = (n_obs_binbin1)
Parameters of Interest:  RooArgSet:: = (r)
Nuisance Parameters:     RooArgSet:: = (lumi,jesUp_unc,pdf_unc,xs_Bkg,jerUp_unc)
Global Observables:      RooArgSet:: = (lumi_In,jesUp_unc_In,pdf_unc_In,xs_Bkg_In,jerUp_unc_In)
PDF:                     RooProdPdf::model_s[ modelObs_s * nuisancePdf ] = 0.243153

[#1] INFO:ObjectHandling -- RooWorkspace::import(w) importing RooUniform::prior
Computing limit starting from observation
  1) RooRealVar:: n_obs_binbin1 = 2
Set default minimizer to Minuit2
  r = 5 +/- 0
[#1] INFO:Minization --  Including the following contraint terms in minimization: (nuisancePdf)
[#1] INFO:Fitting -- RooAddition::defaultErrorLevel(nll_model_s_data_obs_with_constr) Summation contains a RooNLLVar, using its error level
Minuit2Minimizer: Minimize with max-calls 2500 convergence for edm < 0.01 strategy 1
MnSeedGenerator: for initial parameters FCN = 5.92188
MnSeedGenerator: Initial state:   - FCN =    5.92187903772 Edm =   0.00574877 NCalls =     21
VariableMetric: start iterating until Edm is < 1e-05
VariableMetric: Initial state   - FCN =    5.92187903772 Edm =   0.00574877 NCalls =     21
VariableMetric: Iteration #   1 - FCN =   5.916182475221 Edm =  4.59587e-06 NCalls =     32
VariableMetric: Iteration #   2 - FCN =   5.916177952159 Edm =   1.8719e-10 NCalls =     43
VariableMetric: After Hessian   - FCN =   5.916177952159 Edm =  1.88613e-10 NCalls =     74
Number of iterations 4
----------> Iteration 0
            FVAL = 5.92187903772 Edm = 0.00574877314455 Nfcn = 21
            Error matrix change = 1
            Parameters :  p0 = 0 p1 = 0 p2 = 0 p3 = 0 p4 = 0
----------> Iteration 1
            FVAL = 5.91618247522 Edm = 4.5958712977e-06 Nfcn = 32
            Error matrix change = 0.503364
            Parameters :  p0 = 0.0106319 p1 = 0 p2 = 0 p3 = 0 p4 = 0.0913889
----------> Iteration 2
            FVAL = 5.91617795216 Edm = 1.87190442831e-10 Nfcn = 43
            Error matrix change = 0.252755
            Parameters :  p0 = 0.00777954 p1 = 0 p2 = 0 p3 = 0 p4 = 0.0906908
----------> Iteration 3
            FVAL = 5.91617795216 Edm = 1.88612696771e-10 Nfcn = 74
            Error matrix change = 0
            Parameters :  p0 = 0.00777954 p1 = 0 p2 = 0 p3 = 0 p4 = 0.0906908
Minuit2Minimizer : Valid minimum - status = 0
FVAL  = 5.91617795215940845
Edm   = 1.88612696771025894e-10
Nfcn  = 74
jerUp_unc	  = 0.00777954	 +/-  0.995609	(limited)
jesUp_unc	  = 0	 +/-  0.996602	(limited)
lumi	  = 0	 +/-  0.996602	(limited)
pdf_unc	  = 0	 +/-  0.996602	(limited)
xs_Bkg	  = 0.0906908	 +/-  0.849939	(limited)
Zero signal fit
   0) jerUp_unc                      = 0.00777954
   1) jesUp_unc                      =         0
   2) lumi                           =         0
   3) pdf_unc                        =         0
   4) xs_Bkg                         = 0.0906908

Fitting of the background hypothesis done in 0.296742 s
[#1] INFO:Fitting -- RooAddition::defaultErrorLevel(nll_model_s_data_obs_with_constr) Summation contains a RooNLLVar, using its error level
Minuit2Minimizer: Minimize with max-calls 2500 convergence for edm < 0.01 strategy 1
MnSeedGenerator: for initial parameters FCN = 8.25962
MnSeedGenerator: Initial state:   - FCN =   8.259615017952 Edm =     0.224845 NCalls =     21
VariableMetric: start iterating until Edm is < 1e-05
VariableMetric: Initial state   - FCN =   8.259615017952 Edm =     0.224845 NCalls =     21
VariableMetric: Iteration #   1 - FCN =   8.035698013392 Edm =  0.000250184 NCalls =     32
VariableMetric: Iteration #   2 - FCN =   8.035441282608 Edm =  1.19235e-07 NCalls =     43
VariableMetric: After Hessian   - FCN =   8.035441282608 Edm =  1.22815e-07 NCalls =     74
Number of iterations 4
----------> Iteration 0
            FVAL = 8.25961501795 Edm = 0.224845019089 Nfcn = 21
            Error matrix change = 1
            Parameters :  p0 = 0.00777954 p1 = 0 p2 = 0 p3 = 0 p4 = 0.0906908
----------> Iteration 1
            FVAL = 8.03569801339 Edm = 0.000250184017303 Nfcn = 32
            Error matrix change = 0.512083
            Parameters :  p0 = -0.0497728 p1 = -0.170336 p2 = -0.15727 p3 = -0.202483 p4 = -0.42917
----------> Iteration 2
            FVAL = 8.03544128261 Edm = 1.19234792356e-07 Nfcn = 43
            Error matrix change = 0.261055
            Parameters :  p0 = -0.0379247 p1 = -0.162088 p2 = -0.149396 p3 = -0.193613 p4 = -0.440142
----------> Iteration 3
            FVAL = 8.03544128261 Edm = 1.22814889757e-07 Nfcn = 74
            Error matrix change = 0
            Parameters :  p0 = -0.0379247 p1 = -0.162088 p2 = -0.149396 p3 = -0.193613 p4 = -0.440142
Minuit2Minimizer : Valid minimum - status = 0
FVAL  = 8.03544128260821822
Edm   = 1.22814889756617447e-07
Nfcn  = 74
jerUp_unc	  = -0.0379247	 +/-  0.995942	(limited)
jesUp_unc	  = -0.162088	 +/-  0.991462	(limited)
lumi	  = -0.149396	 +/-  0.992236	(limited)
pdf_unc	  = -0.193613	 +/-  0.989262	(limited)
xs_Bkg	  = -0.440142	 +/-  0.901888	(limited)
Reference signal fit
   0) jerUp_unc                      = -0.0379247
   1) jesUp_unc                      = -0.162088
   2) lumi                           = -0.149396
   3) pdf_unc                        = -0.193613
   4) xs_Bkg                         = -0.440142

Fitting of the signal-plus-background hypothesis done in 0.002141 s
      Evaluation of p-values done in  5.5107 s
	CLs = 0.0465839 +/- 0.00844776
      Evaluation of p-values done in  5.24652 s
	CLs = 0.0368339 +/- 0.00534539
      Evaluation of p-values done in  5.11634 s
	CLs = 0.0418432 +/- 0.00468218
      Evaluation of p-values done in  5.06646 s
	CLs = 0.0414838 +/- 0.00404638
      Evaluation of p-values done in  5.10106 s
	CLs = 0.0410388 +/- 0.00360888
	CLs      = 0.0410388 +/- 0.00360888
	CLb      = 0.6238 +/- 0.00685089
	CLsplusb = 0.0256 +/- 0.00223359

Hybrid result saved as HypoTestResult_mh120_r5_3227211127 in higgsCombineTest.HybridNew.mH120.1695906772.root : higgsCombineTest.HybridNew.mH120.1695906772.root:/toys

 -- Hybrid New -- 
CLs = 0.0410388 +/- 0.00360888
Total toys: 10000
Done in 0.00 min (cpu), 0.44 min (real)
