>>> including systematics
>>> using the Profile Likelihood test statistics modified for upper limits (Q_LHC)
>>> method used to compute upper limit is HybridNew
>>> Using OpenSSL to get a really random seed 
>>> Used OpenSSL to get a really random seed 387861121
Adding /uscms_data/d2/lpcljm/sapta/SUSYSearch/LimitSetting/CMSSW_7_1_5/src to include path
Adding /cvmfs/cms.cern.ch/slc6_amd64_gcc481/lcg/roofit/5.34.18-cms3//include to include path
Input workspace 'w': 

RooWorkspace(w) w contents

variables
---------
(jerUp_unc,jerUp_unc_In,jesUp_unc,jesUp_unc_In,lumi,lumi_In,n_obs_binbin1,pdf_unc,pdf_unc_In,r,xs_Bkg,xs_Bkg_In)

p.d.f.s
-------
SimpleGaussianConstraint::jerUp_unc_Pdf[ x=jerUp_unc mean=jerUp_unc_In sigma=1 ] = 1
SimpleGaussianConstraint::jesUp_unc_Pdf[ x=jesUp_unc mean=jesUp_unc_In sigma=1 ] = 1
SimpleGaussianConstraint::lumi_Pdf[ x=lumi mean=lumi_In sigma=1 ] = 1
RooProdPdf::modelObs_b[ pdf_binbin1_bonly ] = 0.976337
RooProdPdf::modelObs_s[ pdf_binbin1 ] = 0.359174
RooProdPdf::model_b[ modelObs_b * nuisancePdf ] = 0.976337
RooProdPdf::model_s[ modelObs_s * nuisancePdf ] = 0.359174
RooProdPdf::nuisancePdf[ lumi_Pdf * jesUp_unc_Pdf * pdf_unc_Pdf * xs_Bkg_Pdf * jerUp_unc_Pdf ] = 1
RooPoisson::pdf_binbin1[ x=n_obs_binbin1 mean=n_exp_binbin1 ] = 0.359174
RooPoisson::pdf_binbin1_bonly[ x=n_obs_binbin1 mean=n_exp_binbin1_bonly ] = 0.976337
SimpleGaussianConstraint::pdf_unc_Pdf[ x=pdf_unc mean=pdf_unc_In sigma=1 ] = 1
SimpleGaussianConstraint::xs_Bkg_Pdf[ x=xs_Bkg mean=xs_Bkg_In sigma=1 ] = 1

functions
--------
RooAddition::n_exp_binbin1[ n_exp_binbin1_proc_BH + n_exp_binbin1_proc_Background ] = 1.02395
RooAddition::n_exp_binbin1_bonly[ n_exp_binbin1_proc_Background ] = 0.0239474
ProcessNormalization::n_exp_binbin1_proc_BH[ thetaList=(lumi,jesUp_unc,pdf_unc) asymmThetaList=() otherFactorList=(r) ] = 1
ProcessNormalization::n_exp_binbin1_proc_Background[ thetaList=(xs_Bkg,jerUp_unc) asymmThetaList=() otherFactorList=() ] = 0.0239474

datasets
--------
RooDataSet::data_obs(n_obs_binbin1)

named sets
----------
ModelConfig_GlobalObservables:(lumi_In,jesUp_unc_In,pdf_unc_In,xs_Bkg_In,jerUp_unc_In)
ModelConfig_NuisParams:(lumi,jesUp_unc,pdf_unc,xs_Bkg,jerUp_unc)
ModelConfig_Observables:(n_obs_binbin1)
ModelConfig_POI:(r)
ModelConfig_bonly_GlobalObservables:(lumi_In,jesUp_unc_In,pdf_unc_In,xs_Bkg_In,jerUp_unc_In)
ModelConfig_bonly_NuisParams:(lumi,jesUp_unc,pdf_unc,xs_Bkg,jerUp_unc)
ModelConfig_bonly_Observables:(n_obs_binbin1)
ModelConfig_bonly_POI:(r)
POI:(r)
globalObservables:(lumi_In,jesUp_unc_In,pdf_unc_In,xs_Bkg_In,jerUp_unc_In)
nuisances:(lumi,jesUp_unc,pdf_unc,xs_Bkg,jerUp_unc)
observables:(n_obs_binbin1)

generic objects
---------------
RooStats::ModelConfig::ModelConfig
RooStats::ModelConfig::ModelConfig_bonly
RooArgSet::discreteParams

Workspace has a ModelConfig for signal called 'ModelConfig', with contents:

=== Using the following for ModelConfig ===
Observables:             RooArgSet:: = (n_obs_binbin1)
Parameters of Interest:  RooArgSet:: = (r)
Nuisance Parameters:     RooArgSet:: = (lumi,jesUp_unc,pdf_unc,xs_Bkg,jerUp_unc)
Global Observables:      RooArgSet:: = (lumi_In,jesUp_unc_In,pdf_unc_In,xs_Bkg_In,jerUp_unc_In)
PDF:                     RooProdPdf::model_s[ modelObs_s * nuisancePdf ] = 0.359174

Input ModelConfig 'ModelConfig': 

=== Using the following for ModelConfig ===
Observables:             RooArgSet:: = (n_obs_binbin1)
Parameters of Interest:  RooArgSet:: = (r)
Nuisance Parameters:     RooArgSet:: = (lumi,jesUp_unc,pdf_unc,xs_Bkg,jerUp_unc)
Global Observables:      RooArgSet:: = (lumi_In,jesUp_unc_In,pdf_unc_In,xs_Bkg_In,jerUp_unc_In)
PDF:                     RooProdPdf::model_s[ modelObs_s * nuisancePdf ] = 0.359174

[#1] INFO:ObjectHandling -- RooWorkspace::import(w) importing RooUniform::prior
Computing limit starting from observation
  1) RooRealVar:: n_obs_binbin1 = 0
Set default minimizer to Minuit2
  r = 7 +/- 0
[#1] INFO:Minization --  Including the following contraint terms in minimization: (nuisancePdf)
[#1] INFO:Fitting -- RooAddition::defaultErrorLevel(nll_model_s_data_obs_with_constr) Summation contains a RooNLLVar, using its error level
Minuit2Minimizer: Minimize with max-calls 2500 convergence for edm < 0.01 strategy 1
MnSeedGenerator: for initial parameters FCN = 4.61864
MnSeedGenerator: Initial state:   - FCN =   4.618640066011 Edm =  0.000177078 NCalls =     21
VariableMetric: start iterating until Edm is < 1e-05
VariableMetric: Initial state   - FCN =   4.618640066011 Edm =  0.000177078 NCalls =     21
VariableMetric: Iteration #   1 - FCN =   4.618462988378 Edm =  9.55204e-11 NCalls =     32
VariableMetric: After Hessian   - FCN =   4.618462988378 Edm =   9.5528e-11 NCalls =     63
Number of iterations 3
----------> Iteration 0
            FVAL = 4.61864006601 Edm = 0.000177077872484 Nfcn = 21
            Error matrix change = 1
            Parameters :  p0 = 0 p1 = 0 p2 = 0 p3 = 0 p4 = 0
----------> Iteration 1
            FVAL = 4.61846298838 Edm = 9.55204366287e-11 Nfcn = 32
            Error matrix change = 0.500091
            Parameters :  p0 = -0.0009392 p1 = 0 p2 = 0 p3 = 0 p4 = -0.0186564
----------> Iteration 2
            FVAL = 4.61846298838 Edm = 9.55280495651e-11 Nfcn = 63
            Error matrix change = 0
            Parameters :  p0 = -0.0009392 p1 = 0 p2 = 0 p3 = 0 p4 = -0.0186564
Minuit2Minimizer : Valid minimum - status = 0
FVAL  = 4.61846298837771574
Edm   = 9.55280495650567151e-11
Nfcn  = 63
jerUp_unc	  = -0.0009392	 +/-  0.996584	(limited)
jesUp_unc	  = 0	 +/-  0.996602	(limited)
lumi	  = 0	 +/-  0.996602	(limited)
pdf_unc	  = 0	 +/-  0.996602	(limited)
xs_Bkg	  = -0.0186564	 +/-  0.98938	(limited)
Zero signal fit
   0) jerUp_unc                      = -0.0009392
   1) jesUp_unc                      =         0
   2) lumi                           =         0
   3) pdf_unc                        =         0
   4) xs_Bkg                         = -0.0186564

Fitting of the background hypothesis done in 0.293223 s
[#1] INFO:Fitting -- RooAddition::defaultErrorLevel(nll_model_s_data_obs_with_constr) Summation contains a RooNLLVar, using its error level
Minuit2Minimizer: Minimize with max-calls 2500 convergence for edm < 0.01 strategy 1
MnSeedGenerator: for initial parameters FCN = 11.6185
MnSeedGenerator: Initial state:   - FCN =   11.61846298838 Edm =     0.187481 NCalls =     21
VariableMetric: start iterating until Edm is < 1e-05
VariableMetric: Initial state   - FCN =   11.61846298838 Edm =     0.187481 NCalls =     21
VariableMetric: Iteration #   1 - FCN =   11.43733392707 Edm =  0.000206739 NCalls =     32
VariableMetric: Iteration #   2 - FCN =   11.43713315774 Edm =  3.19092e-09 NCalls =     43
VariableMetric: After Hessian   - FCN =   11.43713315774 Edm =  3.22134e-09 NCalls =     78
Number of iterations 4
----------> Iteration 0
            FVAL = 11.6184629884 Edm = 0.187480728238 Nfcn = 21
            Error matrix change = 1
            Parameters :  p0 = -0.0009392 p1 = 0 p2 = 0 p3 = 0 p4 = -0.0186564
----------> Iteration 1
            FVAL = 11.4373339271 Edm = 0.000206739399711 Nfcn = 32
            Error matrix change = 0.506422
            Parameters :  p0 = -0.000925447 p1 = -0.335804 p2 = -0.310317 p3 = -0.398198 p4 = -0.0186578
----------> Iteration 2
            FVAL = 11.4371331577 Edm = 3.19092363983e-09 Nfcn = 43
            Error matrix change = 0.254004
            Parameters :  p0 = -0.000925445 p1 = -0.324334 p2 = -0.298969 p3 = -0.387289 p4 = -0.0186578
----------> Iteration 3
            FVAL = 11.4371331577 Edm = 3.22134108856e-09 Nfcn = 78
            Error matrix change = 0
            Parameters :  p0 = -0.000925445 p1 = -0.324334 p2 = -0.298969 p3 = -0.387289 p4 = -0.0186578
Minuit2Minimizer : Valid minimum - status = 0
FVAL  = 11.4371331577378985
Edm   = 3.22134108856041835e-09
Nfcn  = 78
jerUp_unc	  = -0.000925445	 +/-  0.996584	(limited)
jesUp_unc	  = -0.324334	 +/-  0.989122	(limited)
lumi	  = -0.298969	 +/-  0.99025	(limited)
pdf_unc	  = -0.387289	 +/-  0.985916	(limited)
xs_Bkg	  = -0.0186578	 +/-  0.98938	(limited)
Reference signal fit
   0) jerUp_unc                      = -0.000925445
   1) jesUp_unc                      = -0.324334
   2) lumi                           = -0.298969
   3) pdf_unc                        = -0.387289
   4) xs_Bkg                         = -0.0186578

Fitting of the signal-plus-background hypothesis done in 0.00218296 s
      Evaluation of p-values done in  5.58703 s
	CLs = 0.00414079 +/- 0.00292818
      Evaluation of p-values done in  5.47012 s
	CLs = 0.00199601 +/- 0.00141139
      Evaluation of p-values done in  5.24784 s
	CLs = 0.00132363 +/- 0.000935941
      Evaluation of p-values done in  5.30609 s
	CLs = 0.00101061 +/- 0.000714614
      Evaluation of p-values done in  5.56522 s
	CLs = 0.00120482 +/- 0.000695604
	CLs      = 0.00120482 +/- 0.000695604
	CLb      = 0.498 +/- 0.00707101
	CLsplusb = 0.0006 +/- 0.000346306

Hybrid result saved as HypoTestResult_mh120_r7_3428472703 in higgsCombineTest.HybridNew.mH120.387861121.root : higgsCombineTest.HybridNew.mH120.387861121.root:/toys

 -- Hybrid New -- 
CLs = 0.00120482 +/- 0.000695604
Total toys: 10000
Done in 0.00 min (cpu), 0.46 min (real)
