>>> including systematics
>>> using the Profile Likelihood test statistics modified for upper limits (Q_LHC)
>>> method used to compute upper limit is HybridNew
>>> random number generator seed is 123456
Adding /uscms_data/d2/lpcljm/sapta/SUSYSearch/LimitSetting/CMSSW_7_1_5/src to include path
Adding /cvmfs/cms.cern.ch/slc6_amd64_gcc481/lcg/roofit/5.34.18-cms3//include to include path
Input workspace 'w': 

RooWorkspace(w) w contents

variables
---------
(jerUp_unc,jerUp_unc_In,jesUp_unc,jesUp_unc_In,lumi,lumi_In,n_obs_binbin1,pdf_unc,pdf_unc_In,r,xs_Bkg,xs_Bkg_In)

p.d.f.s
-------
SimpleGaussianConstraint::jerUp_unc_Pdf[ x=jerUp_unc mean=jerUp_unc_In sigma=1 ] = 1
SimpleGaussianConstraint::jesUp_unc_Pdf[ x=jesUp_unc mean=jesUp_unc_In sigma=1 ] = 1
SimpleGaussianConstraint::lumi_Pdf[ x=lumi mean=lumi_In sigma=1 ] = 1
RooProdPdf::modelObs_b[ pdf_binbin1_bonly ] = 1.48101e-09
RooProdPdf::modelObs_s[ pdf_binbin1 ] = 1.32414e-09
RooProdPdf::model_b[ modelObs_b * nuisancePdf ] = 1.48101e-09
RooProdPdf::model_s[ modelObs_s * nuisancePdf ] = 1.32414e-09
RooProdPdf::nuisancePdf[ lumi_Pdf * jesUp_unc_Pdf * pdf_unc_Pdf * xs_Bkg_Pdf * jerUp_unc_Pdf ] = 1
RooPoisson::pdf_binbin1[ x=n_obs_binbin1 mean=n_exp_binbin1 ] = 1.32414e-09
RooPoisson::pdf_binbin1_bonly[ x=n_obs_binbin1 mean=n_exp_binbin1_bonly ] = 1.48101e-09
SimpleGaussianConstraint::pdf_unc_Pdf[ x=pdf_unc mean=pdf_unc_In sigma=1 ] = 1
SimpleGaussianConstraint::xs_Bkg_Pdf[ x=xs_Bkg mean=xs_Bkg_In sigma=1 ] = 1

functions
--------
RooAddition::n_exp_binbin1[ n_exp_binbin1_proc_BH + n_exp_binbin1_proc_Background ] = 2400.17
RooAddition::n_exp_binbin1_bonly[ n_exp_binbin1_proc_Background ] = 2399.17
ProcessNormalization::n_exp_binbin1_proc_BH[ thetaList=(lumi,jesUp_unc,pdf_unc) asymmThetaList=() otherFactorList=(r) ] = 1
ProcessNormalization::n_exp_binbin1_proc_Background[ thetaList=(xs_Bkg,jerUp_unc) asymmThetaList=() otherFactorList=() ] = 2399.17

datasets
--------
RooDataSet::data_obs(n_obs_binbin1)

named sets
----------
ModelConfig_GlobalObservables:(lumi_In,jesUp_unc_In,pdf_unc_In,xs_Bkg_In,jerUp_unc_In)
ModelConfig_NuisParams:(lumi,jesUp_unc,pdf_unc,xs_Bkg,jerUp_unc)
ModelConfig_Observables:(n_obs_binbin1)
ModelConfig_POI:(r)
ModelConfig_bonly_GlobalObservables:(lumi_In,jesUp_unc_In,pdf_unc_In,xs_Bkg_In,jerUp_unc_In)
ModelConfig_bonly_NuisParams:(lumi,jesUp_unc,pdf_unc,xs_Bkg,jerUp_unc)
ModelConfig_bonly_Observables:(n_obs_binbin1)
ModelConfig_bonly_POI:(r)
POI:(r)
globalObservables:(lumi_In,jesUp_unc_In,pdf_unc_In,xs_Bkg_In,jerUp_unc_In)
nuisances:(lumi,jesUp_unc,pdf_unc,xs_Bkg,jerUp_unc)
observables:(n_obs_binbin1)

generic objects
---------------
RooStats::ModelConfig::ModelConfig
RooStats::ModelConfig::ModelConfig_bonly
RooArgSet::discreteParams

Workspace has a ModelConfig for signal called 'ModelConfig', with contents:

=== Using the following for ModelConfig ===
Observables:             RooArgSet:: = (n_obs_binbin1)
Parameters of Interest:  RooArgSet:: = (r)
Nuisance Parameters:     RooArgSet:: = (lumi,jesUp_unc,pdf_unc,xs_Bkg,jerUp_unc)
Global Observables:      RooArgSet:: = (lumi_In,jesUp_unc_In,pdf_unc_In,xs_Bkg_In,jerUp_unc_In)
PDF:                     RooProdPdf::model_s[ modelObs_s * nuisancePdf ] = 1.32414e-09

Input ModelConfig 'ModelConfig': 

=== Using the following for ModelConfig ===
Observables:             RooArgSet:: = (n_obs_binbin1)
Parameters of Interest:  RooArgSet:: = (r)
Nuisance Parameters:     RooArgSet:: = (lumi,jesUp_unc,pdf_unc,xs_Bkg,jerUp_unc)
Global Observables:      RooArgSet:: = (lumi_In,jesUp_unc_In,pdf_unc_In,xs_Bkg_In,jerUp_unc_In)
PDF:                     RooProdPdf::model_s[ modelObs_s * nuisancePdf ] = 1.32414e-09

[#1] INFO:ObjectHandling -- RooWorkspace::import(w) importing RooUniform::prior
Computing limit starting from observation
  1) RooRealVar:: n_obs_binbin1 = 2131
Set default minimizer to Minuit2
Search for upper limit using pre-computed grid of p-values
  Do HypoTestResult_mh120_r600_1911233013 -> 600 --> 600
  Do HypoTestResult_mh120_r400_1305958545 -> 400 --> 400
  Do HypoTestResult_mh120_r500_2812329152 -> 500 --> 500
  Do HypoTestResult_mh120_r1200_147986232 -> 1200 --> 1200
  Do HypoTestResult_mh120_r1500_1041366371 -> 1500 --> 1500
  Do HypoTestResult_mh120_r1000_101166444 -> 1000 --> 1000
  Do HypoTestResult_mh120_r900_3747370574 -> 900 --> 900
  Do HypoTestResult_mh120_r1300_1403783274 -> 1300 --> 1300
  Do HypoTestResult_mh120_r1100_3910110600 -> 1100 --> 1100
  Do HypoTestResult_mh120_r700_165932091 -> 700 --> 700
  Do HypoTestResult_mh120_r800_3043420213 -> 800 --> 800
GRID, as is.
  - 400  (CLs = 0.290301 +/- 0.0147256)
  - 500  (CLs = 0.163161 +/- 0.0105028)
  - 600  (CLs = 0.101935 +/- 0.00826512)
  - 700  (CLs = 0.0433417 +/- 0.00525864)
  - 800  (CLs = 0.0289389 +/- 0.00433749)
  - 900  (CLs = 0.00878294 +/- 0.00235107)
  - 1000  (CLs = 0.00805952 +/- 0.0022385)
  - 1100  (CLs = 0.00311526 +/- 0.00139397)
  - 1200  (CLs = 0 +/- 0)
  - 1300  (CLs = 0 +/- 0)
  - 1500  (CLs = 0 +/- 0)
Bisecting range [0, 10]
At r = 900:
	CLs      = 0 +/- 0
	CLb      = 0.0306 +/- 0.00243572
	CLsplusb = 0 +/- 0

    Midpoint 5 value 0 +/- 0
    Replacing Max
Bisecting range [0, 5]
At r = 600:
	CLs      = 0 +/- 0
	CLb      = 0.0172 +/- 0.0018387
	CLsplusb = 0 +/- 0

    Midpoint 2 value 0 +/- 0
    Replacing Max
Final range [0, 2]
   Updaing point 0 (r 400)
At r = 400:
	CLs      = 0.113043 +/- 0.0232796
	CLb      = 0.046 +/- 0.00296257
	CLsplusb = 0.0052 +/- 0.00101715

   Updaing point 1 (r 500)
At r = 500:
	CLs      = 0.0508475 +/- 0.0212553
	CLb      = 0.0236 +/- 0.00214677
	CLsplusb = 0.0012 +/- 0.000489604

   Point 2 (r 600) was already updated during search.
  Will not use point 3 (r 700)
  Will not use point 4 (r 800)
  Will not use point 5 (r 900)
  Will not use point 6 (r 1000)
  Will not use point 7 (r 1100)
  Will not use point 8 (r 1200)
  Will not use point 9 (r 1300)
  Will not use point 10 (r 1500)
  r 400.00: CLs = 0.1130 +/- 0.0233
  r 500.00: CLs = 0.0508 +/- 0.0213
  r 600.00: CLs = 0.0000 +/- 0.0000
 after scan x ~ 500, bounds [ 400, 600]

 -- HybridNew, before fit -- 
Limit: r < 500 +/- 100 [400, 600]

****************************************
Minimizer is Minuit2 / Migrad
Chi2                      =  1.52047e-06
NDf                       =            0
Edm                       =  1.52102e-06
NCalls                    =           88
p0                        =         0.05                      	 (fixed)
p1                        =   -0.0079875   +/-   0.00465394  
p2                        =      502.097   +/-   53.3625     
Fit to 3 points: 502.097 +/- 53.3625

 -- Hybrid New -- 
Limit: r < 502.097 +/- 53.3625 @ 95% CL
Total toys: 0
Done in 0.00 min (cpu), 0.01 min (real)
