>>> including systematics
>>> using the Profile Likelihood test statistics modified for upper limits (Q_LHC)
>>> method used to compute upper limit is HybridNew
>>> random number generator seed is 123456
Adding /uscms_data/d2/lpcljm/sapta/SUSYSearch/LimitSetting/CMSSW_7_1_5/src to include path
Adding /cvmfs/cms.cern.ch/slc6_amd64_gcc481/lcg/roofit/5.34.18-cms3//include to include path
Input workspace 'w': 

RooWorkspace(w) w contents

variables
---------
(jerUp_unc,jerUp_unc_In,jesUp_unc,jesUp_unc_In,lumi,lumi_In,n_obs_binbin1,pdf_unc,pdf_unc_In,r,xs_Bkg,xs_Bkg_In)

p.d.f.s
-------
SimpleGaussianConstraint::jerUp_unc_Pdf[ x=jerUp_unc mean=jerUp_unc_In sigma=1 ] = 1
SimpleGaussianConstraint::jesUp_unc_Pdf[ x=jesUp_unc mean=jesUp_unc_In sigma=1 ] = 1
SimpleGaussianConstraint::lumi_Pdf[ x=lumi mean=lumi_In sigma=1 ] = 1
RooProdPdf::modelObs_b[ pdf_binbin1_bonly ] = 1.88978e-16
RooProdPdf::modelObs_s[ pdf_binbin1 ] = 1.77818e-16
RooProdPdf::model_b[ modelObs_b * nuisancePdf ] = 1.88978e-16
RooProdPdf::model_s[ modelObs_s * nuisancePdf ] = 1.77818e-16
RooProdPdf::nuisancePdf[ lumi_Pdf * jesUp_unc_Pdf * pdf_unc_Pdf * xs_Bkg_Pdf * jerUp_unc_Pdf ] = 1
RooPoisson::pdf_binbin1[ x=n_obs_binbin1 mean=n_exp_binbin1 ] = 1.77818e-16
RooPoisson::pdf_binbin1_bonly[ x=n_obs_binbin1 mean=n_exp_binbin1_bonly ] = 1.88978e-16
SimpleGaussianConstraint::pdf_unc_Pdf[ x=pdf_unc mean=pdf_unc_In sigma=1 ] = 1
SimpleGaussianConstraint::xs_Bkg_Pdf[ x=xs_Bkg mean=xs_Bkg_In sigma=1 ] = 1

functions
--------
RooAddition::n_exp_binbin1[ n_exp_binbin1_proc_BH + n_exp_binbin1_proc_Background ] = 16128.2
RooAddition::n_exp_binbin1_bonly[ n_exp_binbin1_proc_Background ] = 16127.2
ProcessNormalization::n_exp_binbin1_proc_BH[ thetaList=(lumi,jesUp_unc,pdf_unc) asymmThetaList=() otherFactorList=(r) ] = 1
ProcessNormalization::n_exp_binbin1_proc_Background[ thetaList=(xs_Bkg,jerUp_unc) asymmThetaList=() otherFactorList=() ] = 16127.2

datasets
--------
RooDataSet::data_obs(n_obs_binbin1)

named sets
----------
ModelConfig_GlobalObservables:(lumi_In,jesUp_unc_In,pdf_unc_In,xs_Bkg_In,jerUp_unc_In)
ModelConfig_NuisParams:(lumi,jesUp_unc,pdf_unc,xs_Bkg,jerUp_unc)
ModelConfig_Observables:(n_obs_binbin1)
ModelConfig_POI:(r)
ModelConfig_bonly_GlobalObservables:(lumi_In,jesUp_unc_In,pdf_unc_In,xs_Bkg_In,jerUp_unc_In)
ModelConfig_bonly_NuisParams:(lumi,jesUp_unc,pdf_unc,xs_Bkg,jerUp_unc)
ModelConfig_bonly_Observables:(n_obs_binbin1)
ModelConfig_bonly_POI:(r)
POI:(r)
globalObservables:(lumi_In,jesUp_unc_In,pdf_unc_In,xs_Bkg_In,jerUp_unc_In)
nuisances:(lumi,jesUp_unc,pdf_unc,xs_Bkg,jerUp_unc)
observables:(n_obs_binbin1)

generic objects
---------------
RooStats::ModelConfig::ModelConfig
RooStats::ModelConfig::ModelConfig_bonly
RooArgSet::discreteParams

Workspace has a ModelConfig for signal called 'ModelConfig', with contents:

=== Using the following for ModelConfig ===
Observables:             RooArgSet:: = (n_obs_binbin1)
Parameters of Interest:  RooArgSet:: = (r)
Nuisance Parameters:     RooArgSet:: = (lumi,jesUp_unc,pdf_unc,xs_Bkg,jerUp_unc)
Global Observables:      RooArgSet:: = (lumi_In,jesUp_unc_In,pdf_unc_In,xs_Bkg_In,jerUp_unc_In)
PDF:                     RooProdPdf::model_s[ modelObs_s * nuisancePdf ] = 1.77818e-16

Input ModelConfig 'ModelConfig': 

=== Using the following for ModelConfig ===
Observables:             RooArgSet:: = (n_obs_binbin1)
Parameters of Interest:  RooArgSet:: = (r)
Nuisance Parameters:     RooArgSet:: = (lumi,jesUp_unc,pdf_unc,xs_Bkg,jerUp_unc)
Global Observables:      RooArgSet:: = (lumi_In,jesUp_unc_In,pdf_unc_In,xs_Bkg_In,jerUp_unc_In)
PDF:                     RooProdPdf::model_s[ modelObs_s * nuisancePdf ] = 1.77818e-16

[#1] INFO:ObjectHandling -- RooWorkspace::import(w) importing RooUniform::prior
Computing limit starting from observation
  1) RooRealVar:: n_obs_binbin1 = 15146
Set default minimizer to Minuit2
Search for upper limit using pre-computed grid of p-values
  Do HypoTestResult_mh120_r2000_1056719614 -> 2000 --> 2000
  Do HypoTestResult_mh120_r5000_462989699 -> 5000 --> 5000
  Do HypoTestResult_mh120_r5500_2383837064 -> 5500 --> 5500
  Do HypoTestResult_mh120_r3000_801542516 -> 3000 --> 3000
  Do HypoTestResult_mh120_r5500_1093824510 -> 5500 --> 5500
  Do HypoTestResult_mh120_r2500_4221360147 -> 2500 --> 2500
  Do HypoTestResult_mh120_r4500_4192134706 -> 4500 --> 4500
  Do HypoTestResult_mh120_r4000_2823118701 -> 4000 --> 4000
  Do HypoTestResult_mh120_r3500_2279830151 -> 3500 --> 3500
  Do HypoTestResult_mh120_r1000_2674585824 -> 1000 --> 1000
  Do HypoTestResult_mh120_r1500_4187339336 -> 1500 --> 1500
GRID, as is.
  - 1000  (CLs = 0.402219 +/- 0.0180668)
  - 1500  (CLs = 0.22488 +/- 0.0129634)
  - 2000  (CLs = 0.119505 +/- 0.009283)
  - 2500  (CLs = 0.0570652 +/- 0.00629895)
  - 3000  (CLs = 0.0175676 +/- 0.00345761)
  - 3500  (CLs = 0.00779037 +/- 0.00235286)
  - 4000  (CLs = 0.00273598 +/- 0.00136877)
  - 4500  (CLs = 0.000692042 +/- 0.000692143)
  - 5000  (CLs = 0 +/- 0)
  - 5500  (CLs = 0 +/- 0)
Bisecting range [0, 9]
At r = 3000:
	CLs      = 0 +/- 0
	CLb      = 0.0182 +/- 0.00189044
	CLsplusb = 0 +/- 0

    Midpoint 4 value 0 +/- 0
    Replacing Max
Bisecting range [0, 4]
At r = 2000:
	CLs      = 0.0147059 +/- 0.0104707
	CLb      = 0.0272 +/- 0.00230044
	CLsplusb = 0.0004 +/- 0.000282786

    Midpoint 2 value 0.0147059 +/- 0.0104707
    Replacing Max
Final range [0, 2]
   Updaing point 0 (r 1000)
At r = 1000:
	CLs      = 0.125984 +/- 0.0333261
	CLb      = 0.0254 +/- 0.00222508
	CLsplusb = 0.0032 +/- 0.000798719

   Updaing point 1 (r 1500)
At r = 1500:
	CLs      = 0.0517241 +/- 0.0216308
	CLb      = 0.0232 +/- 0.00212893
	CLsplusb = 0.0012 +/- 0.000489604

   Point 2 (r 2000) was already updated during search.
  Will not use point 3 (r 2500)
  Will not use point 4 (r 3000)
  Will not use point 5 (r 3500)
  Will not use point 6 (r 4000)
  Will not use point 7 (r 4500)
  Will not use point 8 (r 5000)
  Will not use point 9 (r 5500)
  r 1000.00: CLs = 0.1260 +/- 0.0333
  r 1500.00: CLs = 0.0517 +/- 0.0216
  r 2000.00: CLs = 0.0147 +/- 0.0105
 after scan x ~ 1500, bounds [ 1000, 2000]

 -- HybridNew, before fit -- 
Limit: r < 1500 +/- 500 [1000, 2000]

****************************************
Minimizer is Minuit2 / Migrad
Chi2                      =     0.103926
NDf                       =            1
Edm                       =  1.91244e-10
NCalls                    =           78
p0                        =         0.05                      	 (fixed)
p1                        =  -0.00204895   +/-   0.000605001 
p2                        =      1460.24   +/-   126.526     
Fit to 3 points: 1460.24 +/- 126.526

 -- Hybrid New -- 
Limit: r < 1460.24 +/- 126.526 @ 95% CL
Total toys: 0
Done in 0.00 min (cpu), 0.01 min (real)
