>>> including systematics
>>> using the Profile Likelihood test statistics modified for upper limits (Q_LHC)
>>> method used to compute upper limit is HybridNew
>>> random number generator seed is 123456
Adding /uscms_data/d2/lpcljm/sapta/SUSYSearch/LimitSetting/CMSSW_7_1_5/src to include path
Adding /cvmfs/cms.cern.ch/slc6_amd64_gcc481/lcg/roofit/5.34.18-cms3//include to include path
Input workspace 'w': 

RooWorkspace(w) w contents

variables
---------
(jerUp_unc,jerUp_unc_In,jesUp_unc,jesUp_unc_In,lumi,lumi_In,n_obs_binbin1,pdf_unc,pdf_unc_In,r,xs_Bkg,xs_Bkg_In)

p.d.f.s
-------
SimpleGaussianConstraint::jerUp_unc_Pdf[ x=jerUp_unc mean=jerUp_unc_In sigma=1 ] = 1
SimpleGaussianConstraint::jesUp_unc_Pdf[ x=jesUp_unc mean=jesUp_unc_In sigma=1 ] = 1
SimpleGaussianConstraint::lumi_Pdf[ x=lumi mean=lumi_In sigma=1 ] = 1
RooProdPdf::modelObs_b[ pdf_binbin1_bonly ] = 0.00872659
RooProdPdf::modelObs_s[ pdf_binbin1 ] = 0.00607742
RooProdPdf::model_b[ modelObs_b * nuisancePdf ] = 0.00872659
RooProdPdf::model_s[ modelObs_s * nuisancePdf ] = 0.00607742
RooProdPdf::nuisancePdf[ lumi_Pdf * jesUp_unc_Pdf * pdf_unc_Pdf * xs_Bkg_Pdf * jerUp_unc_Pdf ] = 1
RooPoisson::pdf_binbin1[ x=n_obs_binbin1 mean=n_exp_binbin1 ] = 0.00607742
RooPoisson::pdf_binbin1_bonly[ x=n_obs_binbin1 mean=n_exp_binbin1_bonly ] = 0.00872659
SimpleGaussianConstraint::pdf_unc_Pdf[ x=pdf_unc mean=pdf_unc_In sigma=1 ] = 1
SimpleGaussianConstraint::xs_Bkg_Pdf[ x=xs_Bkg mean=xs_Bkg_In sigma=1 ] = 1

functions
--------
RooAddition::n_exp_binbin1[ n_exp_binbin1_proc_BH + n_exp_binbin1_proc_Background ] = 33.4073
RooAddition::n_exp_binbin1_bonly[ n_exp_binbin1_proc_Background ] = 32.4073
ProcessNormalization::n_exp_binbin1_proc_BH[ thetaList=(lumi,jesUp_unc,pdf_unc) asymmThetaList=() otherFactorList=(r) ] = 1
ProcessNormalization::n_exp_binbin1_proc_Background[ thetaList=(xs_Bkg,jerUp_unc) asymmThetaList=() otherFactorList=() ] = 32.4073

datasets
--------
RooDataSet::data_obs(n_obs_binbin1)

named sets
----------
ModelConfig_GlobalObservables:(lumi_In,jesUp_unc_In,pdf_unc_In,xs_Bkg_In,jerUp_unc_In)
ModelConfig_NuisParams:(lumi,jesUp_unc,pdf_unc,xs_Bkg,jerUp_unc)
ModelConfig_Observables:(n_obs_binbin1)
ModelConfig_POI:(r)
ModelConfig_bonly_GlobalObservables:(lumi_In,jesUp_unc_In,pdf_unc_In,xs_Bkg_In,jerUp_unc_In)
ModelConfig_bonly_NuisParams:(lumi,jesUp_unc,pdf_unc,xs_Bkg,jerUp_unc)
ModelConfig_bonly_Observables:(n_obs_binbin1)
ModelConfig_bonly_POI:(r)
POI:(r)
globalObservables:(lumi_In,jesUp_unc_In,pdf_unc_In,xs_Bkg_In,jerUp_unc_In)
nuisances:(lumi,jesUp_unc,pdf_unc,xs_Bkg,jerUp_unc)
observables:(n_obs_binbin1)

generic objects
---------------
RooStats::ModelConfig::ModelConfig
RooStats::ModelConfig::ModelConfig_bonly
RooArgSet::discreteParams

Workspace has a ModelConfig for signal called 'ModelConfig', with contents:

=== Using the following for ModelConfig ===
Observables:             RooArgSet:: = (n_obs_binbin1)
Parameters of Interest:  RooArgSet:: = (r)
Nuisance Parameters:     RooArgSet:: = (lumi,jesUp_unc,pdf_unc,xs_Bkg,jerUp_unc)
Global Observables:      RooArgSet:: = (lumi_In,jesUp_unc_In,pdf_unc_In,xs_Bkg_In,jerUp_unc_In)
PDF:                     RooProdPdf::model_s[ modelObs_s * nuisancePdf ] = 0.00607742

Input ModelConfig 'ModelConfig': 

=== Using the following for ModelConfig ===
Observables:             RooArgSet:: = (n_obs_binbin1)
Parameters of Interest:  RooArgSet:: = (r)
Nuisance Parameters:     RooArgSet:: = (lumi,jesUp_unc,pdf_unc,xs_Bkg,jerUp_unc)
Global Observables:      RooArgSet:: = (lumi_In,jesUp_unc_In,pdf_unc_In,xs_Bkg_In,jerUp_unc_In)
PDF:                     RooProdPdf::model_s[ modelObs_s * nuisancePdf ] = 0.00607742

[#1] INFO:ObjectHandling -- RooWorkspace::import(w) importing RooUniform::prior
Computing limit starting from observation
  1) RooRealVar:: n_obs_binbin1 = 21
Set default minimizer to Minuit2
Search for upper limit using pre-computed grid of p-values
  Do HypoTestResult_mh120_r13_2019013911 -> 13 --> 13
  Do HypoTestResult_mh120_r23_3436791408 -> 23 --> 23
  Do HypoTestResult_mh120_r33_2531499610 -> 33 --> 33
  Do HypoTestResult_mh120_r21_3876188386 -> 21 --> 21
  Do HypoTestResult_mh120_r27_856339442 -> 27 --> 27
  Do HypoTestResult_mh120_r15_3117605941 -> 15 --> 15
  Do HypoTestResult_mh120_r11_3659333286 -> 11 --> 11
  Do HypoTestResult_mh120_r19_2184859552 -> 19 --> 19
  Do HypoTestResult_mh120_r31_1729719269 -> 31 --> 31
  Do HypoTestResult_mh120_r25_2567889008 -> 25 --> 25
  Do HypoTestResult_mh120_r35_1913343077 -> 35 --> 35
  Do HypoTestResult_mh120_r37_387473745 -> 37 --> 37
  Do HypoTestResult_mh120_r17_3683445332 -> 17 --> 17
  Do HypoTestResult_mh120_r29_3399436193 -> 29 --> 29
GRID, as is.
  - 11  (CLs = 0.284802 +/- 0.0141851)
  - 13  (CLs = 0.187781 +/- 0.0113724)
  - 15  (CLs = 0.115361 +/- 0.00868025)
  - 17  (CLs = 0.0898012 +/- 0.00771679)
  - 19  (CLs = 0.0485981 +/- 0.00555032)
  - 21  (CLs = 0.0235732 +/- 0.00384005)
  - 23  (CLs = 0.00886001 +/- 0.00229091)
  - 25  (CLs = 0.00752315 +/- 0.00208897)
  - 27  (CLs = 0.00342466 +/- 0.00139883)
  - 29  (CLs = 0.00115808 +/- 0.000819031)
  - 31  (CLs = 0.00231214 +/- 0.00115648)
  - 33  (CLs = 0 +/- 0)
  - 35  (CLs = 0 +/- 0)
  - 37  (CLs = 0 +/- 0)
Bisecting range [0, 13]
At r = 23:
	CLs      = 0 +/- 0
	CLb      = 0.0424 +/- 0.00284964
	CLsplusb = 0 +/- 0

    Midpoint 6 value 0 +/- 0
    Replacing Max
Bisecting range [0, 6]
At r = 17:
	CLs      = 0.0118577 +/- 0.00688244
	CLb      = 0.0506 +/- 0.00309967
	CLsplusb = 0.0006 +/- 0.000346306

    Midpoint 3 value 0.0118577 +/- 0.00688244
    Replacing Max
Final range [0, 3]
   Updaing point 0 (r 11)
At r = 11:
	CLs      = 0.114865 +/- 0.0293255
	CLb      = 0.0296 +/- 0.00239682
	CLsplusb = 0.0034 +/- 0.000823218

   Updaing point 1 (r 13)
At r = 13:
	CLs      = 0.0465116 +/- 0.0150177
	CLb      = 0.043 +/- 0.00286883
	CLsplusb = 0.002 +/- 0.000631823

   Updaing point 2 (r 15)
At r = 15:
	CLs      = 0.0545455 +/- 0.0323209
	CLb      = 0.011 +/- 0.00147506
	CLsplusb = 0.0006 +/- 0.000346306

   Point 3 (r 17) was already updated during search.
  Will not use point 4 (r 19)
  Will not use point 5 (r 21)
  Will not use point 6 (r 23)
  Will not use point 7 (r 25)
  Will not use point 8 (r 27)
  Will not use point 9 (r 29)
  Will not use point 10 (r 31)
  Will not use point 11 (r 33)
  Will not use point 12 (r 35)
  Will not use point 13 (r 37)
  r 11.00: CLs = 0.1149 +/- 0.0293
  r 13.00: CLs = 0.0465 +/- 0.0150
  r 15.00: CLs = 0.0545 +/- 0.0323
  r 17.00: CLs = 0.0119 +/- 0.0069
 after scan x ~ 13, bounds [ 11, 17]

 -- HybridNew, before fit -- 
Limit: r < 13 +/- 4 [11, 17]

****************************************
Minimizer is Minuit2 / Migrad
Chi2                      =      1.01889
NDf                       =            2
Edm                       =  3.34479e-06
NCalls                    =           60
p0                        =         0.05                      	 (fixed)
p1                        =    -0.369775   +/-   0.103249    
p2                        =      13.1238   +/-   0.525401    
Fit to 4 points: 13.1238 +/- 0.525401

 -- Hybrid New -- 
Limit: r < 13.1238 +/- 0.525401 @ 95% CL
Total toys: 0
Done in 0.00 min (cpu), 0.01 min (real)
