>>> including systematics
>>> using the Profile Likelihood test statistics modified for upper limits (Q_LHC)
>>> method used to compute upper limit is HybridNew
>>> random number generator seed is 123456
Adding /uscms_data/d2/lpcljm/sapta/SUSYSearch/LimitSetting/CMSSW_7_1_5/src to include path
Adding /cvmfs/cms.cern.ch/slc6_amd64_gcc481/lcg/roofit/5.34.18-cms3//include to include path
Input workspace 'w': 

RooWorkspace(w) w contents

variables
---------
(jerUp_unc,jerUp_unc_In,jesUp_unc,jesUp_unc_In,lumi,lumi_In,n_obs_binbin1,pdf_unc,pdf_unc_In,r,xs_Bkg,xs_Bkg_In)

p.d.f.s
-------
SimpleGaussianConstraint::jerUp_unc_Pdf[ x=jerUp_unc mean=jerUp_unc_In sigma=1 ] = 1
SimpleGaussianConstraint::jesUp_unc_Pdf[ x=jesUp_unc mean=jesUp_unc_In sigma=1 ] = 1
SimpleGaussianConstraint::lumi_Pdf[ x=lumi mean=lumi_In sigma=1 ] = 1
RooProdPdf::modelObs_b[ pdf_binbin1_bonly ] = 0.0755153
RooProdPdf::modelObs_s[ pdf_binbin1 ] = 0.0395424
RooProdPdf::model_b[ modelObs_b * nuisancePdf ] = 0.0755153
RooProdPdf::model_s[ modelObs_s * nuisancePdf ] = 0.0395424
RooProdPdf::nuisancePdf[ lumi_Pdf * jesUp_unc_Pdf * pdf_unc_Pdf * xs_Bkg_Pdf * jerUp_unc_Pdf ] = 1
RooPoisson::pdf_binbin1[ x=n_obs_binbin1 mean=n_exp_binbin1 ] = 0.0395424
RooPoisson::pdf_binbin1_bonly[ x=n_obs_binbin1 mean=n_exp_binbin1_bonly ] = 0.0755153
SimpleGaussianConstraint::pdf_unc_Pdf[ x=pdf_unc mean=pdf_unc_In sigma=1 ] = 1
SimpleGaussianConstraint::xs_Bkg_Pdf[ x=xs_Bkg mean=xs_Bkg_In sigma=1 ] = 1

functions
--------
RooAddition::n_exp_binbin1[ n_exp_binbin1_proc_BH + n_exp_binbin1_proc_Background ] = 6.17981
RooAddition::n_exp_binbin1_bonly[ n_exp_binbin1_proc_Background ] = 5.17981
ProcessNormalization::n_exp_binbin1_proc_BH[ thetaList=(lumi,jesUp_unc,pdf_unc) asymmThetaList=() otherFactorList=(r) ] = 1
ProcessNormalization::n_exp_binbin1_proc_Background[ thetaList=(xs_Bkg,jerUp_unc) asymmThetaList=() otherFactorList=() ] = 5.17981

datasets
--------
RooDataSet::data_obs(n_obs_binbin1)

named sets
----------
ModelConfig_GlobalObservables:(lumi_In,jesUp_unc_In,pdf_unc_In,xs_Bkg_In,jerUp_unc_In)
ModelConfig_NuisParams:(lumi,jesUp_unc,pdf_unc,xs_Bkg,jerUp_unc)
ModelConfig_Observables:(n_obs_binbin1)
ModelConfig_POI:(r)
ModelConfig_bonly_GlobalObservables:(lumi_In,jesUp_unc_In,pdf_unc_In,xs_Bkg_In,jerUp_unc_In)
ModelConfig_bonly_NuisParams:(lumi,jesUp_unc,pdf_unc,xs_Bkg,jerUp_unc)
ModelConfig_bonly_Observables:(n_obs_binbin1)
ModelConfig_bonly_POI:(r)
POI:(r)
globalObservables:(lumi_In,jesUp_unc_In,pdf_unc_In,xs_Bkg_In,jerUp_unc_In)
nuisances:(lumi,jesUp_unc,pdf_unc,xs_Bkg,jerUp_unc)
observables:(n_obs_binbin1)

generic objects
---------------
RooStats::ModelConfig::ModelConfig
RooStats::ModelConfig::ModelConfig_bonly
RooArgSet::discreteParams

Workspace has a ModelConfig for signal called 'ModelConfig', with contents:

=== Using the following for ModelConfig ===
Observables:             RooArgSet:: = (n_obs_binbin1)
Parameters of Interest:  RooArgSet:: = (r)
Nuisance Parameters:     RooArgSet:: = (lumi,jesUp_unc,pdf_unc,xs_Bkg,jerUp_unc)
Global Observables:      RooArgSet:: = (lumi_In,jesUp_unc_In,pdf_unc_In,xs_Bkg_In,jerUp_unc_In)
PDF:                     RooProdPdf::model_s[ modelObs_s * nuisancePdf ] = 0.0395424

Input ModelConfig 'ModelConfig': 

=== Using the following for ModelConfig ===
Observables:             RooArgSet:: = (n_obs_binbin1)
Parameters of Interest:  RooArgSet:: = (r)
Nuisance Parameters:     RooArgSet:: = (lumi,jesUp_unc,pdf_unc,xs_Bkg,jerUp_unc)
Global Observables:      RooArgSet:: = (lumi_In,jesUp_unc_In,pdf_unc_In,xs_Bkg_In,jerUp_unc_In)
PDF:                     RooProdPdf::model_s[ modelObs_s * nuisancePdf ] = 0.0395424

[#1] INFO:ObjectHandling -- RooWorkspace::import(w) importing RooUniform::prior
Computing limit starting from observation
  1) RooRealVar:: n_obs_binbin1 = 2
Set default minimizer to Minuit2
Search for upper limit using pre-computed grid of p-values
  Do HypoTestResult_mh120_r6_1998366663 -> 6 --> 6
  Do HypoTestResult_mh120_r4.5_209272034 -> 4.5 --> 4.5
  Do HypoTestResult_mh120_r11_3078141472 -> 11 --> 11
  Do HypoTestResult_mh120_r2.5_1333226740 -> 2.5 --> 2.5
  Do HypoTestResult_mh120_r12_1711264698 -> 12 --> 12
  Do HypoTestResult_mh120_r3_1010785537 -> 3 --> 3
  Do HypoTestResult_mh120_r7_3549724350 -> 7 --> 7
  Do HypoTestResult_mh120_r1.5_514749236 -> 1.5 --> 1.5
  Do HypoTestResult_mh120_r3.5_2558062335 -> 3.5 --> 3.5
  Do HypoTestResult_mh120_r10_2613887253 -> 10 --> 10
  Do HypoTestResult_mh120_r5_1284231543 -> 5 --> 5
  Do HypoTestResult_mh120_r2_3641951002 -> 2 --> 2
  Do HypoTestResult_mh120_r9_1477453733 -> 9 --> 9
  Do HypoTestResult_mh120_r5.5_658026733 -> 5.5 --> 5.5
  Do HypoTestResult_mh120_r4_2643059439 -> 4 --> 4
  Do HypoTestResult_mh120_r8_2995860571 -> 8 --> 8
  Do HypoTestResult_mh120_r14_1057007975 -> 14 --> 14
GRID, as is.
  - 1.5  (CLs = 0.441713 +/- 0.0192136)
  - 2  (CLs = 0.323488 +/- 0.0161003)
  - 2.5  (CLs = 0.266167 +/- 0.0141802)
  - 3  (CLs = 0.172647 +/- 0.011187)
  - 3.5  (CLs = 0.131561 +/- 0.00972396)
  - 4  (CLs = 0.0943644 +/- 0.00800694)
  - 4.5  (CLs = 0.0715733 +/- 0.00705248)
  - 5  (CLs = 0.0316832 +/- 0.00460153)
  - 5.5  (CLs = 0.0307789 +/- 0.00442149)
  - 6  (CLs = 0.0217949 +/- 0.00375307)
  - 7  (CLs = 0.0128452 +/- 0.00287923)
  - 8  (CLs = 0.00517464 +/- 0.00183132)
  - 9  (CLs = 0.00256246 +/- 0.00128185)
  - 10  (CLs = 0.000614628 +/- 0.000614694)
  - 11  (CLs = 0.000627353 +/- 0.000627424)
  - 12  (CLs = 0 +/- 0)
  - 14  (CLs = 0 +/- 0)
Bisecting range [0, 16]
At r = 5.5:
	CLs      = 0.052442 +/- 0.00458197
	CLb      = 0.4996 +/- 0.00707107
	CLsplusb = 0.0262 +/- 0.00225892

    Midpoint 8 value 0.052442 +/- 0.00458197
    Tightening Range
At r = 3.5:
	CLs      = 0.187275 +/- 0.00865711
	CLb      = 0.4998 +/- 0.00707107
	CLsplusb = 0.0936 +/- 0.0041192

        Lowpoint 4 value 0.187275 +/- 0.00865711
At r = 4.5:
	CLs      = 0.106055 +/- 0.00647461
	CLb      = 0.5054 +/- 0.00707066
	CLsplusb = 0.0536 +/- 0.00318519

        Lowpoint 6 value 0.106055 +/- 0.00647461
At r = 5:
	CLs      = 0.0708 +/- 0.00532165
	CLb      = 0.5 +/- 0.00707107
	CLsplusb = 0.0354 +/- 0.00261331

        Lowpoint 7 value 0.0708 +/- 0.00532165
At r = 9:
	CLs      = 0.00329722 +/- 0.00124654
	CLb      = 0.4246 +/- 0.00699021
	CLsplusb = 0.0014 +/- 0.00052878

        Highpoint 12 value 0.00329722 +/- 0.00124654
At r = 7:
	CLs      = 0.0205744 +/- 0.00297169
	CLb      = 0.4666 +/- 0.00705527
	CLsplusb = 0.0096 +/- 0.00137897

        Highpoint 10 value 0.0205744 +/- 0.00297169
Final range [6, 12]
  Will not use point 0 (r 1.5)
  Will not use point 1 (r 2)
  Will not use point 2 (r 2.5)
  Will not use point 3 (r 3)
  Will not use point 4 (r 3.5)
  Will not use point 5 (r 4)
   Point 6 (r 4.5) was already updated during search.
   Point 7 (r 5) was already updated during search.
   Point 8 (r 5.5) was already updated during search.
   Updaing point 9 (r 6)
At r = 6:
	CLs      = 0.0358423 +/- 0.00377781
	CLb      = 0.5022 +/- 0.007071
	CLsplusb = 0.018 +/- 0.00188021

   Point 10 (r 7) was already updated during search.
   Updaing point 11 (r 8)
At r = 8:
	CLs      = 0.00891819 +/- 0.00185931
	CLb      = 0.5158 +/- 0.00706754
	CLsplusb = 0.0046 +/- 0.000956958

   Point 12 (r 9) was already updated during search.
  Will not use point 13 (r 10)
  Will not use point 14 (r 11)
  Will not use point 15 (r 12)
  Will not use point 16 (r 14)
  r 4.50: CLs = 0.1061 +/- 0.0065
  r 5.00: CLs = 0.0708 +/- 0.0053
  r 5.50: CLs = 0.0524 +/- 0.0046
  r 6.00: CLs = 0.0358 +/- 0.0038
  r 7.00: CLs = 0.0206 +/- 0.0030
  r 8.00: CLs = 0.0089 +/- 0.0019
 after scan x ~ 5.5, bounds [ 4.5, 8]

 -- HybridNew, before fit -- 
Limit: r < 5.5 +/- 2.5 [4.5, 8]

****************************************
Minimizer is Minuit2 / Migrad
Chi2                      =     0.988142
NDf                       =            4
Edm                       =  2.97569e-08
NCalls                    =           36
p0                        =         0.05                      	 (fixed)
p1                        =    -0.688467   +/-   0.043804    
p2                        =      5.55972   +/-   0.0570093   
Fit to 6 points: 5.55972 +/- 0.0570093

 -- Hybrid New -- 
Limit: r < 5.55972 +/- 0.0570093 @ 95% CL
Total toys: 0
Done in 0.00 min (cpu), 0.01 min (real)
