>>> including systematics
>>> using the Profile Likelihood test statistics modified for upper limits (Q_LHC)
>>> method used to compute upper limit is HybridNew
>>> random number generator seed is 123456
Adding /uscms_data/d2/lpcljm/sapta/SUSYSearch/LimitSetting/CMSSW_7_1_5/src to include path
Adding /cvmfs/cms.cern.ch/slc6_amd64_gcc481/lcg/roofit/5.34.18-cms3//include to include path
Input workspace 'w': 

RooWorkspace(w) w contents

variables
---------
(jerUp_unc,jerUp_unc_In,jesUp_unc,jesUp_unc_In,lumi,lumi_In,n_obs_binbin1,pdf_unc,pdf_unc_In,r,xs_Bkg,xs_Bkg_In)

p.d.f.s
-------
SimpleGaussianConstraint::jerUp_unc_Pdf[ x=jerUp_unc mean=jerUp_unc_In sigma=1 ] = 1
SimpleGaussianConstraint::jesUp_unc_Pdf[ x=jesUp_unc mean=jesUp_unc_In sigma=1 ] = 1
SimpleGaussianConstraint::lumi_Pdf[ x=lumi mean=lumi_In sigma=1 ] = 1
RooProdPdf::modelObs_b[ pdf_binbin1_bonly ] = 0.00872659
RooProdPdf::modelObs_s[ pdf_binbin1 ] = 0.00607742
RooProdPdf::model_b[ modelObs_b * nuisancePdf ] = 0.00872659
RooProdPdf::model_s[ modelObs_s * nuisancePdf ] = 0.00607742
RooProdPdf::nuisancePdf[ lumi_Pdf * jesUp_unc_Pdf * pdf_unc_Pdf * xs_Bkg_Pdf * jerUp_unc_Pdf ] = 1
RooPoisson::pdf_binbin1[ x=n_obs_binbin1 mean=n_exp_binbin1 ] = 0.00607742
RooPoisson::pdf_binbin1_bonly[ x=n_obs_binbin1 mean=n_exp_binbin1_bonly ] = 0.00872659
SimpleGaussianConstraint::pdf_unc_Pdf[ x=pdf_unc mean=pdf_unc_In sigma=1 ] = 1
SimpleGaussianConstraint::xs_Bkg_Pdf[ x=xs_Bkg mean=xs_Bkg_In sigma=1 ] = 1

functions
--------
RooAddition::n_exp_binbin1[ n_exp_binbin1_proc_BH + n_exp_binbin1_proc_Background ] = 33.4073
RooAddition::n_exp_binbin1_bonly[ n_exp_binbin1_proc_Background ] = 32.4073
ProcessNormalization::n_exp_binbin1_proc_BH[ thetaList=(lumi,jesUp_unc,pdf_unc) asymmThetaList=() otherFactorList=(r) ] = 1
ProcessNormalization::n_exp_binbin1_proc_Background[ thetaList=(xs_Bkg,jerUp_unc) asymmThetaList=() otherFactorList=() ] = 32.4073

datasets
--------
RooDataSet::data_obs(n_obs_binbin1)

named sets
----------
ModelConfig_GlobalObservables:(lumi_In,jesUp_unc_In,pdf_unc_In,xs_Bkg_In,jerUp_unc_In)
ModelConfig_NuisParams:(lumi,jesUp_unc,pdf_unc,xs_Bkg,jerUp_unc)
ModelConfig_Observables:(n_obs_binbin1)
ModelConfig_POI:(r)
ModelConfig_bonly_GlobalObservables:(lumi_In,jesUp_unc_In,pdf_unc_In,xs_Bkg_In,jerUp_unc_In)
ModelConfig_bonly_NuisParams:(lumi,jesUp_unc,pdf_unc,xs_Bkg,jerUp_unc)
ModelConfig_bonly_Observables:(n_obs_binbin1)
ModelConfig_bonly_POI:(r)
POI:(r)
globalObservables:(lumi_In,jesUp_unc_In,pdf_unc_In,xs_Bkg_In,jerUp_unc_In)
nuisances:(lumi,jesUp_unc,pdf_unc,xs_Bkg,jerUp_unc)
observables:(n_obs_binbin1)

generic objects
---------------
RooStats::ModelConfig::ModelConfig
RooStats::ModelConfig::ModelConfig_bonly
RooArgSet::discreteParams

Workspace has a ModelConfig for signal called 'ModelConfig', with contents:

=== Using the following for ModelConfig ===
Observables:             RooArgSet:: = (n_obs_binbin1)
Parameters of Interest:  RooArgSet:: = (r)
Nuisance Parameters:     RooArgSet:: = (lumi,jesUp_unc,pdf_unc,xs_Bkg,jerUp_unc)
Global Observables:      RooArgSet:: = (lumi_In,jesUp_unc_In,pdf_unc_In,xs_Bkg_In,jerUp_unc_In)
PDF:                     RooProdPdf::model_s[ modelObs_s * nuisancePdf ] = 0.00607742

Input ModelConfig 'ModelConfig': 

=== Using the following for ModelConfig ===
Observables:             RooArgSet:: = (n_obs_binbin1)
Parameters of Interest:  RooArgSet:: = (r)
Nuisance Parameters:     RooArgSet:: = (lumi,jesUp_unc,pdf_unc,xs_Bkg,jerUp_unc)
Global Observables:      RooArgSet:: = (lumi_In,jesUp_unc_In,pdf_unc_In,xs_Bkg_In,jerUp_unc_In)
PDF:                     RooProdPdf::model_s[ modelObs_s * nuisancePdf ] = 0.00607742

[#1] INFO:ObjectHandling -- RooWorkspace::import(w) importing RooUniform::prior
Computing limit starting from observation
  1) RooRealVar:: n_obs_binbin1 = 21
Set default minimizer to Minuit2
Search for upper limit using pre-computed grid of p-values
  Do HypoTestResult_mh120_r13_2019013911 -> 13 --> 13
  Do HypoTestResult_mh120_r23_3436791408 -> 23 --> 23
  Do HypoTestResult_mh120_r33_2531499610 -> 33 --> 33
  Do HypoTestResult_mh120_r21_3876188386 -> 21 --> 21
  Do HypoTestResult_mh120_r27_856339442 -> 27 --> 27
  Do HypoTestResult_mh120_r15_3117605941 -> 15 --> 15
  Do HypoTestResult_mh120_r11_3659333286 -> 11 --> 11
  Do HypoTestResult_mh120_r19_2184859552 -> 19 --> 19
  Do HypoTestResult_mh120_r31_1729719269 -> 31 --> 31
  Do HypoTestResult_mh120_r25_2567889008 -> 25 --> 25
  Do HypoTestResult_mh120_r35_1913343077 -> 35 --> 35
  Do HypoTestResult_mh120_r37_387473745 -> 37 --> 37
  Do HypoTestResult_mh120_r17_3683445332 -> 17 --> 17
  Do HypoTestResult_mh120_r29_3399436193 -> 29 --> 29
GRID, as is.
  - 11  (CLs = 0.284802 +/- 0.0141851)
  - 13  (CLs = 0.187781 +/- 0.0113724)
  - 15  (CLs = 0.115361 +/- 0.00868025)
  - 17  (CLs = 0.0898012 +/- 0.00771679)
  - 19  (CLs = 0.0485981 +/- 0.00555032)
  - 21  (CLs = 0.0235732 +/- 0.00384005)
  - 23  (CLs = 0.00886001 +/- 0.00229091)
  - 25  (CLs = 0.00752315 +/- 0.00208897)
  - 27  (CLs = 0.00342466 +/- 0.00139883)
  - 29  (CLs = 0.00115808 +/- 0.000819031)
  - 31  (CLs = 0.00231214 +/- 0.00115648)
  - 33  (CLs = 0 +/- 0)
  - 35  (CLs = 0 +/- 0)
  - 37  (CLs = 0 +/- 0)
Bisecting range [0, 13]
At r = 23:
	CLs      = 0.0255285 +/- 0.00319095
	CLb      = 0.5014 +/- 0.00707104
	CLsplusb = 0.0128 +/- 0.00158973

    Midpoint 6 value 0.0255285 +/- 0.00319095
    Tightening Range
At r = 17:
	CLs      = 0.14984 +/- 0.00774896
	CLb      = 0.4992 +/- 0.00707106
	CLsplusb = 0.0748 +/- 0.00372035

        Lowpoint 3 value 0.14984 +/- 0.00774896
At r = 19:
	CLs      = 0.0844338 +/- 0.00581276
	CLb      = 0.4998 +/- 0.00707107
	CLsplusb = 0.0422 +/- 0.00284321

        Lowpoint 4 value 0.0844338 +/- 0.00581276
At r = 21:
	CLs      = 0.0566038 +/- 0.00476738
	CLb      = 0.4982 +/- 0.00707102
	CLsplusb = 0.0282 +/- 0.00234114

        Lowpoint 5 value 0.0566038 +/- 0.00476738
At r = 29:
	CLs      = 0.00559105 +/- 0.00149427
	CLb      = 0.5008 +/- 0.00707106
	CLsplusb = 0.0028 +/- 0.000747283

        Highpoint 9 value 0.00559105 +/- 0.00149427
At r = 25:
	CLs      = 0.0144695 +/- 0.00241166
	CLb      = 0.4976 +/- 0.00707099
	CLsplusb = 0.0072 +/- 0.00119567

        Highpoint 7 value 0.0144695 +/- 0.00241166
Final range [4, 7]
  Will not use point 0 (r 11)
  Will not use point 1 (r 13)
  Will not use point 2 (r 15)
  Will not use point 3 (r 17)
   Point 4 (r 19) was already updated during search.
   Point 5 (r 21) was already updated during search.
   Point 6 (r 23) was already updated during search.
   Point 7 (r 25) was already updated during search.
  Will not use point 8 (r 27)
  Will not use point 9 (r 29)
  Will not use point 10 (r 31)
  Will not use point 11 (r 33)
  Will not use point 12 (r 35)
  Will not use point 13 (r 37)
  r 19.00: CLs = 0.0844 +/- 0.0058
  r 21.00: CLs = 0.0566 +/- 0.0048
  r 23.00: CLs = 0.0255 +/- 0.0032
  r 25.00: CLs = 0.0145 +/- 0.0024
 after scan x ~ 21, bounds [ 19, 25]

 -- HybridNew, before fit -- 
Limit: r < 21 +/- 4 [19, 25]

****************************************
Minimizer is Minuit2 / Migrad
Chi2                      =      3.31053
NDf                       =            2
Edm                       =  4.04438e-06
NCalls                    =           33
p0                        =         0.05                      	 (fixed)
p1                        =    -0.291783   +/-   0.0229907   
p2                        =      20.9355   +/-   0.163215    
Fit to 4 points: 20.9355 +/- 0.163215

 -- Hybrid New -- 
Limit: r < 20.9355 +/- 0.163215 @ 95% CL
Total toys: 0
Done in 0.00 min (cpu), 0.01 min (real)
