>>> including systematics
>>> using the Profile Likelihood test statistics modified for upper limits (Q_LHC)
>>> method used to compute upper limit is HybridNew
>>> random number generator seed is 123456
Adding /uscms_data/d2/lpcljm/sapta/SUSYSearch/LimitSetting/CMSSW_7_1_5/src to include path
Adding /cvmfs/cms.cern.ch/slc6_amd64_gcc481/lcg/roofit/5.34.18-cms3//include to include path
Input workspace 'w': 

RooWorkspace(w) w contents

variables
---------
(jerUp_unc,jerUp_unc_In,jesUp_unc,jesUp_unc_In,lumi,lumi_In,n_obs_binbin1,pdf_unc,pdf_unc_In,r,xs_Bkg,xs_Bkg_In)

p.d.f.s
-------
SimpleGaussianConstraint::jerUp_unc_Pdf[ x=jerUp_unc mean=jerUp_unc_In sigma=1 ] = 1
SimpleGaussianConstraint::jesUp_unc_Pdf[ x=jesUp_unc mean=jesUp_unc_In sigma=1 ] = 1
SimpleGaussianConstraint::lumi_Pdf[ x=lumi mean=lumi_In sigma=1 ] = 1
RooProdPdf::modelObs_b[ pdf_binbin1_bonly ] = 1.48101e-09
RooProdPdf::modelObs_s[ pdf_binbin1 ] = 1.32414e-09
RooProdPdf::model_b[ modelObs_b * nuisancePdf ] = 1.48101e-09
RooProdPdf::model_s[ modelObs_s * nuisancePdf ] = 1.32414e-09
RooProdPdf::nuisancePdf[ lumi_Pdf * jesUp_unc_Pdf * pdf_unc_Pdf * xs_Bkg_Pdf * jerUp_unc_Pdf ] = 1
RooPoisson::pdf_binbin1[ x=n_obs_binbin1 mean=n_exp_binbin1 ] = 1.32414e-09
RooPoisson::pdf_binbin1_bonly[ x=n_obs_binbin1 mean=n_exp_binbin1_bonly ] = 1.48101e-09
SimpleGaussianConstraint::pdf_unc_Pdf[ x=pdf_unc mean=pdf_unc_In sigma=1 ] = 1
SimpleGaussianConstraint::xs_Bkg_Pdf[ x=xs_Bkg mean=xs_Bkg_In sigma=1 ] = 1

functions
--------
RooAddition::n_exp_binbin1[ n_exp_binbin1_proc_BH + n_exp_binbin1_proc_Background ] = 2400.17
RooAddition::n_exp_binbin1_bonly[ n_exp_binbin1_proc_Background ] = 2399.17
ProcessNormalization::n_exp_binbin1_proc_BH[ thetaList=(lumi,jesUp_unc,pdf_unc) asymmThetaList=() otherFactorList=(r) ] = 1
ProcessNormalization::n_exp_binbin1_proc_Background[ thetaList=(xs_Bkg,jerUp_unc) asymmThetaList=() otherFactorList=() ] = 2399.17

datasets
--------
RooDataSet::data_obs(n_obs_binbin1)

named sets
----------
ModelConfig_GlobalObservables:(lumi_In,jesUp_unc_In,pdf_unc_In,xs_Bkg_In,jerUp_unc_In)
ModelConfig_NuisParams:(lumi,jesUp_unc,pdf_unc,xs_Bkg,jerUp_unc)
ModelConfig_Observables:(n_obs_binbin1)
ModelConfig_POI:(r)
ModelConfig_bonly_GlobalObservables:(lumi_In,jesUp_unc_In,pdf_unc_In,xs_Bkg_In,jerUp_unc_In)
ModelConfig_bonly_NuisParams:(lumi,jesUp_unc,pdf_unc,xs_Bkg,jerUp_unc)
ModelConfig_bonly_Observables:(n_obs_binbin1)
ModelConfig_bonly_POI:(r)
POI:(r)
globalObservables:(lumi_In,jesUp_unc_In,pdf_unc_In,xs_Bkg_In,jerUp_unc_In)
nuisances:(lumi,jesUp_unc,pdf_unc,xs_Bkg,jerUp_unc)
observables:(n_obs_binbin1)

generic objects
---------------
RooStats::ModelConfig::ModelConfig
RooStats::ModelConfig::ModelConfig_bonly
RooArgSet::discreteParams

Workspace has a ModelConfig for signal called 'ModelConfig', with contents:

=== Using the following for ModelConfig ===
Observables:             RooArgSet:: = (n_obs_binbin1)
Parameters of Interest:  RooArgSet:: = (r)
Nuisance Parameters:     RooArgSet:: = (lumi,jesUp_unc,pdf_unc,xs_Bkg,jerUp_unc)
Global Observables:      RooArgSet:: = (lumi_In,jesUp_unc_In,pdf_unc_In,xs_Bkg_In,jerUp_unc_In)
PDF:                     RooProdPdf::model_s[ modelObs_s * nuisancePdf ] = 1.32414e-09

Input ModelConfig 'ModelConfig': 

=== Using the following for ModelConfig ===
Observables:             RooArgSet:: = (n_obs_binbin1)
Parameters of Interest:  RooArgSet:: = (r)
Nuisance Parameters:     RooArgSet:: = (lumi,jesUp_unc,pdf_unc,xs_Bkg,jerUp_unc)
Global Observables:      RooArgSet:: = (lumi_In,jesUp_unc_In,pdf_unc_In,xs_Bkg_In,jerUp_unc_In)
PDF:                     RooProdPdf::model_s[ modelObs_s * nuisancePdf ] = 1.32414e-09

[#1] INFO:ObjectHandling -- RooWorkspace::import(w) importing RooUniform::prior
Computing limit starting from observation
  1) RooRealVar:: n_obs_binbin1 = 2131
Set default minimizer to Minuit2
Search for upper limit using pre-computed grid of p-values
  Do HypoTestResult_mh120_r600_1911233013 -> 600 --> 600
  Do HypoTestResult_mh120_r400_1305958545 -> 400 --> 400
  Do HypoTestResult_mh120_r500_2812329152 -> 500 --> 500
  Do HypoTestResult_mh120_r1200_147986232 -> 1200 --> 1200
  Do HypoTestResult_mh120_r1500_1041366371 -> 1500 --> 1500
  Do HypoTestResult_mh120_r1000_101166444 -> 1000 --> 1000
  Do HypoTestResult_mh120_r900_3747370574 -> 900 --> 900
  Do HypoTestResult_mh120_r1300_1403783274 -> 1300 --> 1300
  Do HypoTestResult_mh120_r1100_3910110600 -> 1100 --> 1100
  Do HypoTestResult_mh120_r700_165932091 -> 700 --> 700
  Do HypoTestResult_mh120_r800_3043420213 -> 800 --> 800
GRID, as is.
  - 400  (CLs = 0.290301 +/- 0.0147256)
  - 500  (CLs = 0.163161 +/- 0.0105028)
  - 600  (CLs = 0.101935 +/- 0.00826512)
  - 700  (CLs = 0.0433417 +/- 0.00525864)
  - 800  (CLs = 0.0289389 +/- 0.00433749)
  - 900  (CLs = 0.00878294 +/- 0.00235107)
  - 1000  (CLs = 0.00805952 +/- 0.0022385)
  - 1100  (CLs = 0.00311526 +/- 0.00139397)
  - 1200  (CLs = 0 +/- 0)
  - 1300  (CLs = 0 +/- 0)
  - 1500  (CLs = 0 +/- 0)
Bisecting range [0, 10]
At r = 900:
	CLs      = 0.0184147 +/- 0.00271512
	CLb      = 0.4996 +/- 0.00707107
	CLsplusb = 0.0092 +/- 0.00135021

    Midpoint 5 value 0.0184147 +/- 0.00271512
    Replacing Max
Bisecting range [0, 5]
At r = 600:
	CLs      = 0.166 +/- 0.00814862
	CLb      = 0.5 +/- 0.00707107
	CLsplusb = 0.083 +/- 0.00390156

    Midpoint 2 value 0.166 +/- 0.00814862
    Replacing Min
Final range [2, 5]
  Will not use point 0 (r 400)
  Will not use point 1 (r 500)
   Point 2 (r 600) was already updated during search.
   Updaing point 3 (r 700)
At r = 700:
	CLs      = 0.0932746 +/- 0.00611085
	CLb      = 0.4996 +/- 0.00707107
	CLsplusb = 0.0466 +/- 0.00298089

   Updaing point 4 (r 800)
At r = 800:
	CLs      = 0.0590818 +/- 0.00485621
	CLb      = 0.501 +/- 0.00707105
	CLsplusb = 0.0296 +/- 0.00239682

   Point 5 (r 900) was already updated during search.
  Will not use point 6 (r 1000)
  Will not use point 7 (r 1100)
  Will not use point 8 (r 1200)
  Will not use point 9 (r 1300)
  Will not use point 10 (r 1500)
  r 600.00: CLs = 0.1660 +/- 0.0081
  r 700.00: CLs = 0.0933 +/- 0.0061
  r 800.00: CLs = 0.0591 +/- 0.0049
  r 900.00: CLs = 0.0184 +/- 0.0027
 after scan x ~ 800, bounds [ 700, 900]

 -- HybridNew, before fit -- 
Limit: r < 800 +/- 100 [700, 900]

****************************************
Minimizer is Minuit2 / Migrad
Chi2                      =      9.09345
NDf                       =            1
Edm                       =  1.87751e-07
NCalls                    =           40
p0                        =         0.05                      	 (fixed)
p1                        =  -0.00737194   +/-   0.000615368 
p2                        =      791.157   +/-   7.29396     
Fit to 3 points: 791.157 +/- 7.29396

 -- Hybrid New -- 
Limit: r < 791.157 +/- 7.29396 @ 95% CL
Total toys: 0
Done in 0.00 min (cpu), 0.01 min (real)
