>>> including systematics
>>> using the Profile Likelihood test statistics modified for upper limits (Q_LHC)
>>> method used to compute upper limit is HybridNew
>>> random number generator seed is 123456
Adding /uscms_data/d2/lpcljm/sapta/SUSYSearch/LimitSetting/CMSSW_7_1_5/src to include path
Adding /cvmfs/cms.cern.ch/slc6_amd64_gcc481/lcg/roofit/5.34.18-cms3//include to include path
Input workspace 'w': 

RooWorkspace(w) w contents

variables
---------
(jerUp_unc,jerUp_unc_In,jesUp_unc,jesUp_unc_In,lumi,lumi_In,n_obs_binbin1,pdf_unc,pdf_unc_In,r,xs_Bkg,xs_Bkg_In)

p.d.f.s
-------
SimpleGaussianConstraint::jerUp_unc_Pdf[ x=jerUp_unc mean=jerUp_unc_In sigma=1 ] = 1
SimpleGaussianConstraint::jesUp_unc_Pdf[ x=jesUp_unc mean=jesUp_unc_In sigma=1 ] = 1
SimpleGaussianConstraint::lumi_Pdf[ x=lumi mean=lumi_In sigma=1 ] = 1
RooProdPdf::modelObs_b[ pdf_binbin1_bonly ] = 0.537364
RooProdPdf::modelObs_s[ pdf_binbin1 ] = 0.197685
RooProdPdf::model_b[ modelObs_b * nuisancePdf ] = 0.537364
RooProdPdf::model_s[ modelObs_s * nuisancePdf ] = 0.197685
RooProdPdf::nuisancePdf[ lumi_Pdf * jesUp_unc_Pdf * pdf_unc_Pdf * xs_Bkg_Pdf * jerUp_unc_Pdf ] = 1
RooPoisson::pdf_binbin1[ x=n_obs_binbin1 mean=n_exp_binbin1 ] = 0.197685
RooPoisson::pdf_binbin1_bonly[ x=n_obs_binbin1 mean=n_exp_binbin1_bonly ] = 0.537364
SimpleGaussianConstraint::pdf_unc_Pdf[ x=pdf_unc mean=pdf_unc_In sigma=1 ] = 1
SimpleGaussianConstraint::xs_Bkg_Pdf[ x=xs_Bkg mean=xs_Bkg_In sigma=1 ] = 1

functions
--------
RooAddition::n_exp_binbin1[ n_exp_binbin1_proc_BH + n_exp_binbin1_proc_Background ] = 1.62108
RooAddition::n_exp_binbin1_bonly[ n_exp_binbin1_proc_Background ] = 0.621079
ProcessNormalization::n_exp_binbin1_proc_BH[ thetaList=(lumi,jesUp_unc,pdf_unc) asymmThetaList=() otherFactorList=(r) ] = 1
ProcessNormalization::n_exp_binbin1_proc_Background[ thetaList=(xs_Bkg,jerUp_unc) asymmThetaList=() otherFactorList=() ] = 0.621079

datasets
--------
RooDataSet::data_obs(n_obs_binbin1)

named sets
----------
ModelConfig_GlobalObservables:(lumi_In,jesUp_unc_In,pdf_unc_In,xs_Bkg_In,jerUp_unc_In)
ModelConfig_NuisParams:(lumi,jesUp_unc,pdf_unc,xs_Bkg,jerUp_unc)
ModelConfig_Observables:(n_obs_binbin1)
ModelConfig_POI:(r)
ModelConfig_bonly_GlobalObservables:(lumi_In,jesUp_unc_In,pdf_unc_In,xs_Bkg_In,jerUp_unc_In)
ModelConfig_bonly_NuisParams:(lumi,jesUp_unc,pdf_unc,xs_Bkg,jerUp_unc)
ModelConfig_bonly_Observables:(n_obs_binbin1)
ModelConfig_bonly_POI:(r)
POI:(r)
globalObservables:(lumi_In,jesUp_unc_In,pdf_unc_In,xs_Bkg_In,jerUp_unc_In)
nuisances:(lumi,jesUp_unc,pdf_unc,xs_Bkg,jerUp_unc)
observables:(n_obs_binbin1)

generic objects
---------------
RooStats::ModelConfig::ModelConfig
RooStats::ModelConfig::ModelConfig_bonly
RooArgSet::discreteParams

Workspace has a ModelConfig for signal called 'ModelConfig', with contents:

=== Using the following for ModelConfig ===
Observables:             RooArgSet:: = (n_obs_binbin1)
Parameters of Interest:  RooArgSet:: = (r)
Nuisance Parameters:     RooArgSet:: = (lumi,jesUp_unc,pdf_unc,xs_Bkg,jerUp_unc)
Global Observables:      RooArgSet:: = (lumi_In,jesUp_unc_In,pdf_unc_In,xs_Bkg_In,jerUp_unc_In)
PDF:                     RooProdPdf::model_s[ modelObs_s * nuisancePdf ] = 0.197685

Input ModelConfig 'ModelConfig': 

=== Using the following for ModelConfig ===
Observables:             RooArgSet:: = (n_obs_binbin1)
Parameters of Interest:  RooArgSet:: = (r)
Nuisance Parameters:     RooArgSet:: = (lumi,jesUp_unc,pdf_unc,xs_Bkg,jerUp_unc)
Global Observables:      RooArgSet:: = (lumi_In,jesUp_unc_In,pdf_unc_In,xs_Bkg_In,jerUp_unc_In)
PDF:                     RooProdPdf::model_s[ modelObs_s * nuisancePdf ] = 0.197685

[#1] INFO:ObjectHandling -- RooWorkspace::import(w) importing RooUniform::prior
Computing limit starting from observation
  1) RooRealVar:: n_obs_binbin1 = 0
Set default minimizer to Minuit2
Search for upper limit using pre-computed grid of p-values
  Do HypoTestResult_mh120_r2_1657473860 -> 2 --> 2
  Do HypoTestResult_mh120_r5_2405247409 -> 5 --> 5
  Do HypoTestResult_mh120_r4.5_2108230559 -> 4.5 --> 4.5
  Do HypoTestResult_mh120_r3.5_519982523 -> 3.5 --> 3.5
  Do HypoTestResult_mh120_r9_1208024073 -> 9 --> 9
  Do HypoTestResult_mh120_r12_1947926400 -> 12 --> 12
  Do HypoTestResult_mh120_r11_989949624 -> 11 --> 11
  Do HypoTestResult_mh120_r7_138477431 -> 7 --> 7
  Do HypoTestResult_mh120_r6_1163350302 -> 6 --> 6
  Do HypoTestResult_mh120_r4_308433476 -> 4 --> 4
  Do HypoTestResult_mh120_r3_3489041540 -> 3 --> 3
  Do HypoTestResult_mh120_r2.5_4024996084 -> 2.5 --> 2.5
  Do HypoTestResult_mh120_r1.5_1558532490 -> 1.5 --> 1.5
  Do HypoTestResult_mh120_r8_3692258368 -> 8 --> 8
  Do HypoTestResult_mh120_r5.5_1775449887 -> 5.5 --> 5.5
  Do HypoTestResult_mh120_r10_4179487358 -> 10 --> 10
  Do HypoTestResult_mh120_r1_616096158 -> 1 --> 1
GRID, as is.
  - 1  (CLs = 0.373039 +/- 0.0155548)
  - 1.5  (CLs = 0.200575 +/- 0.011059)
  - 2  (CLs = 0.121501 +/- 0.00867482)
  - 2.5  (CLs = 0.0680191 +/- 0.00644159)
  - 3  (CLs = 0.0472441 +/- 0.00539208)
  - 3.5  (CLs = 0.0226116 +/- 0.00358701)
  - 4  (CLs = 0.0171598 +/- 0.00319533)
  - 4.5  (CLs = 0.00987224 +/- 0.00239805)
  - 5  (CLs = 0.00403924 +/- 0.00152763)
  - 5.5  (CLs = 0.00409596 +/- 0.00154913)
  - 6  (CLs = 0 +/- 0)
  - 7  (CLs = 0 +/- 0)
  - 8  (CLs = 0 +/- 0)
  - 9  (CLs = 0 +/- 0)
  - 10  (CLs = 0 +/- 0)
  - 11  (CLs = 0 +/- 0)
  - 12  (CLs = 0 +/- 0)
Bisecting range [0, 16]
At r = 5:
	CLs      = 0.0201101 +/- 0.00217934
	CLb      = 0.8354 +/- 0.00524417
	CLsplusb = 0.0168 +/- 0.00181757

    Midpoint 8 value 0.0201101 +/- 0.00217934
    Tightening Range
At r = 3:
	CLs      = 0.134917 +/- 0.00539346
	CLb      = 0.842 +/- 0.00515822
	CLsplusb = 0.1136 +/- 0.00448765

        Lowpoint 4 value 0.134917 +/- 0.00539346
At r = 4:
	CLs      = 0.0554894 +/- 0.00356603
	CLb      = 0.8398 +/- 0.00518721
	CLsplusb = 0.0466 +/- 0.00298089

        Lowpoint 6 value 0.0554894 +/- 0.00356603
At r = 8:
	CLs      = 0.00141643 +/- 0.000577971
	CLb      = 0.8472 +/- 0.00508826
	CLsplusb = 0.0012 +/- 0.000489604

        Highpoint 12 value 0.00141643 +/- 0.000577971
At r = 6:
	CLs      = 0.0106939 +/- 0.00158832
	CLb      = 0.8416 +/- 0.00516352
	CLsplusb = 0.009 +/- 0.00133559

        Highpoint 10 value 0.0106939 +/- 0.00158832
At r = 5.5:
	CLs      = 0.0154799 +/- 0.00190992
	CLb      = 0.8398 +/- 0.00518721
	CLsplusb = 0.013 +/- 0.00160194

        Highpoint 9 value 0.0154799 +/- 0.00190992
Final range [4, 9]
  Will not use point 0 (r 1)
  Will not use point 1 (r 1.5)
  Will not use point 2 (r 2)
  Will not use point 3 (r 2.5)
   Point 4 (r 3) was already updated during search.
   Updaing point 5 (r 3.5)
At r = 3.5:
	CLs      = 0.0845238 +/- 0.00435523
	CLb      = 0.84 +/- 0.00518459
	CLsplusb = 0.071 +/- 0.00363205

   Point 6 (r 4) was already updated during search.
   Updaing point 7 (r 4.5)
At r = 4.5:
	CLs      = 0.031109 +/- 0.00268892
	CLb      = 0.8422 +/- 0.00515556
	CLsplusb = 0.0262 +/- 0.00225892

   Point 8 (r 5) was already updated during search.
   Point 9 (r 5.5) was already updated during search.
  Will not use point 10 (r 6)
  Will not use point 11 (r 7)
  Will not use point 12 (r 8)
  Will not use point 13 (r 9)
  Will not use point 14 (r 10)
  Will not use point 15 (r 11)
  Will not use point 16 (r 12)
  r 3.00: CLs = 0.1349 +/- 0.0054
  r 3.50: CLs = 0.0845 +/- 0.0044
  r 4.00: CLs = 0.0555 +/- 0.0036
  r 4.50: CLs = 0.0311 +/- 0.0027
  r 5.00: CLs = 0.0201 +/- 0.0022
  r 5.50: CLs = 0.0155 +/- 0.0019
 after scan x ~ 4, bounds [ 3.5, 5.5]

 -- HybridNew, before fit -- 
Limit: r < 4 +/- 1.5 [3.5, 5.5]

****************************************
Minimizer is Minuit2 / Migrad
Chi2                      =      2.71311
NDf                       =            3
Edm                       =  1.81581e-07
NCalls                    =           39
p0                        =         0.05                      	 (fixed)
p1                        =    -0.919285   +/-   0.0553321   
p2                        =      4.06988   +/-   0.0362453   
Fit to 5 points: 4.06988 +/- 0.0362453

 -- Hybrid New -- 
Limit: r < 4.06988 +/- 0.0362453 @ 95% CL
Total toys: 0
Done in 0.00 min (cpu), 0.01 min (real)
