>>> including systematics
>>> using the Profile Likelihood test statistics modified for upper limits (Q_LHC)
>>> method used to compute upper limit is HybridNew
>>> random number generator seed is 123456
Adding /uscms_data/d2/lpcljm/sapta/SUSYSearch/LimitSetting/CMSSW_7_1_5/src to include path
Adding /cvmfs/cms.cern.ch/slc6_amd64_gcc481/lcg/roofit/5.34.18-cms3//include to include path
Input workspace 'w': 

RooWorkspace(w) w contents

variables
---------
(jerUp_unc,jerUp_unc_In,jesUp_unc,jesUp_unc_In,lumi,lumi_In,n_obs_binbin1,pdf_unc,pdf_unc_In,r,xs_Bkg,xs_Bkg_In)

p.d.f.s
-------
SimpleGaussianConstraint::jerUp_unc_Pdf[ x=jerUp_unc mean=jerUp_unc_In sigma=1 ] = 1
SimpleGaussianConstraint::jesUp_unc_Pdf[ x=jesUp_unc mean=jesUp_unc_In sigma=1 ] = 1
SimpleGaussianConstraint::lumi_Pdf[ x=lumi mean=lumi_In sigma=1 ] = 1
RooProdPdf::modelObs_b[ pdf_binbin1_bonly ] = 5.01955e-14
RooProdPdf::modelObs_s[ pdf_binbin1 ] = 4.61194e-14
RooProdPdf::model_b[ modelObs_b * nuisancePdf ] = 5.01955e-14
RooProdPdf::model_s[ modelObs_s * nuisancePdf ] = 4.61194e-14
RooProdPdf::nuisancePdf[ lumi_Pdf * jesUp_unc_Pdf * pdf_unc_Pdf * xs_Bkg_Pdf * jerUp_unc_Pdf ] = 1
RooPoisson::pdf_binbin1[ x=n_obs_binbin1 mean=n_exp_binbin1 ] = 4.61194e-14
RooPoisson::pdf_binbin1_bonly[ x=n_obs_binbin1 mean=n_exp_binbin1_bonly ] = 5.01955e-14
SimpleGaussianConstraint::pdf_unc_Pdf[ x=pdf_unc mean=pdf_unc_In sigma=1 ] = 1
SimpleGaussianConstraint::xs_Bkg_Pdf[ x=xs_Bkg mean=xs_Bkg_In sigma=1 ] = 1

functions
--------
RooAddition::n_exp_binbin1[ n_exp_binbin1_proc_BH + n_exp_binbin1_proc_Background ] = 6872.51
RooAddition::n_exp_binbin1_bonly[ n_exp_binbin1_proc_Background ] = 6871.51
ProcessNormalization::n_exp_binbin1_proc_BH[ thetaList=(lumi,jesUp_unc,pdf_unc) asymmThetaList=() otherFactorList=(r) ] = 1
ProcessNormalization::n_exp_binbin1_proc_Background[ thetaList=(xs_Bkg,jerUp_unc) asymmThetaList=() otherFactorList=() ] = 6871.51

datasets
--------
RooDataSet::data_obs(n_obs_binbin1)

named sets
----------
ModelConfig_GlobalObservables:(lumi_In,jesUp_unc_In,pdf_unc_In,xs_Bkg_In,jerUp_unc_In)
ModelConfig_NuisParams:(lumi,jesUp_unc,pdf_unc,xs_Bkg,jerUp_unc)
ModelConfig_Observables:(n_obs_binbin1)
ModelConfig_POI:(r)
ModelConfig_bonly_GlobalObservables:(lumi_In,jesUp_unc_In,pdf_unc_In,xs_Bkg_In,jerUp_unc_In)
ModelConfig_bonly_NuisParams:(lumi,jesUp_unc,pdf_unc,xs_Bkg,jerUp_unc)
ModelConfig_bonly_Observables:(n_obs_binbin1)
ModelConfig_bonly_POI:(r)
POI:(r)
globalObservables:(lumi_In,jesUp_unc_In,pdf_unc_In,xs_Bkg_In,jerUp_unc_In)
nuisances:(lumi,jesUp_unc,pdf_unc,xs_Bkg,jerUp_unc)
observables:(n_obs_binbin1)

generic objects
---------------
RooStats::ModelConfig::ModelConfig
RooStats::ModelConfig::ModelConfig_bonly
RooArgSet::discreteParams

Workspace has a ModelConfig for signal called 'ModelConfig', with contents:

=== Using the following for ModelConfig ===
Observables:             RooArgSet:: = (n_obs_binbin1)
Parameters of Interest:  RooArgSet:: = (r)
Nuisance Parameters:     RooArgSet:: = (lumi,jesUp_unc,pdf_unc,xs_Bkg,jerUp_unc)
Global Observables:      RooArgSet:: = (lumi_In,jesUp_unc_In,pdf_unc_In,xs_Bkg_In,jerUp_unc_In)
PDF:                     RooProdPdf::model_s[ modelObs_s * nuisancePdf ] = 4.61194e-14

Input ModelConfig 'ModelConfig': 

=== Using the following for ModelConfig ===
Observables:             RooArgSet:: = (n_obs_binbin1)
Parameters of Interest:  RooArgSet:: = (r)
Nuisance Parameters:     RooArgSet:: = (lumi,jesUp_unc,pdf_unc,xs_Bkg,jerUp_unc)
Global Observables:      RooArgSet:: = (lumi_In,jesUp_unc_In,pdf_unc_In,xs_Bkg_In,jerUp_unc_In)
PDF:                     RooProdPdf::model_s[ modelObs_s * nuisancePdf ] = 4.61194e-14

[#1] INFO:ObjectHandling -- RooWorkspace::import(w) importing RooUniform::prior
Computing limit starting from observation
  1) RooRealVar:: n_obs_binbin1 = 6290
Set default minimizer to Minuit2
Search for upper limit using pre-computed grid of p-values
  Do HypoTestResult_mh120_r1750_2248388289 -> 1750 --> 1750
  Do HypoTestResult_mh120_r1250_2025704919 -> 1250 --> 1250
  Do HypoTestResult_mh120_r1000_2290125172 -> 1000 --> 1000
  Do HypoTestResult_mh120_r2500_3143312647 -> 2500 --> 2500
  Do HypoTestResult_mh120_r2250_652480574 -> 2250 --> 2250
  Do HypoTestResult_mh120_r750_2342335210 -> 750 --> 750
  Do HypoTestResult_mh120_r2800_44641237 -> 2800 --> 2800
  Do HypoTestResult_mh120_r3000_1642393134 -> 3000 --> 3000
  Do HypoTestResult_mh120_r2600_12948908 -> 2600 --> 2600
  Do HypoTestResult_mh120_r2000_2766464410 -> 2000 --> 2000
GRID, as is.
  - 750  (CLs = 0.290714 +/- 0.0153041)
  - 1000  (CLs = 0.168768 +/- 0.0112578)
  - 1250  (CLs = 0.0921886 +/- 0.00821323)
  - 1750  (CLs = 0.0163934 +/- 0.00343054)
  - 2000  (CLs = 0.00475867 +/- 0.00180037)
  - 2250  (CLs = 0.00328947 +/- 0.00147205)
  - 2500  (CLs = 0.00137363 +/- 0.000971579)
  - 2600  (CLs = 0.000667111 +/- 0.0006672)
  - 2800  (CLs = 0 +/- 0)
  - 3000  (CLs = 0 +/- 0)
Bisecting range [0, 9]
At r = 2000:
	CLs      = 0.101142 +/- 0.0047342
	CLb      = 0.8404 +/- 0.00517934
	CLsplusb = 0.085 +/- 0.00394398

    Midpoint 4 value 0.101142 +/- 0.0047342
    Replacing Min
Bisecting range [4, 9]
At r = 2500:
	CLs      = 0.0235378 +/- 0.00234656
	CLb      = 0.8412 +/- 0.0051688
	CLsplusb = 0.0198 +/- 0.00197018

    Midpoint 6 value 0.0235378 +/- 0.00234656
    Tightening Range
At r = 2250:
	CLs      = 0.0517159 +/- 0.00344857
	CLb      = 0.8392 +/- 0.00519506
	CLsplusb = 0.0434 +/- 0.00288154

        Lowpoint 5 value 0.0517159 +/- 0.00344857
At r = 2600:
	CLs      = 0.0171961 +/- 0.00201479
	CLb      = 0.8374 +/- 0.00521845
	CLsplusb = 0.0144 +/- 0.00168479

        Highpoint 7 value 0.0171961 +/- 0.00201479
Final range [4, 7]
  Will not use point 0 (r 750)
  Will not use point 1 (r 1000)
  Will not use point 2 (r 1250)
  Will not use point 3 (r 1750)
   Point 4 (r 2000) was already updated during search.
   Point 5 (r 2250) was already updated during search.
   Point 6 (r 2500) was already updated during search.
   Point 7 (r 2600) was already updated during search.
  Will not use point 8 (r 2800)
  Will not use point 9 (r 3000)
  r 2000.00: CLs = 0.1011 +/- 0.0047
  r 2250.00: CLs = 0.0517 +/- 0.0034
  r 2500.00: CLs = 0.0235 +/- 0.0023
  r 2600.00: CLs = 0.0172 +/- 0.0020
 after scan x ~ 2250, bounds [ 2000, 2600]

 -- HybridNew, before fit -- 
Limit: r < 2250 +/- 350 [2000, 2600]

****************************************
Minimizer is Minuit2 / Migrad
Chi2                      =     0.627586
NDf                       =            2
Edm                       =  2.58403e-06
NCalls                    =           33
p0                        =         0.05                      	 (fixed)
p1                        =  -0.00291119   +/-   0.000155596 
p2                        =      2245.93   +/-   12.3385     
Fit to 4 points: 2245.93 +/- 12.3385

 -- Hybrid New -- 
Limit: r < 2245.93 +/- 12.3385 @ 95% CL
Total toys: 0
Done in 0.00 min (cpu), 0.01 min (real)
