>>> including systematics
>>> using the Profile Likelihood test statistics modified for upper limits (Q_LHC)
>>> method used to compute upper limit is HybridNew
>>> random number generator seed is 123456
Adding /uscms_data/d2/lpcljm/sapta/SUSYSearch/LimitSetting/CMSSW_7_1_5/src to include path
Adding /cvmfs/cms.cern.ch/slc6_amd64_gcc481/lcg/roofit/5.34.18-cms3//include to include path
Input workspace 'w': 

RooWorkspace(w) w contents

variables
---------
(jerUp_unc,jerUp_unc_In,jesUp_unc,jesUp_unc_In,lumi,lumi_In,n_obs_binbin1,pdf_unc,pdf_unc_In,r,xs_Bkg,xs_Bkg_In)

p.d.f.s
-------
SimpleGaussianConstraint::jerUp_unc_Pdf[ x=jerUp_unc mean=jerUp_unc_In sigma=1 ] = 1
SimpleGaussianConstraint::jesUp_unc_Pdf[ x=jesUp_unc mean=jesUp_unc_In sigma=1 ] = 1
SimpleGaussianConstraint::lumi_Pdf[ x=lumi mean=lumi_In sigma=1 ] = 1
RooProdPdf::modelObs_b[ pdf_binbin1_bonly ] = 0.537364
RooProdPdf::modelObs_s[ pdf_binbin1 ] = 0.197685
RooProdPdf::model_b[ modelObs_b * nuisancePdf ] = 0.537364
RooProdPdf::model_s[ modelObs_s * nuisancePdf ] = 0.197685
RooProdPdf::nuisancePdf[ lumi_Pdf * jesUp_unc_Pdf * pdf_unc_Pdf * xs_Bkg_Pdf * jerUp_unc_Pdf ] = 1
RooPoisson::pdf_binbin1[ x=n_obs_binbin1 mean=n_exp_binbin1 ] = 0.197685
RooPoisson::pdf_binbin1_bonly[ x=n_obs_binbin1 mean=n_exp_binbin1_bonly ] = 0.537364
SimpleGaussianConstraint::pdf_unc_Pdf[ x=pdf_unc mean=pdf_unc_In sigma=1 ] = 1
SimpleGaussianConstraint::xs_Bkg_Pdf[ x=xs_Bkg mean=xs_Bkg_In sigma=1 ] = 1

functions
--------
RooAddition::n_exp_binbin1[ n_exp_binbin1_proc_BH + n_exp_binbin1_proc_Background ] = 1.62108
RooAddition::n_exp_binbin1_bonly[ n_exp_binbin1_proc_Background ] = 0.621079
ProcessNormalization::n_exp_binbin1_proc_BH[ thetaList=(lumi,jesUp_unc,pdf_unc) asymmThetaList=() otherFactorList=(r) ] = 1
ProcessNormalization::n_exp_binbin1_proc_Background[ thetaList=(xs_Bkg,jerUp_unc) asymmThetaList=() otherFactorList=() ] = 0.621079

datasets
--------
RooDataSet::data_obs(n_obs_binbin1)

named sets
----------
ModelConfig_GlobalObservables:(lumi_In,jesUp_unc_In,pdf_unc_In,xs_Bkg_In,jerUp_unc_In)
ModelConfig_NuisParams:(lumi,jesUp_unc,pdf_unc,xs_Bkg,jerUp_unc)
ModelConfig_Observables:(n_obs_binbin1)
ModelConfig_POI:(r)
ModelConfig_bonly_GlobalObservables:(lumi_In,jesUp_unc_In,pdf_unc_In,xs_Bkg_In,jerUp_unc_In)
ModelConfig_bonly_NuisParams:(lumi,jesUp_unc,pdf_unc,xs_Bkg,jerUp_unc)
ModelConfig_bonly_Observables:(n_obs_binbin1)
ModelConfig_bonly_POI:(r)
POI:(r)
globalObservables:(lumi_In,jesUp_unc_In,pdf_unc_In,xs_Bkg_In,jerUp_unc_In)
nuisances:(lumi,jesUp_unc,pdf_unc,xs_Bkg,jerUp_unc)
observables:(n_obs_binbin1)

generic objects
---------------
RooStats::ModelConfig::ModelConfig
RooStats::ModelConfig::ModelConfig_bonly
RooArgSet::discreteParams

Workspace has a ModelConfig for signal called 'ModelConfig', with contents:

=== Using the following for ModelConfig ===
Observables:             RooArgSet:: = (n_obs_binbin1)
Parameters of Interest:  RooArgSet:: = (r)
Nuisance Parameters:     RooArgSet:: = (lumi,jesUp_unc,pdf_unc,xs_Bkg,jerUp_unc)
Global Observables:      RooArgSet:: = (lumi_In,jesUp_unc_In,pdf_unc_In,xs_Bkg_In,jerUp_unc_In)
PDF:                     RooProdPdf::model_s[ modelObs_s * nuisancePdf ] = 0.197685

Input ModelConfig 'ModelConfig': 

=== Using the following for ModelConfig ===
Observables:             RooArgSet:: = (n_obs_binbin1)
Parameters of Interest:  RooArgSet:: = (r)
Nuisance Parameters:     RooArgSet:: = (lumi,jesUp_unc,pdf_unc,xs_Bkg,jerUp_unc)
Global Observables:      RooArgSet:: = (lumi_In,jesUp_unc_In,pdf_unc_In,xs_Bkg_In,jerUp_unc_In)
PDF:                     RooProdPdf::model_s[ modelObs_s * nuisancePdf ] = 0.197685

[#1] INFO:ObjectHandling -- RooWorkspace::import(w) importing RooUniform::prior
Computing limit starting from observation
  1) RooRealVar:: n_obs_binbin1 = 0
Set default minimizer to Minuit2
Search for upper limit using pre-computed grid of p-values
  Do HypoTestResult_mh120_r2_1657473860 -> 2 --> 2
  Do HypoTestResult_mh120_r5_2405247409 -> 5 --> 5
  Do HypoTestResult_mh120_r4.5_2108230559 -> 4.5 --> 4.5
  Do HypoTestResult_mh120_r3.5_519982523 -> 3.5 --> 3.5
  Do HypoTestResult_mh120_r9_1208024073 -> 9 --> 9
  Do HypoTestResult_mh120_r12_1947926400 -> 12 --> 12
  Do HypoTestResult_mh120_r11_989949624 -> 11 --> 11
  Do HypoTestResult_mh120_r7_138477431 -> 7 --> 7
  Do HypoTestResult_mh120_r6_1163350302 -> 6 --> 6
  Do HypoTestResult_mh120_r4_308433476 -> 4 --> 4
  Do HypoTestResult_mh120_r3_3489041540 -> 3 --> 3
  Do HypoTestResult_mh120_r2.5_4024996084 -> 2.5 --> 2.5
  Do HypoTestResult_mh120_r1.5_1558532490 -> 1.5 --> 1.5
  Do HypoTestResult_mh120_r8_3692258368 -> 8 --> 8
  Do HypoTestResult_mh120_r5.5_1775449887 -> 5.5 --> 5.5
  Do HypoTestResult_mh120_r10_4179487358 -> 10 --> 10
  Do HypoTestResult_mh120_r1_616096158 -> 1 --> 1
GRID, as is.
  - 1  (CLs = 0.373039 +/- 0.0155548)
  - 1.5  (CLs = 0.200575 +/- 0.011059)
  - 2  (CLs = 0.121501 +/- 0.00867482)
  - 2.5  (CLs = 0.0680191 +/- 0.00644159)
  - 3  (CLs = 0.0472441 +/- 0.00539208)
  - 3.5  (CLs = 0.0226116 +/- 0.00358701)
  - 4  (CLs = 0.0171598 +/- 0.00319533)
  - 4.5  (CLs = 0.00987224 +/- 0.00239805)
  - 5  (CLs = 0.00403924 +/- 0.00152763)
  - 5.5  (CLs = 0.00409596 +/- 0.00154913)
  - 6  (CLs = 0 +/- 0)
  - 7  (CLs = 0 +/- 0)
  - 8  (CLs = 0 +/- 0)
  - 9  (CLs = 0 +/- 0)
  - 10  (CLs = 0 +/- 0)
  - 11  (CLs = 0 +/- 0)
  - 12  (CLs = 0 +/- 0)
Bisecting range [0, 16]
At r = 5:
	CLs      = 0.0744768 +/- 0.00376826
	CLb      = 0.9748 +/- 0.00221653
	CLsplusb = 0.0726 +/- 0.00366958

    Midpoint 8 value 0.0744768 +/- 0.00376826
    Tightening Range
At r = 3:
	CLs      = 0.299242 +/- 0.00662326
	CLb      = 0.9758 +/- 0.00217322
	CLsplusb = 0.292 +/- 0.00643018

        Lowpoint 4 value 0.299242 +/- 0.00662326
At r = 4:
	CLs      = 0.176338 +/- 0.00548588
	CLb      = 0.9754 +/- 0.00219065
	CLsplusb = 0.172 +/- 0.00533697

        Lowpoint 6 value 0.176338 +/- 0.00548588
At r = 4.5:
	CLs      = 0.107714 +/- 0.00445413
	CLb      = 0.9748 +/- 0.00221653
	CLsplusb = 0.105 +/- 0.00433532

        Lowpoint 7 value 0.107714 +/- 0.00445413
At r = 8:
	CLs      = 0.00882232 +/- 0.00133974
	CLb      = 0.9748 +/- 0.00221653
	CLsplusb = 0.0086 +/- 0.00130584

        Highpoint 12 value 0.00882232 +/- 0.00133974
At r = 6:
	CLs      = 0.0397704 +/- 0.00280082
	CLb      = 0.9756 +/- 0.00218196
	CLsplusb = 0.0388 +/- 0.0027311

        Highpoint 10 value 0.0397704 +/- 0.00280082
Final range [7, 12]
  Will not use point 0 (r 1)
  Will not use point 1 (r 1.5)
  Will not use point 2 (r 2)
  Will not use point 3 (r 2.5)
  Will not use point 4 (r 3)
  Will not use point 5 (r 3.5)
  Will not use point 6 (r 4)
   Point 7 (r 4.5) was already updated during search.
   Point 8 (r 5) was already updated during search.
   Updaing point 9 (r 5.5)
At r = 5.5:
	CLs      = 0.0533552 +/- 0.00322407
	CLb      = 0.9746 +/- 0.00222508
	CLsplusb = 0.052 +/- 0.00313994

   Point 10 (r 6) was already updated during search.
   Updaing point 11 (r 7)
At r = 7:
	CLs      = 0.0180328 +/- 0.00190573
	CLb      = 0.976 +/- 0.00216444
	CLsplusb = 0.0176 +/- 0.00185958

   Point 12 (r 8) was already updated during search.
  Will not use point 13 (r 9)
  Will not use point 14 (r 10)
  Will not use point 15 (r 11)
  Will not use point 16 (r 12)
  r 4.50: CLs = 0.1077 +/- 0.0045
  r 5.00: CLs = 0.0745 +/- 0.0038
  r 5.50: CLs = 0.0534 +/- 0.0032
  r 6.00: CLs = 0.0398 +/- 0.0028
  r 7.00: CLs = 0.0180 +/- 0.0019
 after scan x ~ 5.5, bounds [ 4.5, 7]

 -- HybridNew, before fit -- 
Limit: r < 5.5 +/- 1.5 [4.5, 7]

****************************************
Minimizer is Minuit2 / Migrad
Chi2                      =     0.811683
NDf                       =            3
Edm                       =  6.88823e-09
NCalls                    =           43
p0                        =         0.05                      	 (fixed)
p1                        =    -0.696249   +/-   0.0362757   
p2                        =      5.59707   +/-   0.0435061   
Fit to 5 points: 5.59707 +/- 0.0435061

 -- Hybrid New -- 
Limit: r < 5.59707 +/- 0.0435061 @ 95% CL
Total toys: 0
Done in 0.00 min (cpu), 0.01 min (real)
