>>> including systematics
>>> using the Profile Likelihood test statistics modified for upper limits (Q_LHC)
>>> method used to compute upper limit is HybridNew
>>> random number generator seed is 123456
Adding /uscms_data/d2/lpcljm/sapta/SUSYSearch/LimitSetting/CMSSW_7_1_5/src to include path
Adding /cvmfs/cms.cern.ch/slc6_amd64_gcc481/lcg/roofit/5.34.18-cms3//include to include path
Input workspace 'w': 

RooWorkspace(w) w contents

variables
---------
(jerUp_unc,jerUp_unc_In,jesUp_unc,jesUp_unc_In,lumi,lumi_In,n_obs_binbin1,pdf_unc,pdf_unc_In,r,xs_Bkg,xs_Bkg_In)

p.d.f.s
-------
SimpleGaussianConstraint::jerUp_unc_Pdf[ x=jerUp_unc mean=jerUp_unc_In sigma=1 ] = 1
SimpleGaussianConstraint::jesUp_unc_Pdf[ x=jesUp_unc mean=jesUp_unc_In sigma=1 ] = 1
SimpleGaussianConstraint::lumi_Pdf[ x=lumi mean=lumi_In sigma=1 ] = 1
RooProdPdf::modelObs_b[ pdf_binbin1_bonly ] = 0.00872659
RooProdPdf::modelObs_s[ pdf_binbin1 ] = 0.00607742
RooProdPdf::model_b[ modelObs_b * nuisancePdf ] = 0.00872659
RooProdPdf::model_s[ modelObs_s * nuisancePdf ] = 0.00607742
RooProdPdf::nuisancePdf[ lumi_Pdf * jesUp_unc_Pdf * pdf_unc_Pdf * xs_Bkg_Pdf * jerUp_unc_Pdf ] = 1
RooPoisson::pdf_binbin1[ x=n_obs_binbin1 mean=n_exp_binbin1 ] = 0.00607742
RooPoisson::pdf_binbin1_bonly[ x=n_obs_binbin1 mean=n_exp_binbin1_bonly ] = 0.00872659
SimpleGaussianConstraint::pdf_unc_Pdf[ x=pdf_unc mean=pdf_unc_In sigma=1 ] = 1
SimpleGaussianConstraint::xs_Bkg_Pdf[ x=xs_Bkg mean=xs_Bkg_In sigma=1 ] = 1

functions
--------
RooAddition::n_exp_binbin1[ n_exp_binbin1_proc_BH + n_exp_binbin1_proc_Background ] = 33.4073
RooAddition::n_exp_binbin1_bonly[ n_exp_binbin1_proc_Background ] = 32.4073
ProcessNormalization::n_exp_binbin1_proc_BH[ thetaList=(lumi,jesUp_unc,pdf_unc) asymmThetaList=() otherFactorList=(r) ] = 1
ProcessNormalization::n_exp_binbin1_proc_Background[ thetaList=(xs_Bkg,jerUp_unc) asymmThetaList=() otherFactorList=() ] = 32.4073

datasets
--------
RooDataSet::data_obs(n_obs_binbin1)

named sets
----------
ModelConfig_GlobalObservables:(lumi_In,jesUp_unc_In,pdf_unc_In,xs_Bkg_In,jerUp_unc_In)
ModelConfig_NuisParams:(lumi,jesUp_unc,pdf_unc,xs_Bkg,jerUp_unc)
ModelConfig_Observables:(n_obs_binbin1)
ModelConfig_POI:(r)
ModelConfig_bonly_GlobalObservables:(lumi_In,jesUp_unc_In,pdf_unc_In,xs_Bkg_In,jerUp_unc_In)
ModelConfig_bonly_NuisParams:(lumi,jesUp_unc,pdf_unc,xs_Bkg,jerUp_unc)
ModelConfig_bonly_Observables:(n_obs_binbin1)
ModelConfig_bonly_POI:(r)
POI:(r)
globalObservables:(lumi_In,jesUp_unc_In,pdf_unc_In,xs_Bkg_In,jerUp_unc_In)
nuisances:(lumi,jesUp_unc,pdf_unc,xs_Bkg,jerUp_unc)
observables:(n_obs_binbin1)

generic objects
---------------
RooStats::ModelConfig::ModelConfig
RooStats::ModelConfig::ModelConfig_bonly
RooArgSet::discreteParams

Workspace has a ModelConfig for signal called 'ModelConfig', with contents:

=== Using the following for ModelConfig ===
Observables:             RooArgSet:: = (n_obs_binbin1)
Parameters of Interest:  RooArgSet:: = (r)
Nuisance Parameters:     RooArgSet:: = (lumi,jesUp_unc,pdf_unc,xs_Bkg,jerUp_unc)
Global Observables:      RooArgSet:: = (lumi_In,jesUp_unc_In,pdf_unc_In,xs_Bkg_In,jerUp_unc_In)
PDF:                     RooProdPdf::model_s[ modelObs_s * nuisancePdf ] = 0.00607742

Input ModelConfig 'ModelConfig': 

=== Using the following for ModelConfig ===
Observables:             RooArgSet:: = (n_obs_binbin1)
Parameters of Interest:  RooArgSet:: = (r)
Nuisance Parameters:     RooArgSet:: = (lumi,jesUp_unc,pdf_unc,xs_Bkg,jerUp_unc)
Global Observables:      RooArgSet:: = (lumi_In,jesUp_unc_In,pdf_unc_In,xs_Bkg_In,jerUp_unc_In)
PDF:                     RooProdPdf::model_s[ modelObs_s * nuisancePdf ] = 0.00607742

[#1] INFO:ObjectHandling -- RooWorkspace::import(w) importing RooUniform::prior
Computing limit starting from observation
  1) RooRealVar:: n_obs_binbin1 = 21
Set default minimizer to Minuit2
Search for upper limit using pre-computed grid of p-values
  Do HypoTestResult_mh120_r13_2019013911 -> 13 --> 13
  Do HypoTestResult_mh120_r23_3436791408 -> 23 --> 23
  Do HypoTestResult_mh120_r33_2531499610 -> 33 --> 33
  Do HypoTestResult_mh120_r21_3876188386 -> 21 --> 21
  Do HypoTestResult_mh120_r27_856339442 -> 27 --> 27
  Do HypoTestResult_mh120_r15_3117605941 -> 15 --> 15
  Do HypoTestResult_mh120_r11_3659333286 -> 11 --> 11
  Do HypoTestResult_mh120_r19_2184859552 -> 19 --> 19
  Do HypoTestResult_mh120_r31_1729719269 -> 31 --> 31
  Do HypoTestResult_mh120_r25_2567889008 -> 25 --> 25
  Do HypoTestResult_mh120_r35_1913343077 -> 35 --> 35
  Do HypoTestResult_mh120_r37_387473745 -> 37 --> 37
  Do HypoTestResult_mh120_r17_3683445332 -> 17 --> 17
  Do HypoTestResult_mh120_r29_3399436193 -> 29 --> 29
GRID, as is.
  - 11  (CLs = 0.284802 +/- 0.0141851)
  - 13  (CLs = 0.187781 +/- 0.0113724)
  - 15  (CLs = 0.115361 +/- 0.00868025)
  - 17  (CLs = 0.0898012 +/- 0.00771679)
  - 19  (CLs = 0.0485981 +/- 0.00555032)
  - 21  (CLs = 0.0235732 +/- 0.00384005)
  - 23  (CLs = 0.00886001 +/- 0.00229091)
  - 25  (CLs = 0.00752315 +/- 0.00208897)
  - 27  (CLs = 0.00342466 +/- 0.00139883)
  - 29  (CLs = 0.00115808 +/- 0.000819031)
  - 31  (CLs = 0.00231214 +/- 0.00115648)
  - 33  (CLs = 0 +/- 0)
  - 35  (CLs = 0 +/- 0)
  - 37  (CLs = 0 +/- 0)
Bisecting range [0, 13]
At r = 23:
	CLs      = 0.410462 +/- 0.00716697
	CLb      = 0.975 +/- 0.00220794
	CLsplusb = 0.4002 +/- 0.00692878

    Midpoint 6 value 0.410462 +/- 0.00716697
    Replacing Min
Bisecting range [6, 13]
At r = 29:
	CLs      = 0.178462 +/- 0.00551372
	CLb      = 0.975 +/- 0.00220794
	CLsplusb = 0.174 +/- 0.00536142

    Midpoint 9 value 0.178462 +/- 0.00551372
    Replacing Min
Bisecting range [9, 13]
At r = 33:
	CLs      = 0.0791308 +/- 0.00387311
	CLb      = 0.9756 +/- 0.00218196
	CLsplusb = 0.0772 +/- 0.00377466

    Midpoint 11 value 0.0791308 +/- 0.00387311
    Tightening Range
At r = 31:
	CLs      = 0.133716 +/- 0.00489267
	CLb      = 0.9752 +/- 0.00219932
	CLsplusb = 0.1304 +/- 0.00476227

        Lowpoint 10 value 0.133716 +/- 0.00489267
At r = 35:
	CLs      = 0.0559885 +/- 0.00329719
	CLb      = 0.9752 +/- 0.00219932
	CLsplusb = 0.0546 +/- 0.00321306

        Highpoint 12 value 0.0559885 +/- 0.00329719
Final range [10, 13]
  Will not use point 0 (r 11)
  Will not use point 1 (r 13)
  Will not use point 2 (r 15)
  Will not use point 3 (r 17)
  Will not use point 4 (r 19)
  Will not use point 5 (r 21)
  Will not use point 6 (r 23)
  Will not use point 7 (r 25)
  Will not use point 8 (r 27)
  Will not use point 9 (r 29)
   Point 10 (r 31) was already updated during search.
   Point 11 (r 33) was already updated during search.
   Point 12 (r 35) was already updated during search.
   Updaing point 13 (r 37)
At r = 37:
	CLs      = 0.0297375 +/- 0.00243442
	CLb      = 0.9752 +/- 0.00219932
	CLsplusb = 0.029 +/- 0.00237314

  r 31.00: CLs = 0.1337 +/- 0.0049
  r 33.00: CLs = 0.0791 +/- 0.0039
  r 35.00: CLs = 0.0560 +/- 0.0033
  r 37.00: CLs = 0.0297 +/- 0.0024
 after scan x ~ 35, bounds [ 31, 37]

 -- HybridNew, before fit -- 
Limit: r < 35 +/- 4 [31, 37]

****************************************
Minimizer is Minuit2 / Migrad
Chi2                      =      3.57874
NDf                       =            2
Edm                       =   1.3149e-06
NCalls                    =           38
p0                        =         0.05                      	 (fixed)
p1                        =    -0.239713   +/-   0.0123257   
p2                        =      35.0813   +/-   0.157178    
Fit to 4 points: 35.0813 +/- 0.157178

 -- Hybrid New -- 
Limit: r < 35.0813 +/- 0.157178 @ 95% CL
Total toys: 0
Done in 0.00 min (cpu), 0.01 min (real)
