>>> including systematics
>>> using the Profile Likelihood test statistics modified for upper limits (Q_LHC)
>>> method used to compute upper limit is HybridNew
>>> Using OpenSSL to get a really random seed 
>>> Used OpenSSL to get a really random seed 1612672650
Adding /uscms_data/d2/lpcljm/sapta/SUSYSearch/LimitSetting/CMSSW_7_1_5/src to include path
Adding /cvmfs/cms.cern.ch/slc6_amd64_gcc481/lcg/roofit/5.34.18-cms3//include to include path
Input workspace 'w': 

RooWorkspace(w) w contents

variables
---------
(jerUp_unc,jerUp_unc_In,jesUp_unc,jesUp_unc_In,lumi,lumi_In,n_obs_binbin1,pdf_unc,pdf_unc_In,r,xs_Bkg,xs_Bkg_In)

p.d.f.s
-------
SimpleGaussianConstraint::jerUp_unc_Pdf[ x=jerUp_unc mean=jerUp_unc_In sigma=1 ] = 1
SimpleGaussianConstraint::jesUp_unc_Pdf[ x=jesUp_unc mean=jesUp_unc_In sigma=1 ] = 1
SimpleGaussianConstraint::lumi_Pdf[ x=lumi mean=lumi_In sigma=1 ] = 1
RooProdPdf::modelObs_b[ pdf_binbin1_bonly ] = 2.25606e-06
RooProdPdf::modelObs_s[ pdf_binbin1 ] = 1.72143e-06
RooProdPdf::model_b[ modelObs_b * nuisancePdf ] = 2.25606e-06
RooProdPdf::model_s[ modelObs_s * nuisancePdf ] = 1.72143e-06
RooProdPdf::nuisancePdf[ lumi_Pdf * jesUp_unc_Pdf * pdf_unc_Pdf * xs_Bkg_Pdf * jerUp_unc_Pdf ] = 1
RooPoisson::pdf_binbin1[ x=n_obs_binbin1 mean=n_exp_binbin1 ] = 1.72143e-06
RooPoisson::pdf_binbin1_bonly[ x=n_obs_binbin1 mean=n_exp_binbin1_bonly ] = 2.25606e-06
SimpleGaussianConstraint::pdf_unc_Pdf[ x=pdf_unc mean=pdf_unc_In sigma=1 ] = 1
SimpleGaussianConstraint::xs_Bkg_Pdf[ x=xs_Bkg mean=xs_Bkg_In sigma=1 ] = 1

functions
--------
RooAddition::n_exp_binbin1[ n_exp_binbin1_proc_BH + n_exp_binbin1_proc_Background ] = 239.009
RooAddition::n_exp_binbin1_bonly[ n_exp_binbin1_proc_Background ] = 238.009
ProcessNormalization::n_exp_binbin1_proc_BH[ thetaList=(lumi,jesUp_unc,pdf_unc) asymmThetaList=() otherFactorList=(r) ] = 1
ProcessNormalization::n_exp_binbin1_proc_Background[ thetaList=(xs_Bkg,jerUp_unc) asymmThetaList=() otherFactorList=() ] = 238.009

datasets
--------
RooDataSet::data_obs(n_obs_binbin1)

named sets
----------
ModelConfig_GlobalObservables:(lumi_In,jesUp_unc_In,pdf_unc_In,xs_Bkg_In,jerUp_unc_In)
ModelConfig_NuisParams:(lumi,jesUp_unc,pdf_unc,xs_Bkg,jerUp_unc)
ModelConfig_Observables:(n_obs_binbin1)
ModelConfig_POI:(r)
ModelConfig_bonly_GlobalObservables:(lumi_In,jesUp_unc_In,pdf_unc_In,xs_Bkg_In,jerUp_unc_In)
ModelConfig_bonly_NuisParams:(lumi,jesUp_unc,pdf_unc,xs_Bkg,jerUp_unc)
ModelConfig_bonly_Observables:(n_obs_binbin1)
ModelConfig_bonly_POI:(r)
POI:(r)
globalObservables:(lumi_In,jesUp_unc_In,pdf_unc_In,xs_Bkg_In,jerUp_unc_In)
nuisances:(lumi,jesUp_unc,pdf_unc,xs_Bkg,jerUp_unc)
observables:(n_obs_binbin1)

generic objects
---------------
RooStats::ModelConfig::ModelConfig
RooStats::ModelConfig::ModelConfig_bonly
RooArgSet::discreteParams

Workspace has a ModelConfig for signal called 'ModelConfig', with contents:

=== Using the following for ModelConfig ===
Observables:             RooArgSet:: = (n_obs_binbin1)
Parameters of Interest:  RooArgSet:: = (r)
Nuisance Parameters:     RooArgSet:: = (lumi,jesUp_unc,pdf_unc,xs_Bkg,jerUp_unc)
Global Observables:      RooArgSet:: = (lumi_In,jesUp_unc_In,pdf_unc_In,xs_Bkg_In,jerUp_unc_In)
PDF:                     RooProdPdf::model_s[ modelObs_s * nuisancePdf ] = 1.72143e-06

Input ModelConfig 'ModelConfig': 

=== Using the following for ModelConfig ===
Observables:             RooArgSet:: = (n_obs_binbin1)
Parameters of Interest:  RooArgSet:: = (r)
Nuisance Parameters:     RooArgSet:: = (lumi,jesUp_unc,pdf_unc,xs_Bkg,jerUp_unc)
Global Observables:      RooArgSet:: = (lumi_In,jesUp_unc_In,pdf_unc_In,xs_Bkg_In,jerUp_unc_In)
PDF:                     RooProdPdf::model_s[ modelObs_s * nuisancePdf ] = 1.72143e-06

[#1] INFO:ObjectHandling -- RooWorkspace::import(w) importing RooUniform::prior
Computing limit starting from observation
  1) RooRealVar:: n_obs_binbin1 = 174
Set default minimizer to Minuit2
  r = 100 +/- 0
[#1] INFO:Minization --  Including the following contraint terms in minimization: (nuisancePdf)
[#1] INFO:Fitting -- RooAddition::defaultErrorLevel(nll_model_s_data_obs_with_constr) Summation contains a RooNLLVar, using its error level
Minuit2Minimizer: Minimize with max-calls 2500 convergence for edm < 0.01 strategy 1
MnSeedGenerator: for initial parameters FCN = 17.5966
MnSeedGenerator: Initial state:   - FCN =   17.59658291246 Edm =      10.7489 NCalls =     21
VariableMetric: start iterating until Edm is < 1e-05
VariableMetric: Initial state   - FCN =   17.59658291246 Edm =      10.7489 NCalls =     21
VariableMetric: Iteration #   1 - FCN =   9.443795196491 Edm =     0.532524 NCalls =     33
VariableMetric: Iteration #   2 - FCN =    8.31468088448 Edm =  0.000176447 NCalls =     45
VariableMetric: Iteration #   3 - FCN =   8.314328648017 Edm =  1.40981e-07 NCalls =     56
VariableMetric: After Hessian   - FCN =   8.314328648017 Edm =  1.49079e-07 NCalls =     87
Number of iterations 5
----------> Iteration 0
            FVAL = 17.5965829125 Edm = 10.7489148261 Nfcn = 21
            Error matrix change = 1
            Parameters :  p0 = 0 p1 = 0 p2 = 0 p3 = 0 p4 = 0
----------> Iteration 1
            FVAL = 9.44379519649 Edm = 0.532523663075 Nfcn = 33
            Error matrix change = 0.528303
            Parameters :  p0 = -1.41674 p1 = 0 p2 = 0 p3 = 0 p4 = -0.441285
----------> Iteration 2
            FVAL = 8.31468088448 Edm = 0.000176446577757 Nfcn = 45
            Error matrix change = 0.32801
            Parameters :  p0 = -0.0293386 p1 = 0 p2 = 0 p3 = 0 p4 = -0.65642
----------> Iteration 3
            FVAL = 8.31432864802 Edm = 1.40981269124e-07 Nfcn = 56
            Error matrix change = 0.165452
            Parameters :  p0 = -0.0555449 p1 = 0 p2 = 0 p3 = 0 p4 = -0.653337
----------> Iteration 4
            FVAL = 8.31432864802 Edm = 1.49079106032e-07 Nfcn = 87
            Error matrix change = 0
            Parameters :  p0 = -0.0555449 p1 = 0 p2 = 0 p3 = 0 p4 = -0.653337
Minuit2Minimizer : Valid minimum - status = 0
FVAL  = 8.3143286480169909
Edm   = 1.49079106031841658e-07
Nfcn  = 87
jerUp_unc	  = -0.0555449	 +/-  0.993201	(limited)
jesUp_unc	  = 0	 +/-  0.996602	(limited)
lumi	  = 0	 +/-  0.996602	(limited)
pdf_unc	  = 0	 +/-  0.996602	(limited)
xs_Bkg	  = -0.653337	 +/-  0.180446	(limited)
Zero signal fit
   0) jerUp_unc                      = -0.0555449
   1) jesUp_unc                      =         0
   2) lumi                           =         0
   3) pdf_unc                        =         0
   4) xs_Bkg                         = -0.653337

Fitting of the background hypothesis done in 0.298052 s
[#1] INFO:Fitting -- RooAddition::defaultErrorLevel(nll_model_s_data_obs_with_constr) Summation contains a RooNLLVar, using its error level
Minuit2Minimizer: Minimize with max-calls 2500 convergence for edm < 0.01 strategy 1
MnSeedGenerator: for initial parameters FCN = 29.8187
MnSeedGenerator: Initial state:   - FCN =   29.81872492354 Edm =      21.2698 NCalls =     21
VariableMetric: start iterating until Edm is < 1e-05
VariableMetric: Initial state   - FCN =   29.81872492354 Edm =      21.2698 NCalls =     21
VariableMetric: Iteration #   1 - FCN =   14.44905150426 Edm =      1.45231 NCalls =     33
VariableMetric: Iteration #   2 - FCN =   10.98551542153 Edm =      0.13019 NCalls =     45
VariableMetric: Iteration #   3 - FCN =   10.77249396156 Edm =   0.00908353 NCalls =     57
VariableMetric: Iteration #   4 - FCN =   10.75995166434 Edm =  1.97539e-05 NCalls =     69
VariableMetric: Iteration #   5 - FCN =   10.75993023794 Edm =  6.94844e-08 NCalls =     81
VariableMetric: After Hessian   - FCN =   10.75993023794 Edm =  7.88863e-08 NCalls =    112
Number of iterations 7
----------> Iteration 0
            FVAL = 29.8187249235 Edm = 21.2697749697 Nfcn = 21
            Error matrix change = 1
            Parameters :  p0 = -0.0555449 p1 = 0 p2 = 0 p3 = 0 p4 = -0.653337
----------> Iteration 1
            FVAL = 14.4490515043 Edm = 1.45230719488 Nfcn = 33
            Error matrix change = 0.602905
            Parameters :  p0 = -1.57738 p1 = -1.17447 p2 = -1.13977 p3 = -1.33012 p4 = -1.37017
----------> Iteration 2
            FVAL = 10.9855154215 Edm = 0.13018968805 Nfcn = 45
            Error matrix change = 0.438147
            Parameters :  p0 = -0.155593 p1 = -0.180499 p2 = -0.151776 p3 = -0.345792 p4 = -1.95075
----------> Iteration 3
            FVAL = 10.7724939616 Edm = 0.00908353129005 Nfcn = 57
            Error matrix change = 0.250352
            Parameters :  p0 = -0.104006 p1 = -0.315988 p2 = -0.308692 p3 = -0.356981 p4 = -2.10609
----------> Iteration 4
            FVAL = 10.7599516643 Edm = 1.97539383172e-05 Nfcn = 69
            Error matrix change = 0.190462
            Parameters :  p0 = -0.178367 p1 = -0.246425 p2 = -0.237102 p3 = -0.290476 p4 = -2.13893
----------> Iteration 5
            FVAL = 10.7599302379 Edm = 6.9484419209e-08 Nfcn = 81
            Error matrix change = 0.113527
            Parameters :  p0 = -0.181114 p1 = -0.246946 p2 = -0.237305 p3 = -0.294467 p4 = -2.1395
----------> Iteration 6
            FVAL = 10.7599302379 Edm = 7.88863034537e-08 Nfcn = 112
            Error matrix change = 0
            Parameters :  p0 = -0.181114 p1 = -0.246946 p2 = -0.237305 p3 = -0.294467 p4 = -2.1395
Minuit2Minimizer : Valid minimum - status = 0
FVAL  = 10.7599302379359418
Edm   = 7.88863034537130755e-08
Nfcn  = 112
jerUp_unc	  = -0.181114	 +/-  0.99353	(limited)
jesUp_unc	  = -0.246946	 +/-  0.981601	(limited)
lumi	  = -0.237305	 +/-  0.982759	(limited)
pdf_unc	  = -0.294467	 +/-  0.975132	(limited)
xs_Bkg	  = -2.1395	 +/-  0.356151	(limited)
Reference signal fit
   0) jerUp_unc                      = -0.181114
   1) jesUp_unc                      = -0.246946
   2) lumi                           = -0.237305
   3) pdf_unc                        = -0.294467
   4) xs_Bkg                         =   -2.1395

Fitting of the signal-plus-background hypothesis done in 0.00253105 s
      Evaluation of p-values done in  6.83392 s
	CLs = 0.0419847 +/- 0.0127847
      Evaluation of p-values done in  6.60989 s
	CLs = 0.0447761 +/- 0.00923434
      Evaluation of p-values done in  6.51296 s
	CLs = 0.0492005 +/- 0.00786644
      Evaluation of p-values done in  6.68965 s
	CLs = 0.0473978 +/- 0.00670929
      Evaluation of p-values done in  6.78358 s
	CLs = 0.0442152 +/- 0.00576556
	CLs      = 0.0442152 +/- 0.00576556
	CLb      = 0.2714 +/- 0.00628875
	CLsplusb = 0.012 +/- 0.00153987

Hybrid result saved as HypoTestResult_mh120_r100_3633198792 in higgsCombineTest.HybridNew.mH120.1612672650.root : higgsCombineTest.HybridNew.mH120.1612672650.root:/toys

 -- Hybrid New -- 
CLs = 0.0442152 +/- 0.00576556
Total toys: 10000
Done in 0.00 min (cpu), 0.56 min (real)
