>>> including systematics
>>> using the Profile Likelihood test statistics modified for upper limits (Q_LHC)
>>> method used to compute upper limit is HybridNew
>>> Using OpenSSL to get a really random seed 
>>> Used OpenSSL to get a really random seed -506657039
Adding /uscms_data/d2/lpcljm/sapta/SUSYSearch/LimitSetting/CMSSW_7_1_5/src to include path
Adding /cvmfs/cms.cern.ch/slc6_amd64_gcc481/lcg/roofit/5.34.18-cms3//include to include path
Input workspace 'w': 

RooWorkspace(w) w contents

variables
---------
(jerUp_unc,jerUp_unc_In,jesUp_unc,jesUp_unc_In,lumi,lumi_In,n_obs_binbin1,pdf_unc,pdf_unc_In,r,xs_Bkg,xs_Bkg_In)

p.d.f.s
-------
SimpleGaussianConstraint::jerUp_unc_Pdf[ x=jerUp_unc mean=jerUp_unc_In sigma=1 ] = 1
SimpleGaussianConstraint::jesUp_unc_Pdf[ x=jesUp_unc mean=jesUp_unc_In sigma=1 ] = 1
SimpleGaussianConstraint::lumi_Pdf[ x=lumi mean=lumi_In sigma=1 ] = 1
RooProdPdf::modelObs_b[ pdf_binbin1_bonly ] = 1.48101e-09
RooProdPdf::modelObs_s[ pdf_binbin1 ] = 1.32414e-09
RooProdPdf::model_b[ modelObs_b * nuisancePdf ] = 1.48101e-09
RooProdPdf::model_s[ modelObs_s * nuisancePdf ] = 1.32414e-09
RooProdPdf::nuisancePdf[ lumi_Pdf * jesUp_unc_Pdf * pdf_unc_Pdf * xs_Bkg_Pdf * jerUp_unc_Pdf ] = 1
RooPoisson::pdf_binbin1[ x=n_obs_binbin1 mean=n_exp_binbin1 ] = 1.32414e-09
RooPoisson::pdf_binbin1_bonly[ x=n_obs_binbin1 mean=n_exp_binbin1_bonly ] = 1.48101e-09
SimpleGaussianConstraint::pdf_unc_Pdf[ x=pdf_unc mean=pdf_unc_In sigma=1 ] = 1
SimpleGaussianConstraint::xs_Bkg_Pdf[ x=xs_Bkg mean=xs_Bkg_In sigma=1 ] = 1

functions
--------
RooAddition::n_exp_binbin1[ n_exp_binbin1_proc_BH + n_exp_binbin1_proc_Background ] = 2400.17
RooAddition::n_exp_binbin1_bonly[ n_exp_binbin1_proc_Background ] = 2399.17
ProcessNormalization::n_exp_binbin1_proc_BH[ thetaList=(lumi,jesUp_unc,pdf_unc) asymmThetaList=() otherFactorList=(r) ] = 1
ProcessNormalization::n_exp_binbin1_proc_Background[ thetaList=(xs_Bkg,jerUp_unc) asymmThetaList=() otherFactorList=() ] = 2399.17

datasets
--------
RooDataSet::data_obs(n_obs_binbin1)

named sets
----------
ModelConfig_GlobalObservables:(lumi_In,jesUp_unc_In,pdf_unc_In,xs_Bkg_In,jerUp_unc_In)
ModelConfig_NuisParams:(lumi,jesUp_unc,pdf_unc,xs_Bkg,jerUp_unc)
ModelConfig_Observables:(n_obs_binbin1)
ModelConfig_POI:(r)
ModelConfig_bonly_GlobalObservables:(lumi_In,jesUp_unc_In,pdf_unc_In,xs_Bkg_In,jerUp_unc_In)
ModelConfig_bonly_NuisParams:(lumi,jesUp_unc,pdf_unc,xs_Bkg,jerUp_unc)
ModelConfig_bonly_Observables:(n_obs_binbin1)
ModelConfig_bonly_POI:(r)
POI:(r)
globalObservables:(lumi_In,jesUp_unc_In,pdf_unc_In,xs_Bkg_In,jerUp_unc_In)
nuisances:(lumi,jesUp_unc,pdf_unc,xs_Bkg,jerUp_unc)
observables:(n_obs_binbin1)

generic objects
---------------
RooStats::ModelConfig::ModelConfig
RooStats::ModelConfig::ModelConfig_bonly
RooArgSet::discreteParams

Workspace has a ModelConfig for signal called 'ModelConfig', with contents:

=== Using the following for ModelConfig ===
Observables:             RooArgSet:: = (n_obs_binbin1)
Parameters of Interest:  RooArgSet:: = (r)
Nuisance Parameters:     RooArgSet:: = (lumi,jesUp_unc,pdf_unc,xs_Bkg,jerUp_unc)
Global Observables:      RooArgSet:: = (lumi_In,jesUp_unc_In,pdf_unc_In,xs_Bkg_In,jerUp_unc_In)
PDF:                     RooProdPdf::model_s[ modelObs_s * nuisancePdf ] = 1.32414e-09

Input ModelConfig 'ModelConfig': 

=== Using the following for ModelConfig ===
Observables:             RooArgSet:: = (n_obs_binbin1)
Parameters of Interest:  RooArgSet:: = (r)
Nuisance Parameters:     RooArgSet:: = (lumi,jesUp_unc,pdf_unc,xs_Bkg,jerUp_unc)
Global Observables:      RooArgSet:: = (lumi_In,jesUp_unc_In,pdf_unc_In,xs_Bkg_In,jerUp_unc_In)
PDF:                     RooProdPdf::model_s[ modelObs_s * nuisancePdf ] = 1.32414e-09

[#1] INFO:ObjectHandling -- RooWorkspace::import(w) importing RooUniform::prior
Computing limit starting from observation
  1) RooRealVar:: n_obs_binbin1 = 2131
Set default minimizer to Minuit2
  r = 1000 +/- 0
[#1] INFO:Minization --  Including the following contraint terms in minimization: (nuisancePdf)
[#1] INFO:Fitting -- RooAddition::defaultErrorLevel(nll_model_s_data_obs_with_constr) Summation contains a RooNLLVar, using its error level
Minuit2Minimizer: Minimize with max-calls 2500 convergence for edm < 0.01 strategy 1
MnSeedGenerator: for initial parameters FCN = 24.9252
MnSeedGenerator: Initial state:   - FCN =   24.92523610785 Edm =      26.6637 NCalls =     21
VariableMetric: start iterating until Edm is < 1e-05
VariableMetric: Initial state   - FCN =   24.92523610785 Edm =      26.6637 NCalls =     21
VariableMetric: Iteration #   1 - FCN =   10.22343278515 Edm =    0.0916328 NCalls =     33
VariableMetric: Iteration #   2 - FCN =   9.584019379249 Edm =     0.089814 NCalls =     46
VariableMetric: Iteration #   3 - FCN =   9.472643818398 Edm =  4.38312e-05 NCalls =     58
VariableMetric: Iteration #   4 - FCN =   9.472600355217 Edm =  1.51485e-08 NCalls =     69
VariableMetric: After Hessian   - FCN =   9.472600355217 Edm =  1.48748e-08 NCalls =    100
Number of iterations 6
----------> Iteration 0
            FVAL = 24.9252361079 Edm = 26.6637129333 Nfcn = 21
            Error matrix change = 1
            Parameters :  p0 = 0 p1 = 0 p2 = 0 p3 = 0 p4 = 0
----------> Iteration 1
            FVAL = 10.2234327851 Edm = 0.0916327978677 Nfcn = 33
            Error matrix change = 0.510009
            Parameters :  p0 = -1.27238 p1 = 0 p2 = 0 p3 = 0 p4 = -0.273765
----------> Iteration 2
            FVAL = 9.58401937925 Edm = 0.0898140246918 Nfcn = 46
            Error matrix change = 0.3743
            Parameters :  p0 = -0.169243 p1 = 0 p2 = 0 p3 = 0 p4 = -0.436725
----------> Iteration 3
            FVAL = 9.4726438184 Edm = 4.38312131315e-05 Nfcn = 58
            Error matrix change = 0.189877
            Parameters :  p0 = -0.0930772 p1 = 0 p2 = 0 p3 = 0 p4 = -0.492772
----------> Iteration 4
            FVAL = 9.47260035522 Edm = 1.51485233294e-08 Nfcn = 69
            Error matrix change = 0.0973822
            Parameters :  p0 = -0.083719 p1 = 0 p2 = 0 p3 = 0 p4 = -0.494323
----------> Iteration 5
            FVAL = 9.47260035522 Edm = 1.48747586199e-08 Nfcn = 100
            Error matrix change = 0
            Parameters :  p0 = -0.083719 p1 = 0 p2 = 0 p3 = 0 p4 = -0.494323
Minuit2Minimizer : Valid minimum - status = 0
FVAL  = 9.47260035521742694
Edm   = 1.48747586199179003e-08
Nfcn  = 100
jerUp_unc	  = -0.083719	 +/-  0.982911	(limited)
jesUp_unc	  = 0	 +/-  0.996602	(limited)
lumi	  = 0	 +/-  0.996602	(limited)
pdf_unc	  = 0	 +/-  0.996602	(limited)
xs_Bkg	  = -0.494323	 +/-  0.190309	(limited)
Zero signal fit
   0) jerUp_unc                      = -0.083719
   1) jesUp_unc                      =         0
   2) lumi                           =         0
   3) pdf_unc                        =         0
   4) xs_Bkg                         = -0.494323

Fitting of the background hypothesis done in 0.318886 s
[#1] INFO:Fitting -- RooAddition::defaultErrorLevel(nll_model_s_data_obs_with_constr) Summation contains a RooNLLVar, using its error level
Minuit2Minimizer: Minimize with max-calls 2500 convergence for edm < 0.01 strategy 1
MnSeedGenerator: for initial parameters FCN = 190.23
MnSeedGenerator: Initial state:   - FCN =     190.22984157 Edm =       397.59 NCalls =     21
VariableMetric: start iterating until Edm is < 1e-05
VariableMetric: Initial state   - FCN =     190.22984157 Edm =       397.59 NCalls =     21
VariableMetric: Iteration #   1 - FCN =   33.68387006106 Edm =      7.72026 NCalls =     41
VariableMetric: Iteration #   2 - FCN =   24.19809973937 Edm =      1.62573 NCalls =     60
VariableMetric: Iteration #   3 - FCN =   16.56520316326 Edm =      1.96118 NCalls =     74
VariableMetric: Iteration #   4 - FCN =   14.93808975485 Edm =     0.442784 NCalls =     86
VariableMetric: Iteration #   5 - FCN =   13.99698310492 Edm =    0.0312605 NCalls =     98
VariableMetric: Iteration #   6 - FCN =   13.93755810159 Edm =    0.0068271 NCalls =    110
VariableMetric: Iteration #   7 - FCN =   13.92846191416 Edm =   0.00041136 NCalls =    122
VariableMetric: Iteration #   8 - FCN =   13.92752602061 Edm =  4.48176e-05 NCalls =    134
VariableMetric: Iteration #   9 - FCN =   13.92747438697 Edm =   7.0139e-07 NCalls =    146
VariableMetric: After Hessian   - FCN =   13.92747438697 Edm =  1.49682e-06 NCalls =    179
Number of iterations 11
----------> Iteration 0
            FVAL = 190.22984157 Edm = 397.590349864 Nfcn = 21
            Error matrix change = 1
            Parameters :  p0 = -0.083719 p1 = 0 p2 = 0 p3 = 0 p4 = -0.494323
----------> Iteration 1
            FVAL = 33.6838700611 Edm = 7.72026407748 Nfcn = 41
            Error matrix change = 0.626087
            Parameters :  p0 = -3.66828 p1 = -3.36113 p2 = -3.38166 p3 = -3.24916 p4 = -1.36453
----------> Iteration 2
            FVAL = 24.1980997394 Edm = 1.62573211882 Nfcn = 60
            Error matrix change = 0.534123
            Parameters :  p0 = -2.90006 p1 = -1.81081 p2 = -1.61999 p3 = -2.13841 p4 = -1.48879
----------> Iteration 3
            FVAL = 16.5652031633 Edm = 1.96117907173 Nfcn = 74
            Error matrix change = 0.379139
            Parameters :  p0 = -1.98955 p1 = -0.0669582 p2 = 0.238747 p3 = -0.926728 p4 = -2.42822
----------> Iteration 4
            FVAL = 14.9380897548 Edm = 0.442783963599 Nfcn = 86
            Error matrix change = 0.305832
            Parameters :  p0 = -1.74974 p1 = -0.44978 p2 = -0.270815 p3 = -1.06941 p4 = -2.57527
----------> Iteration 5
            FVAL = 13.9969831049 Edm = 0.0312604992275 Nfcn = 98
            Error matrix change = 0.331481
            Parameters :  p0 = -0.574815 p1 = -0.222124 p2 = -0.256561 p3 = -0.391642 p4 = -2.92294
----------> Iteration 6
            FVAL = 13.9375581016 Edm = 0.00682709754752 Nfcn = 110
            Error matrix change = 0.312777
            Parameters :  p0 = -0.567896 p1 = -0.451946 p2 = -0.439898 p3 = -0.509341 p4 = -2.84119
----------> Iteration 7
            FVAL = 13.9284619142 Edm = 0.000411360185783 Nfcn = 122
            Error matrix change = 0.18717
            Parameters :  p0 = -0.492452 p1 = -0.468372 p2 = -0.438591 p3 = -0.507926 p4 = -2.83372
----------> Iteration 8
            FVAL = 13.9275260206 Edm = 4.48175700187e-05 Nfcn = 134
            Error matrix change = 0.225919
            Parameters :  p0 = -0.486325 p1 = -0.452828 p2 = -0.413653 p3 = -0.53892 p4 = -2.83541
----------> Iteration 9
            FVAL = 13.927474387 Edm = 7.01390024758e-07 Nfcn = 146
            Error matrix change = 0.150384
            Parameters :  p0 = -0.481003 p1 = -0.456439 p2 = -0.418441 p3 = -0.543303 p4 = -2.8348
----------> Iteration 10
            FVAL = 13.927474387 Edm = 1.49682354303e-06 Nfcn = 179
            Error matrix change = 0
            Parameters :  p0 = -0.481003 p1 = -0.456439 p2 = -0.418441 p3 = -0.543303 p4 = -2.8348
Minuit2Minimizer : Valid minimum - status = 0
FVAL  = 13.9274743869747262
Edm   = 1.49682354302652163e-06
Nfcn  = 179
jerUp_unc	  = -0.481003	 +/-  0.984036	(limited)
jesUp_unc	  = -0.456439	 +/-  0.97066	(limited)
lumi	  = -0.418441	 +/-  0.974598	(limited)
pdf_unc	  = -0.543303	 +/-  0.959368	(limited)
xs_Bkg	  = -2.8348	 +/-  0.336587	(limited)
Reference signal fit
   0) jerUp_unc                      = -0.481003
   1) jesUp_unc                      = -0.456439
   2) lumi                           = -0.418441
   3) pdf_unc                        = -0.543303
   4) xs_Bkg                         =   -2.8348

Fitting of the signal-plus-background hypothesis done in 0.003304 s
      Evaluation of p-values done in  7.87007 s
	CLs = 0.017301 +/- 0.00776545
      Evaluation of p-values done in  7.74025 s
	CLs = 0.0110585 +/- 0.00418817
      Evaluation of p-values done in  8.00457 s
	CLs = 0.0102145 +/- 0.00323583
      Evaluation of p-values done in  8.10353 s
	CLs = 0.00852713 +/- 0.00257492
      Evaluation of p-values done in  7.80109 s
	CLs = 0.00805952 +/- 0.0022385
	CLs      = 0.00805952 +/- 0.0022385
	CLb      = 0.3226 +/- 0.00661104
	CLsplusb = 0.0026 +/- 0.000720172

Hybrid result saved as HypoTestResult_mh120_r1000_101166444 in higgsCombineTest.HybridNew.mH120.-506657039.root : higgsCombineTest.HybridNew.mH120.-506657039.root:/toys

 -- Hybrid New -- 
CLs = 0.00805952 +/- 0.0022385
Total toys: 10000
Done in 0.00 min (cpu), 0.66 min (real)
