>>> including systematics
>>> using the Profile Likelihood test statistics modified for upper limits (Q_LHC)
>>> method used to compute upper limit is HybridNew
>>> Using OpenSSL to get a really random seed 
>>> Used OpenSSL to get a really random seed 793717329
Adding /uscms_data/d2/lpcljm/sapta/SUSYSearch/LimitSetting/CMSSW_7_1_5/src to include path
Adding /cvmfs/cms.cern.ch/slc6_amd64_gcc481/lcg/roofit/5.34.18-cms3//include to include path
Input workspace 'w': 

RooWorkspace(w) w contents

variables
---------
(jerUp_unc,jerUp_unc_In,jesUp_unc,jesUp_unc_In,lumi,lumi_In,n_obs_binbin1,pdf_unc,pdf_unc_In,r,xs_Bkg,xs_Bkg_In)

p.d.f.s
-------
SimpleGaussianConstraint::jerUp_unc_Pdf[ x=jerUp_unc mean=jerUp_unc_In sigma=1 ] = 1
SimpleGaussianConstraint::jesUp_unc_Pdf[ x=jesUp_unc mean=jesUp_unc_In sigma=1 ] = 1
SimpleGaussianConstraint::lumi_Pdf[ x=lumi mean=lumi_In sigma=1 ] = 1
RooProdPdf::modelObs_b[ pdf_binbin1_bonly ] = 1.88978e-16
RooProdPdf::modelObs_s[ pdf_binbin1 ] = 1.77818e-16
RooProdPdf::model_b[ modelObs_b * nuisancePdf ] = 1.88978e-16
RooProdPdf::model_s[ modelObs_s * nuisancePdf ] = 1.77818e-16
RooProdPdf::nuisancePdf[ lumi_Pdf * jesUp_unc_Pdf * pdf_unc_Pdf * xs_Bkg_Pdf * jerUp_unc_Pdf ] = 1
RooPoisson::pdf_binbin1[ x=n_obs_binbin1 mean=n_exp_binbin1 ] = 1.77818e-16
RooPoisson::pdf_binbin1_bonly[ x=n_obs_binbin1 mean=n_exp_binbin1_bonly ] = 1.88978e-16
SimpleGaussianConstraint::pdf_unc_Pdf[ x=pdf_unc mean=pdf_unc_In sigma=1 ] = 1
SimpleGaussianConstraint::xs_Bkg_Pdf[ x=xs_Bkg mean=xs_Bkg_In sigma=1 ] = 1

functions
--------
RooAddition::n_exp_binbin1[ n_exp_binbin1_proc_BH + n_exp_binbin1_proc_Background ] = 16128.2
RooAddition::n_exp_binbin1_bonly[ n_exp_binbin1_proc_Background ] = 16127.2
ProcessNormalization::n_exp_binbin1_proc_BH[ thetaList=(lumi,jesUp_unc,pdf_unc) asymmThetaList=() otherFactorList=(r) ] = 1
ProcessNormalization::n_exp_binbin1_proc_Background[ thetaList=(xs_Bkg,jerUp_unc) asymmThetaList=() otherFactorList=() ] = 16127.2

datasets
--------
RooDataSet::data_obs(n_obs_binbin1)

named sets
----------
ModelConfig_GlobalObservables:(lumi_In,jesUp_unc_In,pdf_unc_In,xs_Bkg_In,jerUp_unc_In)
ModelConfig_NuisParams:(lumi,jesUp_unc,pdf_unc,xs_Bkg,jerUp_unc)
ModelConfig_Observables:(n_obs_binbin1)
ModelConfig_POI:(r)
ModelConfig_bonly_GlobalObservables:(lumi_In,jesUp_unc_In,pdf_unc_In,xs_Bkg_In,jerUp_unc_In)
ModelConfig_bonly_NuisParams:(lumi,jesUp_unc,pdf_unc,xs_Bkg,jerUp_unc)
ModelConfig_bonly_Observables:(n_obs_binbin1)
ModelConfig_bonly_POI:(r)
POI:(r)
globalObservables:(lumi_In,jesUp_unc_In,pdf_unc_In,xs_Bkg_In,jerUp_unc_In)
nuisances:(lumi,jesUp_unc,pdf_unc,xs_Bkg,jerUp_unc)
observables:(n_obs_binbin1)

generic objects
---------------
RooStats::ModelConfig::ModelConfig
RooStats::ModelConfig::ModelConfig_bonly
RooArgSet::discreteParams

Workspace has a ModelConfig for signal called 'ModelConfig', with contents:

=== Using the following for ModelConfig ===
Observables:             RooArgSet:: = (n_obs_binbin1)
Parameters of Interest:  RooArgSet:: = (r)
Nuisance Parameters:     RooArgSet:: = (lumi,jesUp_unc,pdf_unc,xs_Bkg,jerUp_unc)
Global Observables:      RooArgSet:: = (lumi_In,jesUp_unc_In,pdf_unc_In,xs_Bkg_In,jerUp_unc_In)
PDF:                     RooProdPdf::model_s[ modelObs_s * nuisancePdf ] = 1.77818e-16

Input ModelConfig 'ModelConfig': 

=== Using the following for ModelConfig ===
Observables:             RooArgSet:: = (n_obs_binbin1)
Parameters of Interest:  RooArgSet:: = (r)
Nuisance Parameters:     RooArgSet:: = (lumi,jesUp_unc,pdf_unc,xs_Bkg,jerUp_unc)
Global Observables:      RooArgSet:: = (lumi_In,jesUp_unc_In,pdf_unc_In,xs_Bkg_In,jerUp_unc_In)
PDF:                     RooProdPdf::model_s[ modelObs_s * nuisancePdf ] = 1.77818e-16

[#1] INFO:ObjectHandling -- RooWorkspace::import(w) importing RooUniform::prior
Computing limit starting from observation
  1) RooRealVar:: n_obs_binbin1 = 15146
Set default minimizer to Minuit2
  r = 1000 +/- 0
[#1] INFO:Minization --  Including the following contraint terms in minimization: (nuisancePdf)
[#1] INFO:Fitting -- RooAddition::defaultErrorLevel(nll_model_s_data_obs_with_constr) Summation contains a RooNLLVar, using its error level
Minuit2Minimizer: Minimize with max-calls 2500 convergence for edm < 0.01 strategy 1
MnSeedGenerator: for initial parameters FCN = 40.7996
MnSeedGenerator: Initial state:   - FCN =   40.79959143765 Edm =      58.3719 NCalls =     21
VariableMetric: start iterating until Edm is < 1e-05
VariableMetric: Initial state   - FCN =   40.79959143765 Edm =      58.3719 NCalls =     21
VariableMetric: Iteration #   1 - FCN =    10.6815612185 Edm =    0.0110748 NCalls =     33
VariableMetric: Iteration #   2 - FCN =   10.66402286414 Edm =   0.00869972 NCalls =     45
VariableMetric: Iteration #   3 - FCN =    10.4840712299 Edm =  2.17211e-05 NCalls =     59
VariableMetric: Iteration #   4 - FCN =   10.48404896106 Edm =  7.66219e-09 NCalls =     70
VariableMetric: After Hessian   - FCN =   10.48404896106 Edm =  7.54735e-09 NCalls =    101
Number of iterations 6
----------> Iteration 0
            FVAL = 40.7995914377 Edm = 58.3718845222 Nfcn = 21
            Error matrix change = 1
            Parameters :  p0 = 0 p1 = 0 p2 = 0 p3 = 0 p4 = 0
----------> Iteration 1
            FVAL = 10.6815612185 Edm = 0.0110747813567 Nfcn = 33
            Error matrix change = 0.502354
            Parameters :  p0 = -0.785348 p1 = 0 p2 = 0 p3 = 0 p4 = -0.305857
----------> Iteration 2
            FVAL = 10.6640228641 Edm = 0.00869971523169 Nfcn = 45
            Error matrix change = 0.266353
            Parameters :  p0 = -0.73775 p1 = 0 p2 = 0 p3 = 0 p4 = -0.309631
----------> Iteration 3
            FVAL = 10.4840712299 Edm = 2.17210812805e-05 Nfcn = 59
            Error matrix change = 0.272069
            Parameters :  p0 = -0.196582 p1 = 0 p2 = 0 p3 = 0 p4 = -0.523908
----------> Iteration 4
            FVAL = 10.4840489611 Edm = 7.66219013688e-09 Nfcn = 70
            Error matrix change = 0.136425
            Parameters :  p0 = -0.197132 p1 = 0 p2 = 0 p3 = 0 p4 = -0.524224
----------> Iteration 5
            FVAL = 10.4840489611 Edm = 7.54734874961e-09 Nfcn = 101
            Error matrix change = 0
            Parameters :  p0 = -0.197132 p1 = 0 p2 = 0 p3 = 0 p4 = -0.524224
Minuit2Minimizer : Valid minimum - status = 0
FVAL  = 10.4840489610575389
Edm   = 7.54734874961203824e-09
Nfcn  = 101
jerUp_unc	  = -0.197132	 +/-  0.933809	(limited)
jesUp_unc	  = 0	 +/-  0.996602	(limited)
lumi	  = 0	 +/-  0.996602	(limited)
pdf_unc	  = 0	 +/-  0.996602	(limited)
xs_Bkg	  = -0.524224	 +/-  0.358226	(limited)
Zero signal fit
   0) jerUp_unc                      = -0.197132
   1) jesUp_unc                      =         0
   2) lumi                           =         0
   3) pdf_unc                        =         0
   4) xs_Bkg                         = -0.524224

Fitting of the background hypothesis done in 0.283391 s
[#1] INFO:Fitting -- RooAddition::defaultErrorLevel(nll_model_s_data_obs_with_constr) Summation contains a RooNLLVar, using its error level
Minuit2Minimizer: Minimize with max-calls 2500 convergence for edm < 0.01 strategy 1
MnSeedGenerator: for initial parameters FCN = 42.422
MnSeedGenerator: Initial state:   - FCN =   42.42197804791 Edm =      71.0874 NCalls =     21
VariableMetric: start iterating until Edm is < 1e-05
VariableMetric: Initial state   - FCN =   42.42197804791 Edm =      71.0874 NCalls =     21
VariableMetric: Iteration #   1 - FCN =   12.73344861123 Edm =      1.02195 NCalls =     33
VariableMetric: Iteration #   2 - FCN =   11.23547843816 Edm =    0.0178926 NCalls =     45
VariableMetric: Iteration #   3 - FCN =   11.20707694231 Edm =   0.00723632 NCalls =     57
VariableMetric: Iteration #   4 - FCN =   11.12832580693 Edm =     0.039468 NCalls =     70
VariableMetric: Iteration #   5 - FCN =   11.01478697658 Edm =   0.00309582 NCalls =     82
VariableMetric: Iteration #   6 - FCN =   11.01122952906 Edm =  5.02732e-06 NCalls =     94
VariableMetric: After Hessian   - FCN =   11.01122952906 Edm =  6.15804e-06 NCalls =    125
Number of iterations 8
----------> Iteration 0
            FVAL = 42.4219780479 Edm = 71.0874200552 Nfcn = 21
            Error matrix change = 1
            Parameters :  p0 = -0.197132 p1 = 0 p2 = 0 p3 = 0 p4 = -0.524224
----------> Iteration 1
            FVAL = 12.7334486112 Edm = 1.02195176743 Nfcn = 33
            Error matrix change = 0.5773
            Parameters :  p0 = -0.893194 p1 = -1.03126 p2 = -0.983827 p3 = -1.12409 p4 = -0.796278
----------> Iteration 2
            FVAL = 11.2354784382 Edm = 0.0178926233347 Nfcn = 45
            Error matrix change = 0.425249
            Parameters :  p0 = -0.997501 p1 = -0.0191943 p2 = 0.0243889 p3 = -0.141978 p4 = -0.852885
----------> Iteration 3
            FVAL = 11.2070769423 Edm = 0.00723631825808 Nfcn = 57
            Error matrix change = 0.271738
            Parameters :  p0 = -0.99276 p1 = -0.0662792 p2 = -0.0734746 p3 = -0.0614698 p4 = -0.869587
----------> Iteration 4
            FVAL = 11.1283258069 Edm = 0.0394679624927 Nfcn = 70
            Error matrix change = 0.300903
            Parameters :  p0 = -0.767924 p1 = -0.0242608 p2 = -0.0772601 p3 = 0.227102 p4 = -0.956186
----------> Iteration 5
            FVAL = 11.0147869766 Edm = 0.0030958181857 Nfcn = 82
            Error matrix change = 0.303818
            Parameters :  p0 = -0.41598 p1 = -0.0964418 p2 = -0.0748479 p3 = -0.0464018 p4 = -1.08156
----------> Iteration 6
            FVAL = 11.0112295291 Edm = 5.02731952326e-06 Nfcn = 94
            Error matrix change = 0.174589
            Parameters :  p0 = -0.410715 p1 = -0.0381253 p2 = -0.030686 p3 = -0.0426656 p4 = -1.09027
----------> Iteration 7
            FVAL = 11.0112295291 Edm = 6.15803697964e-06 Nfcn = 125
            Error matrix change = 0
            Parameters :  p0 = -0.410715 p1 = -0.0381253 p2 = -0.030686 p3 = -0.0426656 p4 = -1.09027
Minuit2Minimizer : Valid minimum - status = 0
FVAL  = 11.0112295290557007
Edm   = 6.15803697964496196e-06
Nfcn  = 125
jerUp_unc	  = -0.410715	 +/-  0.934339	(limited)
jesUp_unc	  = -0.0381253	 +/-  0.995238	(limited)
lumi	  = -0.030686	 +/-  0.995442	(limited)
pdf_unc	  = -0.0426656	 +/-  0.994661	(limited)
xs_Bkg	  = -1.09027	 +/-  0.362925	(limited)
Reference signal fit
   0) jerUp_unc                      = -0.410715
   1) jesUp_unc                      = -0.0381253
   2) lumi                           = -0.030686
   3) pdf_unc                        = -0.0426656
   4) xs_Bkg                         =  -1.09027

Fitting of the signal-plus-background hypothesis done in 0.00260091 s
      Evaluation of p-values done in  7.31614 s
	CLs = 0.433898 +/- 0.0416233
      Evaluation of p-values done in  7.23629 s
	CLs = 0.397942 +/- 0.0282107
      Evaluation of p-values done in  7.41397 s
	CLs = 0.411765 +/- 0.0238928
      Evaluation of p-values done in  7.09927 s
	CLs = 0.392919 +/- 0.0198856
      Evaluation of p-values done in  7.50167 s
	CLs = 0.402219 +/- 0.0180668
	CLs      = 0.402219 +/- 0.0180668
	CLb      = 0.2884 +/- 0.00640664
	CLsplusb = 0.116 +/- 0.00452866

Hybrid result saved as HypoTestResult_mh120_r1000_2674585824 in higgsCombineTest.HybridNew.mH120.793717329.root : higgsCombineTest.HybridNew.mH120.793717329.root:/toys

 -- Hybrid New -- 
CLs = 0.402219 +/- 0.0180668
Total toys: 10000
Done in 0.00 min (cpu), 0.61 min (real)
