>>> including systematics
>>> using the Profile Likelihood test statistics modified for upper limits (Q_LHC)
>>> method used to compute upper limit is HybridNew
>>> Using OpenSSL to get a really random seed 
>>> Used OpenSSL to get a really random seed -1609682887
Adding /uscms_data/d2/lpcljm/sapta/SUSYSearch/LimitSetting/CMSSW_7_1_5/src to include path
Adding /cvmfs/cms.cern.ch/slc6_amd64_gcc481/lcg/roofit/5.34.18-cms3//include to include path
Input workspace 'w': 

RooWorkspace(w) w contents

variables
---------
(jerUp_unc,jerUp_unc_In,jesUp_unc,jesUp_unc_In,lumi,lumi_In,n_obs_binbin1,pdf_unc,pdf_unc_In,r,xs_Bkg,xs_Bkg_In)

p.d.f.s
-------
SimpleGaussianConstraint::jerUp_unc_Pdf[ x=jerUp_unc mean=jerUp_unc_In sigma=1 ] = 1
SimpleGaussianConstraint::jesUp_unc_Pdf[ x=jesUp_unc mean=jesUp_unc_In sigma=1 ] = 1
SimpleGaussianConstraint::lumi_Pdf[ x=lumi mean=lumi_In sigma=1 ] = 1
RooProdPdf::modelObs_b[ pdf_binbin1_bonly ] = 0.0163033
RooProdPdf::modelObs_s[ pdf_binbin1 ] = 0.0093986
RooProdPdf::model_b[ modelObs_b * nuisancePdf ] = 0.0163033
RooProdPdf::model_s[ modelObs_s * nuisancePdf ] = 0.0093986
RooProdPdf::nuisancePdf[ lumi_Pdf * jesUp_unc_Pdf * pdf_unc_Pdf * xs_Bkg_Pdf * jerUp_unc_Pdf ] = 1
RooPoisson::pdf_binbin1[ x=n_obs_binbin1 mean=n_exp_binbin1 ] = 0.0093986
RooPoisson::pdf_binbin1_bonly[ x=n_obs_binbin1 mean=n_exp_binbin1_bonly ] = 0.0163033
SimpleGaussianConstraint::pdf_unc_Pdf[ x=pdf_unc mean=pdf_unc_In sigma=1 ] = 1
SimpleGaussianConstraint::xs_Bkg_Pdf[ x=xs_Bkg mean=xs_Bkg_In sigma=1 ] = 1

functions
--------
RooAddition::n_exp_binbin1[ n_exp_binbin1_proc_BH + n_exp_binbin1_proc_Background ] = 13.8635
RooAddition::n_exp_binbin1_bonly[ n_exp_binbin1_proc_Background ] = 12.8635
ProcessNormalization::n_exp_binbin1_proc_BH[ thetaList=(lumi,jesUp_unc,pdf_unc) asymmThetaList=() otherFactorList=(r) ] = 1
ProcessNormalization::n_exp_binbin1_proc_Background[ thetaList=(xs_Bkg,jerUp_unc) asymmThetaList=() otherFactorList=() ] = 12.8635

datasets
--------
RooDataSet::data_obs(n_obs_binbin1)

named sets
----------
ModelConfig_GlobalObservables:(lumi_In,jesUp_unc_In,pdf_unc_In,xs_Bkg_In,jerUp_unc_In)
ModelConfig_NuisParams:(lumi,jesUp_unc,pdf_unc,xs_Bkg,jerUp_unc)
ModelConfig_Observables:(n_obs_binbin1)
ModelConfig_POI:(r)
ModelConfig_bonly_GlobalObservables:(lumi_In,jesUp_unc_In,pdf_unc_In,xs_Bkg_In,jerUp_unc_In)
ModelConfig_bonly_NuisParams:(lumi,jesUp_unc,pdf_unc,xs_Bkg,jerUp_unc)
ModelConfig_bonly_Observables:(n_obs_binbin1)
ModelConfig_bonly_POI:(r)
POI:(r)
globalObservables:(lumi_In,jesUp_unc_In,pdf_unc_In,xs_Bkg_In,jerUp_unc_In)
nuisances:(lumi,jesUp_unc,pdf_unc,xs_Bkg,jerUp_unc)
observables:(n_obs_binbin1)

generic objects
---------------
RooStats::ModelConfig::ModelConfig
RooStats::ModelConfig::ModelConfig_bonly
RooArgSet::discreteParams

Workspace has a ModelConfig for signal called 'ModelConfig', with contents:

=== Using the following for ModelConfig ===
Observables:             RooArgSet:: = (n_obs_binbin1)
Parameters of Interest:  RooArgSet:: = (r)
Nuisance Parameters:     RooArgSet:: = (lumi,jesUp_unc,pdf_unc,xs_Bkg,jerUp_unc)
Global Observables:      RooArgSet:: = (lumi_In,jesUp_unc_In,pdf_unc_In,xs_Bkg_In,jerUp_unc_In)
PDF:                     RooProdPdf::model_s[ modelObs_s * nuisancePdf ] = 0.0093986

Input ModelConfig 'ModelConfig': 

=== Using the following for ModelConfig ===
Observables:             RooArgSet:: = (n_obs_binbin1)
Parameters of Interest:  RooArgSet:: = (r)
Nuisance Parameters:     RooArgSet:: = (lumi,jesUp_unc,pdf_unc,xs_Bkg,jerUp_unc)
Global Observables:      RooArgSet:: = (lumi_In,jesUp_unc_In,pdf_unc_In,xs_Bkg_In,jerUp_unc_In)
PDF:                     RooProdPdf::model_s[ modelObs_s * nuisancePdf ] = 0.0093986

[#1] INFO:ObjectHandling -- RooWorkspace::import(w) importing RooUniform::prior
Computing limit starting from observation
  1) RooRealVar:: n_obs_binbin1 = 6
Set default minimizer to Minuit2
  r = 10 +/- 0
[#1] INFO:Minization --  Including the following contraint terms in minimization: (nuisancePdf)
[#1] INFO:Fitting -- RooAddition::defaultErrorLevel(nll_model_s_data_obs_with_constr) Summation contains a RooNLLVar, using its error level
Minuit2Minimizer: Minimize with max-calls 2500 convergence for edm < 0.01 strategy 1
MnSeedGenerator: for initial parameters FCN = 8.71108
MnSeedGenerator: Initial state:   - FCN =   8.711080816889 Edm =      1.68079 NCalls =     21
VariableMetric: start iterating until Edm is < 1e-05
VariableMetric: Initial state   - FCN =   8.711080816889 Edm =      1.68079 NCalls =     21
VariableMetric: Iteration #   1 - FCN =   6.811116027839 Edm =    0.0396819 NCalls =     34
VariableMetric: Iteration #   2 - FCN =   6.766188697641 Edm =  0.000162825 NCalls =     46
VariableMetric: Iteration #   3 - FCN =   6.765974286505 Edm =  7.46976e-09 NCalls =     58
VariableMetric: After Hessian   - FCN =   6.765974286505 Edm =  7.58667e-09 NCalls =     89
Number of iterations 5
----------> Iteration 0
            FVAL = 8.71108081689 Edm = 1.68079431695 Nfcn = 21
            Error matrix change = 1
            Parameters :  p0 = 0 p1 = 0 p2 = 0 p3 = 0 p4 = 0
----------> Iteration 1
            FVAL = 6.81111602784 Edm = 0.039681932284 Nfcn = 34
            Error matrix change = 0.512636
            Parameters :  p0 = -0.318315 p1 = 0 p2 = 0 p3 = 0 p4 = -0.69588
----------> Iteration 2
            FVAL = 6.76618869764 Edm = 0.00016282489732 Nfcn = 46
            Error matrix change = 0.265489
            Parameters :  p0 = -0.0297431 p1 = 0 p2 = 0 p3 = 0 p4 = -0.740563
----------> Iteration 3
            FVAL = 6.7659742865 Edm = 7.46975750574e-09 Nfcn = 58
            Error matrix change = 0.141967
            Parameters :  p0 = -0.0354955 p1 = 0 p2 = 0 p3 = 0 p4 = -0.748612
----------> Iteration 4
            FVAL = 6.7659742865 Edm = 7.58667362853e-09 Nfcn = 89
            Error matrix change = 0
            Parameters :  p0 = -0.0354955 p1 = 0 p2 = 0 p3 = 0 p4 = -0.748612
Minuit2Minimizer : Valid minimum - status = 0
FVAL  = 6.76597428650482691
Edm   = 7.58667362852935069e-09
Nfcn  = 89
jerUp_unc	  = -0.0354955	 +/-  0.995693	(limited)
jesUp_unc	  = 0	 +/-  0.996602	(limited)
lumi	  = 0	 +/-  0.996602	(limited)
pdf_unc	  = 0	 +/-  0.996602	(limited)
xs_Bkg	  = -0.748612	 +/-  0.418537	(limited)
Zero signal fit
   0) jerUp_unc                      = -0.0354955
   1) jesUp_unc                      =         0
   2) lumi                           =         0
   3) pdf_unc                        =         0
   4) xs_Bkg                         = -0.748612

Fitting of the background hypothesis done in 0.413369 s
[#1] INFO:Fitting -- RooAddition::defaultErrorLevel(nll_model_s_data_obs_with_constr) Summation contains a RooNLLVar, using its error level
Minuit2Minimizer: Minimize with max-calls 2500 convergence for edm < 0.01 strategy 1
MnSeedGenerator: for initial parameters FCN = 11.3925
MnSeedGenerator: Initial state:   - FCN =   11.39247700719 Edm =      1.07548 NCalls =     21
VariableMetric: start iterating until Edm is < 1e-05
VariableMetric: Initial state   - FCN =   11.39247700719 Edm =      1.07548 NCalls =     21
VariableMetric: Iteration #   1 - FCN =   10.21065966272 Edm =    0.0324074 NCalls =     34
VariableMetric: Iteration #   2 - FCN =   10.17129751181 Edm =  0.000576818 NCalls =     46
VariableMetric: Iteration #   3 - FCN =   10.17053324363 Edm =  3.63247e-07 NCalls =     58
VariableMetric: After Hessian   - FCN =   10.17053324363 Edm =   3.6888e-07 NCalls =     89
Number of iterations 5
----------> Iteration 0
            FVAL = 11.3924770072 Edm = 1.07547891213 Nfcn = 21
            Error matrix change = 1
            Parameters :  p0 = -0.0354955 p1 = 0 p2 = 0 p3 = 0 p4 = -0.748612
----------> Iteration 1
            FVAL = 10.2106596627 Edm = 0.0324073507191 Nfcn = 34
            Error matrix change = 0.538537
            Parameters :  p0 = -0.196633 p1 = -0.360158 p2 = -0.346625 p3 = -0.426425 p4 = -1.46034
----------> Iteration 2
            FVAL = 10.1712975118 Edm = 0.000576817797521 Nfcn = 46
            Error matrix change = 0.297605
            Parameters :  p0 = -0.0656905 p1 = -0.245269 p2 = -0.235404 p3 = -0.294792 p4 = -1.54721
----------> Iteration 3
            FVAL = 10.1705332436 Edm = 3.63246959948e-07 Nfcn = 58
            Error matrix change = 0.179789
            Parameters :  p0 = -0.0737699 p1 = -0.253916 p2 = -0.244062 p3 = -0.302815 p4 = -1.56816
----------> Iteration 4
            FVAL = 10.1705332436 Edm = 3.68880223459e-07 Nfcn = 89
            Error matrix change = 0
            Parameters :  p0 = -0.0737699 p1 = -0.253916 p2 = -0.244062 p3 = -0.302815 p4 = -1.56816
Minuit2Minimizer : Valid minimum - status = 0
FVAL  = 10.1705332436338658
Edm   = 3.68880223458654491e-07
Nfcn  = 89
jerUp_unc	  = -0.0737699	 +/-  0.995925	(limited)
jesUp_unc	  = -0.253916	 +/-  0.987642	(limited)
lumi	  = -0.244062	 +/-  0.988331	(limited)
pdf_unc	  = -0.302815	 +/-  0.983795	(limited)
xs_Bkg	  = -1.56816	 +/-  0.621354	(limited)
Reference signal fit
   0) jerUp_unc                      = -0.0737699
   1) jesUp_unc                      = -0.253916
   2) lumi                           = -0.244062
   3) pdf_unc                        = -0.302815
   4) xs_Bkg                         =  -1.56816

Fitting of the signal-plus-background hypothesis done in 0.00240016 s
      Evaluation of p-values done in  5.94367 s
	CLs = 0.02589 +/- 0.00919864
      Evaluation of p-values done in  5.74816 s
	CLs = 0.0145161 +/- 0.00485204
      Evaluation of p-values done in  5.93236 s
	CLs = 0.012931 +/- 0.00374206
      Evaluation of p-values done in  5.92173 s
	CLs = 0.0113821 +/- 0.00304866
      Evaluation of p-values done in  5.61149 s
	CLs = 0.0119126 +/- 0.00281444
	CLs      = 0.0119126 +/- 0.00281444
	CLb      = 0.3022 +/- 0.00649423
	CLsplusb = 0.0036 +/- 0.000846999

Hybrid result saved as HypoTestResult_mh120_r10_1979892873 in higgsCombineTest.HybridNew.mH120.-1609682887.root : higgsCombineTest.HybridNew.mH120.-1609682887.root:/toys

 -- Hybrid New -- 
CLs = 0.0119126 +/- 0.00281444
Total toys: 10000
Done in 0.00 min (cpu), 0.49 min (real)
