>>> including systematics
>>> using the Profile Likelihood test statistics modified for upper limits (Q_LHC)
>>> method used to compute upper limit is HybridNew
>>> Using OpenSSL to get a really random seed 
>>> Used OpenSSL to get a really random seed 2120762699
Adding /uscms_data/d2/lpcljm/sapta/SUSYSearch/LimitSetting/CMSSW_7_1_5/src to include path
Adding /cvmfs/cms.cern.ch/slc6_amd64_gcc481/lcg/roofit/5.34.18-cms3//include to include path
Input workspace 'w': 

RooWorkspace(w) w contents

variables
---------
(jerUp_unc,jerUp_unc_In,jesUp_unc,jesUp_unc_In,lumi,lumi_In,n_obs_binbin1,pdf_unc,pdf_unc_In,r,xs_Bkg,xs_Bkg_In)

p.d.f.s
-------
SimpleGaussianConstraint::jerUp_unc_Pdf[ x=jerUp_unc mean=jerUp_unc_In sigma=1 ] = 1
SimpleGaussianConstraint::jesUp_unc_Pdf[ x=jesUp_unc mean=jesUp_unc_In sigma=1 ] = 1
SimpleGaussianConstraint::lumi_Pdf[ x=lumi mean=lumi_In sigma=1 ] = 1
RooProdPdf::modelObs_b[ pdf_binbin1_bonly ] = 1.48101e-09
RooProdPdf::modelObs_s[ pdf_binbin1 ] = 1.32414e-09
RooProdPdf::model_b[ modelObs_b * nuisancePdf ] = 1.48101e-09
RooProdPdf::model_s[ modelObs_s * nuisancePdf ] = 1.32414e-09
RooProdPdf::nuisancePdf[ lumi_Pdf * jesUp_unc_Pdf * pdf_unc_Pdf * xs_Bkg_Pdf * jerUp_unc_Pdf ] = 1
RooPoisson::pdf_binbin1[ x=n_obs_binbin1 mean=n_exp_binbin1 ] = 1.32414e-09
RooPoisson::pdf_binbin1_bonly[ x=n_obs_binbin1 mean=n_exp_binbin1_bonly ] = 1.48101e-09
SimpleGaussianConstraint::pdf_unc_Pdf[ x=pdf_unc mean=pdf_unc_In sigma=1 ] = 1
SimpleGaussianConstraint::xs_Bkg_Pdf[ x=xs_Bkg mean=xs_Bkg_In sigma=1 ] = 1

functions
--------
RooAddition::n_exp_binbin1[ n_exp_binbin1_proc_BH + n_exp_binbin1_proc_Background ] = 2400.17
RooAddition::n_exp_binbin1_bonly[ n_exp_binbin1_proc_Background ] = 2399.17
ProcessNormalization::n_exp_binbin1_proc_BH[ thetaList=(lumi,jesUp_unc,pdf_unc) asymmThetaList=() otherFactorList=(r) ] = 1
ProcessNormalization::n_exp_binbin1_proc_Background[ thetaList=(xs_Bkg,jerUp_unc) asymmThetaList=() otherFactorList=() ] = 2399.17

datasets
--------
RooDataSet::data_obs(n_obs_binbin1)

named sets
----------
ModelConfig_GlobalObservables:(lumi_In,jesUp_unc_In,pdf_unc_In,xs_Bkg_In,jerUp_unc_In)
ModelConfig_NuisParams:(lumi,jesUp_unc,pdf_unc,xs_Bkg,jerUp_unc)
ModelConfig_Observables:(n_obs_binbin1)
ModelConfig_POI:(r)
ModelConfig_bonly_GlobalObservables:(lumi_In,jesUp_unc_In,pdf_unc_In,xs_Bkg_In,jerUp_unc_In)
ModelConfig_bonly_NuisParams:(lumi,jesUp_unc,pdf_unc,xs_Bkg,jerUp_unc)
ModelConfig_bonly_Observables:(n_obs_binbin1)
ModelConfig_bonly_POI:(r)
POI:(r)
globalObservables:(lumi_In,jesUp_unc_In,pdf_unc_In,xs_Bkg_In,jerUp_unc_In)
nuisances:(lumi,jesUp_unc,pdf_unc,xs_Bkg,jerUp_unc)
observables:(n_obs_binbin1)

generic objects
---------------
RooStats::ModelConfig::ModelConfig
RooStats::ModelConfig::ModelConfig_bonly
RooArgSet::discreteParams

Workspace has a ModelConfig for signal called 'ModelConfig', with contents:

=== Using the following for ModelConfig ===
Observables:             RooArgSet:: = (n_obs_binbin1)
Parameters of Interest:  RooArgSet:: = (r)
Nuisance Parameters:     RooArgSet:: = (lumi,jesUp_unc,pdf_unc,xs_Bkg,jerUp_unc)
Global Observables:      RooArgSet:: = (lumi_In,jesUp_unc_In,pdf_unc_In,xs_Bkg_In,jerUp_unc_In)
PDF:                     RooProdPdf::model_s[ modelObs_s * nuisancePdf ] = 1.32414e-09

Input ModelConfig 'ModelConfig': 

=== Using the following for ModelConfig ===
Observables:             RooArgSet:: = (n_obs_binbin1)
Parameters of Interest:  RooArgSet:: = (r)
Nuisance Parameters:     RooArgSet:: = (lumi,jesUp_unc,pdf_unc,xs_Bkg,jerUp_unc)
Global Observables:      RooArgSet:: = (lumi_In,jesUp_unc_In,pdf_unc_In,xs_Bkg_In,jerUp_unc_In)
PDF:                     RooProdPdf::model_s[ modelObs_s * nuisancePdf ] = 1.32414e-09

[#1] INFO:ObjectHandling -- RooWorkspace::import(w) importing RooUniform::prior
Computing limit starting from observation
  1) RooRealVar:: n_obs_binbin1 = 2131
Set default minimizer to Minuit2
  r = 1100 +/- 0
[#1] INFO:Minization --  Including the following contraint terms in minimization: (nuisancePdf)
[#1] INFO:Fitting -- RooAddition::defaultErrorLevel(nll_model_s_data_obs_with_constr) Summation contains a RooNLLVar, using its error level
Minuit2Minimizer: Minimize with max-calls 2500 convergence for edm < 0.01 strategy 1
MnSeedGenerator: for initial parameters FCN = 24.9252
MnSeedGenerator: Initial state:   - FCN =   24.92523610785 Edm =      26.6637 NCalls =     21
VariableMetric: start iterating until Edm is < 1e-05
VariableMetric: Initial state   - FCN =   24.92523610785 Edm =      26.6637 NCalls =     21
VariableMetric: Iteration #   1 - FCN =   10.22343278515 Edm =    0.0916328 NCalls =     33
VariableMetric: Iteration #   2 - FCN =   9.584019379249 Edm =     0.089814 NCalls =     46
VariableMetric: Iteration #   3 - FCN =   9.472643818398 Edm =  4.38312e-05 NCalls =     58
VariableMetric: Iteration #   4 - FCN =   9.472600355217 Edm =  1.51485e-08 NCalls =     69
VariableMetric: After Hessian   - FCN =   9.472600355217 Edm =  1.48748e-08 NCalls =    100
Number of iterations 6
----------> Iteration 0
            FVAL = 24.9252361079 Edm = 26.6637129333 Nfcn = 21
            Error matrix change = 1
            Parameters :  p0 = 0 p1 = 0 p2 = 0 p3 = 0 p4 = 0
----------> Iteration 1
            FVAL = 10.2234327851 Edm = 0.0916327978677 Nfcn = 33
            Error matrix change = 0.510009
            Parameters :  p0 = -1.27238 p1 = 0 p2 = 0 p3 = 0 p4 = -0.273765
----------> Iteration 2
            FVAL = 9.58401937925 Edm = 0.0898140246918 Nfcn = 46
            Error matrix change = 0.3743
            Parameters :  p0 = -0.169243 p1 = 0 p2 = 0 p3 = 0 p4 = -0.436725
----------> Iteration 3
            FVAL = 9.4726438184 Edm = 4.38312131315e-05 Nfcn = 58
            Error matrix change = 0.189877
            Parameters :  p0 = -0.0930772 p1 = 0 p2 = 0 p3 = 0 p4 = -0.492772
----------> Iteration 4
            FVAL = 9.47260035522 Edm = 1.51485233294e-08 Nfcn = 69
            Error matrix change = 0.0973822
            Parameters :  p0 = -0.083719 p1 = 0 p2 = 0 p3 = 0 p4 = -0.494323
----------> Iteration 5
            FVAL = 9.47260035522 Edm = 1.48747586199e-08 Nfcn = 100
            Error matrix change = 0
            Parameters :  p0 = -0.083719 p1 = 0 p2 = 0 p3 = 0 p4 = -0.494323
Minuit2Minimizer : Valid minimum - status = 0
FVAL  = 9.47260035521742694
Edm   = 1.48747586199179003e-08
Nfcn  = 100
jerUp_unc	  = -0.083719	 +/-  0.982911	(limited)
jesUp_unc	  = 0	 +/-  0.996602	(limited)
lumi	  = 0	 +/-  0.996602	(limited)
pdf_unc	  = 0	 +/-  0.996602	(limited)
xs_Bkg	  = -0.494323	 +/-  0.190309	(limited)
Zero signal fit
   0) jerUp_unc                      = -0.083719
   1) jesUp_unc                      =         0
   2) lumi                           =         0
   3) pdf_unc                        =         0
   4) xs_Bkg                         = -0.494323

Fitting of the background hypothesis done in 0.305484 s
[#1] INFO:Fitting -- RooAddition::defaultErrorLevel(nll_model_s_data_obs_with_constr) Summation contains a RooNLLVar, using its error level
Minuit2Minimizer: Minimize with max-calls 2500 convergence for edm < 0.01 strategy 1
MnSeedGenerator: for initial parameters FCN = 223.278
MnSeedGenerator: Initial state:   - FCN =   223.2778744507 Edm =      473.833 NCalls =     21
VariableMetric: start iterating until Edm is < 1e-05
VariableMetric: Initial state   - FCN =   223.2778744507 Edm =      473.833 NCalls =     21
VariableMetric: Iteration #   1 - FCN =   38.20082647832 Edm =      9.27433 NCalls =     41
VariableMetric: Iteration #   2 - FCN =   27.23464860741 Edm =      1.76071 NCalls =     60
VariableMetric: Iteration #   3 - FCN =   18.89182849414 Edm =      2.89136 NCalls =     73
VariableMetric: Iteration #   4 - FCN =   16.25456694535 Edm =     0.610521 NCalls =     85
VariableMetric: Iteration #   5 - FCN =   15.03933497264 Edm =    0.0676126 NCalls =     97
VariableMetric: Iteration #   6 - FCN =   14.94584974476 Edm =    0.0125374 NCalls =    109
VariableMetric: Iteration #   7 - FCN =   14.92443622724 Edm =   0.00072778 NCalls =    121
VariableMetric: Iteration #   8 - FCN =   14.92344810438 Edm =  0.000131128 NCalls =    133
VariableMetric: Iteration #   9 - FCN =   14.92313334457 Edm =  2.50546e-06 NCalls =    145
VariableMetric: After Hessian   - FCN =   14.92313334457 Edm =  5.89879e-06 NCalls =    176
Number of iterations 11
----------> Iteration 0
            FVAL = 223.277874451 Edm = 473.832685818 Nfcn = 21
            Error matrix change = 1
            Parameters :  p0 = -0.083719 p1 = 0 p2 = 0 p3 = 0 p4 = -0.494323
----------> Iteration 1
            FVAL = 38.2008264783 Edm = 9.27432790173 Nfcn = 41
            Error matrix change = 0.625972
            Parameters :  p0 = -3.97075 p1 = -3.66621 p2 = -3.70759 p3 = -3.50742 p4 = -1.44876
----------> Iteration 2
            FVAL = 27.2346486074 Edm = 1.76071455731 Nfcn = 60
            Error matrix change = 0.533321
            Parameters :  p0 = -3.07244 p1 = -2.1615 p2 = -1.98939 p3 = -2.4326 p4 = -1.53882
----------> Iteration 3
            FVAL = 18.8918284941 Edm = 2.89135990403 Nfcn = 73
            Error matrix change = 0.375715
            Parameters :  p0 = -2.12433 p1 = -0.385151 p2 = 0.00148189 p3 = -1.32694 p4 = -2.44953
----------> Iteration 4
            FVAL = 16.2545669453 Edm = 0.610520599082 Nfcn = 85
            Error matrix change = 0.287256
            Parameters :  p0 = -1.8685 p1 = -0.71124 p2 = -0.453911 p3 = -1.46544 p4 = -2.70096
----------> Iteration 5
            FVAL = 15.0393349726 Edm = 0.0676126081872 Nfcn = 97
            Error matrix change = 0.334266
            Parameters :  p0 = -0.652739 p1 = -0.262227 p2 = -0.215219 p3 = -0.697403 p4 = -3.15898
----------> Iteration 6
            FVAL = 14.9458497448 Edm = 0.0125373803729 Nfcn = 109
            Error matrix change = 0.286673
            Parameters :  p0 = -0.61058 p1 = -0.487771 p2 = -0.471175 p3 = -0.705085 p4 = -3.11856
----------> Iteration 7
            FVAL = 14.9244362272 Edm = 0.000727780246372 Nfcn = 121
            Error matrix change = 0.191278
            Parameters :  p0 = -0.521705 p1 = -0.556679 p2 = -0.53719 p3 = -0.637235 p4 = -3.09935
----------> Iteration 8
            FVAL = 14.9234481044 Edm = 0.000131127886758 Nfcn = 133
            Error matrix change = 0.187433
            Parameters :  p0 = -0.542988 p1 = -0.567468 p2 = -0.529302 p3 = -0.663852 p4 = -3.08588
----------> Iteration 9
            FVAL = 14.9231333446 Edm = 2.50546351396e-06 Nfcn = 145
            Error matrix change = 0.218532
            Parameters :  p0 = -0.524452 p1 = -0.570359 p2 = -0.521654 p3 = -0.677754 p4 = -3.08746
----------> Iteration 10
            FVAL = 14.9231333446 Edm = 5.89879419202e-06 Nfcn = 176
            Error matrix change = 0
            Parameters :  p0 = -0.524452 p1 = -0.570359 p2 = -0.521654 p3 = -0.677754 p4 = -3.08746
Minuit2Minimizer : Valid minimum - status = 0
FVAL  = 14.9231333445723529
Edm   = 5.89879419202492931e-06
Nfcn  = 176
jerUp_unc	  = -0.524452	 +/-  0.984287	(limited)
jesUp_unc	  = -0.570359	 +/-  0.964109	(limited)
lumi	  = -0.521654	 +/-  0.969047	(limited)
pdf_unc	  = -0.677754	 +/-  0.949883	(limited)
xs_Bkg	  = -3.08746	 +/-  0.361042	(limited)
Reference signal fit
   0) jerUp_unc                      = -0.524452
   1) jesUp_unc                      = -0.570359
   2) lumi                           = -0.521654
   3) pdf_unc                        = -0.677754
   4) xs_Bkg                         =  -3.08746

Fitting of the signal-plus-background hypothesis done in 0.00313902 s
      Evaluation of p-values done in  8.34719 s
	CLs = 0 +/- 0
      Evaluation of p-values done in  8.38139 s
	CLs = 0.00315457 +/- 0.00223191
      Evaluation of p-values done in  8.14063 s
	CLs = 0.00208333 +/- 0.00147369
      Evaluation of p-values done in  8.38571 s
	CLs = 0.00388802 +/- 0.00173998
      Evaluation of p-values done in  8.4628 s
	CLs = 0.00311526 +/- 0.00139397
	CLs      = 0.00311526 +/- 0.00139397
	CLb      = 0.321 +/- 0.00660241
	CLsplusb = 0.001 +/- 0.00044699

Hybrid result saved as HypoTestResult_mh120_r1100_3910110600 in higgsCombineTest.HybridNew.mH120.2120762699.root : higgsCombineTest.HybridNew.mH120.2120762699.root:/toys

 -- Hybrid New -- 
CLs = 0.00311526 +/- 0.00139397
Total toys: 10000
Done in 0.00 min (cpu), 0.70 min (real)
