>>> including systematics
>>> using the Profile Likelihood test statistics modified for upper limits (Q_LHC)
>>> method used to compute upper limit is HybridNew
>>> Using OpenSSL to get a really random seed 
>>> Used OpenSSL to get a really random seed -219594824
Adding /uscms_data/d2/lpcljm/sapta/SUSYSearch/LimitSetting/CMSSW_7_1_5/src to include path
Adding /cvmfs/cms.cern.ch/slc6_amd64_gcc481/lcg/roofit/5.34.18-cms3//include to include path
Input workspace 'w': 

RooWorkspace(w) w contents

variables
---------
(jerUp_unc,jerUp_unc_In,jesUp_unc,jesUp_unc_In,lumi,lumi_In,n_obs_binbin1,pdf_unc,pdf_unc_In,r,xs_Bkg,xs_Bkg_In)

p.d.f.s
-------
SimpleGaussianConstraint::jerUp_unc_Pdf[ x=jerUp_unc mean=jerUp_unc_In sigma=1 ] = 1
SimpleGaussianConstraint::jesUp_unc_Pdf[ x=jesUp_unc mean=jesUp_unc_In sigma=1 ] = 1
SimpleGaussianConstraint::lumi_Pdf[ x=lumi mean=lumi_In sigma=1 ] = 1
RooProdPdf::modelObs_b[ pdf_binbin1_bonly ] = 5.01955e-14
RooProdPdf::modelObs_s[ pdf_binbin1 ] = 4.61194e-14
RooProdPdf::model_b[ modelObs_b * nuisancePdf ] = 5.01955e-14
RooProdPdf::model_s[ modelObs_s * nuisancePdf ] = 4.61194e-14
RooProdPdf::nuisancePdf[ lumi_Pdf * jesUp_unc_Pdf * pdf_unc_Pdf * xs_Bkg_Pdf * jerUp_unc_Pdf ] = 1
RooPoisson::pdf_binbin1[ x=n_obs_binbin1 mean=n_exp_binbin1 ] = 4.61194e-14
RooPoisson::pdf_binbin1_bonly[ x=n_obs_binbin1 mean=n_exp_binbin1_bonly ] = 5.01955e-14
SimpleGaussianConstraint::pdf_unc_Pdf[ x=pdf_unc mean=pdf_unc_In sigma=1 ] = 1
SimpleGaussianConstraint::xs_Bkg_Pdf[ x=xs_Bkg mean=xs_Bkg_In sigma=1 ] = 1

functions
--------
RooAddition::n_exp_binbin1[ n_exp_binbin1_proc_BH + n_exp_binbin1_proc_Background ] = 6872.51
RooAddition::n_exp_binbin1_bonly[ n_exp_binbin1_proc_Background ] = 6871.51
ProcessNormalization::n_exp_binbin1_proc_BH[ thetaList=(lumi,jesUp_unc,pdf_unc) asymmThetaList=() otherFactorList=(r) ] = 1
ProcessNormalization::n_exp_binbin1_proc_Background[ thetaList=(xs_Bkg,jerUp_unc) asymmThetaList=() otherFactorList=() ] = 6871.51

datasets
--------
RooDataSet::data_obs(n_obs_binbin1)

named sets
----------
ModelConfig_GlobalObservables:(lumi_In,jesUp_unc_In,pdf_unc_In,xs_Bkg_In,jerUp_unc_In)
ModelConfig_NuisParams:(lumi,jesUp_unc,pdf_unc,xs_Bkg,jerUp_unc)
ModelConfig_Observables:(n_obs_binbin1)
ModelConfig_POI:(r)
ModelConfig_bonly_GlobalObservables:(lumi_In,jesUp_unc_In,pdf_unc_In,xs_Bkg_In,jerUp_unc_In)
ModelConfig_bonly_NuisParams:(lumi,jesUp_unc,pdf_unc,xs_Bkg,jerUp_unc)
ModelConfig_bonly_Observables:(n_obs_binbin1)
ModelConfig_bonly_POI:(r)
POI:(r)
globalObservables:(lumi_In,jesUp_unc_In,pdf_unc_In,xs_Bkg_In,jerUp_unc_In)
nuisances:(lumi,jesUp_unc,pdf_unc,xs_Bkg,jerUp_unc)
observables:(n_obs_binbin1)

generic objects
---------------
RooStats::ModelConfig::ModelConfig
RooStats::ModelConfig::ModelConfig_bonly
RooArgSet::discreteParams

Workspace has a ModelConfig for signal called 'ModelConfig', with contents:

=== Using the following for ModelConfig ===
Observables:             RooArgSet:: = (n_obs_binbin1)
Parameters of Interest:  RooArgSet:: = (r)
Nuisance Parameters:     RooArgSet:: = (lumi,jesUp_unc,pdf_unc,xs_Bkg,jerUp_unc)
Global Observables:      RooArgSet:: = (lumi_In,jesUp_unc_In,pdf_unc_In,xs_Bkg_In,jerUp_unc_In)
PDF:                     RooProdPdf::model_s[ modelObs_s * nuisancePdf ] = 4.61194e-14

Input ModelConfig 'ModelConfig': 

=== Using the following for ModelConfig ===
Observables:             RooArgSet:: = (n_obs_binbin1)
Parameters of Interest:  RooArgSet:: = (r)
Nuisance Parameters:     RooArgSet:: = (lumi,jesUp_unc,pdf_unc,xs_Bkg,jerUp_unc)
Global Observables:      RooArgSet:: = (lumi_In,jesUp_unc_In,pdf_unc_In,xs_Bkg_In,jerUp_unc_In)
PDF:                     RooProdPdf::model_s[ modelObs_s * nuisancePdf ] = 4.61194e-14

[#1] INFO:ObjectHandling -- RooWorkspace::import(w) importing RooUniform::prior
Computing limit starting from observation
  1) RooRealVar:: n_obs_binbin1 = 6290
Set default minimizer to Minuit2
  r = 1250 +/- 0
[#1] INFO:Minization --  Including the following contraint terms in minimization: (nuisancePdf)
[#1] INFO:Fitting -- RooAddition::defaultErrorLevel(nll_model_s_data_obs_with_constr) Summation contains a RooNLLVar, using its error level
Minuit2Minimizer: Minimize with max-calls 2500 convergence for edm < 0.01 strategy 1
MnSeedGenerator: for initial parameters FCN = 35.2175
MnSeedGenerator: Initial state:   - FCN =   35.21754290863 Edm =      46.9275 NCalls =     21
VariableMetric: start iterating until Edm is < 1e-05
VariableMetric: Initial state   - FCN =   35.21754290863 Edm =      46.9275 NCalls =     21
VariableMetric: Iteration #   1 - FCN =   10.50415967314 Edm =    0.0300174 NCalls =     33
VariableMetric: Iteration #   2 - FCN =    10.3797505171 Edm =    0.0736113 NCalls =     45
VariableMetric: Iteration #   3 - FCN =     10.047574481 Edm =  9.39784e-05 NCalls =     57
VariableMetric: Iteration #   4 - FCN =   10.04743801827 Edm =  1.09994e-07 NCalls =     68
VariableMetric: After Hessian   - FCN =   10.04743801827 Edm =  1.06858e-07 NCalls =     99
Number of iterations 6
----------> Iteration 0
            FVAL = 35.2175429086 Edm = 46.9274782192 Nfcn = 21
            Error matrix change = 1
            Parameters :  p0 = 0 p1 = 0 p2 = 0 p3 = 0 p4 = 0
----------> Iteration 1
            FVAL = 10.5041596731 Edm = 0.030017443006 Nfcn = 33
            Error matrix change = 0.504537
            Parameters :  p0 = -1.06606 p1 = 0 p2 = 0 p3 = 0 p4 = -0.303117
----------> Iteration 2
            FVAL = 10.3797505171 Edm = 0.0736112700331 Nfcn = 45
            Error matrix change = 0.31914
            Parameters :  p0 = -0.788994 p1 = 0 p2 = 0 p3 = 0 p4 = -0.34015
----------> Iteration 3
            FVAL = 10.047574481 Edm = 9.39783811187e-05 Nfcn = 57
            Error matrix change = 0.24257
            Parameters :  p0 = -0.157774 p1 = 0 p2 = 0 p3 = 0 p4 = -0.542733
----------> Iteration 4
            FVAL = 10.0474380183 Edm = 1.09993996993e-07 Nfcn = 68
            Error matrix change = 0.12219
            Parameters :  p0 = -0.142114 p1 = 0 p2 = 0 p3 = 0 p4 = -0.546392
----------> Iteration 5
            FVAL = 10.0474380183 Edm = 1.06857884617e-07 Nfcn = 99
            Error matrix change = 0
            Parameters :  p0 = -0.142114 p1 = 0 p2 = 0 p3 = 0 p4 = -0.546392
Minuit2Minimizer : Valid minimum - status = 0
FVAL  = 10.0474380182721301
Edm   = 1.06857884617095841e-07
Nfcn  = 99
jerUp_unc	  = -0.142114	 +/-  0.965077	(limited)
jesUp_unc	  = 0	 +/-  0.996602	(limited)
lumi	  = 0	 +/-  0.996602	(limited)
pdf_unc	  = 0	 +/-  0.996602	(limited)
xs_Bkg	  = -0.546392	 +/-  0.263916	(limited)
Zero signal fit
   0) jerUp_unc                      = -0.142114
   1) jesUp_unc                      =         0
   2) lumi                           =         0
   3) pdf_unc                        =         0
   4) xs_Bkg                         = -0.546392

Fitting of the background hypothesis done in 0.308917 s
[#1] INFO:Fitting -- RooAddition::defaultErrorLevel(nll_model_s_data_obs_with_constr) Summation contains a RooNLLVar, using its error level
Minuit2Minimizer: Minimize with max-calls 2500 convergence for edm < 0.01 strategy 1
MnSeedGenerator: for initial parameters FCN = 120.522
MnSeedGenerator: Initial state:   - FCN =   120.5217204387 Edm =      269.835 NCalls =     21
VariableMetric: start iterating until Edm is < 1e-05
VariableMetric: Initial state   - FCN =   120.5217204387 Edm =      269.835 NCalls =     21
VariableMetric: Iteration #   1 - FCN =   20.47691850192 Edm =      4.64223 NCalls =     33
VariableMetric: Iteration #   2 - FCN =   15.10827097332 Edm =     0.714244 NCalls =     46
VariableMetric: Iteration #   3 - FCN =   13.44209202193 Edm =     0.108251 NCalls =     59
VariableMetric: Iteration #   4 - FCN =   12.50232114559 Edm =     0.206535 NCalls =     72
VariableMetric: Iteration #   5 - FCN =   11.98969466474 Edm =     0.149396 NCalls =     84
VariableMetric: Iteration #   6 - FCN =   11.83385266236 Edm =    0.0144289 NCalls =     96
VariableMetric: Iteration #   7 - FCN =   11.81532133027 Edm =  0.000187958 NCalls =    108
VariableMetric: Iteration #   8 - FCN =   11.81506245868 Edm =  1.97236e-05 NCalls =    120
VariableMetric: Iteration #   9 - FCN =   11.81503665649 Edm =  2.56688e-08 NCalls =    132
VariableMetric: After Hessian   - FCN =   11.81503665649 Edm =  2.55721e-08 NCalls =    163
Number of iterations 11
----------> Iteration 0
            FVAL = 120.521720439 Edm = 269.835439252 Nfcn = 21
            Error matrix change = 1
            Parameters :  p0 = -0.142114 p1 = 0 p2 = 0 p3 = 0 p4 = -0.546392
----------> Iteration 1
            FVAL = 20.4769185019 Edm = 4.64223050847 Nfcn = 33
            Error matrix change = 0.612973
            Parameters :  p0 = -2.02115 p1 = -2.30488 p2 = -2.28868 p3 = -2.28954 p4 = -1.09534
----------> Iteration 2
            FVAL = 15.1082709733 Edm = 0.714244106819 Nfcn = 46
            Error matrix change = 0.508771
            Parameters :  p0 = -1.98645 p1 = -0.814683 p2 = -0.657977 p3 = -1.13074 p4 = -1.16893
----------> Iteration 3
            FVAL = 13.4420920219 Edm = 0.10825070505 Nfcn = 59
            Error matrix change = 0.34119
            Parameters :  p0 = -2.19535 p1 = -0.164443 p2 = -0.0795196 p3 = -0.448283 p4 = -1.38959
----------> Iteration 4
            FVAL = 12.5023211456 Edm = 0.206535225884 Nfcn = 72
            Error matrix change = 0.362826
            Parameters :  p0 = -1.36635 p1 = -0.22258 p2 = -0.520356 p3 = 0.428653 p4 = -1.69079
----------> Iteration 5
            FVAL = 11.9896946647 Edm = 0.149396436435 Nfcn = 84
            Error matrix change = 0.336411
            Parameters :  p0 = -0.639528 p1 = -0.185274 p2 = -0.234599 p3 = 0.199192 p4 = -1.81576
----------> Iteration 6
            FVAL = 11.8338526624 Edm = 0.0144288570354 Nfcn = 96
            Error matrix change = 0.232718
            Parameters :  p0 = -0.512725 p1 = -0.291152 p2 = -0.226546 p3 = -0.198442 p4 = -1.83984
----------> Iteration 7
            FVAL = 11.8153213303 Edm = 0.000187958280714 Nfcn = 108
            Error matrix change = 0.169539
            Parameters :  p0 = -0.49851 p1 = -0.1607 p2 = -0.120214 p3 = -0.173264 p4 = -1.87141
----------> Iteration 8
            FVAL = 11.8150624587 Edm = 1.97236137627e-05 Nfcn = 120
            Error matrix change = 0.187463
            Parameters :  p0 = -0.484063 p1 = -0.14907 p2 = -0.130977 p3 = -0.170834 p4 = -1.87488
----------> Iteration 9
            FVAL = 11.8150366565 Edm = 2.56687979768e-08 Nfcn = 132
            Error matrix change = 0.166686
            Parameters :  p0 = -0.488107 p1 = -0.145823 p2 = -0.134496 p3 = -0.173986 p4 = -1.87362
----------> Iteration 10
            FVAL = 11.8150366565 Edm = 2.55720895454e-08 Nfcn = 163
            Error matrix change = 0
            Parameters :  p0 = -0.488107 p1 = -0.145823 p2 = -0.134496 p3 = -0.173986 p4 = -1.87362
Minuit2Minimizer : Valid minimum - status = 0
FVAL  = 11.8150366564918166
Edm   = 2.55720895454353628e-08
Nfcn  = 163
jerUp_unc	  = -0.488107	 +/-  0.9658	(limited)
jesUp_unc	  = -0.145823	 +/-  0.989788	(limited)
lumi	  = -0.134496	 +/-  0.990816	(limited)
pdf_unc	  = -0.173986	 +/-  0.986868	(limited)
xs_Bkg	  = -1.87362	 +/-  0.298445	(limited)
Reference signal fit
   0) jerUp_unc                      = -0.488107
   1) jesUp_unc                      = -0.145823
   2) lumi                           = -0.134496
   3) pdf_unc                        = -0.173986
   4) xs_Bkg                         =  -1.87362

Fitting of the signal-plus-background hypothesis done in 0.00303507 s
      Evaluation of p-values done in  7.7876 s
	CLs = 0.115894 +/- 0.0200342
      Evaluation of p-values done in  7.66267 s
	CLs = 0.093913 +/- 0.0130325
      Evaluation of p-values done in  7.8205 s
	CLs = 0.0884041 +/- 0.0102596
      Evaluation of p-values done in  7.56427 s
	CLs = 0.0944395 +/- 0.00931483
      Evaluation of p-values done in  7.63439 s
	CLs = 0.0921886 +/- 0.00821323
	CLs      = 0.0921886 +/- 0.00821323
	CLb      = 0.2842 +/- 0.00637856
	CLsplusb = 0.0262 +/- 0.00225892

Hybrid result saved as HypoTestResult_mh120_r1250_2025704919 in higgsCombineTest.HybridNew.mH120.-219594824.root : higgsCombineTest.HybridNew.mH120.-219594824.root:/toys

 -- Hybrid New -- 
CLs = 0.0921886 +/- 0.00821323
Total toys: 10000
Done in 0.00 min (cpu), 0.65 min (real)
