>>> including systematics
>>> using the Profile Likelihood test statistics modified for upper limits (Q_LHC)
>>> method used to compute upper limit is HybridNew
>>> Using OpenSSL to get a really random seed 
>>> Used OpenSSL to get a really random seed -2042331532
Adding /uscms_data/d2/lpcljm/sapta/SUSYSearch/LimitSetting/CMSSW_7_1_5/src to include path
Adding /cvmfs/cms.cern.ch/slc6_amd64_gcc481/lcg/roofit/5.34.18-cms3//include to include path
Input workspace 'w': 

RooWorkspace(w) w contents

variables
---------
(jerUp_unc,jerUp_unc_In,jesUp_unc,jesUp_unc_In,lumi,lumi_In,n_obs_binbin1,pdf_unc,pdf_unc_In,r,xs_Bkg,xs_Bkg_In)

p.d.f.s
-------
SimpleGaussianConstraint::jerUp_unc_Pdf[ x=jerUp_unc mean=jerUp_unc_In sigma=1 ] = 1
SimpleGaussianConstraint::jesUp_unc_Pdf[ x=jesUp_unc mean=jesUp_unc_In sigma=1 ] = 1
SimpleGaussianConstraint::lumi_Pdf[ x=lumi mean=lumi_In sigma=1 ] = 1
RooProdPdf::modelObs_b[ pdf_binbin1_bonly ] = 5.01955e-14
RooProdPdf::modelObs_s[ pdf_binbin1 ] = 4.61194e-14
RooProdPdf::model_b[ modelObs_b * nuisancePdf ] = 5.01955e-14
RooProdPdf::model_s[ modelObs_s * nuisancePdf ] = 4.61194e-14
RooProdPdf::nuisancePdf[ lumi_Pdf * jesUp_unc_Pdf * pdf_unc_Pdf * xs_Bkg_Pdf * jerUp_unc_Pdf ] = 1
RooPoisson::pdf_binbin1[ x=n_obs_binbin1 mean=n_exp_binbin1 ] = 4.61194e-14
RooPoisson::pdf_binbin1_bonly[ x=n_obs_binbin1 mean=n_exp_binbin1_bonly ] = 5.01955e-14
SimpleGaussianConstraint::pdf_unc_Pdf[ x=pdf_unc mean=pdf_unc_In sigma=1 ] = 1
SimpleGaussianConstraint::xs_Bkg_Pdf[ x=xs_Bkg mean=xs_Bkg_In sigma=1 ] = 1

functions
--------
RooAddition::n_exp_binbin1[ n_exp_binbin1_proc_BH + n_exp_binbin1_proc_Background ] = 6872.51
RooAddition::n_exp_binbin1_bonly[ n_exp_binbin1_proc_Background ] = 6871.51
ProcessNormalization::n_exp_binbin1_proc_BH[ thetaList=(lumi,jesUp_unc,pdf_unc) asymmThetaList=() otherFactorList=(r) ] = 1
ProcessNormalization::n_exp_binbin1_proc_Background[ thetaList=(xs_Bkg,jerUp_unc) asymmThetaList=() otherFactorList=() ] = 6871.51

datasets
--------
RooDataSet::data_obs(n_obs_binbin1)

named sets
----------
ModelConfig_GlobalObservables:(lumi_In,jesUp_unc_In,pdf_unc_In,xs_Bkg_In,jerUp_unc_In)
ModelConfig_NuisParams:(lumi,jesUp_unc,pdf_unc,xs_Bkg,jerUp_unc)
ModelConfig_Observables:(n_obs_binbin1)
ModelConfig_POI:(r)
ModelConfig_bonly_GlobalObservables:(lumi_In,jesUp_unc_In,pdf_unc_In,xs_Bkg_In,jerUp_unc_In)
ModelConfig_bonly_NuisParams:(lumi,jesUp_unc,pdf_unc,xs_Bkg,jerUp_unc)
ModelConfig_bonly_Observables:(n_obs_binbin1)
ModelConfig_bonly_POI:(r)
POI:(r)
globalObservables:(lumi_In,jesUp_unc_In,pdf_unc_In,xs_Bkg_In,jerUp_unc_In)
nuisances:(lumi,jesUp_unc,pdf_unc,xs_Bkg,jerUp_unc)
observables:(n_obs_binbin1)

generic objects
---------------
RooStats::ModelConfig::ModelConfig
RooStats::ModelConfig::ModelConfig_bonly
RooArgSet::discreteParams

Workspace has a ModelConfig for signal called 'ModelConfig', with contents:

=== Using the following for ModelConfig ===
Observables:             RooArgSet:: = (n_obs_binbin1)
Parameters of Interest:  RooArgSet:: = (r)
Nuisance Parameters:     RooArgSet:: = (lumi,jesUp_unc,pdf_unc,xs_Bkg,jerUp_unc)
Global Observables:      RooArgSet:: = (lumi_In,jesUp_unc_In,pdf_unc_In,xs_Bkg_In,jerUp_unc_In)
PDF:                     RooProdPdf::model_s[ modelObs_s * nuisancePdf ] = 4.61194e-14

Input ModelConfig 'ModelConfig': 

=== Using the following for ModelConfig ===
Observables:             RooArgSet:: = (n_obs_binbin1)
Parameters of Interest:  RooArgSet:: = (r)
Nuisance Parameters:     RooArgSet:: = (lumi,jesUp_unc,pdf_unc,xs_Bkg,jerUp_unc)
Global Observables:      RooArgSet:: = (lumi_In,jesUp_unc_In,pdf_unc_In,xs_Bkg_In,jerUp_unc_In)
PDF:                     RooProdPdf::model_s[ modelObs_s * nuisancePdf ] = 4.61194e-14

[#1] INFO:ObjectHandling -- RooWorkspace::import(w) importing RooUniform::prior
Computing limit starting from observation
  1) RooRealVar:: n_obs_binbin1 = 6290
Set default minimizer to Minuit2
  r = 1750 +/- 0
[#1] INFO:Minization --  Including the following contraint terms in minimization: (nuisancePdf)
[#1] INFO:Fitting -- RooAddition::defaultErrorLevel(nll_model_s_data_obs_with_constr) Summation contains a RooNLLVar, using its error level
Minuit2Minimizer: Minimize with max-calls 2500 convergence for edm < 0.01 strategy 1
MnSeedGenerator: for initial parameters FCN = 35.2175
MnSeedGenerator: Initial state:   - FCN =   35.21754290863 Edm =      46.9275 NCalls =     21
VariableMetric: start iterating until Edm is < 1e-05
VariableMetric: Initial state   - FCN =   35.21754290863 Edm =      46.9275 NCalls =     21
VariableMetric: Iteration #   1 - FCN =   10.50415967314 Edm =    0.0300174 NCalls =     33
VariableMetric: Iteration #   2 - FCN =    10.3797505171 Edm =    0.0736113 NCalls =     45
VariableMetric: Iteration #   3 - FCN =     10.047574481 Edm =  9.39784e-05 NCalls =     57
VariableMetric: Iteration #   4 - FCN =   10.04743801827 Edm =  1.09994e-07 NCalls =     68
VariableMetric: After Hessian   - FCN =   10.04743801827 Edm =  1.06858e-07 NCalls =     99
Number of iterations 6
----------> Iteration 0
            FVAL = 35.2175429086 Edm = 46.9274782192 Nfcn = 21
            Error matrix change = 1
            Parameters :  p0 = 0 p1 = 0 p2 = 0 p3 = 0 p4 = 0
----------> Iteration 1
            FVAL = 10.5041596731 Edm = 0.030017443006 Nfcn = 33
            Error matrix change = 0.504537
            Parameters :  p0 = -1.06606 p1 = 0 p2 = 0 p3 = 0 p4 = -0.303117
----------> Iteration 2
            FVAL = 10.3797505171 Edm = 0.0736112700331 Nfcn = 45
            Error matrix change = 0.31914
            Parameters :  p0 = -0.788994 p1 = 0 p2 = 0 p3 = 0 p4 = -0.34015
----------> Iteration 3
            FVAL = 10.047574481 Edm = 9.39783811187e-05 Nfcn = 57
            Error matrix change = 0.24257
            Parameters :  p0 = -0.157774 p1 = 0 p2 = 0 p3 = 0 p4 = -0.542733
----------> Iteration 4
            FVAL = 10.0474380183 Edm = 1.09993996993e-07 Nfcn = 68
            Error matrix change = 0.12219
            Parameters :  p0 = -0.142114 p1 = 0 p2 = 0 p3 = 0 p4 = -0.546392
----------> Iteration 5
            FVAL = 10.0474380183 Edm = 1.06857884617e-07 Nfcn = 99
            Error matrix change = 0
            Parameters :  p0 = -0.142114 p1 = 0 p2 = 0 p3 = 0 p4 = -0.546392
Minuit2Minimizer : Valid minimum - status = 0
FVAL  = 10.0474380182721301
Edm   = 1.06857884617095841e-07
Nfcn  = 99
jerUp_unc	  = -0.142114	 +/-  0.965077	(limited)
jesUp_unc	  = 0	 +/-  0.996602	(limited)
lumi	  = 0	 +/-  0.996602	(limited)
pdf_unc	  = 0	 +/-  0.996602	(limited)
xs_Bkg	  = -0.546392	 +/-  0.263916	(limited)
Zero signal fit
   0) jerUp_unc                      = -0.142114
   1) jesUp_unc                      =         0
   2) lumi                           =         0
   3) pdf_unc                        =         0
   4) xs_Bkg                         = -0.546392

Fitting of the background hypothesis done in 0.292659 s
[#1] INFO:Fitting -- RooAddition::defaultErrorLevel(nll_model_s_data_obs_with_constr) Summation contains a RooNLLVar, using its error level
Minuit2Minimizer: Minimize with max-calls 2500 convergence for edm < 0.01 strategy 1
MnSeedGenerator: for initial parameters FCN = 216.85
MnSeedGenerator: Initial state:   - FCN =   216.8501733632 Edm =       534.11 NCalls =     21
VariableMetric: start iterating until Edm is < 1e-05
VariableMetric: Initial state   - FCN =   216.8501733632 Edm =       534.11 NCalls =     21
VariableMetric: Iteration #   1 - FCN =   30.64270013972 Edm =      12.2339 NCalls =     39
VariableMetric: Iteration #   2 - FCN =   21.18670958014 Edm =      1.32075 NCalls =     58
VariableMetric: Iteration #   3 - FCN =    16.8833952983 Edm =     0.846257 NCalls =     70
VariableMetric: Iteration #   4 - FCN =   15.93470303531 Edm =     0.259995 NCalls =     81
VariableMetric: Iteration #   5 - FCN =   14.81726727694 Edm =      0.31733 NCalls =     93
VariableMetric: Iteration #   6 - FCN =   13.64880266337 Edm =     0.153782 NCalls =    105
VariableMetric: Iteration #   7 - FCN =   13.33292544906 Edm =    0.0497431 NCalls =    117
VariableMetric: Iteration #   8 - FCN =   13.24655200402 Edm =   0.00262346 NCalls =    129
VariableMetric: Iteration #   9 - FCN =   13.24378690342 Edm =  0.000168431 NCalls =    140
VariableMetric: Iteration #  10 - FCN =   13.24338433779 Edm =  8.64423e-06 NCalls =    152
VariableMetric: Iteration #  11 - FCN =    13.2433754201 Edm =   9.6327e-09 NCalls =    163
VariableMetric: After Hessian   - FCN =    13.2433754201 Edm =  9.98901e-09 NCalls =    194
Number of iterations 13
----------> Iteration 0
            FVAL = 216.850173363 Edm = 534.109837529 Nfcn = 21
            Error matrix change = 1
            Parameters :  p0 = -0.142114 p1 = 0 p2 = 0 p3 = 0 p4 = -0.546392
----------> Iteration 1
            FVAL = 30.6427001397 Edm = 12.2339481153 Nfcn = 39
            Error matrix change = 0.620514
            Parameters :  p0 = -2.7487 p1 = -3.14925 p2 = -3.19632 p3 = -2.98864 p4 = -1.31881
----------> Iteration 2
            FVAL = 21.1867095801 Edm = 1.3207538634 Nfcn = 58
            Error matrix change = 0.485616
            Parameters :  p0 = -2.39504 p1 = -1.9078 p2 = -1.79283 p3 = -2.0745 p4 = -1.29529
----------> Iteration 3
            FVAL = 16.8833952983 Edm = 0.846256556281 Nfcn = 70
            Error matrix change = 0.39738
            Parameters :  p0 = -2.70675 p1 = -0.450195 p2 = -0.183047 p3 = -1.03816 p4 = -1.64825
----------> Iteration 4
            FVAL = 15.9347030353 Edm = 0.259995375447 Nfcn = 81
            Error matrix change = 0.257409
            Parameters :  p0 = -2.73278 p1 = -0.532409 p2 = -0.355713 p3 = -0.997933 p4 = -1.76465
----------> Iteration 5
            FVAL = 14.8172672769 Edm = 0.317329798293 Nfcn = 93
            Error matrix change = 0.370721
            Parameters :  p0 = -2.2672 p1 = 0.100617 p2 = -0.0256269 p3 = 0.0773145 p4 = -2.15372
----------> Iteration 6
            FVAL = 13.6488026634 Edm = 0.15378150788 Nfcn = 105
            Error matrix change = 0.354898
            Parameters :  p0 = -1.00908 p1 = -0.422108 p2 = -0.743592 p3 = 0.272845 p4 = -2.38629
----------> Iteration 7
            FVAL = 13.3329254491 Edm = 0.0497431461821 Nfcn = 117
            Error matrix change = 0.299458
            Parameters :  p0 = -0.76637 p1 = -0.432005 p2 = -0.419206 p3 = -0.201764 p4 = -2.35987
----------> Iteration 8
            FVAL = 13.246552004 Edm = 0.00262346249917 Nfcn = 129
            Error matrix change = 0.23108
            Parameters :  p0 = -0.697208 p1 = -0.32508 p2 = -0.238143 p3 = -0.344468 p4 = -2.42493
----------> Iteration 9
            FVAL = 13.2437869034 Edm = 0.000168430844289 Nfcn = 140
            Error matrix change = 0.177983
            Parameters :  p0 = -0.633558 p1 = -0.30605 p2 = -0.24694 p3 = -0.329516 p4 = -2.44381
----------> Iteration 10
            FVAL = 13.2433843378 Edm = 8.64422797967e-06 Nfcn = 152
            Error matrix change = 0.233912
            Parameters :  p0 = -0.632227 p1 = -0.285392 p2 = -0.262464 p3 = -0.341105 p4 = -2.44327
----------> Iteration 11
            FVAL = 13.2433754201 Edm = 9.63269668919e-09 Nfcn = 163
            Error matrix change = 0.123506
            Parameters :  p0 = -0.636049 p1 = -0.285157 p2 = -0.262843 p3 = -0.340567 p4 = -2.44225
----------> Iteration 12
            FVAL = 13.2433754201 Edm = 9.98900960973e-09 Nfcn = 194
            Error matrix change = 0
            Parameters :  p0 = -0.636049 p1 = -0.285157 p2 = -0.262843 p3 = -0.340567 p4 = -2.44225
Minuit2Minimizer : Valid minimum - status = 0
FVAL  = 13.2433754200978395
Edm   = 9.98900960973326294e-09
Nfcn  = 194
jerUp_unc	  = -0.636049	 +/-  0.966526	(limited)
jesUp_unc	  = -0.285157	 +/-  0.982436	(limited)
lumi	  = -0.262843	 +/-  0.984572	(limited)
pdf_unc	  = -0.340567	 +/-  0.976324	(limited)
xs_Bkg	  = -2.44225	 +/-  0.330238	(limited)
Reference signal fit
   0) jerUp_unc                      = -0.636049
   1) jesUp_unc                      = -0.285157
   2) lumi                           = -0.262843
   3) pdf_unc                        = -0.340567
   4) xs_Bkg                         =  -2.44225

Fitting of the signal-plus-background hypothesis done in 0.00316787 s
      Evaluation of p-values done in  8.23811 s
	CLs = 0.0137931 +/- 0.0069165
      Evaluation of p-values done in  8.26857 s
	CLs = 0.0144928 +/- 0.00514057
      Evaluation of p-values done in  8.11225 s
	CLs = 0.0132371 +/- 0.00400289
      Evaluation of p-values done in  8.15682 s
	CLs = 0.016844 +/- 0.00387844
      Evaluation of p-values done in  8.35991 s
	CLs = 0.0163934 +/- 0.00343054
	CLs      = 0.0163934 +/- 0.00343054
	CLb      = 0.2806 +/- 0.00635395
	CLsplusb = 0.0046 +/- 0.000956958

Hybrid result saved as HypoTestResult_mh120_r1750_2248388289 in higgsCombineTest.HybridNew.mH120.-2042331532.root : higgsCombineTest.HybridNew.mH120.-2042331532.root:/toys

 -- Hybrid New -- 
CLs = 0.0163934 +/- 0.00343054
Total toys: 10000
Done in 0.00 min (cpu), 0.69 min (real)
