>>> including systematics
>>> using the Profile Likelihood test statistics modified for upper limits (Q_LHC)
>>> method used to compute upper limit is HybridNew
>>> Using OpenSSL to get a really random seed 
>>> Used OpenSSL to get a really random seed -1280862302
Adding /uscms_data/d2/lpcljm/sapta/SUSYSearch/LimitSetting/CMSSW_7_1_5/src to include path
Adding /cvmfs/cms.cern.ch/slc6_amd64_gcc481/lcg/roofit/5.34.18-cms3//include to include path
Input workspace 'w': 

RooWorkspace(w) w contents

variables
---------
(jerUp_unc,jerUp_unc_In,jesUp_unc,jesUp_unc_In,lumi,lumi_In,n_obs_binbin1,pdf_unc,pdf_unc_In,r,xs_Bkg,xs_Bkg_In)

p.d.f.s
-------
SimpleGaussianConstraint::jerUp_unc_Pdf[ x=jerUp_unc mean=jerUp_unc_In sigma=1 ] = 1
SimpleGaussianConstraint::jesUp_unc_Pdf[ x=jesUp_unc mean=jesUp_unc_In sigma=1 ] = 1
SimpleGaussianConstraint::lumi_Pdf[ x=lumi mean=lumi_In sigma=1 ] = 1
RooProdPdf::modelObs_b[ pdf_binbin1_bonly ] = 1.21566e-07
RooProdPdf::modelObs_s[ pdf_binbin1 ] = 1.01925e-07
RooProdPdf::model_b[ modelObs_b * nuisancePdf ] = 1.21566e-07
RooProdPdf::model_s[ modelObs_s * nuisancePdf ] = 1.01925e-07
RooProdPdf::nuisancePdf[ lumi_Pdf * jesUp_unc_Pdf * pdf_unc_Pdf * xs_Bkg_Pdf * jerUp_unc_Pdf ] = 1
RooPoisson::pdf_binbin1[ x=n_obs_binbin1 mean=n_exp_binbin1 ] = 1.01925e-07
RooPoisson::pdf_binbin1_bonly[ x=n_obs_binbin1 mean=n_exp_binbin1_bonly ] = 1.21566e-07
SimpleGaussianConstraint::pdf_unc_Pdf[ x=pdf_unc mean=pdf_unc_In sigma=1 ] = 1
SimpleGaussianConstraint::xs_Bkg_Pdf[ x=xs_Bkg mean=xs_Bkg_In sigma=1 ] = 1

functions
--------
RooAddition::n_exp_binbin1[ n_exp_binbin1_proc_BH + n_exp_binbin1_proc_Background ] = 720.357
RooAddition::n_exp_binbin1_bonly[ n_exp_binbin1_proc_Background ] = 719.357
ProcessNormalization::n_exp_binbin1_proc_BH[ thetaList=(lumi,jesUp_unc,pdf_unc) asymmThetaList=() otherFactorList=(r) ] = 1
ProcessNormalization::n_exp_binbin1_proc_Background[ thetaList=(xs_Bkg,jerUp_unc) asymmThetaList=() otherFactorList=() ] = 719.357

datasets
--------
RooDataSet::data_obs(n_obs_binbin1)

named sets
----------
ModelConfig_GlobalObservables:(lumi_In,jesUp_unc_In,pdf_unc_In,xs_Bkg_In,jerUp_unc_In)
ModelConfig_NuisParams:(lumi,jesUp_unc,pdf_unc,xs_Bkg,jerUp_unc)
ModelConfig_Observables:(n_obs_binbin1)
ModelConfig_POI:(r)
ModelConfig_bonly_GlobalObservables:(lumi_In,jesUp_unc_In,pdf_unc_In,xs_Bkg_In,jerUp_unc_In)
ModelConfig_bonly_NuisParams:(lumi,jesUp_unc,pdf_unc,xs_Bkg,jerUp_unc)
ModelConfig_bonly_Observables:(n_obs_binbin1)
ModelConfig_bonly_POI:(r)
POI:(r)
globalObservables:(lumi_In,jesUp_unc_In,pdf_unc_In,xs_Bkg_In,jerUp_unc_In)
nuisances:(lumi,jesUp_unc,pdf_unc,xs_Bkg,jerUp_unc)
observables:(n_obs_binbin1)

generic objects
---------------
RooStats::ModelConfig::ModelConfig
RooStats::ModelConfig::ModelConfig_bonly
RooArgSet::discreteParams

Workspace has a ModelConfig for signal called 'ModelConfig', with contents:

=== Using the following for ModelConfig ===
Observables:             RooArgSet:: = (n_obs_binbin1)
Parameters of Interest:  RooArgSet:: = (r)
Nuisance Parameters:     RooArgSet:: = (lumi,jesUp_unc,pdf_unc,xs_Bkg,jerUp_unc)
Global Observables:      RooArgSet:: = (lumi_In,jesUp_unc_In,pdf_unc_In,xs_Bkg_In,jerUp_unc_In)
PDF:                     RooProdPdf::model_s[ modelObs_s * nuisancePdf ] = 1.01925e-07

Input ModelConfig 'ModelConfig': 

=== Using the following for ModelConfig ===
Observables:             RooArgSet:: = (n_obs_binbin1)
Parameters of Interest:  RooArgSet:: = (r)
Nuisance Parameters:     RooArgSet:: = (lumi,jesUp_unc,pdf_unc,xs_Bkg,jerUp_unc)
Global Observables:      RooArgSet:: = (lumi_In,jesUp_unc_In,pdf_unc_In,xs_Bkg_In,jerUp_unc_In)
PDF:                     RooProdPdf::model_s[ modelObs_s * nuisancePdf ] = 1.01925e-07

[#1] INFO:ObjectHandling -- RooWorkspace::import(w) importing RooUniform::prior
Computing limit starting from observation
  1) RooRealVar:: n_obs_binbin1 = 593
Set default minimizer to Minuit2
  r = 180 +/- 0
[#1] INFO:Minization --  Including the following contraint terms in minimization: (nuisancePdf)
[#1] INFO:Fitting -- RooAddition::defaultErrorLevel(nll_model_s_data_obs_with_constr) Summation contains a RooNLLVar, using its error level
Minuit2Minimizer: Minimize with max-calls 2500 convergence for edm < 0.01 strategy 1
MnSeedGenerator: for initial parameters FCN = 20.5175
MnSeedGenerator: Initial state:   - FCN =   20.51749736913 Edm =      16.7977 NCalls =     21
VariableMetric: start iterating until Edm is < 1e-05
VariableMetric: Initial state   - FCN =   20.51749736913 Edm =      16.7977 NCalls =     21
VariableMetric: Iteration #   1 - FCN =   10.03973206697 Edm =     0.324083 NCalls =     33
VariableMetric: Iteration #   2 - FCN =   8.864519653917 Edm =   0.00349879 NCalls =     45
VariableMetric: Iteration #   3 - FCN =   8.860213841975 Edm =  1.44433e-05 NCalls =     57
VariableMetric: Iteration #   4 - FCN =   8.860198967619 Edm =  1.24966e-08 NCalls =     68
VariableMetric: After Hessian   - FCN =   8.860198967619 Edm =  1.28724e-08 NCalls =     99
Number of iterations 6
----------> Iteration 0
            FVAL = 20.5174973691 Edm = 16.797742799 Nfcn = 21
            Error matrix change = 1
            Parameters :  p0 = 0 p1 = 0 p2 = 0 p3 = 0 p4 = 0
----------> Iteration 1
            FVAL = 10.039732067 Edm = 0.324082944597 Nfcn = 33
            Error matrix change = 0.5205
            Parameters :  p0 = -1.5063 p1 = 0 p2 = 0 p3 = 0 p4 = -0.325953
----------> Iteration 2
            FVAL = 8.86451965392 Edm = 0.00349879021923 Nfcn = 45
            Error matrix change = 0.353102
            Parameters :  p0 = 0.00264515 p1 = 0 p2 = 0 p3 = 0 p4 = -0.546772
----------> Iteration 3
            FVAL = 8.86021384197 Edm = 1.44433463832e-05 Nfcn = 57
            Error matrix change = 0.181145
            Parameters :  p0 = -0.066067 p1 = 0 p2 = 0 p3 = 0 p4 = -0.546366
----------> Iteration 4
            FVAL = 8.86019896762 Edm = 1.24965587018e-08 Nfcn = 68
            Error matrix change = 0.0925342
            Parameters :  p0 = -0.0625728 p1 = 0 p2 = 0 p3 = 0 p4 = -0.547228
----------> Iteration 5
            FVAL = 8.86019896762 Edm = 1.28724217424e-08 Nfcn = 99
            Error matrix change = 0
            Parameters :  p0 = -0.0625728 p1 = 0 p2 = 0 p3 = 0 p4 = -0.547228
Minuit2Minimizer : Valid minimum - status = 0
FVAL  = 8.86019896761946413
Edm   = 1.28724217424466141e-08
Nfcn  = 99
jerUp_unc	  = -0.0625728	 +/-  0.990369	(limited)
jesUp_unc	  = 0	 +/-  0.996602	(limited)
lumi	  = 0	 +/-  0.996602	(limited)
pdf_unc	  = 0	 +/-  0.996602	(limited)
xs_Bkg	  = -0.547228	 +/-  0.162944	(limited)
Zero signal fit
   0) jerUp_unc                      = -0.0625728
   1) jesUp_unc                      =         0
   2) lumi                           =         0
   3) pdf_unc                        =         0
   4) xs_Bkg                         = -0.547228

Fitting of the background hypothesis done in 0.327828 s
[#1] INFO:Fitting -- RooAddition::defaultErrorLevel(nll_model_s_data_obs_with_constr) Summation contains a RooNLLVar, using its error level
Minuit2Minimizer: Minimize with max-calls 2500 convergence for edm < 0.01 strategy 1
MnSeedGenerator: for initial parameters FCN = 32.0357
MnSeedGenerator: Initial state:   - FCN =   32.03568670404 Edm =      33.1244 NCalls =     21
VariableMetric: start iterating until Edm is < 1e-05
VariableMetric: Initial state   - FCN =   32.03568670404 Edm =      33.1244 NCalls =     21
VariableMetric: Iteration #   1 - FCN =   13.43922596122 Edm =      1.21218 NCalls =     33
VariableMetric: Iteration #   2 - FCN =   10.51262223627 Edm =     0.358707 NCalls =     45
VariableMetric: Iteration #   3 - FCN =   9.950133864082 Edm =   0.00545717 NCalls =     57
VariableMetric: Iteration #   4 - FCN =   9.943470314801 Edm =  0.000190572 NCalls =     69
VariableMetric: Iteration #   5 - FCN =   9.943232044711 Edm =  6.04112e-08 NCalls =     81
VariableMetric: After Hessian   - FCN =   9.943232044711 Edm =  6.94145e-08 NCalls =    112
Number of iterations 7
----------> Iteration 0
            FVAL = 32.035686704 Edm = 33.1244229388 Nfcn = 21
            Error matrix change = 1
            Parameters :  p0 = -0.0625728 p1 = 0 p2 = 0 p3 = 0 p4 = -0.547228
----------> Iteration 1
            FVAL = 13.4392259612 Edm = 1.21218063508 Nfcn = 33
            Error matrix change = 0.601959
            Parameters :  p0 = -1.86438 p1 = -1.0351 p2 = -1.00644 p3 = -1.16072 p4 = -1.02017
----------> Iteration 2
            FVAL = 10.5126222363 Edm = 0.358707306177 Nfcn = 45
            Error matrix change = 0.467972
            Parameters :  p0 = -0.909742 p1 = 0.163203 p2 = 0.184022 p3 = 0.0330664 p4 = -1.38087
----------> Iteration 3
            FVAL = 9.95013386408 Edm = 0.00545716879144 Nfcn = 57
            Error matrix change = 0.298913
            Parameters :  p0 = -0.268871 p1 = -0.10408 p2 = -0.105903 p3 = -0.10278 p4 = -1.53151
----------> Iteration 4
            FVAL = 9.9434703148 Edm = 0.000190572061773 Nfcn = 69
            Error matrix change = 0.195664
            Parameters :  p0 = -0.173957 p1 = -0.0826457 p2 = -0.0796722 p3 = -0.0955458 p4 = -1.53622
----------> Iteration 5
            FVAL = 9.94323204471 Edm = 6.04111711279e-08 Nfcn = 81
            Error matrix change = 0.139688
            Parameters :  p0 = -0.175029 p1 = -0.0913352 p2 = -0.0875846 p3 = -0.109388 p4 = -1.53229
----------> Iteration 6
            FVAL = 9.94323204471 Edm = 6.94145349288e-08 Nfcn = 112
            Error matrix change = 0
            Parameters :  p0 = -0.175029 p1 = -0.0913352 p2 = -0.0875846 p3 = -0.109388 p4 = -1.53229
Minuit2Minimizer : Valid minimum - status = 0
FVAL  = 9.94323204471125877
Edm   = 6.94145349288199144e-08
Nfcn  = 112
jerUp_unc	  = -0.175029	 +/-  0.990527	(limited)
jesUp_unc	  = -0.0913352	 +/-  0.991976	(limited)
lumi	  = -0.0875846	 +/-  0.992331	(limited)
pdf_unc	  = -0.109388	 +/-  0.989998	(limited)
xs_Bkg	  = -1.53229	 +/-  0.22381	(limited)
Reference signal fit
   0) jerUp_unc                      = -0.175029
   1) jesUp_unc                      = -0.0913352
   2) lumi                           = -0.0875846
   3) pdf_unc                        = -0.109388
   4) xs_Bkg                         =  -1.53229

Fitting of the signal-plus-background hypothesis done in 0.00268102 s
      Evaluation of p-values done in  6.89919 s
	CLs = 0.220736 +/- 0.0283506
      Evaluation of p-values done in  6.61897 s
	CLs = 0.181063 +/- 0.0179567
      Evaluation of p-values done in  6.62858 s
	CLs = 0.196552 +/- 0.0156388
      Evaluation of p-values done in  6.60038 s
	CLs = 0.197256 +/- 0.013531
      Evaluation of p-values done in  6.63921 s
	CLs = 0.200825 +/- 0.0122362
	CLs      = 0.200825 +/- 0.0122362
	CLb      = 0.2908 +/- 0.00642239
	CLsplusb = 0.0584 +/- 0.00331631

Hybrid result saved as HypoTestResult_mh120_r180_4246448769 in higgsCombineTest.HybridNew.mH120.-1280862302.root : higgsCombineTest.HybridNew.mH120.-1280862302.root:/toys

 -- Hybrid New -- 
CLs = 0.200825 +/- 0.0122362
Total toys: 10000
Done in 0.00 min (cpu), 0.56 min (real)
