>>> including systematics
>>> using the Profile Likelihood test statistics modified for upper limits (Q_LHC)
>>> method used to compute upper limit is HybridNew
>>> Using OpenSSL to get a really random seed 
>>> Used OpenSSL to get a really random seed 1605089721
Adding /uscms_data/d2/lpcljm/sapta/SUSYSearch/LimitSetting/CMSSW_7_1_5/src to include path
Adding /cvmfs/cms.cern.ch/slc6_amd64_gcc481/lcg/roofit/5.34.18-cms3//include to include path
Input workspace 'w': 

RooWorkspace(w) w contents

variables
---------
(jerUp_unc,jerUp_unc_In,jesUp_unc,jesUp_unc_In,lumi,lumi_In,n_obs_binbin1,pdf_unc,pdf_unc_In,r,xs_Bkg,xs_Bkg_In)

p.d.f.s
-------
SimpleGaussianConstraint::jerUp_unc_Pdf[ x=jerUp_unc mean=jerUp_unc_In sigma=1 ] = 1
SimpleGaussianConstraint::jesUp_unc_Pdf[ x=jesUp_unc mean=jesUp_unc_In sigma=1 ] = 1
SimpleGaussianConstraint::lumi_Pdf[ x=lumi mean=lumi_In sigma=1 ] = 1
RooProdPdf::modelObs_b[ pdf_binbin1_bonly ] = 2.25606e-06
RooProdPdf::modelObs_s[ pdf_binbin1 ] = 1.72143e-06
RooProdPdf::model_b[ modelObs_b * nuisancePdf ] = 2.25606e-06
RooProdPdf::model_s[ modelObs_s * nuisancePdf ] = 1.72143e-06
RooProdPdf::nuisancePdf[ lumi_Pdf * jesUp_unc_Pdf * pdf_unc_Pdf * xs_Bkg_Pdf * jerUp_unc_Pdf ] = 1
RooPoisson::pdf_binbin1[ x=n_obs_binbin1 mean=n_exp_binbin1 ] = 1.72143e-06
RooPoisson::pdf_binbin1_bonly[ x=n_obs_binbin1 mean=n_exp_binbin1_bonly ] = 2.25606e-06
SimpleGaussianConstraint::pdf_unc_Pdf[ x=pdf_unc mean=pdf_unc_In sigma=1 ] = 1
SimpleGaussianConstraint::xs_Bkg_Pdf[ x=xs_Bkg mean=xs_Bkg_In sigma=1 ] = 1

functions
--------
RooAddition::n_exp_binbin1[ n_exp_binbin1_proc_BH + n_exp_binbin1_proc_Background ] = 239.009
RooAddition::n_exp_binbin1_bonly[ n_exp_binbin1_proc_Background ] = 238.009
ProcessNormalization::n_exp_binbin1_proc_BH[ thetaList=(lumi,jesUp_unc,pdf_unc) asymmThetaList=() otherFactorList=(r) ] = 1
ProcessNormalization::n_exp_binbin1_proc_Background[ thetaList=(xs_Bkg,jerUp_unc) asymmThetaList=() otherFactorList=() ] = 238.009

datasets
--------
RooDataSet::data_obs(n_obs_binbin1)

named sets
----------
ModelConfig_GlobalObservables:(lumi_In,jesUp_unc_In,pdf_unc_In,xs_Bkg_In,jerUp_unc_In)
ModelConfig_NuisParams:(lumi,jesUp_unc,pdf_unc,xs_Bkg,jerUp_unc)
ModelConfig_Observables:(n_obs_binbin1)
ModelConfig_POI:(r)
ModelConfig_bonly_GlobalObservables:(lumi_In,jesUp_unc_In,pdf_unc_In,xs_Bkg_In,jerUp_unc_In)
ModelConfig_bonly_NuisParams:(lumi,jesUp_unc,pdf_unc,xs_Bkg,jerUp_unc)
ModelConfig_bonly_Observables:(n_obs_binbin1)
ModelConfig_bonly_POI:(r)
POI:(r)
globalObservables:(lumi_In,jesUp_unc_In,pdf_unc_In,xs_Bkg_In,jerUp_unc_In)
nuisances:(lumi,jesUp_unc,pdf_unc,xs_Bkg,jerUp_unc)
observables:(n_obs_binbin1)

generic objects
---------------
RooStats::ModelConfig::ModelConfig
RooStats::ModelConfig::ModelConfig_bonly
RooArgSet::discreteParams

Workspace has a ModelConfig for signal called 'ModelConfig', with contents:

=== Using the following for ModelConfig ===
Observables:             RooArgSet:: = (n_obs_binbin1)
Parameters of Interest:  RooArgSet:: = (r)
Nuisance Parameters:     RooArgSet:: = (lumi,jesUp_unc,pdf_unc,xs_Bkg,jerUp_unc)
Global Observables:      RooArgSet:: = (lumi_In,jesUp_unc_In,pdf_unc_In,xs_Bkg_In,jerUp_unc_In)
PDF:                     RooProdPdf::model_s[ modelObs_s * nuisancePdf ] = 1.72143e-06

Input ModelConfig 'ModelConfig': 

=== Using the following for ModelConfig ===
Observables:             RooArgSet:: = (n_obs_binbin1)
Parameters of Interest:  RooArgSet:: = (r)
Nuisance Parameters:     RooArgSet:: = (lumi,jesUp_unc,pdf_unc,xs_Bkg,jerUp_unc)
Global Observables:      RooArgSet:: = (lumi_In,jesUp_unc_In,pdf_unc_In,xs_Bkg_In,jerUp_unc_In)
PDF:                     RooProdPdf::model_s[ modelObs_s * nuisancePdf ] = 1.72143e-06

[#1] INFO:ObjectHandling -- RooWorkspace::import(w) importing RooUniform::prior
Computing limit starting from observation
  1) RooRealVar:: n_obs_binbin1 = 174
Set default minimizer to Minuit2
  r = 180 +/- 0
[#1] INFO:Minization --  Including the following contraint terms in minimization: (nuisancePdf)
[#1] INFO:Fitting -- RooAddition::defaultErrorLevel(nll_model_s_data_obs_with_constr) Summation contains a RooNLLVar, using its error level
Minuit2Minimizer: Minimize with max-calls 2500 convergence for edm < 0.01 strategy 1
MnSeedGenerator: for initial parameters FCN = 17.5966
MnSeedGenerator: Initial state:   - FCN =   17.59658291246 Edm =      10.7489 NCalls =     21
VariableMetric: start iterating until Edm is < 1e-05
VariableMetric: Initial state   - FCN =   17.59658291246 Edm =      10.7489 NCalls =     21
VariableMetric: Iteration #   1 - FCN =   9.443795196491 Edm =     0.532524 NCalls =     33
VariableMetric: Iteration #   2 - FCN =    8.31468088448 Edm =  0.000176447 NCalls =     45
VariableMetric: Iteration #   3 - FCN =   8.314328648017 Edm =  1.40981e-07 NCalls =     56
VariableMetric: After Hessian   - FCN =   8.314328648017 Edm =  1.49079e-07 NCalls =     87
Number of iterations 5
----------> Iteration 0
            FVAL = 17.5965829125 Edm = 10.7489148261 Nfcn = 21
            Error matrix change = 1
            Parameters :  p0 = 0 p1 = 0 p2 = 0 p3 = 0 p4 = 0
----------> Iteration 1
            FVAL = 9.44379519649 Edm = 0.532523663075 Nfcn = 33
            Error matrix change = 0.528303
            Parameters :  p0 = -1.41674 p1 = 0 p2 = 0 p3 = 0 p4 = -0.441285
----------> Iteration 2
            FVAL = 8.31468088448 Edm = 0.000176446577757 Nfcn = 45
            Error matrix change = 0.32801
            Parameters :  p0 = -0.0293386 p1 = 0 p2 = 0 p3 = 0 p4 = -0.65642
----------> Iteration 3
            FVAL = 8.31432864802 Edm = 1.40981269124e-07 Nfcn = 56
            Error matrix change = 0.165452
            Parameters :  p0 = -0.0555449 p1 = 0 p2 = 0 p3 = 0 p4 = -0.653337
----------> Iteration 4
            FVAL = 8.31432864802 Edm = 1.49079106032e-07 Nfcn = 87
            Error matrix change = 0
            Parameters :  p0 = -0.0555449 p1 = 0 p2 = 0 p3 = 0 p4 = -0.653337
Minuit2Minimizer : Valid minimum - status = 0
FVAL  = 8.3143286480169909
Edm   = 1.49079106031841658e-07
Nfcn  = 87
jerUp_unc	  = -0.0555449	 +/-  0.993201	(limited)
jesUp_unc	  = 0	 +/-  0.996602	(limited)
lumi	  = 0	 +/-  0.996602	(limited)
pdf_unc	  = 0	 +/-  0.996602	(limited)
xs_Bkg	  = -0.653337	 +/-  0.180446	(limited)
Zero signal fit
   0) jerUp_unc                      = -0.0555449
   1) jesUp_unc                      =         0
   2) lumi                           =         0
   3) pdf_unc                        =         0
   4) xs_Bkg                         = -0.653337

Fitting of the background hypothesis done in 0.299305 s
[#1] INFO:Fitting -- RooAddition::defaultErrorLevel(nll_model_s_data_obs_with_constr) Summation contains a RooNLLVar, using its error level
Minuit2Minimizer: Minimize with max-calls 2500 convergence for edm < 0.01 strategy 1
MnSeedGenerator: for initial parameters FCN = 65.4475
MnSeedGenerator: Initial state:   - FCN =   65.44751516434 Edm =      57.3723 NCalls =     21
VariableMetric: start iterating until Edm is < 1e-05
VariableMetric: Initial state   - FCN =   65.44751516434 Edm =      57.3723 NCalls =     21
VariableMetric: Iteration #   1 - FCN =   27.16207273847 Edm =      2.76615 NCalls =     35
VariableMetric: Iteration #   2 - FCN =   18.87094376297 Edm =     0.491463 NCalls =     47
VariableMetric: Iteration #   3 - FCN =   17.63601384374 Edm =    0.0702328 NCalls =     60
VariableMetric: Iteration #   4 - FCN =   17.54513027912 Edm =   0.00264322 NCalls =     72
VariableMetric: Iteration #   5 - FCN =   17.54151621081 Edm =  2.43188e-05 NCalls =     84
VariableMetric: Iteration #   6 - FCN =    17.5414882975 Edm =  3.13046e-07 NCalls =     96
VariableMetric: After Hessian   - FCN =    17.5414882975 Edm =  3.80352e-07 NCalls =    127
Number of iterations 8
----------> Iteration 0
            FVAL = 65.4475151643 Edm = 57.3722940347 Nfcn = 21
            Error matrix change = 1
            Parameters :  p0 = -0.0555449 p1 = 0 p2 = 0 p3 = 0 p4 = -0.653337
----------> Iteration 1
            FVAL = 27.1620727385 Edm = 2.76615401402 Nfcn = 35
            Error matrix change = 0.607936
            Parameters :  p0 = -2.05859 p1 = -2.35592 p2 = -2.30909 p3 = -2.53878 p4 = -1.61398
----------> Iteration 2
            FVAL = 18.870943763 Edm = 0.491463423473 Nfcn = 47
            Error matrix change = 0.443571
            Parameters :  p0 = 0.010009 p1 = -0.97283 p2 = -0.855331 p3 = -1.56246 p4 = -2.65642
----------> Iteration 3
            FVAL = 17.6360138437 Edm = 0.0702328190436 Nfcn = 60
            Error matrix change = 0.277497
            Parameters :  p0 = -0.214572 p1 = -1.23343 p2 = -1.22189 p3 = -1.37958 p4 = -3.15398
----------> Iteration 4
            FVAL = 17.5451302791 Edm = 0.00264321769698 Nfcn = 72
            Error matrix change = 0.183902
            Parameters :  p0 = -0.275038 p1 = -1.04177 p2 = -1.01119 p3 = -1.20843 p4 = -3.28253
----------> Iteration 5
            FVAL = 17.5415162108 Edm = 2.43187666488e-05 Nfcn = 84
            Error matrix change = 0.123753
            Parameters :  p0 = -0.283503 p1 = -1.04697 p2 = -1.00571 p3 = -1.2427 p4 = -3.30944
----------> Iteration 6
            FVAL = 17.5414882975 Edm = 3.13046391392e-07 Nfcn = 96
            Error matrix change = 0.111874
            Parameters :  p0 = -0.279902 p1 = -1.04281 p2 = -1.00176 p3 = -1.24454 p4 = -3.31083
----------> Iteration 7
            FVAL = 17.5414882975 Edm = 3.80352102018e-07 Nfcn = 127
            Error matrix change = 0
            Parameters :  p0 = -0.279902 p1 = -1.04281 p2 = -1.00176 p3 = -1.24454 p4 = -3.31083
Minuit2Minimizer : Valid minimum - status = 0
FVAL  = 17.5414882974997433
Edm   = 3.80352102017518431e-07
Nfcn  = 127
jerUp_unc	  = -0.279902	 +/-  0.99398	(limited)
jesUp_unc	  = -1.04281	 +/-  0.94105	(limited)
lumi	  = -1.00176	 +/-  0.945422	(limited)
pdf_unc	  = -1.24454	 +/-  0.916315	(limited)
xs_Bkg	  = -3.31083	 +/-  0.506995	(limited)
Reference signal fit
   0) jerUp_unc                      = -0.279902
   1) jesUp_unc                      =  -1.04281
   2) lumi                           =  -1.00176
   3) pdf_unc                        =  -1.24454
   4) xs_Bkg                         =  -3.31083

Fitting of the signal-plus-background hypothesis done in 0.00264502 s
      Evaluation of p-values done in  7.56995 s
	CLs = 0 +/- 0
      Evaluation of p-values done in  7.16021 s
	CLs = 0 +/- 0
      Evaluation of p-values done in  7.36905 s
	CLs = 0 +/- 0
      Evaluation of p-values done in  6.96523 s
	CLs = 0 +/- 0
      Evaluation of p-values done in  7.43059 s
	CLs = 0 +/- 0
	CLs      = 0 +/- 0
	CLb      = 0.3074 +/- 0.00652542
	CLsplusb = 0 +/- 0

Hybrid result saved as HypoTestResult_mh120_r180_676596683 in higgsCombineTest.HybridNew.mH120.1605089721.root : higgsCombineTest.HybridNew.mH120.1605089721.root:/toys

 -- Hybrid New -- 
CLs = 0 +/- 0
Total toys: 10000
Done in 0.00 min (cpu), 0.61 min (real)
