>>> including systematics
>>> using the Profile Likelihood test statistics modified for upper limits (Q_LHC)
>>> method used to compute upper limit is HybridNew
>>> Using OpenSSL to get a really random seed 
>>> Used OpenSSL to get a really random seed -439002150
Adding /uscms_data/d2/lpcljm/sapta/SUSYSearch/LimitSetting/CMSSW_7_1_5/src to include path
Adding /cvmfs/cms.cern.ch/slc6_amd64_gcc481/lcg/roofit/5.34.18-cms3//include to include path
Input workspace 'w': 

RooWorkspace(w) w contents

variables
---------
(jerUp_unc,jerUp_unc_In,jesUp_unc,jesUp_unc_In,lumi,lumi_In,n_obs_binbin1,pdf_unc,pdf_unc_In,r,xs_Bkg,xs_Bkg_In)

p.d.f.s
-------
SimpleGaussianConstraint::jerUp_unc_Pdf[ x=jerUp_unc mean=jerUp_unc_In sigma=1 ] = 1
SimpleGaussianConstraint::jesUp_unc_Pdf[ x=jesUp_unc mean=jesUp_unc_In sigma=1 ] = 1
SimpleGaussianConstraint::lumi_Pdf[ x=lumi mean=lumi_In sigma=1 ] = 1
RooProdPdf::modelObs_b[ pdf_binbin1_bonly ] = 5.01955e-14
RooProdPdf::modelObs_s[ pdf_binbin1 ] = 4.61194e-14
RooProdPdf::model_b[ modelObs_b * nuisancePdf ] = 5.01955e-14
RooProdPdf::model_s[ modelObs_s * nuisancePdf ] = 4.61194e-14
RooProdPdf::nuisancePdf[ lumi_Pdf * jesUp_unc_Pdf * pdf_unc_Pdf * xs_Bkg_Pdf * jerUp_unc_Pdf ] = 1
RooPoisson::pdf_binbin1[ x=n_obs_binbin1 mean=n_exp_binbin1 ] = 4.61194e-14
RooPoisson::pdf_binbin1_bonly[ x=n_obs_binbin1 mean=n_exp_binbin1_bonly ] = 5.01955e-14
SimpleGaussianConstraint::pdf_unc_Pdf[ x=pdf_unc mean=pdf_unc_In sigma=1 ] = 1
SimpleGaussianConstraint::xs_Bkg_Pdf[ x=xs_Bkg mean=xs_Bkg_In sigma=1 ] = 1

functions
--------
RooAddition::n_exp_binbin1[ n_exp_binbin1_proc_BH + n_exp_binbin1_proc_Background ] = 6872.51
RooAddition::n_exp_binbin1_bonly[ n_exp_binbin1_proc_Background ] = 6871.51
ProcessNormalization::n_exp_binbin1_proc_BH[ thetaList=(lumi,jesUp_unc,pdf_unc) asymmThetaList=() otherFactorList=(r) ] = 1
ProcessNormalization::n_exp_binbin1_proc_Background[ thetaList=(xs_Bkg,jerUp_unc) asymmThetaList=() otherFactorList=() ] = 6871.51

datasets
--------
RooDataSet::data_obs(n_obs_binbin1)

named sets
----------
ModelConfig_GlobalObservables:(lumi_In,jesUp_unc_In,pdf_unc_In,xs_Bkg_In,jerUp_unc_In)
ModelConfig_NuisParams:(lumi,jesUp_unc,pdf_unc,xs_Bkg,jerUp_unc)
ModelConfig_Observables:(n_obs_binbin1)
ModelConfig_POI:(r)
ModelConfig_bonly_GlobalObservables:(lumi_In,jesUp_unc_In,pdf_unc_In,xs_Bkg_In,jerUp_unc_In)
ModelConfig_bonly_NuisParams:(lumi,jesUp_unc,pdf_unc,xs_Bkg,jerUp_unc)
ModelConfig_bonly_Observables:(n_obs_binbin1)
ModelConfig_bonly_POI:(r)
POI:(r)
globalObservables:(lumi_In,jesUp_unc_In,pdf_unc_In,xs_Bkg_In,jerUp_unc_In)
nuisances:(lumi,jesUp_unc,pdf_unc,xs_Bkg,jerUp_unc)
observables:(n_obs_binbin1)

generic objects
---------------
RooStats::ModelConfig::ModelConfig
RooStats::ModelConfig::ModelConfig_bonly
RooArgSet::discreteParams

Workspace has a ModelConfig for signal called 'ModelConfig', with contents:

=== Using the following for ModelConfig ===
Observables:             RooArgSet:: = (n_obs_binbin1)
Parameters of Interest:  RooArgSet:: = (r)
Nuisance Parameters:     RooArgSet:: = (lumi,jesUp_unc,pdf_unc,xs_Bkg,jerUp_unc)
Global Observables:      RooArgSet:: = (lumi_In,jesUp_unc_In,pdf_unc_In,xs_Bkg_In,jerUp_unc_In)
PDF:                     RooProdPdf::model_s[ modelObs_s * nuisancePdf ] = 4.61194e-14

Input ModelConfig 'ModelConfig': 

=== Using the following for ModelConfig ===
Observables:             RooArgSet:: = (n_obs_binbin1)
Parameters of Interest:  RooArgSet:: = (r)
Nuisance Parameters:     RooArgSet:: = (lumi,jesUp_unc,pdf_unc,xs_Bkg,jerUp_unc)
Global Observables:      RooArgSet:: = (lumi_In,jesUp_unc_In,pdf_unc_In,xs_Bkg_In,jerUp_unc_In)
PDF:                     RooProdPdf::model_s[ modelObs_s * nuisancePdf ] = 4.61194e-14

[#1] INFO:ObjectHandling -- RooWorkspace::import(w) importing RooUniform::prior
Computing limit starting from observation
  1) RooRealVar:: n_obs_binbin1 = 6290
Set default minimizer to Minuit2
  r = 2250 +/- 0
[#1] INFO:Minization --  Including the following contraint terms in minimization: (nuisancePdf)
[#1] INFO:Fitting -- RooAddition::defaultErrorLevel(nll_model_s_data_obs_with_constr) Summation contains a RooNLLVar, using its error level
Minuit2Minimizer: Minimize with max-calls 2500 convergence for edm < 0.01 strategy 1
MnSeedGenerator: for initial parameters FCN = 35.2175
MnSeedGenerator: Initial state:   - FCN =   35.21754290863 Edm =      46.9275 NCalls =     21
VariableMetric: start iterating until Edm is < 1e-05
VariableMetric: Initial state   - FCN =   35.21754290863 Edm =      46.9275 NCalls =     21
VariableMetric: Iteration #   1 - FCN =   10.50415967314 Edm =    0.0300174 NCalls =     33
VariableMetric: Iteration #   2 - FCN =    10.3797505171 Edm =    0.0736113 NCalls =     45
VariableMetric: Iteration #   3 - FCN =     10.047574481 Edm =  9.39784e-05 NCalls =     57
VariableMetric: Iteration #   4 - FCN =   10.04743801827 Edm =  1.09994e-07 NCalls =     68
VariableMetric: After Hessian   - FCN =   10.04743801827 Edm =  1.06858e-07 NCalls =     99
Number of iterations 6
----------> Iteration 0
            FVAL = 35.2175429086 Edm = 46.9274782192 Nfcn = 21
            Error matrix change = 1
            Parameters :  p0 = 0 p1 = 0 p2 = 0 p3 = 0 p4 = 0
----------> Iteration 1
            FVAL = 10.5041596731 Edm = 0.030017443006 Nfcn = 33
            Error matrix change = 0.504537
            Parameters :  p0 = -1.06606 p1 = 0 p2 = 0 p3 = 0 p4 = -0.303117
----------> Iteration 2
            FVAL = 10.3797505171 Edm = 0.0736112700331 Nfcn = 45
            Error matrix change = 0.31914
            Parameters :  p0 = -0.788994 p1 = 0 p2 = 0 p3 = 0 p4 = -0.34015
----------> Iteration 3
            FVAL = 10.047574481 Edm = 9.39783811187e-05 Nfcn = 57
            Error matrix change = 0.24257
            Parameters :  p0 = -0.157774 p1 = 0 p2 = 0 p3 = 0 p4 = -0.542733
----------> Iteration 4
            FVAL = 10.0474380183 Edm = 1.09993996993e-07 Nfcn = 68
            Error matrix change = 0.12219
            Parameters :  p0 = -0.142114 p1 = 0 p2 = 0 p3 = 0 p4 = -0.546392
----------> Iteration 5
            FVAL = 10.0474380183 Edm = 1.06857884617e-07 Nfcn = 99
            Error matrix change = 0
            Parameters :  p0 = -0.142114 p1 = 0 p2 = 0 p3 = 0 p4 = -0.546392
Minuit2Minimizer : Valid minimum - status = 0
FVAL  = 10.0474380182721301
Edm   = 1.06857884617095841e-07
Nfcn  = 99
jerUp_unc	  = -0.142114	 +/-  0.965077	(limited)
jesUp_unc	  = 0	 +/-  0.996602	(limited)
lumi	  = 0	 +/-  0.996602	(limited)
pdf_unc	  = 0	 +/-  0.996602	(limited)
xs_Bkg	  = -0.546392	 +/-  0.263916	(limited)
Zero signal fit
   0) jerUp_unc                      = -0.142114
   1) jesUp_unc                      =         0
   2) lumi                           =         0
   3) pdf_unc                        =         0
   4) xs_Bkg                         = -0.546392

Fitting of the background hypothesis done in 0.301133 s
[#1] INFO:Fitting -- RooAddition::defaultErrorLevel(nll_model_s_data_obs_with_constr) Summation contains a RooNLLVar, using its error level
Minuit2Minimizer: Minimize with max-calls 2500 convergence for edm < 0.01 strategy 1
MnSeedGenerator: for initial parameters FCN = 337.53
MnSeedGenerator: Initial state:   - FCN =   337.5300016215 Edm =      866.522 NCalls =     21
VariableMetric: start iterating until Edm is < 1e-05
VariableMetric: Initial state   - FCN =   337.5300016215 Edm =      866.522 NCalls =     21
VariableMetric: Iteration #   1 - FCN =   45.31752919297 Edm =      24.7413 NCalls =     41
VariableMetric: Iteration #   2 - FCN =   28.27001813798 Edm =       1.5652 NCalls =     60
VariableMetric: Iteration #   3 - FCN =   21.62368959345 Edm =       1.7408 NCalls =     74
VariableMetric: Iteration #   4 - FCN =   19.31622904924 Edm =      0.50217 NCalls =     86
VariableMetric: Iteration #   5 - FCN =   18.22686416459 Edm =     0.519095 NCalls =     99
VariableMetric: Iteration #   6 - FCN =   16.12630565219 Edm =     0.330291 NCalls =    112
VariableMetric: Iteration #   7 - FCN =   15.59515216896 Edm =      0.17117 NCalls =    124
VariableMetric: Iteration #   8 - FCN =   15.27050540781 Edm =     0.039908 NCalls =    136
VariableMetric: Iteration #   9 - FCN =   15.17333801968 Edm =   0.00294395 NCalls =    148
VariableMetric: Iteration #  10 - FCN =   15.16966598944 Edm =  0.000368424 NCalls =    160
VariableMetric: Iteration #  11 - FCN =   15.16874078179 Edm =  8.08298e-05 NCalls =    172
VariableMetric: Iteration #  12 - FCN =   15.16864461942 Edm =  1.15651e-09 NCalls =    184
VariableMetric: After Hessian   - FCN =   15.16864461942 Edm =  1.17759e-09 NCalls =    217
Number of iterations 14
----------> Iteration 0
            FVAL = 337.530001621 Edm = 866.521688843 Nfcn = 21
            Error matrix change = 1
            Parameters :  p0 = -0.142114 p1 = 0 p2 = 0 p3 = 0 p4 = -0.546392
----------> Iteration 1
            FVAL = 45.317529193 Edm = 24.7412728114 Nfcn = 41
            Error matrix change = 0.622708
            Parameters :  p0 = -3.4905 p1 = -3.8511 p2 = -3.95926 p3 = -3.56307 p4 = -1.55722
----------> Iteration 2
            FVAL = 28.270018138 Edm = 1.56519773225 Nfcn = 60
            Error matrix change = 0.449087
            Parameters :  p0 = -2.83116 p1 = -2.78436 p2 = -2.75987 p3 = -2.75198 p4 = -1.41685
----------> Iteration 3
            FVAL = 21.6236895934 Edm = 1.74079963136 Nfcn = 74
            Error matrix change = 0.475144
            Parameters :  p0 = -3.08346 p1 = -1.08456 p2 = -0.730188 p3 = -1.72083 p4 = -1.83803
----------> Iteration 4
            FVAL = 19.3162290492 Edm = 0.50217012349 Nfcn = 86
            Error matrix change = 0.290838
            Parameters :  p0 = -3.23615 p1 = -0.94061 p2 = -0.622312 p3 = -1.60944 p4 = -2.08916
----------> Iteration 5
            FVAL = 18.2268641646 Edm = 0.519094813016 Nfcn = 99
            Error matrix change = 0.330346
            Parameters :  p0 = -3.04738 p1 = -0.189075 p2 = 0.0368996 p3 = -0.87611 p4 = -2.41827
----------> Iteration 6
            FVAL = 16.1263056522 Edm = 0.330290651218 Nfcn = 112
            Error matrix change = 0.419584
            Parameters :  p0 = -1.86119 p1 = -0.381113 p2 = -0.766011 p3 = -0.119633 p4 = -2.86368
----------> Iteration 7
            FVAL = 15.595152169 Edm = 0.171170001613 Nfcn = 124
            Error matrix change = 0.354816
            Parameters :  p0 = -1.15969 p1 = -0.295602 p2 = -0.697984 p3 = 0.187412 p4 = -3.04028
----------> Iteration 8
            FVAL = 15.2705054078 Edm = 0.0399079869965 Nfcn = 136
            Error matrix change = 0.339723
            Parameters :  p0 = -0.979111 p1 = -0.682141 p2 = -0.717436 p3 = -0.434164 p4 = -2.89785
----------> Iteration 9
            FVAL = 15.1733380197 Edm = 0.0029439493963 Nfcn = 148
            Error matrix change = 0.326108
            Parameters :  p0 = -0.773154 p1 = -0.526436 p2 = -0.407408 p3 = -0.530079 p4 = -3.00969
----------> Iteration 10
            FVAL = 15.1696659894 Edm = 0.000368423635371 Nfcn = 160
            Error matrix change = 0.202696
            Parameters :  p0 = -0.795894 p1 = -0.510369 p2 = -0.418108 p3 = -0.557715 p4 = -3.00889
----------> Iteration 11
            FVAL = 15.1687407818 Edm = 8.08297952585e-05 Nfcn = 172
            Error matrix change = 0.241767
            Parameters :  p0 = -0.773775 p1 = -0.487259 p2 = -0.442039 p3 = -0.571659 p4 = -3.01133
----------> Iteration 12
            FVAL = 15.1686446194 Edm = 1.15651242265e-09 Nfcn = 184
            Error matrix change = 0.147985
            Parameters :  p0 = -0.783825 p1 = -0.479682 p2 = -0.44218 p3 = -0.572868 p4 = -3.00902
----------> Iteration 13
            FVAL = 15.1686446194 Edm = 1.1775862535e-09 Nfcn = 217
            Error matrix change = 0
            Parameters :  p0 = -0.783825 p1 = -0.479682 p2 = -0.44218 p3 = -0.572868 p4 = -3.00902
Minuit2Minimizer : Valid minimum - status = 0
FVAL  = 15.1686446194204212
Edm   = 1.1775862534968162e-09
Nfcn  = 217
jerUp_unc	  = -0.783825	 +/-  0.967451	(limited)
jesUp_unc	  = -0.479682	 +/-  0.972232	(limited)
lumi	  = -0.44218	 +/-  0.975931	(limited)
pdf_unc	  = -0.572868	 +/-  0.961637	(limited)
xs_Bkg	  = -3.00902	 +/-  0.368325	(limited)
Reference signal fit
   0) jerUp_unc                      = -0.783825
   1) jesUp_unc                      = -0.479682
   2) lumi                           =  -0.44218
   3) pdf_unc                        = -0.572868
   4) xs_Bkg                         =  -3.00902

Fitting of the signal-plus-background hypothesis done in 0.00338411 s
      Evaluation of p-values done in  8.92334 s
	CLs = 0.00613497 +/- 0.00434271
      Evaluation of p-values done in  8.87984 s
	CLs = 0.00647249 +/- 0.00324024
      Evaluation of p-values done in  9.06757 s
	CLs = 0.00426894 +/- 0.00213618
      Evaluation of p-values done in  8.64663 s
	CLs = 0.00407498 +/- 0.00182382
      Evaluation of p-values done in  9.08307 s
	CLs = 0.00328947 +/- 0.00147205
	CLs      = 0.00328947 +/- 0.00147205
	CLb      = 0.304 +/- 0.00650514
	CLsplusb = 0.001 +/- 0.00044699

Hybrid result saved as HypoTestResult_mh120_r2250_652480574 in higgsCombineTest.HybridNew.mH120.-439002150.root : higgsCombineTest.HybridNew.mH120.-439002150.root:/toys

 -- Hybrid New -- 
CLs = 0.00328947 +/- 0.00147205
Total toys: 10000
Done in 0.00 min (cpu), 0.75 min (real)
