>>> including systematics
>>> using the Profile Likelihood test statistics modified for upper limits (Q_LHC)
>>> method used to compute upper limit is HybridNew
>>> Using OpenSSL to get a really random seed 
>>> Used OpenSSL to get a really random seed -406932084
Adding /uscms_data/d2/lpcljm/sapta/SUSYSearch/LimitSetting/CMSSW_7_1_5/src to include path
Adding /cvmfs/cms.cern.ch/slc6_amd64_gcc481/lcg/roofit/5.34.18-cms3//include to include path
Input workspace 'w': 

RooWorkspace(w) w contents

variables
---------
(jerUp_unc,jerUp_unc_In,jesUp_unc,jesUp_unc_In,lumi,lumi_In,n_obs_binbin1,pdf_unc,pdf_unc_In,r,xs_Bkg,xs_Bkg_In)

p.d.f.s
-------
SimpleGaussianConstraint::jerUp_unc_Pdf[ x=jerUp_unc mean=jerUp_unc_In sigma=1 ] = 1
SimpleGaussianConstraint::jesUp_unc_Pdf[ x=jesUp_unc mean=jesUp_unc_In sigma=1 ] = 1
SimpleGaussianConstraint::lumi_Pdf[ x=lumi mean=lumi_In sigma=1 ] = 1
RooProdPdf::modelObs_b[ pdf_binbin1_bonly ] = 5.01955e-14
RooProdPdf::modelObs_s[ pdf_binbin1 ] = 4.61194e-14
RooProdPdf::model_b[ modelObs_b * nuisancePdf ] = 5.01955e-14
RooProdPdf::model_s[ modelObs_s * nuisancePdf ] = 4.61194e-14
RooProdPdf::nuisancePdf[ lumi_Pdf * jesUp_unc_Pdf * pdf_unc_Pdf * xs_Bkg_Pdf * jerUp_unc_Pdf ] = 1
RooPoisson::pdf_binbin1[ x=n_obs_binbin1 mean=n_exp_binbin1 ] = 4.61194e-14
RooPoisson::pdf_binbin1_bonly[ x=n_obs_binbin1 mean=n_exp_binbin1_bonly ] = 5.01955e-14
SimpleGaussianConstraint::pdf_unc_Pdf[ x=pdf_unc mean=pdf_unc_In sigma=1 ] = 1
SimpleGaussianConstraint::xs_Bkg_Pdf[ x=xs_Bkg mean=xs_Bkg_In sigma=1 ] = 1

functions
--------
RooAddition::n_exp_binbin1[ n_exp_binbin1_proc_BH + n_exp_binbin1_proc_Background ] = 6872.51
RooAddition::n_exp_binbin1_bonly[ n_exp_binbin1_proc_Background ] = 6871.51
ProcessNormalization::n_exp_binbin1_proc_BH[ thetaList=(lumi,jesUp_unc,pdf_unc) asymmThetaList=() otherFactorList=(r) ] = 1
ProcessNormalization::n_exp_binbin1_proc_Background[ thetaList=(xs_Bkg,jerUp_unc) asymmThetaList=() otherFactorList=() ] = 6871.51

datasets
--------
RooDataSet::data_obs(n_obs_binbin1)

named sets
----------
ModelConfig_GlobalObservables:(lumi_In,jesUp_unc_In,pdf_unc_In,xs_Bkg_In,jerUp_unc_In)
ModelConfig_NuisParams:(lumi,jesUp_unc,pdf_unc,xs_Bkg,jerUp_unc)
ModelConfig_Observables:(n_obs_binbin1)
ModelConfig_POI:(r)
ModelConfig_bonly_GlobalObservables:(lumi_In,jesUp_unc_In,pdf_unc_In,xs_Bkg_In,jerUp_unc_In)
ModelConfig_bonly_NuisParams:(lumi,jesUp_unc,pdf_unc,xs_Bkg,jerUp_unc)
ModelConfig_bonly_Observables:(n_obs_binbin1)
ModelConfig_bonly_POI:(r)
POI:(r)
globalObservables:(lumi_In,jesUp_unc_In,pdf_unc_In,xs_Bkg_In,jerUp_unc_In)
nuisances:(lumi,jesUp_unc,pdf_unc,xs_Bkg,jerUp_unc)
observables:(n_obs_binbin1)

generic objects
---------------
RooStats::ModelConfig::ModelConfig
RooStats::ModelConfig::ModelConfig_bonly
RooArgSet::discreteParams

Workspace has a ModelConfig for signal called 'ModelConfig', with contents:

=== Using the following for ModelConfig ===
Observables:             RooArgSet:: = (n_obs_binbin1)
Parameters of Interest:  RooArgSet:: = (r)
Nuisance Parameters:     RooArgSet:: = (lumi,jesUp_unc,pdf_unc,xs_Bkg,jerUp_unc)
Global Observables:      RooArgSet:: = (lumi_In,jesUp_unc_In,pdf_unc_In,xs_Bkg_In,jerUp_unc_In)
PDF:                     RooProdPdf::model_s[ modelObs_s * nuisancePdf ] = 4.61194e-14

Input ModelConfig 'ModelConfig': 

=== Using the following for ModelConfig ===
Observables:             RooArgSet:: = (n_obs_binbin1)
Parameters of Interest:  RooArgSet:: = (r)
Nuisance Parameters:     RooArgSet:: = (lumi,jesUp_unc,pdf_unc,xs_Bkg,jerUp_unc)
Global Observables:      RooArgSet:: = (lumi_In,jesUp_unc_In,pdf_unc_In,xs_Bkg_In,jerUp_unc_In)
PDF:                     RooProdPdf::model_s[ modelObs_s * nuisancePdf ] = 4.61194e-14

[#1] INFO:ObjectHandling -- RooWorkspace::import(w) importing RooUniform::prior
Computing limit starting from observation
  1) RooRealVar:: n_obs_binbin1 = 6290
Set default minimizer to Minuit2
  r = 2500 +/- 0
[#1] INFO:Minization --  Including the following contraint terms in minimization: (nuisancePdf)
[#1] INFO:Fitting -- RooAddition::defaultErrorLevel(nll_model_s_data_obs_with_constr) Summation contains a RooNLLVar, using its error level
Minuit2Minimizer: Minimize with max-calls 2500 convergence for edm < 0.01 strategy 1
MnSeedGenerator: for initial parameters FCN = 35.2175
MnSeedGenerator: Initial state:   - FCN =   35.21754290863 Edm =      46.9275 NCalls =     21
VariableMetric: start iterating until Edm is < 1e-05
VariableMetric: Initial state   - FCN =   35.21754290863 Edm =      46.9275 NCalls =     21
VariableMetric: Iteration #   1 - FCN =   10.50415967314 Edm =    0.0300174 NCalls =     33
VariableMetric: Iteration #   2 - FCN =    10.3797505171 Edm =    0.0736113 NCalls =     45
VariableMetric: Iteration #   3 - FCN =     10.047574481 Edm =  9.39784e-05 NCalls =     57
VariableMetric: Iteration #   4 - FCN =   10.04743801827 Edm =  1.09994e-07 NCalls =     68
VariableMetric: After Hessian   - FCN =   10.04743801827 Edm =  1.06858e-07 NCalls =     99
Number of iterations 6
----------> Iteration 0
            FVAL = 35.2175429086 Edm = 46.9274782192 Nfcn = 21
            Error matrix change = 1
            Parameters :  p0 = 0 p1 = 0 p2 = 0 p3 = 0 p4 = 0
----------> Iteration 1
            FVAL = 10.5041596731 Edm = 0.030017443006 Nfcn = 33
            Error matrix change = 0.504537
            Parameters :  p0 = -1.06606 p1 = 0 p2 = 0 p3 = 0 p4 = -0.303117
----------> Iteration 2
            FVAL = 10.3797505171 Edm = 0.0736112700331 Nfcn = 45
            Error matrix change = 0.31914
            Parameters :  p0 = -0.788994 p1 = 0 p2 = 0 p3 = 0 p4 = -0.34015
----------> Iteration 3
            FVAL = 10.047574481 Edm = 9.39783811187e-05 Nfcn = 57
            Error matrix change = 0.24257
            Parameters :  p0 = -0.157774 p1 = 0 p2 = 0 p3 = 0 p4 = -0.542733
----------> Iteration 4
            FVAL = 10.0474380183 Edm = 1.09993996993e-07 Nfcn = 68
            Error matrix change = 0.12219
            Parameters :  p0 = -0.142114 p1 = 0 p2 = 0 p3 = 0 p4 = -0.546392
----------> Iteration 5
            FVAL = 10.0474380183 Edm = 1.06857884617e-07 Nfcn = 99
            Error matrix change = 0
            Parameters :  p0 = -0.142114 p1 = 0 p2 = 0 p3 = 0 p4 = -0.546392
Minuit2Minimizer : Valid minimum - status = 0
FVAL  = 10.0474380182721301
Edm   = 1.06857884617095841e-07
Nfcn  = 99
jerUp_unc	  = -0.142114	 +/-  0.965077	(limited)
jesUp_unc	  = 0	 +/-  0.996602	(limited)
lumi	  = 0	 +/-  0.996602	(limited)
pdf_unc	  = 0	 +/-  0.996602	(limited)
xs_Bkg	  = -0.546392	 +/-  0.263916	(limited)
Zero signal fit
   0) jerUp_unc                      = -0.142114
   1) jesUp_unc                      =         0
   2) lumi                           =         0
   3) pdf_unc                        =         0
   4) xs_Bkg                         = -0.546392

Fitting of the background hypothesis done in 0.299884 s
[#1] INFO:Fitting -- RooAddition::defaultErrorLevel(nll_model_s_data_obs_with_constr) Summation contains a RooNLLVar, using its error level
Minuit2Minimizer: Minimize with max-calls 2500 convergence for edm < 0.01 strategy 1
MnSeedGenerator: for initial parameters FCN = 406.117
MnSeedGenerator: Initial state:   - FCN =   406.1168710036 Edm =      1053.28 NCalls =     21
VariableMetric: start iterating until Edm is < 1e-05
VariableMetric: Initial state   - FCN =   406.1168710036 Edm =      1053.28 NCalls =     21
VariableMetric: Iteration #   1 - FCN =     54.011512534 Edm =      31.4596 NCalls =     41
VariableMetric: Iteration #   2 - FCN =   31.92771299794 Edm =      1.60388 NCalls =     60
VariableMetric: Iteration #   3 - FCN =    24.1885170455 Edm =      3.11702 NCalls =     78
VariableMetric: Iteration #   4 - FCN =   21.41164670549 Edm =     0.661992 NCalls =     90
VariableMetric: Iteration #   5 - FCN =   19.87933999332 Edm =     0.557483 NCalls =    103
VariableMetric: Iteration #   6 - FCN =   17.61056294265 Edm =     0.582641 NCalls =    116
VariableMetric: Iteration #   7 - FCN =   16.82431470253 Edm =     0.155683 NCalls =    129
VariableMetric: Iteration #   8 - FCN =   16.45049106465 Edm =    0.0424297 NCalls =    141
VariableMetric: Iteration #   9 - FCN =   16.34435087596 Edm =     0.011802 NCalls =    153
VariableMetric: Iteration #  10 - FCN =   16.32851935264 Edm =  0.000640818 NCalls =    165
VariableMetric: Iteration #  11 - FCN =   16.32740411324 Edm =  0.000265807 NCalls =    177
VariableMetric: Iteration #  12 - FCN =   16.32682529435 Edm =  2.28696e-06 NCalls =    189
VariableMetric: After Hessian   - FCN =   16.32682529435 Edm =  2.26531e-06 NCalls =    220
Number of iterations 14
----------> Iteration 0
            FVAL = 406.116871004 Edm = 1053.2849722 Nfcn = 21
            Error matrix change = 1
            Parameters :  p0 = -0.142114 p1 = 0 p2 = 0 p3 = 0 p4 = -0.546392
----------> Iteration 1
            FVAL = 54.011512534 Edm = 31.4596365532 Nfcn = 41
            Error matrix change = 0.622782
            Parameters :  p0 = -3.8487 p1 = -4.15292 p2 = -4.28712 p3 = -3.81204 p4 = -1.6776
----------> Iteration 2
            FVAL = 31.9277129979 Edm = 1.603883962 Nfcn = 60
            Error matrix change = 0.438405
            Parameters :  p0 = -3.05685 p1 = -3.13678 p2 = -3.15876 p3 = -3.01338 p4 = -1.47453
----------> Iteration 3
            FVAL = 24.1885170455 Edm = 3.11702183392 Nfcn = 78
            Error matrix change = 0.49396
            Parameters :  p0 = -3.28998 p1 = -1.14519 p2 = -0.721245 p3 = -1.86855 p4 = -1.99738
----------> Iteration 4
            FVAL = 21.4116467055 Edm = 0.661992217163 Nfcn = 90
            Error matrix change = 0.337812
            Parameters :  p0 = -3.42566 p1 = -1.25418 p2 = -0.886288 p3 = -1.94895 p4 = -2.18863
----------> Iteration 5
            FVAL = 19.8793399933 Edm = 0.557483157744 Nfcn = 103
            Error matrix change = 0.393006
            Parameters :  p0 = -3.26916 p1 = -0.322053 p2 = 0.00944786 p3 = -1.18678 p4 = -2.6339
----------> Iteration 6
            FVAL = 17.6105629427 Edm = 0.582641469752 Nfcn = 116
            Error matrix change = 0.432822
            Parameters :  p0 = -2.11963 p1 = -0.480065 p2 = -0.787277 p3 = -0.48938 p4 = -3.10529
----------> Iteration 7
            FVAL = 16.8243147025 Edm = 0.155683127835 Nfcn = 129
            Error matrix change = 0.345451
            Parameters :  p0 = -1.37227 p1 = -0.274377 p2 = -0.720728 p3 = 0.0147264 p4 = -3.35836
----------> Iteration 8
            FVAL = 16.4504910646 Edm = 0.0424297121594 Nfcn = 141
            Error matrix change = 0.331955
            Parameters :  p0 = -0.999671 p1 = -0.773749 p2 = -0.896802 p3 = -0.484956 p4 = -3.19365
----------> Iteration 9
            FVAL = 16.344350876 Edm = 0.0118020213159 Nfcn = 153
            Error matrix change = 0.331443
            Parameters :  p0 = -0.995189 p1 = -0.602334 p2 = -0.510616 p3 = -0.62104 p4 = -3.26642
----------> Iteration 10
            FVAL = 16.3285193526 Edm = 0.000640818335136 Nfcn = 165
            Error matrix change = 0.209667
            Parameters :  p0 = -0.848935 p1 = -0.640148 p2 = -0.523457 p3 = -0.69094 p4 = -3.28679
----------> Iteration 11
            FVAL = 16.3274041132 Edm = 0.000265807465501 Nfcn = 177
            Error matrix change = 0.194459
            Parameters :  p0 = -0.861863 p1 = -0.619617 p2 = -0.538944 p3 = -0.702273 p4 = -3.28675
----------> Iteration 12
            FVAL = 16.3268252944 Edm = 2.28696310888e-06 Nfcn = 189
            Error matrix change = 0.179473
            Parameters :  p0 = -0.854807 p1 = -0.596274 p2 = -0.549607 p3 = -0.712351 p4 = -3.28642
----------> Iteration 13
            FVAL = 16.3268252944 Edm = 2.26530594554e-06 Nfcn = 220
            Error matrix change = 0
            Parameters :  p0 = -0.854807 p1 = -0.596274 p2 = -0.549607 p3 = -0.712351 p4 = -3.28642
Minuit2Minimizer : Valid minimum - status = 0
FVAL  = 16.3268252943507619
Edm   = 2.26530594554069333e-06
Nfcn  = 220
jerUp_unc	  = -0.854807	 +/-  0.968	(limited)
jesUp_unc	  = -0.596274	 +/-  0.966311	(limited)
lumi	  = -0.549607	 +/-  0.970933	(limited)
pdf_unc	  = -0.712351	 +/-  0.953085	(limited)
xs_Bkg	  = -3.28642	 +/-  0.388134	(limited)
Reference signal fit
   0) jerUp_unc                      = -0.854807
   1) jesUp_unc                      = -0.596274
   2) lumi                           = -0.549607
   3) pdf_unc                        = -0.712351
   4) xs_Bkg                         =  -3.28642

Fitting of the signal-plus-background hypothesis done in 0.00345302 s
      Evaluation of p-values done in  9.0078 s
	CLs = 0 +/- 0
      Evaluation of p-values done in  8.77946 s
	CLs = 0 +/- 0
      Evaluation of p-values done in  9.01469 s
	CLs = 0.00113766 +/- 0.00113792
      Evaluation of p-values done in  9.00397 s
	CLs = 0.000866551 +/- 0.00086671
      Evaluation of p-values done in  9.13698 s
	CLs = 0.00137363 +/- 0.000971579
	CLs      = 0.00137363 +/- 0.000971579
	CLb      = 0.2912 +/- 0.00642499
	CLsplusb = 0.0004 +/- 0.000282786

Hybrid result saved as HypoTestResult_mh120_r2500_3143312647 in higgsCombineTest.HybridNew.mH120.-406932084.root : higgsCombineTest.HybridNew.mH120.-406932084.root:/toys

 -- Hybrid New -- 
CLs = 0.00137363 +/- 0.000971579
Total toys: 10000
Done in 0.00 min (cpu), 0.75 min (real)
