>>> including systematics
>>> using the Profile Likelihood test statistics modified for upper limits (Q_LHC)
>>> method used to compute upper limit is HybridNew
>>> Using OpenSSL to get a really random seed 
>>> Used OpenSSL to get a really random seed 1552571284
Adding /uscms_data/d2/lpcljm/sapta/SUSYSearch/LimitSetting/CMSSW_7_1_5/src to include path
Adding /cvmfs/cms.cern.ch/slc6_amd64_gcc481/lcg/roofit/5.34.18-cms3//include to include path
Input workspace 'w': 

RooWorkspace(w) w contents

variables
---------
(jerUp_unc,jerUp_unc_In,jesUp_unc,jesUp_unc_In,lumi,lumi_In,n_obs_binbin1,pdf_unc,pdf_unc_In,r,xs_Bkg,xs_Bkg_In)

p.d.f.s
-------
SimpleGaussianConstraint::jerUp_unc_Pdf[ x=jerUp_unc mean=jerUp_unc_In sigma=1 ] = 1
SimpleGaussianConstraint::jesUp_unc_Pdf[ x=jesUp_unc mean=jesUp_unc_In sigma=1 ] = 1
SimpleGaussianConstraint::lumi_Pdf[ x=lumi mean=lumi_In sigma=1 ] = 1
RooProdPdf::modelObs_b[ pdf_binbin1_bonly ] = 5.01955e-14
RooProdPdf::modelObs_s[ pdf_binbin1 ] = 4.61194e-14
RooProdPdf::model_b[ modelObs_b * nuisancePdf ] = 5.01955e-14
RooProdPdf::model_s[ modelObs_s * nuisancePdf ] = 4.61194e-14
RooProdPdf::nuisancePdf[ lumi_Pdf * jesUp_unc_Pdf * pdf_unc_Pdf * xs_Bkg_Pdf * jerUp_unc_Pdf ] = 1
RooPoisson::pdf_binbin1[ x=n_obs_binbin1 mean=n_exp_binbin1 ] = 4.61194e-14
RooPoisson::pdf_binbin1_bonly[ x=n_obs_binbin1 mean=n_exp_binbin1_bonly ] = 5.01955e-14
SimpleGaussianConstraint::pdf_unc_Pdf[ x=pdf_unc mean=pdf_unc_In sigma=1 ] = 1
SimpleGaussianConstraint::xs_Bkg_Pdf[ x=xs_Bkg mean=xs_Bkg_In sigma=1 ] = 1

functions
--------
RooAddition::n_exp_binbin1[ n_exp_binbin1_proc_BH + n_exp_binbin1_proc_Background ] = 6872.51
RooAddition::n_exp_binbin1_bonly[ n_exp_binbin1_proc_Background ] = 6871.51
ProcessNormalization::n_exp_binbin1_proc_BH[ thetaList=(lumi,jesUp_unc,pdf_unc) asymmThetaList=() otherFactorList=(r) ] = 1
ProcessNormalization::n_exp_binbin1_proc_Background[ thetaList=(xs_Bkg,jerUp_unc) asymmThetaList=() otherFactorList=() ] = 6871.51

datasets
--------
RooDataSet::data_obs(n_obs_binbin1)

named sets
----------
ModelConfig_GlobalObservables:(lumi_In,jesUp_unc_In,pdf_unc_In,xs_Bkg_In,jerUp_unc_In)
ModelConfig_NuisParams:(lumi,jesUp_unc,pdf_unc,xs_Bkg,jerUp_unc)
ModelConfig_Observables:(n_obs_binbin1)
ModelConfig_POI:(r)
ModelConfig_bonly_GlobalObservables:(lumi_In,jesUp_unc_In,pdf_unc_In,xs_Bkg_In,jerUp_unc_In)
ModelConfig_bonly_NuisParams:(lumi,jesUp_unc,pdf_unc,xs_Bkg,jerUp_unc)
ModelConfig_bonly_Observables:(n_obs_binbin1)
ModelConfig_bonly_POI:(r)
POI:(r)
globalObservables:(lumi_In,jesUp_unc_In,pdf_unc_In,xs_Bkg_In,jerUp_unc_In)
nuisances:(lumi,jesUp_unc,pdf_unc,xs_Bkg,jerUp_unc)
observables:(n_obs_binbin1)

generic objects
---------------
RooStats::ModelConfig::ModelConfig
RooStats::ModelConfig::ModelConfig_bonly
RooArgSet::discreteParams

Workspace has a ModelConfig for signal called 'ModelConfig', with contents:

=== Using the following for ModelConfig ===
Observables:             RooArgSet:: = (n_obs_binbin1)
Parameters of Interest:  RooArgSet:: = (r)
Nuisance Parameters:     RooArgSet:: = (lumi,jesUp_unc,pdf_unc,xs_Bkg,jerUp_unc)
Global Observables:      RooArgSet:: = (lumi_In,jesUp_unc_In,pdf_unc_In,xs_Bkg_In,jerUp_unc_In)
PDF:                     RooProdPdf::model_s[ modelObs_s * nuisancePdf ] = 4.61194e-14

Input ModelConfig 'ModelConfig': 

=== Using the following for ModelConfig ===
Observables:             RooArgSet:: = (n_obs_binbin1)
Parameters of Interest:  RooArgSet:: = (r)
Nuisance Parameters:     RooArgSet:: = (lumi,jesUp_unc,pdf_unc,xs_Bkg,jerUp_unc)
Global Observables:      RooArgSet:: = (lumi_In,jesUp_unc_In,pdf_unc_In,xs_Bkg_In,jerUp_unc_In)
PDF:                     RooProdPdf::model_s[ modelObs_s * nuisancePdf ] = 4.61194e-14

[#1] INFO:ObjectHandling -- RooWorkspace::import(w) importing RooUniform::prior
Computing limit starting from observation
  1) RooRealVar:: n_obs_binbin1 = 6290
Set default minimizer to Minuit2
  r = 2800 +/- 0
[#1] INFO:Minization --  Including the following contraint terms in minimization: (nuisancePdf)
[#1] INFO:Fitting -- RooAddition::defaultErrorLevel(nll_model_s_data_obs_with_constr) Summation contains a RooNLLVar, using its error level
Minuit2Minimizer: Minimize with max-calls 2500 convergence for edm < 0.01 strategy 1
MnSeedGenerator: for initial parameters FCN = 35.2175
MnSeedGenerator: Initial state:   - FCN =   35.21754290863 Edm =      46.9275 NCalls =     21
VariableMetric: start iterating until Edm is < 1e-05
VariableMetric: Initial state   - FCN =   35.21754290863 Edm =      46.9275 NCalls =     21
VariableMetric: Iteration #   1 - FCN =   10.50415967314 Edm =    0.0300174 NCalls =     33
VariableMetric: Iteration #   2 - FCN =    10.3797505171 Edm =    0.0736113 NCalls =     45
VariableMetric: Iteration #   3 - FCN =     10.047574481 Edm =  9.39784e-05 NCalls =     57
VariableMetric: Iteration #   4 - FCN =   10.04743801827 Edm =  1.09994e-07 NCalls =     68
VariableMetric: After Hessian   - FCN =   10.04743801827 Edm =  1.06858e-07 NCalls =     99
Number of iterations 6
----------> Iteration 0
            FVAL = 35.2175429086 Edm = 46.9274782192 Nfcn = 21
            Error matrix change = 1
            Parameters :  p0 = 0 p1 = 0 p2 = 0 p3 = 0 p4 = 0
----------> Iteration 1
            FVAL = 10.5041596731 Edm = 0.030017443006 Nfcn = 33
            Error matrix change = 0.504537
            Parameters :  p0 = -1.06606 p1 = 0 p2 = 0 p3 = 0 p4 = -0.303117
----------> Iteration 2
            FVAL = 10.3797505171 Edm = 0.0736112700331 Nfcn = 45
            Error matrix change = 0.31914
            Parameters :  p0 = -0.788994 p1 = 0 p2 = 0 p3 = 0 p4 = -0.34015
----------> Iteration 3
            FVAL = 10.047574481 Edm = 9.39783811187e-05 Nfcn = 57
            Error matrix change = 0.24257
            Parameters :  p0 = -0.157774 p1 = 0 p2 = 0 p3 = 0 p4 = -0.542733
----------> Iteration 4
            FVAL = 10.0474380183 Edm = 1.09993996993e-07 Nfcn = 68
            Error matrix change = 0.12219
            Parameters :  p0 = -0.142114 p1 = 0 p2 = 0 p3 = 0 p4 = -0.546392
----------> Iteration 5
            FVAL = 10.0474380183 Edm = 1.06857884617e-07 Nfcn = 99
            Error matrix change = 0
            Parameters :  p0 = -0.142114 p1 = 0 p2 = 0 p3 = 0 p4 = -0.546392
Minuit2Minimizer : Valid minimum - status = 0
FVAL  = 10.0474380182721301
Edm   = 1.06857884617095841e-07
Nfcn  = 99
jerUp_unc	  = -0.142114	 +/-  0.965077	(limited)
jesUp_unc	  = 0	 +/-  0.996602	(limited)
lumi	  = 0	 +/-  0.996602	(limited)
pdf_unc	  = 0	 +/-  0.996602	(limited)
xs_Bkg	  = -0.546392	 +/-  0.263916	(limited)
Zero signal fit
   0) jerUp_unc                      = -0.142114
   1) jesUp_unc                      =         0
   2) lumi                           =         0
   3) pdf_unc                        =         0
   4) xs_Bkg                         = -0.546392

Fitting of the background hypothesis done in 0.317298 s
[#1] INFO:Fitting -- RooAddition::defaultErrorLevel(nll_model_s_data_obs_with_constr) Summation contains a RooNLLVar, using its error level
Minuit2Minimizer: Minimize with max-calls 2500 convergence for edm < 0.01 strategy 1
MnSeedGenerator: for initial parameters FCN = 495.11
MnSeedGenerator: Initial state:   - FCN =   495.1096698848 Edm =      1292.49 NCalls =     21
VariableMetric: start iterating until Edm is < 1e-05
VariableMetric: Initial state   - FCN =   495.1096698848 Edm =      1292.49 NCalls =     21
VariableMetric: Iteration #   1 - FCN =   64.78949218014 Edm =      38.3745 NCalls =     41
VariableMetric: Iteration #   2 - FCN =   36.32975715957 Edm =      1.60193 NCalls =     62
VariableMetric: Iteration #   3 - FCN =   27.03155883852 Edm =      2.11801 NCalls =     79
VariableMetric: Iteration #   4 - FCN =   23.19089882562 Edm =     0.688106 NCalls =     92
VariableMetric: Iteration #   5 - FCN =   22.30992857494 Edm =     0.615958 NCalls =    105
VariableMetric: Iteration #   6 - FCN =   18.56674608639 Edm =     0.211018 NCalls =    118
VariableMetric: Iteration #   7 - FCN =   18.27094859685 Edm =      0.12427 NCalls =    130
VariableMetric: Iteration #   8 - FCN =   18.00575939357 Edm =    0.0644727 NCalls =    142
VariableMetric: Iteration #   9 - FCN =   17.91860423635 Edm =    0.0106615 NCalls =    154
VariableMetric: Iteration #  10 - FCN =    17.8913040095 Edm =  0.000460231 NCalls =    166
VariableMetric: Iteration #  11 - FCN =   17.89010413081 Edm =  0.000280143 NCalls =    178
VariableMetric: Iteration #  12 - FCN =   17.88955206441 Edm =  7.15418e-06 NCalls =    190
VariableMetric: Iteration #  13 - FCN =   17.88954485311 Edm =  5.53709e-09 NCalls =    201
VariableMetric: After Hessian   - FCN =   17.88954485311 Edm =   5.7428e-09 NCalls =    232
Number of iterations 15
----------> Iteration 0
            FVAL = 495.109669885 Edm = 1292.48845724 Nfcn = 21
            Error matrix change = 1
            Parameters :  p0 = -0.142114 p1 = 0 p2 = 0 p3 = 0 p4 = -0.546392
----------> Iteration 1
            FVAL = 64.7894921801 Edm = 38.374472371 Nfcn = 41
            Error matrix change = 0.622365
            Parameters :  p0 = -4.25369 p1 = -4.47224 p2 = -4.6329 p3 = -4.07779 p4 = -1.81917
----------> Iteration 2
            FVAL = 36.3297571596 Edm = 1.6019255216 Nfcn = 62
            Error matrix change = 0.432295
            Parameters :  p0 = -3.33455 p1 = -3.50227 p2 = -3.57764 p3 = -3.27917 p4 = -1.54021
----------> Iteration 3
            FVAL = 27.0315588385 Edm = 2.11800792143 Nfcn = 79
            Error matrix change = 0.524838
            Parameters :  p0 = -3.46948 p1 = -1.7239 p2 = -1.35432 p3 = -2.30605 p4 = -2.06024
----------> Iteration 4
            FVAL = 23.1908988256 Edm = 0.688105729943 Nfcn = 92
            Error matrix change = 0.374545
            Parameters :  p0 = -3.70787 p1 = -1.19814 p2 = -0.722599 p3 = -2.07897 p4 = -2.53605
----------> Iteration 5
            FVAL = 22.3099285749 Edm = 0.615957527345 Nfcn = 105
            Error matrix change = 0.376128
            Parameters :  p0 = -3.56411 p1 = -0.629017 p2 = -0.152495 p3 = -1.64479 p4 = -2.78344
----------> Iteration 6
            FVAL = 18.5667460864 Edm = 0.211017783491 Nfcn = 118
            Error matrix change = 0.467816
            Parameters :  p0 = -1.73964 p1 = -0.257032 p2 = -0.766265 p3 = -0.289451 p4 = -3.64382
----------> Iteration 7
            FVAL = 18.2709485968 Edm = 0.124269603441 Nfcn = 130
            Error matrix change = 0.324739
            Parameters :  p0 = -1.43176 p1 = -0.613075 p2 = -1.08096 p3 = -0.449394 p4 = -3.59942
----------> Iteration 8
            FVAL = 18.0057593936 Edm = 0.0644726736472 Nfcn = 142
            Error matrix change = 0.302201
            Parameters :  p0 = -0.875075 p1 = -0.82953 p2 = -1.0169 p3 = -0.56303 p4 = -3.62114
----------> Iteration 9
            FVAL = 17.9186042363 Edm = 0.0106615338976 Nfcn = 154
            Error matrix change = 0.247474
            Parameters :  p0 = -1.06579 p1 = -0.864403 p2 = -0.783093 p3 = -0.830808 p4 = -3.53741
----------> Iteration 10
            FVAL = 17.8913040095 Edm = 0.000460231441722 Nfcn = 166
            Error matrix change = 0.268464
            Parameters :  p0 = -0.952133 p1 = -0.785332 p2 = -0.665551 p3 = -0.863374 p4 = -3.61234
----------> Iteration 11
            FVAL = 17.8901041308 Edm = 0.000280143342367 Nfcn = 178
            Error matrix change = 0.281462
            Parameters :  p0 = -0.93015 p1 = -0.780668 p2 = -0.684407 p3 = -0.896993 p4 = -3.60915
----------> Iteration 12
            FVAL = 17.8895520644 Edm = 7.15418176758e-06 Nfcn = 190
            Error matrix change = 0.20865
            Parameters :  p0 = -0.942128 p1 = -0.754793 p2 = -0.696391 p3 = -0.900585 p4 = -3.60669
----------> Iteration 13
            FVAL = 17.8895448531 Edm = 5.53708995148e-09 Nfcn = 201
            Error matrix change = 0.111751
            Parameters :  p0 = -0.939722 p1 = -0.754186 p2 = -0.695186 p3 = -0.900658 p4 = -3.60732
----------> Iteration 14
            FVAL = 17.8895448531 Edm = 5.74280482467e-09 Nfcn = 232
            Error matrix change = 0
            Parameters :  p0 = -0.939722 p1 = -0.754186 p2 = -0.695186 p3 = -0.900658 p4 = -3.60732
Minuit2Minimizer : Valid minimum - status = 0
FVAL  = 17.8895448531144865
Edm   = 5.74280482467099134e-09
Nfcn  = 232
jerUp_unc	  = -0.939722	 +/-  0.968629	(limited)
jesUp_unc	  = -0.754186	 +/-  0.958745	(limited)
lumi	  = -0.695186	 +/-  0.964537	(limited)
pdf_unc	  = -0.900658	 +/-  0.942112	(limited)
xs_Bkg	  = -3.60732	 +/-  0.411249	(limited)
Reference signal fit
   0) jerUp_unc                      = -0.939722
   1) jesUp_unc                      = -0.754186
   2) lumi                           = -0.695186
   3) pdf_unc                        = -0.900658
   4) xs_Bkg                         =  -3.60732

Fitting of the signal-plus-background hypothesis done in 0.00358582 s
      Evaluation of p-values done in  9.14626 s
	CLs = 0 +/- 0
      Evaluation of p-values done in  9.23251 s
	CLs = 0 +/- 0
      Evaluation of p-values done in  9.40304 s
	CLs = 0 +/- 0
      Evaluation of p-values done in  9.04174 s
	CLs = 0 +/- 0
      Evaluation of p-values done in  9.0451 s
	CLs = 0 +/- 0
	CLs      = 0 +/- 0
	CLb      = 0.3074 +/- 0.00652542
	CLsplusb = 0 +/- 0

Hybrid result saved as HypoTestResult_mh120_r2800_44641237 in higgsCombineTest.HybridNew.mH120.1552571284.root : higgsCombineTest.HybridNew.mH120.1552571284.root:/toys

 -- Hybrid New -- 
CLs = 0 +/- 0
Total toys: 10000
Done in 0.00 min (cpu), 0.77 min (real)
