>>> including systematics
>>> using the Profile Likelihood test statistics modified for upper limits (Q_LHC)
>>> method used to compute upper limit is HybridNew
>>> Using OpenSSL to get a really random seed 
>>> Used OpenSSL to get a really random seed 676215810
Adding /uscms_data/d2/lpcljm/sapta/SUSYSearch/LimitSetting/CMSSW_7_1_5/src to include path
Adding /cvmfs/cms.cern.ch/slc6_amd64_gcc481/lcg/roofit/5.34.18-cms3//include to include path
Input workspace 'w': 

RooWorkspace(w) w contents

variables
---------
(jerUp_unc,jerUp_unc_In,jesUp_unc,jesUp_unc_In,lumi,lumi_In,n_obs_binbin1,pdf_unc,pdf_unc_In,r,xs_Bkg,xs_Bkg_In)

p.d.f.s
-------
SimpleGaussianConstraint::jerUp_unc_Pdf[ x=jerUp_unc mean=jerUp_unc_In sigma=1 ] = 1
SimpleGaussianConstraint::jesUp_unc_Pdf[ x=jesUp_unc mean=jesUp_unc_In sigma=1 ] = 1
SimpleGaussianConstraint::lumi_Pdf[ x=lumi mean=lumi_In sigma=1 ] = 1
RooProdPdf::modelObs_b[ pdf_binbin1_bonly ] = 0.00872659
RooProdPdf::modelObs_s[ pdf_binbin1 ] = 0.00607742
RooProdPdf::model_b[ modelObs_b * nuisancePdf ] = 0.00872659
RooProdPdf::model_s[ modelObs_s * nuisancePdf ] = 0.00607742
RooProdPdf::nuisancePdf[ lumi_Pdf * jesUp_unc_Pdf * pdf_unc_Pdf * xs_Bkg_Pdf * jerUp_unc_Pdf ] = 1
RooPoisson::pdf_binbin1[ x=n_obs_binbin1 mean=n_exp_binbin1 ] = 0.00607742
RooPoisson::pdf_binbin1_bonly[ x=n_obs_binbin1 mean=n_exp_binbin1_bonly ] = 0.00872659
SimpleGaussianConstraint::pdf_unc_Pdf[ x=pdf_unc mean=pdf_unc_In sigma=1 ] = 1
SimpleGaussianConstraint::xs_Bkg_Pdf[ x=xs_Bkg mean=xs_Bkg_In sigma=1 ] = 1

functions
--------
RooAddition::n_exp_binbin1[ n_exp_binbin1_proc_BH + n_exp_binbin1_proc_Background ] = 33.4073
RooAddition::n_exp_binbin1_bonly[ n_exp_binbin1_proc_Background ] = 32.4073
ProcessNormalization::n_exp_binbin1_proc_BH[ thetaList=(lumi,jesUp_unc,pdf_unc) asymmThetaList=() otherFactorList=(r) ] = 1
ProcessNormalization::n_exp_binbin1_proc_Background[ thetaList=(xs_Bkg,jerUp_unc) asymmThetaList=() otherFactorList=() ] = 32.4073

datasets
--------
RooDataSet::data_obs(n_obs_binbin1)

named sets
----------
ModelConfig_GlobalObservables:(lumi_In,jesUp_unc_In,pdf_unc_In,xs_Bkg_In,jerUp_unc_In)
ModelConfig_NuisParams:(lumi,jesUp_unc,pdf_unc,xs_Bkg,jerUp_unc)
ModelConfig_Observables:(n_obs_binbin1)
ModelConfig_POI:(r)
ModelConfig_bonly_GlobalObservables:(lumi_In,jesUp_unc_In,pdf_unc_In,xs_Bkg_In,jerUp_unc_In)
ModelConfig_bonly_NuisParams:(lumi,jesUp_unc,pdf_unc,xs_Bkg,jerUp_unc)
ModelConfig_bonly_Observables:(n_obs_binbin1)
ModelConfig_bonly_POI:(r)
POI:(r)
globalObservables:(lumi_In,jesUp_unc_In,pdf_unc_In,xs_Bkg_In,jerUp_unc_In)
nuisances:(lumi,jesUp_unc,pdf_unc,xs_Bkg,jerUp_unc)
observables:(n_obs_binbin1)

generic objects
---------------
RooStats::ModelConfig::ModelConfig
RooStats::ModelConfig::ModelConfig_bonly
RooArgSet::discreteParams

Workspace has a ModelConfig for signal called 'ModelConfig', with contents:

=== Using the following for ModelConfig ===
Observables:             RooArgSet:: = (n_obs_binbin1)
Parameters of Interest:  RooArgSet:: = (r)
Nuisance Parameters:     RooArgSet:: = (lumi,jesUp_unc,pdf_unc,xs_Bkg,jerUp_unc)
Global Observables:      RooArgSet:: = (lumi_In,jesUp_unc_In,pdf_unc_In,xs_Bkg_In,jerUp_unc_In)
PDF:                     RooProdPdf::model_s[ modelObs_s * nuisancePdf ] = 0.00607742

Input ModelConfig 'ModelConfig': 

=== Using the following for ModelConfig ===
Observables:             RooArgSet:: = (n_obs_binbin1)
Parameters of Interest:  RooArgSet:: = (r)
Nuisance Parameters:     RooArgSet:: = (lumi,jesUp_unc,pdf_unc,xs_Bkg,jerUp_unc)
Global Observables:      RooArgSet:: = (lumi_In,jesUp_unc_In,pdf_unc_In,xs_Bkg_In,jerUp_unc_In)
PDF:                     RooProdPdf::model_s[ modelObs_s * nuisancePdf ] = 0.00607742

[#1] INFO:ObjectHandling -- RooWorkspace::import(w) importing RooUniform::prior
Computing limit starting from observation
  1) RooRealVar:: n_obs_binbin1 = 21
Set default minimizer to Minuit2
  r = 29 +/- 0
[#1] INFO:Minization --  Including the following contraint terms in minimization: (nuisancePdf)
[#1] INFO:Fitting -- RooAddition::defaultErrorLevel(nll_model_s_data_obs_with_constr) Summation contains a RooNLLVar, using its error level
Minuit2Minimizer: Minimize with max-calls 2500 convergence for edm < 0.01 strategy 1
MnSeedGenerator: for initial parameters FCN = 9.33607
MnSeedGenerator: Initial state:   - FCN =   9.336073737184 Edm =      1.98703 NCalls =     21
VariableMetric: start iterating until Edm is < 1e-05
VariableMetric: Initial state   - FCN =   9.336073737184 Edm =      1.98703 NCalls =     21
VariableMetric: Iteration #   1 - FCN =   7.319115406686 Edm =    0.0804393 NCalls =     32
VariableMetric: Iteration #   2 - FCN =   7.210594614557 Edm =  0.000159782 NCalls =     44
VariableMetric: Iteration #   3 - FCN =   7.210403750592 Edm =  6.28411e-09 NCalls =     56
VariableMetric: After Hessian   - FCN =   7.210403750592 Edm =   6.3195e-09 NCalls =     87
Number of iterations 5
----------> Iteration 0
            FVAL = 9.33607373718 Edm = 1.98702525317 Nfcn = 21
            Error matrix change = 1
            Parameters :  p0 = 0 p1 = 0 p2 = 0 p3 = 0 p4 = 0
----------> Iteration 1
            FVAL = 7.31911540669 Edm = 0.0804393311166 Nfcn = 32
            Error matrix change = 0.515917
            Parameters :  p0 = -0.425895 p1 = 0 p2 = 0 p3 = 0 p4 = -0.467157
----------> Iteration 2
            FVAL = 7.21059461456 Edm = 0.000159781883704 Nfcn = 44
            Error matrix change = 0.273408
            Parameters :  p0 = -0.021785 p1 = 0 p2 = 0 p3 = 0 p4 = -0.553483
----------> Iteration 3
            FVAL = 7.21040375059 Edm = 6.28411072064e-09 Nfcn = 56
            Error matrix change = 0.143562
            Parameters :  p0 = -0.030943 p1 = 0 p2 = 0 p3 = 0 p4 = -0.557999
----------> Iteration 4
            FVAL = 7.21040375059 Edm = 6.3194998339e-09 Nfcn = 87
            Error matrix change = 0
            Parameters :  p0 = -0.030943 p1 = 0 p2 = 0 p3 = 0 p4 = -0.557999
Minuit2Minimizer : Valid minimum - status = 0
FVAL  = 7.21040375059235217
Edm   = 6.31949983389592495e-09
Nfcn  = 87
jerUp_unc	  = -0.030943	 +/-  0.995226	(limited)
jesUp_unc	  = 0	 +/-  0.996602	(limited)
lumi	  = 0	 +/-  0.996602	(limited)
pdf_unc	  = 0	 +/-  0.996602	(limited)
xs_Bkg	  = -0.557999	 +/-  0.293403	(limited)
Zero signal fit
   0) jerUp_unc                      = -0.030943
   1) jesUp_unc                      =         0
   2) lumi                           =         0
   3) pdf_unc                        =         0
   4) xs_Bkg                         = -0.557999

Fitting of the background hypothesis done in 0.311095 s
[#1] INFO:Fitting -- RooAddition::defaultErrorLevel(nll_model_s_data_obs_with_constr) Summation contains a RooNLLVar, using its error level
Minuit2Minimizer: Minimize with max-calls 2500 convergence for edm < 0.01 strategy 1
MnSeedGenerator: for initial parameters FCN = 18.4375
MnSeedGenerator: Initial state:   - FCN =   18.43745431151 Edm =       5.0097 NCalls =     19
VariableMetric: start iterating until Edm is < 1e-05
VariableMetric: Initial state   - FCN =   18.43745431151 Edm =       5.0097 NCalls =     19
VariableMetric: Iteration #   1 - FCN =   13.28938365204 Edm =     0.341304 NCalls =     32
VariableMetric: Iteration #   2 - FCN =   12.58565563219 Edm =    0.0225098 NCalls =     44
VariableMetric: Iteration #   3 - FCN =   12.54759788325 Edm =  7.80958e-05 NCalls =     56
VariableMetric: Iteration #   4 - FCN =   12.54750289965 Edm =  2.07957e-08 NCalls =     68
VariableMetric: After Hessian   - FCN =   12.54750289965 Edm =  2.13208e-08 NCalls =    101
Number of iterations 6
----------> Iteration 0
            FVAL = 18.4374543115 Edm = 5.00969858892 Nfcn = 19
            Error matrix change = 1
            Parameters :  p0 = -0.030943 p1 = 0 p2 = 0 p3 = 0 p4 = -0.557999
----------> Iteration 1
            FVAL = 13.289383652 Edm = 0.341303557274 Nfcn = 32
            Error matrix change = 0.562371
            Parameters :  p0 = -0.488904 p1 = -0.783618 p2 = -0.756219 p3 = -0.9142 p4 = -1.44889
----------> Iteration 2
            FVAL = 12.5856556322 Edm = 0.0225098129129 Nfcn = 44
            Error matrix change = 0.323903
            Parameters :  p0 = -0.0143187 p1 = -0.452511 p2 = -0.430897 p3 = -0.565632 p4 = -1.92706
----------> Iteration 3
            FVAL = 12.5475978832 Edm = 7.80957928997e-05 Nfcn = 56
            Error matrix change = 0.198676
            Parameters :  p0 = -0.117052 p1 = -0.507981 p2 = -0.489365 p3 = -0.599801 p4 = -2.04912
----------> Iteration 4
            FVAL = 12.5475028996 Edm = 2.07957386429e-08 Nfcn = 68
            Error matrix change = 0.117882
            Parameters :  p0 = -0.113852 p1 = -0.503297 p2 = -0.48358 p3 = -0.601137 p4 = -2.05592
----------> Iteration 5
            FVAL = 12.5475028996 Edm = 2.1320823015e-08 Nfcn = 101
            Error matrix change = 0
            Parameters :  p0 = -0.113852 p1 = -0.503297 p2 = -0.48358 p3 = -0.601137 p4 = -2.05592
Minuit2Minimizer : Valid minimum - status = 0
FVAL  = 12.5475028996474443
Edm   = 2.13208230150030968e-08
Nfcn  = 101
jerUp_unc	  = -0.113852	 +/-  0.995611	(limited)
jesUp_unc	  = -0.503297	 +/-  0.975231	(limited)
lumi	  = -0.48358	 +/-  0.976885	(limited)
pdf_unc	  = -0.601137	 +/-  0.965973	(limited)
xs_Bkg	  = -2.05592	 +/-  0.585279	(limited)
Reference signal fit
   0) jerUp_unc                      = -0.113852
   1) jesUp_unc                      = -0.503297
   2) lumi                           =  -0.48358
   3) pdf_unc                        = -0.601137
   4) xs_Bkg                         =  -2.05592

Fitting of the signal-plus-background hypothesis done in 0.00245595 s
      Evaluation of p-values done in  6.17575 s
	CLs = 0 +/- 0
      Evaluation of p-values done in  5.90096 s
	CLs = 0.00145349 +/- 0.00145382
      Evaluation of p-values done in  6.39161 s
	CLs = 0.000948767 +/- 0.0009489
      Evaluation of p-values done in  7.01415 s
	CLs = 0.000720461 +/- 0.000720541
      Evaluation of p-values done in  5.98274 s
	CLs = 0.00115808 +/- 0.000819031
	CLs      = 0.00115808 +/- 0.000819031
	CLb      = 0.3454 +/- 0.00672456
	CLsplusb = 0.0004 +/- 0.000282786

Hybrid result saved as HypoTestResult_mh120_r29_3399436193 in higgsCombineTest.HybridNew.mH120.676215810.root : higgsCombineTest.HybridNew.mH120.676215810.root:/toys

 -- Hybrid New -- 
CLs = 0.00115808 +/- 0.000819031
Total toys: 10000
Done in 0.00 min (cpu), 0.53 min (real)
