>>> including systematics
>>> using the Profile Likelihood test statistics modified for upper limits (Q_LHC)
>>> method used to compute upper limit is HybridNew
>>> Using OpenSSL to get a really random seed 
>>> Used OpenSSL to get a really random seed 1716791729
Adding /uscms_data/d2/lpcljm/sapta/SUSYSearch/LimitSetting/CMSSW_7_1_5/src to include path
Adding /cvmfs/cms.cern.ch/slc6_amd64_gcc481/lcg/roofit/5.34.18-cms3//include to include path
Input workspace 'w': 

RooWorkspace(w) w contents

variables
---------
(jerUp_unc,jerUp_unc_In,jesUp_unc,jesUp_unc_In,lumi,lumi_In,n_obs_binbin1,pdf_unc,pdf_unc_In,r,xs_Bkg,xs_Bkg_In)

p.d.f.s
-------
SimpleGaussianConstraint::jerUp_unc_Pdf[ x=jerUp_unc mean=jerUp_unc_In sigma=1 ] = 1
SimpleGaussianConstraint::jesUp_unc_Pdf[ x=jesUp_unc mean=jesUp_unc_In sigma=1 ] = 1
SimpleGaussianConstraint::lumi_Pdf[ x=lumi mean=lumi_In sigma=1 ] = 1
RooProdPdf::modelObs_b[ pdf_binbin1_bonly ] = 5.01955e-14
RooProdPdf::modelObs_s[ pdf_binbin1 ] = 4.61194e-14
RooProdPdf::model_b[ modelObs_b * nuisancePdf ] = 5.01955e-14
RooProdPdf::model_s[ modelObs_s * nuisancePdf ] = 4.61194e-14
RooProdPdf::nuisancePdf[ lumi_Pdf * jesUp_unc_Pdf * pdf_unc_Pdf * xs_Bkg_Pdf * jerUp_unc_Pdf ] = 1
RooPoisson::pdf_binbin1[ x=n_obs_binbin1 mean=n_exp_binbin1 ] = 4.61194e-14
RooPoisson::pdf_binbin1_bonly[ x=n_obs_binbin1 mean=n_exp_binbin1_bonly ] = 5.01955e-14
SimpleGaussianConstraint::pdf_unc_Pdf[ x=pdf_unc mean=pdf_unc_In sigma=1 ] = 1
SimpleGaussianConstraint::xs_Bkg_Pdf[ x=xs_Bkg mean=xs_Bkg_In sigma=1 ] = 1

functions
--------
RooAddition::n_exp_binbin1[ n_exp_binbin1_proc_BH + n_exp_binbin1_proc_Background ] = 6872.51
RooAddition::n_exp_binbin1_bonly[ n_exp_binbin1_proc_Background ] = 6871.51
ProcessNormalization::n_exp_binbin1_proc_BH[ thetaList=(lumi,jesUp_unc,pdf_unc) asymmThetaList=() otherFactorList=(r) ] = 1
ProcessNormalization::n_exp_binbin1_proc_Background[ thetaList=(xs_Bkg,jerUp_unc) asymmThetaList=() otherFactorList=() ] = 6871.51

datasets
--------
RooDataSet::data_obs(n_obs_binbin1)

named sets
----------
ModelConfig_GlobalObservables:(lumi_In,jesUp_unc_In,pdf_unc_In,xs_Bkg_In,jerUp_unc_In)
ModelConfig_NuisParams:(lumi,jesUp_unc,pdf_unc,xs_Bkg,jerUp_unc)
ModelConfig_Observables:(n_obs_binbin1)
ModelConfig_POI:(r)
ModelConfig_bonly_GlobalObservables:(lumi_In,jesUp_unc_In,pdf_unc_In,xs_Bkg_In,jerUp_unc_In)
ModelConfig_bonly_NuisParams:(lumi,jesUp_unc,pdf_unc,xs_Bkg,jerUp_unc)
ModelConfig_bonly_Observables:(n_obs_binbin1)
ModelConfig_bonly_POI:(r)
POI:(r)
globalObservables:(lumi_In,jesUp_unc_In,pdf_unc_In,xs_Bkg_In,jerUp_unc_In)
nuisances:(lumi,jesUp_unc,pdf_unc,xs_Bkg,jerUp_unc)
observables:(n_obs_binbin1)

generic objects
---------------
RooStats::ModelConfig::ModelConfig
RooStats::ModelConfig::ModelConfig_bonly
RooArgSet::discreteParams

Workspace has a ModelConfig for signal called 'ModelConfig', with contents:

=== Using the following for ModelConfig ===
Observables:             RooArgSet:: = (n_obs_binbin1)
Parameters of Interest:  RooArgSet:: = (r)
Nuisance Parameters:     RooArgSet:: = (lumi,jesUp_unc,pdf_unc,xs_Bkg,jerUp_unc)
Global Observables:      RooArgSet:: = (lumi_In,jesUp_unc_In,pdf_unc_In,xs_Bkg_In,jerUp_unc_In)
PDF:                     RooProdPdf::model_s[ modelObs_s * nuisancePdf ] = 4.61194e-14

Input ModelConfig 'ModelConfig': 

=== Using the following for ModelConfig ===
Observables:             RooArgSet:: = (n_obs_binbin1)
Parameters of Interest:  RooArgSet:: = (r)
Nuisance Parameters:     RooArgSet:: = (lumi,jesUp_unc,pdf_unc,xs_Bkg,jerUp_unc)
Global Observables:      RooArgSet:: = (lumi_In,jesUp_unc_In,pdf_unc_In,xs_Bkg_In,jerUp_unc_In)
PDF:                     RooProdPdf::model_s[ modelObs_s * nuisancePdf ] = 4.61194e-14

[#1] INFO:ObjectHandling -- RooWorkspace::import(w) importing RooUniform::prior
Computing limit starting from observation
  1) RooRealVar:: n_obs_binbin1 = 6290
Set default minimizer to Minuit2
  r = 3000 +/- 0
[#1] INFO:Minization --  Including the following contraint terms in minimization: (nuisancePdf)
[#1] INFO:Fitting -- RooAddition::defaultErrorLevel(nll_model_s_data_obs_with_constr) Summation contains a RooNLLVar, using its error level
Minuit2Minimizer: Minimize with max-calls 2500 convergence for edm < 0.01 strategy 1
MnSeedGenerator: for initial parameters FCN = 35.2175
MnSeedGenerator: Initial state:   - FCN =   35.21754290863 Edm =      46.9275 NCalls =     21
VariableMetric: start iterating until Edm is < 1e-05
VariableMetric: Initial state   - FCN =   35.21754290863 Edm =      46.9275 NCalls =     21
VariableMetric: Iteration #   1 - FCN =   10.50415967314 Edm =    0.0300174 NCalls =     33
VariableMetric: Iteration #   2 - FCN =    10.3797505171 Edm =    0.0736113 NCalls =     45
VariableMetric: Iteration #   3 - FCN =     10.047574481 Edm =  9.39784e-05 NCalls =     57
VariableMetric: Iteration #   4 - FCN =   10.04743801827 Edm =  1.09994e-07 NCalls =     68
VariableMetric: After Hessian   - FCN =   10.04743801827 Edm =  1.06858e-07 NCalls =     99
Number of iterations 6
----------> Iteration 0
            FVAL = 35.2175429086 Edm = 46.9274782192 Nfcn = 21
            Error matrix change = 1
            Parameters :  p0 = 0 p1 = 0 p2 = 0 p3 = 0 p4 = 0
----------> Iteration 1
            FVAL = 10.5041596731 Edm = 0.030017443006 Nfcn = 33
            Error matrix change = 0.504537
            Parameters :  p0 = -1.06606 p1 = 0 p2 = 0 p3 = 0 p4 = -0.303117
----------> Iteration 2
            FVAL = 10.3797505171 Edm = 0.0736112700331 Nfcn = 45
            Error matrix change = 0.31914
            Parameters :  p0 = -0.788994 p1 = 0 p2 = 0 p3 = 0 p4 = -0.34015
----------> Iteration 3
            FVAL = 10.047574481 Edm = 9.39783811187e-05 Nfcn = 57
            Error matrix change = 0.24257
            Parameters :  p0 = -0.157774 p1 = 0 p2 = 0 p3 = 0 p4 = -0.542733
----------> Iteration 4
            FVAL = 10.0474380183 Edm = 1.09993996993e-07 Nfcn = 68
            Error matrix change = 0.12219
            Parameters :  p0 = -0.142114 p1 = 0 p2 = 0 p3 = 0 p4 = -0.546392
----------> Iteration 5
            FVAL = 10.0474380183 Edm = 1.06857884617e-07 Nfcn = 99
            Error matrix change = 0
            Parameters :  p0 = -0.142114 p1 = 0 p2 = 0 p3 = 0 p4 = -0.546392
Minuit2Minimizer : Valid minimum - status = 0
FVAL  = 10.0474380182721301
Edm   = 1.06857884617095841e-07
Nfcn  = 99
jerUp_unc	  = -0.142114	 +/-  0.965077	(limited)
jesUp_unc	  = 0	 +/-  0.996602	(limited)
lumi	  = 0	 +/-  0.996602	(limited)
pdf_unc	  = 0	 +/-  0.996602	(limited)
xs_Bkg	  = -0.546392	 +/-  0.263916	(limited)
Zero signal fit
   0) jerUp_unc                      = -0.142114
   1) jesUp_unc                      =         0
   2) lumi                           =         0
   3) pdf_unc                        =         0
   4) xs_Bkg                         = -0.546392

Fitting of the background hypothesis done in 0.297567 s
[#1] INFO:Fitting -- RooAddition::defaultErrorLevel(nll_model_s_data_obs_with_constr) Summation contains a RooNLLVar, using its error level
Minuit2Minimizer: Minimize with max-calls 2500 convergence for edm < 0.01 strategy 1
MnSeedGenerator: for initial parameters FCN = 558.271
MnSeedGenerator: Initial state:   - FCN =   558.2708675879 Edm =      1460.02 NCalls =     21
VariableMetric: start iterating until Edm is < 1e-05
VariableMetric: Initial state   - FCN =   558.2708675879 Edm =      1460.02 NCalls =     21
VariableMetric: Iteration #   1 - FCN =   71.80977716221 Edm =      41.8515 NCalls =     41
VariableMetric: Iteration #   2 - FCN =    39.2514425938 Edm =      1.57923 NCalls =     62
VariableMetric: Iteration #   3 - FCN =   28.92230958661 Edm =      2.54201 NCalls =     82
VariableMetric: Iteration #   4 - FCN =   24.82100687346 Edm =      0.89336 NCalls =     95
VariableMetric: Iteration #   5 - FCN =   23.80697004371 Edm =     0.610115 NCalls =    107
VariableMetric: Iteration #   6 - FCN =   19.60505191175 Edm =     0.118694 NCalls =    121
VariableMetric: Iteration #   7 - FCN =   19.20372109173 Edm =     0.098227 NCalls =    134
VariableMetric: Iteration #   8 - FCN =   19.09414674878 Edm =    0.0230507 NCalls =    146
VariableMetric: Iteration #   9 - FCN =   19.05990374037 Edm =    0.0108338 NCalls =    158
VariableMetric: Iteration #  10 - FCN =   19.03615712217 Edm =  0.000721452 NCalls =    170
VariableMetric: Iteration #  11 - FCN =   19.03518055567 Edm =  0.000236145 NCalls =    182
VariableMetric: Iteration #  12 - FCN =     19.034372737 Edm =   2.0663e-05 NCalls =    194
VariableMetric: Iteration #  13 - FCN =   19.03435121284 Edm =  3.80158e-08 NCalls =    205
VariableMetric: After Hessian   - FCN =   19.03435121284 Edm =  3.97993e-08 NCalls =    236
Number of iterations 15
----------> Iteration 0
            FVAL = 558.270867588 Edm = 1460.02015363 Nfcn = 21
            Error matrix change = 1
            Parameters :  p0 = -0.142114 p1 = 0 p2 = 0 p3 = 0 p4 = -0.546392
----------> Iteration 1
            FVAL = 71.8097771622 Edm = 41.8515135748 Nfcn = 41
            Error matrix change = 0.621866
            Parameters :  p0 = -4.50545 p1 = -4.66105 p2 = -4.83648 p3 = -4.23646 p4 = -1.91076
----------> Iteration 2
            FVAL = 39.2514425938 Edm = 1.57922660642 Nfcn = 62
            Error matrix change = 0.430902
            Parameters :  p0 = -3.52439 p1 = -3.71759 p2 = -3.82646 p3 = -3.43366 p4 = -1.58209
----------> Iteration 3
            FVAL = 28.9223095866 Edm = 2.54201388522 Nfcn = 82
            Error matrix change = 0.535285
            Parameters :  p0 = -3.60375 p1 = -1.84273 p2 = -1.45668 p3 = -2.43799 p4 = -2.17226
----------> Iteration 4
            FVAL = 24.8210068735 Edm = 0.893359564406 Nfcn = 95
            Error matrix change = 0.377762
            Parameters :  p0 = -3.82522 p1 = -1.40598 p2 = -0.90691 p3 = -2.29339 p4 = -2.64938
----------> Iteration 5
            FVAL = 23.8069700437 Edm = 0.610114532984 Nfcn = 107
            Error matrix change = 0.360519
            Parameters :  p0 = -3.69347 p1 = -0.783955 p2 = -0.238959 p3 = -1.87715 p4 = -2.92988
----------> Iteration 6
            FVAL = 19.6050519118 Edm = 0.118694267348 Nfcn = 121
            Error matrix change = 0.465058
            Parameters :  p0 = -1.66306 p1 = -0.380456 p2 = -0.884453 p3 = -0.545684 p4 = -3.92432
----------> Iteration 7
            FVAL = 19.2037210917 Edm = 0.098226974774 Nfcn = 134
            Error matrix change = 0.401297
            Parameters :  p0 = -0.967786 p1 = -0.739582 p2 = -1.07381 p3 = -0.5659 p4 = -3.9152
----------> Iteration 8
            FVAL = 19.0941467488 Edm = 0.0230507322244 Nfcn = 146
            Error matrix change = 0.323579
            Parameters :  p0 = -1.09038 p1 = -0.97706 p2 = -1.05517 p3 = -0.868436 p4 = -3.75689
----------> Iteration 9
            FVAL = 19.0599037404 Edm = 0.0108337605039 Nfcn = 158
            Error matrix change = 0.28446
            Parameters :  p0 = -1.13184 p1 = -0.916336 p2 = -0.854086 p3 = -0.943672 p4 = -3.76309
----------> Iteration 10
            FVAL = 19.0361571222 Edm = 0.000721451801232 Nfcn = 170
            Error matrix change = 0.24617
            Parameters :  p0 = -1.01619 p1 = -0.888477 p2 = -0.777535 p3 = -0.9953 p4 = -3.8216
----------> Iteration 11
            FVAL = 19.0351805557 Edm = 0.000236145474269 Nfcn = 182
            Error matrix change = 0.211208
            Parameters :  p0 = -0.988254 p1 = -0.899602 p2 = -0.782226 p3 = -1.01897 p4 = -3.81652
----------> Iteration 12
            FVAL = 19.034372737 Edm = 2.06630180714e-05 Nfcn = 194
            Error matrix change = 0.266497
            Parameters :  p0 = -0.997227 p1 = -0.870137 p2 = -0.797612 p3 = -1.03908 p4 = -3.81253
----------> Iteration 13
            FVAL = 19.0343512128 Edm = 3.80158319601e-08 Nfcn = 205
            Error matrix change = 0.145267
            Parameters :  p0 = -0.993766 p1 = -0.867507 p2 = -0.79946 p3 = -1.03603 p4 = -3.81418
----------> Iteration 14
            FVAL = 19.0343512128 Edm = 3.97992894052e-08 Nfcn = 236
            Error matrix change = 0
            Parameters :  p0 = -0.993766 p1 = -0.867507 p2 = -0.79946 p3 = -1.03603 p4 = -3.81418
Minuit2Minimizer : Valid minimum - status = 0
FVAL  = 19.0343512128354675
Edm   = 3.97992894051576969e-08
Nfcn  = 236
jerUp_unc	  = -0.993766	 +/-  0.969044	(limited)
jesUp_unc	  = -0.867507	 +/-  0.953582	(limited)
lumi	  = -0.79946	 +/-  0.960175	(limited)
pdf_unc	  = -1.03603	 +/-  0.934606	(limited)
xs_Bkg	  = -3.81418	 +/-  0.425989	(limited)
Reference signal fit
   0) jerUp_unc                      = -0.993766
   1) jesUp_unc                      = -0.867507
   2) lumi                           =  -0.79946
   3) pdf_unc                        =  -1.03603
   4) xs_Bkg                         =  -3.81418

Fitting of the signal-plus-background hypothesis done in 0.00547981 s
      Evaluation of p-values done in  9.59867 s
	CLs = 0 +/- 0
      Evaluation of p-values done in  9.39385 s
	CLs = 0 +/- 0
      Evaluation of p-values done in  9.20869 s
	CLs = 0 +/- 0
      Evaluation of p-values done in  9.42782 s
	CLs = 0 +/- 0
      Evaluation of p-values done in  9.38516 s
	CLs = 0 +/- 0
	CLs      = 0 +/- 0
	CLb      = 0.3004 +/- 0.00648321
	CLsplusb = 0 +/- 0

Hybrid result saved as HypoTestResult_mh120_r3000_1642393134 in higgsCombineTest.HybridNew.mH120.1716791729.root : higgsCombineTest.HybridNew.mH120.1716791729.root:/toys

 -- Hybrid New -- 
CLs = 0 +/- 0
Total toys: 10000
Done in 0.00 min (cpu), 0.79 min (real)
