>>> including systematics
>>> using the Profile Likelihood test statistics modified for upper limits (Q_LHC)
>>> method used to compute upper limit is HybridNew
>>> Using OpenSSL to get a really random seed 
>>> Used OpenSSL to get a really random seed 2045957940
Adding /uscms_data/d2/lpcljm/sapta/SUSYSearch/LimitSetting/CMSSW_7_1_5/src to include path
Adding /cvmfs/cms.cern.ch/slc6_amd64_gcc481/lcg/roofit/5.34.18-cms3//include to include path
Input workspace 'w': 

RooWorkspace(w) w contents

variables
---------
(jerUp_unc,jerUp_unc_In,jesUp_unc,jesUp_unc_In,lumi,lumi_In,n_obs_binbin1,pdf_unc,pdf_unc_In,r,xs_Bkg,xs_Bkg_In)

p.d.f.s
-------
SimpleGaussianConstraint::jerUp_unc_Pdf[ x=jerUp_unc mean=jerUp_unc_In sigma=1 ] = 1
SimpleGaussianConstraint::jesUp_unc_Pdf[ x=jesUp_unc mean=jesUp_unc_In sigma=1 ] = 1
SimpleGaussianConstraint::lumi_Pdf[ x=lumi mean=lumi_In sigma=1 ] = 1
RooProdPdf::modelObs_b[ pdf_binbin1_bonly ] = 0.000118072
RooProdPdf::modelObs_s[ pdf_binbin1 ] = 8.25371e-05
RooProdPdf::model_b[ modelObs_b * nuisancePdf ] = 0.000118072
RooProdPdf::model_s[ modelObs_s * nuisancePdf ] = 8.25371e-05
RooProdPdf::nuisancePdf[ lumi_Pdf * jesUp_unc_Pdf * pdf_unc_Pdf * xs_Bkg_Pdf * jerUp_unc_Pdf ] = 1
RooPoisson::pdf_binbin1[ x=n_obs_binbin1 mean=n_exp_binbin1 ] = 8.25371e-05
RooPoisson::pdf_binbin1_bonly[ x=n_obs_binbin1 mean=n_exp_binbin1_bonly ] = 0.000118072
SimpleGaussianConstraint::pdf_unc_Pdf[ x=pdf_unc mean=pdf_unc_In sigma=1 ] = 1
SimpleGaussianConstraint::xs_Bkg_Pdf[ x=xs_Bkg mean=xs_Bkg_In sigma=1 ] = 1

functions
--------
RooAddition::n_exp_binbin1[ n_exp_binbin1_proc_BH + n_exp_binbin1_proc_Background ] = 86.177
RooAddition::n_exp_binbin1_bonly[ n_exp_binbin1_proc_Background ] = 85.177
ProcessNormalization::n_exp_binbin1_proc_BH[ thetaList=(lumi,jesUp_unc,pdf_unc) asymmThetaList=() otherFactorList=(r) ] = 1
ProcessNormalization::n_exp_binbin1_proc_Background[ thetaList=(xs_Bkg,jerUp_unc) asymmThetaList=() otherFactorList=() ] = 85.177

datasets
--------
RooDataSet::data_obs(n_obs_binbin1)

named sets
----------
ModelConfig_GlobalObservables:(lumi_In,jesUp_unc_In,pdf_unc_In,xs_Bkg_In,jerUp_unc_In)
ModelConfig_NuisParams:(lumi,jesUp_unc,pdf_unc,xs_Bkg,jerUp_unc)
ModelConfig_Observables:(n_obs_binbin1)
ModelConfig_POI:(r)
ModelConfig_bonly_GlobalObservables:(lumi_In,jesUp_unc_In,pdf_unc_In,xs_Bkg_In,jerUp_unc_In)
ModelConfig_bonly_NuisParams:(lumi,jesUp_unc,pdf_unc,xs_Bkg,jerUp_unc)
ModelConfig_bonly_Observables:(n_obs_binbin1)
ModelConfig_bonly_POI:(r)
POI:(r)
globalObservables:(lumi_In,jesUp_unc_In,pdf_unc_In,xs_Bkg_In,jerUp_unc_In)
nuisances:(lumi,jesUp_unc,pdf_unc,xs_Bkg,jerUp_unc)
observables:(n_obs_binbin1)

generic objects
---------------
RooStats::ModelConfig::ModelConfig
RooStats::ModelConfig::ModelConfig_bonly
RooArgSet::discreteParams

Workspace has a ModelConfig for signal called 'ModelConfig', with contents:

=== Using the following for ModelConfig ===
Observables:             RooArgSet:: = (n_obs_binbin1)
Parameters of Interest:  RooArgSet:: = (r)
Nuisance Parameters:     RooArgSet:: = (lumi,jesUp_unc,pdf_unc,xs_Bkg,jerUp_unc)
Global Observables:      RooArgSet:: = (lumi_In,jesUp_unc_In,pdf_unc_In,xs_Bkg_In,jerUp_unc_In)
PDF:                     RooProdPdf::model_s[ modelObs_s * nuisancePdf ] = 8.25371e-05

Input ModelConfig 'ModelConfig': 

=== Using the following for ModelConfig ===
Observables:             RooArgSet:: = (n_obs_binbin1)
Parameters of Interest:  RooArgSet:: = (r)
Nuisance Parameters:     RooArgSet:: = (lumi,jesUp_unc,pdf_unc,xs_Bkg,jerUp_unc)
Global Observables:      RooArgSet:: = (lumi_In,jesUp_unc_In,pdf_unc_In,xs_Bkg_In,jerUp_unc_In)
PDF:                     RooProdPdf::model_s[ modelObs_s * nuisancePdf ] = 8.25371e-05

[#1] INFO:ObjectHandling -- RooWorkspace::import(w) importing RooUniform::prior
Computing limit starting from observation
  1) RooRealVar:: n_obs_binbin1 = 55
Set default minimizer to Minuit2
  r = 34 +/- 0
[#1] INFO:Minization --  Including the following contraint terms in minimization: (nuisancePdf)
[#1] INFO:Fitting -- RooAddition::defaultErrorLevel(nll_model_s_data_obs_with_constr) Summation contains a RooNLLVar, using its error level
Minuit2Minimizer: Minimize with max-calls 2500 convergence for edm < 0.01 strategy 1
MnSeedGenerator: for initial parameters FCN = 13.6389
MnSeedGenerator: Initial state:   - FCN =   13.63890867575 Edm =      5.78597 NCalls =     21
VariableMetric: start iterating until Edm is < 1e-05
VariableMetric: Initial state   - FCN =   13.63890867575 Edm =      5.78597 NCalls =     21
VariableMetric: Iteration #   1 - FCN =   8.317967187321 Edm =     0.391439 NCalls =     33
VariableMetric: Iteration #   2 - FCN =   7.788728156004 Edm =   0.00257254 NCalls =     45
VariableMetric: Iteration #   3 - FCN =   7.785603207062 Edm =  6.33697e-06 NCalls =     57
VariableMetric: After Hessian   - FCN =   7.785603207062 Edm =  6.35272e-06 NCalls =     88
Number of iterations 5
----------> Iteration 0
            FVAL = 13.6389086758 Edm = 5.78596757421 Nfcn = 21
            Error matrix change = 1
            Parameters :  p0 = 0 p1 = 0 p2 = 0 p3 = 0 p4 = 0
----------> Iteration 1
            FVAL = 8.31796718732 Edm = 0.391439113511 Nfcn = 33
            Error matrix change = 0.527436
            Parameters :  p0 = -1.04256 p1 = 0 p2 = 0 p3 = 0 p4 = -0.587451
----------> Iteration 2
            FVAL = 7.788728156 Edm = 0.00257253768488 Nfcn = 45
            Error matrix change = 0.305541
            Parameters :  p0 = -0.0219829 p1 = 0 p2 = 0 p3 = 0 p4 = -0.695343
----------> Iteration 3
            FVAL = 7.78560320706 Edm = 6.33696631266e-06 Nfcn = 57
            Error matrix change = 0.155384
            Parameters :  p0 = -0.0510971 p1 = 0 p2 = 0 p3 = 0 p4 = -0.709822
----------> Iteration 4
            FVAL = 7.78560320706 Edm = 6.35272477309e-06 Nfcn = 88
            Error matrix change = 0
            Parameters :  p0 = -0.0510971 p1 = 0 p2 = 0 p3 = 0 p4 = -0.709822
Minuit2Minimizer : Valid minimum - status = 0
FVAL  = 7.78560320706156084
Edm   = 6.35272477308619507e-06
Nfcn  = 88
jerUp_unc	  = -0.0510971	 +/-  0.99449	(limited)
jesUp_unc	  = 0	 +/-  0.996602	(limited)
lumi	  = 0	 +/-  0.996602	(limited)
pdf_unc	  = 0	 +/-  0.996602	(limited)
xs_Bkg	  = -0.709822	 +/-  0.232184	(limited)
Zero signal fit
   0) jerUp_unc                      = -0.0510971
   1) jesUp_unc                      =         0
   2) lumi                           =         0
   3) pdf_unc                        =         0
   4) xs_Bkg                         = -0.709822

Fitting of the background hypothesis done in 0.309726 s
[#1] INFO:Fitting -- RooAddition::defaultErrorLevel(nll_model_s_data_obs_with_constr) Summation contains a RooNLLVar, using its error level
Minuit2Minimizer: Minimize with max-calls 2500 convergence for edm < 0.01 strategy 1
MnSeedGenerator: for initial parameters FCN = 15.7756
MnSeedGenerator: Initial state:   - FCN =   15.77562045281 Edm =      5.56649 NCalls =     21
VariableMetric: start iterating until Edm is < 1e-05
VariableMetric: Initial state   - FCN =   15.77562045281 Edm =      5.56649 NCalls =     21
VariableMetric: Iteration #   1 - FCN =   10.50501422759 Edm =     0.474655 NCalls =     33
VariableMetric: Iteration #   2 - FCN =   9.728072653883 Edm =    0.0234572 NCalls =     45
VariableMetric: Iteration #   3 - FCN =   9.690261823547 Edm =   0.00037273 NCalls =     57
VariableMetric: Iteration #   4 - FCN =   9.689843779462 Edm =  1.45987e-07 NCalls =     69
VariableMetric: After Hessian   - FCN =   9.689843779462 Edm =  1.53353e-07 NCalls =    100
Number of iterations 6
----------> Iteration 0
            FVAL = 15.7756204528 Edm = 5.56648650683 Nfcn = 21
            Error matrix change = 1
            Parameters :  p0 = -0.0510971 p1 = 0 p2 = 0 p3 = 0 p4 = -0.709822
----------> Iteration 1
            FVAL = 10.5050142276 Edm = 0.474654583456 Nfcn = 33
            Error matrix change = 0.58214
            Parameters :  p0 = -0.808111 p1 = -0.61595 p2 = -0.59411 p3 = -0.720581 p4 = -1.46531
----------> Iteration 2
            FVAL = 9.72807265388 Edm = 0.0234572334508 Nfcn = 45
            Error matrix change = 0.384954
            Parameters :  p0 = -0.0607458 p1 = -0.150895 p2 = -0.142018 p3 = -0.199686 p4 = -1.75595
----------> Iteration 3
            FVAL = 9.69026182355 Edm = 0.000372730302848 Nfcn = 57
            Error matrix change = 0.214067
            Parameters :  p0 = -0.113743 p1 = -0.19288 p2 = -0.186564 p3 = -0.223048 p4 = -1.84724
----------> Iteration 4
            FVAL = 9.68984377946 Edm = 1.4598735592e-07 Nfcn = 69
            Error matrix change = 0.120971
            Parameters :  p0 = -0.125095 p1 = -0.17806 p2 = -0.1711 p3 = -0.2125 p4 = -1.85336
----------> Iteration 5
            FVAL = 9.68984377946 Edm = 1.53352954652e-07 Nfcn = 100
            Error matrix change = 0
            Parameters :  p0 = -0.125095 p1 = -0.17806 p2 = -0.1711 p3 = -0.2125 p4 = -1.85336
Minuit2Minimizer : Valid minimum - status = 0
FVAL  = 9.68984377946158126
Edm   = 1.53352954651664482e-07
Nfcn  = 100
jerUp_unc	  = -0.125095	 +/-  0.994766	(limited)
jesUp_unc	  = -0.17806	 +/-  0.98669	(limited)
lumi	  = -0.1711	 +/-  0.987453	(limited)
pdf_unc	  = -0.2125	 +/-  0.982432	(limited)
xs_Bkg	  = -1.85336	 +/-  0.422654	(limited)
Reference signal fit
   0) jerUp_unc                      = -0.125095
   1) jesUp_unc                      =  -0.17806
   2) lumi                           =   -0.1711
   3) pdf_unc                        =   -0.2125
   4) xs_Bkg                         =  -1.85336

Fitting of the signal-plus-background hypothesis done in 0.00244808 s
      Evaluation of p-values done in  6.28896 s
	CLs = 0.0614035 +/- 0.0166826
      Evaluation of p-values done in  6.08764 s
	CLs = 0.0630252 +/- 0.0116952
      Evaluation of p-values done in  6.18653 s
	CLs = 0.06469 +/- 0.00948859
      Evaluation of p-values done in  6.62357 s
	CLs = 0.0699507 +/- 0.00844341
      Evaluation of p-values done in  6.29096 s
	CLs = 0.070134 +/- 0.00756146
	CLs      = 0.070134 +/- 0.00756146
	CLb      = 0.2538 +/- 0.00615444
	CLsplusb = 0.0178 +/- 0.00186993

Hybrid result saved as HypoTestResult_mh120_r34_3135800539 in higgsCombineTest.HybridNew.mH120.2045957940.root : higgsCombineTest.HybridNew.mH120.2045957940.root:/toys

 -- Hybrid New -- 
CLs = 0.070134 +/- 0.00756146
Total toys: 10000
Done in 0.00 min (cpu), 0.53 min (real)
