>>> including systematics
>>> using the Profile Likelihood test statistics modified for upper limits (Q_LHC)
>>> method used to compute upper limit is HybridNew
>>> Using OpenSSL to get a really random seed 
>>> Used OpenSSL to get a really random seed 811828871
Adding /uscms_data/d2/lpcljm/sapta/SUSYSearch/LimitSetting/CMSSW_7_1_5/src to include path
Adding /cvmfs/cms.cern.ch/slc6_amd64_gcc481/lcg/roofit/5.34.18-cms3//include to include path
Input workspace 'w': 

RooWorkspace(w) w contents

variables
---------
(jerUp_unc,jerUp_unc_In,jesUp_unc,jesUp_unc_In,lumi,lumi_In,n_obs_binbin1,pdf_unc,pdf_unc_In,r,xs_Bkg,xs_Bkg_In)

p.d.f.s
-------
SimpleGaussianConstraint::jerUp_unc_Pdf[ x=jerUp_unc mean=jerUp_unc_In sigma=1 ] = 1
SimpleGaussianConstraint::jesUp_unc_Pdf[ x=jesUp_unc mean=jesUp_unc_In sigma=1 ] = 1
SimpleGaussianConstraint::lumi_Pdf[ x=lumi mean=lumi_In sigma=1 ] = 1
RooProdPdf::modelObs_b[ pdf_binbin1_bonly ] = 1.21566e-07
RooProdPdf::modelObs_s[ pdf_binbin1 ] = 1.01925e-07
RooProdPdf::model_b[ modelObs_b * nuisancePdf ] = 1.21566e-07
RooProdPdf::model_s[ modelObs_s * nuisancePdf ] = 1.01925e-07
RooProdPdf::nuisancePdf[ lumi_Pdf * jesUp_unc_Pdf * pdf_unc_Pdf * xs_Bkg_Pdf * jerUp_unc_Pdf ] = 1
RooPoisson::pdf_binbin1[ x=n_obs_binbin1 mean=n_exp_binbin1 ] = 1.01925e-07
RooPoisson::pdf_binbin1_bonly[ x=n_obs_binbin1 mean=n_exp_binbin1_bonly ] = 1.21566e-07
SimpleGaussianConstraint::pdf_unc_Pdf[ x=pdf_unc mean=pdf_unc_In sigma=1 ] = 1
SimpleGaussianConstraint::xs_Bkg_Pdf[ x=xs_Bkg mean=xs_Bkg_In sigma=1 ] = 1

functions
--------
RooAddition::n_exp_binbin1[ n_exp_binbin1_proc_BH + n_exp_binbin1_proc_Background ] = 720.357
RooAddition::n_exp_binbin1_bonly[ n_exp_binbin1_proc_Background ] = 719.357
ProcessNormalization::n_exp_binbin1_proc_BH[ thetaList=(lumi,jesUp_unc,pdf_unc) asymmThetaList=() otherFactorList=(r) ] = 1
ProcessNormalization::n_exp_binbin1_proc_Background[ thetaList=(xs_Bkg,jerUp_unc) asymmThetaList=() otherFactorList=() ] = 719.357

datasets
--------
RooDataSet::data_obs(n_obs_binbin1)

named sets
----------
ModelConfig_GlobalObservables:(lumi_In,jesUp_unc_In,pdf_unc_In,xs_Bkg_In,jerUp_unc_In)
ModelConfig_NuisParams:(lumi,jesUp_unc,pdf_unc,xs_Bkg,jerUp_unc)
ModelConfig_Observables:(n_obs_binbin1)
ModelConfig_POI:(r)
ModelConfig_bonly_GlobalObservables:(lumi_In,jesUp_unc_In,pdf_unc_In,xs_Bkg_In,jerUp_unc_In)
ModelConfig_bonly_NuisParams:(lumi,jesUp_unc,pdf_unc,xs_Bkg,jerUp_unc)
ModelConfig_bonly_Observables:(n_obs_binbin1)
ModelConfig_bonly_POI:(r)
POI:(r)
globalObservables:(lumi_In,jesUp_unc_In,pdf_unc_In,xs_Bkg_In,jerUp_unc_In)
nuisances:(lumi,jesUp_unc,pdf_unc,xs_Bkg,jerUp_unc)
observables:(n_obs_binbin1)

generic objects
---------------
RooStats::ModelConfig::ModelConfig
RooStats::ModelConfig::ModelConfig_bonly
RooArgSet::discreteParams

Workspace has a ModelConfig for signal called 'ModelConfig', with contents:

=== Using the following for ModelConfig ===
Observables:             RooArgSet:: = (n_obs_binbin1)
Parameters of Interest:  RooArgSet:: = (r)
Nuisance Parameters:     RooArgSet:: = (lumi,jesUp_unc,pdf_unc,xs_Bkg,jerUp_unc)
Global Observables:      RooArgSet:: = (lumi_In,jesUp_unc_In,pdf_unc_In,xs_Bkg_In,jerUp_unc_In)
PDF:                     RooProdPdf::model_s[ modelObs_s * nuisancePdf ] = 1.01925e-07

Input ModelConfig 'ModelConfig': 

=== Using the following for ModelConfig ===
Observables:             RooArgSet:: = (n_obs_binbin1)
Parameters of Interest:  RooArgSet:: = (r)
Nuisance Parameters:     RooArgSet:: = (lumi,jesUp_unc,pdf_unc,xs_Bkg,jerUp_unc)
Global Observables:      RooArgSet:: = (lumi_In,jesUp_unc_In,pdf_unc_In,xs_Bkg_In,jerUp_unc_In)
PDF:                     RooProdPdf::model_s[ modelObs_s * nuisancePdf ] = 1.01925e-07

[#1] INFO:ObjectHandling -- RooWorkspace::import(w) importing RooUniform::prior
Computing limit starting from observation
  1) RooRealVar:: n_obs_binbin1 = 593
Set default minimizer to Minuit2
  r = 360 +/- 0
[#1] INFO:Minization --  Including the following contraint terms in minimization: (nuisancePdf)
[#1] INFO:Fitting -- RooAddition::defaultErrorLevel(nll_model_s_data_obs_with_constr) Summation contains a RooNLLVar, using its error level
Minuit2Minimizer: Minimize with max-calls 2500 convergence for edm < 0.01 strategy 1
MnSeedGenerator: for initial parameters FCN = 20.5175
MnSeedGenerator: Initial state:   - FCN =   20.51749736913 Edm =      16.7977 NCalls =     21
VariableMetric: start iterating until Edm is < 1e-05
VariableMetric: Initial state   - FCN =   20.51749736913 Edm =      16.7977 NCalls =     21
VariableMetric: Iteration #   1 - FCN =   10.03973206697 Edm =     0.324083 NCalls =     33
VariableMetric: Iteration #   2 - FCN =   8.864519653917 Edm =   0.00349879 NCalls =     45
VariableMetric: Iteration #   3 - FCN =   8.860213841975 Edm =  1.44433e-05 NCalls =     57
VariableMetric: Iteration #   4 - FCN =   8.860198967619 Edm =  1.24966e-08 NCalls =     68
VariableMetric: After Hessian   - FCN =   8.860198967619 Edm =  1.28724e-08 NCalls =     99
Number of iterations 6
----------> Iteration 0
            FVAL = 20.5174973691 Edm = 16.797742799 Nfcn = 21
            Error matrix change = 1
            Parameters :  p0 = 0 p1 = 0 p2 = 0 p3 = 0 p4 = 0
----------> Iteration 1
            FVAL = 10.039732067 Edm = 0.324082944597 Nfcn = 33
            Error matrix change = 0.5205
            Parameters :  p0 = -1.5063 p1 = 0 p2 = 0 p3 = 0 p4 = -0.325953
----------> Iteration 2
            FVAL = 8.86451965392 Edm = 0.00349879021923 Nfcn = 45
            Error matrix change = 0.353102
            Parameters :  p0 = 0.00264515 p1 = 0 p2 = 0 p3 = 0 p4 = -0.546772
----------> Iteration 3
            FVAL = 8.86021384197 Edm = 1.44433463832e-05 Nfcn = 57
            Error matrix change = 0.181145
            Parameters :  p0 = -0.066067 p1 = 0 p2 = 0 p3 = 0 p4 = -0.546366
----------> Iteration 4
            FVAL = 8.86019896762 Edm = 1.24965587018e-08 Nfcn = 68
            Error matrix change = 0.0925342
            Parameters :  p0 = -0.0625728 p1 = 0 p2 = 0 p3 = 0 p4 = -0.547228
----------> Iteration 5
            FVAL = 8.86019896762 Edm = 1.28724217424e-08 Nfcn = 99
            Error matrix change = 0
            Parameters :  p0 = -0.0625728 p1 = 0 p2 = 0 p3 = 0 p4 = -0.547228
Minuit2Minimizer : Valid minimum - status = 0
FVAL  = 8.86019896761946413
Edm   = 1.28724217424466141e-08
Nfcn  = 99
jerUp_unc	  = -0.0625728	 +/-  0.990369	(limited)
jesUp_unc	  = 0	 +/-  0.996602	(limited)
lumi	  = 0	 +/-  0.996602	(limited)
pdf_unc	  = 0	 +/-  0.996602	(limited)
xs_Bkg	  = -0.547228	 +/-  0.162944	(limited)
Zero signal fit
   0) jerUp_unc                      = -0.0625728
   1) jesUp_unc                      =         0
   2) lumi                           =         0
   3) pdf_unc                        =         0
   4) xs_Bkg                         = -0.547228

Fitting of the background hypothesis done in 0.308765 s
[#1] INFO:Fitting -- RooAddition::defaultErrorLevel(nll_model_s_data_obs_with_constr) Summation contains a RooNLLVar, using its error level
Minuit2Minimizer: Minimize with max-calls 2500 convergence for edm < 0.01 strategy 1
MnSeedGenerator: for initial parameters FCN = 88.1303
MnSeedGenerator: Initial state:   - FCN =    88.1302987078 Edm =      121.875 NCalls =     21
VariableMetric: start iterating until Edm is < 1e-05
VariableMetric: Initial state   - FCN =    88.1302987078 Edm =      121.875 NCalls =     21
VariableMetric: Iteration #   1 - FCN =    25.7577650567 Edm =      3.21378 NCalls =     33
VariableMetric: Iteration #   2 - FCN =   16.32331443882 Edm =      1.61559 NCalls =     46
VariableMetric: Iteration #   3 - FCN =   13.50023987034 Edm =     0.204471 NCalls =     58
VariableMetric: Iteration #   4 - FCN =   13.19370808458 Edm =    0.0356958 NCalls =     70
VariableMetric: Iteration #   5 - FCN =   13.13473956224 Edm =  0.000592932 NCalls =     82
VariableMetric: Iteration #   6 - FCN =   13.13404518504 Edm =   2.8025e-05 NCalls =     94
VariableMetric: Iteration #   7 - FCN =   13.13400489562 Edm =   1.8499e-07 NCalls =    106
VariableMetric: After Hessian   - FCN =   13.13400489562 Edm =  2.16262e-07 NCalls =    137
Number of iterations 9
----------> Iteration 0
            FVAL = 88.1302987078 Edm = 121.874948417 Nfcn = 21
            Error matrix change = 1
            Parameters :  p0 = -0.0625728 p1 = 0 p2 = 0 p3 = 0 p4 = -0.547228
----------> Iteration 1
            FVAL = 25.7577650567 Edm = 3.21377595702 Nfcn = 33
            Error matrix change = 0.621216
            Parameters :  p0 = -2.9328 p1 = -2.46812 p2 = -2.43734 p3 = -2.5655 p4 = -1.34091
----------> Iteration 2
            FVAL = 16.3233144388 Edm = 1.61558782655 Nfcn = 46
            Error matrix change = 0.521969
            Parameters :  p0 = -1.1519 p1 = -0.402021 p2 = -0.266653 p3 = -1.047 p4 = -2.06691
----------> Iteration 3
            FVAL = 13.5002398703 Edm = 0.204471167537 Nfcn = 58
            Error matrix change = 0.323823
            Parameters :  p0 = -0.323418 p1 = -0.810487 p2 = -0.769277 p3 = -1.10599 p4 = -2.48056
----------> Iteration 4
            FVAL = 13.1937080846 Edm = 0.035695814198 Nfcn = 70
            Error matrix change = 0.271093
            Parameters :  p0 = -0.058044 p1 = -0.4857 p2 = -0.46682 p3 = -0.642483 p4 = -2.6958
----------> Iteration 5
            FVAL = 13.1347395622 Edm = 0.000592932138875 Nfcn = 82
            Error matrix change = 0.204412
            Parameters :  p0 = -0.303485 p1 = -0.491174 p2 = -0.476563 p3 = -0.557886 p4 = -2.73566
----------> Iteration 6
            FVAL = 13.134045185 Edm = 2.80249734455e-05 Nfcn = 94
            Error matrix change = 0.173587
            Parameters :  p0 = -0.313153 p1 = -0.470062 p2 = -0.452401 p3 = -0.551707 p4 = -2.74064
----------> Iteration 7
            FVAL = 13.1340048956 Edm = 1.84990239574e-07 Nfcn = 106
            Error matrix change = 0.141374
            Parameters :  p0 = -0.313376 p1 = -0.468615 p2 = -0.450048 p3 = -0.559459 p4 = -2.74058
----------> Iteration 8
            FVAL = 13.1340048956 Edm = 2.16261668037e-07 Nfcn = 137
            Error matrix change = 0
            Parameters :  p0 = -0.313376 p1 = -0.468615 p2 = -0.450048 p3 = -0.559459 p4 = -2.74058
Minuit2Minimizer : Valid minimum - status = 0
FVAL  = 13.1340048956160942
Edm   = 2.16261668037360368e-07
Nfcn  = 137
jerUp_unc	  = -0.313376	 +/-  0.991041	(limited)
jesUp_unc	  = -0.468615	 +/-  0.967283	(limited)
lumi	  = -0.450048	 +/-  0.969561	(limited)
pdf_unc	  = -0.559459	 +/-  0.954501	(limited)
xs_Bkg	  = -2.74058	 +/-  0.363299	(limited)
Reference signal fit
   0) jerUp_unc                      = -0.313376
   1) jesUp_unc                      = -0.468615
   2) lumi                           = -0.450048
   3) pdf_unc                        = -0.559459
   4) xs_Bkg                         =  -2.74058

Fitting of the signal-plus-background hypothesis done in 0.00272584 s
      Evaluation of p-values done in  7.03569 s
	CLs = 0.00673401 +/- 0.00476817
      Evaluation of p-values done in  6.80389 s
	CLs = 0.00482315 +/- 0.00278718
      Evaluation of p-values done in  6.8374 s
	CLs = 0.00533049 +/- 0.00238625
      Evaluation of p-values done in  6.83138 s
	CLs = 0.0064154 +/- 0.00227092
      Evaluation of p-values done in  7.02409 s
	CLs = 0.00780234 +/- 0.00225572
	CLs      = 0.00780234 +/- 0.00225572
	CLb      = 0.3076 +/- 0.0065266
	CLsplusb = 0.0024 +/- 0.000691988

Hybrid result saved as HypoTestResult_mh120_r360_1286492524 in higgsCombineTest.HybridNew.mH120.811828871.root : higgsCombineTest.HybridNew.mH120.811828871.root:/toys

 -- Hybrid New -- 
CLs = 0.00780234 +/- 0.00225572
Total toys: 10000
Done in 0.00 min (cpu), 0.58 min (real)
