>>> including systematics
>>> using the Profile Likelihood test statistics modified for upper limits (Q_LHC)
>>> method used to compute upper limit is HybridNew
>>> Using OpenSSL to get a really random seed 
>>> Used OpenSSL to get a really random seed -1372584304
Adding /uscms_data/d2/lpcljm/sapta/SUSYSearch/LimitSetting/CMSSW_7_1_5/src to include path
Adding /cvmfs/cms.cern.ch/slc6_amd64_gcc481/lcg/roofit/5.34.18-cms3//include to include path
Input workspace 'w': 

RooWorkspace(w) w contents

variables
---------
(jerUp_unc,jerUp_unc_In,jesUp_unc,jesUp_unc_In,lumi,lumi_In,n_obs_binbin1,pdf_unc,pdf_unc_In,r,xs_Bkg,xs_Bkg_In)

p.d.f.s
-------
SimpleGaussianConstraint::jerUp_unc_Pdf[ x=jerUp_unc mean=jerUp_unc_In sigma=1 ] = 1
SimpleGaussianConstraint::jesUp_unc_Pdf[ x=jesUp_unc mean=jesUp_unc_In sigma=1 ] = 1
SimpleGaussianConstraint::lumi_Pdf[ x=lumi mean=lumi_In sigma=1 ] = 1
RooProdPdf::modelObs_b[ pdf_binbin1_bonly ] = 1.48101e-09
RooProdPdf::modelObs_s[ pdf_binbin1 ] = 1.32414e-09
RooProdPdf::model_b[ modelObs_b * nuisancePdf ] = 1.48101e-09
RooProdPdf::model_s[ modelObs_s * nuisancePdf ] = 1.32414e-09
RooProdPdf::nuisancePdf[ lumi_Pdf * jesUp_unc_Pdf * pdf_unc_Pdf * xs_Bkg_Pdf * jerUp_unc_Pdf ] = 1
RooPoisson::pdf_binbin1[ x=n_obs_binbin1 mean=n_exp_binbin1 ] = 1.32414e-09
RooPoisson::pdf_binbin1_bonly[ x=n_obs_binbin1 mean=n_exp_binbin1_bonly ] = 1.48101e-09
SimpleGaussianConstraint::pdf_unc_Pdf[ x=pdf_unc mean=pdf_unc_In sigma=1 ] = 1
SimpleGaussianConstraint::xs_Bkg_Pdf[ x=xs_Bkg mean=xs_Bkg_In sigma=1 ] = 1

functions
--------
RooAddition::n_exp_binbin1[ n_exp_binbin1_proc_BH + n_exp_binbin1_proc_Background ] = 2400.17
RooAddition::n_exp_binbin1_bonly[ n_exp_binbin1_proc_Background ] = 2399.17
ProcessNormalization::n_exp_binbin1_proc_BH[ thetaList=(lumi,jesUp_unc,pdf_unc) asymmThetaList=() otherFactorList=(r) ] = 1
ProcessNormalization::n_exp_binbin1_proc_Background[ thetaList=(xs_Bkg,jerUp_unc) asymmThetaList=() otherFactorList=() ] = 2399.17

datasets
--------
RooDataSet::data_obs(n_obs_binbin1)

named sets
----------
ModelConfig_GlobalObservables:(lumi_In,jesUp_unc_In,pdf_unc_In,xs_Bkg_In,jerUp_unc_In)
ModelConfig_NuisParams:(lumi,jesUp_unc,pdf_unc,xs_Bkg,jerUp_unc)
ModelConfig_Observables:(n_obs_binbin1)
ModelConfig_POI:(r)
ModelConfig_bonly_GlobalObservables:(lumi_In,jesUp_unc_In,pdf_unc_In,xs_Bkg_In,jerUp_unc_In)
ModelConfig_bonly_NuisParams:(lumi,jesUp_unc,pdf_unc,xs_Bkg,jerUp_unc)
ModelConfig_bonly_Observables:(n_obs_binbin1)
ModelConfig_bonly_POI:(r)
POI:(r)
globalObservables:(lumi_In,jesUp_unc_In,pdf_unc_In,xs_Bkg_In,jerUp_unc_In)
nuisances:(lumi,jesUp_unc,pdf_unc,xs_Bkg,jerUp_unc)
observables:(n_obs_binbin1)

generic objects
---------------
RooStats::ModelConfig::ModelConfig
RooStats::ModelConfig::ModelConfig_bonly
RooArgSet::discreteParams

Workspace has a ModelConfig for signal called 'ModelConfig', with contents:

=== Using the following for ModelConfig ===
Observables:             RooArgSet:: = (n_obs_binbin1)
Parameters of Interest:  RooArgSet:: = (r)
Nuisance Parameters:     RooArgSet:: = (lumi,jesUp_unc,pdf_unc,xs_Bkg,jerUp_unc)
Global Observables:      RooArgSet:: = (lumi_In,jesUp_unc_In,pdf_unc_In,xs_Bkg_In,jerUp_unc_In)
PDF:                     RooProdPdf::model_s[ modelObs_s * nuisancePdf ] = 1.32414e-09

Input ModelConfig 'ModelConfig': 

=== Using the following for ModelConfig ===
Observables:             RooArgSet:: = (n_obs_binbin1)
Parameters of Interest:  RooArgSet:: = (r)
Nuisance Parameters:     RooArgSet:: = (lumi,jesUp_unc,pdf_unc,xs_Bkg,jerUp_unc)
Global Observables:      RooArgSet:: = (lumi_In,jesUp_unc_In,pdf_unc_In,xs_Bkg_In,jerUp_unc_In)
PDF:                     RooProdPdf::model_s[ modelObs_s * nuisancePdf ] = 1.32414e-09

[#1] INFO:ObjectHandling -- RooWorkspace::import(w) importing RooUniform::prior
Computing limit starting from observation
  1) RooRealVar:: n_obs_binbin1 = 2131
Set default minimizer to Minuit2
  r = 400 +/- 0
[#1] INFO:Minization --  Including the following contraint terms in minimization: (nuisancePdf)
[#1] INFO:Fitting -- RooAddition::defaultErrorLevel(nll_model_s_data_obs_with_constr) Summation contains a RooNLLVar, using its error level
Minuit2Minimizer: Minimize with max-calls 2500 convergence for edm < 0.01 strategy 1
MnSeedGenerator: for initial parameters FCN = 24.9252
MnSeedGenerator: Initial state:   - FCN =   24.92523610785 Edm =      26.6637 NCalls =     21
VariableMetric: start iterating until Edm is < 1e-05
VariableMetric: Initial state   - FCN =   24.92523610785 Edm =      26.6637 NCalls =     21
VariableMetric: Iteration #   1 - FCN =   10.22343278515 Edm =    0.0916328 NCalls =     33
VariableMetric: Iteration #   2 - FCN =   9.584019379249 Edm =     0.089814 NCalls =     46
VariableMetric: Iteration #   3 - FCN =   9.472643818398 Edm =  4.38312e-05 NCalls =     58
VariableMetric: Iteration #   4 - FCN =   9.472600355217 Edm =  1.51485e-08 NCalls =     69
VariableMetric: After Hessian   - FCN =   9.472600355217 Edm =  1.48748e-08 NCalls =    100
Number of iterations 6
----------> Iteration 0
            FVAL = 24.9252361079 Edm = 26.6637129333 Nfcn = 21
            Error matrix change = 1
            Parameters :  p0 = 0 p1 = 0 p2 = 0 p3 = 0 p4 = 0
----------> Iteration 1
            FVAL = 10.2234327851 Edm = 0.0916327978677 Nfcn = 33
            Error matrix change = 0.510009
            Parameters :  p0 = -1.27238 p1 = 0 p2 = 0 p3 = 0 p4 = -0.273765
----------> Iteration 2
            FVAL = 9.58401937925 Edm = 0.0898140246918 Nfcn = 46
            Error matrix change = 0.3743
            Parameters :  p0 = -0.169243 p1 = 0 p2 = 0 p3 = 0 p4 = -0.436725
----------> Iteration 3
            FVAL = 9.4726438184 Edm = 4.38312131315e-05 Nfcn = 58
            Error matrix change = 0.189877
            Parameters :  p0 = -0.0930772 p1 = 0 p2 = 0 p3 = 0 p4 = -0.492772
----------> Iteration 4
            FVAL = 9.47260035522 Edm = 1.51485233294e-08 Nfcn = 69
            Error matrix change = 0.0973822
            Parameters :  p0 = -0.083719 p1 = 0 p2 = 0 p3 = 0 p4 = -0.494323
----------> Iteration 5
            FVAL = 9.47260035522 Edm = 1.48747586199e-08 Nfcn = 100
            Error matrix change = 0
            Parameters :  p0 = -0.083719 p1 = 0 p2 = 0 p3 = 0 p4 = -0.494323
Minuit2Minimizer : Valid minimum - status = 0
FVAL  = 9.47260035521742694
Edm   = 1.48747586199179003e-08
Nfcn  = 100
jerUp_unc	  = -0.083719	 +/-  0.982911	(limited)
jesUp_unc	  = 0	 +/-  0.996602	(limited)
lumi	  = 0	 +/-  0.996602	(limited)
pdf_unc	  = 0	 +/-  0.996602	(limited)
xs_Bkg	  = -0.494323	 +/-  0.190309	(limited)
Zero signal fit
   0) jerUp_unc                      = -0.083719
   1) jesUp_unc                      =         0
   2) lumi                           =         0
   3) pdf_unc                        =         0
   4) xs_Bkg                         = -0.494323

Fitting of the background hypothesis done in 0.304824 s
[#1] INFO:Fitting -- RooAddition::defaultErrorLevel(nll_model_s_data_obs_with_constr) Summation contains a RooNLLVar, using its error level
Minuit2Minimizer: Minimize with max-calls 2500 convergence for edm < 0.01 strategy 1
MnSeedGenerator: for initial parameters FCN = 43.2293
MnSeedGenerator: Initial state:   - FCN =   43.22931172696 Edm =       64.539 NCalls =     21
VariableMetric: start iterating until Edm is < 1e-05
VariableMetric: Initial state   - FCN =   43.22931172696 Edm =       64.539 NCalls =     21
VariableMetric: Iteration #   1 - FCN =   13.68213918534 Edm =      1.22058 NCalls =     33
VariableMetric: Iteration #   2 - FCN =   11.63697154874 Edm =     0.275391 NCalls =     45
VariableMetric: Iteration #   3 - FCN =   10.72225503046 Edm =     0.211608 NCalls =     57
VariableMetric: Iteration #   4 - FCN =   10.31471068581 Edm =    0.0161407 NCalls =     69
VariableMetric: Iteration #   5 - FCN =   10.29610163932 Edm =   4.9071e-05 NCalls =     81
VariableMetric: Iteration #   6 - FCN =    10.2960418016 Edm =  6.11762e-07 NCalls =     93
VariableMetric: After Hessian   - FCN =    10.2960418016 Edm =  6.50254e-07 NCalls =    124
Number of iterations 8
----------> Iteration 0
            FVAL = 43.229311727 Edm = 64.5389607184 Nfcn = 21
            Error matrix change = 1
            Parameters :  p0 = -0.083719 p1 = 0 p2 = 0 p3 = 0 p4 = -0.494323
----------> Iteration 1
            FVAL = 13.6821391853 Edm = 1.22058103343 Nfcn = 33
            Error matrix change = 0.597873
            Parameters :  p0 = -1.74572 p1 = -1.18852 p2 = -1.13305 p3 = -1.29785 p4 = -0.874178
----------> Iteration 2
            FVAL = 11.6369715487 Edm = 0.275390582998 Nfcn = 45
            Error matrix change = 0.456586
            Parameters :  p0 = -1.66321 p1 = -0.0103926 p2 = 0.0469913 p3 = -0.173174 p4 = -1.0234
----------> Iteration 3
            FVAL = 10.7222550305 Edm = 0.211607623943 Nfcn = 57
            Error matrix change = 0.340173
            Parameters :  p0 = -1.03027 p1 = -0.177533 p2 = -0.2404 p3 = -0.0418403 p4 = -1.24299
----------> Iteration 4
            FVAL = 10.3147106858 Edm = 0.0161407160331 Nfcn = 69
            Error matrix change = 0.258504
            Parameters :  p0 = -0.247144 p1 = 0.00216746 p2 = -0.0205711 p3 = 0.0920516 p4 = -1.36198
----------> Iteration 5
            FVAL = 10.2961016393 Edm = 4.90709926053e-05 Nfcn = 81
            Error matrix change = 0.159933
            Parameters :  p0 = -0.229855 p1 = -0.0721156 p2 = -0.0657614 p3 = -0.0724385 p4 = -1.34498
----------> Iteration 6
            FVAL = 10.2960418016 Edm = 6.11761576088e-07 Nfcn = 93
            Error matrix change = 0.130517
            Parameters :  p0 = -0.227931 p1 = -0.0647026 p2 = -0.0592951 p3 = -0.0766701 p4 = -1.34561
----------> Iteration 7
            FVAL = 10.2960418016 Edm = 6.50254445524e-07 Nfcn = 124
            Error matrix change = 0
            Parameters :  p0 = -0.227931 p1 = -0.0647026 p2 = -0.0592951 p3 = -0.0766701 p4 = -1.34561
Minuit2Minimizer : Valid minimum - status = 0
FVAL  = 10.2960418015983191
Edm   = 6.50254445524393194e-07
Nfcn  = 124
jerUp_unc	  = -0.227931	 +/-  0.983077	(limited)
jesUp_unc	  = -0.0647026	 +/-  0.993652	(limited)
lumi	  = -0.0592951	 +/-  0.994095	(limited)
pdf_unc	  = -0.0766701	 +/-  0.992392	(limited)
xs_Bkg	  = -1.34561	 +/-  0.216881	(limited)
Reference signal fit
   0) jerUp_unc                      = -0.227931
   1) jesUp_unc                      = -0.0647026
   2) lumi                           = -0.0592951
   3) pdf_unc                        = -0.0766701
   4) xs_Bkg                         =  -1.34561

Fitting of the signal-plus-background hypothesis done in 0.00268602 s
      Evaluation of p-values done in  7.04933 s
	CLs = 0.28481 +/- 0.0315557
      Evaluation of p-values done in  7.18563 s
	CLs = 0.284298 +/- 0.0228623
      Evaluation of p-values done in  6.82335 s
	CLs = 0.299097 +/- 0.0194657
      Evaluation of p-values done in  7.43255 s
	CLs = 0.293378 +/- 0.0165839
      Evaluation of p-values done in  7.01312 s
	CLs = 0.290301 +/- 0.0147256
	CLs      = 0.290301 +/- 0.0147256
	CLb      = 0.299 +/- 0.00647455
	CLsplusb = 0.0868 +/- 0.0039816

Hybrid result saved as HypoTestResult_mh120_r400_1305958545 in higgsCombineTest.HybridNew.mH120.-1372584304.root : higgsCombineTest.HybridNew.mH120.-1372584304.root:/toys

 -- Hybrid New -- 
CLs = 0.290301 +/- 0.0147256
Total toys: 10000
Done in 0.00 min (cpu), 0.60 min (real)
