>>> including systematics
>>> using the Profile Likelihood test statistics modified for upper limits (Q_LHC)
>>> method used to compute upper limit is HybridNew
>>> Using OpenSSL to get a really random seed 
>>> Used OpenSSL to get a really random seed 1026041084
Adding /uscms_data/d2/lpcljm/sapta/SUSYSearch/LimitSetting/CMSSW_7_1_5/src to include path
Adding /cvmfs/cms.cern.ch/slc6_amd64_gcc481/lcg/roofit/5.34.18-cms3//include to include path
Input workspace 'w': 

RooWorkspace(w) w contents

variables
---------
(jerUp_unc,jerUp_unc_In,jesUp_unc,jesUp_unc_In,lumi,lumi_In,n_obs_binbin1,pdf_unc,pdf_unc_In,r,xs_Bkg,xs_Bkg_In)

p.d.f.s
-------
SimpleGaussianConstraint::jerUp_unc_Pdf[ x=jerUp_unc mean=jerUp_unc_In sigma=1 ] = 1
SimpleGaussianConstraint::jesUp_unc_Pdf[ x=jesUp_unc mean=jesUp_unc_In sigma=1 ] = 1
SimpleGaussianConstraint::lumi_Pdf[ x=lumi mean=lumi_In sigma=1 ] = 1
RooProdPdf::modelObs_b[ pdf_binbin1_bonly ] = 0.000118072
RooProdPdf::modelObs_s[ pdf_binbin1 ] = 8.25371e-05
RooProdPdf::model_b[ modelObs_b * nuisancePdf ] = 0.000118072
RooProdPdf::model_s[ modelObs_s * nuisancePdf ] = 8.25371e-05
RooProdPdf::nuisancePdf[ lumi_Pdf * jesUp_unc_Pdf * pdf_unc_Pdf * xs_Bkg_Pdf * jerUp_unc_Pdf ] = 1
RooPoisson::pdf_binbin1[ x=n_obs_binbin1 mean=n_exp_binbin1 ] = 8.25371e-05
RooPoisson::pdf_binbin1_bonly[ x=n_obs_binbin1 mean=n_exp_binbin1_bonly ] = 0.000118072
SimpleGaussianConstraint::pdf_unc_Pdf[ x=pdf_unc mean=pdf_unc_In sigma=1 ] = 1
SimpleGaussianConstraint::xs_Bkg_Pdf[ x=xs_Bkg mean=xs_Bkg_In sigma=1 ] = 1

functions
--------
RooAddition::n_exp_binbin1[ n_exp_binbin1_proc_BH + n_exp_binbin1_proc_Background ] = 86.177
RooAddition::n_exp_binbin1_bonly[ n_exp_binbin1_proc_Background ] = 85.177
ProcessNormalization::n_exp_binbin1_proc_BH[ thetaList=(lumi,jesUp_unc,pdf_unc) asymmThetaList=() otherFactorList=(r) ] = 1
ProcessNormalization::n_exp_binbin1_proc_Background[ thetaList=(xs_Bkg,jerUp_unc) asymmThetaList=() otherFactorList=() ] = 85.177

datasets
--------
RooDataSet::data_obs(n_obs_binbin1)

named sets
----------
ModelConfig_GlobalObservables:(lumi_In,jesUp_unc_In,pdf_unc_In,xs_Bkg_In,jerUp_unc_In)
ModelConfig_NuisParams:(lumi,jesUp_unc,pdf_unc,xs_Bkg,jerUp_unc)
ModelConfig_Observables:(n_obs_binbin1)
ModelConfig_POI:(r)
ModelConfig_bonly_GlobalObservables:(lumi_In,jesUp_unc_In,pdf_unc_In,xs_Bkg_In,jerUp_unc_In)
ModelConfig_bonly_NuisParams:(lumi,jesUp_unc,pdf_unc,xs_Bkg,jerUp_unc)
ModelConfig_bonly_Observables:(n_obs_binbin1)
ModelConfig_bonly_POI:(r)
POI:(r)
globalObservables:(lumi_In,jesUp_unc_In,pdf_unc_In,xs_Bkg_In,jerUp_unc_In)
nuisances:(lumi,jesUp_unc,pdf_unc,xs_Bkg,jerUp_unc)
observables:(n_obs_binbin1)

generic objects
---------------
RooStats::ModelConfig::ModelConfig
RooStats::ModelConfig::ModelConfig_bonly
RooArgSet::discreteParams

Workspace has a ModelConfig for signal called 'ModelConfig', with contents:

=== Using the following for ModelConfig ===
Observables:             RooArgSet:: = (n_obs_binbin1)
Parameters of Interest:  RooArgSet:: = (r)
Nuisance Parameters:     RooArgSet:: = (lumi,jesUp_unc,pdf_unc,xs_Bkg,jerUp_unc)
Global Observables:      RooArgSet:: = (lumi_In,jesUp_unc_In,pdf_unc_In,xs_Bkg_In,jerUp_unc_In)
PDF:                     RooProdPdf::model_s[ modelObs_s * nuisancePdf ] = 8.25371e-05

Input ModelConfig 'ModelConfig': 

=== Using the following for ModelConfig ===
Observables:             RooArgSet:: = (n_obs_binbin1)
Parameters of Interest:  RooArgSet:: = (r)
Nuisance Parameters:     RooArgSet:: = (lumi,jesUp_unc,pdf_unc,xs_Bkg,jerUp_unc)
Global Observables:      RooArgSet:: = (lumi_In,jesUp_unc_In,pdf_unc_In,xs_Bkg_In,jerUp_unc_In)
PDF:                     RooProdPdf::model_s[ modelObs_s * nuisancePdf ] = 8.25371e-05

[#1] INFO:ObjectHandling -- RooWorkspace::import(w) importing RooUniform::prior
Computing limit starting from observation
  1) RooRealVar:: n_obs_binbin1 = 55
Set default minimizer to Minuit2
  r = 42 +/- 0
[#1] INFO:Minization --  Including the following contraint terms in minimization: (nuisancePdf)
[#1] INFO:Fitting -- RooAddition::defaultErrorLevel(nll_model_s_data_obs_with_constr) Summation contains a RooNLLVar, using its error level
Minuit2Minimizer: Minimize with max-calls 2500 convergence for edm < 0.01 strategy 1
MnSeedGenerator: for initial parameters FCN = 13.6389
MnSeedGenerator: Initial state:   - FCN =   13.63890867575 Edm =      5.78597 NCalls =     21
VariableMetric: start iterating until Edm is < 1e-05
VariableMetric: Initial state   - FCN =   13.63890867575 Edm =      5.78597 NCalls =     21
VariableMetric: Iteration #   1 - FCN =   8.317967187321 Edm =     0.391439 NCalls =     33
VariableMetric: Iteration #   2 - FCN =   7.788728156004 Edm =   0.00257254 NCalls =     45
VariableMetric: Iteration #   3 - FCN =   7.785603207062 Edm =  6.33697e-06 NCalls =     57
VariableMetric: After Hessian   - FCN =   7.785603207062 Edm =  6.35272e-06 NCalls =     88
Number of iterations 5
----------> Iteration 0
            FVAL = 13.6389086758 Edm = 5.78596757421 Nfcn = 21
            Error matrix change = 1
            Parameters :  p0 = 0 p1 = 0 p2 = 0 p3 = 0 p4 = 0
----------> Iteration 1
            FVAL = 8.31796718732 Edm = 0.391439113511 Nfcn = 33
            Error matrix change = 0.527436
            Parameters :  p0 = -1.04256 p1 = 0 p2 = 0 p3 = 0 p4 = -0.587451
----------> Iteration 2
            FVAL = 7.788728156 Edm = 0.00257253768488 Nfcn = 45
            Error matrix change = 0.305541
            Parameters :  p0 = -0.0219829 p1 = 0 p2 = 0 p3 = 0 p4 = -0.695343
----------> Iteration 3
            FVAL = 7.78560320706 Edm = 6.33696631266e-06 Nfcn = 57
            Error matrix change = 0.155384
            Parameters :  p0 = -0.0510971 p1 = 0 p2 = 0 p3 = 0 p4 = -0.709822
----------> Iteration 4
            FVAL = 7.78560320706 Edm = 6.35272477309e-06 Nfcn = 88
            Error matrix change = 0
            Parameters :  p0 = -0.0510971 p1 = 0 p2 = 0 p3 = 0 p4 = -0.709822
Minuit2Minimizer : Valid minimum - status = 0
FVAL  = 7.78560320706156084
Edm   = 6.35272477308619507e-06
Nfcn  = 88
jerUp_unc	  = -0.0510971	 +/-  0.99449	(limited)
jesUp_unc	  = 0	 +/-  0.996602	(limited)
lumi	  = 0	 +/-  0.996602	(limited)
pdf_unc	  = 0	 +/-  0.996602	(limited)
xs_Bkg	  = -0.709822	 +/-  0.232184	(limited)
Zero signal fit
   0) jerUp_unc                      = -0.0510971
   1) jesUp_unc                      =         0
   2) lumi                           =         0
   3) pdf_unc                        =         0
   4) xs_Bkg                         = -0.709822

Fitting of the background hypothesis done in 0.311399 s
[#1] INFO:Fitting -- RooAddition::defaultErrorLevel(nll_model_s_data_obs_with_constr) Summation contains a RooNLLVar, using its error level
Minuit2Minimizer: Minimize with max-calls 2500 convergence for edm < 0.01 strategy 1
MnSeedGenerator: for initial parameters FCN = 19.1034
MnSeedGenerator: Initial state:   - FCN =    19.1034073534 Edm =      7.63551 NCalls =     21
VariableMetric: start iterating until Edm is < 1e-05
VariableMetric: Initial state   - FCN =    19.1034073534 Edm =      7.63551 NCalls =     21
VariableMetric: Iteration #   1 - FCN =   11.97014884001 Edm =     0.692935 NCalls =     35
VariableMetric: Iteration #   2 - FCN =   10.78172956782 Edm =    0.0540857 NCalls =     47
VariableMetric: Iteration #   3 - FCN =   10.68626208678 Edm =   0.00146575 NCalls =     59
VariableMetric: Iteration #   4 - FCN =   10.68449927108 Edm =  2.61414e-06 NCalls =     71
VariableMetric: After Hessian   - FCN =   10.68449927108 Edm =  2.80301e-06 NCalls =    102
Number of iterations 6
----------> Iteration 0
            FVAL = 19.1034073534 Edm = 7.63551303018 Nfcn = 21
            Error matrix change = 1
            Parameters :  p0 = -0.0510971 p1 = 0 p2 = 0 p3 = 0 p4 = -0.709822
----------> Iteration 1
            FVAL = 11.97014884 Edm = 0.692935421517 Nfcn = 35
            Error matrix change = 0.58717
            Parameters :  p0 = -0.91048 p1 = -0.842415 p2 = -0.813595 p3 = -0.978676 p4 = -1.57457
----------> Iteration 2
            FVAL = 10.7817295678 Edm = 0.0540856990577 Nfcn = 47
            Error matrix change = 0.392965
            Parameters :  p0 = -0.0482388 p1 = -0.245359 p2 = -0.23016 p3 = -0.328892 p4 = -1.9537
----------> Iteration 3
            FVAL = 10.6862620868 Edm = 0.001465754 Nfcn = 59
            Error matrix change = 0.224112
            Parameters :  p0 = -0.125131 p1 = -0.319374 p2 = -0.309479 p3 = -0.366682 p4 = -2.10835
----------> Iteration 4
            FVAL = 10.6844992711 Edm = 2.61413938034e-06 Nfcn = 71
            Error matrix change = 0.127666
            Parameters :  p0 = -0.144214 p1 = -0.290447 p2 = -0.27912 p3 = -0.346268 p4 = -2.12568
----------> Iteration 5
            FVAL = 10.6844992711 Edm = 2.80300734046e-06 Nfcn = 102
            Error matrix change = 0
            Parameters :  p0 = -0.144214 p1 = -0.290447 p2 = -0.27912 p3 = -0.346268 p4 = -2.12568
Minuit2Minimizer : Valid minimum - status = 0
FVAL  = 10.6844992710752962
Edm   = 2.80300734045651353e-06
Nfcn  = 102
jerUp_unc	  = -0.144214	 +/-  0.994862	(limited)
jesUp_unc	  = -0.290447	 +/-  0.980164	(limited)
lumi	  = -0.27912	 +/-  0.981433	(limited)
pdf_unc	  = -0.346268	 +/-  0.973068	(limited)
xs_Bkg	  = -2.12568	 +/-  0.470752	(limited)
Reference signal fit
   0) jerUp_unc                      = -0.144214
   1) jesUp_unc                      = -0.290447
   2) lumi                           =  -0.27912
   3) pdf_unc                        = -0.346268
   4) xs_Bkg                         =  -2.12568

Fitting of the signal-plus-background hypothesis done in 0.00250912 s
      Evaluation of p-values done in  7.93012 s
	CLs = 0.0155642 +/- 0.00781148
      Evaluation of p-values done in  6.32476 s
	CLs = 0.0106383 +/- 0.00435313
      Evaluation of p-values done in  6.10017 s
	CLs = 0.0122249 +/- 0.00387659
      Evaluation of p-values done in  7.09013 s
	CLs = 0.0163339 +/- 0.00386404
      Evaluation of p-values done in  7.29535 s
	CLs = 0.0168745 +/- 0.00353206
	CLs      = 0.0168745 +/- 0.00353206
	CLb      = 0.2726 +/- 0.00629745
	CLsplusb = 0.0046 +/- 0.000956958

Hybrid result saved as HypoTestResult_mh120_r42_2567533675 in higgsCombineTest.HybridNew.mH120.1026041084.root : higgsCombineTest.HybridNew.mH120.1026041084.root:/toys

 -- Hybrid New -- 
CLs = 0.0168745 +/- 0.00353206
Total toys: 10000
Done in 0.00 min (cpu), 0.58 min (real)
