>>> including systematics
>>> using the Profile Likelihood test statistics modified for upper limits (Q_LHC)
>>> method used to compute upper limit is HybridNew
>>> Using OpenSSL to get a really random seed 
>>> Used OpenSSL to get a really random seed 1588422115
Adding /uscms_data/d2/lpcljm/sapta/SUSYSearch/LimitSetting/CMSSW_7_1_5/src to include path
Adding /cvmfs/cms.cern.ch/slc6_amd64_gcc481/lcg/roofit/5.34.18-cms3//include to include path
Input workspace 'w': 

RooWorkspace(w) w contents

variables
---------
(jerUp_unc,jerUp_unc_In,jesUp_unc,jesUp_unc_In,lumi,lumi_In,n_obs_binbin1,pdf_unc,pdf_unc_In,r,xs_Bkg,xs_Bkg_In)

p.d.f.s
-------
SimpleGaussianConstraint::jerUp_unc_Pdf[ x=jerUp_unc mean=jerUp_unc_In sigma=1 ] = 1
SimpleGaussianConstraint::jesUp_unc_Pdf[ x=jesUp_unc mean=jesUp_unc_In sigma=1 ] = 1
SimpleGaussianConstraint::lumi_Pdf[ x=lumi mean=lumi_In sigma=1 ] = 1
RooProdPdf::modelObs_b[ pdf_binbin1_bonly ] = 0.537364
RooProdPdf::modelObs_s[ pdf_binbin1 ] = 0.197685
RooProdPdf::model_b[ modelObs_b * nuisancePdf ] = 0.537364
RooProdPdf::model_s[ modelObs_s * nuisancePdf ] = 0.197685
RooProdPdf::nuisancePdf[ lumi_Pdf * jesUp_unc_Pdf * pdf_unc_Pdf * xs_Bkg_Pdf * jerUp_unc_Pdf ] = 1
RooPoisson::pdf_binbin1[ x=n_obs_binbin1 mean=n_exp_binbin1 ] = 0.197685
RooPoisson::pdf_binbin1_bonly[ x=n_obs_binbin1 mean=n_exp_binbin1_bonly ] = 0.537364
SimpleGaussianConstraint::pdf_unc_Pdf[ x=pdf_unc mean=pdf_unc_In sigma=1 ] = 1
SimpleGaussianConstraint::xs_Bkg_Pdf[ x=xs_Bkg mean=xs_Bkg_In sigma=1 ] = 1

functions
--------
RooAddition::n_exp_binbin1[ n_exp_binbin1_proc_BH + n_exp_binbin1_proc_Background ] = 1.62108
RooAddition::n_exp_binbin1_bonly[ n_exp_binbin1_proc_Background ] = 0.621079
ProcessNormalization::n_exp_binbin1_proc_BH[ thetaList=(lumi,jesUp_unc,pdf_unc) asymmThetaList=() otherFactorList=(r) ] = 1
ProcessNormalization::n_exp_binbin1_proc_Background[ thetaList=(xs_Bkg,jerUp_unc) asymmThetaList=() otherFactorList=() ] = 0.621079

datasets
--------
RooDataSet::data_obs(n_obs_binbin1)

named sets
----------
ModelConfig_GlobalObservables:(lumi_In,jesUp_unc_In,pdf_unc_In,xs_Bkg_In,jerUp_unc_In)
ModelConfig_NuisParams:(lumi,jesUp_unc,pdf_unc,xs_Bkg,jerUp_unc)
ModelConfig_Observables:(n_obs_binbin1)
ModelConfig_POI:(r)
ModelConfig_bonly_GlobalObservables:(lumi_In,jesUp_unc_In,pdf_unc_In,xs_Bkg_In,jerUp_unc_In)
ModelConfig_bonly_NuisParams:(lumi,jesUp_unc,pdf_unc,xs_Bkg,jerUp_unc)
ModelConfig_bonly_Observables:(n_obs_binbin1)
ModelConfig_bonly_POI:(r)
POI:(r)
globalObservables:(lumi_In,jesUp_unc_In,pdf_unc_In,xs_Bkg_In,jerUp_unc_In)
nuisances:(lumi,jesUp_unc,pdf_unc,xs_Bkg,jerUp_unc)
observables:(n_obs_binbin1)

generic objects
---------------
RooStats::ModelConfig::ModelConfig
RooStats::ModelConfig::ModelConfig_bonly
RooArgSet::discreteParams

Workspace has a ModelConfig for signal called 'ModelConfig', with contents:

=== Using the following for ModelConfig ===
Observables:             RooArgSet:: = (n_obs_binbin1)
Parameters of Interest:  RooArgSet:: = (r)
Nuisance Parameters:     RooArgSet:: = (lumi,jesUp_unc,pdf_unc,xs_Bkg,jerUp_unc)
Global Observables:      RooArgSet:: = (lumi_In,jesUp_unc_In,pdf_unc_In,xs_Bkg_In,jerUp_unc_In)
PDF:                     RooProdPdf::model_s[ modelObs_s * nuisancePdf ] = 0.197685

Input ModelConfig 'ModelConfig': 

=== Using the following for ModelConfig ===
Observables:             RooArgSet:: = (n_obs_binbin1)
Parameters of Interest:  RooArgSet:: = (r)
Nuisance Parameters:     RooArgSet:: = (lumi,jesUp_unc,pdf_unc,xs_Bkg,jerUp_unc)
Global Observables:      RooArgSet:: = (lumi_In,jesUp_unc_In,pdf_unc_In,xs_Bkg_In,jerUp_unc_In)
PDF:                     RooProdPdf::model_s[ modelObs_s * nuisancePdf ] = 0.197685

[#1] INFO:ObjectHandling -- RooWorkspace::import(w) importing RooUniform::prior
Computing limit starting from observation
  1) RooRealVar:: n_obs_binbin1 = 0
Set default minimizer to Minuit2
  r = 4 +/- 0
[#1] INFO:Minization --  Including the following contraint terms in minimization: (nuisancePdf)
[#1] INFO:Fitting -- RooAddition::defaultErrorLevel(nll_model_s_data_obs_with_constr) Summation contains a RooNLLVar, using its error level
Minuit2Minimizer: Minimize with max-calls 2500 convergence for edm < 0.01 strategy 1
MnSeedGenerator: for initial parameters FCN = 5.21577
MnSeedGenerator: Initial state:   - FCN =   5.215771666011 Edm =     0.138171 NCalls =     21
VariableMetric: start iterating until Edm is < 1e-05
VariableMetric: Initial state   - FCN =   5.215771666011 Edm =     0.138171 NCalls =     21
VariableMetric: Iteration #   1 - FCN =   5.068701692838 Edm =  0.000219858 NCalls =     33
VariableMetric: Iteration #   2 - FCN =   5.068445370394 Edm =  4.17253e-07 NCalls =     45
VariableMetric: After Hessian   - FCN =   5.068445370394 Edm =  4.30264e-07 NCalls =     76
Number of iterations 4
----------> Iteration 0
            FVAL = 5.21577166601 Edm = 0.138171184927 Nfcn = 21
            Error matrix change = 1
            Parameters :  p0 = 0 p1 = 0 p2 = 0 p3 = 0 p4 = 0
----------> Iteration 1
            FVAL = 5.06870169284 Edm = 0.000219858192798 Nfcn = 33
            Error matrix change = 0.507648
            Parameters :  p0 = -0.0258141 p1 = 0 p2 = 0 p3 = 0 p4 = -0.415103
----------> Iteration 2
            FVAL = 5.06844537039 Edm = 4.17253404744e-07 Nfcn = 45
            Error matrix change = 0.262566
            Parameters :  p0 = -0.0141412 p1 = 0 p2 = 0 p3 = 0 p4 = -0.431098
----------> Iteration 3
            FVAL = 5.06844537039 Edm = 4.30263823899e-07 Nfcn = 76
            Error matrix change = 0
            Parameters :  p0 = -0.0141412 p1 = 0 p2 = 0 p3 = 0 p4 = -0.431098
Minuit2Minimizer : Valid minimum - status = 0
FVAL  = 5.06844537039428378
Edm   = 4.3026382389925241e-07
Nfcn  = 76
jerUp_unc	  = -0.0141412	 +/-  0.996408	(limited)
jesUp_unc	  = 0	 +/-  0.996602	(limited)
lumi	  = 0	 +/-  0.996602	(limited)
pdf_unc	  = 0	 +/-  0.996602	(limited)
xs_Bkg	  = -0.431098	 +/-  0.81757	(limited)
Zero signal fit
   0) jerUp_unc                      = -0.0141412
   1) jesUp_unc                      =         0
   2) lumi                           =         0
   3) pdf_unc                        =         0
   4) xs_Bkg                         = -0.431098

Fitting of the background hypothesis done in 0.308256 s
[#1] INFO:Fitting -- RooAddition::defaultErrorLevel(nll_model_s_data_obs_with_constr) Summation contains a RooNLLVar, using its error level
Minuit2Minimizer: Minimize with max-calls 2500 convergence for edm < 0.01 strategy 1
MnSeedGenerator: for initial parameters FCN = 9.06845
MnSeedGenerator: Initial state:   - FCN =   9.068445370394 Edm =    0.0630941 NCalls =     21
VariableMetric: start iterating until Edm is < 1e-05
VariableMetric: Initial state   - FCN =   9.068445370394 Edm =    0.0630941 NCalls =     21
VariableMetric: Iteration #   1 - FCN =   9.006631592727 Edm =  2.54785e-05 NCalls =     32
VariableMetric: Iteration #   2 - FCN =   9.006606586477 Edm =  6.90941e-11 NCalls =     43
VariableMetric: After Hessian   - FCN =   9.006606586477 Edm =  6.97572e-11 NCalls =     78
Number of iterations 4
----------> Iteration 0
            FVAL = 9.06844537039 Edm = 0.0630941349039 Nfcn = 21
            Error matrix change = 1
            Parameters :  p0 = -0.0141412 p1 = 0 p2 = 0 p3 = 0 p4 = -0.431098
----------> Iteration 1
            FVAL = 9.00663159273 Edm = 2.54785484383e-05 Nfcn = 32
            Error matrix change = 0.504219
            Parameters :  p0 = -0.014932 p1 = -0.193295 p2 = -0.185878 p3 = -0.229911 p4 = -0.431504
----------> Iteration 2
            FVAL = 9.00660658648 Edm = 6.90941364529e-11 Nfcn = 43
            Error matrix change = 0.252499
            Parameters :  p0 = -0.0149253 p1 = -0.189226 p2 = -0.181832 p3 = -0.225977 p4 = -0.431495
----------> Iteration 3
            FVAL = 9.00660658648 Edm = 6.97572278799e-11 Nfcn = 78
            Error matrix change = 0
            Parameters :  p0 = -0.0149253 p1 = -0.189226 p2 = -0.181832 p3 = -0.225977 p4 = -0.431495
Minuit2Minimizer : Valid minimum - status = 0
FVAL  = 9.00660658647666068
Edm   = 6.97572278798968672e-11
Nfcn  = 78
jerUp_unc	  = -0.0149253	 +/-  0.996408	(limited)
jesUp_unc	  = -0.189226	 +/-  0.992158	(limited)
lumi	  = -0.181832	 +/-  0.992499	(limited)
pdf_unc	  = -0.225977	 +/-  0.990257	(limited)
xs_Bkg	  = -0.431495	 +/-  0.817636	(limited)
Reference signal fit
   0) jerUp_unc                      = -0.0149253
   1) jesUp_unc                      = -0.189226
   2) lumi                           = -0.181832
   3) pdf_unc                        = -0.225977
   4) xs_Bkg                         = -0.431495

Fitting of the signal-plus-background hypothesis done in 0.0022161 s
      Evaluation of p-values done in  5.75994 s
	CLs = 0.0117647 +/- 0.00589342
      Evaluation of p-values done in  5.66285 s
	CLs = 0.0131004 +/- 0.00437576
      Evaluation of p-values done in  5.5984 s
	CLs = 0.013986 +/- 0.00374661
      Evaluation of p-values done in  5.62873 s
	CLs = 0.0163205 +/- 0.00348878
      Evaluation of p-values done in  5.83776 s
	CLs = 0.0171598 +/- 0.00319533
	CLs      = 0.0171598 +/- 0.00319533
	CLb      = 0.338 +/- 0.00668963
	CLsplusb = 0.0058 +/- 0.00107391

Hybrid result saved as HypoTestResult_mh120_r4_308433476 in higgsCombineTest.HybridNew.mH120.1588422115.root : higgsCombineTest.HybridNew.mH120.1588422115.root:/toys

 -- Hybrid New -- 
CLs = 0.0171598 +/- 0.00319533
Total toys: 10000
Done in 0.00 min (cpu), 0.48 min (real)
