>>> including systematics
>>> using the Profile Likelihood test statistics modified for upper limits (Q_LHC)
>>> method used to compute upper limit is HybridNew
>>> Using OpenSSL to get a really random seed 
>>> Used OpenSSL to get a really random seed -1443863955
Adding /uscms_data/d2/lpcljm/sapta/SUSYSearch/LimitSetting/CMSSW_7_1_5/src to include path
Adding /cvmfs/cms.cern.ch/slc6_amd64_gcc481/lcg/roofit/5.34.18-cms3//include to include path
Input workspace 'w': 

RooWorkspace(w) w contents

variables
---------
(jerUp_unc,jerUp_unc_In,jesUp_unc,jesUp_unc_In,lumi,lumi_In,n_obs_binbin1,pdf_unc,pdf_unc_In,r,xs_Bkg,xs_Bkg_In)

p.d.f.s
-------
SimpleGaussianConstraint::jerUp_unc_Pdf[ x=jerUp_unc mean=jerUp_unc_In sigma=1 ] = 1
SimpleGaussianConstraint::jesUp_unc_Pdf[ x=jesUp_unc mean=jesUp_unc_In sigma=1 ] = 1
SimpleGaussianConstraint::lumi_Pdf[ x=lumi mean=lumi_In sigma=1 ] = 1
RooProdPdf::modelObs_b[ pdf_binbin1_bonly ] = 1.48101e-09
RooProdPdf::modelObs_s[ pdf_binbin1 ] = 1.32414e-09
RooProdPdf::model_b[ modelObs_b * nuisancePdf ] = 1.48101e-09
RooProdPdf::model_s[ modelObs_s * nuisancePdf ] = 1.32414e-09
RooProdPdf::nuisancePdf[ lumi_Pdf * jesUp_unc_Pdf * pdf_unc_Pdf * xs_Bkg_Pdf * jerUp_unc_Pdf ] = 1
RooPoisson::pdf_binbin1[ x=n_obs_binbin1 mean=n_exp_binbin1 ] = 1.32414e-09
RooPoisson::pdf_binbin1_bonly[ x=n_obs_binbin1 mean=n_exp_binbin1_bonly ] = 1.48101e-09
SimpleGaussianConstraint::pdf_unc_Pdf[ x=pdf_unc mean=pdf_unc_In sigma=1 ] = 1
SimpleGaussianConstraint::xs_Bkg_Pdf[ x=xs_Bkg mean=xs_Bkg_In sigma=1 ] = 1

functions
--------
RooAddition::n_exp_binbin1[ n_exp_binbin1_proc_BH + n_exp_binbin1_proc_Background ] = 2400.17
RooAddition::n_exp_binbin1_bonly[ n_exp_binbin1_proc_Background ] = 2399.17
ProcessNormalization::n_exp_binbin1_proc_BH[ thetaList=(lumi,jesUp_unc,pdf_unc) asymmThetaList=() otherFactorList=(r) ] = 1
ProcessNormalization::n_exp_binbin1_proc_Background[ thetaList=(xs_Bkg,jerUp_unc) asymmThetaList=() otherFactorList=() ] = 2399.17

datasets
--------
RooDataSet::data_obs(n_obs_binbin1)

named sets
----------
ModelConfig_GlobalObservables:(lumi_In,jesUp_unc_In,pdf_unc_In,xs_Bkg_In,jerUp_unc_In)
ModelConfig_NuisParams:(lumi,jesUp_unc,pdf_unc,xs_Bkg,jerUp_unc)
ModelConfig_Observables:(n_obs_binbin1)
ModelConfig_POI:(r)
ModelConfig_bonly_GlobalObservables:(lumi_In,jesUp_unc_In,pdf_unc_In,xs_Bkg_In,jerUp_unc_In)
ModelConfig_bonly_NuisParams:(lumi,jesUp_unc,pdf_unc,xs_Bkg,jerUp_unc)
ModelConfig_bonly_Observables:(n_obs_binbin1)
ModelConfig_bonly_POI:(r)
POI:(r)
globalObservables:(lumi_In,jesUp_unc_In,pdf_unc_In,xs_Bkg_In,jerUp_unc_In)
nuisances:(lumi,jesUp_unc,pdf_unc,xs_Bkg,jerUp_unc)
observables:(n_obs_binbin1)

generic objects
---------------
RooStats::ModelConfig::ModelConfig
RooStats::ModelConfig::ModelConfig_bonly
RooArgSet::discreteParams

Workspace has a ModelConfig for signal called 'ModelConfig', with contents:

=== Using the following for ModelConfig ===
Observables:             RooArgSet:: = (n_obs_binbin1)
Parameters of Interest:  RooArgSet:: = (r)
Nuisance Parameters:     RooArgSet:: = (lumi,jesUp_unc,pdf_unc,xs_Bkg,jerUp_unc)
Global Observables:      RooArgSet:: = (lumi_In,jesUp_unc_In,pdf_unc_In,xs_Bkg_In,jerUp_unc_In)
PDF:                     RooProdPdf::model_s[ modelObs_s * nuisancePdf ] = 1.32414e-09

Input ModelConfig 'ModelConfig': 

=== Using the following for ModelConfig ===
Observables:             RooArgSet:: = (n_obs_binbin1)
Parameters of Interest:  RooArgSet:: = (r)
Nuisance Parameters:     RooArgSet:: = (lumi,jesUp_unc,pdf_unc,xs_Bkg,jerUp_unc)
Global Observables:      RooArgSet:: = (lumi_In,jesUp_unc_In,pdf_unc_In,xs_Bkg_In,jerUp_unc_In)
PDF:                     RooProdPdf::model_s[ modelObs_s * nuisancePdf ] = 1.32414e-09

[#1] INFO:ObjectHandling -- RooWorkspace::import(w) importing RooUniform::prior
Computing limit starting from observation
  1) RooRealVar:: n_obs_binbin1 = 2131
Set default minimizer to Minuit2
  r = 500 +/- 0
[#1] INFO:Minization --  Including the following contraint terms in minimization: (nuisancePdf)
[#1] INFO:Fitting -- RooAddition::defaultErrorLevel(nll_model_s_data_obs_with_constr) Summation contains a RooNLLVar, using its error level
Minuit2Minimizer: Minimize with max-calls 2500 convergence for edm < 0.01 strategy 1
MnSeedGenerator: for initial parameters FCN = 24.9252
MnSeedGenerator: Initial state:   - FCN =   24.92523610785 Edm =      26.6637 NCalls =     21
VariableMetric: start iterating until Edm is < 1e-05
VariableMetric: Initial state   - FCN =   24.92523610785 Edm =      26.6637 NCalls =     21
VariableMetric: Iteration #   1 - FCN =   10.22343278515 Edm =    0.0916328 NCalls =     33
VariableMetric: Iteration #   2 - FCN =   9.584019379249 Edm =     0.089814 NCalls =     46
VariableMetric: Iteration #   3 - FCN =   9.472643818398 Edm =  4.38312e-05 NCalls =     58
VariableMetric: Iteration #   4 - FCN =   9.472600355217 Edm =  1.51485e-08 NCalls =     69
VariableMetric: After Hessian   - FCN =   9.472600355217 Edm =  1.48748e-08 NCalls =    100
Number of iterations 6
----------> Iteration 0
            FVAL = 24.9252361079 Edm = 26.6637129333 Nfcn = 21
            Error matrix change = 1
            Parameters :  p0 = 0 p1 = 0 p2 = 0 p3 = 0 p4 = 0
----------> Iteration 1
            FVAL = 10.2234327851 Edm = 0.0916327978677 Nfcn = 33
            Error matrix change = 0.510009
            Parameters :  p0 = -1.27238 p1 = 0 p2 = 0 p3 = 0 p4 = -0.273765
----------> Iteration 2
            FVAL = 9.58401937925 Edm = 0.0898140246918 Nfcn = 46
            Error matrix change = 0.3743
            Parameters :  p0 = -0.169243 p1 = 0 p2 = 0 p3 = 0 p4 = -0.436725
----------> Iteration 3
            FVAL = 9.4726438184 Edm = 4.38312131315e-05 Nfcn = 58
            Error matrix change = 0.189877
            Parameters :  p0 = -0.0930772 p1 = 0 p2 = 0 p3 = 0 p4 = -0.492772
----------> Iteration 4
            FVAL = 9.47260035522 Edm = 1.51485233294e-08 Nfcn = 69
            Error matrix change = 0.0973822
            Parameters :  p0 = -0.083719 p1 = 0 p2 = 0 p3 = 0 p4 = -0.494323
----------> Iteration 5
            FVAL = 9.47260035522 Edm = 1.48747586199e-08 Nfcn = 100
            Error matrix change = 0
            Parameters :  p0 = -0.083719 p1 = 0 p2 = 0 p3 = 0 p4 = -0.494323
Minuit2Minimizer : Valid minimum - status = 0
FVAL  = 9.47260035521742694
Edm   = 1.48747586199179003e-08
Nfcn  = 100
jerUp_unc	  = -0.083719	 +/-  0.982911	(limited)
jesUp_unc	  = 0	 +/-  0.996602	(limited)
lumi	  = 0	 +/-  0.996602	(limited)
pdf_unc	  = 0	 +/-  0.996602	(limited)
xs_Bkg	  = -0.494323	 +/-  0.190309	(limited)
Zero signal fit
   0) jerUp_unc                      = -0.083719
   1) jesUp_unc                      =         0
   2) lumi                           =         0
   3) pdf_unc                        =         0
   4) xs_Bkg                         = -0.494323

Fitting of the background hypothesis done in 0.305825 s
[#1] INFO:Fitting -- RooAddition::defaultErrorLevel(nll_model_s_data_obs_with_constr) Summation contains a RooNLLVar, using its error level
Minuit2Minimizer: Minimize with max-calls 2500 convergence for edm < 0.01 strategy 1
MnSeedGenerator: for initial parameters FCN = 60.7225
MnSeedGenerator: Initial state:   - FCN =   60.72253115964 Edm =      101.793 NCalls =     21
VariableMetric: start iterating until Edm is < 1e-05
VariableMetric: Initial state   - FCN =   60.72253115964 Edm =      101.793 NCalls =     21
VariableMetric: Iteration #   1 - FCN =   16.08632547833 Edm =      1.90333 NCalls =     33
VariableMetric: Iteration #   2 - FCN =   12.82871654332 Edm =     0.467103 NCalls =     46
VariableMetric: Iteration #   3 - FCN =   11.38517239287 Edm =     0.267943 NCalls =     58
VariableMetric: Iteration #   4 - FCN =   10.75413271206 Edm =    0.0738541 NCalls =     70
VariableMetric: Iteration #   5 - FCN =   10.66597761202 Edm =  0.000934855 NCalls =     82
VariableMetric: Iteration #   6 - FCN =   10.66487604066 Edm =  2.14464e-05 NCalls =     94
VariableMetric: Iteration #   7 - FCN =   10.66484818432 Edm =   7.2909e-08 NCalls =    106
VariableMetric: After Hessian   - FCN =   10.66484818432 Edm =  7.55926e-08 NCalls =    137
Number of iterations 9
----------> Iteration 0
            FVAL = 60.7225311596 Edm = 101.792765284 Nfcn = 21
            Error matrix change = 1
            Parameters :  p0 = -0.083719 p1 = 0 p2 = 0 p3 = 0 p4 = -0.494323
----------> Iteration 1
            FVAL = 16.0863254783 Edm = 1.90332799036 Nfcn = 33
            Error matrix change = 0.608476
            Parameters :  p0 = -2.07792 p1 = -1.58831 p2 = -1.53193 p3 = -1.68581 p4 = -0.954526
----------> Iteration 2
            FVAL = 12.8287165433 Edm = 0.467102639286 Nfcn = 46
            Error matrix change = 0.485374
            Parameters :  p0 = -1.95397 p1 = -0.168698 p2 = -0.0653488 p3 = -0.433094 p4 = -1.13763
----------> Iteration 3
            FVAL = 11.3851723929 Edm = 0.267942759779 Nfcn = 58
            Error matrix change = 0.334922
            Parameters :  p0 = -1.39507 p1 = -0.134731 p2 = -0.187322 p3 = -0.0797119 p4 = -1.4289
----------> Iteration 4
            FVAL = 10.7541327121 Edm = 0.0738540750056 Nfcn = 70
            Error matrix change = 0.299805
            Parameters :  p0 = -0.380548 p1 = 0.081164 p2 = 0.0379564 p3 = 0.213909 p4 = -1.61059
----------> Iteration 5
            FVAL = 10.665977612 Edm = 0.000934854609171 Nfcn = 82
            Error matrix change = 0.20183
            Parameters :  p0 = -0.267576 p1 = -0.121198 p2 = -0.115709 p3 = -0.095218 p4 = -1.58234
----------> Iteration 6
            FVAL = 10.6648760407 Edm = 2.14463954761e-05 Nfcn = 94
            Error matrix change = 0.149103
            Parameters :  p0 = -0.268123 p1 = -0.103224 p2 = -0.0937552 p3 = -0.115949 p4 = -1.57933
----------> Iteration 7
            FVAL = 10.6648481843 Edm = 7.29090225572e-08 Nfcn = 106
            Error matrix change = 0.106269
            Parameters :  p0 = -0.268401 p1 = -0.0996067 p2 = -0.0916311 p3 = -0.118757 p4 = -1.58008
----------> Iteration 8
            FVAL = 10.6648481843 Edm = 7.55925755664e-08 Nfcn = 137
            Error matrix change = 0
            Parameters :  p0 = -0.268401 p1 = -0.0996067 p2 = -0.0916311 p3 = -0.118757 p4 = -1.58008
Minuit2Minimizer : Valid minimum - status = 0
FVAL  = 10.6648481843170266
Edm   = 7.5592575566361196e-08
Nfcn  = 137
jerUp_unc	  = -0.268401	 +/-  0.983173	(limited)
jesUp_unc	  = -0.0996067	 +/-  0.991768	(limited)
lumi	  = -0.0916311	 +/-  0.992495	(limited)
pdf_unc	  = -0.118757	 +/-  0.989701	(limited)
xs_Bkg	  = -1.58008	 +/-  0.230585	(limited)
Reference signal fit
   0) jerUp_unc                      = -0.268401
   1) jesUp_unc                      = -0.0996067
   2) lumi                           = -0.0916311
   3) pdf_unc                        = -0.118757
   4) xs_Bkg                         =  -1.58008

Fitting of the signal-plus-background hypothesis done in 0.0028069 s
      Evaluation of p-values done in  7.31188 s
	CLs = 0.187291 +/- 0.0259529
      Evaluation of p-values done in  6.98746 s
	CLs = 0.179445 +/- 0.0176936
      Evaluation of p-values done in  6.8564 s
	CLs = 0.163934 +/- 0.0138064
      Evaluation of p-values done in  7.05783 s
	CLs = 0.164782 +/- 0.0118937
      Evaluation of p-values done in  7.11925 s
	CLs = 0.163161 +/- 0.0105028
	CLs      = 0.163161 +/- 0.0105028
	CLb      = 0.3138 +/- 0.00656246
	CLsplusb = 0.0512 +/- 0.003117

Hybrid result saved as HypoTestResult_mh120_r500_2812329152 in higgsCombineTest.HybridNew.mH120.-1443863955.root : higgsCombineTest.HybridNew.mH120.-1443863955.root:/toys

 -- Hybrid New -- 
CLs = 0.163161 +/- 0.0105028
Total toys: 10000
Done in 0.00 min (cpu), 0.59 min (real)
