>>> including systematics
>>> using the Profile Likelihood test statistics modified for upper limits (Q_LHC)
>>> method used to compute upper limit is HybridNew
>>> Using OpenSSL to get a really random seed 
>>> Used OpenSSL to get a really random seed 381877976
Adding /uscms_data/d2/lpcljm/sapta/SUSYSearch/LimitSetting/CMSSW_7_1_5/src to include path
Adding /cvmfs/cms.cern.ch/slc6_amd64_gcc481/lcg/roofit/5.34.18-cms3//include to include path
Input workspace 'w': 

RooWorkspace(w) w contents

variables
---------
(jerUp_unc,jerUp_unc_In,jesUp_unc,jesUp_unc_In,lumi,lumi_In,n_obs_binbin1,pdf_unc,pdf_unc_In,r,xs_Bkg,xs_Bkg_In)

p.d.f.s
-------
SimpleGaussianConstraint::jerUp_unc_Pdf[ x=jerUp_unc mean=jerUp_unc_In sigma=1 ] = 1
SimpleGaussianConstraint::jesUp_unc_Pdf[ x=jesUp_unc mean=jesUp_unc_In sigma=1 ] = 1
SimpleGaussianConstraint::lumi_Pdf[ x=lumi mean=lumi_In sigma=1 ] = 1
RooProdPdf::modelObs_b[ pdf_binbin1_bonly ] = 0.000118072
RooProdPdf::modelObs_s[ pdf_binbin1 ] = 8.25371e-05
RooProdPdf::model_b[ modelObs_b * nuisancePdf ] = 0.000118072
RooProdPdf::model_s[ modelObs_s * nuisancePdf ] = 8.25371e-05
RooProdPdf::nuisancePdf[ lumi_Pdf * jesUp_unc_Pdf * pdf_unc_Pdf * xs_Bkg_Pdf * jerUp_unc_Pdf ] = 1
RooPoisson::pdf_binbin1[ x=n_obs_binbin1 mean=n_exp_binbin1 ] = 8.25371e-05
RooPoisson::pdf_binbin1_bonly[ x=n_obs_binbin1 mean=n_exp_binbin1_bonly ] = 0.000118072
SimpleGaussianConstraint::pdf_unc_Pdf[ x=pdf_unc mean=pdf_unc_In sigma=1 ] = 1
SimpleGaussianConstraint::xs_Bkg_Pdf[ x=xs_Bkg mean=xs_Bkg_In sigma=1 ] = 1

functions
--------
RooAddition::n_exp_binbin1[ n_exp_binbin1_proc_BH + n_exp_binbin1_proc_Background ] = 86.177
RooAddition::n_exp_binbin1_bonly[ n_exp_binbin1_proc_Background ] = 85.177
ProcessNormalization::n_exp_binbin1_proc_BH[ thetaList=(lumi,jesUp_unc,pdf_unc) asymmThetaList=() otherFactorList=(r) ] = 1
ProcessNormalization::n_exp_binbin1_proc_Background[ thetaList=(xs_Bkg,jerUp_unc) asymmThetaList=() otherFactorList=() ] = 85.177

datasets
--------
RooDataSet::data_obs(n_obs_binbin1)

named sets
----------
ModelConfig_GlobalObservables:(lumi_In,jesUp_unc_In,pdf_unc_In,xs_Bkg_In,jerUp_unc_In)
ModelConfig_NuisParams:(lumi,jesUp_unc,pdf_unc,xs_Bkg,jerUp_unc)
ModelConfig_Observables:(n_obs_binbin1)
ModelConfig_POI:(r)
ModelConfig_bonly_GlobalObservables:(lumi_In,jesUp_unc_In,pdf_unc_In,xs_Bkg_In,jerUp_unc_In)
ModelConfig_bonly_NuisParams:(lumi,jesUp_unc,pdf_unc,xs_Bkg,jerUp_unc)
ModelConfig_bonly_Observables:(n_obs_binbin1)
ModelConfig_bonly_POI:(r)
POI:(r)
globalObservables:(lumi_In,jesUp_unc_In,pdf_unc_In,xs_Bkg_In,jerUp_unc_In)
nuisances:(lumi,jesUp_unc,pdf_unc,xs_Bkg,jerUp_unc)
observables:(n_obs_binbin1)

generic objects
---------------
RooStats::ModelConfig::ModelConfig
RooStats::ModelConfig::ModelConfig_bonly
RooArgSet::discreteParams

Workspace has a ModelConfig for signal called 'ModelConfig', with contents:

=== Using the following for ModelConfig ===
Observables:             RooArgSet:: = (n_obs_binbin1)
Parameters of Interest:  RooArgSet:: = (r)
Nuisance Parameters:     RooArgSet:: = (lumi,jesUp_unc,pdf_unc,xs_Bkg,jerUp_unc)
Global Observables:      RooArgSet:: = (lumi_In,jesUp_unc_In,pdf_unc_In,xs_Bkg_In,jerUp_unc_In)
PDF:                     RooProdPdf::model_s[ modelObs_s * nuisancePdf ] = 8.25371e-05

Input ModelConfig 'ModelConfig': 

=== Using the following for ModelConfig ===
Observables:             RooArgSet:: = (n_obs_binbin1)
Parameters of Interest:  RooArgSet:: = (r)
Nuisance Parameters:     RooArgSet:: = (lumi,jesUp_unc,pdf_unc,xs_Bkg,jerUp_unc)
Global Observables:      RooArgSet:: = (lumi_In,jesUp_unc_In,pdf_unc_In,xs_Bkg_In,jerUp_unc_In)
PDF:                     RooProdPdf::model_s[ modelObs_s * nuisancePdf ] = 8.25371e-05

[#1] INFO:ObjectHandling -- RooWorkspace::import(w) importing RooUniform::prior
Computing limit starting from observation
  1) RooRealVar:: n_obs_binbin1 = 55
Set default minimizer to Minuit2
  r = 50 +/- 0
[#1] INFO:Minization --  Including the following contraint terms in minimization: (nuisancePdf)
[#1] INFO:Fitting -- RooAddition::defaultErrorLevel(nll_model_s_data_obs_with_constr) Summation contains a RooNLLVar, using its error level
Minuit2Minimizer: Minimize with max-calls 2500 convergence for edm < 0.01 strategy 1
MnSeedGenerator: for initial parameters FCN = 13.6389
MnSeedGenerator: Initial state:   - FCN =   13.63890867575 Edm =      5.78597 NCalls =     21
VariableMetric: start iterating until Edm is < 1e-05
VariableMetric: Initial state   - FCN =   13.63890867575 Edm =      5.78597 NCalls =     21
VariableMetric: Iteration #   1 - FCN =   8.317967187321 Edm =     0.391439 NCalls =     33
VariableMetric: Iteration #   2 - FCN =   7.788728156004 Edm =   0.00257254 NCalls =     45
VariableMetric: Iteration #   3 - FCN =   7.785603207062 Edm =  6.33697e-06 NCalls =     57
VariableMetric: After Hessian   - FCN =   7.785603207062 Edm =  6.35272e-06 NCalls =     88
Number of iterations 5
----------> Iteration 0
            FVAL = 13.6389086758 Edm = 5.78596757421 Nfcn = 21
            Error matrix change = 1
            Parameters :  p0 = 0 p1 = 0 p2 = 0 p3 = 0 p4 = 0
----------> Iteration 1
            FVAL = 8.31796718732 Edm = 0.391439113511 Nfcn = 33
            Error matrix change = 0.527436
            Parameters :  p0 = -1.04256 p1 = 0 p2 = 0 p3 = 0 p4 = -0.587451
----------> Iteration 2
            FVAL = 7.788728156 Edm = 0.00257253768488 Nfcn = 45
            Error matrix change = 0.305541
            Parameters :  p0 = -0.0219829 p1 = 0 p2 = 0 p3 = 0 p4 = -0.695343
----------> Iteration 3
            FVAL = 7.78560320706 Edm = 6.33696631266e-06 Nfcn = 57
            Error matrix change = 0.155384
            Parameters :  p0 = -0.0510971 p1 = 0 p2 = 0 p3 = 0 p4 = -0.709822
----------> Iteration 4
            FVAL = 7.78560320706 Edm = 6.35272477309e-06 Nfcn = 88
            Error matrix change = 0
            Parameters :  p0 = -0.0510971 p1 = 0 p2 = 0 p3 = 0 p4 = -0.709822
Minuit2Minimizer : Valid minimum - status = 0
FVAL  = 7.78560320706156084
Edm   = 6.35272477308619507e-06
Nfcn  = 88
jerUp_unc	  = -0.0510971	 +/-  0.99449	(limited)
jesUp_unc	  = 0	 +/-  0.996602	(limited)
lumi	  = 0	 +/-  0.996602	(limited)
pdf_unc	  = 0	 +/-  0.996602	(limited)
xs_Bkg	  = -0.709822	 +/-  0.232184	(limited)
Zero signal fit
   0) jerUp_unc                      = -0.0510971
   1) jesUp_unc                      =         0
   2) lumi                           =         0
   3) pdf_unc                        =         0
   4) xs_Bkg                         = -0.709822

Fitting of the background hypothesis done in 0.594518 s
[#1] INFO:Fitting -- RooAddition::defaultErrorLevel(nll_model_s_data_obs_with_constr) Summation contains a RooNLLVar, using its error level
Minuit2Minimizer: Minimize with max-calls 2500 convergence for edm < 0.01 strategy 1
MnSeedGenerator: for initial parameters FCN = 22.7972
MnSeedGenerator: Initial state:   - FCN =   22.79720596905 Edm =      9.85829 NCalls =     19
VariableMetric: start iterating until Edm is < 1e-05
VariableMetric: Initial state   - FCN =   22.79720596905 Edm =      9.85829 NCalls =     19
VariableMetric: Iteration #   1 - FCN =   13.75250788359 Edm =     0.925547 NCalls =     33
VariableMetric: Iteration #   2 - FCN =   12.14872220438 Edm =    0.0973866 NCalls =     45
VariableMetric: Iteration #   3 - FCN =   11.96727311201 Edm =   0.00414772 NCalls =     57
VariableMetric: Iteration #   4 - FCN =   11.96195528013 Edm =  1.63511e-05 NCalls =     69
VariableMetric: Iteration #   5 - FCN =   11.96193741158 Edm =  6.80403e-10 NCalls =     81
VariableMetric: After Hessian   - FCN =   11.96193741158 Edm =  6.87064e-10 NCalls =    112
Number of iterations 7
----------> Iteration 0
            FVAL = 22.797205969 Edm = 9.85828768455 Nfcn = 19
            Error matrix change = 1
            Parameters :  p0 = -0.0510971 p1 = 0 p2 = 0 p3 = 0 p4 = -0.709822
----------> Iteration 1
            FVAL = 13.7525078836 Edm = 0.925546660664 Nfcn = 33
            Error matrix change = 0.589675
            Parameters :  p0 = -0.997084 p1 = -1.07859 p2 = -1.04307 p3 = -1.24423 p4 = -1.66426
----------> Iteration 2
            FVAL = 12.1487222044 Edm = 0.0973866150716 Nfcn = 45
            Error matrix change = 0.396715
            Parameters :  p0 = -0.0419969 p1 = -0.36301 p2 = -0.339842 p3 = -0.48959 p4 = -2.10911
----------> Iteration 3
            FVAL = 11.967273112 Edm = 0.00414772405673 Nfcn = 57
            Error matrix change = 0.232018
            Parameters :  p0 = -0.133632 p1 = -0.478904 p2 = -0.464491 p3 = -0.548752 p4 = -2.32811
----------> Iteration 4
            FVAL = 11.9619552801 Edm = 1.63511143439e-05 Nfcn = 69
            Error matrix change = 0.134604
            Parameters :  p0 = -0.161407 p1 = -0.431956 p2 = -0.415184 p3 = -0.514322 p4 = -2.36397
----------> Iteration 5
            FVAL = 11.9619374116 Edm = 6.80403266373e-10 Nfcn = 81
            Error matrix change = 0.0768942
            Parameters :  p0 = -0.159383 p1 = -0.432746 p2 = -0.415825 p3 = -0.516787 p4 = -2.36609
----------> Iteration 6
            FVAL = 11.9619374116 Edm = 6.8706376135e-10 Nfcn = 112
            Error matrix change = 0
            Parameters :  p0 = -0.159383 p1 = -0.432746 p2 = -0.415825 p3 = -0.516787 p4 = -2.36609
Minuit2Minimizer : Valid minimum - status = 0
FVAL  = 11.9619374115792141
Edm   = 6.870637613497986e-10
Nfcn  = 112
jerUp_unc	  = -0.159383	 +/-  0.994939	(limited)
jesUp_unc	  = -0.432746	 +/-  0.973047	(limited)
lumi	  = -0.415825	 +/-  0.974873	(limited)
pdf_unc	  = -0.516787	 +/-  0.962826	(limited)
xs_Bkg	  = -2.36609	 +/-  0.506986	(limited)
Reference signal fit
   0) jerUp_unc                      = -0.159383
   1) jesUp_unc                      = -0.432746
   2) lumi                           = -0.415825
   3) pdf_unc                        = -0.516787
   4) xs_Bkg                         =  -2.36609

Fitting of the signal-plus-background hypothesis done in 0.00254798 s
      Evaluation of p-values done in  6.56072 s
	CLs = 0.00384615 +/- 0.0038497
      Evaluation of p-values done in  6.67785 s
	CLs = 0.0037037 +/- 0.00262114
      Evaluation of p-values done in  6.57807 s
	CLs = 0.00486027 +/- 0.0024328
      Evaluation of p-values done in  7.02803 s
	CLs = 0.00359066 +/- 0.00179676
      Evaluation of p-values done in  6.89141 s
	CLs = 0.00354108 +/- 0.00158484
	CLs      = 0.00354108 +/- 0.00158484
	CLb      = 0.2824 +/- 0.00636632
	CLsplusb = 0.001 +/- 0.00044699

Hybrid result saved as HypoTestResult_mh120_r50_963737353 in higgsCombineTest.HybridNew.mH120.381877976.root : higgsCombineTest.HybridNew.mH120.381877976.root:/toys

 -- Hybrid New -- 
CLs = 0.00354108 +/- 0.00158484
Total toys: 10000
Done in 0.00 min (cpu), 0.57 min (real)
