>>> including systematics
>>> using the Profile Likelihood test statistics modified for upper limits (Q_LHC)
>>> method used to compute upper limit is HybridNew
>>> Using OpenSSL to get a really random seed 
>>> Used OpenSSL to get a really random seed 268169485
Adding /uscms_data/d2/lpcljm/sapta/SUSYSearch/LimitSetting/CMSSW_7_1_5/src to include path
Adding /cvmfs/cms.cern.ch/slc6_amd64_gcc481/lcg/roofit/5.34.18-cms3//include to include path
Input workspace 'w': 

RooWorkspace(w) w contents

variables
---------
(jerUp_unc,jerUp_unc_In,jesUp_unc,jesUp_unc_In,lumi,lumi_In,n_obs_binbin1,pdf_unc,pdf_unc_In,r,xs_Bkg,xs_Bkg_In)

p.d.f.s
-------
SimpleGaussianConstraint::jerUp_unc_Pdf[ x=jerUp_unc mean=jerUp_unc_In sigma=1 ] = 1
SimpleGaussianConstraint::jesUp_unc_Pdf[ x=jesUp_unc mean=jesUp_unc_In sigma=1 ] = 1
SimpleGaussianConstraint::lumi_Pdf[ x=lumi mean=lumi_In sigma=1 ] = 1
RooProdPdf::modelObs_b[ pdf_binbin1_bonly ] = 1.48101e-09
RooProdPdf::modelObs_s[ pdf_binbin1 ] = 1.32414e-09
RooProdPdf::model_b[ modelObs_b * nuisancePdf ] = 1.48101e-09
RooProdPdf::model_s[ modelObs_s * nuisancePdf ] = 1.32414e-09
RooProdPdf::nuisancePdf[ lumi_Pdf * jesUp_unc_Pdf * pdf_unc_Pdf * xs_Bkg_Pdf * jerUp_unc_Pdf ] = 1
RooPoisson::pdf_binbin1[ x=n_obs_binbin1 mean=n_exp_binbin1 ] = 1.32414e-09
RooPoisson::pdf_binbin1_bonly[ x=n_obs_binbin1 mean=n_exp_binbin1_bonly ] = 1.48101e-09
SimpleGaussianConstraint::pdf_unc_Pdf[ x=pdf_unc mean=pdf_unc_In sigma=1 ] = 1
SimpleGaussianConstraint::xs_Bkg_Pdf[ x=xs_Bkg mean=xs_Bkg_In sigma=1 ] = 1

functions
--------
RooAddition::n_exp_binbin1[ n_exp_binbin1_proc_BH + n_exp_binbin1_proc_Background ] = 2400.17
RooAddition::n_exp_binbin1_bonly[ n_exp_binbin1_proc_Background ] = 2399.17
ProcessNormalization::n_exp_binbin1_proc_BH[ thetaList=(lumi,jesUp_unc,pdf_unc) asymmThetaList=() otherFactorList=(r) ] = 1
ProcessNormalization::n_exp_binbin1_proc_Background[ thetaList=(xs_Bkg,jerUp_unc) asymmThetaList=() otherFactorList=() ] = 2399.17

datasets
--------
RooDataSet::data_obs(n_obs_binbin1)

named sets
----------
ModelConfig_GlobalObservables:(lumi_In,jesUp_unc_In,pdf_unc_In,xs_Bkg_In,jerUp_unc_In)
ModelConfig_NuisParams:(lumi,jesUp_unc,pdf_unc,xs_Bkg,jerUp_unc)
ModelConfig_Observables:(n_obs_binbin1)
ModelConfig_POI:(r)
ModelConfig_bonly_GlobalObservables:(lumi_In,jesUp_unc_In,pdf_unc_In,xs_Bkg_In,jerUp_unc_In)
ModelConfig_bonly_NuisParams:(lumi,jesUp_unc,pdf_unc,xs_Bkg,jerUp_unc)
ModelConfig_bonly_Observables:(n_obs_binbin1)
ModelConfig_bonly_POI:(r)
POI:(r)
globalObservables:(lumi_In,jesUp_unc_In,pdf_unc_In,xs_Bkg_In,jerUp_unc_In)
nuisances:(lumi,jesUp_unc,pdf_unc,xs_Bkg,jerUp_unc)
observables:(n_obs_binbin1)

generic objects
---------------
RooStats::ModelConfig::ModelConfig
RooStats::ModelConfig::ModelConfig_bonly
RooArgSet::discreteParams

Workspace has a ModelConfig for signal called 'ModelConfig', with contents:

=== Using the following for ModelConfig ===
Observables:             RooArgSet:: = (n_obs_binbin1)
Parameters of Interest:  RooArgSet:: = (r)
Nuisance Parameters:     RooArgSet:: = (lumi,jesUp_unc,pdf_unc,xs_Bkg,jerUp_unc)
Global Observables:      RooArgSet:: = (lumi_In,jesUp_unc_In,pdf_unc_In,xs_Bkg_In,jerUp_unc_In)
PDF:                     RooProdPdf::model_s[ modelObs_s * nuisancePdf ] = 1.32414e-09

Input ModelConfig 'ModelConfig': 

=== Using the following for ModelConfig ===
Observables:             RooArgSet:: = (n_obs_binbin1)
Parameters of Interest:  RooArgSet:: = (r)
Nuisance Parameters:     RooArgSet:: = (lumi,jesUp_unc,pdf_unc,xs_Bkg,jerUp_unc)
Global Observables:      RooArgSet:: = (lumi_In,jesUp_unc_In,pdf_unc_In,xs_Bkg_In,jerUp_unc_In)
PDF:                     RooProdPdf::model_s[ modelObs_s * nuisancePdf ] = 1.32414e-09

[#1] INFO:ObjectHandling -- RooWorkspace::import(w) importing RooUniform::prior
Computing limit starting from observation
  1) RooRealVar:: n_obs_binbin1 = 2131
Set default minimizer to Minuit2
  r = 700 +/- 0
[#1] INFO:Minization --  Including the following contraint terms in minimization: (nuisancePdf)
[#1] INFO:Fitting -- RooAddition::defaultErrorLevel(nll_model_s_data_obs_with_constr) Summation contains a RooNLLVar, using its error level
Minuit2Minimizer: Minimize with max-calls 2500 convergence for edm < 0.01 strategy 1
MnSeedGenerator: for initial parameters FCN = 24.9252
MnSeedGenerator: Initial state:   - FCN =   24.92523610785 Edm =      26.6637 NCalls =     21
VariableMetric: start iterating until Edm is < 1e-05
VariableMetric: Initial state   - FCN =   24.92523610785 Edm =      26.6637 NCalls =     21
VariableMetric: Iteration #   1 - FCN =   10.22343278515 Edm =    0.0916328 NCalls =     33
VariableMetric: Iteration #   2 - FCN =   9.584019379249 Edm =     0.089814 NCalls =     46
VariableMetric: Iteration #   3 - FCN =   9.472643818398 Edm =  4.38312e-05 NCalls =     58
VariableMetric: Iteration #   4 - FCN =   9.472600355217 Edm =  1.51485e-08 NCalls =     69
VariableMetric: After Hessian   - FCN =   9.472600355217 Edm =  1.48748e-08 NCalls =    100
Number of iterations 6
----------> Iteration 0
            FVAL = 24.9252361079 Edm = 26.6637129333 Nfcn = 21
            Error matrix change = 1
            Parameters :  p0 = 0 p1 = 0 p2 = 0 p3 = 0 p4 = 0
----------> Iteration 1
            FVAL = 10.2234327851 Edm = 0.0916327978677 Nfcn = 33
            Error matrix change = 0.510009
            Parameters :  p0 = -1.27238 p1 = 0 p2 = 0 p3 = 0 p4 = -0.273765
----------> Iteration 2
            FVAL = 9.58401937925 Edm = 0.0898140246918 Nfcn = 46
            Error matrix change = 0.3743
            Parameters :  p0 = -0.169243 p1 = 0 p2 = 0 p3 = 0 p4 = -0.436725
----------> Iteration 3
            FVAL = 9.4726438184 Edm = 4.38312131315e-05 Nfcn = 58
            Error matrix change = 0.189877
            Parameters :  p0 = -0.0930772 p1 = 0 p2 = 0 p3 = 0 p4 = -0.492772
----------> Iteration 4
            FVAL = 9.47260035522 Edm = 1.51485233294e-08 Nfcn = 69
            Error matrix change = 0.0973822
            Parameters :  p0 = -0.083719 p1 = 0 p2 = 0 p3 = 0 p4 = -0.494323
----------> Iteration 5
            FVAL = 9.47260035522 Edm = 1.48747586199e-08 Nfcn = 100
            Error matrix change = 0
            Parameters :  p0 = -0.083719 p1 = 0 p2 = 0 p3 = 0 p4 = -0.494323
Minuit2Minimizer : Valid minimum - status = 0
FVAL  = 9.47260035521742694
Edm   = 1.48747586199179003e-08
Nfcn  = 100
jerUp_unc	  = -0.083719	 +/-  0.982911	(limited)
jesUp_unc	  = 0	 +/-  0.996602	(limited)
lumi	  = 0	 +/-  0.996602	(limited)
pdf_unc	  = 0	 +/-  0.996602	(limited)
xs_Bkg	  = -0.494323	 +/-  0.190309	(limited)
Zero signal fit
   0) jerUp_unc                      = -0.083719
   1) jesUp_unc                      =         0
   2) lumi                           =         0
   3) pdf_unc                        =         0
   4) xs_Bkg                         = -0.494323

Fitting of the background hypothesis done in 0.306365 s
[#1] INFO:Fitting -- RooAddition::defaultErrorLevel(nll_model_s_data_obs_with_constr) Summation contains a RooNLLVar, using its error level
Minuit2Minimizer: Minimize with max-calls 2500 convergence for edm < 0.01 strategy 1
MnSeedGenerator: for initial parameters FCN = 104.715
MnSeedGenerator: Initial state:   - FCN =   104.7150704449 Edm =       200.27 NCalls =     21
VariableMetric: start iterating until Edm is < 1e-05
VariableMetric: Initial state   - FCN =   104.7150704449 Edm =       200.27 NCalls =     21
VariableMetric: Iteration #   1 - FCN =   22.08360590635 Edm =      3.70588 NCalls =     33
VariableMetric: Iteration #   2 - FCN =   16.37734434632 Edm =      1.01651 NCalls =     46
VariableMetric: Iteration #   3 - FCN =    12.7454951491 Edm =     0.364173 NCalls =     60
VariableMetric: Iteration #   4 - FCN =   11.97887950114 Edm =     0.284417 NCalls =     72
VariableMetric: Iteration #   5 - FCN =    11.6733331277 Edm =   0.00845444 NCalls =     84
VariableMetric: Iteration #   6 - FCN =    11.6589870345 Edm =  0.000338334 NCalls =     96
VariableMetric: Iteration #   7 - FCN =   11.65850039349 Edm =  3.64352e-06 NCalls =    108
VariableMetric: After Hessian   - FCN =   11.65850039349 Edm =  4.43436e-06 NCalls =    139
Number of iterations 9
----------> Iteration 0
            FVAL = 104.715070445 Edm = 200.269959387 Nfcn = 21
            Error matrix change = 1
            Parameters :  p0 = -0.083719 p1 = 0 p2 = 0 p3 = 0 p4 = -0.494323
----------> Iteration 1
            FVAL = 22.0836059063 Edm = 3.70588353377 Nfcn = 33
            Error matrix change = 0.620502
            Parameters :  p0 = -2.72567 p1 = -2.34881 p2 = -2.31226 p3 = -2.37835 p4 = -1.11596
----------> Iteration 2
            FVAL = 16.3773443463 Edm = 1.01650895222 Nfcn = 46
            Error matrix change = 0.521001
            Parameters :  p0 = -2.38159 p1 = -0.711276 p2 = -0.529707 p3 = -1.1032 p4 = -1.31337
----------> Iteration 3
            FVAL = 12.7454951491 Edm = 0.36417341836 Nfcn = 60
            Error matrix change = 0.395625
            Parameters :  p0 = -1.75252 p1 = -0.0758523 p2 = -0.0713497 p3 = -0.286307 p4 = -1.90379
----------> Iteration 4
            FVAL = 11.9788795011 Edm = 0.284417055061 Nfcn = 72
            Error matrix change = 0.407624
            Parameters :  p0 = -0.776145 p1 = 0.148559 p2 = 0.112297 p3 = 0.176489 p4 = -2.07916
----------> Iteration 5
            FVAL = 11.6733331277 Edm = 0.00845444462972 Nfcn = 84
            Error matrix change = 0.262266
            Parameters :  p0 = -0.369929 p1 = -0.216053 p2 = -0.243823 p3 = -0.0925286 p4 = -2.08614
----------> Iteration 6
            FVAL = 11.6589870345 Edm = 0.000338333781259 Nfcn = 96
            Error matrix change = 0.215529
            Parameters :  p0 = -0.3585 p1 = -0.222824 p2 = -0.200353 p3 = -0.236813 p4 = -2.06468
----------> Iteration 7
            FVAL = 11.6585003935 Edm = 3.64352419745e-06 Nfcn = 108
            Error matrix change = 0.171449
            Parameters :  p0 = -0.351907 p1 = -0.202421 p2 = -0.184323 p3 = -0.239607 p4 = -2.07078
----------> Iteration 8
            FVAL = 11.6585003935 Edm = 4.4343590114e-06 Nfcn = 139
            Error matrix change = 0
            Parameters :  p0 = -0.351907 p1 = -0.202421 p2 = -0.184323 p3 = -0.239607 p4 = -2.07078
Minuit2Minimizer : Valid minimum - status = 0
FVAL  = 11.658500393488044
Edm   = 4.43435901140291231e-06
Nfcn  = 139
jerUp_unc	  = -0.351907	 +/-  0.983428	(limited)
jesUp_unc	  = -0.202421	 +/-  0.985802	(limited)
lumi	  = -0.184323	 +/-  0.98743	(limited)
pdf_unc	  = -0.239607	 +/-  0.981156	(limited)
xs_Bkg	  = -2.07078	 +/-  0.266834	(limited)
Reference signal fit
   0) jerUp_unc                      = -0.351907
   1) jesUp_unc                      = -0.202421
   2) lumi                           = -0.184323
   3) pdf_unc                        = -0.239607
   4) xs_Bkg                         =  -2.07078

Fitting of the signal-plus-background hypothesis done in 0.00274491 s
      Evaluation of p-values done in  7.67098 s
	CLs = 0.0327381 +/- 0.00992376
      Evaluation of p-values done in  7.32535 s
	CLs = 0.0364742 +/- 0.00749155
      Evaluation of p-values done in  7.37869 s
	CLs = 0.0349076 +/- 0.00602313
      Evaluation of p-values done in  7.02163 s
	CLs = 0.0354119 +/- 0.0052535
      Evaluation of p-values done in  7.13993 s
	CLs = 0.0433417 +/- 0.00525864
	CLs      = 0.0433417 +/- 0.00525864
	CLb      = 0.3184 +/- 0.00658819
	CLsplusb = 0.0138 +/- 0.00164982

Hybrid result saved as HypoTestResult_mh120_r700_165932091 in higgsCombineTest.HybridNew.mH120.268169485.root : higgsCombineTest.HybridNew.mH120.268169485.root:/toys

 -- Hybrid New -- 
CLs = 0.0433417 +/- 0.00525864
Total toys: 10000
Done in 0.00 min (cpu), 0.61 min (real)
