>>> including systematics
>>> using the Profile Likelihood test statistics modified for upper limits (Q_LHC)
>>> method used to compute upper limit is HybridNew
>>> Using OpenSSL to get a really random seed 
>>> Used OpenSSL to get a really random seed -1320027453
Adding /uscms_data/d2/lpcljm/sapta/SUSYSearch/LimitSetting/CMSSW_7_1_5/src to include path
Adding /cvmfs/cms.cern.ch/slc6_amd64_gcc481/lcg/roofit/5.34.18-cms3//include to include path
Input workspace 'w': 

RooWorkspace(w) w contents

variables
---------
(jerUp_unc,jerUp_unc_In,jesUp_unc,jesUp_unc_In,lumi,lumi_In,n_obs_binbin1,pdf_unc,pdf_unc_In,r,xs_Bkg,xs_Bkg_In)

p.d.f.s
-------
SimpleGaussianConstraint::jerUp_unc_Pdf[ x=jerUp_unc mean=jerUp_unc_In sigma=1 ] = 1
SimpleGaussianConstraint::jesUp_unc_Pdf[ x=jesUp_unc mean=jesUp_unc_In sigma=1 ] = 1
SimpleGaussianConstraint::lumi_Pdf[ x=lumi mean=lumi_In sigma=1 ] = 1
RooProdPdf::modelObs_b[ pdf_binbin1_bonly ] = 2.25606e-06
RooProdPdf::modelObs_s[ pdf_binbin1 ] = 1.72143e-06
RooProdPdf::model_b[ modelObs_b * nuisancePdf ] = 2.25606e-06
RooProdPdf::model_s[ modelObs_s * nuisancePdf ] = 1.72143e-06
RooProdPdf::nuisancePdf[ lumi_Pdf * jesUp_unc_Pdf * pdf_unc_Pdf * xs_Bkg_Pdf * jerUp_unc_Pdf ] = 1
RooPoisson::pdf_binbin1[ x=n_obs_binbin1 mean=n_exp_binbin1 ] = 1.72143e-06
RooPoisson::pdf_binbin1_bonly[ x=n_obs_binbin1 mean=n_exp_binbin1_bonly ] = 2.25606e-06
SimpleGaussianConstraint::pdf_unc_Pdf[ x=pdf_unc mean=pdf_unc_In sigma=1 ] = 1
SimpleGaussianConstraint::xs_Bkg_Pdf[ x=xs_Bkg mean=xs_Bkg_In sigma=1 ] = 1

functions
--------
RooAddition::n_exp_binbin1[ n_exp_binbin1_proc_BH + n_exp_binbin1_proc_Background ] = 239.009
RooAddition::n_exp_binbin1_bonly[ n_exp_binbin1_proc_Background ] = 238.009
ProcessNormalization::n_exp_binbin1_proc_BH[ thetaList=(lumi,jesUp_unc,pdf_unc) asymmThetaList=() otherFactorList=(r) ] = 1
ProcessNormalization::n_exp_binbin1_proc_Background[ thetaList=(xs_Bkg,jerUp_unc) asymmThetaList=() otherFactorList=() ] = 238.009

datasets
--------
RooDataSet::data_obs(n_obs_binbin1)

named sets
----------
ModelConfig_GlobalObservables:(lumi_In,jesUp_unc_In,pdf_unc_In,xs_Bkg_In,jerUp_unc_In)
ModelConfig_NuisParams:(lumi,jesUp_unc,pdf_unc,xs_Bkg,jerUp_unc)
ModelConfig_Observables:(n_obs_binbin1)
ModelConfig_POI:(r)
ModelConfig_bonly_GlobalObservables:(lumi_In,jesUp_unc_In,pdf_unc_In,xs_Bkg_In,jerUp_unc_In)
ModelConfig_bonly_NuisParams:(lumi,jesUp_unc,pdf_unc,xs_Bkg,jerUp_unc)
ModelConfig_bonly_Observables:(n_obs_binbin1)
ModelConfig_bonly_POI:(r)
POI:(r)
globalObservables:(lumi_In,jesUp_unc_In,pdf_unc_In,xs_Bkg_In,jerUp_unc_In)
nuisances:(lumi,jesUp_unc,pdf_unc,xs_Bkg,jerUp_unc)
observables:(n_obs_binbin1)

generic objects
---------------
RooStats::ModelConfig::ModelConfig
RooStats::ModelConfig::ModelConfig_bonly
RooArgSet::discreteParams

Workspace has a ModelConfig for signal called 'ModelConfig', with contents:

=== Using the following for ModelConfig ===
Observables:             RooArgSet:: = (n_obs_binbin1)
Parameters of Interest:  RooArgSet:: = (r)
Nuisance Parameters:     RooArgSet:: = (lumi,jesUp_unc,pdf_unc,xs_Bkg,jerUp_unc)
Global Observables:      RooArgSet:: = (lumi_In,jesUp_unc_In,pdf_unc_In,xs_Bkg_In,jerUp_unc_In)
PDF:                     RooProdPdf::model_s[ modelObs_s * nuisancePdf ] = 1.72143e-06

Input ModelConfig 'ModelConfig': 

=== Using the following for ModelConfig ===
Observables:             RooArgSet:: = (n_obs_binbin1)
Parameters of Interest:  RooArgSet:: = (r)
Nuisance Parameters:     RooArgSet:: = (lumi,jesUp_unc,pdf_unc,xs_Bkg,jerUp_unc)
Global Observables:      RooArgSet:: = (lumi_In,jesUp_unc_In,pdf_unc_In,xs_Bkg_In,jerUp_unc_In)
PDF:                     RooProdPdf::model_s[ modelObs_s * nuisancePdf ] = 1.72143e-06

[#1] INFO:ObjectHandling -- RooWorkspace::import(w) importing RooUniform::prior
Computing limit starting from observation
  1) RooRealVar:: n_obs_binbin1 = 174
Set default minimizer to Minuit2
  r = 70 +/- 0
[#1] INFO:Minization --  Including the following contraint terms in minimization: (nuisancePdf)
[#1] INFO:Fitting -- RooAddition::defaultErrorLevel(nll_model_s_data_obs_with_constr) Summation contains a RooNLLVar, using its error level
Minuit2Minimizer: Minimize with max-calls 2500 convergence for edm < 0.01 strategy 1
MnSeedGenerator: for initial parameters FCN = 17.5966
MnSeedGenerator: Initial state:   - FCN =   17.59658291246 Edm =      10.7489 NCalls =     21
VariableMetric: start iterating until Edm is < 1e-05
VariableMetric: Initial state   - FCN =   17.59658291246 Edm =      10.7489 NCalls =     21
VariableMetric: Iteration #   1 - FCN =   9.443795196491 Edm =     0.532524 NCalls =     33
VariableMetric: Iteration #   2 - FCN =    8.31468088448 Edm =  0.000176447 NCalls =     45
VariableMetric: Iteration #   3 - FCN =   8.314328648017 Edm =  1.40981e-07 NCalls =     56
VariableMetric: After Hessian   - FCN =   8.314328648017 Edm =  1.49079e-07 NCalls =     87
Number of iterations 5
----------> Iteration 0
            FVAL = 17.5965829125 Edm = 10.7489148261 Nfcn = 21
            Error matrix change = 1
            Parameters :  p0 = 0 p1 = 0 p2 = 0 p3 = 0 p4 = 0
----------> Iteration 1
            FVAL = 9.44379519649 Edm = 0.532523663075 Nfcn = 33
            Error matrix change = 0.528303
            Parameters :  p0 = -1.41674 p1 = 0 p2 = 0 p3 = 0 p4 = -0.441285
----------> Iteration 2
            FVAL = 8.31468088448 Edm = 0.000176446577757 Nfcn = 45
            Error matrix change = 0.32801
            Parameters :  p0 = -0.0293386 p1 = 0 p2 = 0 p3 = 0 p4 = -0.65642
----------> Iteration 3
            FVAL = 8.31432864802 Edm = 1.40981269124e-07 Nfcn = 56
            Error matrix change = 0.165452
            Parameters :  p0 = -0.0555449 p1 = 0 p2 = 0 p3 = 0 p4 = -0.653337
----------> Iteration 4
            FVAL = 8.31432864802 Edm = 1.49079106032e-07 Nfcn = 87
            Error matrix change = 0
            Parameters :  p0 = -0.0555449 p1 = 0 p2 = 0 p3 = 0 p4 = -0.653337
Minuit2Minimizer : Valid minimum - status = 0
FVAL  = 8.3143286480169909
Edm   = 1.49079106031841658e-07
Nfcn  = 87
jerUp_unc	  = -0.0555449	 +/-  0.993201	(limited)
jesUp_unc	  = 0	 +/-  0.996602	(limited)
lumi	  = 0	 +/-  0.996602	(limited)
pdf_unc	  = 0	 +/-  0.996602	(limited)
xs_Bkg	  = -0.653337	 +/-  0.180446	(limited)
Zero signal fit
   0) jerUp_unc                      = -0.0555449
   1) jesUp_unc                      =         0
   2) lumi                           =         0
   3) pdf_unc                        =         0
   4) xs_Bkg                         = -0.653337

Fitting of the background hypothesis done in 0.351737 s
[#1] INFO:Fitting -- RooAddition::defaultErrorLevel(nll_model_s_data_obs_with_constr) Summation contains a RooNLLVar, using its error level
Minuit2Minimizer: Minimize with max-calls 2500 convergence for edm < 0.01 strategy 1
MnSeedGenerator: for initial parameters FCN = 19.8859
MnSeedGenerator: Initial state:   - FCN =   19.88585475013 Edm =      11.5025 NCalls =     17
VariableMetric: start iterating until Edm is < 1e-05
VariableMetric: Initial state   - FCN =   19.88585475013 Edm =      11.5025 NCalls =     17
VariableMetric: Iteration #   1 - FCN =   11.27337223468 Edm =     0.812654 NCalls =     29
VariableMetric: Iteration #   2 - FCN =   9.594327200196 Edm =     0.033832 NCalls =     41
VariableMetric: Iteration #   3 - FCN =   9.551039588149 Edm =  0.000706511 NCalls =     53
VariableMetric: Iteration #   4 - FCN =   9.550110046719 Edm =  3.29015e-07 NCalls =     65
VariableMetric: After Hessian   - FCN =   9.550110046719 Edm =  3.42984e-07 NCalls =     96
Number of iterations 6
----------> Iteration 0
            FVAL = 19.8858547501 Edm = 11.5025409592 Nfcn = 17
            Error matrix change = 1
            Parameters :  p0 = -0.0555449 p1 = 0 p2 = 0 p3 = 0 p4 = -0.653337
----------> Iteration 1
            FVAL = 11.2733722347 Edm = 0.812653736186 Nfcn = 29
            Error matrix change = 0.592694
            Parameters :  p0 = -1.28038 p1 = -0.706499 p2 = -0.682942 p3 = -0.816823 p4 = -1.21541
----------> Iteration 2
            FVAL = 9.5943272002 Edm = 0.0338320038056 Nfcn = 41
            Error matrix change = 0.419058
            Parameters :  p0 = -0.173452 p1 = -0.0391836 p2 = -0.0301097 p3 = -0.0948688 p4 = -1.57357
----------> Iteration 3
            FVAL = 9.55103958815 Edm = 0.000706511018333 Nfcn = 53
            Error matrix change = 0.23002
            Parameters :  p0 = -0.114568 p1 = -0.123196 p2 = -0.119358 p3 = -0.142813 p4 = -1.62815
----------> Iteration 4
            FVAL = 9.55011004672 Edm = 3.29014684485e-07 Nfcn = 65
            Error matrix change = 0.171637
            Parameters :  p0 = -0.137601 p1 = -0.106383 p2 = -0.102108 p3 = -0.127282 p4 = -1.6348
----------> Iteration 5
            FVAL = 9.55011004672 Edm = 3.42983761907e-07 Nfcn = 96
            Error matrix change = 0
            Parameters :  p0 = -0.137601 p1 = -0.106383 p2 = -0.102108 p3 = -0.127282 p4 = -1.6348
Minuit2Minimizer : Valid minimum - status = 0
FVAL  = 9.55011004671891151
Edm   = 3.42983761907346143e-07
Nfcn  = 96
jerUp_unc	  = -0.137601	 +/-  0.993365	(limited)
jesUp_unc	  = -0.106383	 +/-  0.990946	(limited)
lumi	  = -0.102108	 +/-  0.99138	(limited)
pdf_unc	  = -0.127282	 +/-  0.988525	(limited)
xs_Bkg	  = -1.6348	 +/-  0.281749	(limited)
Reference signal fit
   0) jerUp_unc                      = -0.137601
   1) jesUp_unc                      = -0.106383
   2) lumi                           = -0.102108
   3) pdf_unc                        = -0.127282
   4) xs_Bkg                         =   -1.6348

Fitting of the signal-plus-background hypothesis done in 0.00258088 s
      Evaluation of p-values done in  6.6036 s
	CLs = 0.152941 +/- 0.0253913
      Evaluation of p-values done in  6.19896 s
	CLs = 0.161597 +/- 0.0181865
      Evaluation of p-values done in  6.49067 s
	CLs = 0.181102 +/- 0.0160886
      Evaluation of p-values done in  6.07663 s
	CLs = 0.168462 +/- 0.0133643
      Evaluation of p-values done in  6.25291 s
	CLs = 0.176564 +/- 0.0123292
	CLs      = 0.176564 +/- 0.0123292
	CLb      = 0.2526 +/- 0.00614481
	CLsplusb = 0.0446 +/- 0.00291928

Hybrid result saved as HypoTestResult_mh120_r70_868247913 in higgsCombineTest.HybridNew.mH120.-1320027453.root : higgsCombineTest.HybridNew.mH120.-1320027453.root:/toys

 -- Hybrid New -- 
CLs = 0.176564 +/- 0.0123292
Total toys: 10000
Done in 0.00 min (cpu), 0.53 min (real)
