>>> including systematics
>>> using the Profile Likelihood test statistics modified for upper limits (Q_LHC)
>>> method used to compute upper limit is HybridNew
>>> Using OpenSSL to get a really random seed 
>>> Used OpenSSL to get a really random seed 1509275706
Adding /uscms_data/d2/lpcljm/sapta/SUSYSearch/LimitSetting/CMSSW_7_1_5/src to include path
Adding /cvmfs/cms.cern.ch/slc6_amd64_gcc481/lcg/roofit/5.34.18-cms3//include to include path
Input workspace 'w': 

RooWorkspace(w) w contents

variables
---------
(jerUp_unc,jerUp_unc_In,jesUp_unc,jesUp_unc_In,lumi,lumi_In,n_obs_binbin1,pdf_unc,pdf_unc_In,r,xs_Bkg,xs_Bkg_In)

p.d.f.s
-------
SimpleGaussianConstraint::jerUp_unc_Pdf[ x=jerUp_unc mean=jerUp_unc_In sigma=1 ] = 1
SimpleGaussianConstraint::jesUp_unc_Pdf[ x=jesUp_unc mean=jesUp_unc_In sigma=1 ] = 1
SimpleGaussianConstraint::lumi_Pdf[ x=lumi mean=lumi_In sigma=1 ] = 1
RooProdPdf::modelObs_b[ pdf_binbin1_bonly ] = 5.01955e-14
RooProdPdf::modelObs_s[ pdf_binbin1 ] = 4.61194e-14
RooProdPdf::model_b[ modelObs_b * nuisancePdf ] = 5.01955e-14
RooProdPdf::model_s[ modelObs_s * nuisancePdf ] = 4.61194e-14
RooProdPdf::nuisancePdf[ lumi_Pdf * jesUp_unc_Pdf * pdf_unc_Pdf * xs_Bkg_Pdf * jerUp_unc_Pdf ] = 1
RooPoisson::pdf_binbin1[ x=n_obs_binbin1 mean=n_exp_binbin1 ] = 4.61194e-14
RooPoisson::pdf_binbin1_bonly[ x=n_obs_binbin1 mean=n_exp_binbin1_bonly ] = 5.01955e-14
SimpleGaussianConstraint::pdf_unc_Pdf[ x=pdf_unc mean=pdf_unc_In sigma=1 ] = 1
SimpleGaussianConstraint::xs_Bkg_Pdf[ x=xs_Bkg mean=xs_Bkg_In sigma=1 ] = 1

functions
--------
RooAddition::n_exp_binbin1[ n_exp_binbin1_proc_BH + n_exp_binbin1_proc_Background ] = 6872.51
RooAddition::n_exp_binbin1_bonly[ n_exp_binbin1_proc_Background ] = 6871.51
ProcessNormalization::n_exp_binbin1_proc_BH[ thetaList=(lumi,jesUp_unc,pdf_unc) asymmThetaList=() otherFactorList=(r) ] = 1
ProcessNormalization::n_exp_binbin1_proc_Background[ thetaList=(xs_Bkg,jerUp_unc) asymmThetaList=() otherFactorList=() ] = 6871.51

datasets
--------
RooDataSet::data_obs(n_obs_binbin1)

named sets
----------
ModelConfig_GlobalObservables:(lumi_In,jesUp_unc_In,pdf_unc_In,xs_Bkg_In,jerUp_unc_In)
ModelConfig_NuisParams:(lumi,jesUp_unc,pdf_unc,xs_Bkg,jerUp_unc)
ModelConfig_Observables:(n_obs_binbin1)
ModelConfig_POI:(r)
ModelConfig_bonly_GlobalObservables:(lumi_In,jesUp_unc_In,pdf_unc_In,xs_Bkg_In,jerUp_unc_In)
ModelConfig_bonly_NuisParams:(lumi,jesUp_unc,pdf_unc,xs_Bkg,jerUp_unc)
ModelConfig_bonly_Observables:(n_obs_binbin1)
ModelConfig_bonly_POI:(r)
POI:(r)
globalObservables:(lumi_In,jesUp_unc_In,pdf_unc_In,xs_Bkg_In,jerUp_unc_In)
nuisances:(lumi,jesUp_unc,pdf_unc,xs_Bkg,jerUp_unc)
observables:(n_obs_binbin1)

generic objects
---------------
RooStats::ModelConfig::ModelConfig
RooStats::ModelConfig::ModelConfig_bonly
RooArgSet::discreteParams

Workspace has a ModelConfig for signal called 'ModelConfig', with contents:

=== Using the following for ModelConfig ===
Observables:             RooArgSet:: = (n_obs_binbin1)
Parameters of Interest:  RooArgSet:: = (r)
Nuisance Parameters:     RooArgSet:: = (lumi,jesUp_unc,pdf_unc,xs_Bkg,jerUp_unc)
Global Observables:      RooArgSet:: = (lumi_In,jesUp_unc_In,pdf_unc_In,xs_Bkg_In,jerUp_unc_In)
PDF:                     RooProdPdf::model_s[ modelObs_s * nuisancePdf ] = 4.61194e-14

Input ModelConfig 'ModelConfig': 

=== Using the following for ModelConfig ===
Observables:             RooArgSet:: = (n_obs_binbin1)
Parameters of Interest:  RooArgSet:: = (r)
Nuisance Parameters:     RooArgSet:: = (lumi,jesUp_unc,pdf_unc,xs_Bkg,jerUp_unc)
Global Observables:      RooArgSet:: = (lumi_In,jesUp_unc_In,pdf_unc_In,xs_Bkg_In,jerUp_unc_In)
PDF:                     RooProdPdf::model_s[ modelObs_s * nuisancePdf ] = 4.61194e-14

[#1] INFO:ObjectHandling -- RooWorkspace::import(w) importing RooUniform::prior
Computing limit starting from observation
  1) RooRealVar:: n_obs_binbin1 = 6290
Set default minimizer to Minuit2
  r = 750 +/- 0
[#1] INFO:Minization --  Including the following contraint terms in minimization: (nuisancePdf)
[#1] INFO:Fitting -- RooAddition::defaultErrorLevel(nll_model_s_data_obs_with_constr) Summation contains a RooNLLVar, using its error level
Minuit2Minimizer: Minimize with max-calls 2500 convergence for edm < 0.01 strategy 1
MnSeedGenerator: for initial parameters FCN = 35.2175
MnSeedGenerator: Initial state:   - FCN =   35.21754290863 Edm =      46.9275 NCalls =     21
VariableMetric: start iterating until Edm is < 1e-05
VariableMetric: Initial state   - FCN =   35.21754290863 Edm =      46.9275 NCalls =     21
VariableMetric: Iteration #   1 - FCN =   10.50415967314 Edm =    0.0300174 NCalls =     33
VariableMetric: Iteration #   2 - FCN =    10.3797505171 Edm =    0.0736113 NCalls =     45
VariableMetric: Iteration #   3 - FCN =     10.047574481 Edm =  9.39784e-05 NCalls =     57
VariableMetric: Iteration #   4 - FCN =   10.04743801827 Edm =  1.09994e-07 NCalls =     68
VariableMetric: After Hessian   - FCN =   10.04743801827 Edm =  1.06858e-07 NCalls =     99
Number of iterations 6
----------> Iteration 0
            FVAL = 35.2175429086 Edm = 46.9274782192 Nfcn = 21
            Error matrix change = 1
            Parameters :  p0 = 0 p1 = 0 p2 = 0 p3 = 0 p4 = 0
----------> Iteration 1
            FVAL = 10.5041596731 Edm = 0.030017443006 Nfcn = 33
            Error matrix change = 0.504537
            Parameters :  p0 = -1.06606 p1 = 0 p2 = 0 p3 = 0 p4 = -0.303117
----------> Iteration 2
            FVAL = 10.3797505171 Edm = 0.0736112700331 Nfcn = 45
            Error matrix change = 0.31914
            Parameters :  p0 = -0.788994 p1 = 0 p2 = 0 p3 = 0 p4 = -0.34015
----------> Iteration 3
            FVAL = 10.047574481 Edm = 9.39783811187e-05 Nfcn = 57
            Error matrix change = 0.24257
            Parameters :  p0 = -0.157774 p1 = 0 p2 = 0 p3 = 0 p4 = -0.542733
----------> Iteration 4
            FVAL = 10.0474380183 Edm = 1.09993996993e-07 Nfcn = 68
            Error matrix change = 0.12219
            Parameters :  p0 = -0.142114 p1 = 0 p2 = 0 p3 = 0 p4 = -0.546392
----------> Iteration 5
            FVAL = 10.0474380183 Edm = 1.06857884617e-07 Nfcn = 99
            Error matrix change = 0
            Parameters :  p0 = -0.142114 p1 = 0 p2 = 0 p3 = 0 p4 = -0.546392
Minuit2Minimizer : Valid minimum - status = 0
FVAL  = 10.0474380182721301
Edm   = 1.06857884617095841e-07
Nfcn  = 99
jerUp_unc	  = -0.142114	 +/-  0.965077	(limited)
jesUp_unc	  = 0	 +/-  0.996602	(limited)
lumi	  = 0	 +/-  0.996602	(limited)
pdf_unc	  = 0	 +/-  0.996602	(limited)
xs_Bkg	  = -0.546392	 +/-  0.263916	(limited)
Zero signal fit
   0) jerUp_unc                      = -0.142114
   1) jesUp_unc                      =         0
   2) lumi                           =         0
   3) pdf_unc                        =         0
   4) xs_Bkg                         = -0.546392

Fitting of the background hypothesis done in 0.310029 s
[#1] INFO:Fitting -- RooAddition::defaultErrorLevel(nll_model_s_data_obs_with_constr) Summation contains a RooNLLVar, using its error level
Minuit2Minimizer: Minimize with max-calls 2500 convergence for edm < 0.01 strategy 1
MnSeedGenerator: for initial parameters FCN = 51.887
MnSeedGenerator: Initial state:   - FCN =   51.88703176072 Edm =       91.657 NCalls =     21
VariableMetric: start iterating until Edm is < 1e-05
VariableMetric: Initial state   - FCN =   51.88703176072 Edm =       91.657 NCalls =     21
VariableMetric: Iteration #   1 - FCN =   13.76002108729 Edm =        1.413 NCalls =     33
VariableMetric: Iteration #   2 - FCN =   11.64076390777 Edm =    0.0990342 NCalls =     45
VariableMetric: Iteration #   3 - FCN =   11.45397272037 Edm =    0.0623479 NCalls =     57
VariableMetric: Iteration #   4 - FCN =   11.03389028781 Edm =     0.116906 NCalls =     70
VariableMetric: Iteration #   5 - FCN =   10.83671745756 Edm =   0.00384461 NCalls =     82
VariableMetric: Iteration #   6 - FCN =   10.83173555315 Edm =  1.04564e-05 NCalls =     94
VariableMetric: Iteration #   7 - FCN =    10.8317238444 Edm =  1.39083e-07 NCalls =    106
VariableMetric: After Hessian   - FCN =    10.8317238444 Edm =  1.70456e-07 NCalls =    137
Number of iterations 9
----------> Iteration 0
            FVAL = 51.8870317607 Edm = 91.6569513264 Nfcn = 21
            Error matrix change = 1
            Parameters :  p0 = -0.142114 p1 = 0 p2 = 0 p3 = 0 p4 = -0.546392
----------> Iteration 1
            FVAL = 13.7600210873 Edm = 1.41300194169 Nfcn = 33
            Error matrix change = 0.591979
            Parameters :  p0 = -1.33034 p1 = -1.28145 p2 = -1.23079 p3 = -1.37382 p4 = -0.889756
----------> Iteration 2
            FVAL = 11.6407639078 Edm = 0.0990341635645 Nfcn = 45
            Error matrix change = 0.445762
            Parameters :  p0 = -1.45099 p1 = -0.0602359 p2 = 0.00804287 p3 = -0.242321 p4 = -0.979272
----------> Iteration 3
            FVAL = 11.4539727204 Edm = 0.0623479292831 Nfcn = 57
            Error matrix change = 0.280618
            Parameters :  p0 = -1.40787 p1 = -0.152622 p2 = -0.168643 p3 = -0.140198 p4 = -1.03798
----------> Iteration 4
            FVAL = 11.0338902878 Edm = 0.116905895733 Nfcn = 70
            Error matrix change = 0.344287
            Parameters :  p0 = -0.744076 p1 = 0.0730187 p2 = -0.0204067 p3 = 0.39812 p4 = -1.24488
----------> Iteration 5
            FVAL = 10.8367174576 Edm = 0.00384460692854 Nfcn = 82
            Error matrix change = 0.275178
            Parameters :  p0 = -0.341646 p1 = -0.117745 p2 = -0.115324 p3 = -0.0275613 p4 = -1.31596
----------> Iteration 6
            FVAL = 10.8317355532 Edm = 1.04564123978e-05 Nfcn = 94
            Error matrix change = 0.189799
            Parameters :  p0 = -0.346372 p1 = -0.059571 p2 = -0.050385 p3 = -0.0691011 p4 = -1.31996
----------> Iteration 7
            FVAL = 10.8317238444 Edm = 1.39082888033e-07 Nfcn = 106
            Error matrix change = 0.133259
            Parameters :  p0 = -0.343852 p1 = -0.0575499 p2 = -0.0524236 p3 = -0.0681628 p4 = -1.32092
----------> Iteration 8
            FVAL = 10.8317238444 Edm = 1.70456194865e-07 Nfcn = 137
            Error matrix change = 0
            Parameters :  p0 = -0.343852 p1 = -0.0575499 p2 = -0.0524236 p3 = -0.0681628 p4 = -1.32092
Minuit2Minimizer : Valid minimum - status = 0
FVAL  = 10.8317238443983026
Edm   = 1.70456194864986357e-07
Nfcn  = 137
jerUp_unc	  = -0.343852	 +/-  0.965341	(limited)
jesUp_unc	  = -0.0575499	 +/-  0.994218	(limited)
lumi	  = -0.0524236	 +/-  0.994575	(limited)
pdf_unc	  = -0.0681628	 +/-  0.9932	(limited)
xs_Bkg	  = -1.32092	 +/-  0.276719	(limited)
Reference signal fit
   0) jerUp_unc                      = -0.343852
   1) jesUp_unc                      = -0.0575499
   2) lumi                           = -0.0524236
   3) pdf_unc                        = -0.0681628
   4) xs_Bkg                         =  -1.32092

Fitting of the signal-plus-background hypothesis done in 0.00276589 s
      Evaluation of p-values done in  7.31253 s
	CLs = 0.298246 +/- 0.0343611
      Evaluation of p-values done in  7.30941 s
	CLs = 0.274914 +/- 0.0229487
      Evaluation of p-values done in  7.29264 s
	CLs = 0.291375 +/- 0.0195435
      Evaluation of p-values done in  7.35878 s
	CLs = 0.290009 +/- 0.016992
      Evaluation of p-values done in  7.34294 s
	CLs = 0.290714 +/- 0.0153041
	CLs      = 0.290714 +/- 0.0153041
	CLb      = 0.28 +/- 0.0063498
	CLsplusb = 0.0814 +/- 0.00386714

Hybrid result saved as HypoTestResult_mh120_r750_2342335210 in higgsCombineTest.HybridNew.mH120.1509275706.root : higgsCombineTest.HybridNew.mH120.1509275706.root:/toys

 -- Hybrid New -- 
CLs = 0.290714 +/- 0.0153041
Total toys: 10000
Done in 0.00 min (cpu), 0.62 min (real)
