>>> including systematics
>>> using the Profile Likelihood test statistics modified for upper limits (Q_LHC)
>>> method used to compute upper limit is HybridNew
>>> Using OpenSSL to get a really random seed 
>>> Used OpenSSL to get a really random seed 74522975
Adding /uscms_data/d2/lpcljm/sapta/SUSYSearch/LimitSetting/CMSSW_7_1_5/src to include path
Adding /cvmfs/cms.cern.ch/slc6_amd64_gcc481/lcg/roofit/5.34.18-cms3//include to include path
Input workspace 'w': 

RooWorkspace(w) w contents

variables
---------
(jerUp_unc,jerUp_unc_In,jesUp_unc,jesUp_unc_In,lumi,lumi_In,n_obs_binbin1,pdf_unc,pdf_unc_In,r,xs_Bkg,xs_Bkg_In)

p.d.f.s
-------
SimpleGaussianConstraint::jerUp_unc_Pdf[ x=jerUp_unc mean=jerUp_unc_In sigma=1 ] = 1
SimpleGaussianConstraint::jesUp_unc_Pdf[ x=jesUp_unc mean=jesUp_unc_In sigma=1 ] = 1
SimpleGaussianConstraint::lumi_Pdf[ x=lumi mean=lumi_In sigma=1 ] = 1
RooProdPdf::modelObs_b[ pdf_binbin1_bonly ] = 1.48101e-09
RooProdPdf::modelObs_s[ pdf_binbin1 ] = 1.32414e-09
RooProdPdf::model_b[ modelObs_b * nuisancePdf ] = 1.48101e-09
RooProdPdf::model_s[ modelObs_s * nuisancePdf ] = 1.32414e-09
RooProdPdf::nuisancePdf[ lumi_Pdf * jesUp_unc_Pdf * pdf_unc_Pdf * xs_Bkg_Pdf * jerUp_unc_Pdf ] = 1
RooPoisson::pdf_binbin1[ x=n_obs_binbin1 mean=n_exp_binbin1 ] = 1.32414e-09
RooPoisson::pdf_binbin1_bonly[ x=n_obs_binbin1 mean=n_exp_binbin1_bonly ] = 1.48101e-09
SimpleGaussianConstraint::pdf_unc_Pdf[ x=pdf_unc mean=pdf_unc_In sigma=1 ] = 1
SimpleGaussianConstraint::xs_Bkg_Pdf[ x=xs_Bkg mean=xs_Bkg_In sigma=1 ] = 1

functions
--------
RooAddition::n_exp_binbin1[ n_exp_binbin1_proc_BH + n_exp_binbin1_proc_Background ] = 2400.17
RooAddition::n_exp_binbin1_bonly[ n_exp_binbin1_proc_Background ] = 2399.17
ProcessNormalization::n_exp_binbin1_proc_BH[ thetaList=(lumi,jesUp_unc,pdf_unc) asymmThetaList=() otherFactorList=(r) ] = 1
ProcessNormalization::n_exp_binbin1_proc_Background[ thetaList=(xs_Bkg,jerUp_unc) asymmThetaList=() otherFactorList=() ] = 2399.17

datasets
--------
RooDataSet::data_obs(n_obs_binbin1)

named sets
----------
ModelConfig_GlobalObservables:(lumi_In,jesUp_unc_In,pdf_unc_In,xs_Bkg_In,jerUp_unc_In)
ModelConfig_NuisParams:(lumi,jesUp_unc,pdf_unc,xs_Bkg,jerUp_unc)
ModelConfig_Observables:(n_obs_binbin1)
ModelConfig_POI:(r)
ModelConfig_bonly_GlobalObservables:(lumi_In,jesUp_unc_In,pdf_unc_In,xs_Bkg_In,jerUp_unc_In)
ModelConfig_bonly_NuisParams:(lumi,jesUp_unc,pdf_unc,xs_Bkg,jerUp_unc)
ModelConfig_bonly_Observables:(n_obs_binbin1)
ModelConfig_bonly_POI:(r)
POI:(r)
globalObservables:(lumi_In,jesUp_unc_In,pdf_unc_In,xs_Bkg_In,jerUp_unc_In)
nuisances:(lumi,jesUp_unc,pdf_unc,xs_Bkg,jerUp_unc)
observables:(n_obs_binbin1)

generic objects
---------------
RooStats::ModelConfig::ModelConfig
RooStats::ModelConfig::ModelConfig_bonly
RooArgSet::discreteParams

Workspace has a ModelConfig for signal called 'ModelConfig', with contents:

=== Using the following for ModelConfig ===
Observables:             RooArgSet:: = (n_obs_binbin1)
Parameters of Interest:  RooArgSet:: = (r)
Nuisance Parameters:     RooArgSet:: = (lumi,jesUp_unc,pdf_unc,xs_Bkg,jerUp_unc)
Global Observables:      RooArgSet:: = (lumi_In,jesUp_unc_In,pdf_unc_In,xs_Bkg_In,jerUp_unc_In)
PDF:                     RooProdPdf::model_s[ modelObs_s * nuisancePdf ] = 1.32414e-09

Input ModelConfig 'ModelConfig': 

=== Using the following for ModelConfig ===
Observables:             RooArgSet:: = (n_obs_binbin1)
Parameters of Interest:  RooArgSet:: = (r)
Nuisance Parameters:     RooArgSet:: = (lumi,jesUp_unc,pdf_unc,xs_Bkg,jerUp_unc)
Global Observables:      RooArgSet:: = (lumi_In,jesUp_unc_In,pdf_unc_In,xs_Bkg_In,jerUp_unc_In)
PDF:                     RooProdPdf::model_s[ modelObs_s * nuisancePdf ] = 1.32414e-09

[#1] INFO:ObjectHandling -- RooWorkspace::import(w) importing RooUniform::prior
Computing limit starting from observation
  1) RooRealVar:: n_obs_binbin1 = 2131
Set default minimizer to Minuit2
  r = 800 +/- 0
[#1] INFO:Minization --  Including the following contraint terms in minimization: (nuisancePdf)
[#1] INFO:Fitting -- RooAddition::defaultErrorLevel(nll_model_s_data_obs_with_constr) Summation contains a RooNLLVar, using its error level
Minuit2Minimizer: Minimize with max-calls 2500 convergence for edm < 0.01 strategy 1
MnSeedGenerator: for initial parameters FCN = 24.9252
MnSeedGenerator: Initial state:   - FCN =   24.92523610785 Edm =      26.6637 NCalls =     21
VariableMetric: start iterating until Edm is < 1e-05
VariableMetric: Initial state   - FCN =   24.92523610785 Edm =      26.6637 NCalls =     21
VariableMetric: Iteration #   1 - FCN =   10.22343278515 Edm =    0.0916328 NCalls =     33
VariableMetric: Iteration #   2 - FCN =   9.584019379249 Edm =     0.089814 NCalls =     46
VariableMetric: Iteration #   3 - FCN =   9.472643818398 Edm =  4.38312e-05 NCalls =     58
VariableMetric: Iteration #   4 - FCN =   9.472600355217 Edm =  1.51485e-08 NCalls =     69
VariableMetric: After Hessian   - FCN =   9.472600355217 Edm =  1.48748e-08 NCalls =    100
Number of iterations 6
----------> Iteration 0
            FVAL = 24.9252361079 Edm = 26.6637129333 Nfcn = 21
            Error matrix change = 1
            Parameters :  p0 = 0 p1 = 0 p2 = 0 p3 = 0 p4 = 0
----------> Iteration 1
            FVAL = 10.2234327851 Edm = 0.0916327978677 Nfcn = 33
            Error matrix change = 0.510009
            Parameters :  p0 = -1.27238 p1 = 0 p2 = 0 p3 = 0 p4 = -0.273765
----------> Iteration 2
            FVAL = 9.58401937925 Edm = 0.0898140246918 Nfcn = 46
            Error matrix change = 0.3743
            Parameters :  p0 = -0.169243 p1 = 0 p2 = 0 p3 = 0 p4 = -0.436725
----------> Iteration 3
            FVAL = 9.4726438184 Edm = 4.38312131315e-05 Nfcn = 58
            Error matrix change = 0.189877
            Parameters :  p0 = -0.0930772 p1 = 0 p2 = 0 p3 = 0 p4 = -0.492772
----------> Iteration 4
            FVAL = 9.47260035522 Edm = 1.51485233294e-08 Nfcn = 69
            Error matrix change = 0.0973822
            Parameters :  p0 = -0.083719 p1 = 0 p2 = 0 p3 = 0 p4 = -0.494323
----------> Iteration 5
            FVAL = 9.47260035522 Edm = 1.48747586199e-08 Nfcn = 100
            Error matrix change = 0
            Parameters :  p0 = -0.083719 p1 = 0 p2 = 0 p3 = 0 p4 = -0.494323
Minuit2Minimizer : Valid minimum - status = 0
FVAL  = 9.47260035521742694
Edm   = 1.48747586199179003e-08
Nfcn  = 100
jerUp_unc	  = -0.083719	 +/-  0.982911	(limited)
jesUp_unc	  = 0	 +/-  0.996602	(limited)
lumi	  = 0	 +/-  0.996602	(limited)
pdf_unc	  = 0	 +/-  0.996602	(limited)
xs_Bkg	  = -0.494323	 +/-  0.190309	(limited)
Zero signal fit
   0) jerUp_unc                      = -0.083719
   1) jesUp_unc                      =         0
   2) lumi                           =         0
   3) pdf_unc                        =         0
   4) xs_Bkg                         = -0.494323

Fitting of the background hypothesis done in 0.304643 s
[#1] INFO:Fitting -- RooAddition::defaultErrorLevel(nll_model_s_data_obs_with_constr) Summation contains a RooNLLVar, using its error level
Minuit2Minimizer: Minimize with max-calls 2500 convergence for edm < 0.01 strategy 1
MnSeedGenerator: for initial parameters FCN = 130.795
MnSeedGenerator: Initial state:   - FCN =   130.7952058654 Edm =       260.15 NCalls =     21
VariableMetric: start iterating until Edm is < 1e-05
VariableMetric: Initial state   - FCN =   130.7952058654 Edm =       260.15 NCalls =     21
VariableMetric: Iteration #   1 - FCN =   25.60766999985 Edm =      4.87012 NCalls =     35
VariableMetric: Iteration #   2 - FCN =   18.70859030625 Edm =      1.25857 NCalls =     48
VariableMetric: Iteration #   3 - FCN =   13.46059996155 Edm =     0.328726 NCalls =     62
VariableMetric: Iteration #   4 - FCN =   12.42357579273 Edm =     0.114731 NCalls =     74
VariableMetric: Iteration #   5 - FCN =   12.33094868412 Edm =     0.017431 NCalls =     86
VariableMetric: Iteration #   6 - FCN =   12.30344026714 Edm =  0.000796031 NCalls =     98
VariableMetric: Iteration #   7 - FCN =   12.30225229569 Edm =  5.66227e-05 NCalls =    110
VariableMetric: Iteration #   8 - FCN =   12.30218702811 Edm =  5.27803e-07 NCalls =    122
VariableMetric: After Hessian   - FCN =   12.30218702811 Edm =  9.41067e-07 NCalls =    153
Number of iterations 10
----------> Iteration 0
            FVAL = 130.795205865 Edm = 260.150430581 Nfcn = 21
            Error matrix change = 1
            Parameters :  p0 = -0.083719 p1 = 0 p2 = 0 p3 = 0 p4 = -0.494323
----------> Iteration 1
            FVAL = 25.6076699999 Edm = 4.87012474681 Nfcn = 35
            Error matrix change = 0.623592
            Parameters :  p0 = -3.04371 p1 = -2.70272 p2 = -2.68317 p3 = -2.68688 p4 = -1.1978
----------> Iteration 2
            FVAL = 18.7085903063 Edm = 1.25856566375 Nfcn = 48
            Error matrix change = 0.529551
            Parameters :  p0 = -2.55896 p1 = -1.0707 p2 = -0.871967 p3 = -1.46792 p4 = -1.37875
----------> Iteration 3
            FVAL = 13.4605999615 Edm = 0.328726077903 Nfcn = 62
            Error matrix change = 0.406409
            Parameters :  p0 = -1.81225 p1 = 0.0630553 p2 = 0.144279 p3 = -0.37394 p4 = -2.16568
----------> Iteration 4
            FVAL = 12.4235757927 Edm = 0.114731447165 Nfcn = 74
            Error matrix change = 0.353477
            Parameters :  p0 = -0.571946 p1 = -0.310294 p2 = -0.407316 p3 = -0.135779 p4 = -2.35491
----------> Iteration 5
            FVAL = 12.3309486841 Edm = 0.0174310018572 Nfcn = 86
            Error matrix change = 0.303005
            Parameters :  p0 = -0.415266 p1 = -0.22138 p2 = -0.270314 p3 = -0.100246 p4 = -2.35885
----------> Iteration 6
            FVAL = 12.3034402671 Edm = 0.000796030775905 Nfcn = 98
            Error matrix change = 0.245864
            Parameters :  p0 = -0.424838 p1 = -0.294339 p2 = -0.263916 p3 = -0.309335 p4 = -2.31349
----------> Iteration 7
            FVAL = 12.3022522957 Edm = 5.66227050443e-05 Nfcn = 110
            Error matrix change = 0.221566
            Parameters :  p0 = -0.388826 p1 = -0.280201 p2 = -0.255421 p3 = -0.321149 p4 = -2.32392
----------> Iteration 8
            FVAL = 12.3021870281 Edm = 5.27803243652e-07 Nfcn = 122
            Error matrix change = 0.148292
            Parameters :  p0 = -0.39445 p1 = -0.272968 p2 = -0.249817 p3 = -0.324856 p4 = -2.32394
----------> Iteration 9
            FVAL = 12.3021870281 Edm = 9.41066577167e-07 Nfcn = 153
            Error matrix change = 0
            Parameters :  p0 = -0.39445 p1 = -0.272968 p2 = -0.249817 p3 = -0.324856 p4 = -2.32394
Minuit2Minimizer : Valid minimum - status = 0
FVAL  = 12.3021870281067294
Edm   = 9.41066577167264092e-07
Nfcn  = 153
jerUp_unc	  = -0.39445	 +/-  0.983613	(limited)
jesUp_unc	  = -0.272968	 +/-  0.981634	(limited)
lumi	  = -0.249817	 +/-  0.983895	(limited)
pdf_unc	  = -0.324856	 +/-  0.975178	(limited)
xs_Bkg	  = -2.32394	 +/-  0.288693	(limited)
Reference signal fit
   0) jerUp_unc                      =  -0.39445
   1) jesUp_unc                      = -0.272968
   2) lumi                           = -0.249817
   3) pdf_unc                        = -0.324856
   4) xs_Bkg                         =  -2.32394

Fitting of the signal-plus-background hypothesis done in 0.004354 s
      Evaluation of p-values done in  7.85479 s
	CLs = 0.0219436 +/- 0.00832677
      Evaluation of p-values done in  7.60972 s
	CLs = 0.028436 +/- 0.00673732
      Evaluation of p-values done in  7.41726 s
	CLs = 0.026738 +/- 0.00537445
      Evaluation of p-values done in  7.2984 s
	CLs = 0.0271349 +/- 0.00467712
      Evaluation of p-values done in  7.4146 s
	CLs = 0.0289389 +/- 0.00433749
	CLs      = 0.0289389 +/- 0.00433749
	CLb      = 0.311 +/- 0.00654643
	CLsplusb = 0.009 +/- 0.00133559

Hybrid result saved as HypoTestResult_mh120_r800_3043420213 in higgsCombineTest.HybridNew.mH120.74522975.root : higgsCombineTest.HybridNew.mH120.74522975.root:/toys

 -- Hybrid New -- 
CLs = 0.0289389 +/- 0.00433749
Total toys: 10000
Done in 0.00 min (cpu), 0.63 min (real)
