>>> including systematics
>>> using the Profile Likelihood test statistics modified for upper limits (Q_LHC)
>>> method used to compute upper limit is HybridNew
>>> Using OpenSSL to get a really random seed 
>>> Used OpenSSL to get a really random seed -57921476
Adding /uscms_data/d2/lpcljm/sapta/SUSYSearch/LimitSetting/CMSSW_7_1_5/src to include path
Adding /cvmfs/cms.cern.ch/slc6_amd64_gcc481/lcg/roofit/5.34.18-cms3//include to include path
Input workspace 'w': 

RooWorkspace(w) w contents

variables
---------
(jerUp_unc,jerUp_unc_In,jesUp_unc,jesUp_unc_In,lumi,lumi_In,n_obs_binbin1,pdf_unc,pdf_unc_In,r,xs_Bkg,xs_Bkg_In)

p.d.f.s
-------
SimpleGaussianConstraint::jerUp_unc_Pdf[ x=jerUp_unc mean=jerUp_unc_In sigma=1 ] = 1
SimpleGaussianConstraint::jesUp_unc_Pdf[ x=jesUp_unc mean=jesUp_unc_In sigma=1 ] = 1
SimpleGaussianConstraint::lumi_Pdf[ x=lumi mean=lumi_In sigma=1 ] = 1
RooProdPdf::modelObs_b[ pdf_binbin1_bonly ] = 1.48101e-09
RooProdPdf::modelObs_s[ pdf_binbin1 ] = 1.32414e-09
RooProdPdf::model_b[ modelObs_b * nuisancePdf ] = 1.48101e-09
RooProdPdf::model_s[ modelObs_s * nuisancePdf ] = 1.32414e-09
RooProdPdf::nuisancePdf[ lumi_Pdf * jesUp_unc_Pdf * pdf_unc_Pdf * xs_Bkg_Pdf * jerUp_unc_Pdf ] = 1
RooPoisson::pdf_binbin1[ x=n_obs_binbin1 mean=n_exp_binbin1 ] = 1.32414e-09
RooPoisson::pdf_binbin1_bonly[ x=n_obs_binbin1 mean=n_exp_binbin1_bonly ] = 1.48101e-09
SimpleGaussianConstraint::pdf_unc_Pdf[ x=pdf_unc mean=pdf_unc_In sigma=1 ] = 1
SimpleGaussianConstraint::xs_Bkg_Pdf[ x=xs_Bkg mean=xs_Bkg_In sigma=1 ] = 1

functions
--------
RooAddition::n_exp_binbin1[ n_exp_binbin1_proc_BH + n_exp_binbin1_proc_Background ] = 2400.17
RooAddition::n_exp_binbin1_bonly[ n_exp_binbin1_proc_Background ] = 2399.17
ProcessNormalization::n_exp_binbin1_proc_BH[ thetaList=(lumi,jesUp_unc,pdf_unc) asymmThetaList=() otherFactorList=(r) ] = 1
ProcessNormalization::n_exp_binbin1_proc_Background[ thetaList=(xs_Bkg,jerUp_unc) asymmThetaList=() otherFactorList=() ] = 2399.17

datasets
--------
RooDataSet::data_obs(n_obs_binbin1)

named sets
----------
ModelConfig_GlobalObservables:(lumi_In,jesUp_unc_In,pdf_unc_In,xs_Bkg_In,jerUp_unc_In)
ModelConfig_NuisParams:(lumi,jesUp_unc,pdf_unc,xs_Bkg,jerUp_unc)
ModelConfig_Observables:(n_obs_binbin1)
ModelConfig_POI:(r)
ModelConfig_bonly_GlobalObservables:(lumi_In,jesUp_unc_In,pdf_unc_In,xs_Bkg_In,jerUp_unc_In)
ModelConfig_bonly_NuisParams:(lumi,jesUp_unc,pdf_unc,xs_Bkg,jerUp_unc)
ModelConfig_bonly_Observables:(n_obs_binbin1)
ModelConfig_bonly_POI:(r)
POI:(r)
globalObservables:(lumi_In,jesUp_unc_In,pdf_unc_In,xs_Bkg_In,jerUp_unc_In)
nuisances:(lumi,jesUp_unc,pdf_unc,xs_Bkg,jerUp_unc)
observables:(n_obs_binbin1)

generic objects
---------------
RooStats::ModelConfig::ModelConfig
RooStats::ModelConfig::ModelConfig_bonly
RooArgSet::discreteParams

Workspace has a ModelConfig for signal called 'ModelConfig', with contents:

=== Using the following for ModelConfig ===
Observables:             RooArgSet:: = (n_obs_binbin1)
Parameters of Interest:  RooArgSet:: = (r)
Nuisance Parameters:     RooArgSet:: = (lumi,jesUp_unc,pdf_unc,xs_Bkg,jerUp_unc)
Global Observables:      RooArgSet:: = (lumi_In,jesUp_unc_In,pdf_unc_In,xs_Bkg_In,jerUp_unc_In)
PDF:                     RooProdPdf::model_s[ modelObs_s * nuisancePdf ] = 1.32414e-09

Input ModelConfig 'ModelConfig': 

=== Using the following for ModelConfig ===
Observables:             RooArgSet:: = (n_obs_binbin1)
Parameters of Interest:  RooArgSet:: = (r)
Nuisance Parameters:     RooArgSet:: = (lumi,jesUp_unc,pdf_unc,xs_Bkg,jerUp_unc)
Global Observables:      RooArgSet:: = (lumi_In,jesUp_unc_In,pdf_unc_In,xs_Bkg_In,jerUp_unc_In)
PDF:                     RooProdPdf::model_s[ modelObs_s * nuisancePdf ] = 1.32414e-09

[#1] INFO:ObjectHandling -- RooWorkspace::import(w) importing RooUniform::prior
Computing limit starting from observation
  1) RooRealVar:: n_obs_binbin1 = 2131
Set default minimizer to Minuit2
  r = 900 +/- 0
[#1] INFO:Minization --  Including the following contraint terms in minimization: (nuisancePdf)
[#1] INFO:Fitting -- RooAddition::defaultErrorLevel(nll_model_s_data_obs_with_constr) Summation contains a RooNLLVar, using its error level
Minuit2Minimizer: Minimize with max-calls 2500 convergence for edm < 0.01 strategy 1
MnSeedGenerator: for initial parameters FCN = 24.9252
MnSeedGenerator: Initial state:   - FCN =   24.92523610785 Edm =      26.6637 NCalls =     21
VariableMetric: start iterating until Edm is < 1e-05
VariableMetric: Initial state   - FCN =   24.92523610785 Edm =      26.6637 NCalls =     21
VariableMetric: Iteration #   1 - FCN =   10.22343278515 Edm =    0.0916328 NCalls =     33
VariableMetric: Iteration #   2 - FCN =   9.584019379249 Edm =     0.089814 NCalls =     46
VariableMetric: Iteration #   3 - FCN =   9.472643818398 Edm =  4.38312e-05 NCalls =     58
VariableMetric: Iteration #   4 - FCN =   9.472600355217 Edm =  1.51485e-08 NCalls =     69
VariableMetric: After Hessian   - FCN =   9.472600355217 Edm =  1.48748e-08 NCalls =    100
Number of iterations 6
----------> Iteration 0
            FVAL = 24.9252361079 Edm = 26.6637129333 Nfcn = 21
            Error matrix change = 1
            Parameters :  p0 = 0 p1 = 0 p2 = 0 p3 = 0 p4 = 0
----------> Iteration 1
            FVAL = 10.2234327851 Edm = 0.0916327978677 Nfcn = 33
            Error matrix change = 0.510009
            Parameters :  p0 = -1.27238 p1 = 0 p2 = 0 p3 = 0 p4 = -0.273765
----------> Iteration 2
            FVAL = 9.58401937925 Edm = 0.0898140246918 Nfcn = 46
            Error matrix change = 0.3743
            Parameters :  p0 = -0.169243 p1 = 0 p2 = 0 p3 = 0 p4 = -0.436725
----------> Iteration 3
            FVAL = 9.4726438184 Edm = 4.38312131315e-05 Nfcn = 58
            Error matrix change = 0.189877
            Parameters :  p0 = -0.0930772 p1 = 0 p2 = 0 p3 = 0 p4 = -0.492772
----------> Iteration 4
            FVAL = 9.47260035522 Edm = 1.51485233294e-08 Nfcn = 69
            Error matrix change = 0.0973822
            Parameters :  p0 = -0.083719 p1 = 0 p2 = 0 p3 = 0 p4 = -0.494323
----------> Iteration 5
            FVAL = 9.47260035522 Edm = 1.48747586199e-08 Nfcn = 100
            Error matrix change = 0
            Parameters :  p0 = -0.083719 p1 = 0 p2 = 0 p3 = 0 p4 = -0.494323
Minuit2Minimizer : Valid minimum - status = 0
FVAL  = 9.47260035521742694
Edm   = 1.48747586199179003e-08
Nfcn  = 100
jerUp_unc	  = -0.083719	 +/-  0.982911	(limited)
jesUp_unc	  = 0	 +/-  0.996602	(limited)
lumi	  = 0	 +/-  0.996602	(limited)
pdf_unc	  = 0	 +/-  0.996602	(limited)
xs_Bkg	  = -0.494323	 +/-  0.190309	(limited)
Zero signal fit
   0) jerUp_unc                      = -0.083719
   1) jesUp_unc                      =         0
   2) lumi                           =         0
   3) pdf_unc                        =         0
   4) xs_Bkg                         = -0.494323

Fitting of the background hypothesis done in 0.314674 s
[#1] INFO:Fitting -- RooAddition::defaultErrorLevel(nll_model_s_data_obs_with_constr) Summation contains a RooNLLVar, using its error level
Minuit2Minimizer: Minimize with max-calls 2500 convergence for edm < 0.01 strategy 1
MnSeedGenerator: for initial parameters FCN = 159.354
MnSeedGenerator: Initial state:   - FCN =   159.3537343817 Edm =      326.154 NCalls =     21
VariableMetric: start iterating until Edm is < 1e-05
VariableMetric: Initial state   - FCN =   159.3537343817 Edm =      326.154 NCalls =     21
VariableMetric: Iteration #   1 - FCN =   29.46993955569 Edm =      6.21194 NCalls =     39
VariableMetric: Iteration #   2 - FCN =    21.3347025756 Edm =      1.46034 NCalls =     54
VariableMetric: Iteration #   3 - FCN =    14.6719808654 Edm =     0.846288 NCalls =     68
VariableMetric: Iteration #   4 - FCN =    13.8175098938 Edm =     0.409292 NCalls =     79
VariableMetric: Iteration #   5 - FCN =   13.10853305313 Edm =    0.0261198 NCalls =     91
VariableMetric: Iteration #   6 - FCN =   13.06173348657 Edm =   0.00403715 NCalls =    103
VariableMetric: Iteration #   7 - FCN =   13.05636000297 Edm =  0.000253383 NCalls =    115
VariableMetric: Iteration #   8 - FCN =   13.05589961552 Edm =  1.10525e-05 NCalls =    127
VariableMetric: Iteration #   9 - FCN =   13.05588732405 Edm =  2.43021e-07 NCalls =    139
VariableMetric: After Hessian   - FCN =   13.05588732405 Edm =  4.62743e-07 NCalls =    170
Number of iterations 11
----------> Iteration 0
            FVAL = 159.353734382 Edm = 326.154044912 Nfcn = 21
            Error matrix change = 1
            Parameters :  p0 = -0.083719 p1 = 0 p2 = 0 p3 = 0 p4 = -0.494323
----------> Iteration 1
            FVAL = 29.4699395557 Edm = 6.21193798665 Nfcn = 39
            Error matrix change = 0.625368
            Parameters :  p0 = -3.35788 p1 = -3.03944 p2 = -3.03933 p3 = -2.97565 p4 = -1.28058
----------> Iteration 2
            FVAL = 21.3347025756 Edm = 1.46033656573 Nfcn = 54
            Error matrix change = 0.533509
            Parameters :  p0 = -2.72964 p1 = -1.443 p2 = -1.24209 p3 = -1.81564 p4 = -1.43629
----------> Iteration 3
            FVAL = 14.6719808654 Edm = 0.846287730643 Nfcn = 68
            Error matrix change = 0.386741
            Parameters :  p0 = -1.88057 p1 = 0.0999994 p2 = 0.294627 p3 = -0.582637 p4 = -2.34747
----------> Iteration 4
            FVAL = 13.8175098938 Edm = 0.409291862927 Nfcn = 79
            Error matrix change = 0.341519
            Parameters :  p0 = -1.54461 p1 = -0.299462 p2 = -0.226512 p3 = -0.686483 p4 = -2.4379
----------> Iteration 5
            FVAL = 13.1085330531 Edm = 0.0261197529829 Nfcn = 91
            Error matrix change = 0.313678
            Parameters :  p0 = -0.506882 p1 = -0.205722 p2 = -0.27005 p3 = -0.178803 p4 = -2.6442
----------> Iteration 6
            FVAL = 13.0617334866 Edm = 0.00403715246614 Nfcn = 103
            Error matrix change = 0.285585
            Parameters :  p0 = -0.493891 p1 = -0.380267 p2 = -0.366491 p3 = -0.382546 p4 = -2.57939
----------> Iteration 7
            FVAL = 13.056360003 Edm = 0.00025338288978 Nfcn = 115
            Error matrix change = 0.202014
            Parameters :  p0 = -0.44077 p1 = -0.373843 p2 = -0.34141 p3 = -0.408747 p4 = -2.57567
----------> Iteration 8
            FVAL = 13.0558996155 Edm = 1.10525404546e-05 Nfcn = 127
            Error matrix change = 0.206893
            Parameters :  p0 = -0.440535 p1 = -0.355998 p2 = -0.325616 p3 = -0.423061 p4 = -2.57952
----------> Iteration 9
            FVAL = 13.0558873241 Edm = 2.43020809016e-07 Nfcn = 139
            Error matrix change = 0.141655
            Parameters :  p0 = -0.437571 p1 = -0.356979 p2 = -0.327808 p3 = -0.425481 p4 = -2.5795
----------> Iteration 10
            FVAL = 13.0558873241 Edm = 4.62743121084e-07 Nfcn = 170
            Error matrix change = 0
            Parameters :  p0 = -0.437571 p1 = -0.356979 p2 = -0.327808 p3 = -0.425481 p4 = -2.5795
Minuit2Minimizer : Valid minimum - status = 0
FVAL  = 13.055887324051195
Edm   = 4.62743121084350789e-07
Nfcn  = 170
jerUp_unc	  = -0.437571	 +/-  0.983812	(limited)
jesUp_unc	  = -0.356979	 +/-  0.976553	(limited)
lumi	  = -0.327808	 +/-  0.97959	(limited)
pdf_unc	  = -0.425481	 +/-  0.967871	(limited)
xs_Bkg	  = -2.5795	 +/-  0.312209	(limited)
Reference signal fit
   0) jerUp_unc                      = -0.437571
   1) jesUp_unc                      = -0.356979
   2) lumi                           = -0.327808
   3) pdf_unc                        = -0.425481
   4) xs_Bkg                         =   -2.5795

Fitting of the signal-plus-background hypothesis done in 0.00308895 s
      Evaluation of p-values done in  7.55892 s
	CLs = 0.00925926 +/- 0.00535454
      Evaluation of p-values done in  7.69372 s
	CLs = 0.00625978 +/- 0.00313342
      Evaluation of p-values done in  7.74232 s
	CLs = 0.00617284 +/- 0.00252279
      Evaluation of p-values done in  7.51246 s
	CLs = 0.00858704 +/- 0.00259308
      Evaluation of p-values done in  7.33794 s
	CLs = 0.00878294 +/- 0.00235107
	CLs      = 0.00878294 +/- 0.00235107
	CLb      = 0.3188 +/- 0.0065904
	CLsplusb = 0.0028 +/- 0.000747283

Hybrid result saved as HypoTestResult_mh120_r900_3747370574 in higgsCombineTest.HybridNew.mH120.-57921476.root : higgsCombineTest.HybridNew.mH120.-57921476.root:/toys

 -- Hybrid New -- 
CLs = 0.00878294 +/- 0.00235107
Total toys: 10000
Done in 0.00 min (cpu), 0.64 min (real)
