>>> including systematics
>>> using the Profile Likelihood test statistics modified for upper limits (Q_LHC)
>>> method used to compute upper limit is HybridNew
>>> Using OpenSSL to get a really random seed 
>>> Used OpenSSL to get a really random seed 966320409
Adding /uscms_data/d2/lpcljm/sapta/SUSYSearch/LimitSetting/CMSSW_7_1_5/src to include path
Adding /cvmfs/cms.cern.ch/slc6_amd64_gcc481/lcg/roofit/5.34.18-cms3//include to include path
Input workspace 'w': 

RooWorkspace(w) w contents

variables
---------
(jerUp_unc,jerUp_unc_In,jesUp_unc,jesUp_unc_In,lumi,lumi_In,n_obs_binbin1,pdf_unc,pdf_unc_In,r,xs_Bkg,xs_Bkg_In)

p.d.f.s
-------
SimpleGaussianConstraint::jerUp_unc_Pdf[ x=jerUp_unc mean=jerUp_unc_In sigma=1 ] = 1
SimpleGaussianConstraint::jesUp_unc_Pdf[ x=jesUp_unc mean=jesUp_unc_In sigma=1 ] = 1
SimpleGaussianConstraint::lumi_Pdf[ x=lumi mean=lumi_In sigma=1 ] = 1
RooProdPdf::modelObs_b[ pdf_binbin1_bonly ] = 0.0163033
RooProdPdf::modelObs_s[ pdf_binbin1 ] = 0.0093986
RooProdPdf::model_b[ modelObs_b * nuisancePdf ] = 0.0163033
RooProdPdf::model_s[ modelObs_s * nuisancePdf ] = 0.0093986
RooProdPdf::nuisancePdf[ lumi_Pdf * jesUp_unc_Pdf * pdf_unc_Pdf * xs_Bkg_Pdf * jerUp_unc_Pdf ] = 1
RooPoisson::pdf_binbin1[ x=n_obs_binbin1 mean=n_exp_binbin1 ] = 0.0093986
RooPoisson::pdf_binbin1_bonly[ x=n_obs_binbin1 mean=n_exp_binbin1_bonly ] = 0.0163033
SimpleGaussianConstraint::pdf_unc_Pdf[ x=pdf_unc mean=pdf_unc_In sigma=1 ] = 1
SimpleGaussianConstraint::xs_Bkg_Pdf[ x=xs_Bkg mean=xs_Bkg_In sigma=1 ] = 1

functions
--------
RooAddition::n_exp_binbin1[ n_exp_binbin1_proc_BH + n_exp_binbin1_proc_Background ] = 13.8635
RooAddition::n_exp_binbin1_bonly[ n_exp_binbin1_proc_Background ] = 12.8635
ProcessNormalization::n_exp_binbin1_proc_BH[ thetaList=(lumi,jesUp_unc,pdf_unc) asymmThetaList=() otherFactorList=(r) ] = 1
ProcessNormalization::n_exp_binbin1_proc_Background[ thetaList=(xs_Bkg,jerUp_unc) asymmThetaList=() otherFactorList=() ] = 12.8635

datasets
--------
RooDataSet::data_obs(n_obs_binbin1)

named sets
----------
ModelConfig_GlobalObservables:(lumi_In,jesUp_unc_In,pdf_unc_In,xs_Bkg_In,jerUp_unc_In)
ModelConfig_NuisParams:(lumi,jesUp_unc,pdf_unc,xs_Bkg,jerUp_unc)
ModelConfig_Observables:(n_obs_binbin1)
ModelConfig_POI:(r)
ModelConfig_bonly_GlobalObservables:(lumi_In,jesUp_unc_In,pdf_unc_In,xs_Bkg_In,jerUp_unc_In)
ModelConfig_bonly_NuisParams:(lumi,jesUp_unc,pdf_unc,xs_Bkg,jerUp_unc)
ModelConfig_bonly_Observables:(n_obs_binbin1)
ModelConfig_bonly_POI:(r)
POI:(r)
globalObservables:(lumi_In,jesUp_unc_In,pdf_unc_In,xs_Bkg_In,jerUp_unc_In)
nuisances:(lumi,jesUp_unc,pdf_unc,xs_Bkg,jerUp_unc)
observables:(n_obs_binbin1)

generic objects
---------------
RooStats::ModelConfig::ModelConfig
RooStats::ModelConfig::ModelConfig_bonly
RooArgSet::discreteParams

Workspace has a ModelConfig for signal called 'ModelConfig', with contents:

=== Using the following for ModelConfig ===
Observables:             RooArgSet:: = (n_obs_binbin1)
Parameters of Interest:  RooArgSet:: = (r)
Nuisance Parameters:     RooArgSet:: = (lumi,jesUp_unc,pdf_unc,xs_Bkg,jerUp_unc)
Global Observables:      RooArgSet:: = (lumi_In,jesUp_unc_In,pdf_unc_In,xs_Bkg_In,jerUp_unc_In)
PDF:                     RooProdPdf::model_s[ modelObs_s * nuisancePdf ] = 0.0093986

Input ModelConfig 'ModelConfig': 

=== Using the following for ModelConfig ===
Observables:             RooArgSet:: = (n_obs_binbin1)
Parameters of Interest:  RooArgSet:: = (r)
Nuisance Parameters:     RooArgSet:: = (lumi,jesUp_unc,pdf_unc,xs_Bkg,jerUp_unc)
Global Observables:      RooArgSet:: = (lumi_In,jesUp_unc_In,pdf_unc_In,xs_Bkg_In,jerUp_unc_In)
PDF:                     RooProdPdf::model_s[ modelObs_s * nuisancePdf ] = 0.0093986

[#1] INFO:ObjectHandling -- RooWorkspace::import(w) importing RooUniform::prior
Computing limit starting from observation
  1) RooRealVar:: n_obs_binbin1 = 6
Set default minimizer to Minuit2
  r = 9 +/- 0
[#1] INFO:Minization --  Including the following contraint terms in minimization: (nuisancePdf)
[#1] INFO:Fitting -- RooAddition::defaultErrorLevel(nll_model_s_data_obs_with_constr) Summation contains a RooNLLVar, using its error level
Minuit2Minimizer: Minimize with max-calls 2500 convergence for edm < 0.01 strategy 1
MnSeedGenerator: for initial parameters FCN = 8.71108
MnSeedGenerator: Initial state:   - FCN =   8.711080816889 Edm =      1.68079 NCalls =     21
VariableMetric: start iterating until Edm is < 1e-05
VariableMetric: Initial state   - FCN =   8.711080816889 Edm =      1.68079 NCalls =     21
VariableMetric: Iteration #   1 - FCN =   6.811116027839 Edm =    0.0396819 NCalls =     34
VariableMetric: Iteration #   2 - FCN =   6.766188697641 Edm =  0.000162825 NCalls =     46
VariableMetric: Iteration #   3 - FCN =   6.765974286505 Edm =  7.46976e-09 NCalls =     58
VariableMetric: After Hessian   - FCN =   6.765974286505 Edm =  7.58667e-09 NCalls =     89
Number of iterations 5
----------> Iteration 0
            FVAL = 8.71108081689 Edm = 1.68079431695 Nfcn = 21
            Error matrix change = 1
            Parameters :  p0 = 0 p1 = 0 p2 = 0 p3 = 0 p4 = 0
----------> Iteration 1
            FVAL = 6.81111602784 Edm = 0.039681932284 Nfcn = 34
            Error matrix change = 0.512636
            Parameters :  p0 = -0.318315 p1 = 0 p2 = 0 p3 = 0 p4 = -0.69588
----------> Iteration 2
            FVAL = 6.76618869764 Edm = 0.00016282489732 Nfcn = 46
            Error matrix change = 0.265489
            Parameters :  p0 = -0.0297431 p1 = 0 p2 = 0 p3 = 0 p4 = -0.740563
----------> Iteration 3
            FVAL = 6.7659742865 Edm = 7.46975750574e-09 Nfcn = 58
            Error matrix change = 0.141967
            Parameters :  p0 = -0.0354955 p1 = 0 p2 = 0 p3 = 0 p4 = -0.748612
----------> Iteration 4
            FVAL = 6.7659742865 Edm = 7.58667362853e-09 Nfcn = 89
            Error matrix change = 0
            Parameters :  p0 = -0.0354955 p1 = 0 p2 = 0 p3 = 0 p4 = -0.748612
Minuit2Minimizer : Valid minimum - status = 0
FVAL  = 6.76597428650482691
Edm   = 7.58667362852935069e-09
Nfcn  = 89
jerUp_unc	  = -0.0354955	 +/-  0.995693	(limited)
jesUp_unc	  = 0	 +/-  0.996602	(limited)
lumi	  = 0	 +/-  0.996602	(limited)
pdf_unc	  = 0	 +/-  0.996602	(limited)
xs_Bkg	  = -0.748612	 +/-  0.418537	(limited)
Zero signal fit
   0) jerUp_unc                      = -0.0354955
   1) jesUp_unc                      =         0
   2) lumi                           =         0
   3) pdf_unc                        =         0
   4) xs_Bkg                         = -0.748612

Fitting of the background hypothesis done in 0.301668 s
[#1] INFO:Fitting -- RooAddition::defaultErrorLevel(nll_model_s_data_obs_with_constr) Summation contains a RooNLLVar, using its error level
Minuit2Minimizer: Minimize with max-calls 2500 convergence for edm < 0.01 strategy 1
MnSeedGenerator: for initial parameters FCN = 10.7584
MnSeedGenerator: Initial state:   - FCN =   10.75838957304 Edm =     0.961763 NCalls =     21
VariableMetric: start iterating until Edm is < 1e-05
VariableMetric: Initial state   - FCN =   10.75838957304 Edm =     0.961763 NCalls =     21
VariableMetric: Iteration #   1 - FCN =   9.696927391445 Edm =    0.0274228 NCalls =     34
VariableMetric: Iteration #   2 - FCN =   9.664066281229 Edm =   0.00043385 NCalls =     46
VariableMetric: Iteration #   3 - FCN =   9.663492901782 Edm =  2.28732e-07 NCalls =     58
VariableMetric: After Hessian   - FCN =   9.663492901782 Edm =   2.3187e-07 NCalls =     89
Number of iterations 5
----------> Iteration 0
            FVAL = 10.758389573 Edm = 0.961762995005 Nfcn = 21
            Error matrix change = 1
            Parameters :  p0 = -0.0354955 p1 = 0 p2 = 0 p3 = 0 p4 = -0.748612
----------> Iteration 1
            FVAL = 9.69692739144 Edm = 0.0274227863494 Nfcn = 34
            Error matrix change = 0.537284
            Parameters :  p0 = -0.190389 p1 = -0.315228 p2 = -0.303327 p3 = -0.373615 p4 = -1.43565
----------> Iteration 2
            FVAL = 9.66406628123 Edm = 0.000433850410015 Nfcn = 46
            Error matrix change = 0.29575
            Parameters :  p0 = -0.0649255 p1 = -0.21029 p2 = -0.201857 p3 = -0.252586 p4 = -1.5118
----------> Iteration 3
            FVAL = 9.66349290178 Edm = 2.28731675147e-07 Nfcn = 58
            Error matrix change = 0.177326
            Parameters :  p0 = -0.0720405 p1 = -0.217275 p2 = -0.208838 p3 = -0.259143 p4 = -1.53007
----------> Iteration 4
            FVAL = 9.66349290178 Edm = 2.31870008695e-07 Nfcn = 89
            Error matrix change = 0
            Parameters :  p0 = -0.0720405 p1 = -0.217275 p2 = -0.208838 p3 = -0.259143 p4 = -1.53007
Minuit2Minimizer : Valid minimum - status = 0
FVAL  = 9.66349290178187381
Edm   = 2.31870008695010783e-07
Nfcn  = 89
jerUp_unc	  = -0.0720405	 +/-  0.995921	(limited)
jesUp_unc	  = -0.217275	 +/-  0.988718	(limited)
lumi	  = -0.208838	 +/-  0.989325	(limited)
pdf_unc	  = -0.259143	 +/-  0.985337	(limited)
xs_Bkg	  = -1.53007	 +/-  0.617997	(limited)
Reference signal fit
   0) jerUp_unc                      = -0.0720405
   1) jesUp_unc                      = -0.217275
   2) lumi                           = -0.208838
   3) pdf_unc                        = -0.259143
   4) xs_Bkg                         =  -1.53007

Fitting of the signal-plus-background hypothesis done in 0.00231314 s
      Evaluation of p-values done in  6.14026 s
	CLs = 0.0288462 +/- 0.00966739
      Evaluation of p-values done in  5.8016 s
	CLs = 0.0284281 +/- 0.00693411
      Evaluation of p-values done in  5.83143 s
	CLs = 0.031355 +/- 0.00596301
      Evaluation of p-values done in  5.82042 s
	CLs = 0.0314359 +/- 0.00520134
      Evaluation of p-values done in  5.8296 s
	CLs = 0.0325424 +/- 0.00472832
	CLs      = 0.0325424 +/- 0.00472832
	CLb      = 0.295 +/- 0.00644942
	CLsplusb = 0.0096 +/- 0.00137897

Hybrid result saved as HypoTestResult_mh120_r9_2888789378 in higgsCombineTest.HybridNew.mH120.966320409.root : higgsCombineTest.HybridNew.mH120.966320409.root:/toys

 -- Hybrid New -- 
CLs = 0.0325424 +/- 0.00472832
Total toys: 10000
Done in 0.00 min (cpu), 0.50 min (real)
