	CLs = 0.0833333 +/- 0.0264983
	CLs = 0.0753 +/- 0.0179651
	CLs = 0.0671881 +/- 0.0140323
	CLs = 0.0552538 +/- 0.0109913
	CLs = 0.0559111 +/- 0.00999555
	CLs = 0.0505801 +/- 0.00840822
	CLs = 0.0541664 +/- 0.00810805
	CLs = 0.0507189 +/- 0.00727984
	CLs = 0.0495434 +/- 0.00674125
	CLs = 0.0481704 +/- 0.00629095
	CLs = 0.0481513 +/- 0.00593525
	CLs = 0.0485679 +/- 0.00572569
	CLs = 0.0482613 +/- 0.00548826
	CLs = 0.0473186 +/- 0.00519704
	CLs = 0.0493298 +/- 0.00513502
	CLs = 0.0501113 +/- 0.00498496
	CLs      = 0.0501113 +/- 0.00498496
	CLb      = 0.284367 +/- 0.0100496
	CLsplusb = 0.01425 +/- 0.00132509


 -- HybridNew, before fit -- 
Limit: r < 2560 +/- 2560 [2240, 2720]
Fit to 6 points: 2535.1 +/- 38.5944

 -- Hybrid New -- 
Limit: r < 2535.1 +/- 38.5944 @ 95% CL
Done in 0.01 min (cpu), 2.77 min (real)
