	CLs = 0.0833333 +/- 0.0264983
	CLs = 0.07028 +/- 0.0166266
	CLs = 0.0605893 +/- 0.0125123
	CLs = 0.0509575 +/- 0.00970951
	CLs = 0.0466887 +/- 0.00821277
	CLs = 0.0454692 +/- 0.00730338
	CLs = 0.0440959 +/- 0.00669651
	CLs = 0.0465016 +/- 0.0064406
	CLs = 0.0435083 +/- 0.00585692
	CLs = 0.0450109 +/- 0.00570932
	CLs = 0.0444385 +/- 0.00540297
	CLs = 0.0462888 +/- 0.00533115
	CLs = 0.0458809 +/- 0.00504378
	CLs = 0.0460034 +/- 0.00487635
	CLs      = 0.0460034 +/- 0.00487635
	CLb      = 0.307431 +/- 0.0109895
	CLsplusb = 0.0141429 +/- 0.00141132


 -- HybridNew, before fit -- 
Limit: r < 4.3834 +/- 1.07468 [4.18407, 5.47544]
Fit to 4 points: 4.60867 +/- 0.0881747

 -- Hybrid New -- 
Limit: r < 4.60867 +/- 0.0881747 @ 95% CL
Done in 0.01 min (cpu), 1.48 min (real)
