	CLs = 0.0806452 +/- 0.0281979
	CLs = 0.0666719 +/- 0.0175721
	CLs = 0.0531667 +/- 0.0120948
	CLs = 0.0503 +/- 0.0101063
	CLs = 0.05032 +/- 0.0089087
	CLs = 0.0498799 +/- 0.00797672
	CLs = 0.0467197 +/- 0.00705069
	CLs = 0.046375 +/- 0.00654259
	CLs = 0.0443472 +/- 0.00592747
	CLs = 0.0404679 +/- 0.00534264
	CLs = 0.0419697 +/- 0.00515355
	CLs = 0.0439369 +/- 0.00510393
	CLs = 0.0466194 +/- 0.00513172
	CLs = 0.0454937 +/- 0.00487047
	CLs      = 0.0454937 +/- 0.00487047
	CLb      = 0.304594 +/- 0.0109611
	CLsplusb = 0.0138571 +/- 0.0013972


 -- HybridNew, before fit -- 
Limit: r < 263.747 +/- 14.8565 [245.718, 277.811]
Fit to 5 points: 262.782 +/- 1.7259

 -- Hybrid New -- 
Limit: r < 262.782 +/- 1.7259 @ 95% CL
Done in 0.01 min (cpu), 1.80 min (real)
