>>> including systematics
>>> using the Profile Likelihood test statistics modified for upper limits (Q_LHC)
>>> method used to compute upper limit is HybridNew
>>> random number generator seed is 123456
Adding /uscms_data/d2/lpcljm/sapta/SUSYSearch/LimitSetting/CMSSW_7_1_5/src to include path
Adding /cvmfs/cms.cern.ch/slc6_amd64_gcc481/lcg/roofit/5.34.18-cms3//include to include path
Input workspace 'w': 

RooWorkspace(w) w contents

variables
---------
(jerUp_unc,jerUp_unc_In,jesUp_unc,jesUp_unc_In,lumi,lumi_In,n_obs_binbin1,pdf_unc,pdf_unc_In,r,xs_Bkg,xs_Bkg_In)

p.d.f.s
-------
SimpleGaussianConstraint::jerUp_unc_Pdf[ x=jerUp_unc mean=jerUp_unc_In sigma=1 ] = 1
SimpleGaussianConstraint::jesUp_unc_Pdf[ x=jesUp_unc mean=jesUp_unc_In sigma=1 ] = 1
SimpleGaussianConstraint::lumi_Pdf[ x=lumi mean=lumi_In sigma=1 ] = 1
RooProdPdf::modelObs_b[ pdf_binbin1_bonly ] = 3.83246e-07
RooProdPdf::modelObs_s[ pdf_binbin1 ] = 3.15334e-07
RooProdPdf::model_b[ modelObs_b * nuisancePdf ] = 3.83246e-07
RooProdPdf::model_s[ modelObs_s * nuisancePdf ] = 3.15334e-07
RooProdPdf::nuisancePdf[ lumi_Pdf * jesUp_unc_Pdf * pdf_unc_Pdf * xs_Bkg_Pdf * jerUp_unc_Pdf ] = 1
RooPoisson::pdf_binbin1[ x=n_obs_binbin1 mean=n_exp_binbin1 ] = 3.15334e-07
RooPoisson::pdf_binbin1_bonly[ x=n_obs_binbin1 mean=n_exp_binbin1_bonly ] = 3.83246e-07
SimpleGaussianConstraint::pdf_unc_Pdf[ x=pdf_unc mean=pdf_unc_In sigma=1 ] = 1
SimpleGaussianConstraint::xs_Bkg_Pdf[ x=xs_Bkg mean=xs_Bkg_In sigma=1 ] = 1

functions
--------
RooAddition::n_exp_binbin1[ n_exp_binbin1_proc_BH + n_exp_binbin1_proc_Background ] = 535.932
RooAddition::n_exp_binbin1_bonly[ n_exp_binbin1_proc_Background ] = 534.932
ProcessNormalization::n_exp_binbin1_proc_BH[ thetaList=(lumi,jesUp_unc,pdf_unc,jerUp_unc) asymmThetaList=() otherFactorList=(r) ] = 1
ProcessNormalization::n_exp_binbin1_proc_Background[ thetaList=(xs_Bkg) asymmThetaList=() otherFactorList=() ] = 534.932

datasets
--------
RooDataSet::data_obs(n_obs_binbin1)

named sets
----------
ModelConfig_GlobalObservables:(lumi_In,jesUp_unc_In,pdf_unc_In,xs_Bkg_In,jerUp_unc_In)
ModelConfig_NuisParams:(lumi,jesUp_unc,pdf_unc,xs_Bkg,jerUp_unc)
ModelConfig_Observables:(n_obs_binbin1)
ModelConfig_POI:(r)
ModelConfig_bonly_GlobalObservables:(lumi_In,jesUp_unc_In,pdf_unc_In,xs_Bkg_In,jerUp_unc_In)
ModelConfig_bonly_NuisParams:(lumi,jesUp_unc,pdf_unc,xs_Bkg,jerUp_unc)
ModelConfig_bonly_Observables:(n_obs_binbin1)
ModelConfig_bonly_POI:(r)
POI:(r)
globalObservables:(lumi_In,jesUp_unc_In,pdf_unc_In,xs_Bkg_In,jerUp_unc_In)
nuisances:(lumi,jesUp_unc,pdf_unc,xs_Bkg,jerUp_unc)
observables:(n_obs_binbin1)

generic objects
---------------
RooStats::ModelConfig::ModelConfig
RooStats::ModelConfig::ModelConfig_bonly
RooArgSet::discreteParams

Workspace has a ModelConfig for signal called 'ModelConfig', with contents:

=== Using the following for ModelConfig ===
Observables:             RooArgSet:: = (n_obs_binbin1)
Parameters of Interest:  RooArgSet:: = (r)
Nuisance Parameters:     RooArgSet:: = (lumi,jesUp_unc,pdf_unc,xs_Bkg,jerUp_unc)
Global Observables:      RooArgSet:: = (lumi_In,jesUp_unc_In,pdf_unc_In,xs_Bkg_In,jerUp_unc_In)
PDF:                     RooProdPdf::model_s[ modelObs_s * nuisancePdf ] = 3.15334e-07

Input ModelConfig 'ModelConfig': 

=== Using the following for ModelConfig ===
Observables:             RooArgSet:: = (n_obs_binbin1)
Parameters of Interest:  RooArgSet:: = (r)
Nuisance Parameters:     RooArgSet:: = (lumi,jesUp_unc,pdf_unc,xs_Bkg,jerUp_unc)
Global Observables:      RooArgSet:: = (lumi_In,jesUp_unc_In,pdf_unc_In,xs_Bkg_In,jerUp_unc_In)
PDF:                     RooProdPdf::model_s[ modelObs_s * nuisancePdf ] = 3.15334e-07

[#1] INFO:ObjectHandling -- RooWorkspace::import(w) importing RooUniform::prior
Computing limit starting from observation
  1) RooRealVar:: n_obs_binbin1 = 431
Set default minimizer to Minuit2
Search for upper limit using pre-computed grid of p-values
  Do HypoTestResult_mh120_r130_4048674335 -> 130 --> 130
  Do HypoTestResult_mh120_r120_2739396917 -> 120 --> 120
  Do HypoTestResult_mh120_r360_3321570395 -> 360 --> 360
  Do HypoTestResult_mh120_r100_2689103525 -> 100 --> 100
  Do HypoTestResult_mh120_r210_3759186683 -> 210 --> 210
  Do HypoTestResult_mh120_r150_4052009607 -> 150 --> 150
  Do HypoTestResult_mh120_r240_3482661015 -> 240 --> 240
  Do HypoTestResult_mh120_r180_1554170687 -> 180 --> 180
  Do HypoTestResult_mh120_r320_3607491088 -> 320 --> 320
  Do HypoTestResult_mh120_r110_1557596020 -> 110 --> 110
  Do HypoTestResult_mh120_r280_3808264374 -> 280 --> 280
GRID, as is.
  - 100  (CLs = 0.331794 +/- 0.0172086)
  - 110  (CLs = 0.276935 +/- 0.0154152)
  - 120  (CLs = 0.230483 +/- 0.0137699)
  - 130  (CLs = 0.182576 +/- 0.012257)
  - 150  (CLs = 0.125889 +/- 0.00971954)
  - 180  (CLs = 0.0583573 +/- 0.00656777)
  - 210  (CLs = 0.0243056 +/- 0.0041295)
  - 240  (CLs = 0.00499287 +/- 0.00188919)
  - 280  (CLs = 0.00140845 +/- 0.000996228)
  - 320  (CLs = 0 +/- 0)
  - 360  (CLs = 0 +/- 0)
Bisecting range [0, 10]
At r = 180:
	CLs      = 0.0443864 +/- 0.0077285
	CLb      = 0.1532 +/- 0.00509372
	CLsplusb = 0.0068 +/- 0.00116222

    Midpoint 5 value 0.0443864 +/- 0.0077285
    Tightening Range
At r = 120:
	CLs      = 0.160757 +/- 0.0144993
	CLb      = 0.1692 +/- 0.00530229
	CLsplusb = 0.0272 +/- 0.00230044

        Lowpoint 2 value 0.160757 +/- 0.0144993
At r = 130:
	CLs      = 0.129071 +/- 0.0130049
	CLb      = 0.1658 +/- 0.00525947
	CLsplusb = 0.0214 +/- 0.00204656

        Lowpoint 3 value 0.129071 +/- 0.0130049
At r = 150:
	CLs      = 0.0911361 +/- 0.010992
	CLb      = 0.1602 +/- 0.00518721
	CLsplusb = 0.0146 +/- 0.00169628

        Lowpoint 4 value 0.0911361 +/- 0.010992
At r = 240:
	CLs      = 0.00227273 +/- 0.00160824
	CLb      = 0.176 +/- 0.00538561
	CLsplusb = 0.0004 +/- 0.000282786

        Highpoint 7 value 0.00227273 +/- 0.00160824
At r = 210:
	CLs      = 0.0192539 +/- 0.00484431
	CLb      = 0.1662 +/- 0.00526455
	CLsplusb = 0.0032 +/- 0.000798719

        Highpoint 6 value 0.0192539 +/- 0.00484431
Final range [4, 6]
  Will not use point 0 (r 100)
  Will not use point 1 (r 110)
  Will not use point 2 (r 120)
  Will not use point 3 (r 130)
   Point 4 (r 150) was already updated during search.
   Point 5 (r 180) was already updated during search.
   Point 6 (r 210) was already updated during search.
  Will not use point 7 (r 240)
  Will not use point 8 (r 280)
  Will not use point 9 (r 320)
  Will not use point 10 (r 360)
  r 150.00: CLs = 0.0911 +/- 0.0110
  r 180.00: CLs = 0.0444 +/- 0.0077
  r 210.00: CLs = 0.0193 +/- 0.0048
 after scan x ~ 180, bounds [ 150, 210]

 -- HybridNew, before fit -- 
Limit: r < 180 +/- 30 [150, 210]

****************************************
Minimizer is Minuit2 / Migrad
Chi2                      =    0.0666107
NDf                       =            1
Edm                       =  1.90806e-10
NCalls                    =           46
p0                        =         0.05                      	 (fixed)
p1                        =   -0.0254748   +/-   0.00416454  
p2                        =      173.888   +/-   3.81946     
Fit to 3 points: 173.888 +/- 3.81946

 -- Hybrid New -- 
Limit: r < 173.888 +/- 3.81946 @ 95% CL
Total toys: 0
Done in 0.00 min (cpu), 0.00 min (real)
