>>> including systematics
>>> using the Profile Likelihood test statistics modified for upper limits (Q_LHC)
>>> method used to compute upper limit is HybridNew
>>> random number generator seed is 123456
Adding /uscms_data/d2/lpcljm/sapta/SUSYSearch/LimitSetting/CMSSW_7_1_5/src to include path
Adding /cvmfs/cms.cern.ch/slc6_amd64_gcc481/lcg/roofit/5.34.18-cms3//include to include path
Input workspace 'w': 

RooWorkspace(w) w contents

variables
---------
(jerUp_unc,jerUp_unc_In,jesUp_unc,jesUp_unc_In,lumi,lumi_In,n_obs_binbin1,pdf_unc,pdf_unc_In,r,xs_Bkg,xs_Bkg_In)

p.d.f.s
-------
SimpleGaussianConstraint::jerUp_unc_Pdf[ x=jerUp_unc mean=jerUp_unc_In sigma=1 ] = 1
SimpleGaussianConstraint::jesUp_unc_Pdf[ x=jesUp_unc mean=jesUp_unc_In sigma=1 ] = 1
SimpleGaussianConstraint::lumi_Pdf[ x=lumi mean=lumi_In sigma=1 ] = 1
RooProdPdf::modelObs_b[ pdf_binbin1_bonly ] = 0.0050779
RooProdPdf::modelObs_s[ pdf_binbin1 ] = 0.00316911
RooProdPdf::model_b[ modelObs_b * nuisancePdf ] = 0.0050779
RooProdPdf::model_s[ modelObs_s * nuisancePdf ] = 0.00316911
RooProdPdf::nuisancePdf[ lumi_Pdf * jesUp_unc_Pdf * pdf_unc_Pdf * xs_Bkg_Pdf * jerUp_unc_Pdf ] = 1
RooPoisson::pdf_binbin1[ x=n_obs_binbin1 mean=n_exp_binbin1 ] = 0.00316911
RooPoisson::pdf_binbin1_bonly[ x=n_obs_binbin1 mean=n_exp_binbin1_bonly ] = 0.0050779
SimpleGaussianConstraint::pdf_unc_Pdf[ x=pdf_unc mean=pdf_unc_In sigma=1 ] = 1
SimpleGaussianConstraint::xs_Bkg_Pdf[ x=xs_Bkg mean=xs_Bkg_In sigma=1 ] = 1

functions
--------
RooAddition::n_exp_binbin1[ n_exp_binbin1_proc_BH + n_exp_binbin1_proc_Background ] = 25.0988
RooAddition::n_exp_binbin1_bonly[ n_exp_binbin1_proc_Background ] = 24.0988
ProcessNormalization::n_exp_binbin1_proc_BH[ thetaList=(lumi,jesUp_unc,pdf_unc,jerUp_unc) asymmThetaList=() otherFactorList=(r) ] = 1
ProcessNormalization::n_exp_binbin1_proc_Background[ thetaList=(xs_Bkg) asymmThetaList=() otherFactorList=() ] = 24.0988

datasets
--------
RooDataSet::data_obs(n_obs_binbin1)

named sets
----------
ModelConfig_GlobalObservables:(lumi_In,jesUp_unc_In,pdf_unc_In,xs_Bkg_In,jerUp_unc_In)
ModelConfig_NuisParams:(lumi,jesUp_unc,pdf_unc,xs_Bkg,jerUp_unc)
ModelConfig_Observables:(n_obs_binbin1)
ModelConfig_POI:(r)
ModelConfig_bonly_GlobalObservables:(lumi_In,jesUp_unc_In,pdf_unc_In,xs_Bkg_In,jerUp_unc_In)
ModelConfig_bonly_NuisParams:(lumi,jesUp_unc,pdf_unc,xs_Bkg,jerUp_unc)
ModelConfig_bonly_Observables:(n_obs_binbin1)
ModelConfig_bonly_POI:(r)
POI:(r)
globalObservables:(lumi_In,jesUp_unc_In,pdf_unc_In,xs_Bkg_In,jerUp_unc_In)
nuisances:(lumi,jesUp_unc,pdf_unc,xs_Bkg,jerUp_unc)
observables:(n_obs_binbin1)

generic objects
---------------
RooStats::ModelConfig::ModelConfig
RooStats::ModelConfig::ModelConfig_bonly
RooArgSet::discreteParams

Workspace has a ModelConfig for signal called 'ModelConfig', with contents:

=== Using the following for ModelConfig ===
Observables:             RooArgSet:: = (n_obs_binbin1)
Parameters of Interest:  RooArgSet:: = (r)
Nuisance Parameters:     RooArgSet:: = (lumi,jesUp_unc,pdf_unc,xs_Bkg,jerUp_unc)
Global Observables:      RooArgSet:: = (lumi_In,jesUp_unc_In,pdf_unc_In,xs_Bkg_In,jerUp_unc_In)
PDF:                     RooProdPdf::model_s[ modelObs_s * nuisancePdf ] = 0.00316911

Input ModelConfig 'ModelConfig': 

=== Using the following for ModelConfig ===
Observables:             RooArgSet:: = (n_obs_binbin1)
Parameters of Interest:  RooArgSet:: = (r)
Nuisance Parameters:     RooArgSet:: = (lumi,jesUp_unc,pdf_unc,xs_Bkg,jerUp_unc)
Global Observables:      RooArgSet:: = (lumi_In,jesUp_unc_In,pdf_unc_In,xs_Bkg_In,jerUp_unc_In)
PDF:                     RooProdPdf::model_s[ modelObs_s * nuisancePdf ] = 0.00316911

[#1] INFO:ObjectHandling -- RooWorkspace::import(w) importing RooUniform::prior
Computing limit starting from observation
  1) RooRealVar:: n_obs_binbin1 = 13
Set default minimizer to Minuit2
Search for upper limit using pre-computed grid of p-values
  Do HypoTestResult_mh120_r17_2812700168 -> 17 --> 17
  Do HypoTestResult_mh120_r13_509225023 -> 13 --> 13
  Do HypoTestResult_mh120_r29_191966991 -> 29 --> 29
  Do HypoTestResult_mh120_r9_3169064263 -> 9 --> 9
  Do HypoTestResult_mh120_r21_3813931091 -> 21 --> 21
  Do HypoTestResult_mh120_r11_4217818406 -> 11 --> 11
  Do HypoTestResult_mh120_r15_783421814 -> 15 --> 15
  Do HypoTestResult_mh120_r27_2817231972 -> 27 --> 27
  Do HypoTestResult_mh120_r25_2628012885 -> 25 --> 25
  Do HypoTestResult_mh120_r23_3739899736 -> 23 --> 23
  Do HypoTestResult_mh120_r8_4170573998 -> 8 --> 8
  Do HypoTestResult_mh120_r7_2818669580 -> 7 --> 7
  Do HypoTestResult_mh120_r19_3606258168 -> 19 --> 19
GRID, as is.
  - 7  (CLs = 0.258649 +/- 0.0155371)
  - 8  (CLs = 0.212898 +/- 0.0135096)
  - 9  (CLs = 0.143969 +/- 0.0109488)
  - 11  (CLs = 0.0746269 +/- 0.00779551)
  - 13  (CLs = 0.0469897 +/- 0.0059362)
  - 15  (CLs = 0.0154639 +/- 0.0033864)
  - 17  (CLs = 0.008 +/- 0.00241643)
  - 19  (CLs = 0.00500357 +/- 0.00189326)
  - 21  (CLs = 0 +/- 0)
  - 23  (CLs = 0 +/- 0)
  - 25  (CLs = 0 +/- 0)
  - 27  (CLs = 0 +/- 0)
  - 29  (CLs = 0 +/- 0)
Bisecting range [0, 12]
At r = 17:
	CLs      = 0.00408163 +/- 0.00289088
	CLb      = 0.098 +/- 0.00420466
	CLsplusb = 0.0004 +/- 0.000282786

    Midpoint 6 value 0.00408163 +/- 0.00289088
    Replacing Max
Bisecting range [0, 6]
At r = 11:
	CLs      = 0.0538991 +/- 0.00799877
	CLb      = 0.1744 +/- 0.00536628
	CLsplusb = 0.0094 +/- 0.00136467

    Midpoint 3 value 0.0538991 +/- 0.00799877
    Tightening Range
At r = 8:
	CLs      = 0.148699 +/- 0.0142414
	CLb      = 0.1614 +/- 0.00520288
	CLsplusb = 0.024 +/- 0.00216444

        Lowpoint 1 value 0.148699 +/- 0.0142414
At r = 9:
	CLs      = 0.106587 +/- 0.0116923
	CLb      = 0.167 +/- 0.00527468
	CLsplusb = 0.0178 +/- 0.00186993

        Lowpoint 2 value 0.106587 +/- 0.0116923
At r = 13:
	CLs      = 0.0409134 +/- 0.00631278
	CLb      = 0.2102 +/- 0.00576222
	CLsplusb = 0.0086 +/- 0.00130584

        Highpoint 4 value 0.0409134 +/- 0.00631278
Final range [2, 6]
  Will not use point 0 (r 7)
  Will not use point 1 (r 8)
   Point 2 (r 9) was already updated during search.
   Point 3 (r 11) was already updated during search.
   Point 4 (r 13) was already updated during search.
   Updaing point 5 (r 15)
At r = 15:
	CLs      = 0.0126874 +/- 0.00384122
	CLb      = 0.1734 +/- 0.00535411
	CLsplusb = 0.0022 +/- 0.000662595

   Point 6 (r 17) was already updated during search.
  Will not use point 7 (r 19)
  Will not use point 8 (r 21)
  Will not use point 9 (r 23)
  Will not use point 10 (r 25)
  Will not use point 11 (r 27)
  Will not use point 12 (r 29)
  r 9.00: CLs = 0.1066 +/- 0.0117
  r 11.00: CLs = 0.0539 +/- 0.0080
  r 13.00: CLs = 0.0409 +/- 0.0063
  r 15.00: CLs = 0.0127 +/- 0.0038
 after scan x ~ 11, bounds [ 9, 15]

 -- HybridNew, before fit -- 
Limit: r < 11 +/- 4 [9, 15]

****************************************
Minimizer is Minuit2 / Migrad
Chi2                      =      3.75706
NDf                       =            2
Edm                       =  2.19921e-07
NCalls                    =           40
p0                        =         0.05                      	 (fixed)
p1                        =    -0.312541   +/-   0.0365285   
p2                        =      11.4419   +/-   0.253982    
Fit to 4 points: 11.4419 +/- 0.253982

 -- Hybrid New -- 
Limit: r < 11.4419 +/- 0.253982 @ 95% CL
Total toys: 0
Done in 0.00 min (cpu), 0.01 min (real)
