>>> including systematics
>>> using the Profile Likelihood test statistics modified for upper limits (Q_LHC)
>>> method used to compute upper limit is HybridNew
>>> random number generator seed is 123456
Adding /uscms_data/d2/lpcljm/sapta/SUSYSearch/LimitSetting/CMSSW_7_1_5/src to include path
Adding /cvmfs/cms.cern.ch/slc6_amd64_gcc481/lcg/roofit/5.34.18-cms3//include to include path
Input workspace 'w': 

RooWorkspace(w) w contents

variables
---------
(jerUp_unc,jerUp_unc_In,jesUp_unc,jesUp_unc_In,lumi,lumi_In,n_obs_binbin1,pdf_unc,pdf_unc_In,r,xs_Bkg,xs_Bkg_In)

p.d.f.s
-------
SimpleGaussianConstraint::jerUp_unc_Pdf[ x=jerUp_unc mean=jerUp_unc_In sigma=1 ] = 1
SimpleGaussianConstraint::jesUp_unc_Pdf[ x=jesUp_unc mean=jesUp_unc_In sigma=1 ] = 1
SimpleGaussianConstraint::lumi_Pdf[ x=lumi mean=lumi_In sigma=1 ] = 1
RooProdPdf::modelObs_b[ pdf_binbin1_bonly ] = 0.630117
RooProdPdf::modelObs_s[ pdf_binbin1 ] = 0.231807
RooProdPdf::model_b[ modelObs_b * nuisancePdf ] = 0.630117
RooProdPdf::model_s[ modelObs_s * nuisancePdf ] = 0.231807
RooProdPdf::nuisancePdf[ lumi_Pdf * jesUp_unc_Pdf * pdf_unc_Pdf * xs_Bkg_Pdf * jerUp_unc_Pdf ] = 1
RooPoisson::pdf_binbin1[ x=n_obs_binbin1 mean=n_exp_binbin1 ] = 0.231807
RooPoisson::pdf_binbin1_bonly[ x=n_obs_binbin1 mean=n_exp_binbin1_bonly ] = 0.630117
SimpleGaussianConstraint::pdf_unc_Pdf[ x=pdf_unc mean=pdf_unc_In sigma=1 ] = 1
SimpleGaussianConstraint::xs_Bkg_Pdf[ x=xs_Bkg mean=xs_Bkg_In sigma=1 ] = 1

functions
--------
RooAddition::n_exp_binbin1[ n_exp_binbin1_proc_BH + n_exp_binbin1_proc_Background ] = 1.46185
RooAddition::n_exp_binbin1_bonly[ n_exp_binbin1_proc_Background ] = 0.461849
ProcessNormalization::n_exp_binbin1_proc_BH[ thetaList=(lumi,jesUp_unc,pdf_unc,jerUp_unc) asymmThetaList=() otherFactorList=(r) ] = 1
ProcessNormalization::n_exp_binbin1_proc_Background[ thetaList=(xs_Bkg) asymmThetaList=() otherFactorList=() ] = 0.461849

datasets
--------
RooDataSet::data_obs(n_obs_binbin1)

named sets
----------
ModelConfig_GlobalObservables:(lumi_In,jesUp_unc_In,pdf_unc_In,xs_Bkg_In,jerUp_unc_In)
ModelConfig_NuisParams:(lumi,jesUp_unc,pdf_unc,xs_Bkg,jerUp_unc)
ModelConfig_Observables:(n_obs_binbin1)
ModelConfig_POI:(r)
ModelConfig_bonly_GlobalObservables:(lumi_In,jesUp_unc_In,pdf_unc_In,xs_Bkg_In,jerUp_unc_In)
ModelConfig_bonly_NuisParams:(lumi,jesUp_unc,pdf_unc,xs_Bkg,jerUp_unc)
ModelConfig_bonly_Observables:(n_obs_binbin1)
ModelConfig_bonly_POI:(r)
POI:(r)
globalObservables:(lumi_In,jesUp_unc_In,pdf_unc_In,xs_Bkg_In,jerUp_unc_In)
nuisances:(lumi,jesUp_unc,pdf_unc,xs_Bkg,jerUp_unc)
observables:(n_obs_binbin1)

generic objects
---------------
RooStats::ModelConfig::ModelConfig
RooStats::ModelConfig::ModelConfig_bonly
RooArgSet::discreteParams

Workspace has a ModelConfig for signal called 'ModelConfig', with contents:

=== Using the following for ModelConfig ===
Observables:             RooArgSet:: = (n_obs_binbin1)
Parameters of Interest:  RooArgSet:: = (r)
Nuisance Parameters:     RooArgSet:: = (lumi,jesUp_unc,pdf_unc,xs_Bkg,jerUp_unc)
Global Observables:      RooArgSet:: = (lumi_In,jesUp_unc_In,pdf_unc_In,xs_Bkg_In,jerUp_unc_In)
PDF:                     RooProdPdf::model_s[ modelObs_s * nuisancePdf ] = 0.231807

Input ModelConfig 'ModelConfig': 

=== Using the following for ModelConfig ===
Observables:             RooArgSet:: = (n_obs_binbin1)
Parameters of Interest:  RooArgSet:: = (r)
Nuisance Parameters:     RooArgSet:: = (lumi,jesUp_unc,pdf_unc,xs_Bkg,jerUp_unc)
Global Observables:      RooArgSet:: = (lumi_In,jesUp_unc_In,pdf_unc_In,xs_Bkg_In,jerUp_unc_In)
PDF:                     RooProdPdf::model_s[ modelObs_s * nuisancePdf ] = 0.231807

[#1] INFO:ObjectHandling -- RooWorkspace::import(w) importing RooUniform::prior
Computing limit starting from observation
  1) RooRealVar:: n_obs_binbin1 = 0
Set default minimizer to Minuit2
Search for upper limit using pre-computed grid of p-values
  Do HypoTestResult_mh120_r2_2633525611 -> 2 --> 2
  Do HypoTestResult_mh120_r9_172054251 -> 9 --> 9
  Do HypoTestResult_mh120_r10_3560189732 -> 10 --> 10
  Do HypoTestResult_mh120_r4.5_501163139 -> 4.5 --> 4.5
  Do HypoTestResult_mh120_r3_2920832611 -> 3 --> 3
  Do HypoTestResult_mh120_r4_2281371370 -> 4 --> 4
  Do HypoTestResult_mh120_r5.5_1244644155 -> 5.5 --> 5.5
  Do HypoTestResult_mh120_r8_2703812960 -> 8 --> 8
  Do HypoTestResult_mh120_r1.5_2137789966 -> 1.5 --> 1.5
  Do HypoTestResult_mh120_r7_631096462 -> 7 --> 7
  Do HypoTestResult_mh120_r1_1749385474 -> 1 --> 1
  Do HypoTestResult_mh120_r0.75_1719066569 -> 0.75 --> 0.75
  Do HypoTestResult_mh120_r2.5_3487482984 -> 2.5 --> 2.5
  Do HypoTestResult_mh120_r3.5_1989484493 -> 3.5 --> 3.5
  Do HypoTestResult_mh120_r6_4291530810 -> 6 --> 6
  Do HypoTestResult_mh120_r5_2408389925 -> 5 --> 5
GRID, as is.
  - 0.75  (CLs = 0.454595 +/- 0.0167709)
  - 1  (CLs = 0.338284 +/- 0.0142565)
  - 1.5  (CLs = 0.197283 +/- 0.0106209)
  - 2  (CLs = 0.113685 +/- 0.00794019)
  - 2.5  (CLs = 0.0772999 +/- 0.00655302)
  - 3  (CLs = 0.0418211 +/- 0.00472922)
  - 3.5  (CLs = 0.0257235 +/- 0.00372495)
  - 4  (CLs = 0.0166309 +/- 0.00299331)
  - 4.5  (CLs = 0.0111857 +/- 0.00250518)
  - 5  (CLs = 0.00531632 +/- 0.00168227)
  - 5.5  (CLs = 0.00271297 +/- 0.00121371)
  - 6  (CLs = 0.00226372 +/- 0.00113224)
  - 7  (CLs = 0.00109649 +/- 0.000775451)
  - 8  (CLs = 0.000529101 +/- 0.000529135)
  - 9  (CLs = 0 +/- 0)
  - 10  (CLs = 0 +/- 0)
Bisecting range [0, 15]
At r = 4:
	CLs      = 0.00537634 +/- 0.0053897
	CLb      = 0.0372 +/- 0.00267642
	CLsplusb = 0.0002 +/- 0.00019998

    Midpoint 7 value 0.00537634 +/- 0.0053897
    Replacing Max
Bisecting range [0, 7]
At r = 2:
	CLs      = 0.0683761 +/- 0.02495
	CLb      = 0.0234 +/- 0.00213787
	CLsplusb = 0.0016 +/- 0.000565233

    Midpoint 3 value 0.0683761 +/- 0.02495
    Tightening Range
At r = 1:
	CLs      = 0.268657 +/- 0.0501464
	CLb      = 0.0268 +/- 0.00228393
	CLsplusb = 0.0072 +/- 0.00119567

        Lowpoint 1 value 0.268657 +/- 0.0501464
At r = 1.5:
	CLs      = 0.15493 +/- 0.0288177
	CLb      = 0.0426 +/- 0.00285605
	CLsplusb = 0.0066 +/- 0.00114511

        Lowpoint 2 value 0.15493 +/- 0.0288177
At r = 3:
	CLs      = 0.0125786 +/- 0.00632374
	CLb      = 0.0636 +/- 0.00345123
	CLsplusb = 0.0008 +/- 0.00039984

        Highpoint 5 value 0.0125786 +/- 0.00632374
At r = 2.5:
	CLs      = 0.0623557 +/- 0.0123058
	CLb      = 0.0866 +/- 0.00397745
	CLsplusb = 0.0054 +/- 0.00103642

        Highpoint 4 value 0.0623557 +/- 0.0123058
Final range [2, 5]
  Will not use point 0 (r 0.75)
  Will not use point 1 (r 1)
   Point 2 (r 1.5) was already updated during search.
   Point 3 (r 2) was already updated during search.
   Point 4 (r 2.5) was already updated during search.
   Point 5 (r 3) was already updated during search.
  Will not use point 6 (r 3.5)
  Will not use point 7 (r 4)
  Will not use point 8 (r 4.5)
  Will not use point 9 (r 5)
  Will not use point 10 (r 5.5)
  Will not use point 11 (r 6)
  Will not use point 12 (r 7)
  Will not use point 13 (r 8)
  Will not use point 14 (r 9)
  Will not use point 15 (r 10)
  r 1.50: CLs = 0.1549 +/- 0.0288
  r 2.00: CLs = 0.0684 +/- 0.0249
  r 2.50: CLs = 0.0624 +/- 0.0123
  r 3.00: CLs = 0.0126 +/- 0.0063
 after scan x ~ 2.5, bounds [ 1.5, 3]

 -- HybridNew, before fit -- 
Limit: r < 2.5 +/- 1 [1.5, 3]

****************************************
Minimizer is Minuit2 / Migrad
Chi2                      =      4.92111
NDf                       =            2
Edm                       =  4.91992e-08
NCalls                    =           46
p0                        =         0.05                      	 (fixed)
p1                        =     -1.39834   +/-   0.212031    
p2                        =      2.33288   +/-   0.105208    
Fit to 4 points: 2.33288 +/- 0.105208

 -- Hybrid New -- 
Limit: r < 2.33288 +/- 0.105208 @ 95% CL
Total toys: 0
Done in 0.00 min (cpu), 0.01 min (real)
