>>> including systematics
>>> using the Profile Likelihood test statistics modified for upper limits (Q_LHC)
>>> method used to compute upper limit is HybridNew
>>> random number generator seed is 123456
Adding /uscms_data/d2/lpcljm/sapta/SUSYSearch/LimitSetting/CMSSW_7_1_5/src to include path
Adding /cvmfs/cms.cern.ch/slc6_amd64_gcc481/lcg/roofit/5.34.18-cms3//include to include path
Input workspace 'w': 

RooWorkspace(w) w contents

variables
---------
(jerUp_unc,jerUp_unc_In,jesUp_unc,jesUp_unc_In,lumi,lumi_In,n_obs_binbin1,pdf_unc,pdf_unc_In,r,xs_Bkg,xs_Bkg_In)

p.d.f.s
-------
SimpleGaussianConstraint::jerUp_unc_Pdf[ x=jerUp_unc mean=jerUp_unc_In sigma=1 ] = 1
SimpleGaussianConstraint::jesUp_unc_Pdf[ x=jesUp_unc mean=jesUp_unc_In sigma=1 ] = 1
SimpleGaussianConstraint::lumi_Pdf[ x=lumi mean=lumi_In sigma=1 ] = 1
RooProdPdf::modelObs_b[ pdf_binbin1_bonly ] = 0.0818161
RooProdPdf::modelObs_s[ pdf_binbin1 ] = 0.0379125
RooProdPdf::model_b[ modelObs_b * nuisancePdf ] = 0.0818161
RooProdPdf::model_s[ modelObs_s * nuisancePdf ] = 0.0379125
RooProdPdf::nuisancePdf[ lumi_Pdf * jesUp_unc_Pdf * pdf_unc_Pdf * xs_Bkg_Pdf * jerUp_unc_Pdf ] = 1
RooPoisson::pdf_binbin1[ x=n_obs_binbin1 mean=n_exp_binbin1 ] = 0.0379125
RooPoisson::pdf_binbin1_bonly[ x=n_obs_binbin1 mean=n_exp_binbin1_bonly ] = 0.0818161
SimpleGaussianConstraint::pdf_unc_Pdf[ x=pdf_unc mean=pdf_unc_In sigma=1 ] = 1
SimpleGaussianConstraint::xs_Bkg_Pdf[ x=xs_Bkg mean=xs_Bkg_In sigma=1 ] = 1

functions
--------
RooAddition::n_exp_binbin1[ n_exp_binbin1_proc_BH + n_exp_binbin1_proc_Background ] = 4.85183
RooAddition::n_exp_binbin1_bonly[ n_exp_binbin1_proc_Background ] = 3.85183
ProcessNormalization::n_exp_binbin1_proc_BH[ thetaList=(lumi,jesUp_unc,pdf_unc,jerUp_unc) asymmThetaList=() otherFactorList=(r) ] = 1
ProcessNormalization::n_exp_binbin1_proc_Background[ thetaList=(xs_Bkg) asymmThetaList=() otherFactorList=() ] = 3.85183

datasets
--------
RooDataSet::data_obs(n_obs_binbin1)

named sets
----------
ModelConfig_GlobalObservables:(lumi_In,jesUp_unc_In,pdf_unc_In,xs_Bkg_In,jerUp_unc_In)
ModelConfig_NuisParams:(lumi,jesUp_unc,pdf_unc,xs_Bkg,jerUp_unc)
ModelConfig_Observables:(n_obs_binbin1)
ModelConfig_POI:(r)
ModelConfig_bonly_GlobalObservables:(lumi_In,jesUp_unc_In,pdf_unc_In,xs_Bkg_In,jerUp_unc_In)
ModelConfig_bonly_NuisParams:(lumi,jesUp_unc,pdf_unc,xs_Bkg,jerUp_unc)
ModelConfig_bonly_Observables:(n_obs_binbin1)
ModelConfig_bonly_POI:(r)
POI:(r)
globalObservables:(lumi_In,jesUp_unc_In,pdf_unc_In,xs_Bkg_In,jerUp_unc_In)
nuisances:(lumi,jesUp_unc,pdf_unc,xs_Bkg,jerUp_unc)
observables:(n_obs_binbin1)

generic objects
---------------
RooStats::ModelConfig::ModelConfig
RooStats::ModelConfig::ModelConfig_bonly
RooArgSet::discreteParams

Workspace has a ModelConfig for signal called 'ModelConfig', with contents:

=== Using the following for ModelConfig ===
Observables:             RooArgSet:: = (n_obs_binbin1)
Parameters of Interest:  RooArgSet:: = (r)
Nuisance Parameters:     RooArgSet:: = (lumi,jesUp_unc,pdf_unc,xs_Bkg,jerUp_unc)
Global Observables:      RooArgSet:: = (lumi_In,jesUp_unc_In,pdf_unc_In,xs_Bkg_In,jerUp_unc_In)
PDF:                     RooProdPdf::model_s[ modelObs_s * nuisancePdf ] = 0.0379125

Input ModelConfig 'ModelConfig': 

=== Using the following for ModelConfig ===
Observables:             RooArgSet:: = (n_obs_binbin1)
Parameters of Interest:  RooArgSet:: = (r)
Nuisance Parameters:     RooArgSet:: = (lumi,jesUp_unc,pdf_unc,xs_Bkg,jerUp_unc)
Global Observables:      RooArgSet:: = (lumi_In,jesUp_unc_In,pdf_unc_In,xs_Bkg_In,jerUp_unc_In)
PDF:                     RooProdPdf::model_s[ modelObs_s * nuisancePdf ] = 0.0379125

[#1] INFO:ObjectHandling -- RooWorkspace::import(w) importing RooUniform::prior
Computing limit starting from observation
  1) RooRealVar:: n_obs_binbin1 = 1
Set default minimizer to Minuit2
Search for upper limit using pre-computed grid of p-values
  Do HypoTestResult_mh120_r10_1659081633 -> 10 --> 10
  Do HypoTestResult_mh120_r5.5_791222718 -> 5.5 --> 5.5
  Do HypoTestResult_mh120_r3.5_3893091259 -> 3.5 --> 3.5
  Do HypoTestResult_mh120_r12_74141472 -> 12 --> 12
  Do HypoTestResult_mh120_r4_2193258492 -> 4 --> 4
  Do HypoTestResult_mh120_r3_3945835374 -> 3 --> 3
  Do HypoTestResult_mh120_r6_3711056127 -> 6 --> 6
  Do HypoTestResult_mh120_r1.5_1400559152 -> 1.5 --> 1.5
  Do HypoTestResult_mh120_r5_356784067 -> 5 --> 5
  Do HypoTestResult_mh120_r2.5_1590805875 -> 2.5 --> 2.5
  Do HypoTestResult_mh120_r8_3266084716 -> 8 --> 8
  Do HypoTestResult_mh120_r4.5_424531236 -> 4.5 --> 4.5
  Do HypoTestResult_mh120_r2_999010393 -> 2 --> 2
  Do HypoTestResult_mh120_r7_3615885683 -> 7 --> 7
  Do HypoTestResult_mh120_r9_485869359 -> 9 --> 9
  Do HypoTestResult_mh120_r11_2216211722 -> 11 --> 11
GRID, as is.
  - 1.5  (CLs = 0.335734 +/- 0.0189357)
  - 2  (CLs = 0.16898 +/- 0.0122405)
  - 2.5  (CLs = 0.139051 +/- 0.011142)
  - 3  (CLs = 0.0880134 +/- 0.00878462)
  - 3.5  (CLs = 0.0759607 +/- 0.00841018)
  - 4  (CLs = 0.0460905 +/- 0.00623164)
  - 4.5  (CLs = 0.0267335 +/- 0.00475867)
  - 5  (CLs = 0.0142744 +/- 0.00337638)
  - 5.5  (CLs = 0.00475436 +/- 0.00194324)
  - 6  (CLs = 0.00492207 +/- 0.00201196)
  - 7  (CLs = 0.000795545 +/- 0.000795702)
  - 8  (CLs = 0.000778816 +/- 0.000778964)
  - 9  (CLs = 0 +/- 0)
  - 10  (CLs = 0 +/- 0)
  - 11  (CLs = 0 +/- 0)
  - 12  (CLs = 0 +/- 0)
Bisecting range [0, 15]
At r = 5:
	CLs      = 0.0102171 +/- 0.00362495
	CLb      = 0.1566 +/- 0.00513958
	CLsplusb = 0.0016 +/- 0.000565233

    Midpoint 7 value 0.0102171 +/- 0.00362495
    Replacing Max
Bisecting range [0, 7]
At r = 3:
	CLs      = 0.0639386 +/- 0.0131281
	CLb      = 0.0782 +/- 0.00379697
	CLsplusb = 0.005 +/- 0.000997497

    Midpoint 3 value 0.0639386 +/- 0.0131281
    Tightening Range
At r = 2:
	CLs      = 0.129808 +/- 0.0264262
	CLb      = 0.0416 +/- 0.00282381
	CLsplusb = 0.0054 +/- 0.00103642

        Lowpoint 1 value 0.129808 +/- 0.0264262
At r = 2.5:
	CLs      = 0.111913 +/- 0.0210766
	CLb      = 0.0554 +/- 0.00323515
	CLsplusb = 0.0062 +/- 0.0011101

        Lowpoint 2 value 0.111913 +/- 0.0210766
At r = 4:
	CLs      = 0.0283401 +/- 0.0108475
	CLb      = 0.0494 +/- 0.00306463
	CLsplusb = 0.0014 +/- 0.00052878

        Highpoint 5 value 0.0283401 +/- 0.0108475
Final range [1, 7]
  Will not use point 0 (r 1.5)
   Point 1 (r 2) was already updated during search.
   Point 2 (r 2.5) was already updated during search.
   Point 3 (r 3) was already updated during search.
   Updaing point 4 (r 3.5)
At r = 3.5:
	CLs      = 0.0490566 +/- 0.00980498
	CLb      = 0.106 +/- 0.00435348
	CLsplusb = 0.0052 +/- 0.00101715

   Point 5 (r 4) was already updated during search.
   Updaing point 6 (r 4.5)
At r = 4.5:
	CLs      = 0.00533333 +/- 0.00377977
	CLb      = 0.075 +/- 0.00372492
	CLsplusb = 0.0004 +/- 0.000282786

   Point 7 (r 5) was already updated during search.
  Will not use point 8 (r 5.5)
  Will not use point 9 (r 6)
  Will not use point 10 (r 7)
  Will not use point 11 (r 8)
  Will not use point 12 (r 9)
  Will not use point 13 (r 10)
  Will not use point 14 (r 11)
  Will not use point 15 (r 12)
  r 2.00: CLs = 0.1298 +/- 0.0264
  r 2.50: CLs = 0.1119 +/- 0.0211
  r 3.00: CLs = 0.0639 +/- 0.0131
  r 3.50: CLs = 0.0491 +/- 0.0098
  r 4.00: CLs = 0.0283 +/- 0.0108
  r 4.50: CLs = 0.0053 +/- 0.0038
 after scan x ~ 3.5, bounds [ 2, 4.5]

 -- HybridNew, before fit -- 
Limit: r < 3.5 +/- 1.5 [2, 4.5]

****************************************
Minimizer is Minuit2 / Migrad
Chi2                      =      8.31153
NDf                       =            4
Edm                       =  6.70805e-08
NCalls                    =           53
p0                        =         0.05                      	 (fixed)
p1                        =     -1.02569   +/-   0.109479    
p2                        =      3.12769   +/-   0.10313     
Fit to 6 points: 3.12769 +/- 0.10313

 -- Hybrid New -- 
Limit: r < 3.12769 +/- 0.10313 @ 95% CL
Total toys: 0
Done in 0.00 min (cpu), 0.01 min (real)
