>>> including systematics
>>> using the Profile Likelihood test statistics modified for upper limits (Q_LHC)
>>> method used to compute upper limit is HybridNew
>>> random number generator seed is 123456
Adding /uscms_data/d2/lpcljm/sapta/SUSYSearch/LimitSetting/CMSSW_7_1_5/src to include path
Adding /cvmfs/cms.cern.ch/slc6_amd64_gcc481/lcg/roofit/5.34.18-cms3//include to include path
Input workspace 'w': 

RooWorkspace(w) w contents

variables
---------
(jerUp_unc,jerUp_unc_In,jesUp_unc,jesUp_unc_In,lumi,lumi_In,n_obs_binbin1,pdf_unc,pdf_unc_In,r,xs_Bkg,xs_Bkg_In)

p.d.f.s
-------
SimpleGaussianConstraint::jerUp_unc_Pdf[ x=jerUp_unc mean=jerUp_unc_In sigma=1 ] = 1
SimpleGaussianConstraint::jesUp_unc_Pdf[ x=jesUp_unc mean=jesUp_unc_In sigma=1 ] = 1
SimpleGaussianConstraint::lumi_Pdf[ x=lumi mean=lumi_In sigma=1 ] = 1
RooProdPdf::modelObs_b[ pdf_binbin1_bonly ] = 0.0244536
RooProdPdf::modelObs_s[ pdf_binbin1 ] = 0.0133898
RooProdPdf::model_b[ modelObs_b * nuisancePdf ] = 0.0244536
RooProdPdf::model_s[ modelObs_s * nuisancePdf ] = 0.0133898
RooProdPdf::nuisancePdf[ lumi_Pdf * jesUp_unc_Pdf * pdf_unc_Pdf * xs_Bkg_Pdf * jerUp_unc_Pdf ] = 1
RooPoisson::pdf_binbin1[ x=n_obs_binbin1 mean=n_exp_binbin1 ] = 0.0133898
RooPoisson::pdf_binbin1_bonly[ x=n_obs_binbin1 mean=n_exp_binbin1_bonly ] = 0.0244536
SimpleGaussianConstraint::pdf_unc_Pdf[ x=pdf_unc mean=pdf_unc_In sigma=1 ] = 1
SimpleGaussianConstraint::xs_Bkg_Pdf[ x=xs_Bkg mean=xs_Bkg_In sigma=1 ] = 1

functions
--------
RooAddition::n_exp_binbin1[ n_exp_binbin1_proc_BH + n_exp_binbin1_proc_Background ] = 10.5656
RooAddition::n_exp_binbin1_bonly[ n_exp_binbin1_proc_Background ] = 9.56563
ProcessNormalization::n_exp_binbin1_proc_BH[ thetaList=(lumi,jesUp_unc,pdf_unc,jerUp_unc) asymmThetaList=() otherFactorList=(r) ] = 1
ProcessNormalization::n_exp_binbin1_proc_Background[ thetaList=(xs_Bkg) asymmThetaList=() otherFactorList=() ] = 9.56563

datasets
--------
RooDataSet::data_obs(n_obs_binbin1)

named sets
----------
ModelConfig_GlobalObservables:(lumi_In,jesUp_unc_In,pdf_unc_In,xs_Bkg_In,jerUp_unc_In)
ModelConfig_NuisParams:(lumi,jesUp_unc,pdf_unc,xs_Bkg,jerUp_unc)
ModelConfig_Observables:(n_obs_binbin1)
ModelConfig_POI:(r)
ModelConfig_bonly_GlobalObservables:(lumi_In,jesUp_unc_In,pdf_unc_In,xs_Bkg_In,jerUp_unc_In)
ModelConfig_bonly_NuisParams:(lumi,jesUp_unc,pdf_unc,xs_Bkg,jerUp_unc)
ModelConfig_bonly_Observables:(n_obs_binbin1)
ModelConfig_bonly_POI:(r)
POI:(r)
globalObservables:(lumi_In,jesUp_unc_In,pdf_unc_In,xs_Bkg_In,jerUp_unc_In)
nuisances:(lumi,jesUp_unc,pdf_unc,xs_Bkg,jerUp_unc)
observables:(n_obs_binbin1)

generic objects
---------------
RooStats::ModelConfig::ModelConfig
RooStats::ModelConfig::ModelConfig_bonly
RooArgSet::discreteParams

Workspace has a ModelConfig for signal called 'ModelConfig', with contents:

=== Using the following for ModelConfig ===
Observables:             RooArgSet:: = (n_obs_binbin1)
Parameters of Interest:  RooArgSet:: = (r)
Nuisance Parameters:     RooArgSet:: = (lumi,jesUp_unc,pdf_unc,xs_Bkg,jerUp_unc)
Global Observables:      RooArgSet:: = (lumi_In,jesUp_unc_In,pdf_unc_In,xs_Bkg_In,jerUp_unc_In)
PDF:                     RooProdPdf::model_s[ modelObs_s * nuisancePdf ] = 0.0133898

Input ModelConfig 'ModelConfig': 

=== Using the following for ModelConfig ===
Observables:             RooArgSet:: = (n_obs_binbin1)
Parameters of Interest:  RooArgSet:: = (r)
Nuisance Parameters:     RooArgSet:: = (lumi,jesUp_unc,pdf_unc,xs_Bkg,jerUp_unc)
Global Observables:      RooArgSet:: = (lumi_In,jesUp_unc_In,pdf_unc_In,xs_Bkg_In,jerUp_unc_In)
PDF:                     RooProdPdf::model_s[ modelObs_s * nuisancePdf ] = 0.0133898

[#1] INFO:ObjectHandling -- RooWorkspace::import(w) importing RooUniform::prior
Computing limit starting from observation
  1) RooRealVar:: n_obs_binbin1 = 4
Set default minimizer to Minuit2
Search for upper limit using pre-computed grid of p-values
  Do HypoTestResult_mh120_r3_2062904355 -> 3 --> 3
  Do HypoTestResult_mh120_r4.5_3543244111 -> 4.5 --> 4.5
  Do HypoTestResult_mh120_r14_2383766131 -> 14 --> 14
  Do HypoTestResult_mh120_r12_3720396210 -> 12 --> 12
  Do HypoTestResult_mh120_r5.5_1559663791 -> 5.5 --> 5.5
  Do HypoTestResult_mh120_r5_2961107701 -> 5 --> 5
  Do HypoTestResult_mh120_r4_768552187 -> 4 --> 4
  Do HypoTestResult_mh120_r9_1585560697 -> 9 --> 9
  Do HypoTestResult_mh120_r6_2039948119 -> 6 --> 6
  Do HypoTestResult_mh120_r3.5_3350478844 -> 3.5 --> 3.5
  Do HypoTestResult_mh120_r7_2667879562 -> 7 --> 7
  Do HypoTestResult_mh120_r10_2006471593 -> 10 --> 10
  Do HypoTestResult_mh120_r16_1947664264 -> 16 --> 16
  Do HypoTestResult_mh120_r8_2147643663 -> 8 --> 8
  Do HypoTestResult_mh120_r18_925799737 -> 18 --> 18
GRID, as is.
  - 3  (CLs = 0.282927 +/- 0.0162198)
  - 3.5  (CLs = 0.242251 +/- 0.0148993)
  - 4  (CLs = 0.179348 +/- 0.0123025)
  - 4.5  (CLs = 0.138365 +/- 0.0107782)
  - 5  (CLs = 0.0988235 +/- 0.00901454)
  - 5.5  (CLs = 0.0841874 +/- 0.00799901)
  - 6  (CLs = 0.0534799 +/- 0.00633488)
  - 7  (CLs = 0.0245487 +/- 0.00423306)
  - 8  (CLs = 0.0175182 +/- 0.00359003)
  - 9  (CLs = 0.00960118 +/- 0.00266874)
  - 10  (CLs = 0.0043573 +/- 0.0017806)
  - 12  (CLs = 0 +/- 0)
  - 14  (CLs = 0.000686342 +/- 0.00068644)
  - 16  (CLs = 0 +/- 0)
  - 18  (CLs = 0 +/- 0)
Bisecting range [0, 14]
At r = 7:
	CLs      = 0.00808081 +/- 0.00405348
	CLb      = 0.099 +/- 0.00422372
	CLsplusb = 0.0008 +/- 0.00039984

    Midpoint 7 value 0.00808081 +/- 0.00405348
    Replacing Max
Bisecting range [0, 7]
At r = 4.5:
	CLs      = 0.0774648 +/- 0.0241947
	CLb      = 0.0284 +/- 0.00234919
	CLsplusb = 0.0022 +/- 0.000662595

    Midpoint 3 value 0.0774648 +/- 0.0241947
    Tightening Range
At r = 3.5:
	CLs      = 0.103286 +/- 0.0230376
	CLb      = 0.0426 +/- 0.00285605
	CLsplusb = 0.0044 +/- 0.000936017

        Lowpoint 1 value 0.103286 +/- 0.0230376
At r = 5.5:
	CLs      = 0.0379009 +/- 0.0106823
	CLb      = 0.0686 +/- 0.00357475
	CLsplusb = 0.0026 +/- 0.000720172

        Highpoint 5 value 0.0379009 +/- 0.0106823
Final range [0, 7]
   Updaing point 0 (r 3)
At r = 3:
	CLs      = 0.187879 +/- 0.0365851
	CLb      = 0.033 +/- 0.0025263
	CLsplusb = 0.0062 +/- 0.0011101

   Point 1 (r 3.5) was already updated during search.
   Updaing point 2 (r 4)
At r = 4:
	CLs      = 0.0657895 +/- 0.0303458
	CLb      = 0.0152 +/- 0.00173026
	CLsplusb = 0.001 +/- 0.00044699

   Point 3 (r 4.5) was already updated during search.
   Updaing point 4 (r 5)
At r = 5:
	CLs      = 0.0377358 +/- 0.0271716
	CLb      = 0.0106 +/- 0.00144828
	CLsplusb = 0.0004 +/- 0.000282786

   Point 5 (r 5.5) was already updated during search.
   Updaing point 6 (r 6)
At r = 6:
	CLs      = 0.0151515 +/- 0.0152629
	CLb      = 0.0132 +/- 0.00161405
	CLsplusb = 0.0002 +/- 0.00019998

   Point 7 (r 7) was already updated during search.
  Will not use point 8 (r 8)
  Will not use point 9 (r 9)
  Will not use point 10 (r 10)
  Will not use point 11 (r 12)
  Will not use point 12 (r 14)
  Will not use point 13 (r 16)
  Will not use point 14 (r 18)
  r 3.00: CLs = 0.1879 +/- 0.0366
  r 3.50: CLs = 0.1033 +/- 0.0230
  r 4.00: CLs = 0.0658 +/- 0.0303
  r 4.50: CLs = 0.0775 +/- 0.0242
  r 5.00: CLs = 0.0377 +/- 0.0272
  r 5.50: CLs = 0.0379 +/- 0.0107
  r 6.00: CLs = 0.0152 +/- 0.0153
  r 7.00: CLs = 0.0081 +/- 0.0041
 after scan x ~ 5.5, bounds [ 3, 7]

 -- HybridNew, before fit -- 
Limit: r < 5.5 +/- 2.5 [3, 7]

****************************************
Minimizer is Minuit2 / Migrad
Chi2                      =      2.71951
NDf                       =            6
Edm                       =   1.0817e-05
NCalls                    =           54
p0                        =         0.05                      	 (fixed)
p1                        =    -0.714687   +/-   0.0954131   
p2                        =      4.71018   +/-   0.183106    
Fit to 8 points: 4.71018 +/- 0.183106

 -- Hybrid New -- 
Limit: r < 4.71018 +/- 0.183106 @ 95% CL
Total toys: 0
Done in 0.00 min (cpu), 0.01 min (real)
