>>> including systematics
>>> using the Profile Likelihood test statistics modified for upper limits (Q_LHC)
>>> method used to compute upper limit is HybridNew
>>> random number generator seed is 123456
Adding /uscms_data/d2/lpcljm/sapta/SUSYSearch/LimitSetting/CMSSW_7_1_5/src to include path
Adding /cvmfs/cms.cern.ch/slc6_amd64_gcc481/lcg/roofit/5.34.18-cms3//include to include path
Input workspace 'w': 

RooWorkspace(w) w contents

variables
---------
(jerUp_unc,jerUp_unc_In,jesUp_unc,jesUp_unc_In,lumi,lumi_In,n_obs_binbin1,pdf_unc,pdf_unc_In,r,xs_Bkg,xs_Bkg_In)

p.d.f.s
-------
SimpleGaussianConstraint::jerUp_unc_Pdf[ x=jerUp_unc mean=jerUp_unc_In sigma=1 ] = 1
SimpleGaussianConstraint::jesUp_unc_Pdf[ x=jesUp_unc mean=jesUp_unc_In sigma=1 ] = 1
SimpleGaussianConstraint::lumi_Pdf[ x=lumi mean=lumi_In sigma=1 ] = 1
RooProdPdf::modelObs_b[ pdf_binbin1_bonly ] = 1.39599e-05
RooProdPdf::modelObs_s[ pdf_binbin1 ] = 1.05037e-05
RooProdPdf::model_b[ modelObs_b * nuisancePdf ] = 1.39599e-05
RooProdPdf::model_s[ modelObs_s * nuisancePdf ] = 1.05037e-05
RooProdPdf::nuisancePdf[ lumi_Pdf * jesUp_unc_Pdf * pdf_unc_Pdf * xs_Bkg_Pdf * jerUp_unc_Pdf ] = 1
RooPoisson::pdf_binbin1[ x=n_obs_binbin1 mean=n_exp_binbin1 ] = 1.05037e-05
RooPoisson::pdf_binbin1_bonly[ x=n_obs_binbin1 mean=n_exp_binbin1_bonly ] = 1.39599e-05
SimpleGaussianConstraint::pdf_unc_Pdf[ x=pdf_unc mean=pdf_unc_In sigma=1 ] = 1
SimpleGaussianConstraint::xs_Bkg_Pdf[ x=xs_Bkg mean=xs_Bkg_In sigma=1 ] = 1

functions
--------
RooAddition::n_exp_binbin1[ n_exp_binbin1_proc_BH + n_exp_binbin1_proc_Background ] = 177.989
RooAddition::n_exp_binbin1_bonly[ n_exp_binbin1_proc_Background ] = 176.989
ProcessNormalization::n_exp_binbin1_proc_BH[ thetaList=(lumi,jesUp_unc,pdf_unc,jerUp_unc) asymmThetaList=() otherFactorList=(r) ] = 1
ProcessNormalization::n_exp_binbin1_proc_Background[ thetaList=(xs_Bkg) asymmThetaList=() otherFactorList=() ] = 176.989

datasets
--------
RooDataSet::data_obs(n_obs_binbin1)

named sets
----------
ModelConfig_GlobalObservables:(lumi_In,jesUp_unc_In,pdf_unc_In,xs_Bkg_In,jerUp_unc_In)
ModelConfig_NuisParams:(lumi,jesUp_unc,pdf_unc,xs_Bkg,jerUp_unc)
ModelConfig_Observables:(n_obs_binbin1)
ModelConfig_POI:(r)
ModelConfig_bonly_GlobalObservables:(lumi_In,jesUp_unc_In,pdf_unc_In,xs_Bkg_In,jerUp_unc_In)
ModelConfig_bonly_NuisParams:(lumi,jesUp_unc,pdf_unc,xs_Bkg,jerUp_unc)
ModelConfig_bonly_Observables:(n_obs_binbin1)
ModelConfig_bonly_POI:(r)
POI:(r)
globalObservables:(lumi_In,jesUp_unc_In,pdf_unc_In,xs_Bkg_In,jerUp_unc_In)
nuisances:(lumi,jesUp_unc,pdf_unc,xs_Bkg,jerUp_unc)
observables:(n_obs_binbin1)

generic objects
---------------
RooStats::ModelConfig::ModelConfig
RooStats::ModelConfig::ModelConfig_bonly
RooArgSet::discreteParams

Workspace has a ModelConfig for signal called 'ModelConfig', with contents:

=== Using the following for ModelConfig ===
Observables:             RooArgSet:: = (n_obs_binbin1)
Parameters of Interest:  RooArgSet:: = (r)
Nuisance Parameters:     RooArgSet:: = (lumi,jesUp_unc,pdf_unc,xs_Bkg,jerUp_unc)
Global Observables:      RooArgSet:: = (lumi_In,jesUp_unc_In,pdf_unc_In,xs_Bkg_In,jerUp_unc_In)
PDF:                     RooProdPdf::model_s[ modelObs_s * nuisancePdf ] = 1.05037e-05

Input ModelConfig 'ModelConfig': 

=== Using the following for ModelConfig ===
Observables:             RooArgSet:: = (n_obs_binbin1)
Parameters of Interest:  RooArgSet:: = (r)
Nuisance Parameters:     RooArgSet:: = (lumi,jesUp_unc,pdf_unc,xs_Bkg,jerUp_unc)
Global Observables:      RooArgSet:: = (lumi_In,jesUp_unc_In,pdf_unc_In,xs_Bkg_In,jerUp_unc_In)
PDF:                     RooProdPdf::model_s[ modelObs_s * nuisancePdf ] = 1.05037e-05

[#1] INFO:ObjectHandling -- RooWorkspace::import(w) importing RooUniform::prior
Computing limit starting from observation
  1) RooRealVar:: n_obs_binbin1 = 127
Set default minimizer to Minuit2
Search for upper limit using pre-computed grid of p-values
  Do HypoTestResult_mh120_r50_3816571335 -> 50 --> 50
  Do HypoTestResult_mh120_r90_174683651 -> 90 --> 90
  Do HypoTestResult_mh120_r60_2132906657 -> 60 --> 60
  Do HypoTestResult_mh120_r70_498868504 -> 70 --> 70
  Do HypoTestResult_mh120_r140_633935246 -> 140 --> 140
  Do HypoTestResult_mh120_r100_2649979253 -> 100 --> 100
  Do HypoTestResult_mh120_r80_1944772580 -> 80 --> 80
  Do HypoTestResult_mh120_r120_370756275 -> 120 --> 120
  Do HypoTestResult_mh120_r35_2416632671 -> 35 --> 35
  Do HypoTestResult_mh120_r40_3514291848 -> 40 --> 40
GRID, as is.
  - 35  (CLs = 0.36201 +/- 0.019172)
  - 40  (CLs = 0.325976 +/- 0.0180117)
  - 50  (CLs = 0.163665 +/- 0.0117654)
  - 60  (CLs = 0.10425 +/- 0.00937918)
  - 70  (CLs = 0.0591017 +/- 0.00692306)
  - 80  (CLs = 0.0234848 +/- 0.00424132)
  - 90  (CLs = 0.0113636 +/- 0.00284795)
  - 100  (CLs = 0.00508721 +/- 0.00192498)
  - 120  (CLs = 0 +/- 0)
  - 140  (CLs = 0 +/- 0)
Bisecting range [0, 9]
At r = 70:
	CLs      = 0.0052356 +/- 0.00524825
	CLb      = 0.0382 +/- 0.00271075
	CLsplusb = 0.0002 +/- 0.00019998

    Midpoint 4 value 0.0052356 +/- 0.00524825
    Replacing Max
Bisecting range [0, 4]
At r = 50:
	CLs      = 0.05 +/- 0.0193391
	CLb      = 0.028 +/- 0.00233307
	CLsplusb = 0.0014 +/- 0.00052878

    Midpoint 2 value 0.05 +/- 0.0193391
    Tightening Range
At r = 40:
	CLs      = 0.231884 +/- 0.0452598
	CLb      = 0.0276 +/- 0.00231682
	CLsplusb = 0.0064 +/- 0.00112774

        Lowpoint 1 value 0.231884 +/- 0.0452598
At r = 60:
	CLs      = 0.047619 +/- 0.0172057
	CLb      = 0.0336 +/- 0.00254837
	CLsplusb = 0.0016 +/- 0.000565233

        Highpoint 3 value 0.047619 +/- 0.0172057
Final range [1, 4]
  Will not use point 0 (r 35)
   Point 1 (r 40) was already updated during search.
   Point 2 (r 50) was already updated during search.
   Point 3 (r 60) was already updated during search.
   Point 4 (r 70) was already updated during search.
  Will not use point 5 (r 80)
  Will not use point 6 (r 90)
  Will not use point 7 (r 100)
  Will not use point 8 (r 120)
  Will not use point 9 (r 140)
  r 40.00: CLs = 0.2319 +/- 0.0453
  r 50.00: CLs = 0.0500 +/- 0.0193
  r 60.00: CLs = 0.0476 +/- 0.0172
  r 70.00: CLs = 0.0052 +/- 0.0052
 after scan x ~ 50, bounds [ 40, 70]

 -- HybridNew, before fit -- 
Limit: r < 50 +/- 20 [40, 70]

****************************************
Minimizer is Minuit2 / Migrad
Chi2                      =      3.37736
NDf                       =            2
Edm                       =  5.43046e-09
NCalls                    =           54
p0                        =         0.05                      	 (fixed)
p1                        =    -0.118351   +/-   0.0231483   
p2                        =      52.4709   +/-   1.99974     
Fit to 4 points: 52.4709 +/- 1.99974

 -- Hybrid New -- 
Limit: r < 52.4709 +/- 1.99974 @ 95% CL
Total toys: 0
Done in 0.00 min (cpu), 0.01 min (real)
