>>> including systematics
>>> using the Profile Likelihood test statistics modified for upper limits (Q_LHC)
>>> method used to compute upper limit is HybridNew
>>> random number generator seed is 123456
Adding /uscms_data/d2/lpcljm/sapta/SUSYSearch/LimitSetting/CMSSW_7_1_5/src to include path
Adding /cvmfs/cms.cern.ch/slc6_amd64_gcc481/lcg/roofit/5.34.18-cms3//include to include path
Input workspace 'w': 

RooWorkspace(w) w contents

variables
---------
(jerUp_unc,jerUp_unc_In,jesUp_unc,jesUp_unc_In,lumi,lumi_In,n_obs_binbin1,pdf_unc,pdf_unc_In,r,xs_Bkg,xs_Bkg_In)

p.d.f.s
-------
SimpleGaussianConstraint::jerUp_unc_Pdf[ x=jerUp_unc mean=jerUp_unc_In sigma=1 ] = 1
SimpleGaussianConstraint::jesUp_unc_Pdf[ x=jesUp_unc mean=jesUp_unc_In sigma=1 ] = 1
SimpleGaussianConstraint::lumi_Pdf[ x=lumi mean=lumi_In sigma=1 ] = 1
RooProdPdf::modelObs_b[ pdf_binbin1_bonly ] = 0.0050779
RooProdPdf::modelObs_s[ pdf_binbin1 ] = 0.00316911
RooProdPdf::model_b[ modelObs_b * nuisancePdf ] = 0.0050779
RooProdPdf::model_s[ modelObs_s * nuisancePdf ] = 0.00316911
RooProdPdf::nuisancePdf[ lumi_Pdf * jesUp_unc_Pdf * pdf_unc_Pdf * xs_Bkg_Pdf * jerUp_unc_Pdf ] = 1
RooPoisson::pdf_binbin1[ x=n_obs_binbin1 mean=n_exp_binbin1 ] = 0.00316911
RooPoisson::pdf_binbin1_bonly[ x=n_obs_binbin1 mean=n_exp_binbin1_bonly ] = 0.0050779
SimpleGaussianConstraint::pdf_unc_Pdf[ x=pdf_unc mean=pdf_unc_In sigma=1 ] = 1
SimpleGaussianConstraint::xs_Bkg_Pdf[ x=xs_Bkg mean=xs_Bkg_In sigma=1 ] = 1

functions
--------
RooAddition::n_exp_binbin1[ n_exp_binbin1_proc_BH + n_exp_binbin1_proc_Background ] = 25.0988
RooAddition::n_exp_binbin1_bonly[ n_exp_binbin1_proc_Background ] = 24.0988
ProcessNormalization::n_exp_binbin1_proc_BH[ thetaList=(lumi,jesUp_unc,pdf_unc,jerUp_unc) asymmThetaList=() otherFactorList=(r) ] = 1
ProcessNormalization::n_exp_binbin1_proc_Background[ thetaList=(xs_Bkg) asymmThetaList=() otherFactorList=() ] = 24.0988

datasets
--------
RooDataSet::data_obs(n_obs_binbin1)

named sets
----------
ModelConfig_GlobalObservables:(lumi_In,jesUp_unc_In,pdf_unc_In,xs_Bkg_In,jerUp_unc_In)
ModelConfig_NuisParams:(lumi,jesUp_unc,pdf_unc,xs_Bkg,jerUp_unc)
ModelConfig_Observables:(n_obs_binbin1)
ModelConfig_POI:(r)
ModelConfig_bonly_GlobalObservables:(lumi_In,jesUp_unc_In,pdf_unc_In,xs_Bkg_In,jerUp_unc_In)
ModelConfig_bonly_NuisParams:(lumi,jesUp_unc,pdf_unc,xs_Bkg,jerUp_unc)
ModelConfig_bonly_Observables:(n_obs_binbin1)
ModelConfig_bonly_POI:(r)
POI:(r)
globalObservables:(lumi_In,jesUp_unc_In,pdf_unc_In,xs_Bkg_In,jerUp_unc_In)
nuisances:(lumi,jesUp_unc,pdf_unc,xs_Bkg,jerUp_unc)
observables:(n_obs_binbin1)

generic objects
---------------
RooStats::ModelConfig::ModelConfig
RooStats::ModelConfig::ModelConfig_bonly
RooArgSet::discreteParams

Workspace has a ModelConfig for signal called 'ModelConfig', with contents:

=== Using the following for ModelConfig ===
Observables:             RooArgSet:: = (n_obs_binbin1)
Parameters of Interest:  RooArgSet:: = (r)
Nuisance Parameters:     RooArgSet:: = (lumi,jesUp_unc,pdf_unc,xs_Bkg,jerUp_unc)
Global Observables:      RooArgSet:: = (lumi_In,jesUp_unc_In,pdf_unc_In,xs_Bkg_In,jerUp_unc_In)
PDF:                     RooProdPdf::model_s[ modelObs_s * nuisancePdf ] = 0.00316911

Input ModelConfig 'ModelConfig': 

=== Using the following for ModelConfig ===
Observables:             RooArgSet:: = (n_obs_binbin1)
Parameters of Interest:  RooArgSet:: = (r)
Nuisance Parameters:     RooArgSet:: = (lumi,jesUp_unc,pdf_unc,xs_Bkg,jerUp_unc)
Global Observables:      RooArgSet:: = (lumi_In,jesUp_unc_In,pdf_unc_In,xs_Bkg_In,jerUp_unc_In)
PDF:                     RooProdPdf::model_s[ modelObs_s * nuisancePdf ] = 0.00316911

[#1] INFO:ObjectHandling -- RooWorkspace::import(w) importing RooUniform::prior
Computing limit starting from observation
  1) RooRealVar:: n_obs_binbin1 = 13
Set default minimizer to Minuit2
Search for upper limit using pre-computed grid of p-values
  Do HypoTestResult_mh120_r17_2812700168 -> 17 --> 17
  Do HypoTestResult_mh120_r13_509225023 -> 13 --> 13
  Do HypoTestResult_mh120_r29_191966991 -> 29 --> 29
  Do HypoTestResult_mh120_r9_3169064263 -> 9 --> 9
  Do HypoTestResult_mh120_r21_3813931091 -> 21 --> 21
  Do HypoTestResult_mh120_r11_4217818406 -> 11 --> 11
  Do HypoTestResult_mh120_r15_783421814 -> 15 --> 15
  Do HypoTestResult_mh120_r27_2817231972 -> 27 --> 27
  Do HypoTestResult_mh120_r25_2628012885 -> 25 --> 25
  Do HypoTestResult_mh120_r23_3739899736 -> 23 --> 23
  Do HypoTestResult_mh120_r8_4170573998 -> 8 --> 8
  Do HypoTestResult_mh120_r7_2818669580 -> 7 --> 7
  Do HypoTestResult_mh120_r19_3606258168 -> 19 --> 19
GRID, as is.
  - 7  (CLs = 0.258649 +/- 0.0155371)
  - 8  (CLs = 0.212898 +/- 0.0135096)
  - 9  (CLs = 0.143969 +/- 0.0109488)
  - 11  (CLs = 0.0746269 +/- 0.00779551)
  - 13  (CLs = 0.0469897 +/- 0.0059362)
  - 15  (CLs = 0.0154639 +/- 0.0033864)
  - 17  (CLs = 0.008 +/- 0.00241643)
  - 19  (CLs = 0.00500357 +/- 0.00189326)
  - 21  (CLs = 0 +/- 0)
  - 23  (CLs = 0 +/- 0)
  - 25  (CLs = 0 +/- 0)
  - 27  (CLs = 0 +/- 0)
  - 29  (CLs = 0 +/- 0)
Bisecting range [0, 12]
At r = 17:
	CLs      = 0 +/- 0
	CLb      = 0.0434 +/- 0.00288154
	CLsplusb = 0 +/- 0

    Midpoint 6 value 0 +/- 0
    Replacing Max
Bisecting range [0, 6]
At r = 11:
	CLs      = 0 +/- 0
	CLb      = 0.0018 +/- 0.00059946
	CLsplusb = 0 +/- 0

    Midpoint 3 value 0 +/- 0
    Replacing Max
Final range [0, 3]
   Updaing point 0 (r 7)
At r = 7:
	CLs      = 0.153846 +/- 0.0476063
	CLb      = 0.0156 +/- 0.00175252
	CLsplusb = 0.0024 +/- 0.000691988

   Updaing point 1 (r 8)
At r = 8:
	CLs      = 0.0822785 +/- 0.0236831
	CLb      = 0.0316 +/- 0.00247392
	CLsplusb = 0.0026 +/- 0.000720172

   Updaing point 2 (r 9)
At r = 9:
	CLs      = 0.0810811 +/- 0.0343788
	CLb      = 0.0148 +/- 0.00170769
	CLsplusb = 0.0012 +/- 0.000489604

   Point 3 (r 11) was already updated during search.
  Will not use point 4 (r 13)
  Will not use point 5 (r 15)
  Will not use point 6 (r 17)
  Will not use point 7 (r 19)
  Will not use point 8 (r 21)
  Will not use point 9 (r 23)
  Will not use point 10 (r 25)
  Will not use point 11 (r 27)
  Will not use point 12 (r 29)
  r 7.00: CLs = 0.1538 +/- 0.0476
  r 8.00: CLs = 0.0823 +/- 0.0237
  r 9.00: CLs = 0.0811 +/- 0.0344
  r 11.00: CLs = 0.0000 +/- 0.0000
 after scan x ~ 9, bounds [ 7, 11]

 -- HybridNew, before fit -- 
Limit: r < 9 +/- 2 [7, 11]

****************************************
Minimizer is Minuit2 / Migrad
Chi2                      =     0.601239
NDf                       =            1
Edm                       =  2.20634e-07
NCalls                    =           87
p0                        =         0.05                      	 (fixed)
p1                        =    -0.390061   +/-   0.332603    
p2                        =      9.60833   +/-   1.60408     
Fit to 4 points: 9.60833 +/- 1.60408

 -- Hybrid New -- 
Limit: r < 9.60833 +/- 1.60408 @ 95% CL
Total toys: 0
Done in 0.00 min (cpu), 0.01 min (real)
