>>> including systematics
>>> using the Profile Likelihood test statistics modified for upper limits (Q_LHC)
>>> method used to compute upper limit is HybridNew
>>> random number generator seed is 123456
Adding /uscms_data/d2/lpcljm/sapta/SUSYSearch/LimitSetting/CMSSW_7_1_5/src to include path
Adding /cvmfs/cms.cern.ch/slc6_amd64_gcc481/lcg/roofit/5.34.18-cms3//include to include path
Input workspace 'w': 

RooWorkspace(w) w contents

variables
---------
(jerUp_unc,jerUp_unc_In,jesUp_unc,jesUp_unc_In,lumi,lumi_In,n_obs_binbin1,pdf_unc,pdf_unc_In,r,xs_Bkg,xs_Bkg_In)

p.d.f.s
-------
SimpleGaussianConstraint::jerUp_unc_Pdf[ x=jerUp_unc mean=jerUp_unc_In sigma=1 ] = 1
SimpleGaussianConstraint::jesUp_unc_Pdf[ x=jesUp_unc mean=jesUp_unc_In sigma=1 ] = 1
SimpleGaussianConstraint::lumi_Pdf[ x=lumi mean=lumi_In sigma=1 ] = 1
RooProdPdf::modelObs_b[ pdf_binbin1_bonly ] = 3.83246e-07
RooProdPdf::modelObs_s[ pdf_binbin1 ] = 3.15334e-07
RooProdPdf::model_b[ modelObs_b * nuisancePdf ] = 3.83246e-07
RooProdPdf::model_s[ modelObs_s * nuisancePdf ] = 3.15334e-07
RooProdPdf::nuisancePdf[ lumi_Pdf * jesUp_unc_Pdf * pdf_unc_Pdf * xs_Bkg_Pdf * jerUp_unc_Pdf ] = 1
RooPoisson::pdf_binbin1[ x=n_obs_binbin1 mean=n_exp_binbin1 ] = 3.15334e-07
RooPoisson::pdf_binbin1_bonly[ x=n_obs_binbin1 mean=n_exp_binbin1_bonly ] = 3.83246e-07
SimpleGaussianConstraint::pdf_unc_Pdf[ x=pdf_unc mean=pdf_unc_In sigma=1 ] = 1
SimpleGaussianConstraint::xs_Bkg_Pdf[ x=xs_Bkg mean=xs_Bkg_In sigma=1 ] = 1

functions
--------
RooAddition::n_exp_binbin1[ n_exp_binbin1_proc_BH + n_exp_binbin1_proc_Background ] = 535.932
RooAddition::n_exp_binbin1_bonly[ n_exp_binbin1_proc_Background ] = 534.932
ProcessNormalization::n_exp_binbin1_proc_BH[ thetaList=(lumi,jesUp_unc,pdf_unc,jerUp_unc) asymmThetaList=() otherFactorList=(r) ] = 1
ProcessNormalization::n_exp_binbin1_proc_Background[ thetaList=(xs_Bkg) asymmThetaList=() otherFactorList=() ] = 534.932

datasets
--------
RooDataSet::data_obs(n_obs_binbin1)

named sets
----------
ModelConfig_GlobalObservables:(lumi_In,jesUp_unc_In,pdf_unc_In,xs_Bkg_In,jerUp_unc_In)
ModelConfig_NuisParams:(lumi,jesUp_unc,pdf_unc,xs_Bkg,jerUp_unc)
ModelConfig_Observables:(n_obs_binbin1)
ModelConfig_POI:(r)
ModelConfig_bonly_GlobalObservables:(lumi_In,jesUp_unc_In,pdf_unc_In,xs_Bkg_In,jerUp_unc_In)
ModelConfig_bonly_NuisParams:(lumi,jesUp_unc,pdf_unc,xs_Bkg,jerUp_unc)
ModelConfig_bonly_Observables:(n_obs_binbin1)
ModelConfig_bonly_POI:(r)
POI:(r)
globalObservables:(lumi_In,jesUp_unc_In,pdf_unc_In,xs_Bkg_In,jerUp_unc_In)
nuisances:(lumi,jesUp_unc,pdf_unc,xs_Bkg,jerUp_unc)
observables:(n_obs_binbin1)

generic objects
---------------
RooStats::ModelConfig::ModelConfig
RooStats::ModelConfig::ModelConfig_bonly
RooArgSet::discreteParams

Workspace has a ModelConfig for signal called 'ModelConfig', with contents:

=== Using the following for ModelConfig ===
Observables:             RooArgSet:: = (n_obs_binbin1)
Parameters of Interest:  RooArgSet:: = (r)
Nuisance Parameters:     RooArgSet:: = (lumi,jesUp_unc,pdf_unc,xs_Bkg,jerUp_unc)
Global Observables:      RooArgSet:: = (lumi_In,jesUp_unc_In,pdf_unc_In,xs_Bkg_In,jerUp_unc_In)
PDF:                     RooProdPdf::model_s[ modelObs_s * nuisancePdf ] = 3.15334e-07

Input ModelConfig 'ModelConfig': 

=== Using the following for ModelConfig ===
Observables:             RooArgSet:: = (n_obs_binbin1)
Parameters of Interest:  RooArgSet:: = (r)
Nuisance Parameters:     RooArgSet:: = (lumi,jesUp_unc,pdf_unc,xs_Bkg,jerUp_unc)
Global Observables:      RooArgSet:: = (lumi_In,jesUp_unc_In,pdf_unc_In,xs_Bkg_In,jerUp_unc_In)
PDF:                     RooProdPdf::model_s[ modelObs_s * nuisancePdf ] = 3.15334e-07

[#1] INFO:ObjectHandling -- RooWorkspace::import(w) importing RooUniform::prior
Computing limit starting from observation
  1) RooRealVar:: n_obs_binbin1 = 431
Set default minimizer to Minuit2
Search for upper limit using pre-computed grid of p-values
  Do HypoTestResult_mh120_r130_4048674335 -> 130 --> 130
  Do HypoTestResult_mh120_r120_2739396917 -> 120 --> 120
  Do HypoTestResult_mh120_r360_3321570395 -> 360 --> 360
  Do HypoTestResult_mh120_r100_2689103525 -> 100 --> 100
  Do HypoTestResult_mh120_r210_3759186683 -> 210 --> 210
  Do HypoTestResult_mh120_r150_4052009607 -> 150 --> 150
  Do HypoTestResult_mh120_r240_3482661015 -> 240 --> 240
  Do HypoTestResult_mh120_r180_1554170687 -> 180 --> 180
  Do HypoTestResult_mh120_r320_3607491088 -> 320 --> 320
  Do HypoTestResult_mh120_r110_1557596020 -> 110 --> 110
  Do HypoTestResult_mh120_r280_3808264374 -> 280 --> 280
GRID, as is.
  - 100  (CLs = 0.331794 +/- 0.0172086)
  - 110  (CLs = 0.276935 +/- 0.0154152)
  - 120  (CLs = 0.230483 +/- 0.0137699)
  - 130  (CLs = 0.182576 +/- 0.012257)
  - 150  (CLs = 0.125889 +/- 0.00971954)
  - 180  (CLs = 0.0583573 +/- 0.00656777)
  - 210  (CLs = 0.0243056 +/- 0.0041295)
  - 240  (CLs = 0.00499287 +/- 0.00188919)
  - 280  (CLs = 0.00140845 +/- 0.000996228)
  - 320  (CLs = 0 +/- 0)
  - 360  (CLs = 0 +/- 0)
Bisecting range [0, 10]
At r = 180:
	CLs      = 0.0106762 +/- 0.00619302
	CLb      = 0.0562 +/- 0.00325704
	CLsplusb = 0.0006 +/- 0.000346306

    Midpoint 5 value 0.0106762 +/- 0.00619302
    Replacing Max
Bisecting range [0, 5]
At r = 120:
	CLs      = 0.110092 +/- 0.0235745
	CLb      = 0.0436 +/- 0.00288787
	CLsplusb = 0.0048 +/- 0.000977442

    Midpoint 2 value 0.110092 +/- 0.0235745
    Tightening Range
At r = 110:
	CLs      = 0.165842 +/- 0.0216235
	CLb      = 0.0808 +/- 0.00385412
	CLsplusb = 0.0134 +/- 0.00162607

        Lowpoint 1 value 0.165842 +/- 0.0216235
At r = 130:
	CLs      = 0.0738255 +/- 0.0230189
	CLb      = 0.0298 +/- 0.00240466
	CLsplusb = 0.0022 +/- 0.000662595

        Highpoint 3 value 0.0738255 +/- 0.0230189
Final range [1, 5]
  Will not use point 0 (r 100)
   Point 1 (r 110) was already updated during search.
   Point 2 (r 120) was already updated during search.
   Point 3 (r 130) was already updated during search.
   Updaing point 4 (r 150)
At r = 150:
	CLs      = 0.0273973 +/- 0.0196287
	CLb      = 0.0146 +/- 0.00169628
	CLsplusb = 0.0004 +/- 0.000282786

   Point 5 (r 180) was already updated during search.
  Will not use point 6 (r 210)
  Will not use point 7 (r 240)
  Will not use point 8 (r 280)
  Will not use point 9 (r 320)
  Will not use point 10 (r 360)
  r 110.00: CLs = 0.1658 +/- 0.0216
  r 120.00: CLs = 0.1101 +/- 0.0236
  r 130.00: CLs = 0.0738 +/- 0.0230
  r 150.00: CLs = 0.0274 +/- 0.0196
  r 180.00: CLs = 0.0107 +/- 0.0062
 after scan x ~ 150, bounds [ 110, 180]

 -- HybridNew, before fit -- 
Limit: r < 150 +/- 40 [110, 180]

****************************************
Minimizer is Minuit2 / Migrad
Chi2                      =    0.0986882
NDf                       =            3
Edm                       =  5.10099e-07
NCalls                    =           55
p0                        =         0.05                      	 (fixed)
p1                        =   -0.0405146   +/-   0.00766619  
p2                        =      139.514   +/-   4.89124     
Fit to 5 points: 139.514 +/- 4.89124

 -- Hybrid New -- 
Limit: r < 139.514 +/- 4.89124 @ 95% CL
Total toys: 0
Done in 0.00 min (cpu), 0.00 min (real)
