>>> including systematics
>>> using the Profile Likelihood test statistics modified for upper limits (Q_LHC)
>>> method used to compute upper limit is HybridNew
>>> random number generator seed is 123456
Adding /uscms_data/d2/lpcljm/sapta/SUSYSearch/LimitSetting/CMSSW_7_1_5/src to include path
Adding /cvmfs/cms.cern.ch/slc6_amd64_gcc481/lcg/roofit/5.34.18-cms3//include to include path
Input workspace 'w': 

RooWorkspace(w) w contents

variables
---------
(jerUp_unc,jerUp_unc_In,jesUp_unc,jesUp_unc_In,lumi,lumi_In,n_obs_binbin1,pdf_unc,pdf_unc_In,r,xs_Bkg,xs_Bkg_In)

p.d.f.s
-------
SimpleGaussianConstraint::jerUp_unc_Pdf[ x=jerUp_unc mean=jerUp_unc_In sigma=1 ] = 1
SimpleGaussianConstraint::jesUp_unc_Pdf[ x=jesUp_unc mean=jesUp_unc_In sigma=1 ] = 1
SimpleGaussianConstraint::lumi_Pdf[ x=lumi mean=lumi_In sigma=1 ] = 1
RooProdPdf::modelObs_b[ pdf_binbin1_bonly ] = 2.44387e-07
RooProdPdf::modelObs_s[ pdf_binbin1 ] = 2.19511e-07
RooProdPdf::model_b[ modelObs_b * nuisancePdf ] = 2.44387e-07
RooProdPdf::model_s[ modelObs_s * nuisancePdf ] = 2.19511e-07
RooProdPdf::nuisancePdf[ lumi_Pdf * jesUp_unc_Pdf * pdf_unc_Pdf * xs_Bkg_Pdf * jerUp_unc_Pdf ] = 1
RooPoisson::pdf_binbin1[ x=n_obs_binbin1 mean=n_exp_binbin1 ] = 2.19511e-07
RooPoisson::pdf_binbin1_bonly[ x=n_obs_binbin1 mean=n_exp_binbin1_bonly ] = 2.44387e-07
SimpleGaussianConstraint::pdf_unc_Pdf[ x=pdf_unc mean=pdf_unc_In sigma=1 ] = 1
SimpleGaussianConstraint::xs_Bkg_Pdf[ x=xs_Bkg mean=xs_Bkg_In sigma=1 ] = 1

functions
--------
RooAddition::n_exp_binbin1[ n_exp_binbin1_proc_BH + n_exp_binbin1_proc_Background ] = 1785.08
RooAddition::n_exp_binbin1_bonly[ n_exp_binbin1_proc_Background ] = 1784.08
ProcessNormalization::n_exp_binbin1_proc_BH[ thetaList=(lumi,jesUp_unc,pdf_unc,jerUp_unc) asymmThetaList=() otherFactorList=(r) ] = 1
ProcessNormalization::n_exp_binbin1_proc_Background[ thetaList=(xs_Bkg) asymmThetaList=() otherFactorList=() ] = 1784.08

datasets
--------
RooDataSet::data_obs(n_obs_binbin1)

named sets
----------
ModelConfig_GlobalObservables:(lumi_In,jesUp_unc_In,pdf_unc_In,xs_Bkg_In,jerUp_unc_In)
ModelConfig_NuisParams:(lumi,jesUp_unc,pdf_unc,xs_Bkg,jerUp_unc)
ModelConfig_Observables:(n_obs_binbin1)
ModelConfig_POI:(r)
ModelConfig_bonly_GlobalObservables:(lumi_In,jesUp_unc_In,pdf_unc_In,xs_Bkg_In,jerUp_unc_In)
ModelConfig_bonly_NuisParams:(lumi,jesUp_unc,pdf_unc,xs_Bkg,jerUp_unc)
ModelConfig_bonly_Observables:(n_obs_binbin1)
ModelConfig_bonly_POI:(r)
POI:(r)
globalObservables:(lumi_In,jesUp_unc_In,pdf_unc_In,xs_Bkg_In,jerUp_unc_In)
nuisances:(lumi,jesUp_unc,pdf_unc,xs_Bkg,jerUp_unc)
observables:(n_obs_binbin1)

generic objects
---------------
RooStats::ModelConfig::ModelConfig
RooStats::ModelConfig::ModelConfig_bonly
RooArgSet::discreteParams

Workspace has a ModelConfig for signal called 'ModelConfig', with contents:

=== Using the following for ModelConfig ===
Observables:             RooArgSet:: = (n_obs_binbin1)
Parameters of Interest:  RooArgSet:: = (r)
Nuisance Parameters:     RooArgSet:: = (lumi,jesUp_unc,pdf_unc,xs_Bkg,jerUp_unc)
Global Observables:      RooArgSet:: = (lumi_In,jesUp_unc_In,pdf_unc_In,xs_Bkg_In,jerUp_unc_In)
PDF:                     RooProdPdf::model_s[ modelObs_s * nuisancePdf ] = 2.19511e-07

Input ModelConfig 'ModelConfig': 

=== Using the following for ModelConfig ===
Observables:             RooArgSet:: = (n_obs_binbin1)
Parameters of Interest:  RooArgSet:: = (r)
Nuisance Parameters:     RooArgSet:: = (lumi,jesUp_unc,pdf_unc,xs_Bkg,jerUp_unc)
Global Observables:      RooArgSet:: = (lumi_In,jesUp_unc_In,pdf_unc_In,xs_Bkg_In,jerUp_unc_In)
PDF:                     RooProdPdf::model_s[ modelObs_s * nuisancePdf ] = 2.19511e-07

[#1] INFO:ObjectHandling -- RooWorkspace::import(w) importing RooUniform::prior
Computing limit starting from observation
  1) RooRealVar:: n_obs_binbin1 = 1593
Set default minimizer to Minuit2
Search for upper limit using pre-computed grid of p-values
  Do HypoTestResult_mh120_r800_3718489167 -> 800 --> 800
  Do HypoTestResult_mh120_r300_2770222696 -> 300 --> 300
  Do HypoTestResult_mh120_r600_1617228522 -> 600 --> 600
  Do HypoTestResult_mh120_r500_2230385568 -> 500 --> 500
  Do HypoTestResult_mh120_r900_401355652 -> 900 --> 900
  Do HypoTestResult_mh120_r700_257544747 -> 700 --> 700
  Do HypoTestResult_mh120_r1000_3140675957 -> 1000 --> 1000
  Do HypoTestResult_mh120_r400_217383680 -> 400 --> 400
  Do HypoTestResult_mh120_r1300_3263674341 -> 1300 --> 1300
  Do HypoTestResult_mh120_r1100_4196400917 -> 1100 --> 1100
  Do HypoTestResult_mh120_r1200_966844245 -> 1200 --> 1200
GRID, as is.
  - 300  (CLs = 0.255534 +/- 0.013297)
  - 400  (CLs = 0.129427 +/- 0.00935018)
  - 500  (CLs = 0.0637376 +/- 0.00635063)
  - 600  (CLs = 0.0264484 +/- 0.00410071)
  - 700  (CLs = 0.00627746 +/- 0.00198737)
  - 800  (CLs = 0.000614251 +/- 0.000614316)
  - 900  (CLs = 0 +/- 0)
  - 1000  (CLs = 0 +/- 0)
  - 1100  (CLs = 0 +/- 0)
  - 1200  (CLs = 0 +/- 0)
  - 1300  (CLs = 0 +/- 0)
Bisecting range [0, 10]
At r = 800:
	CLs      = 0.00273224 +/- 0.00103265
	CLb      = 0.5124 +/- 0.00706889
	CLsplusb = 0.0014 +/- 0.00052878

    Midpoint 5 value 0.00273224 +/- 0.00103265
    Replacing Max
Bisecting range [0, 5]
At r = 500:
	CLs      = 0.115873 +/- 0.00677781
	CLb      = 0.504 +/- 0.00707084
	CLsplusb = 0.0584 +/- 0.00331631

    Midpoint 2 value 0.115873 +/- 0.00677781
    Replacing Min
Final range [2, 5]
  Will not use point 0 (r 300)
  Will not use point 1 (r 400)
   Point 2 (r 500) was already updated during search.
   Updaing point 3 (r 600)
At r = 600:
	CLs      = 0.052484 +/- 0.00458574
	CLb      = 0.4992 +/- 0.00707106
	CLsplusb = 0.0262 +/- 0.00225892

   Updaing point 4 (r 700)
At r = 700:
	CLs      = 0.0183779 +/- 0.00270965
	CLb      = 0.5006 +/- 0.00707106
	CLsplusb = 0.0092 +/- 0.00135021

   Point 5 (r 800) was already updated during search.
  Will not use point 6 (r 900)
  Will not use point 7 (r 1000)
  Will not use point 8 (r 1100)
  Will not use point 9 (r 1200)
  Will not use point 10 (r 1300)
  r 500.00: CLs = 0.1159 +/- 0.0068
  r 600.00: CLs = 0.0525 +/- 0.0046
  r 700.00: CLs = 0.0184 +/- 0.0027
 after scan x ~ 600, bounds [ 500, 700]

 -- HybridNew, before fit -- 
Limit: r < 600 +/- 100 [500, 700]

****************************************
Minimizer is Minuit2 / Migrad
Chi2                      =      1.17861
NDf                       =            1
Edm                       =  1.34553e-05
NCalls                    =           33
p0                        =         0.05                      	 (fixed)
p1                        =   -0.0088507   +/-   0.000652229 
p2                        =      596.663   +/-   6.3643      
Fit to 3 points: 596.663 +/- 6.3643

 -- Hybrid New -- 
Limit: r < 596.663 +/- 6.3643 @ 95% CL
Total toys: 0
Done in 0.00 min (cpu), 0.01 min (real)
