>>> including systematics
>>> using the Profile Likelihood test statistics modified for upper limits (Q_LHC)
>>> method used to compute upper limit is HybridNew
>>> random number generator seed is 123456
Adding /uscms_data/d2/lpcljm/sapta/SUSYSearch/LimitSetting/CMSSW_7_1_5/src to include path
Adding /cvmfs/cms.cern.ch/slc6_amd64_gcc481/lcg/roofit/5.34.18-cms3//include to include path
Input workspace 'w': 

RooWorkspace(w) w contents

variables
---------
(jerUp_unc,jerUp_unc_In,jesUp_unc,jesUp_unc_In,lumi,lumi_In,n_obs_binbin1,pdf_unc,pdf_unc_In,r,xs_Bkg,xs_Bkg_In)

p.d.f.s
-------
SimpleGaussianConstraint::jerUp_unc_Pdf[ x=jerUp_unc mean=jerUp_unc_In sigma=1 ] = 1
SimpleGaussianConstraint::jesUp_unc_Pdf[ x=jesUp_unc mean=jesUp_unc_In sigma=1 ] = 1
SimpleGaussianConstraint::lumi_Pdf[ x=lumi mean=lumi_In sigma=1 ] = 1
RooProdPdf::modelObs_b[ pdf_binbin1_bonly ] = 6.04949e-05
RooProdPdf::modelObs_s[ pdf_binbin1 ] = 3.91141e-05
RooProdPdf::model_b[ modelObs_b * nuisancePdf ] = 6.04949e-05
RooProdPdf::model_s[ modelObs_s * nuisancePdf ] = 3.91141e-05
RooProdPdf::nuisancePdf[ lumi_Pdf * jesUp_unc_Pdf * pdf_unc_Pdf * xs_Bkg_Pdf * jerUp_unc_Pdf ] = 1
RooPoisson::pdf_binbin1[ x=n_obs_binbin1 mean=n_exp_binbin1 ] = 3.91141e-05
RooPoisson::pdf_binbin1_bonly[ x=n_obs_binbin1 mean=n_exp_binbin1_bonly ] = 6.04949e-05
SimpleGaussianConstraint::pdf_unc_Pdf[ x=pdf_unc mean=pdf_unc_In sigma=1 ] = 1
SimpleGaussianConstraint::xs_Bkg_Pdf[ x=xs_Bkg mean=xs_Bkg_In sigma=1 ] = 1

functions
--------
RooAddition::n_exp_binbin1[ n_exp_binbin1_proc_BH + n_exp_binbin1_proc_Background ] = 64.3397
RooAddition::n_exp_binbin1_bonly[ n_exp_binbin1_proc_Background ] = 63.3397
ProcessNormalization::n_exp_binbin1_proc_BH[ thetaList=(lumi,jesUp_unc,pdf_unc,jerUp_unc) asymmThetaList=() otherFactorList=(r) ] = 1
ProcessNormalization::n_exp_binbin1_proc_Background[ thetaList=(xs_Bkg) asymmThetaList=() otherFactorList=() ] = 63.3397

datasets
--------
RooDataSet::data_obs(n_obs_binbin1)

named sets
----------
ModelConfig_GlobalObservables:(lumi_In,jesUp_unc_In,pdf_unc_In,xs_Bkg_In,jerUp_unc_In)
ModelConfig_NuisParams:(lumi,jesUp_unc,pdf_unc,xs_Bkg,jerUp_unc)
ModelConfig_Observables:(n_obs_binbin1)
ModelConfig_POI:(r)
ModelConfig_bonly_GlobalObservables:(lumi_In,jesUp_unc_In,pdf_unc_In,xs_Bkg_In,jerUp_unc_In)
ModelConfig_bonly_NuisParams:(lumi,jesUp_unc,pdf_unc,xs_Bkg,jerUp_unc)
ModelConfig_bonly_Observables:(n_obs_binbin1)
ModelConfig_bonly_POI:(r)
POI:(r)
globalObservables:(lumi_In,jesUp_unc_In,pdf_unc_In,xs_Bkg_In,jerUp_unc_In)
nuisances:(lumi,jesUp_unc,pdf_unc,xs_Bkg,jerUp_unc)
observables:(n_obs_binbin1)

generic objects
---------------
RooStats::ModelConfig::ModelConfig
RooStats::ModelConfig::ModelConfig_bonly
RooArgSet::discreteParams

Workspace has a ModelConfig for signal called 'ModelConfig', with contents:

=== Using the following for ModelConfig ===
Observables:             RooArgSet:: = (n_obs_binbin1)
Parameters of Interest:  RooArgSet:: = (r)
Nuisance Parameters:     RooArgSet:: = (lumi,jesUp_unc,pdf_unc,xs_Bkg,jerUp_unc)
Global Observables:      RooArgSet:: = (lumi_In,jesUp_unc_In,pdf_unc_In,xs_Bkg_In,jerUp_unc_In)
PDF:                     RooProdPdf::model_s[ modelObs_s * nuisancePdf ] = 3.91141e-05

Input ModelConfig 'ModelConfig': 

=== Using the following for ModelConfig ===
Observables:             RooArgSet:: = (n_obs_binbin1)
Parameters of Interest:  RooArgSet:: = (r)
Nuisance Parameters:     RooArgSet:: = (lumi,jesUp_unc,pdf_unc,xs_Bkg,jerUp_unc)
Global Observables:      RooArgSet:: = (lumi_In,jesUp_unc_In,pdf_unc_In,xs_Bkg_In,jerUp_unc_In)
PDF:                     RooProdPdf::model_s[ modelObs_s * nuisancePdf ] = 3.91141e-05

[#1] INFO:ObjectHandling -- RooWorkspace::import(w) importing RooUniform::prior
Computing limit starting from observation
  1) RooRealVar:: n_obs_binbin1 = 36
Set default minimizer to Minuit2
Search for upper limit using pre-computed grid of p-values
  Do HypoTestResult_mh120_r54_2431150203 -> 54 --> 54
  Do HypoTestResult_mh120_r15_1645996352 -> 15 --> 15
  Do HypoTestResult_mh120_r25_245839454 -> 25 --> 25
  Do HypoTestResult_mh120_r42_1170107201 -> 42 --> 42
  Do HypoTestResult_mh120_r50_2403458031 -> 50 --> 50
  Do HypoTestResult_mh120_r29_3137944463 -> 29 --> 29
  Do HypoTestResult_mh120_r23_2550276277 -> 23 --> 23
  Do HypoTestResult_mh120_r21_2712603352 -> 21 --> 21
  Do HypoTestResult_mh120_r34_627268030 -> 34 --> 34
  Do HypoTestResult_mh120_r17_4005034909 -> 17 --> 17
  Do HypoTestResult_mh120_r19_1555189697 -> 19 --> 19
  Do HypoTestResult_mh120_r27_1302633318 -> 27 --> 27
  Do HypoTestResult_mh120_r38_760332946 -> 38 --> 38
  Do HypoTestResult_mh120_r46_2476849374 -> 46 --> 46
GRID, as is.
  - 15  (CLs = 0.232292 +/- 0.0166311)
  - 17  (CLs = 0.183468 +/- 0.0143323)
  - 19  (CLs = 0.159248 +/- 0.0131322)
  - 21  (CLs = 0.104129 +/- 0.00994331)
  - 23  (CLs = 0.0895238 +/- 0.00947037)
  - 25  (CLs = 0.0542495 +/- 0.00710873)
  - 27  (CLs = 0.0381944 +/- 0.00581702)
  - 29  (CLs = 0.0237467 +/- 0.00459954)
  - 34  (CLs = 0.00405186 +/- 0.00181391)
  - 38  (CLs = 0.0031746 +/- 0.00158855)
  - 42  (CLs = 0 +/- 0)
  - 46  (CLs = 0.000796178 +/- 0.000796336)
  - 50  (CLs = 0 +/- 0)
  - 54  (CLs = 0 +/- 0)
Bisecting range [0, 13]
At r = 27:
	CLs      = 0.281734 +/- 0.00736539
	CLb      = 0.8398 +/- 0.00518721
	CLsplusb = 0.2366 +/- 0.00601033

    Midpoint 6 value 0.281734 +/- 0.00736539
    Replacing Min
Bisecting range [6, 13]
At r = 38:
	CLs      = 0.0652847 +/- 0.00385561
	CLb      = 0.8394 +/- 0.00519245
	CLsplusb = 0.0548 +/- 0.0032186

    Midpoint 9 value 0.0652847 +/- 0.00385561
    Tightening Range
At r = 29:
	CLs      = 0.249048 +/- 0.00701819
	CLb      = 0.84 +/- 0.00518459
	CLsplusb = 0.2092 +/- 0.00575214

        Lowpoint 7 value 0.249048 +/- 0.00701819
At r = 34:
	CLs      = 0.117941 +/- 0.00508445
	CLb      = 0.8394 +/- 0.00519245
	CLsplusb = 0.099 +/- 0.00422372

        Lowpoint 8 value 0.117941 +/- 0.00508445
At r = 46:
	CLs      = 0.0197807 +/- 0.0021566
	CLb      = 0.8392 +/- 0.00519506
	CLsplusb = 0.0166 +/- 0.0018069

        Highpoint 11 value 0.0197807 +/- 0.0021566
At r = 42:
	CLs      = 0.0344004 +/- 0.00283325
	CLb      = 0.8372 +/- 0.00522104
	CLsplusb = 0.0288 +/- 0.00236519

        Highpoint 10 value 0.0344004 +/- 0.00283325
Final range [8, 11]
  Will not use point 0 (r 15)
  Will not use point 1 (r 17)
  Will not use point 2 (r 19)
  Will not use point 3 (r 21)
  Will not use point 4 (r 23)
  Will not use point 5 (r 25)
  Will not use point 6 (r 27)
  Will not use point 7 (r 29)
   Point 8 (r 34) was already updated during search.
   Point 9 (r 38) was already updated during search.
   Point 10 (r 42) was already updated during search.
   Point 11 (r 46) was already updated during search.
  Will not use point 12 (r 50)
  Will not use point 13 (r 54)
  r 34.00: CLs = 0.1179 +/- 0.0051
  r 38.00: CLs = 0.0653 +/- 0.0039
  r 42.00: CLs = 0.0344 +/- 0.0028
  r 46.00: CLs = 0.0198 +/- 0.0022
 after scan x ~ 38, bounds [ 34, 46]

 -- HybridNew, before fit -- 
Limit: r < 38 +/- 8 [34, 46]

****************************************
Minimizer is Minuit2 / Migrad
Chi2                      =     0.185359
NDf                       =            2
Edm                       =  1.87167e-06
NCalls                    =           46
p0                        =         0.05                      	 (fixed)
p1                        =    -0.150723   +/-   0.00803748  
p2                        =      39.7004   +/-   0.245088    
Fit to 4 points: 39.7004 +/- 0.245088

 -- Hybrid New -- 
Limit: r < 39.7004 +/- 0.245088 @ 95% CL
Total toys: 0
Done in 0.00 min (cpu), 0.01 min (real)
