>>> including systematics
>>> using the Profile Likelihood test statistics modified for upper limits (Q_LHC)
>>> method used to compute upper limit is HybridNew
>>> random number generator seed is 123456
Adding /uscms_data/d2/lpcljm/sapta/SUSYSearch/LimitSetting/CMSSW_7_1_5/src to include path
Adding /cvmfs/cms.cern.ch/slc6_amd64_gcc481/lcg/roofit/5.34.18-cms3//include to include path
Input workspace 'w': 

RooWorkspace(w) w contents

variables
---------
(jerUp_unc,jerUp_unc_In,jesUp_unc,jesUp_unc_In,lumi,lumi_In,n_obs_binbin1,pdf_unc,pdf_unc_In,r,xs_Bkg,xs_Bkg_In)

p.d.f.s
-------
SimpleGaussianConstraint::jerUp_unc_Pdf[ x=jerUp_unc mean=jerUp_unc_In sigma=1 ] = 1
SimpleGaussianConstraint::jesUp_unc_Pdf[ x=jesUp_unc mean=jesUp_unc_In sigma=1 ] = 1
SimpleGaussianConstraint::lumi_Pdf[ x=lumi mean=lumi_In sigma=1 ] = 1
RooProdPdf::modelObs_b[ pdf_binbin1_bonly ] = 0.0244536
RooProdPdf::modelObs_s[ pdf_binbin1 ] = 0.0133898
RooProdPdf::model_b[ modelObs_b * nuisancePdf ] = 0.0244536
RooProdPdf::model_s[ modelObs_s * nuisancePdf ] = 0.0133898
RooProdPdf::nuisancePdf[ lumi_Pdf * jesUp_unc_Pdf * pdf_unc_Pdf * xs_Bkg_Pdf * jerUp_unc_Pdf ] = 1
RooPoisson::pdf_binbin1[ x=n_obs_binbin1 mean=n_exp_binbin1 ] = 0.0133898
RooPoisson::pdf_binbin1_bonly[ x=n_obs_binbin1 mean=n_exp_binbin1_bonly ] = 0.0244536
SimpleGaussianConstraint::pdf_unc_Pdf[ x=pdf_unc mean=pdf_unc_In sigma=1 ] = 1
SimpleGaussianConstraint::xs_Bkg_Pdf[ x=xs_Bkg mean=xs_Bkg_In sigma=1 ] = 1

functions
--------
RooAddition::n_exp_binbin1[ n_exp_binbin1_proc_BH + n_exp_binbin1_proc_Background ] = 10.5656
RooAddition::n_exp_binbin1_bonly[ n_exp_binbin1_proc_Background ] = 9.56563
ProcessNormalization::n_exp_binbin1_proc_BH[ thetaList=(lumi,jesUp_unc,pdf_unc,jerUp_unc) asymmThetaList=() otherFactorList=(r) ] = 1
ProcessNormalization::n_exp_binbin1_proc_Background[ thetaList=(xs_Bkg) asymmThetaList=() otherFactorList=() ] = 9.56563

datasets
--------
RooDataSet::data_obs(n_obs_binbin1)

named sets
----------
ModelConfig_GlobalObservables:(lumi_In,jesUp_unc_In,pdf_unc_In,xs_Bkg_In,jerUp_unc_In)
ModelConfig_NuisParams:(lumi,jesUp_unc,pdf_unc,xs_Bkg,jerUp_unc)
ModelConfig_Observables:(n_obs_binbin1)
ModelConfig_POI:(r)
ModelConfig_bonly_GlobalObservables:(lumi_In,jesUp_unc_In,pdf_unc_In,xs_Bkg_In,jerUp_unc_In)
ModelConfig_bonly_NuisParams:(lumi,jesUp_unc,pdf_unc,xs_Bkg,jerUp_unc)
ModelConfig_bonly_Observables:(n_obs_binbin1)
ModelConfig_bonly_POI:(r)
POI:(r)
globalObservables:(lumi_In,jesUp_unc_In,pdf_unc_In,xs_Bkg_In,jerUp_unc_In)
nuisances:(lumi,jesUp_unc,pdf_unc,xs_Bkg,jerUp_unc)
observables:(n_obs_binbin1)

generic objects
---------------
RooStats::ModelConfig::ModelConfig
RooStats::ModelConfig::ModelConfig_bonly
RooArgSet::discreteParams

Workspace has a ModelConfig for signal called 'ModelConfig', with contents:

=== Using the following for ModelConfig ===
Observables:             RooArgSet:: = (n_obs_binbin1)
Parameters of Interest:  RooArgSet:: = (r)
Nuisance Parameters:     RooArgSet:: = (lumi,jesUp_unc,pdf_unc,xs_Bkg,jerUp_unc)
Global Observables:      RooArgSet:: = (lumi_In,jesUp_unc_In,pdf_unc_In,xs_Bkg_In,jerUp_unc_In)
PDF:                     RooProdPdf::model_s[ modelObs_s * nuisancePdf ] = 0.0133898

Input ModelConfig 'ModelConfig': 

=== Using the following for ModelConfig ===
Observables:             RooArgSet:: = (n_obs_binbin1)
Parameters of Interest:  RooArgSet:: = (r)
Nuisance Parameters:     RooArgSet:: = (lumi,jesUp_unc,pdf_unc,xs_Bkg,jerUp_unc)
Global Observables:      RooArgSet:: = (lumi_In,jesUp_unc_In,pdf_unc_In,xs_Bkg_In,jerUp_unc_In)
PDF:                     RooProdPdf::model_s[ modelObs_s * nuisancePdf ] = 0.0133898

[#1] INFO:ObjectHandling -- RooWorkspace::import(w) importing RooUniform::prior
Computing limit starting from observation
  1) RooRealVar:: n_obs_binbin1 = 4
Set default minimizer to Minuit2
Search for upper limit using pre-computed grid of p-values
  Do HypoTestResult_mh120_r3_2062904355 -> 3 --> 3
  Do HypoTestResult_mh120_r4.5_3543244111 -> 4.5 --> 4.5
  Do HypoTestResult_mh120_r14_2383766131 -> 14 --> 14
  Do HypoTestResult_mh120_r12_3720396210 -> 12 --> 12
  Do HypoTestResult_mh120_r5.5_1559663791 -> 5.5 --> 5.5
  Do HypoTestResult_mh120_r5_2961107701 -> 5 --> 5
  Do HypoTestResult_mh120_r4_768552187 -> 4 --> 4
  Do HypoTestResult_mh120_r9_1585560697 -> 9 --> 9
  Do HypoTestResult_mh120_r6_2039948119 -> 6 --> 6
  Do HypoTestResult_mh120_r3.5_3350478844 -> 3.5 --> 3.5
  Do HypoTestResult_mh120_r7_2667879562 -> 7 --> 7
  Do HypoTestResult_mh120_r10_2006471593 -> 10 --> 10
  Do HypoTestResult_mh120_r16_1947664264 -> 16 --> 16
  Do HypoTestResult_mh120_r8_2147643663 -> 8 --> 8
  Do HypoTestResult_mh120_r18_925799737 -> 18 --> 18
GRID, as is.
  - 3  (CLs = 0.282927 +/- 0.0162198)
  - 3.5  (CLs = 0.242251 +/- 0.0148993)
  - 4  (CLs = 0.179348 +/- 0.0123025)
  - 4.5  (CLs = 0.138365 +/- 0.0107782)
  - 5  (CLs = 0.0988235 +/- 0.00901454)
  - 5.5  (CLs = 0.0841874 +/- 0.00799901)
  - 6  (CLs = 0.0534799 +/- 0.00633488)
  - 7  (CLs = 0.0245487 +/- 0.00423306)
  - 8  (CLs = 0.0175182 +/- 0.00359003)
  - 9  (CLs = 0.00960118 +/- 0.00266874)
  - 10  (CLs = 0.0043573 +/- 0.0017806)
  - 12  (CLs = 0 +/- 0)
  - 14  (CLs = 0.000686342 +/- 0.00068644)
  - 16  (CLs = 0 +/- 0)
  - 18  (CLs = 0 +/- 0)
Bisecting range [0, 14]
At r = 7:
	CLs      = 0.220396 +/- 0.00668255
	CLb      = 0.8394 +/- 0.00519245
	CLsplusb = 0.185 +/- 0.00549136

    Midpoint 7 value 0.220396 +/- 0.00668255
    Replacing Min
Bisecting range [7, 14]
At r = 10:
	CLs      = 0.0587536 +/- 0.00366278
	CLb      = 0.8408 +/- 0.00517408
	CLsplusb = 0.0494 +/- 0.00306463

    Midpoint 10 value 0.0587536 +/- 0.00366278
    Tightening Range
At r = 8:
	CLs      = 0.160267 +/- 0.00583731
	CLb      = 0.8386 +/- 0.00520288
	CLsplusb = 0.1344 +/- 0.00482362

        Lowpoint 8 value 0.160267 +/- 0.00583731
At r = 9:
	CLs      = 0.113387 +/- 0.00499297
	CLb      = 0.8396 +/- 0.00518983
	CLsplusb = 0.0952 +/- 0.00415059

        Lowpoint 9 value 0.113387 +/- 0.00499297
At r = 14:
	CLs      = 0.00809717 +/- 0.00138483
	CLb      = 0.8398 +/- 0.00518721
	CLsplusb = 0.0068 +/- 0.00116222

        Highpoint 12 value 0.00809717 +/- 0.00138483
At r = 12:
	CLs      = 0.0231062 +/- 0.0023276
	CLb      = 0.8396 +/- 0.00518983
	CLsplusb = 0.0194 +/- 0.00195057

        Highpoint 11 value 0.0231062 +/- 0.0023276
Final range [9, 12]
  Will not use point 0 (r 3)
  Will not use point 1 (r 3.5)
  Will not use point 2 (r 4)
  Will not use point 3 (r 4.5)
  Will not use point 4 (r 5)
  Will not use point 5 (r 5.5)
  Will not use point 6 (r 6)
  Will not use point 7 (r 7)
  Will not use point 8 (r 8)
   Point 9 (r 9) was already updated during search.
   Point 10 (r 10) was already updated during search.
   Point 11 (r 12) was already updated during search.
   Point 12 (r 14) was already updated during search.
  Will not use point 13 (r 16)
  Will not use point 14 (r 18)
  r 9.00: CLs = 0.1134 +/- 0.0050
  r 10.00: CLs = 0.0588 +/- 0.0037
  r 12.00: CLs = 0.0231 +/- 0.0023
  r 14.00: CLs = 0.0081 +/- 0.0014
 after scan x ~ 10, bounds [ 9, 14]

 -- HybridNew, before fit -- 
Limit: r < 10 +/- 4 [9, 14]

****************************************
Minimizer is Minuit2 / Migrad
Chi2                      =      3.14288
NDf                       =            2
Edm                       =  7.61448e-07
NCalls                    =           46
p0                        =         0.05                      	 (fixed)
p1                        =    -0.534793   +/-   0.0288712   
p2                        =      10.4614   +/-   0.0718063   
Fit to 4 points: 10.4614 +/- 0.0718063

 -- Hybrid New -- 
Limit: r < 10.4614 +/- 0.0718063 @ 95% CL
Total toys: 0
Done in 0.00 min (cpu), 0.01 min (real)
