>>> including systematics
>>> using the Profile Likelihood test statistics modified for upper limits (Q_LHC)
>>> method used to compute upper limit is HybridNew
>>> random number generator seed is 123456
Adding /uscms_data/d2/lpcljm/sapta/SUSYSearch/LimitSetting/CMSSW_7_1_5/src to include path
Adding /cvmfs/cms.cern.ch/slc6_amd64_gcc481/lcg/roofit/5.34.18-cms3//include to include path
Input workspace 'w': 

RooWorkspace(w) w contents

variables
---------
(jerUp_unc,jerUp_unc_In,jesUp_unc,jesUp_unc_In,lumi,lumi_In,n_obs_binbin1,pdf_unc,pdf_unc_In,r,xs_Bkg,xs_Bkg_In)

p.d.f.s
-------
SimpleGaussianConstraint::jerUp_unc_Pdf[ x=jerUp_unc mean=jerUp_unc_In sigma=1 ] = 1
SimpleGaussianConstraint::jesUp_unc_Pdf[ x=jesUp_unc mean=jesUp_unc_In sigma=1 ] = 1
SimpleGaussianConstraint::lumi_Pdf[ x=lumi mean=lumi_In sigma=1 ] = 1
RooProdPdf::modelObs_b[ pdf_binbin1_bonly ] = 1.99147e-11
RooProdPdf::modelObs_s[ pdf_binbin1 ] = 1.82706e-11
RooProdPdf::model_b[ modelObs_b * nuisancePdf ] = 1.99147e-11
RooProdPdf::model_s[ modelObs_s * nuisancePdf ] = 1.82706e-11
RooProdPdf::nuisancePdf[ lumi_Pdf * jesUp_unc_Pdf * pdf_unc_Pdf * xs_Bkg_Pdf * jerUp_unc_Pdf ] = 1
RooPoisson::pdf_binbin1[ x=n_obs_binbin1 mean=n_exp_binbin1 ] = 1.82706e-11
RooPoisson::pdf_binbin1_bonly[ x=n_obs_binbin1 mean=n_exp_binbin1_bonly ] = 1.99147e-11
SimpleGaussianConstraint::pdf_unc_Pdf[ x=pdf_unc mean=pdf_unc_In sigma=1 ] = 1
SimpleGaussianConstraint::xs_Bkg_Pdf[ x=xs_Bkg mean=xs_Bkg_In sigma=1 ] = 1

functions
--------
RooAddition::n_exp_binbin1[ n_exp_binbin1_proc_BH + n_exp_binbin1_proc_Background ] = 5110.82
RooAddition::n_exp_binbin1_bonly[ n_exp_binbin1_proc_Background ] = 5109.82
ProcessNormalization::n_exp_binbin1_proc_BH[ thetaList=(lumi,jesUp_unc,pdf_unc,jerUp_unc) asymmThetaList=() otherFactorList=(r) ] = 1
ProcessNormalization::n_exp_binbin1_proc_Background[ thetaList=(xs_Bkg) asymmThetaList=() otherFactorList=() ] = 5109.82

datasets
--------
RooDataSet::data_obs(n_obs_binbin1)

named sets
----------
ModelConfig_GlobalObservables:(lumi_In,jesUp_unc_In,pdf_unc_In,xs_Bkg_In,jerUp_unc_In)
ModelConfig_NuisParams:(lumi,jesUp_unc,pdf_unc,xs_Bkg,jerUp_unc)
ModelConfig_Observables:(n_obs_binbin1)
ModelConfig_POI:(r)
ModelConfig_bonly_GlobalObservables:(lumi_In,jesUp_unc_In,pdf_unc_In,xs_Bkg_In,jerUp_unc_In)
ModelConfig_bonly_NuisParams:(lumi,jesUp_unc,pdf_unc,xs_Bkg,jerUp_unc)
ModelConfig_bonly_Observables:(n_obs_binbin1)
ModelConfig_bonly_POI:(r)
POI:(r)
globalObservables:(lumi_In,jesUp_unc_In,pdf_unc_In,xs_Bkg_In,jerUp_unc_In)
nuisances:(lumi,jesUp_unc,pdf_unc,xs_Bkg,jerUp_unc)
observables:(n_obs_binbin1)

generic objects
---------------
RooStats::ModelConfig::ModelConfig
RooStats::ModelConfig::ModelConfig_bonly
RooArgSet::discreteParams

Workspace has a ModelConfig for signal called 'ModelConfig', with contents:

=== Using the following for ModelConfig ===
Observables:             RooArgSet:: = (n_obs_binbin1)
Parameters of Interest:  RooArgSet:: = (r)
Nuisance Parameters:     RooArgSet:: = (lumi,jesUp_unc,pdf_unc,xs_Bkg,jerUp_unc)
Global Observables:      RooArgSet:: = (lumi_In,jesUp_unc_In,pdf_unc_In,xs_Bkg_In,jerUp_unc_In)
PDF:                     RooProdPdf::model_s[ modelObs_s * nuisancePdf ] = 1.82706e-11

Input ModelConfig 'ModelConfig': 

=== Using the following for ModelConfig ===
Observables:             RooArgSet:: = (n_obs_binbin1)
Parameters of Interest:  RooArgSet:: = (r)
Nuisance Parameters:     RooArgSet:: = (lumi,jesUp_unc,pdf_unc,xs_Bkg,jerUp_unc)
Global Observables:      RooArgSet:: = (lumi_In,jesUp_unc_In,pdf_unc_In,xs_Bkg_In,jerUp_unc_In)
PDF:                     RooProdPdf::model_s[ modelObs_s * nuisancePdf ] = 1.82706e-11

[#1] INFO:ObjectHandling -- RooWorkspace::import(w) importing RooUniform::prior
Computing limit starting from observation
  1) RooRealVar:: n_obs_binbin1 = 4670
Set default minimizer to Minuit2
Search for upper limit using pre-computed grid of p-values
  Do HypoTestResult_mh120_r2000_526961334 -> 2000 --> 2000
  Do HypoTestResult_mh120_r1000_2424291421 -> 1000 --> 1000
  Do HypoTestResult_mh120_r1250_10904172 -> 1250 --> 1250
  Do HypoTestResult_mh120_r1750_2218292635 -> 1750 --> 1750
  Do HypoTestResult_mh120_r2500_1469016449 -> 2500 --> 2500
  Do HypoTestResult_mh120_r500_36460353 -> 500 --> 500
  Do HypoTestResult_mh120_r2600_2252178500 -> 2600 --> 2600
  Do HypoTestResult_mh120_r750_657174720 -> 750 --> 750
  Do HypoTestResult_mh120_r2250_3716085350 -> 2250 --> 2250
GRID, as is.
  - 500  (CLs = 0.324704 +/- 0.0166125)
  - 750  (CLs = 0.159888 +/- 0.0109465)
  - 1000  (CLs = 0.0651396 +/- 0.00692591)
  - 1250  (CLs = 0.0171306 +/- 0.00350992)
  - 1750  (CLs = 0.000700771 +/- 0.000700876)
  - 2000  (CLs = 0 +/- 0)
  - 2250  (CLs = 0 +/- 0)
  - 2500  (CLs = 0 +/- 0)
  - 2600  (CLs = 0 +/- 0)
Bisecting range [0, 8]
At r = 1750:
	CLs      = 0.0357398 +/- 0.00288253
	CLb      = 0.8394 +/- 0.00519245
	CLsplusb = 0.03 +/- 0.00241247

    Midpoint 4 value 0.0357398 +/- 0.00288253
    Tightening Range
At r = 1000:
	CLs      = 0.337381 +/- 0.00786765
	CLb      = 0.84 +/- 0.00518459
	CLsplusb = 0.2834 +/- 0.00637314

        Lowpoint 2 value 0.337381 +/- 0.00786765
At r = 1250:
	CLs      = 0.182988 +/- 0.00617933
	CLb      = 0.8394 +/- 0.00519245
	CLsplusb = 0.1536 +/- 0.00509916

        Lowpoint 3 value 0.182988 +/- 0.00617933
At r = 2250:
	CLs      = 0.00284158 +/- 0.00081949
	CLb      = 0.8446 +/- 0.00512349
	CLsplusb = 0.0024 +/- 0.000691988

        Highpoint 6 value 0.00284158 +/- 0.00081949
At r = 2000:
	CLs      = 0.00900901 +/- 0.00145692
	CLb      = 0.8436 +/- 0.00513691
	CLsplusb = 0.0076 +/- 0.00122819

        Highpoint 5 value 0.00900901 +/- 0.00145692
Final range [3, 5]
  Will not use point 0 (r 500)
  Will not use point 1 (r 750)
  Will not use point 2 (r 1000)
   Point 3 (r 1250) was already updated during search.
   Point 4 (r 1750) was already updated during search.
   Point 5 (r 2000) was already updated during search.
  Will not use point 6 (r 2250)
  Will not use point 7 (r 2500)
  Will not use point 8 (r 2600)
  r 1250.00: CLs = 0.1830 +/- 0.0062
  r 1750.00: CLs = 0.0357 +/- 0.0029
  r 2000.00: CLs = 0.0090 +/- 0.0015
 after scan x ~ 1750, bounds [ 1250, 2000]

 -- HybridNew, before fit -- 
Limit: r < 1750 +/- 500 [1250, 2000]

****************************************
Minimizer is Minuit2 / Migrad
Chi2                      =      8.40067
NDf                       =            1
Edm                       =   1.6972e-06
NCalls                    =           60
p0                        =         0.05                      	 (fixed)
p1                        =  -0.00367489   +/-   0.000134    
p2                        =      1605.33   +/-   12.652      
Fit to 3 points: 1605.33 +/- 12.652

 -- Hybrid New -- 
Limit: r < 1605.33 +/- 12.652 @ 95% CL
Total toys: 0
Done in 0.00 min (cpu), 0.01 min (real)
