>>> including systematics
>>> using the Profile Likelihood test statistics modified for upper limits (Q_LHC)
>>> method used to compute upper limit is HybridNew
>>> Using OpenSSL to get a really random seed 
>>> Used OpenSSL to get a really random seed -98942254
Adding /uscms_data/d2/lpcljm/sapta/SUSYSearch/LimitSetting/CMSSW_7_1_5/src to include path
Adding /cvmfs/cms.cern.ch/slc6_amd64_gcc481/lcg/roofit/5.34.18-cms3//include to include path
Input workspace 'w': 

RooWorkspace(w) w contents

variables
---------
(jerUp_unc,jerUp_unc_In,jesUp_unc,jesUp_unc_In,lumi,lumi_In,n_obs_binbin1,pdf_unc,pdf_unc_In,r,xs_Bkg,xs_Bkg_In)

p.d.f.s
-------
SimpleGaussianConstraint::jerUp_unc_Pdf[ x=jerUp_unc mean=jerUp_unc_In sigma=1 ] = 1
SimpleGaussianConstraint::jesUp_unc_Pdf[ x=jesUp_unc mean=jesUp_unc_In sigma=1 ] = 1
SimpleGaussianConstraint::lumi_Pdf[ x=lumi mean=lumi_In sigma=1 ] = 1
RooProdPdf::modelObs_b[ pdf_binbin1_bonly ] = 1.39599e-05
RooProdPdf::modelObs_s[ pdf_binbin1 ] = 1.05037e-05
RooProdPdf::model_b[ modelObs_b * nuisancePdf ] = 1.39599e-05
RooProdPdf::model_s[ modelObs_s * nuisancePdf ] = 1.05037e-05
RooProdPdf::nuisancePdf[ lumi_Pdf * jesUp_unc_Pdf * pdf_unc_Pdf * xs_Bkg_Pdf * jerUp_unc_Pdf ] = 1
RooPoisson::pdf_binbin1[ x=n_obs_binbin1 mean=n_exp_binbin1 ] = 1.05037e-05
RooPoisson::pdf_binbin1_bonly[ x=n_obs_binbin1 mean=n_exp_binbin1_bonly ] = 1.39599e-05
SimpleGaussianConstraint::pdf_unc_Pdf[ x=pdf_unc mean=pdf_unc_In sigma=1 ] = 1
SimpleGaussianConstraint::xs_Bkg_Pdf[ x=xs_Bkg mean=xs_Bkg_In sigma=1 ] = 1

functions
--------
RooAddition::n_exp_binbin1[ n_exp_binbin1_proc_BH + n_exp_binbin1_proc_Background ] = 177.989
RooAddition::n_exp_binbin1_bonly[ n_exp_binbin1_proc_Background ] = 176.989
ProcessNormalization::n_exp_binbin1_proc_BH[ thetaList=(lumi,jesUp_unc,pdf_unc,jerUp_unc) asymmThetaList=() otherFactorList=(r) ] = 1
ProcessNormalization::n_exp_binbin1_proc_Background[ thetaList=(xs_Bkg) asymmThetaList=() otherFactorList=() ] = 176.989

datasets
--------
RooDataSet::data_obs(n_obs_binbin1)

named sets
----------
ModelConfig_GlobalObservables:(lumi_In,jesUp_unc_In,pdf_unc_In,xs_Bkg_In,jerUp_unc_In)
ModelConfig_NuisParams:(lumi,jesUp_unc,pdf_unc,xs_Bkg,jerUp_unc)
ModelConfig_Observables:(n_obs_binbin1)
ModelConfig_POI:(r)
ModelConfig_bonly_GlobalObservables:(lumi_In,jesUp_unc_In,pdf_unc_In,xs_Bkg_In,jerUp_unc_In)
ModelConfig_bonly_NuisParams:(lumi,jesUp_unc,pdf_unc,xs_Bkg,jerUp_unc)
ModelConfig_bonly_Observables:(n_obs_binbin1)
ModelConfig_bonly_POI:(r)
POI:(r)
globalObservables:(lumi_In,jesUp_unc_In,pdf_unc_In,xs_Bkg_In,jerUp_unc_In)
nuisances:(lumi,jesUp_unc,pdf_unc,xs_Bkg,jerUp_unc)
observables:(n_obs_binbin1)

generic objects
---------------
RooStats::ModelConfig::ModelConfig
RooStats::ModelConfig::ModelConfig_bonly
RooArgSet::discreteParams

Workspace has a ModelConfig for signal called 'ModelConfig', with contents:

=== Using the following for ModelConfig ===
Observables:             RooArgSet:: = (n_obs_binbin1)
Parameters of Interest:  RooArgSet:: = (r)
Nuisance Parameters:     RooArgSet:: = (lumi,jesUp_unc,pdf_unc,xs_Bkg,jerUp_unc)
Global Observables:      RooArgSet:: = (lumi_In,jesUp_unc_In,pdf_unc_In,xs_Bkg_In,jerUp_unc_In)
PDF:                     RooProdPdf::model_s[ modelObs_s * nuisancePdf ] = 1.05037e-05

Input ModelConfig 'ModelConfig': 

=== Using the following for ModelConfig ===
Observables:             RooArgSet:: = (n_obs_binbin1)
Parameters of Interest:  RooArgSet:: = (r)
Nuisance Parameters:     RooArgSet:: = (lumi,jesUp_unc,pdf_unc,xs_Bkg,jerUp_unc)
Global Observables:      RooArgSet:: = (lumi_In,jesUp_unc_In,pdf_unc_In,xs_Bkg_In,jerUp_unc_In)
PDF:                     RooProdPdf::model_s[ modelObs_s * nuisancePdf ] = 1.05037e-05

[#1] INFO:ObjectHandling -- RooWorkspace::import(w) importing RooUniform::prior
Computing limit starting from observation
  1) RooRealVar:: n_obs_binbin1 = 127
Set default minimizer to Minuit2
  r = 100 +/- 0
[#1] INFO:Minization --  Including the following contraint terms in minimization: (nuisancePdf)
[#1] INFO:Fitting -- RooAddition::defaultErrorLevel(nll_model_s_data_obs_with_constr) Summation contains a RooNLLVar, using its error level
Minuit2Minimizer: Minimize with max-calls 2500 convergence for edm < 0.01 strategy 1
MnSeedGenerator: for initial parameters FCN = 15.774
MnSeedGenerator: Initial state:   - FCN =   15.77401775306 Edm =        6.877 NCalls =     21
VariableMetric: start iterating until Edm is < 1e-05
VariableMetric: Initial state   - FCN =   15.77401775306 Edm =        6.877 NCalls =     21
VariableMetric: Iteration #   1 - FCN =   8.186724744037 Edm =  0.000630863 NCalls =     34
VariableMetric: Iteration #   2 - FCN =   8.185857914862 Edm =  5.07288e-10 NCalls =     46
VariableMetric: After Hessian   - FCN =   8.185857914862 Edm =   5.9856e-10 NCalls =     77
Number of iterations 4
----------> Iteration 0
            FVAL = 15.7740177531 Edm = 6.87700388778 Nfcn = 21
            Error matrix change = 1
            Parameters :  p0 = 0 p1 = 0 p2 = 0 p3 = 0 p4 = 0
----------> Iteration 1
            FVAL = 8.18672474404 Edm = 0.00063086345635 Nfcn = 34
            Error matrix change = 0.500524
            Parameters :  p0 = 0 p1 = 0 p2 = 0 p3 = 0 p4 = -0.685941
----------> Iteration 2
            FVAL = 8.18585791486 Edm = 5.07287812116e-10 Nfcn = 46
            Error matrix change = 0.250939
            Parameters :  p0 = 0 p1 = 0 p2 = 0 p3 = 0 p4 = -0.693748
----------> Iteration 3
            FVAL = 8.18585791486 Edm = 5.98559937301e-10 Nfcn = 77
            Error matrix change = 0
            Parameters :  p0 = 0 p1 = 0 p2 = 0 p3 = 0 p4 = -0.693748
Minuit2Minimizer : Valid minimum - status = 0
FVAL  = 8.18585791486240666
Edm   = 5.98559937301222222e-10
Nfcn  = 77
jerUp_unc	  = 0	 +/-  0.996602	(limited)
jesUp_unc	  = 0	 +/-  0.996602	(limited)
lumi	  = 0	 +/-  0.996602	(limited)
pdf_unc	  = 0	 +/-  0.996602	(limited)
xs_Bkg	  = -0.693748	 +/-  0.187747	(limited)
Zero signal fit
   0) jerUp_unc                      =         0
   1) jesUp_unc                      =         0
   2) lumi                           =         0
   3) pdf_unc                        =         0
   4) xs_Bkg                         = -0.693748

Fitting of the background hypothesis done in 0.291229 s
[#1] INFO:Fitting -- RooAddition::defaultErrorLevel(nll_model_s_data_obs_with_constr) Summation contains a RooNLLVar, using its error level
Minuit2Minimizer: Minimize with max-calls 2500 convergence for edm < 0.01 strategy 1
MnSeedGenerator: for initial parameters FCN = 35.0854
MnSeedGenerator: Initial state:   - FCN =   35.08537961427 Edm =      22.7578 NCalls =     21
VariableMetric: start iterating until Edm is < 1e-05
VariableMetric: Initial state   - FCN =   35.08537961427 Edm =      22.7578 NCalls =     21
VariableMetric: Iteration #   1 - FCN =   17.01757505826 Edm =       1.7324 NCalls =     33
VariableMetric: Iteration #   2 - FCN =   13.23564202881 Edm =     0.212999 NCalls =     46
VariableMetric: Iteration #   3 - FCN =   12.88772861535 Edm =    0.0156474 NCalls =     58
VariableMetric: Iteration #   4 - FCN =    12.8660368975 Edm =  0.000123253 NCalls =     70
VariableMetric: Iteration #   5 - FCN =   12.86589440666 Edm =  3.55308e-07 NCalls =     82
VariableMetric: After Hessian   - FCN =   12.86589440666 Edm =  4.04865e-07 NCalls =    113
Number of iterations 7
----------> Iteration 0
            FVAL = 35.0853796143 Edm = 22.7577869371 Nfcn = 21
            Error matrix change = 1
            Parameters :  p0 = 0 p1 = 0 p2 = 0 p3 = 0 p4 = -0.693748
----------> Iteration 1
            FVAL = 17.0175750583 Edm = 1.73240002958 Nfcn = 33
            Error matrix change = 0.600701
            Parameters :  p0 = -1.27633 p1 = -1.50538 p2 = -1.41884 p3 = -1.69256 p4 = -1.6309
----------> Iteration 2
            FVAL = 13.2356420288 Edm = 0.212998863475 Nfcn = 46
            Error matrix change = 0.39821
            Parameters :  p0 = -0.212354 p1 = -0.410183 p2 = -0.324989 p3 = -0.649946 p4 = -2.36114
----------> Iteration 3
            FVAL = 12.8877286154 Edm = 0.0156473711192 Nfcn = 58
            Error matrix change = 0.238348
            Parameters :  p0 = -0.485848 p1 = -0.563698 p2 = -0.532227 p3 = -0.652061 p4 = -2.57682
----------> Iteration 4
            FVAL = 12.8660368975 Edm = 0.00012325314781 Nfcn = 70
            Error matrix change = 0.169107
            Parameters :  p0 = -0.398752 p1 = -0.49132 p2 = -0.455119 p3 = -0.578332 p4 = -2.65572
----------> Iteration 5
            FVAL = 12.8658944067 Edm = 3.55307945735e-07 Nfcn = 82
            Error matrix change = 0.103775
            Parameters :  p0 = -0.39666 p1 = -0.49366 p2 = -0.455062 p3 = -0.588515 p4 = -2.65951
----------> Iteration 6
            FVAL = 12.8658944067 Edm = 4.0486524099e-07 Nfcn = 113
            Error matrix change = 0
            Parameters :  p0 = -0.39666 p1 = -0.49366 p2 = -0.455062 p3 = -0.588515 p4 = -2.65951
Minuit2Minimizer : Valid minimum - status = 0
FVAL  = 12.8658944066572811
Edm   = 4.04865240990485008e-07
Nfcn  = 113
jerUp_unc	  = -0.39666	 +/-  0.978632	(limited)
jesUp_unc	  = -0.49366	 +/-  0.96865	(limited)
lumi	  = -0.455062	 +/-  0.972905	(limited)
pdf_unc	  = -0.588515	 +/-  0.956473	(limited)
xs_Bkg	  = -2.65951	 +/-  0.460702	(limited)
Reference signal fit
   0) jerUp_unc                      =  -0.39666
   1) jesUp_unc                      =  -0.49366
   2) lumi                           = -0.455062
   3) pdf_unc                        = -0.588515
   4) xs_Bkg                         =  -2.65951

Fitting of the signal-plus-background hypothesis done in 0.00253415 s
      Evaluation of p-values done in  6.69851 s
	CLs = 0.00353357 +/- 0.00353628
      Evaluation of p-values done in  6.45582 s
	CLs = 0.00702988 +/- 0.00352026
      Evaluation of p-values done in  6.56285 s
	CLs = 0.00592417 +/- 0.0026528
      Evaluation of p-values done in  6.1147 s
	CLs = 0.00537634 +/- 0.00219749
      Evaluation of p-values done in  6.16617 s
	CLs = 0.00508721 +/- 0.00192498
	CLs      = 0.00508721 +/- 0.00192498
	CLb      = 0.2752 +/- 0.00631609
	CLsplusb = 0.0014 +/- 0.00052878

Hybrid result saved as HypoTestResult_mh120_r100_2649979253 in higgsCombineTest.HybridNew.mH120.-98942254.root : higgsCombineTest.HybridNew.mH120.-98942254.root:/toys

 -- Hybrid New -- 
CLs = 0.00508721 +/- 0.00192498
Total toys: 10000
Done in 0.00 min (cpu), 0.54 min (real)
