>>> including systematics
>>> using the Profile Likelihood test statistics modified for upper limits (Q_LHC)
>>> method used to compute upper limit is HybridNew
>>> Using OpenSSL to get a really random seed 
>>> Used OpenSSL to get a really random seed 1574973313
Adding /uscms_data/d2/lpcljm/sapta/SUSYSearch/LimitSetting/CMSSW_7_1_5/src to include path
Adding /cvmfs/cms.cern.ch/slc6_amd64_gcc481/lcg/roofit/5.34.18-cms3//include to include path
Input workspace 'w': 

RooWorkspace(w) w contents

variables
---------
(jerUp_unc,jerUp_unc_In,jesUp_unc,jesUp_unc_In,lumi,lumi_In,n_obs_binbin1,pdf_unc,pdf_unc_In,r,xs_Bkg,xs_Bkg_In)

p.d.f.s
-------
SimpleGaussianConstraint::jerUp_unc_Pdf[ x=jerUp_unc mean=jerUp_unc_In sigma=1 ] = 1
SimpleGaussianConstraint::jesUp_unc_Pdf[ x=jesUp_unc mean=jesUp_unc_In sigma=1 ] = 1
SimpleGaussianConstraint::lumi_Pdf[ x=lumi mean=lumi_In sigma=1 ] = 1
RooProdPdf::modelObs_b[ pdf_binbin1_bonly ] = 0.0244536
RooProdPdf::modelObs_s[ pdf_binbin1 ] = 0.0133898
RooProdPdf::model_b[ modelObs_b * nuisancePdf ] = 0.0244536
RooProdPdf::model_s[ modelObs_s * nuisancePdf ] = 0.0133898
RooProdPdf::nuisancePdf[ lumi_Pdf * jesUp_unc_Pdf * pdf_unc_Pdf * xs_Bkg_Pdf * jerUp_unc_Pdf ] = 1
RooPoisson::pdf_binbin1[ x=n_obs_binbin1 mean=n_exp_binbin1 ] = 0.0133898
RooPoisson::pdf_binbin1_bonly[ x=n_obs_binbin1 mean=n_exp_binbin1_bonly ] = 0.0244536
SimpleGaussianConstraint::pdf_unc_Pdf[ x=pdf_unc mean=pdf_unc_In sigma=1 ] = 1
SimpleGaussianConstraint::xs_Bkg_Pdf[ x=xs_Bkg mean=xs_Bkg_In sigma=1 ] = 1

functions
--------
RooAddition::n_exp_binbin1[ n_exp_binbin1_proc_BH + n_exp_binbin1_proc_Background ] = 10.5656
RooAddition::n_exp_binbin1_bonly[ n_exp_binbin1_proc_Background ] = 9.56563
ProcessNormalization::n_exp_binbin1_proc_BH[ thetaList=(lumi,jesUp_unc,pdf_unc,jerUp_unc) asymmThetaList=() otherFactorList=(r) ] = 1
ProcessNormalization::n_exp_binbin1_proc_Background[ thetaList=(xs_Bkg) asymmThetaList=() otherFactorList=() ] = 9.56563

datasets
--------
RooDataSet::data_obs(n_obs_binbin1)

named sets
----------
ModelConfig_GlobalObservables:(lumi_In,jesUp_unc_In,pdf_unc_In,xs_Bkg_In,jerUp_unc_In)
ModelConfig_NuisParams:(lumi,jesUp_unc,pdf_unc,xs_Bkg,jerUp_unc)
ModelConfig_Observables:(n_obs_binbin1)
ModelConfig_POI:(r)
ModelConfig_bonly_GlobalObservables:(lumi_In,jesUp_unc_In,pdf_unc_In,xs_Bkg_In,jerUp_unc_In)
ModelConfig_bonly_NuisParams:(lumi,jesUp_unc,pdf_unc,xs_Bkg,jerUp_unc)
ModelConfig_bonly_Observables:(n_obs_binbin1)
ModelConfig_bonly_POI:(r)
POI:(r)
globalObservables:(lumi_In,jesUp_unc_In,pdf_unc_In,xs_Bkg_In,jerUp_unc_In)
nuisances:(lumi,jesUp_unc,pdf_unc,xs_Bkg,jerUp_unc)
observables:(n_obs_binbin1)

generic objects
---------------
RooStats::ModelConfig::ModelConfig
RooStats::ModelConfig::ModelConfig_bonly
RooArgSet::discreteParams

Workspace has a ModelConfig for signal called 'ModelConfig', with contents:

=== Using the following for ModelConfig ===
Observables:             RooArgSet:: = (n_obs_binbin1)
Parameters of Interest:  RooArgSet:: = (r)
Nuisance Parameters:     RooArgSet:: = (lumi,jesUp_unc,pdf_unc,xs_Bkg,jerUp_unc)
Global Observables:      RooArgSet:: = (lumi_In,jesUp_unc_In,pdf_unc_In,xs_Bkg_In,jerUp_unc_In)
PDF:                     RooProdPdf::model_s[ modelObs_s * nuisancePdf ] = 0.0133898

Input ModelConfig 'ModelConfig': 

=== Using the following for ModelConfig ===
Observables:             RooArgSet:: = (n_obs_binbin1)
Parameters of Interest:  RooArgSet:: = (r)
Nuisance Parameters:     RooArgSet:: = (lumi,jesUp_unc,pdf_unc,xs_Bkg,jerUp_unc)
Global Observables:      RooArgSet:: = (lumi_In,jesUp_unc_In,pdf_unc_In,xs_Bkg_In,jerUp_unc_In)
PDF:                     RooProdPdf::model_s[ modelObs_s * nuisancePdf ] = 0.0133898

[#1] INFO:ObjectHandling -- RooWorkspace::import(w) importing RooUniform::prior
Computing limit starting from observation
  1) RooRealVar:: n_obs_binbin1 = 4
Set default minimizer to Minuit2
  r = 10 +/- 0
[#1] INFO:Minization --  Including the following contraint terms in minimization: (nuisancePdf)
[#1] INFO:Fitting -- RooAddition::defaultErrorLevel(nll_model_s_data_obs_with_constr) Summation contains a RooNLLVar, using its error level
Minuit2Minimizer: Minimize with max-calls 2500 convergence for edm < 0.01 strategy 1
MnSeedGenerator: for initial parameters FCN = 8.30567
MnSeedGenerator: Initial state:   - FCN =   8.305670632933 Edm =      1.40568 NCalls =     21
VariableMetric: start iterating until Edm is < 1e-05
VariableMetric: Initial state   - FCN =   8.305670632933 Edm =      1.40568 NCalls =     21
VariableMetric: Iteration #   1 - FCN =   6.641888217436 Edm =  0.000856429 NCalls =     34
VariableMetric: Iteration #   2 - FCN =   6.640414173362 Edm =  2.15119e-08 NCalls =     46
VariableMetric: After Hessian   - FCN =   6.640414173362 Edm =  2.89073e-08 NCalls =     77
Number of iterations 4
----------> Iteration 0
            FVAL = 8.30567063293 Edm = 1.40567843222 Nfcn = 21
            Error matrix change = 1
            Parameters :  p0 = 0 p1 = 0 p2 = 0 p3 = 0 p4 = 0
----------> Iteration 1
            FVAL = 6.64188821744 Edm = 0.000856429446831 Nfcn = 34
            Error matrix change = 0.50465
            Parameters :  p0 = 0 p1 = 0 p2 = 0 p3 = 0 p4 = -0.766912
----------> Iteration 2
            FVAL = 6.64041417336 Edm = 2.15118630401e-08 Nfcn = 46
            Error matrix change = 0.259062
            Parameters :  p0 = 0 p1 = 0 p2 = 0 p3 = 0 p4 = -0.792578
----------> Iteration 3
            FVAL = 6.64041417336 Edm = 2.89073476981e-08 Nfcn = 77
            Error matrix change = 0
            Parameters :  p0 = 0 p1 = 0 p2 = 0 p3 = 0 p4 = -0.792578
Minuit2Minimizer : Valid minimum - status = 0
FVAL  = 6.64041417336160933
Edm   = 2.8907347698073184e-08
Nfcn  = 77
jerUp_unc	  = 0	 +/-  0.996602	(limited)
jesUp_unc	  = 0	 +/-  0.996602	(limited)
lumi	  = 0	 +/-  0.996602	(limited)
pdf_unc	  = 0	 +/-  0.996602	(limited)
xs_Bkg	  = -0.792578	 +/-  0.475729	(limited)
Zero signal fit
   0) jerUp_unc                      =         0
   1) jesUp_unc                      =         0
   2) lumi                           =         0
   3) pdf_unc                        =         0
   4) xs_Bkg                         = -0.792578

Fitting of the background hypothesis done in 0.25977 s
[#1] INFO:Fitting -- RooAddition::defaultErrorLevel(nll_model_s_data_obs_with_constr) Summation contains a RooNLLVar, using its error level
Minuit2Minimizer: Minimize with max-calls 2500 convergence for edm < 0.01 strategy 1
MnSeedGenerator: for initial parameters FCN = 12.2223
MnSeedGenerator: Initial state:   - FCN =   12.22228571038 Edm =     0.886692 NCalls =     21
VariableMetric: start iterating until Edm is < 1e-05
VariableMetric: Initial state   - FCN =   12.22228571038 Edm =     0.886692 NCalls =     21
VariableMetric: Iteration #   1 - FCN =   11.29604281476 Edm =    0.0197711 NCalls =     32
VariableMetric: Iteration #   2 - FCN =   11.26659581419 Edm =   9.9717e-05 NCalls =     44
VariableMetric: Iteration #   3 - FCN =   11.26648298756 Edm =  1.45898e-08 NCalls =     56
VariableMetric: After Hessian   - FCN =   11.26648298756 Edm =   1.5014e-08 NCalls =     87
Number of iterations 5
----------> Iteration 0
            FVAL = 12.2222857104 Edm = 0.886691517163 Nfcn = 21
            Error matrix change = 1
            Parameters :  p0 = 0 p1 = 0 p2 = 0 p3 = 0 p4 = -0.792578
----------> Iteration 1
            FVAL = 11.2960428148 Edm = 0.0197710851793 Nfcn = 32
            Error matrix change = 0.532255
            Parameters :  p0 = -0.28326 p1 = -0.349676 p2 = -0.323373 p3 = -0.413794 p4 = -1.3675
----------> Iteration 2
            FVAL = 11.2665958142 Edm = 9.97169700655e-05 Nfcn = 44
            Error matrix change = 0.284603
            Parameters :  p0 = -0.242382 p1 = -0.30292 p2 = -0.278684 p3 = -0.363653 p4 = -1.50863
----------> Iteration 3
            FVAL = 11.2664829876 Edm = 1.45898111957e-08 Nfcn = 56
            Error matrix change = 0.156262
            Parameters :  p0 = -0.248091 p1 = -0.308533 p2 = -0.284429 p3 = -0.368389 p4 = -1.51473
----------> Iteration 4
            FVAL = 11.2664829876 Edm = 1.50140366162e-08 Nfcn = 87
            Error matrix change = 0
            Parameters :  p0 = -0.248091 p1 = -0.308533 p2 = -0.284429 p3 = -0.368389 p4 = -1.51473
Minuit2Minimizer : Valid minimum - status = 0
FVAL  = 11.2664829875644159
Edm   = 1.50140366162380051e-08
Nfcn  = 87
jerUp_unc	  = -0.248091	 +/-  0.990524	(limited)
jesUp_unc	  = -0.308533	 +/-  0.987179	(limited)
lumi	  = -0.284429	 +/-  0.988602	(limited)
pdf_unc	  = -0.368389	 +/-  0.983134	(limited)
xs_Bkg	  = -1.51473	 +/-  0.645572	(limited)
Reference signal fit
   0) jerUp_unc                      = -0.248091
   1) jesUp_unc                      = -0.308533
   2) lumi                           = -0.284429
   3) pdf_unc                        = -0.368389
   4) xs_Bkg                         =  -1.51473

Fitting of the signal-plus-background hypothesis done in 0.00185513 s
      Evaluation of p-values done in  6.0131 s
	CLs = 0.0106383 +/- 0.00615625
      Evaluation of p-values done in  5.8806 s
	CLs = 0.00527241 +/- 0.00304748
      Evaluation of p-values done in  5.65121 s
	CLs = 0.00471143 +/- 0.00235812
      Evaluation of p-values done in  6.16933 s
	CLs = 0.00542495 +/- 0.00221741
      Evaluation of p-values done in  5.82966 s
	CLs = 0.0043573 +/- 0.0017806
	CLs      = 0.0043573 +/- 0.0017806
	CLb      = 0.2754 +/- 0.00631751
	CLsplusb = 0.0012 +/- 0.000489604

Hybrid result saved as HypoTestResult_mh120_r10_2006471593 in higgsCombineTest.HybridNew.mH120.1574973313.root : higgsCombineTest.HybridNew.mH120.1574973313.root:/toys

 -- Hybrid New -- 
CLs = 0.0043573 +/- 0.0017806
Total toys: 10000
Done in 0.00 min (cpu), 0.50 min (real)
