>>> including systematics
>>> using the Profile Likelihood test statistics modified for upper limits (Q_LHC)
>>> method used to compute upper limit is HybridNew
>>> Using OpenSSL to get a really random seed 
>>> Used OpenSSL to get a really random seed 1211573082
Adding /uscms_data/d2/lpcljm/sapta/SUSYSearch/LimitSetting/CMSSW_7_1_5/src to include path
Adding /cvmfs/cms.cern.ch/slc6_amd64_gcc481/lcg/roofit/5.34.18-cms3//include to include path
Input workspace 'w': 

RooWorkspace(w) w contents

variables
---------
(jerUp_unc,jerUp_unc_In,jesUp_unc,jesUp_unc_In,lumi,lumi_In,n_obs_binbin1,pdf_unc,pdf_unc_In,r,xs_Bkg,xs_Bkg_In)

p.d.f.s
-------
SimpleGaussianConstraint::jerUp_unc_Pdf[ x=jerUp_unc mean=jerUp_unc_In sigma=1 ] = 1
SimpleGaussianConstraint::jesUp_unc_Pdf[ x=jesUp_unc mean=jesUp_unc_In sigma=1 ] = 1
SimpleGaussianConstraint::lumi_Pdf[ x=lumi mean=lumi_In sigma=1 ] = 1
RooProdPdf::modelObs_b[ pdf_binbin1_bonly ] = 3.83246e-07
RooProdPdf::modelObs_s[ pdf_binbin1 ] = 3.15334e-07
RooProdPdf::model_b[ modelObs_b * nuisancePdf ] = 3.83246e-07
RooProdPdf::model_s[ modelObs_s * nuisancePdf ] = 3.15334e-07
RooProdPdf::nuisancePdf[ lumi_Pdf * jesUp_unc_Pdf * pdf_unc_Pdf * xs_Bkg_Pdf * jerUp_unc_Pdf ] = 1
RooPoisson::pdf_binbin1[ x=n_obs_binbin1 mean=n_exp_binbin1 ] = 3.15334e-07
RooPoisson::pdf_binbin1_bonly[ x=n_obs_binbin1 mean=n_exp_binbin1_bonly ] = 3.83246e-07
SimpleGaussianConstraint::pdf_unc_Pdf[ x=pdf_unc mean=pdf_unc_In sigma=1 ] = 1
SimpleGaussianConstraint::xs_Bkg_Pdf[ x=xs_Bkg mean=xs_Bkg_In sigma=1 ] = 1

functions
--------
RooAddition::n_exp_binbin1[ n_exp_binbin1_proc_BH + n_exp_binbin1_proc_Background ] = 535.932
RooAddition::n_exp_binbin1_bonly[ n_exp_binbin1_proc_Background ] = 534.932
ProcessNormalization::n_exp_binbin1_proc_BH[ thetaList=(lumi,jesUp_unc,pdf_unc,jerUp_unc) asymmThetaList=() otherFactorList=(r) ] = 1
ProcessNormalization::n_exp_binbin1_proc_Background[ thetaList=(xs_Bkg) asymmThetaList=() otherFactorList=() ] = 534.932

datasets
--------
RooDataSet::data_obs(n_obs_binbin1)

named sets
----------
ModelConfig_GlobalObservables:(lumi_In,jesUp_unc_In,pdf_unc_In,xs_Bkg_In,jerUp_unc_In)
ModelConfig_NuisParams:(lumi,jesUp_unc,pdf_unc,xs_Bkg,jerUp_unc)
ModelConfig_Observables:(n_obs_binbin1)
ModelConfig_POI:(r)
ModelConfig_bonly_GlobalObservables:(lumi_In,jesUp_unc_In,pdf_unc_In,xs_Bkg_In,jerUp_unc_In)
ModelConfig_bonly_NuisParams:(lumi,jesUp_unc,pdf_unc,xs_Bkg,jerUp_unc)
ModelConfig_bonly_Observables:(n_obs_binbin1)
ModelConfig_bonly_POI:(r)
POI:(r)
globalObservables:(lumi_In,jesUp_unc_In,pdf_unc_In,xs_Bkg_In,jerUp_unc_In)
nuisances:(lumi,jesUp_unc,pdf_unc,xs_Bkg,jerUp_unc)
observables:(n_obs_binbin1)

generic objects
---------------
RooStats::ModelConfig::ModelConfig
RooStats::ModelConfig::ModelConfig_bonly
RooArgSet::discreteParams

Workspace has a ModelConfig for signal called 'ModelConfig', with contents:

=== Using the following for ModelConfig ===
Observables:             RooArgSet:: = (n_obs_binbin1)
Parameters of Interest:  RooArgSet:: = (r)
Nuisance Parameters:     RooArgSet:: = (lumi,jesUp_unc,pdf_unc,xs_Bkg,jerUp_unc)
Global Observables:      RooArgSet:: = (lumi_In,jesUp_unc_In,pdf_unc_In,xs_Bkg_In,jerUp_unc_In)
PDF:                     RooProdPdf::model_s[ modelObs_s * nuisancePdf ] = 3.15334e-07

Input ModelConfig 'ModelConfig': 

=== Using the following for ModelConfig ===
Observables:             RooArgSet:: = (n_obs_binbin1)
Parameters of Interest:  RooArgSet:: = (r)
Nuisance Parameters:     RooArgSet:: = (lumi,jesUp_unc,pdf_unc,xs_Bkg,jerUp_unc)
Global Observables:      RooArgSet:: = (lumi_In,jesUp_unc_In,pdf_unc_In,xs_Bkg_In,jerUp_unc_In)
PDF:                     RooProdPdf::model_s[ modelObs_s * nuisancePdf ] = 3.15334e-07

[#1] INFO:ObjectHandling -- RooWorkspace::import(w) importing RooUniform::prior
Computing limit starting from observation
  1) RooRealVar:: n_obs_binbin1 = 431
Set default minimizer to Minuit2
  r = 110 +/- 0
[#1] INFO:Minization --  Including the following contraint terms in minimization: (nuisancePdf)
[#1] INFO:Fitting -- RooAddition::defaultErrorLevel(nll_model_s_data_obs_with_constr) Summation contains a RooNLLVar, using its error level
Minuit2Minimizer: Minimize with max-calls 2500 convergence for edm < 0.01 strategy 1
MnSeedGenerator: for initial parameters FCN = 19.3693
MnSeedGenerator: Initial state:   - FCN =   19.36928230571 Edm =       9.9368 NCalls =     21
VariableMetric: start iterating until Edm is < 1e-05
VariableMetric: Initial state   - FCN =   19.36928230571 Edm =       9.9368 NCalls =     21
VariableMetric: Iteration #   1 - FCN =   8.760355093371 Edm =     0.013628 NCalls =     33
VariableMetric: Iteration #   2 - FCN =   8.743548466498 Edm =  5.46515e-08 NCalls =     45
VariableMetric: After Hessian   - FCN =   8.743548466498 Edm =  6.14058e-08 NCalls =     76
Number of iterations 4
----------> Iteration 0
            FVAL = 19.3692823057 Edm = 9.93680373727 Nfcn = 21
            Error matrix change = 1
            Parameters :  p0 = 0 p1 = 0 p2 = 0 p3 = 0 p4 = 0
----------> Iteration 1
            FVAL = 8.76035509337 Edm = 0.0136279558775 Nfcn = 33
            Error matrix change = 0.500205
            Parameters :  p0 = 0 p1 = 0 p2 = 0 p3 = 0 p4 = -0.595474
----------> Iteration 2
            FVAL = 8.7435484665 Edm = 5.46515329067e-08 Nfcn = 45
            Error matrix change = 0.25036
            Parameters :  p0 = 0 p1 = 0 p2 = 0 p3 = 0 p4 = -0.620974
----------> Iteration 3
            FVAL = 8.7435484665 Edm = 6.14057825236e-08 Nfcn = 76
            Error matrix change = 0
            Parameters :  p0 = 0 p1 = 0 p2 = 0 p3 = 0 p4 = -0.620974
Minuit2Minimizer : Valid minimum - status = 0
FVAL  = 8.74354846649840667
Edm   = 6.14057825235919116e-08
Nfcn  = 76
jerUp_unc	  = 0	 +/-  0.996602	(limited)
jesUp_unc	  = 0	 +/-  0.996602	(limited)
lumi	  = 0	 +/-  0.996602	(limited)
pdf_unc	  = 0	 +/-  0.996602	(limited)
xs_Bkg	  = -0.620974	 +/-  0.139538	(limited)
Zero signal fit
   0) jerUp_unc                      =         0
   1) jesUp_unc                      =         0
   2) lumi                           =         0
   3) pdf_unc                        =         0
   4) xs_Bkg                         = -0.620974

Fitting of the background hypothesis done in 0.290551 s
[#1] INFO:Fitting -- RooAddition::defaultErrorLevel(nll_model_s_data_obs_with_constr) Summation contains a RooNLLVar, using its error level
Minuit2Minimizer: Minimize with max-calls 2500 convergence for edm < 0.01 strategy 1
MnSeedGenerator: for initial parameters FCN = 21.1427
MnSeedGenerator: Initial state:   - FCN =   21.14269648546 Edm =      12.3474 NCalls =     19
VariableMetric: start iterating until Edm is < 1e-05
VariableMetric: Initial state   - FCN =   21.14269648546 Edm =      12.3474 NCalls =     19
VariableMetric: Iteration #   1 - FCN =   11.05128799235 Edm =     0.889178 NCalls =     31
VariableMetric: Iteration #   2 - FCN =   9.634039618909 Edm =    0.0109194 NCalls =     43
VariableMetric: Iteration #   3 - FCN =   9.620027239624 Edm =  1.89765e-05 NCalls =     55
VariableMetric: Iteration #   4 - FCN =   9.620006943469 Edm =  2.82971e-08 NCalls =     67
VariableMetric: After Hessian   - FCN =   9.620006943469 Edm =  3.05868e-08 NCalls =     98
Number of iterations 6
----------> Iteration 0
            FVAL = 21.1426964855 Edm = 12.3473791734 Nfcn = 19
            Error matrix change = 1
            Parameters :  p0 = 0 p1 = 0 p2 = 0 p3 = 0 p4 = -0.620974
----------> Iteration 1
            FVAL = 11.0512879923 Edm = 0.889177601327 Nfcn = 31
            Error matrix change = 0.584667
            Parameters :  p0 = -0.691472 p1 = -0.832892 p2 = -0.778223 p3 = -0.958132 p4 = -1.18344
----------> Iteration 2
            FVAL = 9.63403961891 Edm = 0.0109193994273 Nfcn = 43
            Error matrix change = 0.395453
            Parameters :  p0 = -0.0194998 p1 = -0.0638617 p2 = -0.0439715 p3 = -0.12524 p4 = -1.40515
----------> Iteration 3
            FVAL = 9.62002723962 Edm = 1.89765179361e-05 Nfcn = 55
            Error matrix change = 0.204401
            Parameters :  p0 = -0.059327 p1 = -0.0698314 p2 = -0.0655553 p3 = -0.0821697 p4 = -1.43313
----------> Iteration 4
            FVAL = 9.62000694347 Edm = 2.82971252511e-08 Nfcn = 67
            Error matrix change = 0.121229
            Parameters :  p0 = -0.0546215 p1 = -0.0678594 p2 = -0.0626048 p3 = -0.080865 p4 = -1.43392
----------> Iteration 5
            FVAL = 9.62000694347 Edm = 3.05868276136e-08 Nfcn = 98
            Error matrix change = 0
            Parameters :  p0 = -0.0546215 p1 = -0.0678594 p2 = -0.0626048 p3 = -0.080865 p4 = -1.43392
Minuit2Minimizer : Valid minimum - status = 0
FVAL  = 9.62000694346945018
Edm   = 3.05868276135607187e-08
Nfcn  = 98
jerUp_unc	  = -0.0546215	 +/-  0.994577	(limited)
jesUp_unc	  = -0.0678594	 +/-  0.993467	(limited)
lumi	  = -0.0626048	 +/-  0.993939	(limited)
pdf_unc	  = -0.080865	 +/-  0.992127	(limited)
xs_Bkg	  = -1.43392	 +/-  0.203213	(limited)
Reference signal fit
   0) jerUp_unc                      = -0.0546215
   1) jesUp_unc                      = -0.0678594
   2) lumi                           = -0.0626048
   3) pdf_unc                        = -0.080865
   4) xs_Bkg                         =  -1.43392

Fitting of the signal-plus-background hypothesis done in 0.00236797 s
      Evaluation of p-values done in  6.521 s
	CLs = 0.275472 +/- 0.0342652
      Evaluation of p-values done in  6.26646 s
	CLs = 0.273245 +/- 0.0241972
      Evaluation of p-values done in  6.43416 s
	CLs = 0.282084 +/- 0.0201616
      Evaluation of p-values done in  6.24792 s
	CLs = 0.279847 +/- 0.0174048
      Evaluation of p-values done in  6.29649 s
	CLs = 0.276935 +/- 0.0154152
	CLs      = 0.276935 +/- 0.0154152
	CLb      = 0.2636 +/- 0.00623081
	CLsplusb = 0.073 +/- 0.00367889

Hybrid result saved as HypoTestResult_mh120_r110_1557596020 in higgsCombineTest.HybridNew.mH120.1211573082.root : higgsCombineTest.HybridNew.mH120.1211573082.root:/toys

 -- Hybrid New -- 
CLs = 0.276935 +/- 0.0154152
Total toys: 10000
Done in 0.00 min (cpu), 0.54 min (real)
