>>> including systematics
>>> using the Profile Likelihood test statistics modified for upper limits (Q_LHC)
>>> method used to compute upper limit is HybridNew
>>> Using OpenSSL to get a really random seed 
>>> Used OpenSSL to get a really random seed -1129977078
Adding /uscms_data/d2/lpcljm/sapta/SUSYSearch/LimitSetting/CMSSW_7_1_5/src to include path
Adding /cvmfs/cms.cern.ch/slc6_amd64_gcc481/lcg/roofit/5.34.18-cms3//include to include path
Input workspace 'w': 

RooWorkspace(w) w contents

variables
---------
(jerUp_unc,jerUp_unc_In,jesUp_unc,jesUp_unc_In,lumi,lumi_In,n_obs_binbin1,pdf_unc,pdf_unc_In,r,xs_Bkg,xs_Bkg_In)

p.d.f.s
-------
SimpleGaussianConstraint::jerUp_unc_Pdf[ x=jerUp_unc mean=jerUp_unc_In sigma=1 ] = 1
SimpleGaussianConstraint::jesUp_unc_Pdf[ x=jesUp_unc mean=jesUp_unc_In sigma=1 ] = 1
SimpleGaussianConstraint::lumi_Pdf[ x=lumi mean=lumi_In sigma=1 ] = 1
RooProdPdf::modelObs_b[ pdf_binbin1_bonly ] = 3.83246e-07
RooProdPdf::modelObs_s[ pdf_binbin1 ] = 3.15334e-07
RooProdPdf::model_b[ modelObs_b * nuisancePdf ] = 3.83246e-07
RooProdPdf::model_s[ modelObs_s * nuisancePdf ] = 3.15334e-07
RooProdPdf::nuisancePdf[ lumi_Pdf * jesUp_unc_Pdf * pdf_unc_Pdf * xs_Bkg_Pdf * jerUp_unc_Pdf ] = 1
RooPoisson::pdf_binbin1[ x=n_obs_binbin1 mean=n_exp_binbin1 ] = 3.15334e-07
RooPoisson::pdf_binbin1_bonly[ x=n_obs_binbin1 mean=n_exp_binbin1_bonly ] = 3.83246e-07
SimpleGaussianConstraint::pdf_unc_Pdf[ x=pdf_unc mean=pdf_unc_In sigma=1 ] = 1
SimpleGaussianConstraint::xs_Bkg_Pdf[ x=xs_Bkg mean=xs_Bkg_In sigma=1 ] = 1

functions
--------
RooAddition::n_exp_binbin1[ n_exp_binbin1_proc_BH + n_exp_binbin1_proc_Background ] = 535.932
RooAddition::n_exp_binbin1_bonly[ n_exp_binbin1_proc_Background ] = 534.932
ProcessNormalization::n_exp_binbin1_proc_BH[ thetaList=(lumi,jesUp_unc,pdf_unc,jerUp_unc) asymmThetaList=() otherFactorList=(r) ] = 1
ProcessNormalization::n_exp_binbin1_proc_Background[ thetaList=(xs_Bkg) asymmThetaList=() otherFactorList=() ] = 534.932

datasets
--------
RooDataSet::data_obs(n_obs_binbin1)

named sets
----------
ModelConfig_GlobalObservables:(lumi_In,jesUp_unc_In,pdf_unc_In,xs_Bkg_In,jerUp_unc_In)
ModelConfig_NuisParams:(lumi,jesUp_unc,pdf_unc,xs_Bkg,jerUp_unc)
ModelConfig_Observables:(n_obs_binbin1)
ModelConfig_POI:(r)
ModelConfig_bonly_GlobalObservables:(lumi_In,jesUp_unc_In,pdf_unc_In,xs_Bkg_In,jerUp_unc_In)
ModelConfig_bonly_NuisParams:(lumi,jesUp_unc,pdf_unc,xs_Bkg,jerUp_unc)
ModelConfig_bonly_Observables:(n_obs_binbin1)
ModelConfig_bonly_POI:(r)
POI:(r)
globalObservables:(lumi_In,jesUp_unc_In,pdf_unc_In,xs_Bkg_In,jerUp_unc_In)
nuisances:(lumi,jesUp_unc,pdf_unc,xs_Bkg,jerUp_unc)
observables:(n_obs_binbin1)

generic objects
---------------
RooStats::ModelConfig::ModelConfig
RooStats::ModelConfig::ModelConfig_bonly
RooArgSet::discreteParams

Workspace has a ModelConfig for signal called 'ModelConfig', with contents:

=== Using the following for ModelConfig ===
Observables:             RooArgSet:: = (n_obs_binbin1)
Parameters of Interest:  RooArgSet:: = (r)
Nuisance Parameters:     RooArgSet:: = (lumi,jesUp_unc,pdf_unc,xs_Bkg,jerUp_unc)
Global Observables:      RooArgSet:: = (lumi_In,jesUp_unc_In,pdf_unc_In,xs_Bkg_In,jerUp_unc_In)
PDF:                     RooProdPdf::model_s[ modelObs_s * nuisancePdf ] = 3.15334e-07

Input ModelConfig 'ModelConfig': 

=== Using the following for ModelConfig ===
Observables:             RooArgSet:: = (n_obs_binbin1)
Parameters of Interest:  RooArgSet:: = (r)
Nuisance Parameters:     RooArgSet:: = (lumi,jesUp_unc,pdf_unc,xs_Bkg,jerUp_unc)
Global Observables:      RooArgSet:: = (lumi_In,jesUp_unc_In,pdf_unc_In,xs_Bkg_In,jerUp_unc_In)
PDF:                     RooProdPdf::model_s[ modelObs_s * nuisancePdf ] = 3.15334e-07

[#1] INFO:ObjectHandling -- RooWorkspace::import(w) importing RooUniform::prior
Computing limit starting from observation
  1) RooRealVar:: n_obs_binbin1 = 431
Set default minimizer to Minuit2
  r = 130 +/- 0
[#1] INFO:Minization --  Including the following contraint terms in minimization: (nuisancePdf)
[#1] INFO:Fitting -- RooAddition::defaultErrorLevel(nll_model_s_data_obs_with_constr) Summation contains a RooNLLVar, using its error level
Minuit2Minimizer: Minimize with max-calls 2500 convergence for edm < 0.01 strategy 1
MnSeedGenerator: for initial parameters FCN = 19.3693
MnSeedGenerator: Initial state:   - FCN =   19.36928230571 Edm =       9.9368 NCalls =     21
VariableMetric: start iterating until Edm is < 1e-05
VariableMetric: Initial state   - FCN =   19.36928230571 Edm =       9.9368 NCalls =     21
VariableMetric: Iteration #   1 - FCN =   8.760355093371 Edm =     0.013628 NCalls =     33
VariableMetric: Iteration #   2 - FCN =   8.743548466498 Edm =  5.46515e-08 NCalls =     45
VariableMetric: After Hessian   - FCN =   8.743548466498 Edm =  6.14058e-08 NCalls =     76
Number of iterations 4
----------> Iteration 0
            FVAL = 19.3692823057 Edm = 9.93680373727 Nfcn = 21
            Error matrix change = 1
            Parameters :  p0 = 0 p1 = 0 p2 = 0 p3 = 0 p4 = 0
----------> Iteration 1
            FVAL = 8.76035509337 Edm = 0.0136279558775 Nfcn = 33
            Error matrix change = 0.500205
            Parameters :  p0 = 0 p1 = 0 p2 = 0 p3 = 0 p4 = -0.595474
----------> Iteration 2
            FVAL = 8.7435484665 Edm = 5.46515329067e-08 Nfcn = 45
            Error matrix change = 0.25036
            Parameters :  p0 = 0 p1 = 0 p2 = 0 p3 = 0 p4 = -0.620974
----------> Iteration 3
            FVAL = 8.7435484665 Edm = 6.14057825236e-08 Nfcn = 76
            Error matrix change = 0
            Parameters :  p0 = 0 p1 = 0 p2 = 0 p3 = 0 p4 = -0.620974
Minuit2Minimizer : Valid minimum - status = 0
FVAL  = 8.74354846649840667
Edm   = 6.14057825235919116e-08
Nfcn  = 76
jerUp_unc	  = 0	 +/-  0.996602	(limited)
jesUp_unc	  = 0	 +/-  0.996602	(limited)
lumi	  = 0	 +/-  0.996602	(limited)
pdf_unc	  = 0	 +/-  0.996602	(limited)
xs_Bkg	  = -0.620974	 +/-  0.139538	(limited)
Zero signal fit
   0) jerUp_unc                      =         0
   1) jesUp_unc                      =         0
   2) lumi                           =         0
   3) pdf_unc                        =         0
   4) xs_Bkg                         = -0.620974

Fitting of the background hypothesis done in 0.295251 s
[#1] INFO:Fitting -- RooAddition::defaultErrorLevel(nll_model_s_data_obs_with_constr) Summation contains a RooNLLVar, using its error level
Minuit2Minimizer: Minimize with max-calls 2500 convergence for edm < 0.01 strategy 1
MnSeedGenerator: for initial parameters FCN = 25.5484
MnSeedGenerator: Initial state:   - FCN =   25.54844216565 Edm =      17.2617 NCalls =     21
VariableMetric: start iterating until Edm is < 1e-05
VariableMetric: Initial state   - FCN =   25.54844216565 Edm =      17.2617 NCalls =     21
VariableMetric: Iteration #   1 - FCN =   12.14790006777 Edm =      1.26798 NCalls =     33
VariableMetric: Iteration #   2 - FCN =   9.932399684152 Edm =    0.0266781 NCalls =     45
VariableMetric: Iteration #   3 - FCN =   9.894865134646 Edm =  0.000101426 NCalls =     57
VariableMetric: Iteration #   4 - FCN =   9.894754741029 Edm =  2.74861e-07 NCalls =     69
VariableMetric: After Hessian   - FCN =   9.894754741029 Edm =  3.03976e-07 NCalls =    100
Number of iterations 6
----------> Iteration 0
            FVAL = 25.5484421656 Edm = 17.2617167563 Nfcn = 21
            Error matrix change = 1
            Parameters :  p0 = 0 p1 = 0 p2 = 0 p3 = 0 p4 = -0.620974
----------> Iteration 1
            FVAL = 12.1479000678 Edm = 1.26798387065 Nfcn = 33
            Error matrix change = 0.592804
            Parameters :  p0 = -0.869842 p1 = -1.03772 p2 = -0.973484 p3 = -1.18113 p4 = -1.24347
----------> Iteration 2
            FVAL = 9.93239968415 Edm = 0.0266781122798 Nfcn = 45
            Error matrix change = 0.412791
            Parameters :  p0 = -0.023944 p1 = -0.0982796 p2 = -0.0651635 p3 = -0.198218 p4 = -1.54856
----------> Iteration 3
            FVAL = 9.89486513465 Edm = 0.000101426136645 Nfcn = 57
            Error matrix change = 0.217433
            Parameters :  p0 = -0.0864264 p1 = -0.099108 p2 = -0.0937642 p3 = -0.116602 p4 = -1.5979
----------> Iteration 4
            FVAL = 9.89475474103 Edm = 2.74861475669e-07 Nfcn = 69
            Error matrix change = 0.131332
            Parameters :  p0 = -0.0760002 p1 = -0.0941447 p2 = -0.0869724 p3 = -0.111952 p4 = -1.60001
----------> Iteration 5
            FVAL = 9.89475474103 Edm = 3.03975920304e-07 Nfcn = 100
            Error matrix change = 0
            Parameters :  p0 = -0.0760002 p1 = -0.0941447 p2 = -0.0869724 p3 = -0.111952 p4 = -1.60001
Minuit2Minimizer : Valid minimum - status = 0
FVAL  = 9.89475474102885499
Edm   = 3.03975920304091733e-07
Nfcn  = 100
jerUp_unc	  = -0.0760002	 +/-  0.99362	(limited)
jesUp_unc	  = -0.0941447	 +/-  0.991983	(limited)
lumi	  = -0.0869724	 +/-  0.992679	(limited)
pdf_unc	  = -0.111952	 +/-  0.990007	(limited)
xs_Bkg	  = -1.60001	 +/-  0.221551	(limited)
Reference signal fit
   0) jerUp_unc                      = -0.0760002
   1) jesUp_unc                      = -0.0941447
   2) lumi                           = -0.0869724
   3) pdf_unc                        = -0.111952
   4) xs_Bkg                         =  -1.60001

Fitting of the signal-plus-background hypothesis done in 0.00237679 s
      Evaluation of p-values done in  6.48164 s
	CLs = 0.193431 +/- 0.0277069
      Evaluation of p-values done in  6.55532 s
	CLs = 0.189687 +/- 0.0194837
      Evaluation of p-values done in  6.74494 s
	CLs = 0.189763 +/- 0.0160579
      Evaluation of p-values done in  6.2749 s
	CLs = 0.182495 +/- 0.0135749
      Evaluation of p-values done in  6.56312 s
	CLs = 0.182576 +/- 0.012257
	CLs      = 0.182576 +/- 0.012257
	CLb      = 0.264 +/- 0.00623384
	CLsplusb = 0.0482 +/- 0.00302908

Hybrid result saved as HypoTestResult_mh120_r130_4048674335 in higgsCombineTest.HybridNew.mH120.-1129977078.root : higgsCombineTest.HybridNew.mH120.-1129977078.root:/toys

 -- Hybrid New -- 
CLs = 0.182576 +/- 0.012257
Total toys: 10000
Done in 0.00 min (cpu), 0.55 min (real)
