>>> including systematics
>>> using the Profile Likelihood test statistics modified for upper limits (Q_LHC)
>>> method used to compute upper limit is HybridNew
>>> Using OpenSSL to get a really random seed 
>>> Used OpenSSL to get a really random seed -676365861
Adding /uscms_data/d2/lpcljm/sapta/SUSYSearch/LimitSetting/CMSSW_7_1_5/src to include path
Adding /cvmfs/cms.cern.ch/slc6_amd64_gcc481/lcg/roofit/5.34.18-cms3//include to include path
Input workspace 'w': 

RooWorkspace(w) w contents

variables
---------
(jerUp_unc,jerUp_unc_In,jesUp_unc,jesUp_unc_In,lumi,lumi_In,n_obs_binbin1,pdf_unc,pdf_unc_In,r,xs_Bkg,xs_Bkg_In)

p.d.f.s
-------
SimpleGaussianConstraint::jerUp_unc_Pdf[ x=jerUp_unc mean=jerUp_unc_In sigma=1 ] = 1
SimpleGaussianConstraint::jesUp_unc_Pdf[ x=jesUp_unc mean=jesUp_unc_In sigma=1 ] = 1
SimpleGaussianConstraint::lumi_Pdf[ x=lumi mean=lumi_In sigma=1 ] = 1
RooProdPdf::modelObs_b[ pdf_binbin1_bonly ] = 3.83246e-07
RooProdPdf::modelObs_s[ pdf_binbin1 ] = 3.15334e-07
RooProdPdf::model_b[ modelObs_b * nuisancePdf ] = 3.83246e-07
RooProdPdf::model_s[ modelObs_s * nuisancePdf ] = 3.15334e-07
RooProdPdf::nuisancePdf[ lumi_Pdf * jesUp_unc_Pdf * pdf_unc_Pdf * xs_Bkg_Pdf * jerUp_unc_Pdf ] = 1
RooPoisson::pdf_binbin1[ x=n_obs_binbin1 mean=n_exp_binbin1 ] = 3.15334e-07
RooPoisson::pdf_binbin1_bonly[ x=n_obs_binbin1 mean=n_exp_binbin1_bonly ] = 3.83246e-07
SimpleGaussianConstraint::pdf_unc_Pdf[ x=pdf_unc mean=pdf_unc_In sigma=1 ] = 1
SimpleGaussianConstraint::xs_Bkg_Pdf[ x=xs_Bkg mean=xs_Bkg_In sigma=1 ] = 1

functions
--------
RooAddition::n_exp_binbin1[ n_exp_binbin1_proc_BH + n_exp_binbin1_proc_Background ] = 535.932
RooAddition::n_exp_binbin1_bonly[ n_exp_binbin1_proc_Background ] = 534.932
ProcessNormalization::n_exp_binbin1_proc_BH[ thetaList=(lumi,jesUp_unc,pdf_unc,jerUp_unc) asymmThetaList=() otherFactorList=(r) ] = 1
ProcessNormalization::n_exp_binbin1_proc_Background[ thetaList=(xs_Bkg) asymmThetaList=() otherFactorList=() ] = 534.932

datasets
--------
RooDataSet::data_obs(n_obs_binbin1)

named sets
----------
ModelConfig_GlobalObservables:(lumi_In,jesUp_unc_In,pdf_unc_In,xs_Bkg_In,jerUp_unc_In)
ModelConfig_NuisParams:(lumi,jesUp_unc,pdf_unc,xs_Bkg,jerUp_unc)
ModelConfig_Observables:(n_obs_binbin1)
ModelConfig_POI:(r)
ModelConfig_bonly_GlobalObservables:(lumi_In,jesUp_unc_In,pdf_unc_In,xs_Bkg_In,jerUp_unc_In)
ModelConfig_bonly_NuisParams:(lumi,jesUp_unc,pdf_unc,xs_Bkg,jerUp_unc)
ModelConfig_bonly_Observables:(n_obs_binbin1)
ModelConfig_bonly_POI:(r)
POI:(r)
globalObservables:(lumi_In,jesUp_unc_In,pdf_unc_In,xs_Bkg_In,jerUp_unc_In)
nuisances:(lumi,jesUp_unc,pdf_unc,xs_Bkg,jerUp_unc)
observables:(n_obs_binbin1)

generic objects
---------------
RooStats::ModelConfig::ModelConfig
RooStats::ModelConfig::ModelConfig_bonly
RooArgSet::discreteParams

Workspace has a ModelConfig for signal called 'ModelConfig', with contents:

=== Using the following for ModelConfig ===
Observables:             RooArgSet:: = (n_obs_binbin1)
Parameters of Interest:  RooArgSet:: = (r)
Nuisance Parameters:     RooArgSet:: = (lumi,jesUp_unc,pdf_unc,xs_Bkg,jerUp_unc)
Global Observables:      RooArgSet:: = (lumi_In,jesUp_unc_In,pdf_unc_In,xs_Bkg_In,jerUp_unc_In)
PDF:                     RooProdPdf::model_s[ modelObs_s * nuisancePdf ] = 3.15334e-07

Input ModelConfig 'ModelConfig': 

=== Using the following for ModelConfig ===
Observables:             RooArgSet:: = (n_obs_binbin1)
Parameters of Interest:  RooArgSet:: = (r)
Nuisance Parameters:     RooArgSet:: = (lumi,jesUp_unc,pdf_unc,xs_Bkg,jerUp_unc)
Global Observables:      RooArgSet:: = (lumi_In,jesUp_unc_In,pdf_unc_In,xs_Bkg_In,jerUp_unc_In)
PDF:                     RooProdPdf::model_s[ modelObs_s * nuisancePdf ] = 3.15334e-07

[#1] INFO:ObjectHandling -- RooWorkspace::import(w) importing RooUniform::prior
Computing limit starting from observation
  1) RooRealVar:: n_obs_binbin1 = 431
Set default minimizer to Minuit2
  r = 150 +/- 0
[#1] INFO:Minization --  Including the following contraint terms in minimization: (nuisancePdf)
[#1] INFO:Fitting -- RooAddition::defaultErrorLevel(nll_model_s_data_obs_with_constr) Summation contains a RooNLLVar, using its error level
Minuit2Minimizer: Minimize with max-calls 2500 convergence for edm < 0.01 strategy 1
MnSeedGenerator: for initial parameters FCN = 19.3693
MnSeedGenerator: Initial state:   - FCN =   19.36928230571 Edm =       9.9368 NCalls =     21
VariableMetric: start iterating until Edm is < 1e-05
VariableMetric: Initial state   - FCN =   19.36928230571 Edm =       9.9368 NCalls =     21
VariableMetric: Iteration #   1 - FCN =   8.760355093371 Edm =     0.013628 NCalls =     33
VariableMetric: Iteration #   2 - FCN =   8.743548466498 Edm =  5.46515e-08 NCalls =     45
VariableMetric: After Hessian   - FCN =   8.743548466498 Edm =  6.14058e-08 NCalls =     76
Number of iterations 4
----------> Iteration 0
            FVAL = 19.3692823057 Edm = 9.93680373727 Nfcn = 21
            Error matrix change = 1
            Parameters :  p0 = 0 p1 = 0 p2 = 0 p3 = 0 p4 = 0
----------> Iteration 1
            FVAL = 8.76035509337 Edm = 0.0136279558775 Nfcn = 33
            Error matrix change = 0.500205
            Parameters :  p0 = 0 p1 = 0 p2 = 0 p3 = 0 p4 = -0.595474
----------> Iteration 2
            FVAL = 8.7435484665 Edm = 5.46515329067e-08 Nfcn = 45
            Error matrix change = 0.25036
            Parameters :  p0 = 0 p1 = 0 p2 = 0 p3 = 0 p4 = -0.620974
----------> Iteration 3
            FVAL = 8.7435484665 Edm = 6.14057825236e-08 Nfcn = 76
            Error matrix change = 0
            Parameters :  p0 = 0 p1 = 0 p2 = 0 p3 = 0 p4 = -0.620974
Minuit2Minimizer : Valid minimum - status = 0
FVAL  = 8.74354846649840667
Edm   = 6.14057825235919116e-08
Nfcn  = 76
jerUp_unc	  = 0	 +/-  0.996602	(limited)
jesUp_unc	  = 0	 +/-  0.996602	(limited)
lumi	  = 0	 +/-  0.996602	(limited)
pdf_unc	  = 0	 +/-  0.996602	(limited)
xs_Bkg	  = -0.620974	 +/-  0.139538	(limited)
Zero signal fit
   0) jerUp_unc                      =         0
   1) jesUp_unc                      =         0
   2) lumi                           =         0
   3) pdf_unc                        =         0
   4) xs_Bkg                         = -0.620974

Fitting of the background hypothesis done in 0.293186 s
[#1] INFO:Fitting -- RooAddition::defaultErrorLevel(nll_model_s_data_obs_with_constr) Summation contains a RooNLLVar, using its error level
Minuit2Minimizer: Minimize with max-calls 2500 convergence for edm < 0.01 strategy 1
MnSeedGenerator: for initial parameters FCN = 30.4988
MnSeedGenerator: Initial state:   - FCN =   30.49876600611 Edm =      23.0364 NCalls =     21
VariableMetric: start iterating until Edm is < 1e-05
VariableMetric: Initial state   - FCN =   30.49876600611 Edm =      23.0364 NCalls =     21
VariableMetric: Iteration #   1 - FCN =   13.44587322684 Edm =      1.65916 NCalls =     33
VariableMetric: Iteration #   2 - FCN =    10.2995653664 Edm =    0.0534037 NCalls =     45
VariableMetric: Iteration #   3 - FCN =   10.21673570188 Edm =  0.000394071 NCalls =     57
VariableMetric: Iteration #   4 - FCN =   10.21629622375 Edm =  1.93897e-06 NCalls =     69
VariableMetric: After Hessian   - FCN =   10.21629622375 Edm =  2.18607e-06 NCalls =    100
Number of iterations 6
----------> Iteration 0
            FVAL = 30.4987660061 Edm = 23.0363791736 Nfcn = 21
            Error matrix change = 1
            Parameters :  p0 = 0 p1 = 0 p2 = 0 p3 = 0 p4 = -0.620974
----------> Iteration 1
            FVAL = 13.4458732268 Edm = 1.65916144929 Nfcn = 33
            Error matrix change = 0.59891
            Parameters :  p0 = -1.04844 p1 = -1.2384 p2 = -1.16653 p3 = -1.39445 p4 = -1.29585
----------> Iteration 2
            FVAL = 10.2995653664 Edm = 0.0534036827822 Nfcn = 45
            Error matrix change = 0.426239
            Parameters :  p0 = -0.0323499 p1 = -0.146641 p2 = -0.0962102 p3 = -0.294722 p4 = -1.68739
----------> Iteration 3
            FVAL = 10.2167357019 Edm = 0.000394070965625 Nfcn = 57
            Error matrix change = 0.230212
            Parameters :  p0 = -0.122516 p1 = -0.136635 p2 = -0.130298 p3 = -0.161054 p4 = -1.76609
----------> Iteration 4
            FVAL = 10.2162962237 Edm = 1.93897035605e-06 Nfcn = 69
            Error matrix change = 0.141277
            Parameters :  p0 = -0.102639 p1 = -0.126458 p2 = -0.117094 p3 = -0.149922 p4 = -1.7709
----------> Iteration 5
            FVAL = 10.2162962237 Edm = 2.18607305896e-06 Nfcn = 100
            Error matrix change = 0
            Parameters :  p0 = -0.102639 p1 = -0.126458 p2 = -0.117094 p3 = -0.149922 p4 = -1.7709
Minuit2Minimizer : Valid minimum - status = 0
FVAL  = 10.2162962237472907
Edm   = 2.18607305896153403e-06
Nfcn  = 100
jerUp_unc	  = -0.102639	 +/-  0.99238	(limited)
jesUp_unc	  = -0.126458	 +/-  0.990059	(limited)
lumi	  = -0.117094	 +/-  0.991046	(limited)
pdf_unc	  = -0.149922	 +/-  0.987255	(limited)
xs_Bkg	  = -1.7709	 +/-  0.241808	(limited)
Reference signal fit
   0) jerUp_unc                      = -0.102639
   1) jesUp_unc                      = -0.126458
   2) lumi                           = -0.117094
   3) pdf_unc                        = -0.149922
   4) xs_Bkg                         =   -1.7709

Fitting of the signal-plus-background hypothesis done in 0.00243402 s
      Evaluation of p-values done in  6.59699 s
	CLs = 0.118959 +/- 0.0215993
      Evaluation of p-values done in  6.42313 s
	CLs = 0.139037 +/- 0.0162162
      Evaluation of p-values done in  6.33005 s
	CLs = 0.127962 +/- 0.012653
      Evaluation of p-values done in  6.63377 s
	CLs = 0.122502 +/- 0.0105814
      Evaluation of p-values done in  6.40674 s
	CLs = 0.125889 +/- 0.00971954
	CLs      = 0.125889 +/- 0.00971954
	CLb      = 0.2812 +/- 0.00635809
	CLsplusb = 0.0354 +/- 0.00261331

Hybrid result saved as HypoTestResult_mh120_r150_4052009607 in higgsCombineTest.HybridNew.mH120.-676365861.root : higgsCombineTest.HybridNew.mH120.-676365861.root:/toys

 -- Hybrid New -- 
CLs = 0.125889 +/- 0.00971954
Total toys: 10000
Done in 0.00 min (cpu), 0.55 min (real)
