>>> including systematics
>>> using the Profile Likelihood test statistics modified for upper limits (Q_LHC)
>>> method used to compute upper limit is HybridNew
>>> Using OpenSSL to get a really random seed 
>>> Used OpenSSL to get a really random seed 1583208993
Adding /uscms_data/d2/lpcljm/sapta/SUSYSearch/LimitSetting/CMSSW_7_1_5/src to include path
Adding /cvmfs/cms.cern.ch/slc6_amd64_gcc481/lcg/roofit/5.34.18-cms3//include to include path
Input workspace 'w': 

RooWorkspace(w) w contents

variables
---------
(jerUp_unc,jerUp_unc_In,jesUp_unc,jesUp_unc_In,lumi,lumi_In,n_obs_binbin1,pdf_unc,pdf_unc_In,r,xs_Bkg,xs_Bkg_In)

p.d.f.s
-------
SimpleGaussianConstraint::jerUp_unc_Pdf[ x=jerUp_unc mean=jerUp_unc_In sigma=1 ] = 1
SimpleGaussianConstraint::jesUp_unc_Pdf[ x=jesUp_unc mean=jesUp_unc_In sigma=1 ] = 1
SimpleGaussianConstraint::lumi_Pdf[ x=lumi mean=lumi_In sigma=1 ] = 1
RooProdPdf::modelObs_b[ pdf_binbin1_bonly ] = 0.0050779
RooProdPdf::modelObs_s[ pdf_binbin1 ] = 0.00316911
RooProdPdf::model_b[ modelObs_b * nuisancePdf ] = 0.0050779
RooProdPdf::model_s[ modelObs_s * nuisancePdf ] = 0.00316911
RooProdPdf::nuisancePdf[ lumi_Pdf * jesUp_unc_Pdf * pdf_unc_Pdf * xs_Bkg_Pdf * jerUp_unc_Pdf ] = 1
RooPoisson::pdf_binbin1[ x=n_obs_binbin1 mean=n_exp_binbin1 ] = 0.00316911
RooPoisson::pdf_binbin1_bonly[ x=n_obs_binbin1 mean=n_exp_binbin1_bonly ] = 0.0050779
SimpleGaussianConstraint::pdf_unc_Pdf[ x=pdf_unc mean=pdf_unc_In sigma=1 ] = 1
SimpleGaussianConstraint::xs_Bkg_Pdf[ x=xs_Bkg mean=xs_Bkg_In sigma=1 ] = 1

functions
--------
RooAddition::n_exp_binbin1[ n_exp_binbin1_proc_BH + n_exp_binbin1_proc_Background ] = 25.0988
RooAddition::n_exp_binbin1_bonly[ n_exp_binbin1_proc_Background ] = 24.0988
ProcessNormalization::n_exp_binbin1_proc_BH[ thetaList=(lumi,jesUp_unc,pdf_unc,jerUp_unc) asymmThetaList=() otherFactorList=(r) ] = 1
ProcessNormalization::n_exp_binbin1_proc_Background[ thetaList=(xs_Bkg) asymmThetaList=() otherFactorList=() ] = 24.0988

datasets
--------
RooDataSet::data_obs(n_obs_binbin1)

named sets
----------
ModelConfig_GlobalObservables:(lumi_In,jesUp_unc_In,pdf_unc_In,xs_Bkg_In,jerUp_unc_In)
ModelConfig_NuisParams:(lumi,jesUp_unc,pdf_unc,xs_Bkg,jerUp_unc)
ModelConfig_Observables:(n_obs_binbin1)
ModelConfig_POI:(r)
ModelConfig_bonly_GlobalObservables:(lumi_In,jesUp_unc_In,pdf_unc_In,xs_Bkg_In,jerUp_unc_In)
ModelConfig_bonly_NuisParams:(lumi,jesUp_unc,pdf_unc,xs_Bkg,jerUp_unc)
ModelConfig_bonly_Observables:(n_obs_binbin1)
ModelConfig_bonly_POI:(r)
POI:(r)
globalObservables:(lumi_In,jesUp_unc_In,pdf_unc_In,xs_Bkg_In,jerUp_unc_In)
nuisances:(lumi,jesUp_unc,pdf_unc,xs_Bkg,jerUp_unc)
observables:(n_obs_binbin1)

generic objects
---------------
RooStats::ModelConfig::ModelConfig
RooStats::ModelConfig::ModelConfig_bonly
RooArgSet::discreteParams

Workspace has a ModelConfig for signal called 'ModelConfig', with contents:

=== Using the following for ModelConfig ===
Observables:             RooArgSet:: = (n_obs_binbin1)
Parameters of Interest:  RooArgSet:: = (r)
Nuisance Parameters:     RooArgSet:: = (lumi,jesUp_unc,pdf_unc,xs_Bkg,jerUp_unc)
Global Observables:      RooArgSet:: = (lumi_In,jesUp_unc_In,pdf_unc_In,xs_Bkg_In,jerUp_unc_In)
PDF:                     RooProdPdf::model_s[ modelObs_s * nuisancePdf ] = 0.00316911

Input ModelConfig 'ModelConfig': 

=== Using the following for ModelConfig ===
Observables:             RooArgSet:: = (n_obs_binbin1)
Parameters of Interest:  RooArgSet:: = (r)
Nuisance Parameters:     RooArgSet:: = (lumi,jesUp_unc,pdf_unc,xs_Bkg,jerUp_unc)
Global Observables:      RooArgSet:: = (lumi_In,jesUp_unc_In,pdf_unc_In,xs_Bkg_In,jerUp_unc_In)
PDF:                     RooProdPdf::model_s[ modelObs_s * nuisancePdf ] = 0.00316911

[#1] INFO:ObjectHandling -- RooWorkspace::import(w) importing RooUniform::prior
Computing limit starting from observation
  1) RooRealVar:: n_obs_binbin1 = 13
Set default minimizer to Minuit2
  r = 15 +/- 0
[#1] INFO:Minization --  Including the following contraint terms in minimization: (nuisancePdf)
[#1] INFO:Fitting -- RooAddition::defaultErrorLevel(nll_model_s_data_obs_with_constr) Summation contains a RooNLLVar, using its error level
Minuit2Minimizer: Minimize with max-calls 2500 convergence for edm < 0.01 strategy 1
MnSeedGenerator: for initial parameters FCN = 9.87755
MnSeedGenerator: Initial state:   - FCN =   9.877549911699 Edm =      2.36113 NCalls =     21
VariableMetric: start iterating until Edm is < 1e-05
VariableMetric: Initial state   - FCN =   9.877549911699 Edm =      2.36113 NCalls =     21
VariableMetric: Iteration #   1 - FCN =   7.133572482859 Edm =  0.000997806 NCalls =     34
VariableMetric: Iteration #   2 - FCN =   7.131946734777 Edm =  1.30502e-08 NCalls =     46
VariableMetric: After Hessian   - FCN =   7.131946734777 Edm =  1.70056e-08 NCalls =     77
Number of iterations 4
----------> Iteration 0
            FVAL = 9.8775499117 Edm = 2.3611288454 Nfcn = 21
            Error matrix change = 1
            Parameters :  p0 = 0 p1 = 0 p2 = 0 p3 = 0 p4 = 0
----------> Iteration 1
            FVAL = 7.13357248286 Edm = 0.000997806020476 Nfcn = 34
            Error matrix change = 0.502415
            Parameters :  p0 = 0 p1 = 0 p2 = 0 p3 = 0 p4 = -0.73857
----------> Iteration 2
            FVAL = 7.13194673478 Edm = 1.30501510176e-08 Nfcn = 46
            Error matrix change = 0.254654
            Parameters :  p0 = 0 p1 = 0 p2 = 0 p3 = 0 p4 = -0.758523
----------> Iteration 3
            FVAL = 7.13194673478 Edm = 1.70055585547e-08 Nfcn = 77
            Error matrix change = 0
            Parameters :  p0 = 0 p1 = 0 p2 = 0 p3 = 0 p4 = -0.758523
Minuit2Minimizer : Valid minimum - status = 0
FVAL  = 7.13194673477748253
Edm   = 1.70055585547057818e-08
Nfcn  = 77
jerUp_unc	  = 0	 +/-  0.996602	(limited)
jesUp_unc	  = 0	 +/-  0.996602	(limited)
lumi	  = 0	 +/-  0.996602	(limited)
pdf_unc	  = 0	 +/-  0.996602	(limited)
xs_Bkg	  = -0.758523	 +/-  0.351619	(limited)
Zero signal fit
   0) jerUp_unc                      =         0
   1) jesUp_unc                      =         0
   2) lumi                           =         0
   3) pdf_unc                        =         0
   4) xs_Bkg                         = -0.758523

Fitting of the background hypothesis done in 0.323744 s
[#1] INFO:Fitting -- RooAddition::defaultErrorLevel(nll_model_s_data_obs_with_constr) Summation contains a RooNLLVar, using its error level
Minuit2Minimizer: Minimize with max-calls 2500 convergence for edm < 0.01 strategy 1
MnSeedGenerator: for initial parameters FCN = 12.6983
MnSeedGenerator: Initial state:   - FCN =   12.69831122179 Edm =      2.04832 NCalls =     21
VariableMetric: start iterating until Edm is < 1e-05
VariableMetric: Initial state   - FCN =   12.69831122179 Edm =      2.04832 NCalls =     21
VariableMetric: Iteration #   1 - FCN =    10.4460340981 Edm =    0.0961691 NCalls =     34
VariableMetric: Iteration #   2 - FCN =   10.32271483805 Edm =   0.00346342 NCalls =     46
VariableMetric: Iteration #   3 - FCN =   10.31773273232 Edm =  4.89332e-06 NCalls =     58
VariableMetric: After Hessian   - FCN =   10.31773273232 Edm =  5.21518e-06 NCalls =     89
Number of iterations 5
----------> Iteration 0
            FVAL = 12.6983112218 Edm = 2.04832083083 Nfcn = 21
            Error matrix change = 1
            Parameters :  p0 = 0 p1 = 0 p2 = 0 p3 = 0 p4 = -0.758523
----------> Iteration 1
            FVAL = 10.4460340981 Edm = 0.096169122226 Nfcn = 34
            Error matrix change = 0.546912
            Parameters :  p0 = -0.376055 p1 = -0.463189 p2 = -0.428753 p3 = -0.546673 p4 = -1.61006
----------> Iteration 2
            FVAL = 10.3227148381 Edm = 0.00346341663023 Nfcn = 46
            Error matrix change = 0.304971
            Parameters :  p0 = -0.194085 p1 = -0.244915 p2 = -0.224417 p3 = -0.297189 p4 = -1.75388
----------> Iteration 3
            FVAL = 10.3177327323 Edm = 4.8933153727e-06 Nfcn = 58
            Error matrix change = 0.183013
            Parameters :  p0 = -0.214155 p1 = -0.265294 p2 = -0.244958 p3 = -0.315475 p4 = -1.80336
----------> Iteration 4
            FVAL = 10.3177327323 Edm = 5.21517874301e-06 Nfcn = 89
            Error matrix change = 0
            Parameters :  p0 = -0.214155 p1 = -0.265294 p2 = -0.244958 p3 = -0.315475 p4 = -1.80336
Minuit2Minimizer : Valid minimum - status = 0
FVAL  = 10.317732732316184
Edm   = 5.21517874300944964e-06
Nfcn  = 89
jerUp_unc	  = -0.214155	 +/-  0.989573	(limited)
jesUp_unc	  = -0.265294	 +/-  0.9857	(limited)
lumi	  = -0.244958	 +/-  0.987348	(limited)
pdf_unc	  = -0.315475	 +/-  0.98101	(limited)
xs_Bkg	  = -1.80336	 +/-  0.584753	(limited)
Reference signal fit
   0) jerUp_unc                      = -0.214155
   1) jesUp_unc                      = -0.265294
   2) lumi                           = -0.244958
   3) pdf_unc                        = -0.315475
   4) xs_Bkg                         =  -1.80336

Fitting of the signal-plus-background hypothesis done in 0.00237584 s
      Evaluation of p-values done in  5.93451 s
	CLs = 0.0143369 +/- 0.00719114
      Evaluation of p-values done in  5.62312 s
	CLs = 0.0167286 +/- 0.00559771
      Evaluation of p-values done in  5.75123 s
	CLs = 0.0121212 +/- 0.0038435
      Evaluation of p-values done in  5.98018 s
	CLs = 0.0145322 +/- 0.00364491
      Evaluation of p-values done in  5.78912 s
	CLs = 0.0154639 +/- 0.0033864
	CLs      = 0.0154639 +/- 0.0033864
	CLb      = 0.2716 +/- 0.00629021
	CLsplusb = 0.0042 +/- 0.000914588

Hybrid result saved as HypoTestResult_mh120_r15_783421814 in higgsCombineTest.HybridNew.mH120.1583208993.root : higgsCombineTest.HybridNew.mH120.1583208993.root:/toys

 -- Hybrid New -- 
CLs = 0.0154639 +/- 0.0033864
Total toys: 10000
Done in 0.00 min (cpu), 0.49 min (real)
