>>> including systematics
>>> using the Profile Likelihood test statistics modified for upper limits (Q_LHC)
>>> method used to compute upper limit is HybridNew
>>> Using OpenSSL to get a really random seed 
>>> Used OpenSSL to get a really random seed -92201543
Adding /uscms_data/d2/lpcljm/sapta/SUSYSearch/LimitSetting/CMSSW_7_1_5/src to include path
Adding /cvmfs/cms.cern.ch/slc6_amd64_gcc481/lcg/roofit/5.34.18-cms3//include to include path
Input workspace 'w': 

RooWorkspace(w) w contents

variables
---------
(jerUp_unc,jerUp_unc_In,jesUp_unc,jesUp_unc_In,lumi,lumi_In,n_obs_binbin1,pdf_unc,pdf_unc_In,r,xs_Bkg,xs_Bkg_In)

p.d.f.s
-------
SimpleGaussianConstraint::jerUp_unc_Pdf[ x=jerUp_unc mean=jerUp_unc_In sigma=1 ] = 1
SimpleGaussianConstraint::jesUp_unc_Pdf[ x=jesUp_unc mean=jesUp_unc_In sigma=1 ] = 1
SimpleGaussianConstraint::lumi_Pdf[ x=lumi mean=lumi_In sigma=1 ] = 1
RooProdPdf::modelObs_b[ pdf_binbin1_bonly ] = 3.83246e-07
RooProdPdf::modelObs_s[ pdf_binbin1 ] = 3.15334e-07
RooProdPdf::model_b[ modelObs_b * nuisancePdf ] = 3.83246e-07
RooProdPdf::model_s[ modelObs_s * nuisancePdf ] = 3.15334e-07
RooProdPdf::nuisancePdf[ lumi_Pdf * jesUp_unc_Pdf * pdf_unc_Pdf * xs_Bkg_Pdf * jerUp_unc_Pdf ] = 1
RooPoisson::pdf_binbin1[ x=n_obs_binbin1 mean=n_exp_binbin1 ] = 3.15334e-07
RooPoisson::pdf_binbin1_bonly[ x=n_obs_binbin1 mean=n_exp_binbin1_bonly ] = 3.83246e-07
SimpleGaussianConstraint::pdf_unc_Pdf[ x=pdf_unc mean=pdf_unc_In sigma=1 ] = 1
SimpleGaussianConstraint::xs_Bkg_Pdf[ x=xs_Bkg mean=xs_Bkg_In sigma=1 ] = 1

functions
--------
RooAddition::n_exp_binbin1[ n_exp_binbin1_proc_BH + n_exp_binbin1_proc_Background ] = 535.932
RooAddition::n_exp_binbin1_bonly[ n_exp_binbin1_proc_Background ] = 534.932
ProcessNormalization::n_exp_binbin1_proc_BH[ thetaList=(lumi,jesUp_unc,pdf_unc,jerUp_unc) asymmThetaList=() otherFactorList=(r) ] = 1
ProcessNormalization::n_exp_binbin1_proc_Background[ thetaList=(xs_Bkg) asymmThetaList=() otherFactorList=() ] = 534.932

datasets
--------
RooDataSet::data_obs(n_obs_binbin1)

named sets
----------
ModelConfig_GlobalObservables:(lumi_In,jesUp_unc_In,pdf_unc_In,xs_Bkg_In,jerUp_unc_In)
ModelConfig_NuisParams:(lumi,jesUp_unc,pdf_unc,xs_Bkg,jerUp_unc)
ModelConfig_Observables:(n_obs_binbin1)
ModelConfig_POI:(r)
ModelConfig_bonly_GlobalObservables:(lumi_In,jesUp_unc_In,pdf_unc_In,xs_Bkg_In,jerUp_unc_In)
ModelConfig_bonly_NuisParams:(lumi,jesUp_unc,pdf_unc,xs_Bkg,jerUp_unc)
ModelConfig_bonly_Observables:(n_obs_binbin1)
ModelConfig_bonly_POI:(r)
POI:(r)
globalObservables:(lumi_In,jesUp_unc_In,pdf_unc_In,xs_Bkg_In,jerUp_unc_In)
nuisances:(lumi,jesUp_unc,pdf_unc,xs_Bkg,jerUp_unc)
observables:(n_obs_binbin1)

generic objects
---------------
RooStats::ModelConfig::ModelConfig
RooStats::ModelConfig::ModelConfig_bonly
RooArgSet::discreteParams

Workspace has a ModelConfig for signal called 'ModelConfig', with contents:

=== Using the following for ModelConfig ===
Observables:             RooArgSet:: = (n_obs_binbin1)
Parameters of Interest:  RooArgSet:: = (r)
Nuisance Parameters:     RooArgSet:: = (lumi,jesUp_unc,pdf_unc,xs_Bkg,jerUp_unc)
Global Observables:      RooArgSet:: = (lumi_In,jesUp_unc_In,pdf_unc_In,xs_Bkg_In,jerUp_unc_In)
PDF:                     RooProdPdf::model_s[ modelObs_s * nuisancePdf ] = 3.15334e-07

Input ModelConfig 'ModelConfig': 

=== Using the following for ModelConfig ===
Observables:             RooArgSet:: = (n_obs_binbin1)
Parameters of Interest:  RooArgSet:: = (r)
Nuisance Parameters:     RooArgSet:: = (lumi,jesUp_unc,pdf_unc,xs_Bkg,jerUp_unc)
Global Observables:      RooArgSet:: = (lumi_In,jesUp_unc_In,pdf_unc_In,xs_Bkg_In,jerUp_unc_In)
PDF:                     RooProdPdf::model_s[ modelObs_s * nuisancePdf ] = 3.15334e-07

[#1] INFO:ObjectHandling -- RooWorkspace::import(w) importing RooUniform::prior
Computing limit starting from observation
  1) RooRealVar:: n_obs_binbin1 = 431
Set default minimizer to Minuit2
  r = 180 +/- 0
[#1] INFO:Minization --  Including the following contraint terms in minimization: (nuisancePdf)
[#1] INFO:Fitting -- RooAddition::defaultErrorLevel(nll_model_s_data_obs_with_constr) Summation contains a RooNLLVar, using its error level
Minuit2Minimizer: Minimize with max-calls 2500 convergence for edm < 0.01 strategy 1
MnSeedGenerator: for initial parameters FCN = 19.3693
MnSeedGenerator: Initial state:   - FCN =   19.36928230571 Edm =       9.9368 NCalls =     21
VariableMetric: start iterating until Edm is < 1e-05
VariableMetric: Initial state   - FCN =   19.36928230571 Edm =       9.9368 NCalls =     21
VariableMetric: Iteration #   1 - FCN =   8.760355093371 Edm =     0.013628 NCalls =     33
VariableMetric: Iteration #   2 - FCN =   8.743548466498 Edm =  5.46515e-08 NCalls =     45
VariableMetric: After Hessian   - FCN =   8.743548466498 Edm =  6.14058e-08 NCalls =     76
Number of iterations 4
----------> Iteration 0
            FVAL = 19.3692823057 Edm = 9.93680373727 Nfcn = 21
            Error matrix change = 1
            Parameters :  p0 = 0 p1 = 0 p2 = 0 p3 = 0 p4 = 0
----------> Iteration 1
            FVAL = 8.76035509337 Edm = 0.0136279558775 Nfcn = 33
            Error matrix change = 0.500205
            Parameters :  p0 = 0 p1 = 0 p2 = 0 p3 = 0 p4 = -0.595474
----------> Iteration 2
            FVAL = 8.7435484665 Edm = 5.46515329067e-08 Nfcn = 45
            Error matrix change = 0.25036
            Parameters :  p0 = 0 p1 = 0 p2 = 0 p3 = 0 p4 = -0.620974
----------> Iteration 3
            FVAL = 8.7435484665 Edm = 6.14057825236e-08 Nfcn = 76
            Error matrix change = 0
            Parameters :  p0 = 0 p1 = 0 p2 = 0 p3 = 0 p4 = -0.620974
Minuit2Minimizer : Valid minimum - status = 0
FVAL  = 8.74354846649840667
Edm   = 6.14057825235919116e-08
Nfcn  = 76
jerUp_unc	  = 0	 +/-  0.996602	(limited)
jesUp_unc	  = 0	 +/-  0.996602	(limited)
lumi	  = 0	 +/-  0.996602	(limited)
pdf_unc	  = 0	 +/-  0.996602	(limited)
xs_Bkg	  = -0.620974	 +/-  0.139538	(limited)
Zero signal fit
   0) jerUp_unc                      =         0
   1) jesUp_unc                      =         0
   2) lumi                           =         0
   3) pdf_unc                        =         0
   4) xs_Bkg                         = -0.620974

Fitting of the background hypothesis done in 0.269794 s
[#1] INFO:Fitting -- RooAddition::defaultErrorLevel(nll_model_s_data_obs_with_constr) Summation contains a RooNLLVar, using its error level
Minuit2Minimizer: Minimize with max-calls 2500 convergence for edm < 0.01 strategy 1
MnSeedGenerator: for initial parameters FCN = 38.8659
MnSeedGenerator: Initial state:   - FCN =   38.86593099929 Edm =      33.3223 NCalls =     21
VariableMetric: start iterating until Edm is < 1e-05
VariableMetric: Initial state   - FCN =   38.86593099929 Edm =      33.3223 NCalls =     21
VariableMetric: Iteration #   1 - FCN =   15.70994633851 Edm =      2.23604 NCalls =     33
VariableMetric: Iteration #   2 - FCN =   10.98740016888 Edm =     0.130712 NCalls =     46
VariableMetric: Iteration #   3 - FCN =   10.80384655919 Edm =   0.00513137 NCalls =     58
VariableMetric: Iteration #   4 - FCN =   10.79779288837 Edm =  3.73015e-05 NCalls =     70
VariableMetric: Iteration #   5 - FCN =   10.79774778772 Edm =  1.49303e-07 NCalls =     82
VariableMetric: After Hessian   - FCN =   10.79774778772 Edm =  1.70773e-07 NCalls =    113
Number of iterations 7
----------> Iteration 0
            FVAL = 38.8659309993 Edm = 33.3222990761 Nfcn = 21
            Error matrix change = 1
            Parameters :  p0 = 0 p1 = 0 p2 = 0 p3 = 0 p4 = -0.620974
----------> Iteration 1
            FVAL = 15.7099463385 Edm = 2.23604179148 Nfcn = 33
            Error matrix change = 0.605536
            Parameters :  p0 = -1.31438 p1 = -1.52918 p2 = -1.44938 p3 = -1.69466 p4 = -1.36426
----------> Iteration 2
            FVAL = 10.9874001689 Edm = 0.130712239096 Nfcn = 46
            Error matrix change = 0.441045
            Parameters :  p0 = 0.0145 p1 = -0.175588 p2 = -0.0923718 p3 = -0.412643 p4 = -1.91207
----------> Iteration 3
            FVAL = 10.8038465592 Edm = 0.00513137078734 Nfcn = 58
            Error matrix change = 0.257443
            Parameters :  p0 = -0.205372 p1 = -0.232581 p2 = -0.219578 p3 = -0.284731 p4 = -2.01078
----------> Iteration 4
            FVAL = 10.7977928884 Edm = 3.73014676744e-05 Nfcn = 70
            Error matrix change = 0.16964
            Parameters :  p0 = -0.156428 p1 = -0.187943 p2 = -0.17564 p3 = -0.220362 p4 = -2.03361
----------> Iteration 5
            FVAL = 10.7977477877 Edm = 1.49303175412e-07 Nfcn = 82
            Error matrix change = 0.118527
            Parameters :  p0 = -0.151985 p1 = -0.189403 p2 = -0.174594 p3 = -0.225503 p4 = -2.03477
----------> Iteration 6
            FVAL = 10.7977477877 Edm = 1.70772832325e-07 Nfcn = 113
            Error matrix change = 0
            Parameters :  p0 = -0.151985 p1 = -0.189403 p2 = -0.174594 p3 = -0.225503 p4 = -2.03477
Minuit2Minimizer : Valid minimum - status = 0
FVAL  = 10.7977477877163572
Edm   = 1.70772832325318213e-07
Nfcn  = 113
jerUp_unc	  = -0.151985	 +/-  0.989937	(limited)
jesUp_unc	  = -0.189403	 +/-  0.986268	(limited)
lumi	  = -0.174594	 +/-  0.987829	(limited)
pdf_unc	  = -0.225503	 +/-  0.981828	(limited)
xs_Bkg	  = -2.03477	 +/-  0.275232	(limited)
Reference signal fit
   0) jerUp_unc                      = -0.151985
   1) jesUp_unc                      = -0.189403
   2) lumi                           = -0.174594
   3) pdf_unc                        = -0.225503
   4) xs_Bkg                         =  -2.03477

Fitting of the signal-plus-background hypothesis done in 0.00240707 s
      Evaluation of p-values done in  6.38361 s
	CLs = 0.0562249 +/- 0.0152373
      Evaluation of p-values done in  6.53215 s
	CLs = 0.0634615 +/- 0.0112142
      Evaluation of p-values done in  6.33913 s
	CLs = 0.0631313 +/- 0.00906016
      Evaluation of p-values done in  6.15255 s
	CLs = 0.0588776 +/- 0.00745796
      Evaluation of p-values done in  6.55812 s
	CLs = 0.0583573 +/- 0.00656777
	CLs      = 0.0583573 +/- 0.00656777
	CLb      = 0.2776 +/- 0.00633306
	CLsplusb = 0.0162 +/- 0.00178536

Hybrid result saved as HypoTestResult_mh120_r180_1554170687 in higgsCombineTest.HybridNew.mH120.-92201543.root : higgsCombineTest.HybridNew.mH120.-92201543.root:/toys

 -- Hybrid New -- 
CLs = 0.0583573 +/- 0.00656777
Total toys: 10000
Done in 0.00 min (cpu), 0.54 min (real)
