>>> including systematics
>>> using the Profile Likelihood test statistics modified for upper limits (Q_LHC)
>>> method used to compute upper limit is HybridNew
>>> Using OpenSSL to get a really random seed 
>>> Used OpenSSL to get a really random seed 623688439
Adding /uscms_data/d2/lpcljm/sapta/SUSYSearch/LimitSetting/CMSSW_7_1_5/src to include path
Adding /cvmfs/cms.cern.ch/slc6_amd64_gcc481/lcg/roofit/5.34.18-cms3//include to include path
Input workspace 'w': 

RooWorkspace(w) w contents

variables
---------
(jerUp_unc,jerUp_unc_In,jesUp_unc,jesUp_unc_In,lumi,lumi_In,n_obs_binbin1,pdf_unc,pdf_unc_In,r,xs_Bkg,xs_Bkg_In)

p.d.f.s
-------
SimpleGaussianConstraint::jerUp_unc_Pdf[ x=jerUp_unc mean=jerUp_unc_In sigma=1 ] = 1
SimpleGaussianConstraint::jesUp_unc_Pdf[ x=jesUp_unc mean=jesUp_unc_In sigma=1 ] = 1
SimpleGaussianConstraint::lumi_Pdf[ x=lumi mean=lumi_In sigma=1 ] = 1
RooProdPdf::modelObs_b[ pdf_binbin1_bonly ] = 0.0050779
RooProdPdf::modelObs_s[ pdf_binbin1 ] = 0.00316911
RooProdPdf::model_b[ modelObs_b * nuisancePdf ] = 0.0050779
RooProdPdf::model_s[ modelObs_s * nuisancePdf ] = 0.00316911
RooProdPdf::nuisancePdf[ lumi_Pdf * jesUp_unc_Pdf * pdf_unc_Pdf * xs_Bkg_Pdf * jerUp_unc_Pdf ] = 1
RooPoisson::pdf_binbin1[ x=n_obs_binbin1 mean=n_exp_binbin1 ] = 0.00316911
RooPoisson::pdf_binbin1_bonly[ x=n_obs_binbin1 mean=n_exp_binbin1_bonly ] = 0.0050779
SimpleGaussianConstraint::pdf_unc_Pdf[ x=pdf_unc mean=pdf_unc_In sigma=1 ] = 1
SimpleGaussianConstraint::xs_Bkg_Pdf[ x=xs_Bkg mean=xs_Bkg_In sigma=1 ] = 1

functions
--------
RooAddition::n_exp_binbin1[ n_exp_binbin1_proc_BH + n_exp_binbin1_proc_Background ] = 25.0988
RooAddition::n_exp_binbin1_bonly[ n_exp_binbin1_proc_Background ] = 24.0988
ProcessNormalization::n_exp_binbin1_proc_BH[ thetaList=(lumi,jesUp_unc,pdf_unc,jerUp_unc) asymmThetaList=() otherFactorList=(r) ] = 1
ProcessNormalization::n_exp_binbin1_proc_Background[ thetaList=(xs_Bkg) asymmThetaList=() otherFactorList=() ] = 24.0988

datasets
--------
RooDataSet::data_obs(n_obs_binbin1)

named sets
----------
ModelConfig_GlobalObservables:(lumi_In,jesUp_unc_In,pdf_unc_In,xs_Bkg_In,jerUp_unc_In)
ModelConfig_NuisParams:(lumi,jesUp_unc,pdf_unc,xs_Bkg,jerUp_unc)
ModelConfig_Observables:(n_obs_binbin1)
ModelConfig_POI:(r)
ModelConfig_bonly_GlobalObservables:(lumi_In,jesUp_unc_In,pdf_unc_In,xs_Bkg_In,jerUp_unc_In)
ModelConfig_bonly_NuisParams:(lumi,jesUp_unc,pdf_unc,xs_Bkg,jerUp_unc)
ModelConfig_bonly_Observables:(n_obs_binbin1)
ModelConfig_bonly_POI:(r)
POI:(r)
globalObservables:(lumi_In,jesUp_unc_In,pdf_unc_In,xs_Bkg_In,jerUp_unc_In)
nuisances:(lumi,jesUp_unc,pdf_unc,xs_Bkg,jerUp_unc)
observables:(n_obs_binbin1)

generic objects
---------------
RooStats::ModelConfig::ModelConfig
RooStats::ModelConfig::ModelConfig_bonly
RooArgSet::discreteParams

Workspace has a ModelConfig for signal called 'ModelConfig', with contents:

=== Using the following for ModelConfig ===
Observables:             RooArgSet:: = (n_obs_binbin1)
Parameters of Interest:  RooArgSet:: = (r)
Nuisance Parameters:     RooArgSet:: = (lumi,jesUp_unc,pdf_unc,xs_Bkg,jerUp_unc)
Global Observables:      RooArgSet:: = (lumi_In,jesUp_unc_In,pdf_unc_In,xs_Bkg_In,jerUp_unc_In)
PDF:                     RooProdPdf::model_s[ modelObs_s * nuisancePdf ] = 0.00316911

Input ModelConfig 'ModelConfig': 

=== Using the following for ModelConfig ===
Observables:             RooArgSet:: = (n_obs_binbin1)
Parameters of Interest:  RooArgSet:: = (r)
Nuisance Parameters:     RooArgSet:: = (lumi,jesUp_unc,pdf_unc,xs_Bkg,jerUp_unc)
Global Observables:      RooArgSet:: = (lumi_In,jesUp_unc_In,pdf_unc_In,xs_Bkg_In,jerUp_unc_In)
PDF:                     RooProdPdf::model_s[ modelObs_s * nuisancePdf ] = 0.00316911

[#1] INFO:ObjectHandling -- RooWorkspace::import(w) importing RooUniform::prior
Computing limit starting from observation
  1) RooRealVar:: n_obs_binbin1 = 13
Set default minimizer to Minuit2
  r = 19 +/- 0
[#1] INFO:Minization --  Including the following contraint terms in minimization: (nuisancePdf)
[#1] INFO:Fitting -- RooAddition::defaultErrorLevel(nll_model_s_data_obs_with_constr) Summation contains a RooNLLVar, using its error level
Minuit2Minimizer: Minimize with max-calls 2500 convergence for edm < 0.01 strategy 1
MnSeedGenerator: for initial parameters FCN = 9.87755
MnSeedGenerator: Initial state:   - FCN =   9.877549911699 Edm =      2.36113 NCalls =     21
VariableMetric: start iterating until Edm is < 1e-05
VariableMetric: Initial state   - FCN =   9.877549911699 Edm =      2.36113 NCalls =     21
VariableMetric: Iteration #   1 - FCN =   7.133572482859 Edm =  0.000997806 NCalls =     34
VariableMetric: Iteration #   2 - FCN =   7.131946734777 Edm =  1.30502e-08 NCalls =     46
VariableMetric: After Hessian   - FCN =   7.131946734777 Edm =  1.70056e-08 NCalls =     77
Number of iterations 4
----------> Iteration 0
            FVAL = 9.8775499117 Edm = 2.3611288454 Nfcn = 21
            Error matrix change = 1
            Parameters :  p0 = 0 p1 = 0 p2 = 0 p3 = 0 p4 = 0
----------> Iteration 1
            FVAL = 7.13357248286 Edm = 0.000997806020476 Nfcn = 34
            Error matrix change = 0.502415
            Parameters :  p0 = 0 p1 = 0 p2 = 0 p3 = 0 p4 = -0.73857
----------> Iteration 2
            FVAL = 7.13194673478 Edm = 1.30501510176e-08 Nfcn = 46
            Error matrix change = 0.254654
            Parameters :  p0 = 0 p1 = 0 p2 = 0 p3 = 0 p4 = -0.758523
----------> Iteration 3
            FVAL = 7.13194673478 Edm = 1.70055585547e-08 Nfcn = 77
            Error matrix change = 0
            Parameters :  p0 = 0 p1 = 0 p2 = 0 p3 = 0 p4 = -0.758523
Minuit2Minimizer : Valid minimum - status = 0
FVAL  = 7.13194673477748253
Edm   = 1.70055585547057818e-08
Nfcn  = 77
jerUp_unc	  = 0	 +/-  0.996602	(limited)
jesUp_unc	  = 0	 +/-  0.996602	(limited)
lumi	  = 0	 +/-  0.996602	(limited)
pdf_unc	  = 0	 +/-  0.996602	(limited)
xs_Bkg	  = -0.758523	 +/-  0.351619	(limited)
Zero signal fit
   0) jerUp_unc                      =         0
   1) jesUp_unc                      =         0
   2) lumi                           =         0
   3) pdf_unc                        =         0
   4) xs_Bkg                         = -0.758523

Fitting of the background hypothesis done in 0.317782 s
[#1] INFO:Fitting -- RooAddition::defaultErrorLevel(nll_model_s_data_obs_with_constr) Summation contains a RooNLLVar, using its error level
Minuit2Minimizer: Minimize with max-calls 2500 convergence for edm < 0.01 strategy 1
MnSeedGenerator: for initial parameters FCN = 15.0224
MnSeedGenerator: Initial state:   - FCN =   15.02235008096 Edm =      2.73568 NCalls =     21
VariableMetric: start iterating until Edm is < 1e-05
VariableMetric: Initial state   - FCN =   15.02235008096 Edm =      2.73568 NCalls =     21
VariableMetric: Iteration #   1 - FCN =    12.0891956705 Edm =     0.145695 NCalls =     36
VariableMetric: Iteration #   2 - FCN =   11.89390626289 Edm =   0.00662354 NCalls =     48
VariableMetric: Iteration #   3 - FCN =   11.88425747389 Edm =  1.55498e-05 NCalls =     60
VariableMetric: Iteration #   4 - FCN =   11.88424070407 Edm =  2.42276e-08 NCalls =     71
VariableMetric: After Hessian   - FCN =   11.88424070407 Edm =  2.52538e-08 NCalls =    102
Number of iterations 6
----------> Iteration 0
            FVAL = 15.022350081 Edm = 2.73567509663 Nfcn = 21
            Error matrix change = 1
            Parameters :  p0 = 0 p1 = 0 p2 = 0 p3 = 0 p4 = -0.758523
----------> Iteration 1
            FVAL = 12.0891956705 Edm = 0.14569533921 Nfcn = 36
            Error matrix change = 0.55215
            Parameters :  p0 = -0.505613 p1 = -0.620625 p2 = -0.57532 p3 = -0.729536 p4 = -1.67432
----------> Iteration 2
            FVAL = 11.8939062629 Edm = 0.00662353625332 Nfcn = 48
            Error matrix change = 0.310161
            Parameters :  p0 = -0.283434 p1 = -0.358977 p2 = -0.328451 p3 = -0.437122 p4 = -1.87356
----------> Iteration 3
            FVAL = 11.8842574739 Edm = 1.55498125105e-05 Nfcn = 60
            Error matrix change = 0.189477
            Parameters :  p0 = -0.31542 p1 = -0.390464 p2 = -0.360624 p3 = -0.464155 p4 = -1.9416
----------> Iteration 4
            FVAL = 11.8842407041 Edm = 2.42276072634e-08 Nfcn = 71
            Error matrix change = 0.103717
            Parameters :  p0 = -0.312519 p1 = -0.388708 p2 = -0.358329 p3 = -0.46409 p4 = -1.94395
----------> Iteration 5
            FVAL = 11.8842407041 Edm = 2.52537718025e-08 Nfcn = 102
            Error matrix change = 0
            Parameters :  p0 = -0.312519 p1 = -0.388708 p2 = -0.358329 p3 = -0.46409 p4 = -1.94395
Minuit2Minimizer : Valid minimum - status = 0
FVAL  = 11.88424070406999
Edm   = 2.52537718025369885e-08
Nfcn  = 102
jerUp_unc	  = -0.312519	 +/-  0.987086	(limited)
jesUp_unc	  = -0.388708	 +/-  0.981836	(limited)
lumi	  = -0.358329	 +/-  0.98407	(limited)
pdf_unc	  = -0.46409	 +/-  0.975471	(limited)
xs_Bkg	  = -1.94395	 +/-  0.598669	(limited)
Reference signal fit
   0) jerUp_unc                      = -0.312519
   1) jesUp_unc                      = -0.388708
   2) lumi                           = -0.358329
   3) pdf_unc                        =  -0.46409
   4) xs_Bkg                         =  -1.94395

Fitting of the signal-plus-background hypothesis done in 0.00243115 s
      Evaluation of p-values done in  5.91558 s
	CLs = 0 +/- 0
      Evaluation of p-values done in  5.72509 s
	CLs = 0.00364299 +/- 0.0025781
      Evaluation of p-values done in  6.05144 s
	CLs = 0.00728155 +/- 0.00297756
      Evaluation of p-values done in  5.70621 s
	CLs = 0.00618375 +/- 0.00234037
      Evaluation of p-values done in  5.73336 s
	CLs = 0.00500357 +/- 0.00189326
	CLs      = 0.00500357 +/- 0.00189326
	CLb      = 0.2798 +/- 0.00634842
	CLsplusb = 0.0014 +/- 0.00052878

Hybrid result saved as HypoTestResult_mh120_r19_3606258168 in higgsCombineTest.HybridNew.mH120.623688439.root : higgsCombineTest.HybridNew.mH120.623688439.root:/toys

 -- Hybrid New -- 
CLs = 0.00500357 +/- 0.00189326
Total toys: 10000
Done in 0.00 min (cpu), 0.49 min (real)
