>>> including systematics
>>> using the Profile Likelihood test statistics modified for upper limits (Q_LHC)
>>> method used to compute upper limit is HybridNew
>>> Using OpenSSL to get a really random seed 
>>> Used OpenSSL to get a really random seed 40551499
Adding /uscms_data/d2/lpcljm/sapta/SUSYSearch/LimitSetting/CMSSW_7_1_5/src to include path
Adding /cvmfs/cms.cern.ch/slc6_amd64_gcc481/lcg/roofit/5.34.18-cms3//include to include path
Input workspace 'w': 

RooWorkspace(w) w contents

variables
---------
(jerUp_unc,jerUp_unc_In,jesUp_unc,jesUp_unc_In,lumi,lumi_In,n_obs_binbin1,pdf_unc,pdf_unc_In,r,xs_Bkg,xs_Bkg_In)

p.d.f.s
-------
SimpleGaussianConstraint::jerUp_unc_Pdf[ x=jerUp_unc mean=jerUp_unc_In sigma=1 ] = 1
SimpleGaussianConstraint::jesUp_unc_Pdf[ x=jesUp_unc mean=jesUp_unc_In sigma=1 ] = 1
SimpleGaussianConstraint::lumi_Pdf[ x=lumi mean=lumi_In sigma=1 ] = 1
RooProdPdf::modelObs_b[ pdf_binbin1_bonly ] = 1.99147e-11
RooProdPdf::modelObs_s[ pdf_binbin1 ] = 1.82706e-11
RooProdPdf::model_b[ modelObs_b * nuisancePdf ] = 1.99147e-11
RooProdPdf::model_s[ modelObs_s * nuisancePdf ] = 1.82706e-11
RooProdPdf::nuisancePdf[ lumi_Pdf * jesUp_unc_Pdf * pdf_unc_Pdf * xs_Bkg_Pdf * jerUp_unc_Pdf ] = 1
RooPoisson::pdf_binbin1[ x=n_obs_binbin1 mean=n_exp_binbin1 ] = 1.82706e-11
RooPoisson::pdf_binbin1_bonly[ x=n_obs_binbin1 mean=n_exp_binbin1_bonly ] = 1.99147e-11
SimpleGaussianConstraint::pdf_unc_Pdf[ x=pdf_unc mean=pdf_unc_In sigma=1 ] = 1
SimpleGaussianConstraint::xs_Bkg_Pdf[ x=xs_Bkg mean=xs_Bkg_In sigma=1 ] = 1

functions
--------
RooAddition::n_exp_binbin1[ n_exp_binbin1_proc_BH + n_exp_binbin1_proc_Background ] = 5110.82
RooAddition::n_exp_binbin1_bonly[ n_exp_binbin1_proc_Background ] = 5109.82
ProcessNormalization::n_exp_binbin1_proc_BH[ thetaList=(lumi,jesUp_unc,pdf_unc,jerUp_unc) asymmThetaList=() otherFactorList=(r) ] = 1
ProcessNormalization::n_exp_binbin1_proc_Background[ thetaList=(xs_Bkg) asymmThetaList=() otherFactorList=() ] = 5109.82

datasets
--------
RooDataSet::data_obs(n_obs_binbin1)

named sets
----------
ModelConfig_GlobalObservables:(lumi_In,jesUp_unc_In,pdf_unc_In,xs_Bkg_In,jerUp_unc_In)
ModelConfig_NuisParams:(lumi,jesUp_unc,pdf_unc,xs_Bkg,jerUp_unc)
ModelConfig_Observables:(n_obs_binbin1)
ModelConfig_POI:(r)
ModelConfig_bonly_GlobalObservables:(lumi_In,jesUp_unc_In,pdf_unc_In,xs_Bkg_In,jerUp_unc_In)
ModelConfig_bonly_NuisParams:(lumi,jesUp_unc,pdf_unc,xs_Bkg,jerUp_unc)
ModelConfig_bonly_Observables:(n_obs_binbin1)
ModelConfig_bonly_POI:(r)
POI:(r)
globalObservables:(lumi_In,jesUp_unc_In,pdf_unc_In,xs_Bkg_In,jerUp_unc_In)
nuisances:(lumi,jesUp_unc,pdf_unc,xs_Bkg,jerUp_unc)
observables:(n_obs_binbin1)

generic objects
---------------
RooStats::ModelConfig::ModelConfig
RooStats::ModelConfig::ModelConfig_bonly
RooArgSet::discreteParams

Workspace has a ModelConfig for signal called 'ModelConfig', with contents:

=== Using the following for ModelConfig ===
Observables:             RooArgSet:: = (n_obs_binbin1)
Parameters of Interest:  RooArgSet:: = (r)
Nuisance Parameters:     RooArgSet:: = (lumi,jesUp_unc,pdf_unc,xs_Bkg,jerUp_unc)
Global Observables:      RooArgSet:: = (lumi_In,jesUp_unc_In,pdf_unc_In,xs_Bkg_In,jerUp_unc_In)
PDF:                     RooProdPdf::model_s[ modelObs_s * nuisancePdf ] = 1.82706e-11

Input ModelConfig 'ModelConfig': 

=== Using the following for ModelConfig ===
Observables:             RooArgSet:: = (n_obs_binbin1)
Parameters of Interest:  RooArgSet:: = (r)
Nuisance Parameters:     RooArgSet:: = (lumi,jesUp_unc,pdf_unc,xs_Bkg,jerUp_unc)
Global Observables:      RooArgSet:: = (lumi_In,jesUp_unc_In,pdf_unc_In,xs_Bkg_In,jerUp_unc_In)
PDF:                     RooProdPdf::model_s[ modelObs_s * nuisancePdf ] = 1.82706e-11

[#1] INFO:ObjectHandling -- RooWorkspace::import(w) importing RooUniform::prior
Computing limit starting from observation
  1) RooRealVar:: n_obs_binbin1 = 4670
Set default minimizer to Minuit2
  r = 2250 +/- 0
[#1] INFO:Minization --  Including the following contraint terms in minimization: (nuisancePdf)
[#1] INFO:Fitting -- RooAddition::defaultErrorLevel(nll_model_s_data_obs_with_constr) Summation contains a RooNLLVar, using its error level
Minuit2Minimizer: Minimize with max-calls 2500 convergence for edm < 0.01 strategy 1
MnSeedGenerator: for initial parameters FCN = 29.2343
MnSeedGenerator: Initial state:   - FCN =   29.23425715722 Edm =      18.7665 NCalls =     21
VariableMetric: start iterating until Edm is < 1e-05
VariableMetric: Initial state   - FCN =   29.23425715722 Edm =      18.7665 NCalls =     21
VariableMetric: Iteration #   1 - FCN =   9.951358804291 Edm =    0.0330895 NCalls =     32
VariableMetric: Iteration #   2 - FCN =   9.915068384151 Edm =  2.65343e-08 NCalls =     44
VariableMetric: After Hessian   - FCN =   9.915068384151 Edm =  2.79667e-08 NCalls =     75
Number of iterations 4
----------> Iteration 0
            FVAL = 29.2342571572 Edm = 18.7664505074 Nfcn = 21
            Error matrix change = 1
            Parameters :  p0 = 0 p1 = 0 p2 = 0 p3 = 0 p4 = 0
----------> Iteration 1
            FVAL = 9.95135880429 Edm = 0.0330895276632 Nfcn = 32
            Error matrix change = 0.500047
            Parameters :  p0 = 0 p1 = 0 p2 = 0 p3 = 0 p4 = -0.566097
----------> Iteration 2
            FVAL = 9.91506838415 Edm = 2.65343444309e-08 Nfcn = 44
            Error matrix change = 0.250081
            Parameters :  p0 = 0 p1 = 0 p2 = 0 p3 = 0 p4 = -0.592105
----------> Iteration 3
            FVAL = 9.91506838415 Edm = 2.79666645629e-08 Nfcn = 75
            Error matrix change = 0
            Parameters :  p0 = 0 p1 = 0 p2 = 0 p3 = 0 p4 = -0.592105
Minuit2Minimizer : Valid minimum - status = 0
FVAL  = 9.91506838415055469
Edm   = 2.79666645629240879e-08
Nfcn  = 75
jerUp_unc	  = 0	 +/-  0.996602	(limited)
jesUp_unc	  = 0	 +/-  0.996602	(limited)
lumi	  = 0	 +/-  0.996602	(limited)
pdf_unc	  = 0	 +/-  0.996602	(limited)
xs_Bkg	  = -0.592105	 +/-  0.0966792	(limited)
Zero signal fit
   0) jerUp_unc                      =         0
   1) jesUp_unc                      =         0
   2) lumi                           =         0
   3) pdf_unc                        =         0
   4) xs_Bkg                         = -0.592105

Fitting of the background hypothesis done in 0.235475 s
[#1] INFO:Fitting -- RooAddition::defaultErrorLevel(nll_model_s_data_obs_with_constr) Summation contains a RooNLLVar, using its error level
Minuit2Minimizer: Minimize with max-calls 2500 convergence for edm < 0.01 strategy 1
MnSeedGenerator: for initial parameters FCN = 424.689
MnSeedGenerator: Initial state:   - FCN =   424.6891703528 Edm =      940.147 NCalls =     19
VariableMetric: start iterating until Edm is < 1e-05
VariableMetric: Initial state   - FCN =   424.6891703528 Edm =      940.147 NCalls =     19
VariableMetric: Iteration #   1 - FCN =   51.71094823299 Edm =      4.27496 NCalls =     42
VariableMetric: Iteration #   2 - FCN =   23.08792360928 Edm =      0.62609 NCalls =     64
VariableMetric: Iteration #   3 - FCN =   19.72702289835 Edm =     0.446675 NCalls =     78
VariableMetric: Iteration #   4 - FCN =   19.53676898767 Edm =    0.0679199 NCalls =     90
VariableMetric: Iteration #   5 - FCN =   19.36266938669 Edm =     0.019217 NCalls =    102
VariableMetric: Iteration #   6 - FCN =   19.32395424204 Edm =   0.00125675 NCalls =    114
VariableMetric: Iteration #   7 - FCN =   19.32248975969 Edm =  0.000117538 NCalls =    126
VariableMetric: Iteration #   8 - FCN =   19.32211051006 Edm =  5.50895e-06 NCalls =    138
VariableMetric: After Hessian   - FCN =   19.32211051006 Edm =  6.15995e-06 NCalls =    169
Number of iterations 10
----------> Iteration 0
            FVAL = 424.689170353 Edm = 940.147042934 Nfcn = 19
            Error matrix change = 1
            Parameters :  p0 = 0 p1 = 0 p2 = 0 p3 = 0 p4 = -0.592105
----------> Iteration 1
            FVAL = 51.710948233 Edm = 4.27495804362 Nfcn = 42
            Error matrix change = 0.623642
            Parameters :  p0 = -4.65428 p1 = -4.3272 p2 = -4.46509 p3 = -3.97613 p4 = -1.92308
----------> Iteration 2
            FVAL = 23.0879236093 Edm = 0.626090171854 Nfcn = 64
            Error matrix change = 0.667022
            Parameters :  p0 = -0.398509 p1 = -1.89975 p2 = -1.40594 p3 = -2.70193 p4 = -3.13853
----------> Iteration 3
            FVAL = 19.7270228984 Edm = 0.446674747482 Nfcn = 78
            Error matrix change = 0.484729
            Parameters :  p0 = -0.394508 p1 = -0.699275 p2 = -0.417953 p3 = -1.64618 p4 = -3.91614
----------> Iteration 4
            FVAL = 19.5367689877 Edm = 0.067919862755 Nfcn = 90
            Error matrix change = 0.462055
            Parameters :  p0 = -0.647229 p1 = -0.792039 p2 = -0.577075 p3 = -1.62567 p4 = -3.91238
----------> Iteration 5
            FVAL = 19.3626693867 Edm = 0.0192169655291 Nfcn = 102
            Error matrix change = 0.416419
            Parameters :  p0 = -0.769157 p1 = -0.666039 p2 = -0.649109 p3 = -1.08479 p4 = -4.02849
----------> Iteration 6
            FVAL = 19.323954242 Edm = 0.00125675297939 Nfcn = 114
            Error matrix change = 0.368873
            Parameters :  p0 = -0.725896 p1 = -0.850321 p2 = -0.824559 p3 = -1.07445 p4 = -3.96327
----------> Iteration 7
            FVAL = 19.3224897597 Edm = 0.00011753842466 Nfcn = 126
            Error matrix change = 0.234184
            Parameters :  p0 = -0.707859 p1 = -0.855682 p2 = -0.821293 p3 = -1.04466 p4 = -3.96729
----------> Iteration 8
            FVAL = 19.3221105101 Edm = 5.50895283476e-06 Nfcn = 138
            Error matrix change = 0.270688
            Parameters :  p0 = -0.699568 p1 = -0.869869 p2 = -0.802463 p3 = -1.04331 p4 = -3.97142
----------> Iteration 9
            FVAL = 19.3221105101 Edm = 6.15995012387e-06 Nfcn = 169
            Error matrix change = 0
            Parameters :  p0 = -0.699568 p1 = -0.869869 p2 = -0.802463 p3 = -1.04331 p4 = -3.97142
Minuit2Minimizer : Valid minimum - status = 0
FVAL  = 19.3221105100621457
Edm   = 6.15995012387098864e-06
Nfcn  = 169
jerUp_unc	  = -0.699568	 +/-  0.970712	(limited)
jesUp_unc	  = -0.869869	 +/-  0.956228	(limited)
lumi	  = -0.802463	 +/-  0.962415	(limited)
pdf_unc	  = -1.04331	 +/-  0.938504	(limited)
xs_Bkg	  = -3.97142	 +/-  0.380378	(limited)
Reference signal fit
   0) jerUp_unc                      = -0.699568
   1) jesUp_unc                      = -0.869869
   2) lumi                           = -0.802463
   3) pdf_unc                        =  -1.04331
   4) xs_Bkg                         =  -3.97142

Fitting of the signal-plus-background hypothesis done in 0.00187588 s
      Evaluation of p-values done in  8.92978 s
	CLs = 0 +/- 0
      Evaluation of p-values done in  8.80689 s
	CLs = 0 +/- 0
      Evaluation of p-values done in  8.64038 s
	CLs = 0 +/- 0
      Evaluation of p-values done in  8.89945 s
	CLs = 0 +/- 0
      Evaluation of p-values done in  8.68743 s
	CLs = 0 +/- 0
	CLs      = 0 +/- 0
	CLb      = 0.2954 +/- 0.00645196
	CLsplusb = 0 +/- 0

Hybrid result saved as HypoTestResult_mh120_r2250_3716085350 in higgsCombineTest.HybridNew.mH120.40551499.root : higgsCombineTest.HybridNew.mH120.40551499.root:/toys

 -- Hybrid New -- 
CLs = 0 +/- 0
Total toys: 10000
Done in 0.00 min (cpu), 0.74 min (real)
