>>> including systematics
>>> using the Profile Likelihood test statistics modified for upper limits (Q_LHC)
>>> method used to compute upper limit is HybridNew
>>> Using OpenSSL to get a really random seed 
>>> Used OpenSSL to get a really random seed -1912339680
Adding /uscms_data/d2/lpcljm/sapta/SUSYSearch/LimitSetting/CMSSW_7_1_5/src to include path
Adding /cvmfs/cms.cern.ch/slc6_amd64_gcc481/lcg/roofit/5.34.18-cms3//include to include path
Input workspace 'w': 

RooWorkspace(w) w contents

variables
---------
(jerUp_unc,jerUp_unc_In,jesUp_unc,jesUp_unc_In,lumi,lumi_In,n_obs_binbin1,pdf_unc,pdf_unc_In,r,xs_Bkg,xs_Bkg_In)

p.d.f.s
-------
SimpleGaussianConstraint::jerUp_unc_Pdf[ x=jerUp_unc mean=jerUp_unc_In sigma=1 ] = 1
SimpleGaussianConstraint::jesUp_unc_Pdf[ x=jesUp_unc mean=jesUp_unc_In sigma=1 ] = 1
SimpleGaussianConstraint::lumi_Pdf[ x=lumi mean=lumi_In sigma=1 ] = 1
RooProdPdf::modelObs_b[ pdf_binbin1_bonly ] = 6.04949e-05
RooProdPdf::modelObs_s[ pdf_binbin1 ] = 3.91141e-05
RooProdPdf::model_b[ modelObs_b * nuisancePdf ] = 6.04949e-05
RooProdPdf::model_s[ modelObs_s * nuisancePdf ] = 3.91141e-05
RooProdPdf::nuisancePdf[ lumi_Pdf * jesUp_unc_Pdf * pdf_unc_Pdf * xs_Bkg_Pdf * jerUp_unc_Pdf ] = 1
RooPoisson::pdf_binbin1[ x=n_obs_binbin1 mean=n_exp_binbin1 ] = 3.91141e-05
RooPoisson::pdf_binbin1_bonly[ x=n_obs_binbin1 mean=n_exp_binbin1_bonly ] = 6.04949e-05
SimpleGaussianConstraint::pdf_unc_Pdf[ x=pdf_unc mean=pdf_unc_In sigma=1 ] = 1
SimpleGaussianConstraint::xs_Bkg_Pdf[ x=xs_Bkg mean=xs_Bkg_In sigma=1 ] = 1

functions
--------
RooAddition::n_exp_binbin1[ n_exp_binbin1_proc_BH + n_exp_binbin1_proc_Background ] = 64.3397
RooAddition::n_exp_binbin1_bonly[ n_exp_binbin1_proc_Background ] = 63.3397
ProcessNormalization::n_exp_binbin1_proc_BH[ thetaList=(lumi,jesUp_unc,pdf_unc,jerUp_unc) asymmThetaList=() otherFactorList=(r) ] = 1
ProcessNormalization::n_exp_binbin1_proc_Background[ thetaList=(xs_Bkg) asymmThetaList=() otherFactorList=() ] = 63.3397

datasets
--------
RooDataSet::data_obs(n_obs_binbin1)

named sets
----------
ModelConfig_GlobalObservables:(lumi_In,jesUp_unc_In,pdf_unc_In,xs_Bkg_In,jerUp_unc_In)
ModelConfig_NuisParams:(lumi,jesUp_unc,pdf_unc,xs_Bkg,jerUp_unc)
ModelConfig_Observables:(n_obs_binbin1)
ModelConfig_POI:(r)
ModelConfig_bonly_GlobalObservables:(lumi_In,jesUp_unc_In,pdf_unc_In,xs_Bkg_In,jerUp_unc_In)
ModelConfig_bonly_NuisParams:(lumi,jesUp_unc,pdf_unc,xs_Bkg,jerUp_unc)
ModelConfig_bonly_Observables:(n_obs_binbin1)
ModelConfig_bonly_POI:(r)
POI:(r)
globalObservables:(lumi_In,jesUp_unc_In,pdf_unc_In,xs_Bkg_In,jerUp_unc_In)
nuisances:(lumi,jesUp_unc,pdf_unc,xs_Bkg,jerUp_unc)
observables:(n_obs_binbin1)

generic objects
---------------
RooStats::ModelConfig::ModelConfig
RooStats::ModelConfig::ModelConfig_bonly
RooArgSet::discreteParams

Workspace has a ModelConfig for signal called 'ModelConfig', with contents:

=== Using the following for ModelConfig ===
Observables:             RooArgSet:: = (n_obs_binbin1)
Parameters of Interest:  RooArgSet:: = (r)
Nuisance Parameters:     RooArgSet:: = (lumi,jesUp_unc,pdf_unc,xs_Bkg,jerUp_unc)
Global Observables:      RooArgSet:: = (lumi_In,jesUp_unc_In,pdf_unc_In,xs_Bkg_In,jerUp_unc_In)
PDF:                     RooProdPdf::model_s[ modelObs_s * nuisancePdf ] = 3.91141e-05

Input ModelConfig 'ModelConfig': 

=== Using the following for ModelConfig ===
Observables:             RooArgSet:: = (n_obs_binbin1)
Parameters of Interest:  RooArgSet:: = (r)
Nuisance Parameters:     RooArgSet:: = (lumi,jesUp_unc,pdf_unc,xs_Bkg,jerUp_unc)
Global Observables:      RooArgSet:: = (lumi_In,jesUp_unc_In,pdf_unc_In,xs_Bkg_In,jerUp_unc_In)
PDF:                     RooProdPdf::model_s[ modelObs_s * nuisancePdf ] = 3.91141e-05

[#1] INFO:ObjectHandling -- RooWorkspace::import(w) importing RooUniform::prior
Computing limit starting from observation
  1) RooRealVar:: n_obs_binbin1 = 36
Set default minimizer to Minuit2
  r = 21 +/- 0
[#1] INFO:Minization --  Including the following contraint terms in minimization: (nuisancePdf)
[#1] INFO:Fitting -- RooAddition::defaultErrorLevel(nll_model_s_data_obs_with_constr) Summation contains a RooNLLVar, using its error level
Minuit2Minimizer: Minimize with max-calls 2500 convergence for edm < 0.01 strategy 1
MnSeedGenerator: for initial parameters FCN = 14.3076
MnSeedGenerator: Initial state:   - FCN =   14.30764423695 Edm =      5.64062 NCalls =     21
VariableMetric: start iterating until Edm is < 1e-05
VariableMetric: Initial state   - FCN =   14.30764423695 Edm =      5.64062 NCalls =     21
VariableMetric: Iteration #   1 - FCN =   7.743135109654 Edm =   0.00259407 NCalls =     34
VariableMetric: Iteration #   2 - FCN =   7.738857563025 Edm =  4.24179e-08 NCalls =     46
VariableMetric: After Hessian   - FCN =   7.738857563025 Edm =  5.58656e-08 NCalls =     77
Number of iterations 4
----------> Iteration 0
            FVAL = 14.3076442369 Edm = 5.64061792835 Nfcn = 21
            Error matrix change = 1
            Parameters :  p0 = 0 p1 = 0 p2 = 0 p3 = 0 p4 = 0
----------> Iteration 1
            FVAL = 7.74313510965 Edm = 0.00259406662266 Nfcn = 34
            Error matrix change = 0.501431
            Parameters :  p0 = 0 p1 = 0 p2 = 0 p3 = 0 p4 = -0.869256
----------> Iteration 2
            FVAL = 7.73885756303 Edm = 4.24179457534e-08 Nfcn = 46
            Error matrix change = 0.25282
            Parameters :  p0 = 0 p1 = 0 p2 = 0 p3 = 0 p4 = -0.893951
----------> Iteration 3
            FVAL = 7.73885756303 Edm = 5.58655548329e-08 Nfcn = 77
            Error matrix change = 0
            Parameters :  p0 = 0 p1 = 0 p2 = 0 p3 = 0 p4 = -0.893951
Minuit2Minimizer : Valid minimum - status = 0
FVAL  = 7.73885756302549588
Edm   = 5.58655548328923961e-08
Nfcn  = 77
jerUp_unc	  = 0	 +/-  0.996602	(limited)
jesUp_unc	  = 0	 +/-  0.996602	(limited)
lumi	  = 0	 +/-  0.996602	(limited)
pdf_unc	  = 0	 +/-  0.996602	(limited)
xs_Bkg	  = -0.893951	 +/-  0.268493	(limited)
Zero signal fit
   0) jerUp_unc                      =         0
   1) jesUp_unc                      =         0
   2) lumi                           =         0
   3) pdf_unc                        =         0
   4) xs_Bkg                         = -0.893951

Fitting of the background hypothesis done in 0.309383 s
[#1] INFO:Fitting -- RooAddition::defaultErrorLevel(nll_model_s_data_obs_with_constr) Summation contains a RooNLLVar, using its error level
Minuit2Minimizer: Minimize with max-calls 2500 convergence for edm < 0.01 strategy 1
MnSeedGenerator: for initial parameters FCN = 12.7401
MnSeedGenerator: Initial state:   - FCN =   12.74014510124 Edm =      2.85739 NCalls =     21
VariableMetric: start iterating until Edm is < 1e-05
VariableMetric: Initial state   - FCN =   12.74014510124 Edm =      2.85739 NCalls =     21
VariableMetric: Iteration #   1 - FCN =   9.755168220566 Edm =      0.15104 NCalls =     32
VariableMetric: Iteration #   2 - FCN =   9.497731298018 Edm =   0.00481609 NCalls =     44
VariableMetric: Iteration #   3 - FCN =   9.491231903405 Edm =  7.13221e-06 NCalls =     56
VariableMetric: Iteration #   4 - FCN =   9.491224207259 Edm =  9.18685e-10 NCalls =     68
VariableMetric: After Hessian   - FCN =   9.491224207259 Edm =  9.47529e-10 NCalls =     99
Number of iterations 6
----------> Iteration 0
            FVAL = 12.7401451012 Edm = 2.85738788832 Nfcn = 21
            Error matrix change = 1
            Parameters :  p0 = 0 p1 = 0 p2 = 0 p3 = 0 p4 = -0.893951
----------> Iteration 1
            FVAL = 9.75516822057 Edm = 0.151039868793 Nfcn = 32
            Error matrix change = 0.547381
            Parameters :  p0 = -0.310848 p1 = -0.382607 p2 = -0.354266 p3 = -0.451197 p4 = -1.56602
----------> Iteration 2
            FVAL = 9.49773129802 Edm = 0.00481608868212 Nfcn = 44
            Error matrix change = 0.30454
            Parameters :  p0 = -0.0917805 p1 = -0.119234 p2 = -0.107953 p3 = -0.149293 p4 = -1.79338
----------> Iteration 3
            FVAL = 9.4912319034 Edm = 7.13220889048e-06 Nfcn = 56
            Error matrix change = 0.167157
            Parameters :  p0 = -0.117949 p1 = -0.145562 p2 = -0.134611 p3 = -0.172444 p4 = -1.83185
----------> Iteration 4
            FVAL = 9.49122420726 Edm = 9.18684510683e-10 Nfcn = 68
            Error matrix change = 0.0981362
            Parameters :  p0 = -0.115815 p1 = -0.144115 p2 = -0.132828 p3 = -0.17213 p4 = -1.83308
----------> Iteration 5
            FVAL = 9.49122420726 Edm = 9.4752944856e-10 Nfcn = 99
            Error matrix change = 0
            Parameters :  p0 = -0.115815 p1 = -0.144115 p2 = -0.132828 p3 = -0.17213 p4 = -1.83308
Minuit2Minimizer : Valid minimum - status = 0
FVAL  = 9.49122420725938198
Edm   = 9.47529448560182093e-10
Nfcn  = 99
jerUp_unc	  = -0.115815	 +/-  0.992098	(limited)
jesUp_unc	  = -0.144115	 +/-  0.989623	(limited)
lumi	  = -0.132828	 +/-  0.990675	(limited)
pdf_unc	  = -0.17213	 +/-  0.986632	(limited)
xs_Bkg	  = -1.83308	 +/-  0.442183	(limited)
Reference signal fit
   0) jerUp_unc                      = -0.115815
   1) jesUp_unc                      = -0.144115
   2) lumi                           = -0.132828
   3) pdf_unc                        =  -0.17213
   4) xs_Bkg                         =  -1.83308

Fitting of the signal-plus-background hypothesis done in 0.00240898 s
      Evaluation of p-values done in  5.97722 s
	CLs = 0.123894 +/- 0.0241955
      Evaluation of p-values done in  5.63677 s
	CLs = 0.105023 +/- 0.0159352
      Evaluation of p-values done in  5.62426 s
	CLs = 0.109792 +/- 0.0131433
      Evaluation of p-values done in  5.83282 s
	CLs = 0.105909 +/- 0.0111788
      Evaluation of p-values done in  5.70791 s
	CLs = 0.104129 +/- 0.00994331
	CLs      = 0.104129 +/- 0.00994331
	CLb      = 0.2228 +/- 0.0058849
	CLsplusb = 0.0232 +/- 0.00212893

Hybrid result saved as HypoTestResult_mh120_r21_2712603352 in higgsCombineTest.HybridNew.mH120.-1912339680.root : higgsCombineTest.HybridNew.mH120.-1912339680.root:/toys

 -- Hybrid New -- 
CLs = 0.104129 +/- 0.00994331
Total toys: 10000
Done in 0.00 min (cpu), 0.49 min (real)
