>>> including systematics
>>> using the Profile Likelihood test statistics modified for upper limits (Q_LHC)
>>> method used to compute upper limit is HybridNew
>>> Using OpenSSL to get a really random seed 
>>> Used OpenSSL to get a really random seed -873307493
Adding /uscms_data/d2/lpcljm/sapta/SUSYSearch/LimitSetting/CMSSW_7_1_5/src to include path
Adding /cvmfs/cms.cern.ch/slc6_amd64_gcc481/lcg/roofit/5.34.18-cms3//include to include path
Input workspace 'w': 

RooWorkspace(w) w contents

variables
---------
(jerUp_unc,jerUp_unc_In,jesUp_unc,jesUp_unc_In,lumi,lumi_In,n_obs_binbin1,pdf_unc,pdf_unc_In,r,xs_Bkg,xs_Bkg_In)

p.d.f.s
-------
SimpleGaussianConstraint::jerUp_unc_Pdf[ x=jerUp_unc mean=jerUp_unc_In sigma=1 ] = 1
SimpleGaussianConstraint::jesUp_unc_Pdf[ x=jesUp_unc mean=jesUp_unc_In sigma=1 ] = 1
SimpleGaussianConstraint::lumi_Pdf[ x=lumi mean=lumi_In sigma=1 ] = 1
RooProdPdf::modelObs_b[ pdf_binbin1_bonly ] = 3.83246e-07
RooProdPdf::modelObs_s[ pdf_binbin1 ] = 3.15334e-07
RooProdPdf::model_b[ modelObs_b * nuisancePdf ] = 3.83246e-07
RooProdPdf::model_s[ modelObs_s * nuisancePdf ] = 3.15334e-07
RooProdPdf::nuisancePdf[ lumi_Pdf * jesUp_unc_Pdf * pdf_unc_Pdf * xs_Bkg_Pdf * jerUp_unc_Pdf ] = 1
RooPoisson::pdf_binbin1[ x=n_obs_binbin1 mean=n_exp_binbin1 ] = 3.15334e-07
RooPoisson::pdf_binbin1_bonly[ x=n_obs_binbin1 mean=n_exp_binbin1_bonly ] = 3.83246e-07
SimpleGaussianConstraint::pdf_unc_Pdf[ x=pdf_unc mean=pdf_unc_In sigma=1 ] = 1
SimpleGaussianConstraint::xs_Bkg_Pdf[ x=xs_Bkg mean=xs_Bkg_In sigma=1 ] = 1

functions
--------
RooAddition::n_exp_binbin1[ n_exp_binbin1_proc_BH + n_exp_binbin1_proc_Background ] = 535.932
RooAddition::n_exp_binbin1_bonly[ n_exp_binbin1_proc_Background ] = 534.932
ProcessNormalization::n_exp_binbin1_proc_BH[ thetaList=(lumi,jesUp_unc,pdf_unc,jerUp_unc) asymmThetaList=() otherFactorList=(r) ] = 1
ProcessNormalization::n_exp_binbin1_proc_Background[ thetaList=(xs_Bkg) asymmThetaList=() otherFactorList=() ] = 534.932

datasets
--------
RooDataSet::data_obs(n_obs_binbin1)

named sets
----------
ModelConfig_GlobalObservables:(lumi_In,jesUp_unc_In,pdf_unc_In,xs_Bkg_In,jerUp_unc_In)
ModelConfig_NuisParams:(lumi,jesUp_unc,pdf_unc,xs_Bkg,jerUp_unc)
ModelConfig_Observables:(n_obs_binbin1)
ModelConfig_POI:(r)
ModelConfig_bonly_GlobalObservables:(lumi_In,jesUp_unc_In,pdf_unc_In,xs_Bkg_In,jerUp_unc_In)
ModelConfig_bonly_NuisParams:(lumi,jesUp_unc,pdf_unc,xs_Bkg,jerUp_unc)
ModelConfig_bonly_Observables:(n_obs_binbin1)
ModelConfig_bonly_POI:(r)
POI:(r)
globalObservables:(lumi_In,jesUp_unc_In,pdf_unc_In,xs_Bkg_In,jerUp_unc_In)
nuisances:(lumi,jesUp_unc,pdf_unc,xs_Bkg,jerUp_unc)
observables:(n_obs_binbin1)

generic objects
---------------
RooStats::ModelConfig::ModelConfig
RooStats::ModelConfig::ModelConfig_bonly
RooArgSet::discreteParams

Workspace has a ModelConfig for signal called 'ModelConfig', with contents:

=== Using the following for ModelConfig ===
Observables:             RooArgSet:: = (n_obs_binbin1)
Parameters of Interest:  RooArgSet:: = (r)
Nuisance Parameters:     RooArgSet:: = (lumi,jesUp_unc,pdf_unc,xs_Bkg,jerUp_unc)
Global Observables:      RooArgSet:: = (lumi_In,jesUp_unc_In,pdf_unc_In,xs_Bkg_In,jerUp_unc_In)
PDF:                     RooProdPdf::model_s[ modelObs_s * nuisancePdf ] = 3.15334e-07

Input ModelConfig 'ModelConfig': 

=== Using the following for ModelConfig ===
Observables:             RooArgSet:: = (n_obs_binbin1)
Parameters of Interest:  RooArgSet:: = (r)
Nuisance Parameters:     RooArgSet:: = (lumi,jesUp_unc,pdf_unc,xs_Bkg,jerUp_unc)
Global Observables:      RooArgSet:: = (lumi_In,jesUp_unc_In,pdf_unc_In,xs_Bkg_In,jerUp_unc_In)
PDF:                     RooProdPdf::model_s[ modelObs_s * nuisancePdf ] = 3.15334e-07

[#1] INFO:ObjectHandling -- RooWorkspace::import(w) importing RooUniform::prior
Computing limit starting from observation
  1) RooRealVar:: n_obs_binbin1 = 431
Set default minimizer to Minuit2
  r = 240 +/- 0
[#1] INFO:Minization --  Including the following contraint terms in minimization: (nuisancePdf)
[#1] INFO:Fitting -- RooAddition::defaultErrorLevel(nll_model_s_data_obs_with_constr) Summation contains a RooNLLVar, using its error level
Minuit2Minimizer: Minimize with max-calls 2500 convergence for edm < 0.01 strategy 1
MnSeedGenerator: for initial parameters FCN = 19.3693
MnSeedGenerator: Initial state:   - FCN =   19.36928230571 Edm =       9.9368 NCalls =     21
VariableMetric: start iterating until Edm is < 1e-05
VariableMetric: Initial state   - FCN =   19.36928230571 Edm =       9.9368 NCalls =     21
VariableMetric: Iteration #   1 - FCN =   8.760355093371 Edm =     0.013628 NCalls =     33
VariableMetric: Iteration #   2 - FCN =   8.743548466498 Edm =  5.46515e-08 NCalls =     45
VariableMetric: After Hessian   - FCN =   8.743548466498 Edm =  6.14058e-08 NCalls =     76
Number of iterations 4
----------> Iteration 0
            FVAL = 19.3692823057 Edm = 9.93680373727 Nfcn = 21
            Error matrix change = 1
            Parameters :  p0 = 0 p1 = 0 p2 = 0 p3 = 0 p4 = 0
----------> Iteration 1
            FVAL = 8.76035509337 Edm = 0.0136279558775 Nfcn = 33
            Error matrix change = 0.500205
            Parameters :  p0 = 0 p1 = 0 p2 = 0 p3 = 0 p4 = -0.595474
----------> Iteration 2
            FVAL = 8.7435484665 Edm = 5.46515329067e-08 Nfcn = 45
            Error matrix change = 0.25036
            Parameters :  p0 = 0 p1 = 0 p2 = 0 p3 = 0 p4 = -0.620974
----------> Iteration 3
            FVAL = 8.7435484665 Edm = 6.14057825236e-08 Nfcn = 76
            Error matrix change = 0
            Parameters :  p0 = 0 p1 = 0 p2 = 0 p3 = 0 p4 = -0.620974
Minuit2Minimizer : Valid minimum - status = 0
FVAL  = 8.74354846649840667
Edm   = 6.14057825235919116e-08
Nfcn  = 76
jerUp_unc	  = 0	 +/-  0.996602	(limited)
jesUp_unc	  = 0	 +/-  0.996602	(limited)
lumi	  = 0	 +/-  0.996602	(limited)
pdf_unc	  = 0	 +/-  0.996602	(limited)
xs_Bkg	  = -0.620974	 +/-  0.139538	(limited)
Zero signal fit
   0) jerUp_unc                      =         0
   1) jesUp_unc                      =         0
   2) lumi                           =         0
   3) pdf_unc                        =         0
   4) xs_Bkg                         = -0.620974

Fitting of the background hypothesis done in 0.207851 s
[#1] INFO:Fitting -- RooAddition::defaultErrorLevel(nll_model_s_data_obs_with_constr) Summation contains a RooNLLVar, using its error level
Minuit2Minimizer: Minimize with max-calls 2500 convergence for edm < 0.01 strategy 1
MnSeedGenerator: for initial parameters FCN = 58.6082
MnSeedGenerator: Initial state:   - FCN =   58.60819656884 Edm =       59.662 NCalls =     21
VariableMetric: start iterating until Edm is < 1e-05
VariableMetric: Initial state   - FCN =   58.60819656884 Edm =       59.662 NCalls =     21
VariableMetric: Iteration #   1 - FCN =   21.07759301966 Edm =      3.27511 NCalls =     33
VariableMetric: Iteration #   2 - FCN =   13.04992074446 Edm =     0.382586 NCalls =     46
VariableMetric: Iteration #   3 - FCN =   12.43884728749 Edm =    0.0434891 NCalls =     58
VariableMetric: Iteration #   4 - FCN =   12.38238110931 Edm =   0.00104327 NCalls =     70
VariableMetric: Iteration #   5 - FCN =   12.38100554462 Edm =  1.22177e-05 NCalls =     82
VariableMetric: Iteration #   6 - FCN =   12.38099096046 Edm =  1.84562e-07 NCalls =     94
VariableMetric: After Hessian   - FCN =   12.38099096046 Edm =  2.19134e-07 NCalls =    125
Number of iterations 8
----------> Iteration 0
            FVAL = 58.6081965688 Edm = 59.6619697197 Nfcn = 21
            Error matrix change = 1
            Parameters :  p0 = 0 p1 = 0 p2 = 0 p3 = 0 p4 = -0.620974
----------> Iteration 1
            FVAL = 21.0775930197 Edm = 3.27510953022 Nfcn = 33
            Error matrix change = 0.613579
            Parameters :  p0 = -1.83581 p1 = -2.0736 p2 = -1.98896 p3 = -2.23117 p4 = -1.47883
----------> Iteration 2
            FVAL = 13.0499207445 Edm = 0.38258576715 Nfcn = 46
            Error matrix change = 0.458933
            Parameters :  p0 = -0.0148099 p1 = -0.416184 p2 = -0.247106 p3 = -0.855606 p4 = -2.27969
----------> Iteration 3
            FVAL = 12.4388472875 Edm = 0.0434890986898 Nfcn = 58
            Error matrix change = 0.293264
            Parameters :  p0 = -0.443402 p1 = -0.496773 p2 = -0.467557 p3 = -0.626463 p4 = -2.47367
----------> Iteration 4
            FVAL = 12.3823811093 Edm = 0.0010432680583 Nfcn = 70
            Error matrix change = 0.205636
            Parameters :  p0 = -0.320974 p1 = -0.362432 p2 = -0.345663 p3 = -0.420789 p4 = -2.56193
----------> Iteration 5
            FVAL = 12.3810055446 Edm = 1.22177001527e-05 Nfcn = 82
            Error matrix change = 0.145497
            Parameters :  p0 = -0.298689 p1 = -0.372357 p2 = -0.344047 p3 = -0.438839 p4 = -2.57165
----------> Iteration 6
            FVAL = 12.3809909605 Edm = 1.84561904186e-07 Nfcn = 94
            Error matrix change = 0.126444
            Parameters :  p0 = -0.296697 p1 = -0.369939 p2 = -0.340781 p3 = -0.441209 p4 = -2.57179
----------> Iteration 7
            FVAL = 12.3809909605 Edm = 2.19134433221e-07 Nfcn = 125
            Error matrix change = 0
            Parameters :  p0 = -0.296697 p1 = -0.369939 p2 = -0.340781 p3 = -0.441209 p4 = -2.57179
Minuit2Minimizer : Valid minimum - status = 0
FVAL  = 12.3809909604584369
Edm   = 2.19134433221220565e-07
Nfcn  = 125
jerUp_unc	  = -0.296697	 +/-  0.982742	(limited)
jesUp_unc	  = -0.369939	 +/-  0.975071	(limited)
lumi	  = -0.340781	 +/-  0.978338	(limited)
pdf_unc	  = -0.441209	 +/-  0.965739	(limited)
xs_Bkg	  = -2.57179	 +/-  0.347086	(limited)
Reference signal fit
   0) jerUp_unc                      = -0.296697
   1) jesUp_unc                      = -0.369939
   2) lumi                           = -0.340781
   3) pdf_unc                        = -0.441209
   4) xs_Bkg                         =  -2.57179

Fitting of the signal-plus-background hypothesis done in 0.00169778 s
      Evaluation of p-values done in  6.98046 s
	CLs = 0.0148699 +/- 0.00746044
      Evaluation of p-values done in  6.94969 s
	CLs = 0.00896057 +/- 0.00401522
      Evaluation of p-values done in  6.74169 s
	CLs = 0.00704225 +/- 0.00287936
      Evaluation of p-values done in  6.76432 s
	CLs = 0.00539084 +/- 0.00220343
      Evaluation of p-values done in  6.79875 s
	CLs = 0.00499287 +/- 0.00188919
	CLs      = 0.00499287 +/- 0.00188919
	CLb      = 0.2804 +/- 0.00635257
	CLsplusb = 0.0014 +/- 0.00052878

Hybrid result saved as HypoTestResult_mh120_r240_3482661015 in higgsCombineTest.HybridNew.mH120.-873307493.root : higgsCombineTest.HybridNew.mH120.-873307493.root:/toys

 -- Hybrid New -- 
CLs = 0.00499287 +/- 0.00188919
Total toys: 10000
Done in 0.00 min (cpu), 0.57 min (real)
