>>> including systematics
>>> using the Profile Likelihood test statistics modified for upper limits (Q_LHC)
>>> method used to compute upper limit is HybridNew
>>> Using OpenSSL to get a really random seed 
>>> Used OpenSSL to get a really random seed 1521041489
Adding /uscms_data/d2/lpcljm/sapta/SUSYSearch/LimitSetting/CMSSW_7_1_5/src to include path
Adding /cvmfs/cms.cern.ch/slc6_amd64_gcc481/lcg/roofit/5.34.18-cms3//include to include path
Input workspace 'w': 

RooWorkspace(w) w contents

variables
---------
(jerUp_unc,jerUp_unc_In,jesUp_unc,jesUp_unc_In,lumi,lumi_In,n_obs_binbin1,pdf_unc,pdf_unc_In,r,xs_Bkg,xs_Bkg_In)

p.d.f.s
-------
SimpleGaussianConstraint::jerUp_unc_Pdf[ x=jerUp_unc mean=jerUp_unc_In sigma=1 ] = 1
SimpleGaussianConstraint::jesUp_unc_Pdf[ x=jesUp_unc mean=jesUp_unc_In sigma=1 ] = 1
SimpleGaussianConstraint::lumi_Pdf[ x=lumi mean=lumi_In sigma=1 ] = 1
RooProdPdf::modelObs_b[ pdf_binbin1_bonly ] = 0.0818161
RooProdPdf::modelObs_s[ pdf_binbin1 ] = 0.0379125
RooProdPdf::model_b[ modelObs_b * nuisancePdf ] = 0.0818161
RooProdPdf::model_s[ modelObs_s * nuisancePdf ] = 0.0379125
RooProdPdf::nuisancePdf[ lumi_Pdf * jesUp_unc_Pdf * pdf_unc_Pdf * xs_Bkg_Pdf * jerUp_unc_Pdf ] = 1
RooPoisson::pdf_binbin1[ x=n_obs_binbin1 mean=n_exp_binbin1 ] = 0.0379125
RooPoisson::pdf_binbin1_bonly[ x=n_obs_binbin1 mean=n_exp_binbin1_bonly ] = 0.0818161
SimpleGaussianConstraint::pdf_unc_Pdf[ x=pdf_unc mean=pdf_unc_In sigma=1 ] = 1
SimpleGaussianConstraint::xs_Bkg_Pdf[ x=xs_Bkg mean=xs_Bkg_In sigma=1 ] = 1

functions
--------
RooAddition::n_exp_binbin1[ n_exp_binbin1_proc_BH + n_exp_binbin1_proc_Background ] = 4.85183
RooAddition::n_exp_binbin1_bonly[ n_exp_binbin1_proc_Background ] = 3.85183
ProcessNormalization::n_exp_binbin1_proc_BH[ thetaList=(lumi,jesUp_unc,pdf_unc,jerUp_unc) asymmThetaList=() otherFactorList=(r) ] = 1
ProcessNormalization::n_exp_binbin1_proc_Background[ thetaList=(xs_Bkg) asymmThetaList=() otherFactorList=() ] = 3.85183

datasets
--------
RooDataSet::data_obs(n_obs_binbin1)

named sets
----------
ModelConfig_GlobalObservables:(lumi_In,jesUp_unc_In,pdf_unc_In,xs_Bkg_In,jerUp_unc_In)
ModelConfig_NuisParams:(lumi,jesUp_unc,pdf_unc,xs_Bkg,jerUp_unc)
ModelConfig_Observables:(n_obs_binbin1)
ModelConfig_POI:(r)
ModelConfig_bonly_GlobalObservables:(lumi_In,jesUp_unc_In,pdf_unc_In,xs_Bkg_In,jerUp_unc_In)
ModelConfig_bonly_NuisParams:(lumi,jesUp_unc,pdf_unc,xs_Bkg,jerUp_unc)
ModelConfig_bonly_Observables:(n_obs_binbin1)
ModelConfig_bonly_POI:(r)
POI:(r)
globalObservables:(lumi_In,jesUp_unc_In,pdf_unc_In,xs_Bkg_In,jerUp_unc_In)
nuisances:(lumi,jesUp_unc,pdf_unc,xs_Bkg,jerUp_unc)
observables:(n_obs_binbin1)

generic objects
---------------
RooStats::ModelConfig::ModelConfig
RooStats::ModelConfig::ModelConfig_bonly
RooArgSet::discreteParams

Workspace has a ModelConfig for signal called 'ModelConfig', with contents:

=== Using the following for ModelConfig ===
Observables:             RooArgSet:: = (n_obs_binbin1)
Parameters of Interest:  RooArgSet:: = (r)
Nuisance Parameters:     RooArgSet:: = (lumi,jesUp_unc,pdf_unc,xs_Bkg,jerUp_unc)
Global Observables:      RooArgSet:: = (lumi_In,jesUp_unc_In,pdf_unc_In,xs_Bkg_In,jerUp_unc_In)
PDF:                     RooProdPdf::model_s[ modelObs_s * nuisancePdf ] = 0.0379125

Input ModelConfig 'ModelConfig': 

=== Using the following for ModelConfig ===
Observables:             RooArgSet:: = (n_obs_binbin1)
Parameters of Interest:  RooArgSet:: = (r)
Nuisance Parameters:     RooArgSet:: = (lumi,jesUp_unc,pdf_unc,xs_Bkg,jerUp_unc)
Global Observables:      RooArgSet:: = (lumi_In,jesUp_unc_In,pdf_unc_In,xs_Bkg_In,jerUp_unc_In)
PDF:                     RooProdPdf::model_s[ modelObs_s * nuisancePdf ] = 0.0379125

[#1] INFO:ObjectHandling -- RooWorkspace::import(w) importing RooUniform::prior
Computing limit starting from observation
  1) RooRealVar:: n_obs_binbin1 = 1
Set default minimizer to Minuit2
  r = 2.5 +/- 0
[#1] INFO:Minization --  Including the following contraint terms in minimization: (nuisancePdf)
[#1] INFO:Fitting -- RooAddition::defaultErrorLevel(nll_model_s_data_obs_with_constr) Summation contains a RooNLLVar, using its error level
Minuit2Minimizer: Minimize with max-calls 2500 convergence for edm < 0.01 strategy 1
MnSeedGenerator: for initial parameters FCN = 7.09797
MnSeedGenerator: Initial state:   - FCN =   7.097974305967 Edm =     0.817028 NCalls =     21
VariableMetric: start iterating until Edm is < 1e-05
VariableMetric: Initial state   - FCN =   7.097974305967 Edm =     0.817028 NCalls =     21
VariableMetric: Iteration #   1 - FCN =   6.132747789268 Edm =  0.000435221 NCalls =     34
VariableMetric: Iteration #   2 - FCN =   6.132013976315 Edm =  7.46543e-09 NCalls =     46
VariableMetric: After Hessian   - FCN =   6.132013976315 Edm =  9.84377e-09 NCalls =     77
Number of iterations 4
----------> Iteration 0
            FVAL = 7.09797430597 Edm = 0.81702776181 Nfcn = 21
            Error matrix change = 1
            Parameters :  p0 = 0 p1 = 0 p2 = 0 p3 = 0 p4 = 0
----------> Iteration 1
            FVAL = 6.13274778927 Edm = 0.000435221054917 Nfcn = 34
            Error matrix change = 0.507584
            Parameters :  p0 = 0 p1 = 0 p2 = 0 p3 = 0 p4 = -0.763233
----------> Iteration 2
            FVAL = 6.13201397632 Edm = 7.46542553372e-09 Nfcn = 46
            Error matrix change = 0.264172
            Parameters :  p0 = 0 p1 = 0 p2 = 0 p3 = 0 p4 = -0.786713
----------> Iteration 3
            FVAL = 6.13201397632 Edm = 9.84376886398e-09 Nfcn = 77
            Error matrix change = 0
            Parameters :  p0 = 0 p1 = 0 p2 = 0 p3 = 0 p4 = -0.786713
Minuit2Minimizer : Valid minimum - status = 0
FVAL  = 6.13201397631526746
Edm   = 9.84376886397749974e-09
Nfcn  = 77
jerUp_unc	  = 0	 +/-  0.996602	(limited)
jesUp_unc	  = 0	 +/-  0.996602	(limited)
lumi	  = 0	 +/-  0.996602	(limited)
pdf_unc	  = 0	 +/-  0.996602	(limited)
xs_Bkg	  = -0.786713	 +/-  0.615764	(limited)
Zero signal fit
   0) jerUp_unc                      =         0
   1) jesUp_unc                      =         0
   2) lumi                           =         0
   3) pdf_unc                        =         0
   4) xs_Bkg                         = -0.786713

Fitting of the background hypothesis done in 0.307219 s
[#1] INFO:Fitting -- RooAddition::defaultErrorLevel(nll_model_s_data_obs_with_constr) Summation contains a RooNLLVar, using its error level
Minuit2Minimizer: Minimize with max-calls 2500 convergence for edm < 0.01 strategy 1
MnSeedGenerator: for initial parameters FCN = 7.77227
MnSeedGenerator: Initial state:   - FCN =   7.772272458144 Edm =    0.0782301 NCalls =     21
VariableMetric: start iterating until Edm is < 1e-05
VariableMetric: Initial state   - FCN =   7.772272458144 Edm =    0.0782301 NCalls =     21
VariableMetric: Iteration #   1 - FCN =   7.692316343623 Edm =  0.000268666 NCalls =     32
VariableMetric: Iteration #   2 - FCN =   7.692007107294 Edm =  6.87252e-08 NCalls =     44
VariableMetric: After Hessian   - FCN =   7.692007107294 Edm =  7.01297e-08 NCalls =     75
Number of iterations 4
----------> Iteration 0
            FVAL = 7.77227245814 Edm = 0.0782301131737 Nfcn = 21
            Error matrix change = 1
            Parameters :  p0 = 0 p1 = 0 p2 = 0 p3 = 0 p4 = -0.786713
----------> Iteration 1
            FVAL = 7.69231634362 Edm = 0.000268665786949 Nfcn = 32
            Error matrix change = 0.511981
            Parameters :  p0 = -0.0751698 p1 = -0.0933327 p2 = -0.086101 p3 = -0.11121 p4 = -1.01079
----------> Iteration 2
            FVAL = 7.69200710729 Edm = 6.87252292118e-08 Nfcn = 44
            Error matrix change = 0.262313
            Parameters :  p0 = -0.0716412 p1 = -0.0891507 p2 = -0.082165 p3 = -0.106512 p4 = -1.02703
----------> Iteration 3
            FVAL = 7.69200710729 Edm = 7.01296918501e-08 Nfcn = 75
            Error matrix change = 0
            Parameters :  p0 = -0.0716412 p1 = -0.0891507 p2 = -0.082165 p3 = -0.106512 p4 = -1.02703
Minuit2Minimizer : Valid minimum - status = 0
FVAL  = 7.69200710729400683
Edm   = 7.01296918501477495e-08
Nfcn  = 75
jerUp_unc	  = -0.0716412	 +/-  0.994959	(limited)
jesUp_unc	  = -0.0891507	 +/-  0.994058	(limited)
lumi	  = -0.082165	 +/-  0.994441	(limited)
pdf_unc	  = -0.106512	 +/-  0.992971	(limited)
xs_Bkg	  = -1.02703	 +/-  0.690292	(limited)
Reference signal fit
   0) jerUp_unc                      = -0.0716412
   1) jesUp_unc                      = -0.0891507
   2) lumi                           = -0.082165
   3) pdf_unc                        = -0.106512
   4) xs_Bkg                         =  -1.02703

Fitting of the signal-plus-background hypothesis done in 0.00221992 s
      Evaluation of p-values done in  5.51428 s
	CLs = 0.144 +/- 0.024849
      Evaluation of p-values done in  5.35079 s
	CLs = 0.142558 +/- 0.0179205
      Evaluation of p-values done in  5.50515 s
	CLs = 0.138965 +/- 0.0142394
      Evaluation of p-values done in  5.15548 s
	CLs = 0.133745 +/- 0.0121267
      Evaluation of p-values done in  5.19024 s
	CLs = 0.139051 +/- 0.011142
	CLs      = 0.139051 +/- 0.011142
	CLb      = 0.2402 +/- 0.00604159
	CLsplusb = 0.0334 +/- 0.00254104

Hybrid result saved as HypoTestResult_mh120_r2.5_1590805875 in higgsCombineTest.HybridNew.mH120.1521041489.root : higgsCombineTest.HybridNew.mH120.1521041489.root:/toys

 -- Hybrid New -- 
CLs = 0.139051 +/- 0.011142
Total toys: 10000
Done in 0.00 min (cpu), 0.45 min (real)
