>>> including systematics
>>> using the Profile Likelihood test statistics modified for upper limits (Q_LHC)
>>> method used to compute upper limit is HybridNew
>>> Using OpenSSL to get a really random seed 
>>> Used OpenSSL to get a really random seed -1693180261
Adding /uscms_data/d2/lpcljm/sapta/SUSYSearch/LimitSetting/CMSSW_7_1_5/src to include path
Adding /cvmfs/cms.cern.ch/slc6_amd64_gcc481/lcg/roofit/5.34.18-cms3//include to include path
Input workspace 'w': 

RooWorkspace(w) w contents

variables
---------
(jerUp_unc,jerUp_unc_In,jesUp_unc,jesUp_unc_In,lumi,lumi_In,n_obs_binbin1,pdf_unc,pdf_unc_In,r,xs_Bkg,xs_Bkg_In)

p.d.f.s
-------
SimpleGaussianConstraint::jerUp_unc_Pdf[ x=jerUp_unc mean=jerUp_unc_In sigma=1 ] = 1
SimpleGaussianConstraint::jesUp_unc_Pdf[ x=jesUp_unc mean=jesUp_unc_In sigma=1 ] = 1
SimpleGaussianConstraint::lumi_Pdf[ x=lumi mean=lumi_In sigma=1 ] = 1
RooProdPdf::modelObs_b[ pdf_binbin1_bonly ] = 6.04949e-05
RooProdPdf::modelObs_s[ pdf_binbin1 ] = 3.91141e-05
RooProdPdf::model_b[ modelObs_b * nuisancePdf ] = 6.04949e-05
RooProdPdf::model_s[ modelObs_s * nuisancePdf ] = 3.91141e-05
RooProdPdf::nuisancePdf[ lumi_Pdf * jesUp_unc_Pdf * pdf_unc_Pdf * xs_Bkg_Pdf * jerUp_unc_Pdf ] = 1
RooPoisson::pdf_binbin1[ x=n_obs_binbin1 mean=n_exp_binbin1 ] = 3.91141e-05
RooPoisson::pdf_binbin1_bonly[ x=n_obs_binbin1 mean=n_exp_binbin1_bonly ] = 6.04949e-05
SimpleGaussianConstraint::pdf_unc_Pdf[ x=pdf_unc mean=pdf_unc_In sigma=1 ] = 1
SimpleGaussianConstraint::xs_Bkg_Pdf[ x=xs_Bkg mean=xs_Bkg_In sigma=1 ] = 1

functions
--------
RooAddition::n_exp_binbin1[ n_exp_binbin1_proc_BH + n_exp_binbin1_proc_Background ] = 64.3397
RooAddition::n_exp_binbin1_bonly[ n_exp_binbin1_proc_Background ] = 63.3397
ProcessNormalization::n_exp_binbin1_proc_BH[ thetaList=(lumi,jesUp_unc,pdf_unc,jerUp_unc) asymmThetaList=() otherFactorList=(r) ] = 1
ProcessNormalization::n_exp_binbin1_proc_Background[ thetaList=(xs_Bkg) asymmThetaList=() otherFactorList=() ] = 63.3397

datasets
--------
RooDataSet::data_obs(n_obs_binbin1)

named sets
----------
ModelConfig_GlobalObservables:(lumi_In,jesUp_unc_In,pdf_unc_In,xs_Bkg_In,jerUp_unc_In)
ModelConfig_NuisParams:(lumi,jesUp_unc,pdf_unc,xs_Bkg,jerUp_unc)
ModelConfig_Observables:(n_obs_binbin1)
ModelConfig_POI:(r)
ModelConfig_bonly_GlobalObservables:(lumi_In,jesUp_unc_In,pdf_unc_In,xs_Bkg_In,jerUp_unc_In)
ModelConfig_bonly_NuisParams:(lumi,jesUp_unc,pdf_unc,xs_Bkg,jerUp_unc)
ModelConfig_bonly_Observables:(n_obs_binbin1)
ModelConfig_bonly_POI:(r)
POI:(r)
globalObservables:(lumi_In,jesUp_unc_In,pdf_unc_In,xs_Bkg_In,jerUp_unc_In)
nuisances:(lumi,jesUp_unc,pdf_unc,xs_Bkg,jerUp_unc)
observables:(n_obs_binbin1)

generic objects
---------------
RooStats::ModelConfig::ModelConfig
RooStats::ModelConfig::ModelConfig_bonly
RooArgSet::discreteParams

Workspace has a ModelConfig for signal called 'ModelConfig', with contents:

=== Using the following for ModelConfig ===
Observables:             RooArgSet:: = (n_obs_binbin1)
Parameters of Interest:  RooArgSet:: = (r)
Nuisance Parameters:     RooArgSet:: = (lumi,jesUp_unc,pdf_unc,xs_Bkg,jerUp_unc)
Global Observables:      RooArgSet:: = (lumi_In,jesUp_unc_In,pdf_unc_In,xs_Bkg_In,jerUp_unc_In)
PDF:                     RooProdPdf::model_s[ modelObs_s * nuisancePdf ] = 3.91141e-05

Input ModelConfig 'ModelConfig': 

=== Using the following for ModelConfig ===
Observables:             RooArgSet:: = (n_obs_binbin1)
Parameters of Interest:  RooArgSet:: = (r)
Nuisance Parameters:     RooArgSet:: = (lumi,jesUp_unc,pdf_unc,xs_Bkg,jerUp_unc)
Global Observables:      RooArgSet:: = (lumi_In,jesUp_unc_In,pdf_unc_In,xs_Bkg_In,jerUp_unc_In)
PDF:                     RooProdPdf::model_s[ modelObs_s * nuisancePdf ] = 3.91141e-05

[#1] INFO:ObjectHandling -- RooWorkspace::import(w) importing RooUniform::prior
Computing limit starting from observation
  1) RooRealVar:: n_obs_binbin1 = 36
Set default minimizer to Minuit2
  r = 29 +/- 0
[#1] INFO:Minization --  Including the following contraint terms in minimization: (nuisancePdf)
[#1] INFO:Fitting -- RooAddition::defaultErrorLevel(nll_model_s_data_obs_with_constr) Summation contains a RooNLLVar, using its error level
Minuit2Minimizer: Minimize with max-calls 2500 convergence for edm < 0.01 strategy 1
MnSeedGenerator: for initial parameters FCN = 14.3076
MnSeedGenerator: Initial state:   - FCN =   14.30764423695 Edm =      5.64062 NCalls =     21
VariableMetric: start iterating until Edm is < 1e-05
VariableMetric: Initial state   - FCN =   14.30764423695 Edm =      5.64062 NCalls =     21
VariableMetric: Iteration #   1 - FCN =   7.743135109654 Edm =   0.00259407 NCalls =     34
VariableMetric: Iteration #   2 - FCN =   7.738857563025 Edm =  4.24179e-08 NCalls =     46
VariableMetric: After Hessian   - FCN =   7.738857563025 Edm =  5.58656e-08 NCalls =     77
Number of iterations 4
----------> Iteration 0
            FVAL = 14.3076442369 Edm = 5.64061792835 Nfcn = 21
            Error matrix change = 1
            Parameters :  p0 = 0 p1 = 0 p2 = 0 p3 = 0 p4 = 0
----------> Iteration 1
            FVAL = 7.74313510965 Edm = 0.00259406662266 Nfcn = 34
            Error matrix change = 0.501431
            Parameters :  p0 = 0 p1 = 0 p2 = 0 p3 = 0 p4 = -0.869256
----------> Iteration 2
            FVAL = 7.73885756303 Edm = 4.24179457534e-08 Nfcn = 46
            Error matrix change = 0.25282
            Parameters :  p0 = 0 p1 = 0 p2 = 0 p3 = 0 p4 = -0.893951
----------> Iteration 3
            FVAL = 7.73885756303 Edm = 5.58655548329e-08 Nfcn = 77
            Error matrix change = 0
            Parameters :  p0 = 0 p1 = 0 p2 = 0 p3 = 0 p4 = -0.893951
Minuit2Minimizer : Valid minimum - status = 0
FVAL  = 7.73885756302549588
Edm   = 5.58655548328923961e-08
Nfcn  = 77
jerUp_unc	  = 0	 +/-  0.996602	(limited)
jesUp_unc	  = 0	 +/-  0.996602	(limited)
lumi	  = 0	 +/-  0.996602	(limited)
pdf_unc	  = 0	 +/-  0.996602	(limited)
xs_Bkg	  = -0.893951	 +/-  0.268493	(limited)
Zero signal fit
   0) jerUp_unc                      =         0
   1) jesUp_unc                      =         0
   2) lumi                           =         0
   3) pdf_unc                        =         0
   4) xs_Bkg                         = -0.893951

Fitting of the background hypothesis done in 0.308924 s
[#1] INFO:Fitting -- RooAddition::defaultErrorLevel(nll_model_s_data_obs_with_constr) Summation contains a RooNLLVar, using its error level
Minuit2Minimizer: Minimize with max-calls 2500 convergence for edm < 0.01 strategy 1
MnSeedGenerator: for initial parameters FCN = 16.128
MnSeedGenerator: Initial state:   - FCN =   16.12798180788 Edm =      4.62451 NCalls =     21
VariableMetric: start iterating until Edm is < 1e-05
VariableMetric: Initial state   - FCN =   16.12798180788 Edm =      4.62451 NCalls =     21
VariableMetric: Iteration #   1 - FCN =   11.40905473373 Edm =     0.299727 NCalls =     32
VariableMetric: Iteration #   2 - FCN =   10.86318231413 Edm =    0.0176156 NCalls =     44
VariableMetric: Iteration #   3 - FCN =   10.83639866015 Edm =  8.62454e-05 NCalls =     56
VariableMetric: Iteration #   4 - FCN =   10.83630022538 Edm =  9.25779e-09 NCalls =     68
VariableMetric: After Hessian   - FCN =   10.83630022538 Edm =  9.61637e-09 NCalls =     99
Number of iterations 6
----------> Iteration 0
            FVAL = 16.1279818079 Edm = 4.62450552502 Nfcn = 21
            Error matrix change = 1
            Parameters :  p0 = 0 p1 = 0 p2 = 0 p3 = 0 p4 = -0.893951
----------> Iteration 1
            FVAL = 11.4090547337 Edm = 0.299727119031 Nfcn = 32
            Error matrix change = 0.560336
            Parameters :  p0 = -0.505802 p1 = -0.618755 p2 = -0.574406 p3 = -0.724471 p4 = -1.72078
----------> Iteration 2
            FVAL = 10.8631823141 Edm = 0.0176155866324 Nfcn = 44
            Error matrix change = 0.32122
            Parameters :  p0 = -0.176603 p1 = -0.233123 p2 = -0.209749 p3 = -0.29608 p4 = -2.06762
----------> Iteration 3
            FVAL = 10.8363986602 Edm = 8.62454115082e-05 Nfcn = 56
            Error matrix change = 0.179074
            Parameters :  p0 = -0.2298 p1 = -0.281958 p2 = -0.261331 p3 = -0.33244 p4 = -2.15584
----------> Iteration 4
            FVAL = 10.8363002254 Edm = 9.25779420053e-09 Nfcn = 68
            Error matrix change = 0.107904
            Parameters :  p0 = -0.222706 p1 = -0.277206 p2 = -0.255476 p3 = -0.331066 p4 = -2.16119
----------> Iteration 5
            FVAL = 10.8363002254 Edm = 9.61637185505e-09 Nfcn = 99
            Error matrix change = 0
            Parameters :  p0 = -0.222706 p1 = -0.277206 p2 = -0.255476 p3 = -0.331066 p4 = -2.16119
Minuit2Minimizer : Valid minimum - status = 0
FVAL  = 10.8363002253780003
Edm   = 9.61637185505061937e-09
Nfcn  = 99
jerUp_unc	  = -0.222706	 +/-  0.987825	(limited)
jesUp_unc	  = -0.277206	 +/-  0.982987	(limited)
lumi	  = -0.255476	 +/-  0.985046	(limited)
pdf_unc	  = -0.331066	 +/-  0.977123	(limited)
xs_Bkg	  = -2.16119	 +/-  0.500852	(limited)
Reference signal fit
   0) jerUp_unc                      = -0.222706
   1) jesUp_unc                      = -0.277206
   2) lumi                           = -0.255476
   3) pdf_unc                        = -0.331066
   4) xs_Bkg                         =  -2.16119

Fitting of the signal-plus-background hypothesis done in 0.00243998 s
      Evaluation of p-values done in  6.13177 s
	CLs = 0.0321101 +/- 0.0122459
      Evaluation of p-values done in  5.79434 s
	CLs = 0.0298165 +/- 0.00833886
      Evaluation of p-values done in  6.07523 s
	CLs = 0.0271084 +/- 0.00643761
      Evaluation of p-values done in  5.77699 s
	CLs = 0.0232044 +/- 0.00509568
      Evaluation of p-values done in  5.93733 s
	CLs = 0.0237467 +/- 0.00459954
	CLs      = 0.0237467 +/- 0.00459954
	CLb      = 0.2274 +/- 0.00592772
	CLsplusb = 0.0054 +/- 0.00103642

Hybrid result saved as HypoTestResult_mh120_r29_3137944463 in higgsCombineTest.HybridNew.mH120.-1693180261.root : higgsCombineTest.HybridNew.mH120.-1693180261.root:/toys

 -- Hybrid New -- 
CLs = 0.0237467 +/- 0.00459954
Total toys: 10000
Done in 0.00 min (cpu), 0.50 min (real)
