>>> including systematics
>>> using the Profile Likelihood test statistics modified for upper limits (Q_LHC)
>>> method used to compute upper limit is HybridNew
>>> Using OpenSSL to get a really random seed 
>>> Used OpenSSL to get a really random seed -1724120574
Adding /uscms_data/d2/lpcljm/sapta/SUSYSearch/LimitSetting/CMSSW_7_1_5/src to include path
Adding /cvmfs/cms.cern.ch/slc6_amd64_gcc481/lcg/roofit/5.34.18-cms3//include to include path
Input workspace 'w': 

RooWorkspace(w) w contents

variables
---------
(jerUp_unc,jerUp_unc_In,jesUp_unc,jesUp_unc_In,lumi,lumi_In,n_obs_binbin1,pdf_unc,pdf_unc_In,r,xs_Bkg,xs_Bkg_In)

p.d.f.s
-------
SimpleGaussianConstraint::jerUp_unc_Pdf[ x=jerUp_unc mean=jerUp_unc_In sigma=1 ] = 1
SimpleGaussianConstraint::jesUp_unc_Pdf[ x=jesUp_unc mean=jesUp_unc_In sigma=1 ] = 1
SimpleGaussianConstraint::lumi_Pdf[ x=lumi mean=lumi_In sigma=1 ] = 1
RooProdPdf::modelObs_b[ pdf_binbin1_bonly ] = 2.44387e-07
RooProdPdf::modelObs_s[ pdf_binbin1 ] = 2.19511e-07
RooProdPdf::model_b[ modelObs_b * nuisancePdf ] = 2.44387e-07
RooProdPdf::model_s[ modelObs_s * nuisancePdf ] = 2.19511e-07
RooProdPdf::nuisancePdf[ lumi_Pdf * jesUp_unc_Pdf * pdf_unc_Pdf * xs_Bkg_Pdf * jerUp_unc_Pdf ] = 1
RooPoisson::pdf_binbin1[ x=n_obs_binbin1 mean=n_exp_binbin1 ] = 2.19511e-07
RooPoisson::pdf_binbin1_bonly[ x=n_obs_binbin1 mean=n_exp_binbin1_bonly ] = 2.44387e-07
SimpleGaussianConstraint::pdf_unc_Pdf[ x=pdf_unc mean=pdf_unc_In sigma=1 ] = 1
SimpleGaussianConstraint::xs_Bkg_Pdf[ x=xs_Bkg mean=xs_Bkg_In sigma=1 ] = 1

functions
--------
RooAddition::n_exp_binbin1[ n_exp_binbin1_proc_BH + n_exp_binbin1_proc_Background ] = 1785.08
RooAddition::n_exp_binbin1_bonly[ n_exp_binbin1_proc_Background ] = 1784.08
ProcessNormalization::n_exp_binbin1_proc_BH[ thetaList=(lumi,jesUp_unc,pdf_unc,jerUp_unc) asymmThetaList=() otherFactorList=(r) ] = 1
ProcessNormalization::n_exp_binbin1_proc_Background[ thetaList=(xs_Bkg) asymmThetaList=() otherFactorList=() ] = 1784.08

datasets
--------
RooDataSet::data_obs(n_obs_binbin1)

named sets
----------
ModelConfig_GlobalObservables:(lumi_In,jesUp_unc_In,pdf_unc_In,xs_Bkg_In,jerUp_unc_In)
ModelConfig_NuisParams:(lumi,jesUp_unc,pdf_unc,xs_Bkg,jerUp_unc)
ModelConfig_Observables:(n_obs_binbin1)
ModelConfig_POI:(r)
ModelConfig_bonly_GlobalObservables:(lumi_In,jesUp_unc_In,pdf_unc_In,xs_Bkg_In,jerUp_unc_In)
ModelConfig_bonly_NuisParams:(lumi,jesUp_unc,pdf_unc,xs_Bkg,jerUp_unc)
ModelConfig_bonly_Observables:(n_obs_binbin1)
ModelConfig_bonly_POI:(r)
POI:(r)
globalObservables:(lumi_In,jesUp_unc_In,pdf_unc_In,xs_Bkg_In,jerUp_unc_In)
nuisances:(lumi,jesUp_unc,pdf_unc,xs_Bkg,jerUp_unc)
observables:(n_obs_binbin1)

generic objects
---------------
RooStats::ModelConfig::ModelConfig
RooStats::ModelConfig::ModelConfig_bonly
RooArgSet::discreteParams

Workspace has a ModelConfig for signal called 'ModelConfig', with contents:

=== Using the following for ModelConfig ===
Observables:             RooArgSet:: = (n_obs_binbin1)
Parameters of Interest:  RooArgSet:: = (r)
Nuisance Parameters:     RooArgSet:: = (lumi,jesUp_unc,pdf_unc,xs_Bkg,jerUp_unc)
Global Observables:      RooArgSet:: = (lumi_In,jesUp_unc_In,pdf_unc_In,xs_Bkg_In,jerUp_unc_In)
PDF:                     RooProdPdf::model_s[ modelObs_s * nuisancePdf ] = 2.19511e-07

Input ModelConfig 'ModelConfig': 

=== Using the following for ModelConfig ===
Observables:             RooArgSet:: = (n_obs_binbin1)
Parameters of Interest:  RooArgSet:: = (r)
Nuisance Parameters:     RooArgSet:: = (lumi,jesUp_unc,pdf_unc,xs_Bkg,jerUp_unc)
Global Observables:      RooArgSet:: = (lumi_In,jesUp_unc_In,pdf_unc_In,xs_Bkg_In,jerUp_unc_In)
PDF:                     RooProdPdf::model_s[ modelObs_s * nuisancePdf ] = 2.19511e-07

[#1] INFO:ObjectHandling -- RooWorkspace::import(w) importing RooUniform::prior
Computing limit starting from observation
  1) RooRealVar:: n_obs_binbin1 = 1593
Set default minimizer to Minuit2
  r = 300 +/- 0
[#1] INFO:Minization --  Including the following contraint terms in minimization: (nuisancePdf)
[#1] INFO:Fitting -- RooAddition::defaultErrorLevel(nll_model_s_data_obs_with_constr) Summation contains a RooNLLVar, using its error level
Minuit2Minimizer: Minimize with max-calls 2500 convergence for edm < 0.01 strategy 1
MnSeedGenerator: for initial parameters FCN = 19.8192
MnSeedGenerator: Initial state:   - FCN =   19.81920514518 Edm =      10.1245 NCalls =     21
VariableMetric: start iterating until Edm is < 1e-05
VariableMetric: Initial state   - FCN =   19.81920514518 Edm =      10.1245 NCalls =     21
VariableMetric: Iteration #   1 - FCN =   9.350729108357 Edm =    0.0265051 NCalls =     32
VariableMetric: Iteration #   2 - FCN =   9.321110323378 Edm =  4.35599e-08 NCalls =     44
VariableMetric: After Hessian   - FCN =   9.321110323378 Edm =  4.63891e-08 NCalls =     75
Number of iterations 4
----------> Iteration 0
            FVAL = 19.8192051452 Edm = 10.1245453208 Nfcn = 21
            Error matrix change = 1
            Parameters :  p0 = 0 p1 = 0 p2 = 0 p3 = 0 p4 = 0
----------> Iteration 1
            FVAL = 9.35072910836 Edm = 0.0265050661919 Nfcn = 32
            Error matrix change = 0.500071
            Parameters :  p0 = 0 p1 = 0 p2 = 0 p3 = 0 p4 = -0.462089
----------> Iteration 2
            FVAL = 9.32111032338 Edm = 4.3559947065e-08 Nfcn = 44
            Error matrix change = 0.250121
            Parameters :  p0 = 0 p1 = 0 p2 = 0 p3 = 0 p4 = -0.488464
----------> Iteration 3
            FVAL = 9.32111032338 Edm = 4.63891137276e-08 Nfcn = 75
            Error matrix change = 0
            Parameters :  p0 = 0 p1 = 0 p2 = 0 p3 = 0 p4 = -0.488464
Minuit2Minimizer : Valid minimum - status = 0
FVAL  = 9.32111032337773793
Edm   = 4.63891137275678627e-08
Nfcn  = 75
jerUp_unc	  = 0	 +/-  0.996602	(limited)
jesUp_unc	  = 0	 +/-  0.996602	(limited)
lumi	  = 0	 +/-  0.996602	(limited)
pdf_unc	  = 0	 +/-  0.996602	(limited)
xs_Bkg	  = -0.488464	 +/-  0.108607	(limited)
Zero signal fit
   0) jerUp_unc                      =         0
   1) jesUp_unc                      =         0
   2) lumi                           =         0
   3) pdf_unc                        =         0
   4) xs_Bkg                         = -0.488464

Fitting of the background hypothesis done in 0.288676 s
[#1] INFO:Fitting -- RooAddition::defaultErrorLevel(nll_model_s_data_obs_with_constr) Summation contains a RooNLLVar, using its error level
Minuit2Minimizer: Minimize with max-calls 2500 convergence for edm < 0.01 strategy 1
MnSeedGenerator: for initial parameters FCN = 34.7981
MnSeedGenerator: Initial state:   - FCN =   34.79808582058 Edm =      31.2642 NCalls =     21
VariableMetric: start iterating until Edm is < 1e-05
VariableMetric: Initial state   - FCN =   34.79808582058 Edm =      31.2642 NCalls =     21
VariableMetric: Iteration #   1 - FCN =   13.92190314315 Edm =      1.97191 NCalls =     33
VariableMetric: Iteration #   2 - FCN =   10.20025932604 Edm =    0.0248186 NCalls =     45
VariableMetric: Iteration #   3 - FCN =   10.16087070336 Edm =  5.15633e-05 NCalls =     57
VariableMetric: Iteration #   4 - FCN =   10.16081271742 Edm =  5.94848e-07 NCalls =     69
VariableMetric: After Hessian   - FCN =   10.16081271742 Edm =  6.35734e-07 NCalls =    100
Number of iterations 6
----------> Iteration 0
            FVAL = 34.7980858206 Edm = 31.264181886 Nfcn = 21
            Error matrix change = 1
            Parameters :  p0 = 0 p1 = 0 p2 = 0 p3 = 0 p4 = -0.488464
----------> Iteration 1
            FVAL = 13.9219031432 Edm = 1.97190808938 Nfcn = 33
            Error matrix change = 0.601061
            Parameters :  p0 = -1.13084 p1 = -1.31865 p2 = -1.24869 p3 = -1.4647 p4 = -1.02172
----------> Iteration 2
            FVAL = 10.200259326 Edm = 0.0248186108682 Nfcn = 45
            Error matrix change = 0.443574
            Parameters :  p0 = 0.0164792 p1 = -0.119903 p2 = -0.0599141 p3 = -0.292661 p4 = -1.33479
----------> Iteration 3
            FVAL = 10.1608707034 Edm = 5.15633007329e-05 Nfcn = 57
            Error matrix change = 0.251338
            Parameters :  p0 = -0.0545866 p1 = -0.0580769 p2 = -0.0548992 p3 = -0.0815004 p4 = -1.36765
----------> Iteration 4
            FVAL = 10.1608127174 Edm = 5.94848014802e-07 Nfcn = 69
            Error matrix change = 0.169356
            Parameters :  p0 = -0.0536479 p1 = -0.0659126 p2 = -0.0610772 p3 = -0.0795934 p4 = -1.3676
----------> Iteration 5
            FVAL = 10.1608127174 Edm = 6.35734493524e-07 Nfcn = 100
            Error matrix change = 0
            Parameters :  p0 = -0.0536479 p1 = -0.0659126 p2 = -0.0610772 p3 = -0.0795934 p4 = -1.3676
Minuit2Minimizer : Valid minimum - status = 0
FVAL  = 10.1608127174178122
Edm   = 6.35734493523510601e-07
Nfcn  = 100
jerUp_unc	  = -0.0536479	 +/-  0.994663	(limited)
jesUp_unc	  = -0.0659126	 +/-  0.993599	(limited)
lumi	  = -0.0610772	 +/-  0.994052	(limited)
pdf_unc	  = -0.0795934	 +/-  0.992318	(limited)
xs_Bkg	  = -1.3676	 +/-  0.161635	(limited)
Reference signal fit
   0) jerUp_unc                      = -0.0536479
   1) jesUp_unc                      = -0.0659126
   2) lumi                           = -0.0610772
   3) pdf_unc                        = -0.0795934
   4) xs_Bkg                         =   -1.3676

Fitting of the signal-plus-background hypothesis done in 0.00243807 s
      Evaluation of p-values done in  6.69945 s
	CLs = 0.215569 +/- 0.0262984
      Evaluation of p-values done in  6.55653 s
	CLs = 0.233974 +/- 0.0201977
      Evaluation of p-values done in  6.6394 s
	CLs = 0.238095 +/- 0.0165574
      Evaluation of p-values done in  6.50846 s
	CLs = 0.242097 +/- 0.0142318
      Evaluation of p-values done in  6.38599 s
	CLs = 0.255534 +/- 0.013297
	CLs      = 0.255534 +/- 0.013297
	CLb      = 0.3162 +/- 0.00657598
	CLsplusb = 0.0808 +/- 0.00385412

Hybrid result saved as HypoTestResult_mh120_r300_2770222696 in higgsCombineTest.HybridNew.mH120.-1724120574.root : higgsCombineTest.HybridNew.mH120.-1724120574.root:/toys

 -- Hybrid New -- 
CLs = 0.255534 +/- 0.013297
Total toys: 10000
Done in 0.00 min (cpu), 0.55 min (real)
