>>> including systematics
>>> using the Profile Likelihood test statistics modified for upper limits (Q_LHC)
>>> method used to compute upper limit is HybridNew
>>> Using OpenSSL to get a really random seed 
>>> Used OpenSSL to get a really random seed -953185525
Adding /uscms_data/d2/lpcljm/sapta/SUSYSearch/LimitSetting/CMSSW_7_1_5/src to include path
Adding /cvmfs/cms.cern.ch/slc6_amd64_gcc481/lcg/roofit/5.34.18-cms3//include to include path
Input workspace 'w': 

RooWorkspace(w) w contents

variables
---------
(jerUp_unc,jerUp_unc_In,jesUp_unc,jesUp_unc_In,lumi,lumi_In,n_obs_binbin1,pdf_unc,pdf_unc_In,r,xs_Bkg,xs_Bkg_In)

p.d.f.s
-------
SimpleGaussianConstraint::jerUp_unc_Pdf[ x=jerUp_unc mean=jerUp_unc_In sigma=1 ] = 1
SimpleGaussianConstraint::jesUp_unc_Pdf[ x=jesUp_unc mean=jesUp_unc_In sigma=1 ] = 1
SimpleGaussianConstraint::lumi_Pdf[ x=lumi mean=lumi_In sigma=1 ] = 1
RooProdPdf::modelObs_b[ pdf_binbin1_bonly ] = 3.83246e-07
RooProdPdf::modelObs_s[ pdf_binbin1 ] = 3.15334e-07
RooProdPdf::model_b[ modelObs_b * nuisancePdf ] = 3.83246e-07
RooProdPdf::model_s[ modelObs_s * nuisancePdf ] = 3.15334e-07
RooProdPdf::nuisancePdf[ lumi_Pdf * jesUp_unc_Pdf * pdf_unc_Pdf * xs_Bkg_Pdf * jerUp_unc_Pdf ] = 1
RooPoisson::pdf_binbin1[ x=n_obs_binbin1 mean=n_exp_binbin1 ] = 3.15334e-07
RooPoisson::pdf_binbin1_bonly[ x=n_obs_binbin1 mean=n_exp_binbin1_bonly ] = 3.83246e-07
SimpleGaussianConstraint::pdf_unc_Pdf[ x=pdf_unc mean=pdf_unc_In sigma=1 ] = 1
SimpleGaussianConstraint::xs_Bkg_Pdf[ x=xs_Bkg mean=xs_Bkg_In sigma=1 ] = 1

functions
--------
RooAddition::n_exp_binbin1[ n_exp_binbin1_proc_BH + n_exp_binbin1_proc_Background ] = 535.932
RooAddition::n_exp_binbin1_bonly[ n_exp_binbin1_proc_Background ] = 534.932
ProcessNormalization::n_exp_binbin1_proc_BH[ thetaList=(lumi,jesUp_unc,pdf_unc,jerUp_unc) asymmThetaList=() otherFactorList=(r) ] = 1
ProcessNormalization::n_exp_binbin1_proc_Background[ thetaList=(xs_Bkg) asymmThetaList=() otherFactorList=() ] = 534.932

datasets
--------
RooDataSet::data_obs(n_obs_binbin1)

named sets
----------
ModelConfig_GlobalObservables:(lumi_In,jesUp_unc_In,pdf_unc_In,xs_Bkg_In,jerUp_unc_In)
ModelConfig_NuisParams:(lumi,jesUp_unc,pdf_unc,xs_Bkg,jerUp_unc)
ModelConfig_Observables:(n_obs_binbin1)
ModelConfig_POI:(r)
ModelConfig_bonly_GlobalObservables:(lumi_In,jesUp_unc_In,pdf_unc_In,xs_Bkg_In,jerUp_unc_In)
ModelConfig_bonly_NuisParams:(lumi,jesUp_unc,pdf_unc,xs_Bkg,jerUp_unc)
ModelConfig_bonly_Observables:(n_obs_binbin1)
ModelConfig_bonly_POI:(r)
POI:(r)
globalObservables:(lumi_In,jesUp_unc_In,pdf_unc_In,xs_Bkg_In,jerUp_unc_In)
nuisances:(lumi,jesUp_unc,pdf_unc,xs_Bkg,jerUp_unc)
observables:(n_obs_binbin1)

generic objects
---------------
RooStats::ModelConfig::ModelConfig
RooStats::ModelConfig::ModelConfig_bonly
RooArgSet::discreteParams

Workspace has a ModelConfig for signal called 'ModelConfig', with contents:

=== Using the following for ModelConfig ===
Observables:             RooArgSet:: = (n_obs_binbin1)
Parameters of Interest:  RooArgSet:: = (r)
Nuisance Parameters:     RooArgSet:: = (lumi,jesUp_unc,pdf_unc,xs_Bkg,jerUp_unc)
Global Observables:      RooArgSet:: = (lumi_In,jesUp_unc_In,pdf_unc_In,xs_Bkg_In,jerUp_unc_In)
PDF:                     RooProdPdf::model_s[ modelObs_s * nuisancePdf ] = 3.15334e-07

Input ModelConfig 'ModelConfig': 

=== Using the following for ModelConfig ===
Observables:             RooArgSet:: = (n_obs_binbin1)
Parameters of Interest:  RooArgSet:: = (r)
Nuisance Parameters:     RooArgSet:: = (lumi,jesUp_unc,pdf_unc,xs_Bkg,jerUp_unc)
Global Observables:      RooArgSet:: = (lumi_In,jesUp_unc_In,pdf_unc_In,xs_Bkg_In,jerUp_unc_In)
PDF:                     RooProdPdf::model_s[ modelObs_s * nuisancePdf ] = 3.15334e-07

[#1] INFO:ObjectHandling -- RooWorkspace::import(w) importing RooUniform::prior
Computing limit starting from observation
  1) RooRealVar:: n_obs_binbin1 = 431
Set default minimizer to Minuit2
  r = 320 +/- 0
[#1] INFO:Minization --  Including the following contraint terms in minimization: (nuisancePdf)
[#1] INFO:Fitting -- RooAddition::defaultErrorLevel(nll_model_s_data_obs_with_constr) Summation contains a RooNLLVar, using its error level
Minuit2Minimizer: Minimize with max-calls 2500 convergence for edm < 0.01 strategy 1
MnSeedGenerator: for initial parameters FCN = 19.3693
MnSeedGenerator: Initial state:   - FCN =   19.36928230571 Edm =       9.9368 NCalls =     21
VariableMetric: start iterating until Edm is < 1e-05
VariableMetric: Initial state   - FCN =   19.36928230571 Edm =       9.9368 NCalls =     21
VariableMetric: Iteration #   1 - FCN =   8.760355093371 Edm =     0.013628 NCalls =     33
VariableMetric: Iteration #   2 - FCN =   8.743548466498 Edm =  5.46515e-08 NCalls =     45
VariableMetric: After Hessian   - FCN =   8.743548466498 Edm =  6.14058e-08 NCalls =     76
Number of iterations 4
----------> Iteration 0
            FVAL = 19.3692823057 Edm = 9.93680373727 Nfcn = 21
            Error matrix change = 1
            Parameters :  p0 = 0 p1 = 0 p2 = 0 p3 = 0 p4 = 0
----------> Iteration 1
            FVAL = 8.76035509337 Edm = 0.0136279558775 Nfcn = 33
            Error matrix change = 0.500205
            Parameters :  p0 = 0 p1 = 0 p2 = 0 p3 = 0 p4 = -0.595474
----------> Iteration 2
            FVAL = 8.7435484665 Edm = 5.46515329067e-08 Nfcn = 45
            Error matrix change = 0.25036
            Parameters :  p0 = 0 p1 = 0 p2 = 0 p3 = 0 p4 = -0.620974
----------> Iteration 3
            FVAL = 8.7435484665 Edm = 6.14057825236e-08 Nfcn = 76
            Error matrix change = 0
            Parameters :  p0 = 0 p1 = 0 p2 = 0 p3 = 0 p4 = -0.620974
Minuit2Minimizer : Valid minimum - status = 0
FVAL  = 8.74354846649840667
Edm   = 6.14057825235919116e-08
Nfcn  = 76
jerUp_unc	  = 0	 +/-  0.996602	(limited)
jesUp_unc	  = 0	 +/-  0.996602	(limited)
lumi	  = 0	 +/-  0.996602	(limited)
pdf_unc	  = 0	 +/-  0.996602	(limited)
xs_Bkg	  = -0.620974	 +/-  0.139538	(limited)
Zero signal fit
   0) jerUp_unc                      =         0
   1) jesUp_unc                      =         0
   2) lumi                           =         0
   3) pdf_unc                        =         0
   4) xs_Bkg                         = -0.620974

Fitting of the background hypothesis done in 0.224939 s
[#1] INFO:Fitting -- RooAddition::defaultErrorLevel(nll_model_s_data_obs_with_constr) Summation contains a RooNLLVar, using its error level
Minuit2Minimizer: Minimize with max-calls 2500 convergence for edm < 0.01 strategy 1
MnSeedGenerator: for initial parameters FCN = 90.1866
MnSeedGenerator: Initial state:   - FCN =   90.18661462172 Edm =      106.068 NCalls =     21
VariableMetric: start iterating until Edm is < 1e-05
VariableMetric: Initial state   - FCN =   90.18661462172 Edm =      106.068 NCalls =     21
VariableMetric: Iteration #   1 - FCN =   29.29905755692 Edm =      4.36941 NCalls =     33
VariableMetric: Iteration #   2 - FCN =   17.24483737684 Edm =     0.825204 NCalls =     46
VariableMetric: Iteration #   3 - FCN =   15.82435189199 Edm =     0.204601 NCalls =     58
VariableMetric: Iteration #   4 - FCN =    15.5247704325 Edm =     0.010902 NCalls =     70
VariableMetric: Iteration #   5 - FCN =   15.50902578496 Edm =  0.000401723 NCalls =     82
VariableMetric: Iteration #   6 - FCN =   15.50854072165 Edm =  1.31424e-05 NCalls =     94
VariableMetric: Iteration #   7 - FCN =   15.50852294819 Edm =  1.90843e-07 NCalls =    106
VariableMetric: After Hessian   - FCN =   15.50852294819 Edm =  2.37763e-07 NCalls =    137
Number of iterations 9
----------> Iteration 0
            FVAL = 90.1866146217 Edm = 106.068254354 Nfcn = 21
            Error matrix change = 1
            Parameters :  p0 = 0 p1 = 0 p2 = 0 p3 = 0 p4 = -0.620974
----------> Iteration 1
            FVAL = 29.2990575569 Edm = 4.36941048831 Nfcn = 33
            Error matrix change = 0.618735
            Parameters :  p0 = -2.50658 p1 = -2.73274 p2 = -2.65798 p3 = -2.84549 p4 = -1.60673
----------> Iteration 2
            FVAL = 17.2448373768 Edm = 0.825204256549 Nfcn = 46
            Error matrix change = 0.473319
            Parameters :  p0 = -0.148064 p1 = -0.870731 p2 = -0.581067 p3 = -1.54492 p4 = -2.65794
----------> Iteration 3
            FVAL = 15.824351892 Edm = 0.204600522077 Nfcn = 58
            Error matrix change = 0.327814
            Parameters :  p0 = -0.858887 p1 = -0.99371 p2 = -0.919097 p3 = -1.29226 p4 = -2.94897
----------> Iteration 4
            FVAL = 15.5247704325 Edm = 0.0109020262701 Nfcn = 70
            Error matrix change = 0.238138
            Parameters :  p0 = -0.65826 p1 = -0.694117 p2 = -0.671766 p3 = -0.833399 p4 = -3.19451
----------> Iteration 5
            FVAL = 15.509025785 Edm = 0.000401723098133 Nfcn = 82
            Error matrix change = 0.167774
            Parameters :  p0 = -0.603337 p1 = -0.740585 p2 = -0.690559 p3 = -0.861762 p4 = -3.23513
----------> Iteration 6
            FVAL = 15.5085407217 Edm = 1.31423965998e-05 Nfcn = 94
            Error matrix change = 0.152738
            Parameters :  p0 = -0.583494 p1 = -0.730538 p2 = -0.673341 p3 = -0.865576 p4 = -3.24169
----------> Iteration 7
            FVAL = 15.5085229482 Edm = 1.90842555549e-07 Nfcn = 106
            Error matrix change = 0.149399
            Parameters :  p0 = -0.585487 p1 = -0.729235 p2 = -0.671722 p3 = -0.870523 p4 = -3.24098
----------> Iteration 8
            FVAL = 15.5085229482 Edm = 2.37762615949e-07 Nfcn = 137
            Error matrix change = 0
            Parameters :  p0 = -0.585487 p1 = -0.729235 p2 = -0.671722 p3 = -0.870523 p4 = -3.24098
Minuit2Minimizer : Valid minimum - status = 0
FVAL  = 15.5085229481856892
Edm   = 2.37762615948982246e-07
Nfcn  = 137
jerUp_unc	  = -0.585487	 +/-  0.970317	(limited)
jesUp_unc	  = -0.729235	 +/-  0.955619	(limited)
lumi	  = -0.671722	 +/-  0.961892	(limited)
pdf_unc	  = -0.870523	 +/-  0.937585	(limited)
xs_Bkg	  = -3.24098	 +/-  0.430993	(limited)
Reference signal fit
   0) jerUp_unc                      = -0.585487
   1) jesUp_unc                      = -0.729235
   2) lumi                           = -0.671722
   3) pdf_unc                        = -0.870523
   4) xs_Bkg                         =  -3.24098

Fitting of the signal-plus-background hypothesis done in 0.00171089 s
      Evaluation of p-values done in  7.13846 s
	CLs = 0 +/- 0
      Evaluation of p-values done in  6.98992 s
	CLs = 0 +/- 0
      Evaluation of p-values done in  7.02847 s
	CLs = 0 +/- 0
      Evaluation of p-values done in  7.02051 s
	CLs = 0 +/- 0
      Evaluation of p-values done in  7.01594 s
	CLs = 0 +/- 0
	CLs      = 0 +/- 0
	CLb      = 0.2892 +/- 0.00641192
	CLsplusb = 0 +/- 0

Hybrid result saved as HypoTestResult_mh120_r320_3607491088 in higgsCombineTest.HybridNew.mH120.-953185525.root : higgsCombineTest.HybridNew.mH120.-953185525.root:/toys

 -- Hybrid New -- 
CLs = 0 +/- 0
Total toys: 10000
Done in 0.00 min (cpu), 0.59 min (real)
