>>> including systematics
>>> using the Profile Likelihood test statistics modified for upper limits (Q_LHC)
>>> method used to compute upper limit is HybridNew
>>> Using OpenSSL to get a really random seed 
>>> Used OpenSSL to get a really random seed 2113507002
Adding /uscms_data/d2/lpcljm/sapta/SUSYSearch/LimitSetting/CMSSW_7_1_5/src to include path
Adding /cvmfs/cms.cern.ch/slc6_amd64_gcc481/lcg/roofit/5.34.18-cms3//include to include path
Input workspace 'w': 

RooWorkspace(w) w contents

variables
---------
(jerUp_unc,jerUp_unc_In,jesUp_unc,jesUp_unc_In,lumi,lumi_In,n_obs_binbin1,pdf_unc,pdf_unc_In,r,xs_Bkg,xs_Bkg_In)

p.d.f.s
-------
SimpleGaussianConstraint::jerUp_unc_Pdf[ x=jerUp_unc mean=jerUp_unc_In sigma=1 ] = 1
SimpleGaussianConstraint::jesUp_unc_Pdf[ x=jesUp_unc mean=jesUp_unc_In sigma=1 ] = 1
SimpleGaussianConstraint::lumi_Pdf[ x=lumi mean=lumi_In sigma=1 ] = 1
RooProdPdf::modelObs_b[ pdf_binbin1_bonly ] = 6.04949e-05
RooProdPdf::modelObs_s[ pdf_binbin1 ] = 3.91141e-05
RooProdPdf::model_b[ modelObs_b * nuisancePdf ] = 6.04949e-05
RooProdPdf::model_s[ modelObs_s * nuisancePdf ] = 3.91141e-05
RooProdPdf::nuisancePdf[ lumi_Pdf * jesUp_unc_Pdf * pdf_unc_Pdf * xs_Bkg_Pdf * jerUp_unc_Pdf ] = 1
RooPoisson::pdf_binbin1[ x=n_obs_binbin1 mean=n_exp_binbin1 ] = 3.91141e-05
RooPoisson::pdf_binbin1_bonly[ x=n_obs_binbin1 mean=n_exp_binbin1_bonly ] = 6.04949e-05
SimpleGaussianConstraint::pdf_unc_Pdf[ x=pdf_unc mean=pdf_unc_In sigma=1 ] = 1
SimpleGaussianConstraint::xs_Bkg_Pdf[ x=xs_Bkg mean=xs_Bkg_In sigma=1 ] = 1

functions
--------
RooAddition::n_exp_binbin1[ n_exp_binbin1_proc_BH + n_exp_binbin1_proc_Background ] = 64.3397
RooAddition::n_exp_binbin1_bonly[ n_exp_binbin1_proc_Background ] = 63.3397
ProcessNormalization::n_exp_binbin1_proc_BH[ thetaList=(lumi,jesUp_unc,pdf_unc,jerUp_unc) asymmThetaList=() otherFactorList=(r) ] = 1
ProcessNormalization::n_exp_binbin1_proc_Background[ thetaList=(xs_Bkg) asymmThetaList=() otherFactorList=() ] = 63.3397

datasets
--------
RooDataSet::data_obs(n_obs_binbin1)

named sets
----------
ModelConfig_GlobalObservables:(lumi_In,jesUp_unc_In,pdf_unc_In,xs_Bkg_In,jerUp_unc_In)
ModelConfig_NuisParams:(lumi,jesUp_unc,pdf_unc,xs_Bkg,jerUp_unc)
ModelConfig_Observables:(n_obs_binbin1)
ModelConfig_POI:(r)
ModelConfig_bonly_GlobalObservables:(lumi_In,jesUp_unc_In,pdf_unc_In,xs_Bkg_In,jerUp_unc_In)
ModelConfig_bonly_NuisParams:(lumi,jesUp_unc,pdf_unc,xs_Bkg,jerUp_unc)
ModelConfig_bonly_Observables:(n_obs_binbin1)
ModelConfig_bonly_POI:(r)
POI:(r)
globalObservables:(lumi_In,jesUp_unc_In,pdf_unc_In,xs_Bkg_In,jerUp_unc_In)
nuisances:(lumi,jesUp_unc,pdf_unc,xs_Bkg,jerUp_unc)
observables:(n_obs_binbin1)

generic objects
---------------
RooStats::ModelConfig::ModelConfig
RooStats::ModelConfig::ModelConfig_bonly
RooArgSet::discreteParams

Workspace has a ModelConfig for signal called 'ModelConfig', with contents:

=== Using the following for ModelConfig ===
Observables:             RooArgSet:: = (n_obs_binbin1)
Parameters of Interest:  RooArgSet:: = (r)
Nuisance Parameters:     RooArgSet:: = (lumi,jesUp_unc,pdf_unc,xs_Bkg,jerUp_unc)
Global Observables:      RooArgSet:: = (lumi_In,jesUp_unc_In,pdf_unc_In,xs_Bkg_In,jerUp_unc_In)
PDF:                     RooProdPdf::model_s[ modelObs_s * nuisancePdf ] = 3.91141e-05

Input ModelConfig 'ModelConfig': 

=== Using the following for ModelConfig ===
Observables:             RooArgSet:: = (n_obs_binbin1)
Parameters of Interest:  RooArgSet:: = (r)
Nuisance Parameters:     RooArgSet:: = (lumi,jesUp_unc,pdf_unc,xs_Bkg,jerUp_unc)
Global Observables:      RooArgSet:: = (lumi_In,jesUp_unc_In,pdf_unc_In,xs_Bkg_In,jerUp_unc_In)
PDF:                     RooProdPdf::model_s[ modelObs_s * nuisancePdf ] = 3.91141e-05

[#1] INFO:ObjectHandling -- RooWorkspace::import(w) importing RooUniform::prior
Computing limit starting from observation
  1) RooRealVar:: n_obs_binbin1 = 36
Set default minimizer to Minuit2
  r = 46 +/- 0
[#1] INFO:Minization --  Including the following contraint terms in minimization: (nuisancePdf)
[#1] INFO:Fitting -- RooAddition::defaultErrorLevel(nll_model_s_data_obs_with_constr) Summation contains a RooNLLVar, using its error level
Minuit2Minimizer: Minimize with max-calls 2500 convergence for edm < 0.01 strategy 1
MnSeedGenerator: for initial parameters FCN = 14.3076
MnSeedGenerator: Initial state:   - FCN =   14.30764423695 Edm =      5.64062 NCalls =     21
VariableMetric: start iterating until Edm is < 1e-05
VariableMetric: Initial state   - FCN =   14.30764423695 Edm =      5.64062 NCalls =     21
VariableMetric: Iteration #   1 - FCN =   7.743135109654 Edm =   0.00259407 NCalls =     34
VariableMetric: Iteration #   2 - FCN =   7.738857563025 Edm =  4.24179e-08 NCalls =     46
VariableMetric: After Hessian   - FCN =   7.738857563025 Edm =  5.58656e-08 NCalls =     77
Number of iterations 4
----------> Iteration 0
            FVAL = 14.3076442369 Edm = 5.64061792835 Nfcn = 21
            Error matrix change = 1
            Parameters :  p0 = 0 p1 = 0 p2 = 0 p3 = 0 p4 = 0
----------> Iteration 1
            FVAL = 7.74313510965 Edm = 0.00259406662266 Nfcn = 34
            Error matrix change = 0.501431
            Parameters :  p0 = 0 p1 = 0 p2 = 0 p3 = 0 p4 = -0.869256
----------> Iteration 2
            FVAL = 7.73885756303 Edm = 4.24179457534e-08 Nfcn = 46
            Error matrix change = 0.25282
            Parameters :  p0 = 0 p1 = 0 p2 = 0 p3 = 0 p4 = -0.893951
----------> Iteration 3
            FVAL = 7.73885756303 Edm = 5.58655548329e-08 Nfcn = 77
            Error matrix change = 0
            Parameters :  p0 = 0 p1 = 0 p2 = 0 p3 = 0 p4 = -0.893951
Minuit2Minimizer : Valid minimum - status = 0
FVAL  = 7.73885756302549588
Edm   = 5.58655548328923961e-08
Nfcn  = 77
jerUp_unc	  = 0	 +/-  0.996602	(limited)
jesUp_unc	  = 0	 +/-  0.996602	(limited)
lumi	  = 0	 +/-  0.996602	(limited)
pdf_unc	  = 0	 +/-  0.996602	(limited)
xs_Bkg	  = -0.893951	 +/-  0.268493	(limited)
Zero signal fit
   0) jerUp_unc                      =         0
   1) jesUp_unc                      =         0
   2) lumi                           =         0
   3) pdf_unc                        =         0
   4) xs_Bkg                         = -0.893951

Fitting of the background hypothesis done in 0.311429 s
[#1] INFO:Fitting -- RooAddition::defaultErrorLevel(nll_model_s_data_obs_with_constr) Summation contains a RooNLLVar, using its error level
Minuit2Minimizer: Minimize with max-calls 2500 convergence for edm < 0.01 strategy 1
MnSeedGenerator: for initial parameters FCN = 24.936
MnSeedGenerator: Initial state:   - FCN =   24.93596485005 Edm =       9.0361 NCalls =     19
VariableMetric: start iterating until Edm is < 1e-05
VariableMetric: Initial state   - FCN =   24.93596485005 Edm =       9.0361 NCalls =     19
VariableMetric: Iteration #   1 - FCN =    16.3783121127 Edm =     0.698385 NCalls =     33
VariableMetric: Iteration #   2 - FCN =   15.18385518656 Edm =    0.0687938 NCalls =     45
VariableMetric: Iteration #   3 - FCN =     15.066118227 Edm =   0.00117815 NCalls =     57
VariableMetric: Iteration #   4 - FCN =    15.0646541812 Edm =    1.438e-06 NCalls =     69
VariableMetric: After Hessian   - FCN =    15.0646541812 Edm =  1.52817e-06 NCalls =    100
Number of iterations 6
----------> Iteration 0
            FVAL = 24.9359648501 Edm = 9.03609835905 Nfcn = 19
            Error matrix change = 1
            Parameters :  p0 = 0 p1 = 0 p2 = 0 p3 = 0 p4 = -0.893951
----------> Iteration 1
            FVAL = 16.3783121127 Edm = 0.698384667844 Nfcn = 33
            Error matrix change = 0.581329
            Parameters :  p0 = -0.968059 p1 = -1.16796 p2 = -1.09055 p3 = -1.34613 p4 = -1.93246
----------> Iteration 2
            FVAL = 15.1838551866 Edm = 0.0687938105925 Nfcn = 45
            Error matrix change = 0.35454
            Parameters :  p0 = -0.427888 p1 = -0.574883 p2 = -0.514021 p3 = -0.737599 p4 = -2.41668
----------> Iteration 3
            FVAL = 15.066118227 Edm = 0.00117814805443 Nfcn = 57
            Error matrix change = 0.205
            Parameters :  p0 = -0.554495 p1 = -0.675067 p2 = -0.627308 p3 = -0.793803 p4 = -2.61478
----------> Iteration 4
            FVAL = 15.0646541812 Edm = 1.43800132089e-06 Nfcn = 69
            Error matrix change = 0.12241
            Parameters :  p0 = -0.530553 p1 = -0.660085 p2 = -0.608528 p3 = -0.787398 p4 = -2.63931
----------> Iteration 5
            FVAL = 15.0646541812 Edm = 1.52816824068e-06 Nfcn = 100
            Error matrix change = 0
            Parameters :  p0 = -0.530553 p1 = -0.660085 p2 = -0.608528 p3 = -0.787398 p4 = -2.63931
Minuit2Minimizer : Valid minimum - status = 0
FVAL  = 15.0646541812034709
Edm   = 1.52816824067988224e-06
Nfcn  = 100
jerUp_unc	  = -0.530553	 +/-  0.979009	(limited)
jesUp_unc	  = -0.660085	 +/-  0.969239	(limited)
lumi	  = -0.608528	 +/-  0.973403	(limited)
pdf_unc	  = -0.787398	 +/-  0.957325	(limited)
xs_Bkg	  = -2.63931	 +/-  0.55778	(limited)
Reference signal fit
   0) jerUp_unc                      = -0.530553
   1) jesUp_unc                      = -0.660085
   2) lumi                           = -0.608528
   3) pdf_unc                        = -0.787398
   4) xs_Bkg                         =  -2.63931

Fitting of the signal-plus-background hypothesis done in 0.00255513 s
      Evaluation of p-values done in  6.35943 s
	CLs = 0 +/- 0
      Evaluation of p-values done in  6.23326 s
	CLs = 0 +/- 0
      Evaluation of p-values done in  6.2429 s
	CLs = 0 +/- 0
      Evaluation of p-values done in  6.4095 s
	CLs = 0.001001 +/- 0.00100125
      Evaluation of p-values done in  6.10537 s
	CLs = 0.000796178 +/- 0.000796336
	CLs      = 0.000796178 +/- 0.000796336
	CLb      = 0.2512 +/- 0.00613349
	CLsplusb = 0.0002 +/- 0.00019998

Hybrid result saved as HypoTestResult_mh120_r46_2476849374 in higgsCombineTest.HybridNew.mH120.2113507002.root : higgsCombineTest.HybridNew.mH120.2113507002.root:/toys

 -- Hybrid New -- 
CLs = 0.000796178 +/- 0.000796336
Total toys: 10000
Done in 0.00 min (cpu), 0.53 min (real)
