>>> including systematics
>>> using the Profile Likelihood test statistics modified for upper limits (Q_LHC)
>>> method used to compute upper limit is HybridNew
>>> Using OpenSSL to get a really random seed 
>>> Used OpenSSL to get a really random seed -826792787
Adding /uscms_data/d2/lpcljm/sapta/SUSYSearch/LimitSetting/CMSSW_7_1_5/src to include path
Adding /cvmfs/cms.cern.ch/slc6_amd64_gcc481/lcg/roofit/5.34.18-cms3//include to include path
Input workspace 'w': 

RooWorkspace(w) w contents

variables
---------
(jerUp_unc,jerUp_unc_In,jesUp_unc,jesUp_unc_In,lumi,lumi_In,n_obs_binbin1,pdf_unc,pdf_unc_In,r,xs_Bkg,xs_Bkg_In)

p.d.f.s
-------
SimpleGaussianConstraint::jerUp_unc_Pdf[ x=jerUp_unc mean=jerUp_unc_In sigma=1 ] = 1
SimpleGaussianConstraint::jesUp_unc_Pdf[ x=jesUp_unc mean=jesUp_unc_In sigma=1 ] = 1
SimpleGaussianConstraint::lumi_Pdf[ x=lumi mean=lumi_In sigma=1 ] = 1
RooProdPdf::modelObs_b[ pdf_binbin1_bonly ] = 0.0244536
RooProdPdf::modelObs_s[ pdf_binbin1 ] = 0.0133898
RooProdPdf::model_b[ modelObs_b * nuisancePdf ] = 0.0244536
RooProdPdf::model_s[ modelObs_s * nuisancePdf ] = 0.0133898
RooProdPdf::nuisancePdf[ lumi_Pdf * jesUp_unc_Pdf * pdf_unc_Pdf * xs_Bkg_Pdf * jerUp_unc_Pdf ] = 1
RooPoisson::pdf_binbin1[ x=n_obs_binbin1 mean=n_exp_binbin1 ] = 0.0133898
RooPoisson::pdf_binbin1_bonly[ x=n_obs_binbin1 mean=n_exp_binbin1_bonly ] = 0.0244536
SimpleGaussianConstraint::pdf_unc_Pdf[ x=pdf_unc mean=pdf_unc_In sigma=1 ] = 1
SimpleGaussianConstraint::xs_Bkg_Pdf[ x=xs_Bkg mean=xs_Bkg_In sigma=1 ] = 1

functions
--------
RooAddition::n_exp_binbin1[ n_exp_binbin1_proc_BH + n_exp_binbin1_proc_Background ] = 10.5656
RooAddition::n_exp_binbin1_bonly[ n_exp_binbin1_proc_Background ] = 9.56563
ProcessNormalization::n_exp_binbin1_proc_BH[ thetaList=(lumi,jesUp_unc,pdf_unc,jerUp_unc) asymmThetaList=() otherFactorList=(r) ] = 1
ProcessNormalization::n_exp_binbin1_proc_Background[ thetaList=(xs_Bkg) asymmThetaList=() otherFactorList=() ] = 9.56563

datasets
--------
RooDataSet::data_obs(n_obs_binbin1)

named sets
----------
ModelConfig_GlobalObservables:(lumi_In,jesUp_unc_In,pdf_unc_In,xs_Bkg_In,jerUp_unc_In)
ModelConfig_NuisParams:(lumi,jesUp_unc,pdf_unc,xs_Bkg,jerUp_unc)
ModelConfig_Observables:(n_obs_binbin1)
ModelConfig_POI:(r)
ModelConfig_bonly_GlobalObservables:(lumi_In,jesUp_unc_In,pdf_unc_In,xs_Bkg_In,jerUp_unc_In)
ModelConfig_bonly_NuisParams:(lumi,jesUp_unc,pdf_unc,xs_Bkg,jerUp_unc)
ModelConfig_bonly_Observables:(n_obs_binbin1)
ModelConfig_bonly_POI:(r)
POI:(r)
globalObservables:(lumi_In,jesUp_unc_In,pdf_unc_In,xs_Bkg_In,jerUp_unc_In)
nuisances:(lumi,jesUp_unc,pdf_unc,xs_Bkg,jerUp_unc)
observables:(n_obs_binbin1)

generic objects
---------------
RooStats::ModelConfig::ModelConfig
RooStats::ModelConfig::ModelConfig_bonly
RooArgSet::discreteParams

Workspace has a ModelConfig for signal called 'ModelConfig', with contents:

=== Using the following for ModelConfig ===
Observables:             RooArgSet:: = (n_obs_binbin1)
Parameters of Interest:  RooArgSet:: = (r)
Nuisance Parameters:     RooArgSet:: = (lumi,jesUp_unc,pdf_unc,xs_Bkg,jerUp_unc)
Global Observables:      RooArgSet:: = (lumi_In,jesUp_unc_In,pdf_unc_In,xs_Bkg_In,jerUp_unc_In)
PDF:                     RooProdPdf::model_s[ modelObs_s * nuisancePdf ] = 0.0133898

Input ModelConfig 'ModelConfig': 

=== Using the following for ModelConfig ===
Observables:             RooArgSet:: = (n_obs_binbin1)
Parameters of Interest:  RooArgSet:: = (r)
Nuisance Parameters:     RooArgSet:: = (lumi,jesUp_unc,pdf_unc,xs_Bkg,jerUp_unc)
Global Observables:      RooArgSet:: = (lumi_In,jesUp_unc_In,pdf_unc_In,xs_Bkg_In,jerUp_unc_In)
PDF:                     RooProdPdf::model_s[ modelObs_s * nuisancePdf ] = 0.0133898

[#1] INFO:ObjectHandling -- RooWorkspace::import(w) importing RooUniform::prior
Computing limit starting from observation
  1) RooRealVar:: n_obs_binbin1 = 4
Set default minimizer to Minuit2
  r = 4 +/- 0
[#1] INFO:Minization --  Including the following contraint terms in minimization: (nuisancePdf)
[#1] INFO:Fitting -- RooAddition::defaultErrorLevel(nll_model_s_data_obs_with_constr) Summation contains a RooNLLVar, using its error level
Minuit2Minimizer: Minimize with max-calls 2500 convergence for edm < 0.01 strategy 1
MnSeedGenerator: for initial parameters FCN = 8.30567
MnSeedGenerator: Initial state:   - FCN =   8.305670632933 Edm =      1.40568 NCalls =     21
VariableMetric: start iterating until Edm is < 1e-05
VariableMetric: Initial state   - FCN =   8.305670632933 Edm =      1.40568 NCalls =     21
VariableMetric: Iteration #   1 - FCN =   6.641888217436 Edm =  0.000856429 NCalls =     34
VariableMetric: Iteration #   2 - FCN =   6.640414173362 Edm =  2.15119e-08 NCalls =     46
VariableMetric: After Hessian   - FCN =   6.640414173362 Edm =  2.89073e-08 NCalls =     77
Number of iterations 4
----------> Iteration 0
            FVAL = 8.30567063293 Edm = 1.40567843222 Nfcn = 21
            Error matrix change = 1
            Parameters :  p0 = 0 p1 = 0 p2 = 0 p3 = 0 p4 = 0
----------> Iteration 1
            FVAL = 6.64188821744 Edm = 0.000856429446831 Nfcn = 34
            Error matrix change = 0.50465
            Parameters :  p0 = 0 p1 = 0 p2 = 0 p3 = 0 p4 = -0.766912
----------> Iteration 2
            FVAL = 6.64041417336 Edm = 2.15118630401e-08 Nfcn = 46
            Error matrix change = 0.259062
            Parameters :  p0 = 0 p1 = 0 p2 = 0 p3 = 0 p4 = -0.792578
----------> Iteration 3
            FVAL = 6.64041417336 Edm = 2.89073476981e-08 Nfcn = 77
            Error matrix change = 0
            Parameters :  p0 = 0 p1 = 0 p2 = 0 p3 = 0 p4 = -0.792578
Minuit2Minimizer : Valid minimum - status = 0
FVAL  = 6.64041417336160933
Edm   = 2.8907347698073184e-08
Nfcn  = 77
jerUp_unc	  = 0	 +/-  0.996602	(limited)
jesUp_unc	  = 0	 +/-  0.996602	(limited)
lumi	  = 0	 +/-  0.996602	(limited)
pdf_unc	  = 0	 +/-  0.996602	(limited)
xs_Bkg	  = -0.792578	 +/-  0.475729	(limited)
Zero signal fit
   0) jerUp_unc                      =         0
   1) jesUp_unc                      =         0
   2) lumi                           =         0
   3) pdf_unc                        =         0
   4) xs_Bkg                         = -0.792578

Fitting of the background hypothesis done in 0.302647 s
[#1] INFO:Fitting -- RooAddition::defaultErrorLevel(nll_model_s_data_obs_with_constr) Summation contains a RooNLLVar, using its error level
Minuit2Minimizer: Minimize with max-calls 2500 convergence for edm < 0.01 strategy 1
MnSeedGenerator: for initial parameters FCN = 8.27347
MnSeedGenerator: Initial state:   - FCN =   8.273465743207 Edm =     0.315439 NCalls =     21
VariableMetric: start iterating until Edm is < 1e-05
VariableMetric: Initial state   - FCN =   8.273465743207 Edm =     0.315439 NCalls =     21
VariableMetric: Iteration #   1 - FCN =   7.931338498395 Edm =   0.00272919 NCalls =     34
VariableMetric: Iteration #   2 - FCN =   7.928404401838 Edm =  1.26497e-05 NCalls =     46
VariableMetric: Iteration #   3 - FCN =   7.928389444028 Edm =  5.08253e-10 NCalls =     58
VariableMetric: After Hessian   - FCN =   7.928389444028 Edm =  5.10675e-10 NCalls =     89
Number of iterations 5
----------> Iteration 0
            FVAL = 8.27346574321 Edm = 0.315439390505 Nfcn = 21
            Error matrix change = 1
            Parameters :  p0 = 0 p1 = 0 p2 = 0 p3 = 0 p4 = -0.792578
----------> Iteration 1
            FVAL = 7.93133849839 Edm = 0.00272918949095 Nfcn = 34
            Error matrix change = 0.521124
            Parameters :  p0 = -0.0980529 p1 = -0.121667 p2 = -0.112271 p3 = -0.144862 p4 = -1.23867
----------> Iteration 2
            FVAL = 7.92840440184 Edm = 1.26497438506e-05 Nfcn = 46
            Error matrix change = 0.272158
            Parameters :  p0 = -0.0688555 p1 = -0.0857679 p2 = -0.0790147 p3 = -0.102589 p4 = -1.25712
----------> Iteration 3
            FVAL = 7.92838944403 Edm = 5.0825275397e-10 Nfcn = 58
            Error matrix change = 0.153022
            Parameters :  p0 = -0.0697301 p1 = -0.0867251 p2 = -0.0799478 p3 = -0.103549 p4 = -1.26023
----------> Iteration 4
            FVAL = 7.92838944403 Edm = 5.10675281321e-10 Nfcn = 89
            Error matrix change = 0
            Parameters :  p0 = -0.0697301 p1 = -0.0867251 p2 = -0.0799478 p3 = -0.103549 p4 = -1.26023
Minuit2Minimizer : Valid minimum - status = 0
FVAL  = 7.92838944402762991
Edm   = 5.10675281320832493e-10
Nfcn  = 89
jerUp_unc	  = -0.0697301	 +/-  0.994608	(limited)
jesUp_unc	  = -0.0867251	 +/-  0.993514	(limited)
lumi	  = -0.0799478	 +/-  0.993979	(limited)
pdf_unc	  = -0.103549	 +/-  0.992195	(limited)
xs_Bkg	  = -1.26023	 +/-  0.616489	(limited)
Reference signal fit
   0) jerUp_unc                      = -0.0697301
   1) jesUp_unc                      = -0.0867251
   2) lumi                           = -0.0799478
   3) pdf_unc                        = -0.103549
   4) xs_Bkg                         =  -1.26023

Fitting of the signal-plus-background hypothesis done in 0.00213695 s
      Evaluation of p-values done in  5.6429 s
	CLs = 0.17284 +/- 0.0278292
      Evaluation of p-values done in  5.4544 s
	CLs = 0.164329 +/- 0.0188793
      Evaluation of p-values done in  5.29884 s
	CLs = 0.182754 +/- 0.0159976
      Evaluation of p-values done in  5.31522 s
	CLs = 0.181377 +/- 0.0138341
      Evaluation of p-values done in  5.64971 s
	CLs = 0.179348 +/- 0.0123025
	CLs      = 0.179348 +/- 0.0123025
	CLb      = 0.2576 +/- 0.00618453
	CLsplusb = 0.0462 +/- 0.00296869

Hybrid result saved as HypoTestResult_mh120_r4_768552187 in higgsCombineTest.HybridNew.mH120.-826792787.root : higgsCombineTest.HybridNew.mH120.-826792787.root:/toys

 -- Hybrid New -- 
CLs = 0.179348 +/- 0.0123025
Total toys: 10000
Done in 0.00 min (cpu), 0.46 min (real)
