>>> including systematics
>>> using the Profile Likelihood test statistics modified for upper limits (Q_LHC)
>>> method used to compute upper limit is HybridNew
>>> Using OpenSSL to get a really random seed 
>>> Used OpenSSL to get a really random seed -358438135
Adding /uscms_data/d2/lpcljm/sapta/SUSYSearch/LimitSetting/CMSSW_7_1_5/src to include path
Adding /cvmfs/cms.cern.ch/slc6_amd64_gcc481/lcg/roofit/5.34.18-cms3//include to include path
Input workspace 'w': 

RooWorkspace(w) w contents

variables
---------
(jerUp_unc,jerUp_unc_In,jesUp_unc,jesUp_unc_In,lumi,lumi_In,n_obs_binbin1,pdf_unc,pdf_unc_In,r,xs_Bkg,xs_Bkg_In)

p.d.f.s
-------
SimpleGaussianConstraint::jerUp_unc_Pdf[ x=jerUp_unc mean=jerUp_unc_In sigma=1 ] = 1
SimpleGaussianConstraint::jesUp_unc_Pdf[ x=jesUp_unc mean=jesUp_unc_In sigma=1 ] = 1
SimpleGaussianConstraint::lumi_Pdf[ x=lumi mean=lumi_In sigma=1 ] = 1
RooProdPdf::modelObs_b[ pdf_binbin1_bonly ] = 1.99147e-11
RooProdPdf::modelObs_s[ pdf_binbin1 ] = 1.82706e-11
RooProdPdf::model_b[ modelObs_b * nuisancePdf ] = 1.99147e-11
RooProdPdf::model_s[ modelObs_s * nuisancePdf ] = 1.82706e-11
RooProdPdf::nuisancePdf[ lumi_Pdf * jesUp_unc_Pdf * pdf_unc_Pdf * xs_Bkg_Pdf * jerUp_unc_Pdf ] = 1
RooPoisson::pdf_binbin1[ x=n_obs_binbin1 mean=n_exp_binbin1 ] = 1.82706e-11
RooPoisson::pdf_binbin1_bonly[ x=n_obs_binbin1 mean=n_exp_binbin1_bonly ] = 1.99147e-11
SimpleGaussianConstraint::pdf_unc_Pdf[ x=pdf_unc mean=pdf_unc_In sigma=1 ] = 1
SimpleGaussianConstraint::xs_Bkg_Pdf[ x=xs_Bkg mean=xs_Bkg_In sigma=1 ] = 1

functions
--------
RooAddition::n_exp_binbin1[ n_exp_binbin1_proc_BH + n_exp_binbin1_proc_Background ] = 5110.82
RooAddition::n_exp_binbin1_bonly[ n_exp_binbin1_proc_Background ] = 5109.82
ProcessNormalization::n_exp_binbin1_proc_BH[ thetaList=(lumi,jesUp_unc,pdf_unc,jerUp_unc) asymmThetaList=() otherFactorList=(r) ] = 1
ProcessNormalization::n_exp_binbin1_proc_Background[ thetaList=(xs_Bkg) asymmThetaList=() otherFactorList=() ] = 5109.82

datasets
--------
RooDataSet::data_obs(n_obs_binbin1)

named sets
----------
ModelConfig_GlobalObservables:(lumi_In,jesUp_unc_In,pdf_unc_In,xs_Bkg_In,jerUp_unc_In)
ModelConfig_NuisParams:(lumi,jesUp_unc,pdf_unc,xs_Bkg,jerUp_unc)
ModelConfig_Observables:(n_obs_binbin1)
ModelConfig_POI:(r)
ModelConfig_bonly_GlobalObservables:(lumi_In,jesUp_unc_In,pdf_unc_In,xs_Bkg_In,jerUp_unc_In)
ModelConfig_bonly_NuisParams:(lumi,jesUp_unc,pdf_unc,xs_Bkg,jerUp_unc)
ModelConfig_bonly_Observables:(n_obs_binbin1)
ModelConfig_bonly_POI:(r)
POI:(r)
globalObservables:(lumi_In,jesUp_unc_In,pdf_unc_In,xs_Bkg_In,jerUp_unc_In)
nuisances:(lumi,jesUp_unc,pdf_unc,xs_Bkg,jerUp_unc)
observables:(n_obs_binbin1)

generic objects
---------------
RooStats::ModelConfig::ModelConfig
RooStats::ModelConfig::ModelConfig_bonly
RooArgSet::discreteParams

Workspace has a ModelConfig for signal called 'ModelConfig', with contents:

=== Using the following for ModelConfig ===
Observables:             RooArgSet:: = (n_obs_binbin1)
Parameters of Interest:  RooArgSet:: = (r)
Nuisance Parameters:     RooArgSet:: = (lumi,jesUp_unc,pdf_unc,xs_Bkg,jerUp_unc)
Global Observables:      RooArgSet:: = (lumi_In,jesUp_unc_In,pdf_unc_In,xs_Bkg_In,jerUp_unc_In)
PDF:                     RooProdPdf::model_s[ modelObs_s * nuisancePdf ] = 1.82706e-11

Input ModelConfig 'ModelConfig': 

=== Using the following for ModelConfig ===
Observables:             RooArgSet:: = (n_obs_binbin1)
Parameters of Interest:  RooArgSet:: = (r)
Nuisance Parameters:     RooArgSet:: = (lumi,jesUp_unc,pdf_unc,xs_Bkg,jerUp_unc)
Global Observables:      RooArgSet:: = (lumi_In,jesUp_unc_In,pdf_unc_In,xs_Bkg_In,jerUp_unc_In)
PDF:                     RooProdPdf::model_s[ modelObs_s * nuisancePdf ] = 1.82706e-11

[#1] INFO:ObjectHandling -- RooWorkspace::import(w) importing RooUniform::prior
Computing limit starting from observation
  1) RooRealVar:: n_obs_binbin1 = 4670
Set default minimizer to Minuit2
  r = 500 +/- 0
[#1] INFO:Minization --  Including the following contraint terms in minimization: (nuisancePdf)
[#1] INFO:Fitting -- RooAddition::defaultErrorLevel(nll_model_s_data_obs_with_constr) Summation contains a RooNLLVar, using its error level
Minuit2Minimizer: Minimize with max-calls 2500 convergence for edm < 0.01 strategy 1
MnSeedGenerator: for initial parameters FCN = 29.2343
MnSeedGenerator: Initial state:   - FCN =   29.23425715722 Edm =      18.7665 NCalls =     21
VariableMetric: start iterating until Edm is < 1e-05
VariableMetric: Initial state   - FCN =   29.23425715722 Edm =      18.7665 NCalls =     21
VariableMetric: Iteration #   1 - FCN =   9.951358804291 Edm =    0.0330895 NCalls =     32
VariableMetric: Iteration #   2 - FCN =   9.915068384151 Edm =  2.65343e-08 NCalls =     44
VariableMetric: After Hessian   - FCN =   9.915068384151 Edm =  2.79667e-08 NCalls =     75
Number of iterations 4
----------> Iteration 0
            FVAL = 29.2342571572 Edm = 18.7664505074 Nfcn = 21
            Error matrix change = 1
            Parameters :  p0 = 0 p1 = 0 p2 = 0 p3 = 0 p4 = 0
----------> Iteration 1
            FVAL = 9.95135880429 Edm = 0.0330895276632 Nfcn = 32
            Error matrix change = 0.500047
            Parameters :  p0 = 0 p1 = 0 p2 = 0 p3 = 0 p4 = -0.566097
----------> Iteration 2
            FVAL = 9.91506838415 Edm = 2.65343444309e-08 Nfcn = 44
            Error matrix change = 0.250081
            Parameters :  p0 = 0 p1 = 0 p2 = 0 p3 = 0 p4 = -0.592105
----------> Iteration 3
            FVAL = 9.91506838415 Edm = 2.79666645629e-08 Nfcn = 75
            Error matrix change = 0
            Parameters :  p0 = 0 p1 = 0 p2 = 0 p3 = 0 p4 = -0.592105
Minuit2Minimizer : Valid minimum - status = 0
FVAL  = 9.91506838415055469
Edm   = 2.79666645629240879e-08
Nfcn  = 75
jerUp_unc	  = 0	 +/-  0.996602	(limited)
jesUp_unc	  = 0	 +/-  0.996602	(limited)
lumi	  = 0	 +/-  0.996602	(limited)
pdf_unc	  = 0	 +/-  0.996602	(limited)
xs_Bkg	  = -0.592105	 +/-  0.0966792	(limited)
Zero signal fit
   0) jerUp_unc                      =         0
   1) jesUp_unc                      =         0
   2) lumi                           =         0
   3) pdf_unc                        =         0
   4) xs_Bkg                         = -0.592105

Fitting of the background hypothesis done in 1.44442 s
[#1] INFO:Fitting -- RooAddition::defaultErrorLevel(nll_model_s_data_obs_with_constr) Summation contains a RooNLLVar, using its error level
Minuit2Minimizer: Minimize with max-calls 2500 convergence for edm < 0.01 strategy 1
MnSeedGenerator: for initial parameters FCN = 35.294
MnSeedGenerator: Initial state:   - FCN =   35.29402438336 Edm =      32.4276 NCalls =     21
VariableMetric: start iterating until Edm is < 1e-05
VariableMetric: Initial state   - FCN =   35.29402438336 Edm =      32.4276 NCalls =     21
VariableMetric: Iteration #   1 - FCN =   14.25463475082 Edm =      1.94953 NCalls =     33
VariableMetric: Iteration #   2 - FCN =   10.66275271217 Edm =     0.019665 NCalls =     45
VariableMetric: Iteration #   3 - FCN =   10.63351413814 Edm =  0.000281335 NCalls =     57
VariableMetric: Iteration #   4 - FCN =   10.63322002239 Edm =  1.96467e-06 NCalls =     68
VariableMetric: After Hessian   - FCN =   10.63322002239 Edm =  2.38234e-06 NCalls =     99
Number of iterations 6
----------> Iteration 0
            FVAL = 35.2940243834 Edm = 32.427620665 Nfcn = 21
            Error matrix change = 1
            Parameters :  p0 = 0 p1 = 0 p2 = 0 p3 = 0 p4 = -0.592105
----------> Iteration 1
            FVAL = 14.2546347508 Edm = 1.94953098059 Nfcn = 33
            Error matrix change = 0.600301
            Parameters :  p0 = -1.11326 p1 = -1.29464 p2 = -1.22731 p3 = -1.43398 p4 = -1.05137
----------> Iteration 2
            FVAL = 10.6627527122 Edm = 0.0196649935313 Nfcn = 45
            Error matrix change = 0.446204
            Parameters :  p0 = 0.0206228 p1 = -0.114234 p2 = -0.0550309 p3 = -0.28375 p4 = -1.312
----------> Iteration 3
            FVAL = 10.6335141381 Edm = 0.000281335166045 Nfcn = 57
            Error matrix change = 0.266969
            Parameters :  p0 = -0.0319644 p1 = -0.0371894 p2 = -0.0330476 p3 = -0.0638655 p4 = -1.32633
----------> Iteration 4
            FVAL = 10.6332200224 Edm = 1.9646731392e-06 Nfcn = 68
            Error matrix change = 0.158673
            Parameters :  p0 = -0.0412515 p1 = -0.0492469 p2 = -0.0458313 p3 = -0.0615766 p4 = -1.3265
----------> Iteration 5
            FVAL = 10.6332200224 Edm = 2.38234164267e-06 Nfcn = 99
            Error matrix change = 0
            Parameters :  p0 = -0.0412515 p1 = -0.0492469 p2 = -0.0458313 p3 = -0.0615766 p4 = -1.3265
Minuit2Minimizer : Valid minimum - status = 0
FVAL  = 10.6332200223896862
Edm   = 2.3823416426744501e-06
Nfcn  = 99
jerUp_unc	  = -0.0412515	 +/-  0.995277	(limited)
jesUp_unc	  = -0.0492469	 +/-  0.994551	(limited)
lumi	  = -0.0458313	 +/-  0.994861	(limited)
pdf_unc	  = -0.0615766	 +/-  0.993679	(limited)
xs_Bkg	  = -1.3265	 +/-  0.130992	(limited)
Reference signal fit
   0) jerUp_unc                      = -0.0412515
   1) jesUp_unc                      = -0.0492469
   2) lumi                           = -0.0458313
   3) pdf_unc                        = -0.0615766
   4) xs_Bkg                         =   -1.3265

Fitting of the signal-plus-background hypothesis done in 0.00237107 s
      Evaluation of p-values done in  6.91343 s
	CLs = 0.320312 +/- 0.0380369
      Evaluation of p-values done in  6.58183 s
	CLs = 0.316759 +/- 0.0258417
      Evaluation of p-values done in  6.53995 s
	CLs = 0.330391 +/- 0.0219434
      Evaluation of p-values done in  6.57904 s
	CLs = 0.321195 +/- 0.0185646
      Evaluation of p-values done in  6.57866 s
	CLs = 0.324704 +/- 0.0166125
	CLs      = 0.324704 +/- 0.0166125
	CLb      = 0.2704 +/- 0.00628146
	CLsplusb = 0.0878 +/- 0.00400228

Hybrid result saved as HypoTestResult_mh120_r500_36460353 in higgsCombineTest.HybridNew.mH120.-358438135.root : higgsCombineTest.HybridNew.mH120.-358438135.root:/toys

 -- Hybrid New -- 
CLs = 0.324704 +/- 0.0166125
Total toys: 10000
Done in 0.01 min (cpu), 0.58 min (real)
