>>> including systematics
>>> using the Profile Likelihood test statistics modified for upper limits (Q_LHC)
>>> method used to compute upper limit is HybridNew
>>> Using OpenSSL to get a really random seed 
>>> Used OpenSSL to get a really random seed -1609836666
Adding /uscms_data/d2/lpcljm/sapta/SUSYSearch/LimitSetting/CMSSW_7_1_5/src to include path
Adding /cvmfs/cms.cern.ch/slc6_amd64_gcc481/lcg/roofit/5.34.18-cms3//include to include path
Input workspace 'w': 

RooWorkspace(w) w contents

variables
---------
(jerUp_unc,jerUp_unc_In,jesUp_unc,jesUp_unc_In,lumi,lumi_In,n_obs_binbin1,pdf_unc,pdf_unc_In,r,xs_Bkg,xs_Bkg_In)

p.d.f.s
-------
SimpleGaussianConstraint::jerUp_unc_Pdf[ x=jerUp_unc mean=jerUp_unc_In sigma=1 ] = 1
SimpleGaussianConstraint::jesUp_unc_Pdf[ x=jesUp_unc mean=jesUp_unc_In sigma=1 ] = 1
SimpleGaussianConstraint::lumi_Pdf[ x=lumi mean=lumi_In sigma=1 ] = 1
RooProdPdf::modelObs_b[ pdf_binbin1_bonly ] = 6.04949e-05
RooProdPdf::modelObs_s[ pdf_binbin1 ] = 3.91141e-05
RooProdPdf::model_b[ modelObs_b * nuisancePdf ] = 6.04949e-05
RooProdPdf::model_s[ modelObs_s * nuisancePdf ] = 3.91141e-05
RooProdPdf::nuisancePdf[ lumi_Pdf * jesUp_unc_Pdf * pdf_unc_Pdf * xs_Bkg_Pdf * jerUp_unc_Pdf ] = 1
RooPoisson::pdf_binbin1[ x=n_obs_binbin1 mean=n_exp_binbin1 ] = 3.91141e-05
RooPoisson::pdf_binbin1_bonly[ x=n_obs_binbin1 mean=n_exp_binbin1_bonly ] = 6.04949e-05
SimpleGaussianConstraint::pdf_unc_Pdf[ x=pdf_unc mean=pdf_unc_In sigma=1 ] = 1
SimpleGaussianConstraint::xs_Bkg_Pdf[ x=xs_Bkg mean=xs_Bkg_In sigma=1 ] = 1

functions
--------
RooAddition::n_exp_binbin1[ n_exp_binbin1_proc_BH + n_exp_binbin1_proc_Background ] = 64.3397
RooAddition::n_exp_binbin1_bonly[ n_exp_binbin1_proc_Background ] = 63.3397
ProcessNormalization::n_exp_binbin1_proc_BH[ thetaList=(lumi,jesUp_unc,pdf_unc,jerUp_unc) asymmThetaList=() otherFactorList=(r) ] = 1
ProcessNormalization::n_exp_binbin1_proc_Background[ thetaList=(xs_Bkg) asymmThetaList=() otherFactorList=() ] = 63.3397

datasets
--------
RooDataSet::data_obs(n_obs_binbin1)

named sets
----------
ModelConfig_GlobalObservables:(lumi_In,jesUp_unc_In,pdf_unc_In,xs_Bkg_In,jerUp_unc_In)
ModelConfig_NuisParams:(lumi,jesUp_unc,pdf_unc,xs_Bkg,jerUp_unc)
ModelConfig_Observables:(n_obs_binbin1)
ModelConfig_POI:(r)
ModelConfig_bonly_GlobalObservables:(lumi_In,jesUp_unc_In,pdf_unc_In,xs_Bkg_In,jerUp_unc_In)
ModelConfig_bonly_NuisParams:(lumi,jesUp_unc,pdf_unc,xs_Bkg,jerUp_unc)
ModelConfig_bonly_Observables:(n_obs_binbin1)
ModelConfig_bonly_POI:(r)
POI:(r)
globalObservables:(lumi_In,jesUp_unc_In,pdf_unc_In,xs_Bkg_In,jerUp_unc_In)
nuisances:(lumi,jesUp_unc,pdf_unc,xs_Bkg,jerUp_unc)
observables:(n_obs_binbin1)

generic objects
---------------
RooStats::ModelConfig::ModelConfig
RooStats::ModelConfig::ModelConfig_bonly
RooArgSet::discreteParams

Workspace has a ModelConfig for signal called 'ModelConfig', with contents:

=== Using the following for ModelConfig ===
Observables:             RooArgSet:: = (n_obs_binbin1)
Parameters of Interest:  RooArgSet:: = (r)
Nuisance Parameters:     RooArgSet:: = (lumi,jesUp_unc,pdf_unc,xs_Bkg,jerUp_unc)
Global Observables:      RooArgSet:: = (lumi_In,jesUp_unc_In,pdf_unc_In,xs_Bkg_In,jerUp_unc_In)
PDF:                     RooProdPdf::model_s[ modelObs_s * nuisancePdf ] = 3.91141e-05

Input ModelConfig 'ModelConfig': 

=== Using the following for ModelConfig ===
Observables:             RooArgSet:: = (n_obs_binbin1)
Parameters of Interest:  RooArgSet:: = (r)
Nuisance Parameters:     RooArgSet:: = (lumi,jesUp_unc,pdf_unc,xs_Bkg,jerUp_unc)
Global Observables:      RooArgSet:: = (lumi_In,jesUp_unc_In,pdf_unc_In,xs_Bkg_In,jerUp_unc_In)
PDF:                     RooProdPdf::model_s[ modelObs_s * nuisancePdf ] = 3.91141e-05

[#1] INFO:ObjectHandling -- RooWorkspace::import(w) importing RooUniform::prior
Computing limit starting from observation
  1) RooRealVar:: n_obs_binbin1 = 36
Set default minimizer to Minuit2
  r = 50 +/- 0
[#1] INFO:Minization --  Including the following contraint terms in minimization: (nuisancePdf)
[#1] INFO:Fitting -- RooAddition::defaultErrorLevel(nll_model_s_data_obs_with_constr) Summation contains a RooNLLVar, using its error level
Minuit2Minimizer: Minimize with max-calls 2500 convergence for edm < 0.01 strategy 1
MnSeedGenerator: for initial parameters FCN = 14.3076
MnSeedGenerator: Initial state:   - FCN =   14.30764423695 Edm =      5.64062 NCalls =     21
VariableMetric: start iterating until Edm is < 1e-05
VariableMetric: Initial state   - FCN =   14.30764423695 Edm =      5.64062 NCalls =     21
VariableMetric: Iteration #   1 - FCN =   7.743135109654 Edm =   0.00259407 NCalls =     34
VariableMetric: Iteration #   2 - FCN =   7.738857563025 Edm =  4.24179e-08 NCalls =     46
VariableMetric: After Hessian   - FCN =   7.738857563025 Edm =  5.58656e-08 NCalls =     77
Number of iterations 4
----------> Iteration 0
            FVAL = 14.3076442369 Edm = 5.64061792835 Nfcn = 21
            Error matrix change = 1
            Parameters :  p0 = 0 p1 = 0 p2 = 0 p3 = 0 p4 = 0
----------> Iteration 1
            FVAL = 7.74313510965 Edm = 0.00259406662266 Nfcn = 34
            Error matrix change = 0.501431
            Parameters :  p0 = 0 p1 = 0 p2 = 0 p3 = 0 p4 = -0.869256
----------> Iteration 2
            FVAL = 7.73885756303 Edm = 4.24179457534e-08 Nfcn = 46
            Error matrix change = 0.25282
            Parameters :  p0 = 0 p1 = 0 p2 = 0 p3 = 0 p4 = -0.893951
----------> Iteration 3
            FVAL = 7.73885756303 Edm = 5.58655548329e-08 Nfcn = 77
            Error matrix change = 0
            Parameters :  p0 = 0 p1 = 0 p2 = 0 p3 = 0 p4 = -0.893951
Minuit2Minimizer : Valid minimum - status = 0
FVAL  = 7.73885756302549588
Edm   = 5.58655548328923961e-08
Nfcn  = 77
jerUp_unc	  = 0	 +/-  0.996602	(limited)
jesUp_unc	  = 0	 +/-  0.996602	(limited)
lumi	  = 0	 +/-  0.996602	(limited)
pdf_unc	  = 0	 +/-  0.996602	(limited)
xs_Bkg	  = -0.893951	 +/-  0.268493	(limited)
Zero signal fit
   0) jerUp_unc                      =         0
   1) jesUp_unc                      =         0
   2) lumi                           =         0
   3) pdf_unc                        =         0
   4) xs_Bkg                         = -0.893951

Fitting of the background hypothesis done in 0.314974 s
[#1] INFO:Fitting -- RooAddition::defaultErrorLevel(nll_model_s_data_obs_with_constr) Summation contains a RooNLLVar, using its error level
Minuit2Minimizer: Minimize with max-calls 2500 convergence for edm < 0.01 strategy 1
MnSeedGenerator: for initial parameters FCN = 27.252
MnSeedGenerator: Initial state:   - FCN =    27.2520178119 Edm =      10.2171 NCalls =     21
VariableMetric: start iterating until Edm is < 1e-05
VariableMetric: Initial state   - FCN =    27.2520178119 Edm =      10.2171 NCalls =     21
VariableMetric: Iteration #   1 - FCN =   17.76504762847 Edm =     0.811242 NCalls =     35
VariableMetric: Iteration #   2 - FCN =   16.42929520138 Edm =    0.0874485 NCalls =     47
VariableMetric: Iteration #   3 - FCN =   16.27761948149 Edm =   0.00194101 NCalls =     59
VariableMetric: Iteration #   4 - FCN =   16.27517665228 Edm =  3.90351e-06 NCalls =     71
VariableMetric: After Hessian   - FCN =   16.27517665228 Edm =  4.18176e-06 NCalls =    102
Number of iterations 6
----------> Iteration 0
            FVAL = 27.2520178119 Edm = 10.2170649125 Nfcn = 21
            Error matrix change = 1
            Parameters :  p0 = 0 p1 = 0 p2 = 0 p3 = 0 p4 = -0.893951
----------> Iteration 1
            FVAL = 17.7650476285 Edm = 0.811241540193 Nfcn = 35
            Error matrix change = 0.582627
            Parameters :  p0 = -1.08135 p1 = -1.30034 p2 = -1.21582 p3 = -1.4932 p4 = -1.96674
----------> Iteration 2
            FVAL = 16.4292952014 Edm = 0.0874485180155 Nfcn = 47
            Error matrix change = 0.35647
            Parameters :  p0 = -0.491377 p1 = -0.661931 p2 = -0.591379 p3 = -0.849702 p4 = -2.4588
----------> Iteration 3
            FVAL = 16.2776194815 Edm = 0.00194101418047 Nfcn = 59
            Error matrix change = 0.207211
            Parameters :  p0 = -0.638288 p1 = -0.776263 p2 = -0.721523 p3 = -0.913225 p4 = -2.68282
----------> Iteration 4
            FVAL = 16.2751766523 Edm = 3.90351281447e-06 Nfcn = 71
            Error matrix change = 0.123945
            Parameters :  p0 = -0.608814 p1 = -0.757159 p2 = -0.69814 p3 = -0.902863 p4 = -2.71489
----------> Iteration 5
            FVAL = 16.2751766523 Edm = 4.18175911613e-06 Nfcn = 102
            Error matrix change = 0
            Parameters :  p0 = -0.608814 p1 = -0.757159 p2 = -0.69814 p3 = -0.902863 p4 = -2.71489
Minuit2Minimizer : Valid minimum - status = 0
FVAL  = 16.2751766522849977
Edm   = 4.18175911613468571e-06
Nfcn  = 102
jerUp_unc	  = -0.608814	 +/-  0.977365	(limited)
jesUp_unc	  = -0.757159	 +/-  0.966667	(limited)
lumi	  = -0.69814	 +/-  0.971229	(limited)
pdf_unc	  = -0.902863	 +/-  0.953604	(limited)
xs_Bkg	  = -2.71489	 +/-  0.562941	(limited)
Reference signal fit
   0) jerUp_unc                      = -0.608814
   1) jesUp_unc                      = -0.757159
   2) lumi                           =  -0.69814
   3) pdf_unc                        = -0.902863
   4) xs_Bkg                         =  -2.71489

Fitting of the signal-plus-background hypothesis done in 0.00251293 s
      Evaluation of p-values done in  6.40769 s
	CLs = 0 +/- 0
      Evaluation of p-values done in  6.28141 s
	CLs = 0 +/- 0
      Evaluation of p-values done in  6.07931 s
	CLs = 0 +/- 0
      Evaluation of p-values done in  6.26615 s
	CLs = 0 +/- 0
      Evaluation of p-values done in  6.29131 s
	CLs = 0 +/- 0
	CLs      = 0 +/- 0
	CLb      = 0.2486 +/- 0.00611225
	CLsplusb = 0 +/- 0

Hybrid result saved as HypoTestResult_mh120_r50_2403458031 in higgsCombineTest.HybridNew.mH120.-1609836666.root : higgsCombineTest.HybridNew.mH120.-1609836666.root:/toys

 -- Hybrid New -- 
CLs = 0 +/- 0
Total toys: 10000
Done in 0.00 min (cpu), 0.53 min (real)
