>>> including systematics
>>> using the Profile Likelihood test statistics modified for upper limits (Q_LHC)
>>> method used to compute upper limit is HybridNew
>>> Using OpenSSL to get a really random seed 
>>> Used OpenSSL to get a really random seed -1210002135
Adding /uscms_data/d2/lpcljm/sapta/SUSYSearch/LimitSetting/CMSSW_7_1_5/src to include path
Adding /cvmfs/cms.cern.ch/slc6_amd64_gcc481/lcg/roofit/5.34.18-cms3//include to include path
Input workspace 'w': 

RooWorkspace(w) w contents

variables
---------
(jerUp_unc,jerUp_unc_In,jesUp_unc,jesUp_unc_In,lumi,lumi_In,n_obs_binbin1,pdf_unc,pdf_unc_In,r,xs_Bkg,xs_Bkg_In)

p.d.f.s
-------
SimpleGaussianConstraint::jerUp_unc_Pdf[ x=jerUp_unc mean=jerUp_unc_In sigma=1 ] = 1
SimpleGaussianConstraint::jesUp_unc_Pdf[ x=jesUp_unc mean=jesUp_unc_In sigma=1 ] = 1
SimpleGaussianConstraint::lumi_Pdf[ x=lumi mean=lumi_In sigma=1 ] = 1
RooProdPdf::modelObs_b[ pdf_binbin1_bonly ] = 6.04949e-05
RooProdPdf::modelObs_s[ pdf_binbin1 ] = 3.91141e-05
RooProdPdf::model_b[ modelObs_b * nuisancePdf ] = 6.04949e-05
RooProdPdf::model_s[ modelObs_s * nuisancePdf ] = 3.91141e-05
RooProdPdf::nuisancePdf[ lumi_Pdf * jesUp_unc_Pdf * pdf_unc_Pdf * xs_Bkg_Pdf * jerUp_unc_Pdf ] = 1
RooPoisson::pdf_binbin1[ x=n_obs_binbin1 mean=n_exp_binbin1 ] = 3.91141e-05
RooPoisson::pdf_binbin1_bonly[ x=n_obs_binbin1 mean=n_exp_binbin1_bonly ] = 6.04949e-05
SimpleGaussianConstraint::pdf_unc_Pdf[ x=pdf_unc mean=pdf_unc_In sigma=1 ] = 1
SimpleGaussianConstraint::xs_Bkg_Pdf[ x=xs_Bkg mean=xs_Bkg_In sigma=1 ] = 1

functions
--------
RooAddition::n_exp_binbin1[ n_exp_binbin1_proc_BH + n_exp_binbin1_proc_Background ] = 64.3397
RooAddition::n_exp_binbin1_bonly[ n_exp_binbin1_proc_Background ] = 63.3397
ProcessNormalization::n_exp_binbin1_proc_BH[ thetaList=(lumi,jesUp_unc,pdf_unc,jerUp_unc) asymmThetaList=() otherFactorList=(r) ] = 1
ProcessNormalization::n_exp_binbin1_proc_Background[ thetaList=(xs_Bkg) asymmThetaList=() otherFactorList=() ] = 63.3397

datasets
--------
RooDataSet::data_obs(n_obs_binbin1)

named sets
----------
ModelConfig_GlobalObservables:(lumi_In,jesUp_unc_In,pdf_unc_In,xs_Bkg_In,jerUp_unc_In)
ModelConfig_NuisParams:(lumi,jesUp_unc,pdf_unc,xs_Bkg,jerUp_unc)
ModelConfig_Observables:(n_obs_binbin1)
ModelConfig_POI:(r)
ModelConfig_bonly_GlobalObservables:(lumi_In,jesUp_unc_In,pdf_unc_In,xs_Bkg_In,jerUp_unc_In)
ModelConfig_bonly_NuisParams:(lumi,jesUp_unc,pdf_unc,xs_Bkg,jerUp_unc)
ModelConfig_bonly_Observables:(n_obs_binbin1)
ModelConfig_bonly_POI:(r)
POI:(r)
globalObservables:(lumi_In,jesUp_unc_In,pdf_unc_In,xs_Bkg_In,jerUp_unc_In)
nuisances:(lumi,jesUp_unc,pdf_unc,xs_Bkg,jerUp_unc)
observables:(n_obs_binbin1)

generic objects
---------------
RooStats::ModelConfig::ModelConfig
RooStats::ModelConfig::ModelConfig_bonly
RooArgSet::discreteParams

Workspace has a ModelConfig for signal called 'ModelConfig', with contents:

=== Using the following for ModelConfig ===
Observables:             RooArgSet:: = (n_obs_binbin1)
Parameters of Interest:  RooArgSet:: = (r)
Nuisance Parameters:     RooArgSet:: = (lumi,jesUp_unc,pdf_unc,xs_Bkg,jerUp_unc)
Global Observables:      RooArgSet:: = (lumi_In,jesUp_unc_In,pdf_unc_In,xs_Bkg_In,jerUp_unc_In)
PDF:                     RooProdPdf::model_s[ modelObs_s * nuisancePdf ] = 3.91141e-05

Input ModelConfig 'ModelConfig': 

=== Using the following for ModelConfig ===
Observables:             RooArgSet:: = (n_obs_binbin1)
Parameters of Interest:  RooArgSet:: = (r)
Nuisance Parameters:     RooArgSet:: = (lumi,jesUp_unc,pdf_unc,xs_Bkg,jerUp_unc)
Global Observables:      RooArgSet:: = (lumi_In,jesUp_unc_In,pdf_unc_In,xs_Bkg_In,jerUp_unc_In)
PDF:                     RooProdPdf::model_s[ modelObs_s * nuisancePdf ] = 3.91141e-05

[#1] INFO:ObjectHandling -- RooWorkspace::import(w) importing RooUniform::prior
Computing limit starting from observation
  1) RooRealVar:: n_obs_binbin1 = 36
Set default minimizer to Minuit2
  r = 54 +/- 0
[#1] INFO:Minization --  Including the following contraint terms in minimization: (nuisancePdf)
[#1] INFO:Fitting -- RooAddition::defaultErrorLevel(nll_model_s_data_obs_with_constr) Summation contains a RooNLLVar, using its error level
Minuit2Minimizer: Minimize with max-calls 2500 convergence for edm < 0.01 strategy 1
MnSeedGenerator: for initial parameters FCN = 14.3076
MnSeedGenerator: Initial state:   - FCN =   14.30764423695 Edm =      5.64062 NCalls =     21
VariableMetric: start iterating until Edm is < 1e-05
VariableMetric: Initial state   - FCN =   14.30764423695 Edm =      5.64062 NCalls =     21
VariableMetric: Iteration #   1 - FCN =   7.743135109654 Edm =   0.00259407 NCalls =     34
VariableMetric: Iteration #   2 - FCN =   7.738857563025 Edm =  4.24179e-08 NCalls =     46
VariableMetric: After Hessian   - FCN =   7.738857563025 Edm =  5.58656e-08 NCalls =     77
Number of iterations 4
----------> Iteration 0
            FVAL = 14.3076442369 Edm = 5.64061792835 Nfcn = 21
            Error matrix change = 1
            Parameters :  p0 = 0 p1 = 0 p2 = 0 p3 = 0 p4 = 0
----------> Iteration 1
            FVAL = 7.74313510965 Edm = 0.00259406662266 Nfcn = 34
            Error matrix change = 0.501431
            Parameters :  p0 = 0 p1 = 0 p2 = 0 p3 = 0 p4 = -0.869256
----------> Iteration 2
            FVAL = 7.73885756303 Edm = 4.24179457534e-08 Nfcn = 46
            Error matrix change = 0.25282
            Parameters :  p0 = 0 p1 = 0 p2 = 0 p3 = 0 p4 = -0.893951
----------> Iteration 3
            FVAL = 7.73885756303 Edm = 5.58655548329e-08 Nfcn = 77
            Error matrix change = 0
            Parameters :  p0 = 0 p1 = 0 p2 = 0 p3 = 0 p4 = -0.893951
Minuit2Minimizer : Valid minimum - status = 0
FVAL  = 7.73885756302549588
Edm   = 5.58655548328923961e-08
Nfcn  = 77
jerUp_unc	  = 0	 +/-  0.996602	(limited)
jesUp_unc	  = 0	 +/-  0.996602	(limited)
lumi	  = 0	 +/-  0.996602	(limited)
pdf_unc	  = 0	 +/-  0.996602	(limited)
xs_Bkg	  = -0.893951	 +/-  0.268493	(limited)
Zero signal fit
   0) jerUp_unc                      =         0
   1) jesUp_unc                      =         0
   2) lumi                           =         0
   3) pdf_unc                        =         0
   4) xs_Bkg                         = -0.893951

Fitting of the background hypothesis done in 0.303151 s
[#1] INFO:Fitting -- RooAddition::defaultErrorLevel(nll_model_s_data_obs_with_constr) Summation contains a RooNLLVar, using its error level
Minuit2Minimizer: Minimize with max-calls 2500 convergence for edm < 0.01 strategy 1
MnSeedGenerator: for initial parameters FCN = 29.6433
MnSeedGenerator: Initial state:   - FCN =   29.64333225093 Edm =       11.459 NCalls =     21
VariableMetric: start iterating until Edm is < 1e-05
VariableMetric: Initial state   - FCN =   29.64333225093 Edm =       11.459 NCalls =     21
VariableMetric: Iteration #   1 - FCN =   19.21446853233 Edm =     0.932926 NCalls =     35
VariableMetric: Iteration #   2 - FCN =    17.7388839633 Edm =     0.107336 NCalls =     47
VariableMetric: Iteration #   3 - FCN =   17.55011013161 Edm =   0.00301845 NCalls =     59
VariableMetric: Iteration #   4 - FCN =   17.54626831645 Edm =  8.86863e-06 NCalls =     71
VariableMetric: Iteration #   5 - FCN =    17.5462587433 Edm =  1.01194e-08 NCalls =     83
VariableMetric: After Hessian   - FCN =    17.5462587433 Edm =  1.14561e-08 NCalls =    114
Number of iterations 7
----------> Iteration 0
            FVAL = 29.6433322509 Edm = 11.4589549739 Nfcn = 21
            Error matrix change = 1
            Parameters :  p0 = 0 p1 = 0 p2 = 0 p3 = 0 p4 = -0.893951
----------> Iteration 1
            FVAL = 19.2144685323 Edm = 0.932925721312 Nfcn = 35
            Error matrix change = 0.583804
            Parameters :  p0 = -1.19533 p1 = -1.43265 p2 = -1.34137 p3 = -1.63915 p4 = -1.99689
----------> Iteration 2
            FVAL = 17.7388839633 Edm = 0.107336271842 Nfcn = 47
            Error matrix change = 0.358275
            Parameters :  p0 = -0.555979 p1 = -0.750434 p2 = -0.670101 p3 = -0.963078 p4 = -2.4911
----------> Iteration 3
            FVAL = 17.5501101316 Edm = 0.00301845151283 Nfcn = 59
            Error matrix change = 0.209312
            Parameters :  p0 = -0.722534 p1 = -0.877873 p2 = -0.816129 p3 = -1.0334 p4 = -2.73996
----------> Iteration 4
            FVAL = 17.5462683165 Edm = 8.86862841575e-06 Nfcn = 71
            Error matrix change = 0.12527
            Parameters :  p0 = -0.687132 p1 = -0.854158 p2 = -0.787731 p3 = -1.01818 p4 = -2.78039
----------> Iteration 5
            FVAL = 17.5462587433 Edm = 1.0119441013e-08 Nfcn = 83
            Error matrix change = 0.0739974
            Parameters :  p0 = -0.687415 p1 = -0.855181 p2 = -0.788281 p3 = -1.02114 p4 = -2.78155
----------> Iteration 6
            FVAL = 17.5462587433 Edm = 1.1456054814e-08 Nfcn = 114
            Error matrix change = 0
            Parameters :  p0 = -0.687415 p1 = -0.855181 p2 = -0.788281 p3 = -1.02114 p4 = -2.78155
Minuit2Minimizer : Valid minimum - status = 0
FVAL  = 17.5462587432957449
Edm   = 1.14560548140158122e-08
Nfcn  = 114
jerUp_unc	  = -0.687415	 +/-  0.97589	(limited)
jesUp_unc	  = -0.855181	 +/-  0.964358	(limited)
lumi	  = -0.788281	 +/-  0.969276	(limited)
pdf_unc	  = -1.02114	 +/-  0.950273	(limited)
xs_Bkg	  = -2.78155	 +/-  0.566805	(limited)
Reference signal fit
   0) jerUp_unc                      = -0.687415
   1) jesUp_unc                      = -0.855181
   2) lumi                           = -0.788281
   3) pdf_unc                        =  -1.02114
   4) xs_Bkg                         =  -2.78155

Fitting of the signal-plus-background hypothesis done in 0.00251412 s
      Evaluation of p-values done in  6.42526 s
	CLs = 0 +/- 0
      Evaluation of p-values done in  6.40166 s
	CLs = 0 +/- 0
      Evaluation of p-values done in  6.24177 s
	CLs = 0 +/- 0
      Evaluation of p-values done in  6.26263 s
	CLs = 0 +/- 0
      Evaluation of p-values done in  6.13868 s
	CLs = 0 +/- 0
	CLs      = 0 +/- 0
	CLb      = 0.2762 +/- 0.00632319
	CLsplusb = 0 +/- 0

Hybrid result saved as HypoTestResult_mh120_r54_2431150203 in higgsCombineTest.HybridNew.mH120.-1210002135.root : higgsCombineTest.HybridNew.mH120.-1210002135.root:/toys

 -- Hybrid New -- 
CLs = 0 +/- 0
Total toys: 10000
Done in 0.00 min (cpu), 0.53 min (real)
