>>> including systematics
>>> using the Profile Likelihood test statistics modified for upper limits (Q_LHC)
>>> method used to compute upper limit is HybridNew
>>> Using OpenSSL to get a really random seed 
>>> Used OpenSSL to get a really random seed -703831249
Adding /uscms_data/d2/lpcljm/sapta/SUSYSearch/LimitSetting/CMSSW_7_1_5/src to include path
Adding /cvmfs/cms.cern.ch/slc6_amd64_gcc481/lcg/roofit/5.34.18-cms3//include to include path
Input workspace 'w': 

RooWorkspace(w) w contents

variables
---------
(jerUp_unc,jerUp_unc_In,jesUp_unc,jesUp_unc_In,lumi,lumi_In,n_obs_binbin1,pdf_unc,pdf_unc_In,r,xs_Bkg,xs_Bkg_In)

p.d.f.s
-------
SimpleGaussianConstraint::jerUp_unc_Pdf[ x=jerUp_unc mean=jerUp_unc_In sigma=1 ] = 1
SimpleGaussianConstraint::jesUp_unc_Pdf[ x=jesUp_unc mean=jesUp_unc_In sigma=1 ] = 1
SimpleGaussianConstraint::lumi_Pdf[ x=lumi mean=lumi_In sigma=1 ] = 1
RooProdPdf::modelObs_b[ pdf_binbin1_bonly ] = 1.39599e-05
RooProdPdf::modelObs_s[ pdf_binbin1 ] = 1.05037e-05
RooProdPdf::model_b[ modelObs_b * nuisancePdf ] = 1.39599e-05
RooProdPdf::model_s[ modelObs_s * nuisancePdf ] = 1.05037e-05
RooProdPdf::nuisancePdf[ lumi_Pdf * jesUp_unc_Pdf * pdf_unc_Pdf * xs_Bkg_Pdf * jerUp_unc_Pdf ] = 1
RooPoisson::pdf_binbin1[ x=n_obs_binbin1 mean=n_exp_binbin1 ] = 1.05037e-05
RooPoisson::pdf_binbin1_bonly[ x=n_obs_binbin1 mean=n_exp_binbin1_bonly ] = 1.39599e-05
SimpleGaussianConstraint::pdf_unc_Pdf[ x=pdf_unc mean=pdf_unc_In sigma=1 ] = 1
SimpleGaussianConstraint::xs_Bkg_Pdf[ x=xs_Bkg mean=xs_Bkg_In sigma=1 ] = 1

functions
--------
RooAddition::n_exp_binbin1[ n_exp_binbin1_proc_BH + n_exp_binbin1_proc_Background ] = 177.989
RooAddition::n_exp_binbin1_bonly[ n_exp_binbin1_proc_Background ] = 176.989
ProcessNormalization::n_exp_binbin1_proc_BH[ thetaList=(lumi,jesUp_unc,pdf_unc,jerUp_unc) asymmThetaList=() otherFactorList=(r) ] = 1
ProcessNormalization::n_exp_binbin1_proc_Background[ thetaList=(xs_Bkg) asymmThetaList=() otherFactorList=() ] = 176.989

datasets
--------
RooDataSet::data_obs(n_obs_binbin1)

named sets
----------
ModelConfig_GlobalObservables:(lumi_In,jesUp_unc_In,pdf_unc_In,xs_Bkg_In,jerUp_unc_In)
ModelConfig_NuisParams:(lumi,jesUp_unc,pdf_unc,xs_Bkg,jerUp_unc)
ModelConfig_Observables:(n_obs_binbin1)
ModelConfig_POI:(r)
ModelConfig_bonly_GlobalObservables:(lumi_In,jesUp_unc_In,pdf_unc_In,xs_Bkg_In,jerUp_unc_In)
ModelConfig_bonly_NuisParams:(lumi,jesUp_unc,pdf_unc,xs_Bkg,jerUp_unc)
ModelConfig_bonly_Observables:(n_obs_binbin1)
ModelConfig_bonly_POI:(r)
POI:(r)
globalObservables:(lumi_In,jesUp_unc_In,pdf_unc_In,xs_Bkg_In,jerUp_unc_In)
nuisances:(lumi,jesUp_unc,pdf_unc,xs_Bkg,jerUp_unc)
observables:(n_obs_binbin1)

generic objects
---------------
RooStats::ModelConfig::ModelConfig
RooStats::ModelConfig::ModelConfig_bonly
RooArgSet::discreteParams

Workspace has a ModelConfig for signal called 'ModelConfig', with contents:

=== Using the following for ModelConfig ===
Observables:             RooArgSet:: = (n_obs_binbin1)
Parameters of Interest:  RooArgSet:: = (r)
Nuisance Parameters:     RooArgSet:: = (lumi,jesUp_unc,pdf_unc,xs_Bkg,jerUp_unc)
Global Observables:      RooArgSet:: = (lumi_In,jesUp_unc_In,pdf_unc_In,xs_Bkg_In,jerUp_unc_In)
PDF:                     RooProdPdf::model_s[ modelObs_s * nuisancePdf ] = 1.05037e-05

Input ModelConfig 'ModelConfig': 

=== Using the following for ModelConfig ===
Observables:             RooArgSet:: = (n_obs_binbin1)
Parameters of Interest:  RooArgSet:: = (r)
Nuisance Parameters:     RooArgSet:: = (lumi,jesUp_unc,pdf_unc,xs_Bkg,jerUp_unc)
Global Observables:      RooArgSet:: = (lumi_In,jesUp_unc_In,pdf_unc_In,xs_Bkg_In,jerUp_unc_In)
PDF:                     RooProdPdf::model_s[ modelObs_s * nuisancePdf ] = 1.05037e-05

[#1] INFO:ObjectHandling -- RooWorkspace::import(w) importing RooUniform::prior
Computing limit starting from observation
  1) RooRealVar:: n_obs_binbin1 = 127
Set default minimizer to Minuit2
  r = 70 +/- 0
[#1] INFO:Minization --  Including the following contraint terms in minimization: (nuisancePdf)
[#1] INFO:Fitting -- RooAddition::defaultErrorLevel(nll_model_s_data_obs_with_constr) Summation contains a RooNLLVar, using its error level
Minuit2Minimizer: Minimize with max-calls 2500 convergence for edm < 0.01 strategy 1
MnSeedGenerator: for initial parameters FCN = 15.774
MnSeedGenerator: Initial state:   - FCN =   15.77401775306 Edm =        6.877 NCalls =     21
VariableMetric: start iterating until Edm is < 1e-05
VariableMetric: Initial state   - FCN =   15.77401775306 Edm =        6.877 NCalls =     21
VariableMetric: Iteration #   1 - FCN =   8.186724744037 Edm =  0.000630863 NCalls =     34
VariableMetric: Iteration #   2 - FCN =   8.185857914862 Edm =  5.07288e-10 NCalls =     46
VariableMetric: After Hessian   - FCN =   8.185857914862 Edm =   5.9856e-10 NCalls =     77
Number of iterations 4
----------> Iteration 0
            FVAL = 15.7740177531 Edm = 6.87700388778 Nfcn = 21
            Error matrix change = 1
            Parameters :  p0 = 0 p1 = 0 p2 = 0 p3 = 0 p4 = 0
----------> Iteration 1
            FVAL = 8.18672474404 Edm = 0.00063086345635 Nfcn = 34
            Error matrix change = 0.500524
            Parameters :  p0 = 0 p1 = 0 p2 = 0 p3 = 0 p4 = -0.685941
----------> Iteration 2
            FVAL = 8.18585791486 Edm = 5.07287812116e-10 Nfcn = 46
            Error matrix change = 0.250939
            Parameters :  p0 = 0 p1 = 0 p2 = 0 p3 = 0 p4 = -0.693748
----------> Iteration 3
            FVAL = 8.18585791486 Edm = 5.98559937301e-10 Nfcn = 77
            Error matrix change = 0
            Parameters :  p0 = 0 p1 = 0 p2 = 0 p3 = 0 p4 = -0.693748
Minuit2Minimizer : Valid minimum - status = 0
FVAL  = 8.18585791486240666
Edm   = 5.98559937301222222e-10
Nfcn  = 77
jerUp_unc	  = 0	 +/-  0.996602	(limited)
jesUp_unc	  = 0	 +/-  0.996602	(limited)
lumi	  = 0	 +/-  0.996602	(limited)
pdf_unc	  = 0	 +/-  0.996602	(limited)
xs_Bkg	  = -0.693748	 +/-  0.187747	(limited)
Zero signal fit
   0) jerUp_unc                      =         0
   1) jesUp_unc                      =         0
   2) lumi                           =         0
   3) pdf_unc                        =         0
   4) xs_Bkg                         = -0.693748

Fitting of the background hypothesis done in 0.301232 s
[#1] INFO:Fitting -- RooAddition::defaultErrorLevel(nll_model_s_data_obs_with_constr) Summation contains a RooNLLVar, using its error level
Minuit2Minimizer: Minimize with max-calls 2500 convergence for edm < 0.01 strategy 1
MnSeedGenerator: for initial parameters FCN = 22.9599
MnSeedGenerator: Initial state:   - FCN =   22.95994225328 Edm =      12.1878 NCalls =     19
VariableMetric: start iterating until Edm is < 1e-05
VariableMetric: Initial state   - FCN =   22.95994225328 Edm =      12.1878 NCalls =     19
VariableMetric: Iteration #   1 - FCN =   12.32711262579 Edm =     0.976155 NCalls =     31
VariableMetric: Iteration #   2 - FCN =   10.52066324777 Edm =    0.0566989 NCalls =     43
VariableMetric: Iteration #   3 - FCN =   10.42730150991 Edm =  0.000682878 NCalls =     55
VariableMetric: Iteration #   4 - FCN =   10.42648340789 Edm =  7.18979e-07 NCalls =     67
VariableMetric: After Hessian   - FCN =   10.42648340789 Edm =  7.74403e-07 NCalls =     98
Number of iterations 6
----------> Iteration 0
            FVAL = 22.9599422533 Edm = 12.1878446076 Nfcn = 19
            Error matrix change = 1
            Parameters :  p0 = 0 p1 = 0 p2 = 0 p3 = 0 p4 = -0.693748
----------> Iteration 1
            FVAL = 12.3271126258 Edm = 0.976154582615 Nfcn = 31
            Error matrix change = 0.58997
            Parameters :  p0 = -0.820897 p1 = -0.988025 p2 = -0.923468 p3 = -1.13564 p4 = -1.50011
----------> Iteration 2
            FVAL = 10.5206632478 Edm = 0.0566989301257 Nfcn = 43
            Error matrix change = 0.390974
            Parameters :  p0 = -0.111131 p1 = -0.189163 p2 = -0.155279 p3 = -0.288112 p4 = -1.91852
----------> Iteration 3
            FVAL = 10.4273015099 Edm = 0.000682878355048 Nfcn = 55
            Error matrix change = 0.208116
            Parameters :  p0 = -0.194751 p1 = -0.227371 p2 = -0.21467 p3 = -0.259287 p4 = -2.04252
----------> Iteration 4
            FVAL = 10.4264834079 Edm = 7.1897864369e-07 Nfcn = 67
            Error matrix change = 0.129015
            Parameters :  p0 = -0.170905 p1 = -0.212699 p2 = -0.196144 p3 = -0.253039 p4 = -2.05373
----------> Iteration 5
            FVAL = 10.4264834079 Edm = 7.74403393747e-07 Nfcn = 98
            Error matrix change = 0
            Parameters :  p0 = -0.170905 p1 = -0.212699 p2 = -0.196144 p3 = -0.253039 p4 = -2.05373
Minuit2Minimizer : Valid minimum - status = 0
FVAL  = 10.426483407885641
Edm   = 7.74403393747423327e-07
Nfcn  = 98
jerUp_unc	  = -0.170905	 +/-  0.988843	(limited)
jesUp_unc	  = -0.212699	 +/-  0.984568	(limited)
lumi	  = -0.196144	 +/-  0.986387	(limited)
pdf_unc	  = -0.253039	 +/-  0.979389	(limited)
xs_Bkg	  = -2.05373	 +/-  0.368826	(limited)
Reference signal fit
   0) jerUp_unc                      = -0.170905
   1) jesUp_unc                      = -0.212699
   2) lumi                           = -0.196144
   3) pdf_unc                        = -0.253039
   4) xs_Bkg                         =  -2.05373

Fitting of the signal-plus-background hypothesis done in 0.00243616 s
      Evaluation of p-values done in  6.28051 s
	CLs = 0.0857143 +/- 0.0178232
      Evaluation of p-values done in  5.84249 s
	CLs = 0.061144 +/- 0.0111461
      Evaluation of p-values done in  6.08656 s
	CLs = 0.0597403 +/- 0.00893535
      Evaluation of p-values done in  5.87285 s
	CLs = 0.0576735 +/- 0.00761349
      Evaluation of p-values done in  6.55536 s
	CLs = 0.0591017 +/- 0.00692306
	CLs      = 0.0591017 +/- 0.00692306
	CLb      = 0.2538 +/- 0.00615444
	CLsplusb = 0.015 +/- 0.00171901

Hybrid result saved as HypoTestResult_mh120_r70_498868504 in higgsCombineTest.HybridNew.mH120.-703831249.root : higgsCombineTest.HybridNew.mH120.-703831249.root:/toys

 -- Hybrid New -- 
CLs = 0.0591017 +/- 0.00692306
Total toys: 10000
Done in 0.00 min (cpu), 0.52 min (real)
