>>> including systematics
>>> using the Profile Likelihood test statistics modified for upper limits (Q_LHC)
>>> method used to compute upper limit is HybridNew
>>> Using OpenSSL to get a really random seed 
>>> Used OpenSSL to get a really random seed -1628945104
Adding /uscms_data/d2/lpcljm/sapta/SUSYSearch/LimitSetting/CMSSW_7_1_5/src to include path
Adding /cvmfs/cms.cern.ch/slc6_amd64_gcc481/lcg/roofit/5.34.18-cms3//include to include path
Input workspace 'w': 

RooWorkspace(w) w contents

variables
---------
(jerUp_unc,jerUp_unc_In,jesUp_unc,jesUp_unc_In,lumi,lumi_In,n_obs_binbin1,pdf_unc,pdf_unc_In,r,xs_Bkg,xs_Bkg_In)

p.d.f.s
-------
SimpleGaussianConstraint::jerUp_unc_Pdf[ x=jerUp_unc mean=jerUp_unc_In sigma=1 ] = 1
SimpleGaussianConstraint::jesUp_unc_Pdf[ x=jesUp_unc mean=jesUp_unc_In sigma=1 ] = 1
SimpleGaussianConstraint::lumi_Pdf[ x=lumi mean=lumi_In sigma=1 ] = 1
RooProdPdf::modelObs_b[ pdf_binbin1_bonly ] = 2.44387e-07
RooProdPdf::modelObs_s[ pdf_binbin1 ] = 2.19511e-07
RooProdPdf::model_b[ modelObs_b * nuisancePdf ] = 2.44387e-07
RooProdPdf::model_s[ modelObs_s * nuisancePdf ] = 2.19511e-07
RooProdPdf::nuisancePdf[ lumi_Pdf * jesUp_unc_Pdf * pdf_unc_Pdf * xs_Bkg_Pdf * jerUp_unc_Pdf ] = 1
RooPoisson::pdf_binbin1[ x=n_obs_binbin1 mean=n_exp_binbin1 ] = 2.19511e-07
RooPoisson::pdf_binbin1_bonly[ x=n_obs_binbin1 mean=n_exp_binbin1_bonly ] = 2.44387e-07
SimpleGaussianConstraint::pdf_unc_Pdf[ x=pdf_unc mean=pdf_unc_In sigma=1 ] = 1
SimpleGaussianConstraint::xs_Bkg_Pdf[ x=xs_Bkg mean=xs_Bkg_In sigma=1 ] = 1

functions
--------
RooAddition::n_exp_binbin1[ n_exp_binbin1_proc_BH + n_exp_binbin1_proc_Background ] = 1785.08
RooAddition::n_exp_binbin1_bonly[ n_exp_binbin1_proc_Background ] = 1784.08
ProcessNormalization::n_exp_binbin1_proc_BH[ thetaList=(lumi,jesUp_unc,pdf_unc,jerUp_unc) asymmThetaList=() otherFactorList=(r) ] = 1
ProcessNormalization::n_exp_binbin1_proc_Background[ thetaList=(xs_Bkg) asymmThetaList=() otherFactorList=() ] = 1784.08

datasets
--------
RooDataSet::data_obs(n_obs_binbin1)

named sets
----------
ModelConfig_GlobalObservables:(lumi_In,jesUp_unc_In,pdf_unc_In,xs_Bkg_In,jerUp_unc_In)
ModelConfig_NuisParams:(lumi,jesUp_unc,pdf_unc,xs_Bkg,jerUp_unc)
ModelConfig_Observables:(n_obs_binbin1)
ModelConfig_POI:(r)
ModelConfig_bonly_GlobalObservables:(lumi_In,jesUp_unc_In,pdf_unc_In,xs_Bkg_In,jerUp_unc_In)
ModelConfig_bonly_NuisParams:(lumi,jesUp_unc,pdf_unc,xs_Bkg,jerUp_unc)
ModelConfig_bonly_Observables:(n_obs_binbin1)
ModelConfig_bonly_POI:(r)
POI:(r)
globalObservables:(lumi_In,jesUp_unc_In,pdf_unc_In,xs_Bkg_In,jerUp_unc_In)
nuisances:(lumi,jesUp_unc,pdf_unc,xs_Bkg,jerUp_unc)
observables:(n_obs_binbin1)

generic objects
---------------
RooStats::ModelConfig::ModelConfig
RooStats::ModelConfig::ModelConfig_bonly
RooArgSet::discreteParams

Workspace has a ModelConfig for signal called 'ModelConfig', with contents:

=== Using the following for ModelConfig ===
Observables:             RooArgSet:: = (n_obs_binbin1)
Parameters of Interest:  RooArgSet:: = (r)
Nuisance Parameters:     RooArgSet:: = (lumi,jesUp_unc,pdf_unc,xs_Bkg,jerUp_unc)
Global Observables:      RooArgSet:: = (lumi_In,jesUp_unc_In,pdf_unc_In,xs_Bkg_In,jerUp_unc_In)
PDF:                     RooProdPdf::model_s[ modelObs_s * nuisancePdf ] = 2.19511e-07

Input ModelConfig 'ModelConfig': 

=== Using the following for ModelConfig ===
Observables:             RooArgSet:: = (n_obs_binbin1)
Parameters of Interest:  RooArgSet:: = (r)
Nuisance Parameters:     RooArgSet:: = (lumi,jesUp_unc,pdf_unc,xs_Bkg,jerUp_unc)
Global Observables:      RooArgSet:: = (lumi_In,jesUp_unc_In,pdf_unc_In,xs_Bkg_In,jerUp_unc_In)
PDF:                     RooProdPdf::model_s[ modelObs_s * nuisancePdf ] = 2.19511e-07

[#1] INFO:ObjectHandling -- RooWorkspace::import(w) importing RooUniform::prior
Computing limit starting from observation
  1) RooRealVar:: n_obs_binbin1 = 1593
Set default minimizer to Minuit2
  r = 800 +/- 0
[#1] INFO:Minization --  Including the following contraint terms in minimization: (nuisancePdf)
[#1] INFO:Fitting -- RooAddition::defaultErrorLevel(nll_model_s_data_obs_with_constr) Summation contains a RooNLLVar, using its error level
Minuit2Minimizer: Minimize with max-calls 2500 convergence for edm < 0.01 strategy 1
MnSeedGenerator: for initial parameters FCN = 19.8192
MnSeedGenerator: Initial state:   - FCN =   19.81920514518 Edm =      10.1245 NCalls =     21
VariableMetric: start iterating until Edm is < 1e-05
VariableMetric: Initial state   - FCN =   19.81920514518 Edm =      10.1245 NCalls =     21
VariableMetric: Iteration #   1 - FCN =   9.350729108357 Edm =    0.0265051 NCalls =     32
VariableMetric: Iteration #   2 - FCN =   9.321110323378 Edm =  4.35599e-08 NCalls =     44
VariableMetric: After Hessian   - FCN =   9.321110323378 Edm =  4.63891e-08 NCalls =     75
Number of iterations 4
----------> Iteration 0
            FVAL = 19.8192051452 Edm = 10.1245453208 Nfcn = 21
            Error matrix change = 1
            Parameters :  p0 = 0 p1 = 0 p2 = 0 p3 = 0 p4 = 0
----------> Iteration 1
            FVAL = 9.35072910836 Edm = 0.0265050661919 Nfcn = 32
            Error matrix change = 0.500071
            Parameters :  p0 = 0 p1 = 0 p2 = 0 p3 = 0 p4 = -0.462089
----------> Iteration 2
            FVAL = 9.32111032338 Edm = 4.3559947065e-08 Nfcn = 44
            Error matrix change = 0.250121
            Parameters :  p0 = 0 p1 = 0 p2 = 0 p3 = 0 p4 = -0.488464
----------> Iteration 3
            FVAL = 9.32111032338 Edm = 4.63891137276e-08 Nfcn = 75
            Error matrix change = 0
            Parameters :  p0 = 0 p1 = 0 p2 = 0 p3 = 0 p4 = -0.488464
Minuit2Minimizer : Valid minimum - status = 0
FVAL  = 9.32111032337773793
Edm   = 4.63891137275678627e-08
Nfcn  = 75
jerUp_unc	  = 0	 +/-  0.996602	(limited)
jesUp_unc	  = 0	 +/-  0.996602	(limited)
lumi	  = 0	 +/-  0.996602	(limited)
pdf_unc	  = 0	 +/-  0.996602	(limited)
xs_Bkg	  = -0.488464	 +/-  0.108607	(limited)
Zero signal fit
   0) jerUp_unc                      =         0
   1) jesUp_unc                      =         0
   2) lumi                           =         0
   3) pdf_unc                        =         0
   4) xs_Bkg                         = -0.488464

Fitting of the background hypothesis done in 0.19825 s
[#1] INFO:Fitting -- RooAddition::defaultErrorLevel(nll_model_s_data_obs_with_constr) Summation contains a RooNLLVar, using its error level
Minuit2Minimizer: Minimize with max-calls 2500 convergence for edm < 0.01 strategy 1
MnSeedGenerator: for initial parameters FCN = 161.799
MnSeedGenerator: Initial state:   - FCN =   161.7994311515 Edm =      271.212 NCalls =     19
VariableMetric: start iterating until Edm is < 1e-05
VariableMetric: Initial state   - FCN =   161.7994311515 Edm =      271.212 NCalls =     19
VariableMetric: Iteration #   1 - FCN =   36.05292470356 Edm =      5.84594 NCalls =     39
VariableMetric: Iteration #   2 - FCN =   18.25331313593 Edm =      1.47305 NCalls =     61
VariableMetric: Iteration #   3 - FCN =   15.42772267702 Edm =     0.698717 NCalls =     73
VariableMetric: Iteration #   4 - FCN =    14.5486969616 Edm =    0.0576518 NCalls =     85
VariableMetric: Iteration #   5 - FCN =   14.47862508119 Edm =   0.00398397 NCalls =     97
VariableMetric: Iteration #   6 - FCN =   14.47352941056 Edm =  0.000316811 NCalls =    109
VariableMetric: Iteration #   7 - FCN =    14.4730707078 Edm =  5.53645e-06 NCalls =    121
VariableMetric: After Hessian   - FCN =    14.4730707078 Edm =  1.06974e-05 NCalls =    152
VariableMetric: Iteration #   9 - FCN =   14.47306001242 Edm =   1.0182e-12 NCalls =    163
Number of iterations 11
----------> Iteration 0
            FVAL = 161.799431151 Edm = 271.212440889 Nfcn = 19
            Error matrix change = 1
            Parameters :  p0 = 0 p1 = 0 p2 = 0 p3 = 0 p4 = -0.488464
----------> Iteration 1
            FVAL = 36.0529247036 Edm = 5.84594360336 Nfcn = 39
            Error matrix change = 0.621014
            Parameters :  p0 = -3.41449 p1 = -3.46863 p2 = -3.46576 p3 = -3.40339 p4 = -1.51463
----------> Iteration 2
            FVAL = 18.2533131359 Edm = 1.47304675288 Nfcn = 61
            Error matrix change = 0.555525
            Parameters :  p0 = -0.124024 p1 = -1.17394 p2 = -0.790371 p3 = -1.91851 p4 = -2.30065
----------> Iteration 3
            FVAL = 15.427722677 Edm = 0.69871676887 Nfcn = 73
            Error matrix change = 0.383992
            Parameters :  p0 = -0.778048 p1 = -1.07505 p2 = -0.917407 p3 = -1.57662 p4 = -2.65064
----------> Iteration 4
            FVAL = 14.5486969616 Edm = 0.0576517924523 Nfcn = 85
            Error matrix change = 0.255284
            Parameters :  p0 = -0.404927 p1 = -0.431854 p2 = -0.368767 p3 = -0.818483 p4 = -2.95803
----------> Iteration 5
            FVAL = 14.4786250812 Edm = 0.00398397235418 Nfcn = 97
            Error matrix change = 0.19169
            Parameters :  p0 = -0.482124 p1 = -0.499629 p2 = -0.477002 p3 = -0.69709 p4 = -3.00519
----------> Iteration 6
            FVAL = 14.4735294106 Edm = 0.000316811255777 Nfcn = 109
            Error matrix change = 0.195949
            Parameters :  p0 = -0.428983 p1 = -0.496351 p2 = -0.469891 p3 = -0.621063 p4 = -3.02646
----------> Iteration 7
            FVAL = 14.4730707078 Edm = 5.53645287608e-06 Nfcn = 121
            Error matrix change = 0.172061
            Parameters :  p0 = -0.416601 p1 = -0.519794 p2 = -0.481579 p3 = -0.624603 p4 = -3.02136
----------> Iteration 8
            FVAL = 14.4730707078 Edm = 1.06974021797e-05 Nfcn = 152
            Error matrix change = 0
            Parameters :  p0 = -0.416601 p1 = -0.519794 p2 = -0.481579 p3 = -0.624603 p4 = -3.02136
----------> Iteration 9
            FVAL = 14.4730600124 Edm = 1.01820313577e-12 Nfcn = 163
            Error matrix change = 5.85736e-05
            Parameters :  p0 = -0.41922 p1 = -0.521505 p2 = -0.480708 p3 = -0.62282 p4 = -3.02069
----------> Iteration 10
            FVAL = 14.4730600124 Edm = 1.01820313577e-12 Nfcn = 163
            Error matrix change = 5.85736e-05
            Parameters :  p0 = -0.41922 p1 = -0.521505 p2 = -0.480708 p3 = -0.62282 p4 = -3.02069
Minuit2Minimizer : Valid minimum - status = 0
FVAL  = 14.4730600124175766
Edm   = 1.01820313577061236e-12
Nfcn  = 163
jerUp_unc	  = -0.41922	 +/-  0.978327	(limited)
jesUp_unc	  = -0.521505	 +/-  0.968203	(limited)
lumi	  = -0.480708	 +/-  0.972614	(limited)
pdf_unc	  = -0.62282	 +/-  0.955973	(limited)
xs_Bkg	  = -3.02069	 +/-  0.341657	(limited)
Reference signal fit
   0) jerUp_unc                      =  -0.41922
   1) jesUp_unc                      = -0.521505
   2) lumi                           = -0.480708
   3) pdf_unc                        =  -0.62282
   4) xs_Bkg                         =  -3.02069

Fitting of the signal-plus-background hypothesis done in 0.00215697 s
      Evaluation of p-values done in  8.91465 s
	CLs = 0 +/- 0
      Evaluation of p-values done in  7.05313 s
	CLs = 0 +/- 0
      Evaluation of p-values done in  7.16463 s
	CLs = 0.00102564 +/- 0.00102583
      Evaluation of p-values done in  7.16888 s
	CLs = 0.000770416 +/- 0.00077052
      Evaluation of p-values done in  7.40014 s
	CLs = 0.000614251 +/- 0.000614316
	CLs      = 0.000614251 +/- 0.000614316
	CLb      = 0.3256 +/- 0.00662698
	CLsplusb = 0.0002 +/- 0.00019998

Hybrid result saved as HypoTestResult_mh120_r800_3718489167 in higgsCombineTest.HybridNew.mH120.-1628945104.root : higgsCombineTest.HybridNew.mH120.-1628945104.root:/toys

 -- Hybrid New -- 
CLs = 0.000614251 +/- 0.000614316
Total toys: 10000
Done in 0.00 min (cpu), 0.63 min (real)
