>>> including systematics
>>> using the Profile Likelihood test statistics modified for upper limits (Q_LHC)
>>> method used to compute upper limit is HybridNew
>>> Using OpenSSL to get a really random seed 
>>> Used OpenSSL to get a really random seed -446944494
Adding /uscms_data/d2/lpcljm/sapta/SUSYSearch/LimitSetting/CMSSW_7_1_5/src to include path
Adding /cvmfs/cms.cern.ch/slc6_amd64_gcc481/lcg/roofit/5.34.18-cms3//include to include path
Input workspace 'w': 

RooWorkspace(w) w contents

variables
---------
(jerUp_unc,jerUp_unc_In,jesUp_unc,jesUp_unc_In,lumi,lumi_In,n_obs_binbin1,pdf_unc,pdf_unc_In,r,xs_Bkg,xs_Bkg_In)

p.d.f.s
-------
SimpleGaussianConstraint::jerUp_unc_Pdf[ x=jerUp_unc mean=jerUp_unc_In sigma=1 ] = 1
SimpleGaussianConstraint::jesUp_unc_Pdf[ x=jesUp_unc mean=jesUp_unc_In sigma=1 ] = 1
SimpleGaussianConstraint::lumi_Pdf[ x=lumi mean=lumi_In sigma=1 ] = 1
RooProdPdf::modelObs_b[ pdf_binbin1_bonly ] = 1.39599e-05
RooProdPdf::modelObs_s[ pdf_binbin1 ] = 1.05037e-05
RooProdPdf::model_b[ modelObs_b * nuisancePdf ] = 1.39599e-05
RooProdPdf::model_s[ modelObs_s * nuisancePdf ] = 1.05037e-05
RooProdPdf::nuisancePdf[ lumi_Pdf * jesUp_unc_Pdf * pdf_unc_Pdf * xs_Bkg_Pdf * jerUp_unc_Pdf ] = 1
RooPoisson::pdf_binbin1[ x=n_obs_binbin1 mean=n_exp_binbin1 ] = 1.05037e-05
RooPoisson::pdf_binbin1_bonly[ x=n_obs_binbin1 mean=n_exp_binbin1_bonly ] = 1.39599e-05
SimpleGaussianConstraint::pdf_unc_Pdf[ x=pdf_unc mean=pdf_unc_In sigma=1 ] = 1
SimpleGaussianConstraint::xs_Bkg_Pdf[ x=xs_Bkg mean=xs_Bkg_In sigma=1 ] = 1

functions
--------
RooAddition::n_exp_binbin1[ n_exp_binbin1_proc_BH + n_exp_binbin1_proc_Background ] = 177.989
RooAddition::n_exp_binbin1_bonly[ n_exp_binbin1_proc_Background ] = 176.989
ProcessNormalization::n_exp_binbin1_proc_BH[ thetaList=(lumi,jesUp_unc,pdf_unc,jerUp_unc) asymmThetaList=() otherFactorList=(r) ] = 1
ProcessNormalization::n_exp_binbin1_proc_Background[ thetaList=(xs_Bkg) asymmThetaList=() otherFactorList=() ] = 176.989

datasets
--------
RooDataSet::data_obs(n_obs_binbin1)

named sets
----------
ModelConfig_GlobalObservables:(lumi_In,jesUp_unc_In,pdf_unc_In,xs_Bkg_In,jerUp_unc_In)
ModelConfig_NuisParams:(lumi,jesUp_unc,pdf_unc,xs_Bkg,jerUp_unc)
ModelConfig_Observables:(n_obs_binbin1)
ModelConfig_POI:(r)
ModelConfig_bonly_GlobalObservables:(lumi_In,jesUp_unc_In,pdf_unc_In,xs_Bkg_In,jerUp_unc_In)
ModelConfig_bonly_NuisParams:(lumi,jesUp_unc,pdf_unc,xs_Bkg,jerUp_unc)
ModelConfig_bonly_Observables:(n_obs_binbin1)
ModelConfig_bonly_POI:(r)
POI:(r)
globalObservables:(lumi_In,jesUp_unc_In,pdf_unc_In,xs_Bkg_In,jerUp_unc_In)
nuisances:(lumi,jesUp_unc,pdf_unc,xs_Bkg,jerUp_unc)
observables:(n_obs_binbin1)

generic objects
---------------
RooStats::ModelConfig::ModelConfig
RooStats::ModelConfig::ModelConfig_bonly
RooArgSet::discreteParams

Workspace has a ModelConfig for signal called 'ModelConfig', with contents:

=== Using the following for ModelConfig ===
Observables:             RooArgSet:: = (n_obs_binbin1)
Parameters of Interest:  RooArgSet:: = (r)
Nuisance Parameters:     RooArgSet:: = (lumi,jesUp_unc,pdf_unc,xs_Bkg,jerUp_unc)
Global Observables:      RooArgSet:: = (lumi_In,jesUp_unc_In,pdf_unc_In,xs_Bkg_In,jerUp_unc_In)
PDF:                     RooProdPdf::model_s[ modelObs_s * nuisancePdf ] = 1.05037e-05

Input ModelConfig 'ModelConfig': 

=== Using the following for ModelConfig ===
Observables:             RooArgSet:: = (n_obs_binbin1)
Parameters of Interest:  RooArgSet:: = (r)
Nuisance Parameters:     RooArgSet:: = (lumi,jesUp_unc,pdf_unc,xs_Bkg,jerUp_unc)
Global Observables:      RooArgSet:: = (lumi_In,jesUp_unc_In,pdf_unc_In,xs_Bkg_In,jerUp_unc_In)
PDF:                     RooProdPdf::model_s[ modelObs_s * nuisancePdf ] = 1.05037e-05

[#1] INFO:ObjectHandling -- RooWorkspace::import(w) importing RooUniform::prior
Computing limit starting from observation
  1) RooRealVar:: n_obs_binbin1 = 127
Set default minimizer to Minuit2
  r = 90 +/- 0
[#1] INFO:Minization --  Including the following contraint terms in minimization: (nuisancePdf)
[#1] INFO:Fitting -- RooAddition::defaultErrorLevel(nll_model_s_data_obs_with_constr) Summation contains a RooNLLVar, using its error level
Minuit2Minimizer: Minimize with max-calls 2500 convergence for edm < 0.01 strategy 1
MnSeedGenerator: for initial parameters FCN = 15.774
MnSeedGenerator: Initial state:   - FCN =   15.77401775306 Edm =        6.877 NCalls =     21
VariableMetric: start iterating until Edm is < 1e-05
VariableMetric: Initial state   - FCN =   15.77401775306 Edm =        6.877 NCalls =     21
VariableMetric: Iteration #   1 - FCN =   8.186724744037 Edm =  0.000630863 NCalls =     34
VariableMetric: Iteration #   2 - FCN =   8.185857914862 Edm =  5.07288e-10 NCalls =     46
VariableMetric: After Hessian   - FCN =   8.185857914862 Edm =   5.9856e-10 NCalls =     77
Number of iterations 4
----------> Iteration 0
            FVAL = 15.7740177531 Edm = 6.87700388778 Nfcn = 21
            Error matrix change = 1
            Parameters :  p0 = 0 p1 = 0 p2 = 0 p3 = 0 p4 = 0
----------> Iteration 1
            FVAL = 8.18672474404 Edm = 0.00063086345635 Nfcn = 34
            Error matrix change = 0.500524
            Parameters :  p0 = 0 p1 = 0 p2 = 0 p3 = 0 p4 = -0.685941
----------> Iteration 2
            FVAL = 8.18585791486 Edm = 5.07287812116e-10 Nfcn = 46
            Error matrix change = 0.250939
            Parameters :  p0 = 0 p1 = 0 p2 = 0 p3 = 0 p4 = -0.693748
----------> Iteration 3
            FVAL = 8.18585791486 Edm = 5.98559937301e-10 Nfcn = 77
            Error matrix change = 0
            Parameters :  p0 = 0 p1 = 0 p2 = 0 p3 = 0 p4 = -0.693748
Minuit2Minimizer : Valid minimum - status = 0
FVAL  = 8.18585791486240666
Edm   = 5.98559937301222222e-10
Nfcn  = 77
jerUp_unc	  = 0	 +/-  0.996602	(limited)
jesUp_unc	  = 0	 +/-  0.996602	(limited)
lumi	  = 0	 +/-  0.996602	(limited)
pdf_unc	  = 0	 +/-  0.996602	(limited)
xs_Bkg	  = -0.693748	 +/-  0.187747	(limited)
Zero signal fit
   0) jerUp_unc                      =         0
   1) jesUp_unc                      =         0
   2) lumi                           =         0
   3) pdf_unc                        =         0
   4) xs_Bkg                         = -0.693748

Fitting of the background hypothesis done in 0.289646 s
[#1] INFO:Fitting -- RooAddition::defaultErrorLevel(nll_model_s_data_obs_with_constr) Summation contains a RooNLLVar, using its error level
Minuit2Minimizer: Minimize with max-calls 2500 convergence for edm < 0.01 strategy 1
MnSeedGenerator: for initial parameters FCN = 30.7686
MnSeedGenerator: Initial state:   - FCN =   30.76855746929 Edm =      18.9223 NCalls =     21
VariableMetric: start iterating until Edm is < 1e-05
VariableMetric: Initial state   - FCN =   30.76855746929 Edm =      18.9223 NCalls =     21
VariableMetric: Iteration #   1 - FCN =   15.29490350926 Edm =      1.49189 NCalls =     33
VariableMetric: Iteration #   2 - FCN =   12.18140197419 Edm =     0.156714 NCalls =     46
VariableMetric: Iteration #   3 - FCN =   11.93356202212 Edm =   0.00889001 NCalls =     58
VariableMetric: Iteration #   4 - FCN =   11.92175567665 Edm =  4.12978e-05 NCalls =     70
VariableMetric: Iteration #   5 - FCN =   11.92170920982 Edm =  9.47311e-08 NCalls =     82
VariableMetric: After Hessian   - FCN =   11.92170920982 Edm =  1.06172e-07 NCalls =    113
Number of iterations 7
----------> Iteration 0
            FVAL = 30.7685574693 Edm = 18.9223275193 Nfcn = 21
            Error matrix change = 1
            Parameters :  p0 = 0 p1 = 0 p2 = 0 p3 = 0 p4 = -0.693748
----------> Iteration 1
            FVAL = 15.2949035093 Edm = 1.49188502051 Nfcn = 33
            Error matrix change = 0.598102
            Parameters :  p0 = -1.12717 p1 = -1.33845 p2 = -1.25802 p3 = -1.51579 p4 = -1.59561
----------> Iteration 2
            FVAL = 12.1814019742 Edm = 0.156713533977 Nfcn = 46
            Error matrix change = 0.397988
            Parameters :  p0 = -0.160521 p1 = -0.311046 p2 = -0.245777 p3 = -0.4983 p4 = -2.23269
----------> Iteration 3
            FVAL = 11.9335620221 Edm = 0.00889000863097 Nfcn = 58
            Error matrix change = 0.23277
            Parameters :  p0 = -0.378904 p1 = -0.440476 p2 = -0.415934 p3 = -0.506889 p4 = -2.41259
----------> Iteration 4
            FVAL = 11.9217556767 Edm = 4.12977753722e-05 Nfcn = 70
            Error matrix change = 0.162353
            Parameters :  p0 = -0.310752 p1 = -0.384343 p2 = -0.355455 p3 = -0.453805 p4 = -2.46703
----------> Iteration 5
            FVAL = 11.9217092098 Edm = 9.47310664741e-08 Nfcn = 82
            Error matrix change = 0.0976021
            Parameters :  p0 = -0.309814 p1 = -0.385512 p2 = -0.355359 p3 = -0.459876 p4 = -2.46901
----------> Iteration 6
            FVAL = 11.9217092098 Edm = 1.06171976285e-07 Nfcn = 113
            Error matrix change = 0
            Parameters :  p0 = -0.309814 p1 = -0.385512 p2 = -0.355359 p3 = -0.459876 p4 = -2.46901
Minuit2Minimizer : Valid minimum - status = 0
FVAL  = 11.9217092098189816
Edm   = 1.06171976284848576e-07
Nfcn  = 113
jerUp_unc	  = -0.309814	 +/-  0.98227	(limited)
jesUp_unc	  = -0.385512	 +/-  0.974332	(limited)
lumi	  = -0.355359	 +/-  0.977713	(limited)
pdf_unc	  = -0.459876	 +/-  0.964675	(limited)
xs_Bkg	  = -2.46901	 +/-  0.433768	(limited)
Reference signal fit
   0) jerUp_unc                      = -0.309814
   1) jesUp_unc                      = -0.385512
   2) lumi                           = -0.355359
   3) pdf_unc                        = -0.459876
   4) xs_Bkg                         =  -2.46901

Fitting of the signal-plus-background hypothesis done in 0.00254893 s
      Evaluation of p-values done in  6.36357 s
	CLs = 0.00696864 +/- 0.00493488
      Evaluation of p-values done in  6.15824 s
	CLs = 0.00880282 +/- 0.00394422
      Evaluation of p-values done in  6.15577 s
	CLs = 0.00715137 +/- 0.00292413
      Evaluation of p-values done in  6.1962 s
	CLs = 0.010582 +/- 0.00306175
      Evaluation of p-values done in  6.42856 s
	CLs = 0.0113636 +/- 0.00284795
	CLs      = 0.0113636 +/- 0.00284795
	CLb      = 0.2816 +/- 0.00636084
	CLsplusb = 0.0032 +/- 0.000798719

Hybrid result saved as HypoTestResult_mh120_r90_174683651 in higgsCombineTest.HybridNew.mH120.-446944494.root : higgsCombineTest.HybridNew.mH120.-446944494.root:/toys

 -- Hybrid New -- 
CLs = 0.0113636 +/- 0.00284795
Total toys: 10000
Done in 0.00 min (cpu), 0.53 min (real)
