>>> including systematics
>>> using the Profile Likelihood test statistics modified for upper limits (Q_LHC)
>>> method used to compute upper limit is HybridNew
>>> Using OpenSSL to get a really random seed 
>>> Used OpenSSL to get a really random seed 1157694208
Adding /uscms_data/d2/lpcljm/sapta/SUSYSearch/LimitSetting/CMSSW_7_1_5/src to include path
Adding /cvmfs/cms.cern.ch/slc6_amd64_gcc481/lcg/roofit/5.34.18-cms3//include to include path
Input workspace 'w': 

RooWorkspace(w) w contents

variables
---------
(jerUp_unc,jerUp_unc_In,jesUp_unc,jesUp_unc_In,lumi,lumi_In,n_obs_binbin1,pdf_unc,pdf_unc_In,r,xs_Bkg,xs_Bkg_In)

p.d.f.s
-------
SimpleGaussianConstraint::jerUp_unc_Pdf[ x=jerUp_unc mean=jerUp_unc_In sigma=1 ] = 1
SimpleGaussianConstraint::jesUp_unc_Pdf[ x=jesUp_unc mean=jesUp_unc_In sigma=1 ] = 1
SimpleGaussianConstraint::lumi_Pdf[ x=lumi mean=lumi_In sigma=1 ] = 1
RooProdPdf::modelObs_b[ pdf_binbin1_bonly ] = 0.0244536
RooProdPdf::modelObs_s[ pdf_binbin1 ] = 0.0133898
RooProdPdf::model_b[ modelObs_b * nuisancePdf ] = 0.0244536
RooProdPdf::model_s[ modelObs_s * nuisancePdf ] = 0.0133898
RooProdPdf::nuisancePdf[ lumi_Pdf * jesUp_unc_Pdf * pdf_unc_Pdf * xs_Bkg_Pdf * jerUp_unc_Pdf ] = 1
RooPoisson::pdf_binbin1[ x=n_obs_binbin1 mean=n_exp_binbin1 ] = 0.0133898
RooPoisson::pdf_binbin1_bonly[ x=n_obs_binbin1 mean=n_exp_binbin1_bonly ] = 0.0244536
SimpleGaussianConstraint::pdf_unc_Pdf[ x=pdf_unc mean=pdf_unc_In sigma=1 ] = 1
SimpleGaussianConstraint::xs_Bkg_Pdf[ x=xs_Bkg mean=xs_Bkg_In sigma=1 ] = 1

functions
--------
RooAddition::n_exp_binbin1[ n_exp_binbin1_proc_BH + n_exp_binbin1_proc_Background ] = 10.5656
RooAddition::n_exp_binbin1_bonly[ n_exp_binbin1_proc_Background ] = 9.56563
ProcessNormalization::n_exp_binbin1_proc_BH[ thetaList=(lumi,jesUp_unc,pdf_unc,jerUp_unc) asymmThetaList=() otherFactorList=(r) ] = 1
ProcessNormalization::n_exp_binbin1_proc_Background[ thetaList=(xs_Bkg) asymmThetaList=() otherFactorList=() ] = 9.56563

datasets
--------
RooDataSet::data_obs(n_obs_binbin1)

named sets
----------
ModelConfig_GlobalObservables:(lumi_In,jesUp_unc_In,pdf_unc_In,xs_Bkg_In,jerUp_unc_In)
ModelConfig_NuisParams:(lumi,jesUp_unc,pdf_unc,xs_Bkg,jerUp_unc)
ModelConfig_Observables:(n_obs_binbin1)
ModelConfig_POI:(r)
ModelConfig_bonly_GlobalObservables:(lumi_In,jesUp_unc_In,pdf_unc_In,xs_Bkg_In,jerUp_unc_In)
ModelConfig_bonly_NuisParams:(lumi,jesUp_unc,pdf_unc,xs_Bkg,jerUp_unc)
ModelConfig_bonly_Observables:(n_obs_binbin1)
ModelConfig_bonly_POI:(r)
POI:(r)
globalObservables:(lumi_In,jesUp_unc_In,pdf_unc_In,xs_Bkg_In,jerUp_unc_In)
nuisances:(lumi,jesUp_unc,pdf_unc,xs_Bkg,jerUp_unc)
observables:(n_obs_binbin1)

generic objects
---------------
RooStats::ModelConfig::ModelConfig
RooStats::ModelConfig::ModelConfig_bonly
RooArgSet::discreteParams

Workspace has a ModelConfig for signal called 'ModelConfig', with contents:

=== Using the following for ModelConfig ===
Observables:             RooArgSet:: = (n_obs_binbin1)
Parameters of Interest:  RooArgSet:: = (r)
Nuisance Parameters:     RooArgSet:: = (lumi,jesUp_unc,pdf_unc,xs_Bkg,jerUp_unc)
Global Observables:      RooArgSet:: = (lumi_In,jesUp_unc_In,pdf_unc_In,xs_Bkg_In,jerUp_unc_In)
PDF:                     RooProdPdf::model_s[ modelObs_s * nuisancePdf ] = 0.0133898

Input ModelConfig 'ModelConfig': 

=== Using the following for ModelConfig ===
Observables:             RooArgSet:: = (n_obs_binbin1)
Parameters of Interest:  RooArgSet:: = (r)
Nuisance Parameters:     RooArgSet:: = (lumi,jesUp_unc,pdf_unc,xs_Bkg,jerUp_unc)
Global Observables:      RooArgSet:: = (lumi_In,jesUp_unc_In,pdf_unc_In,xs_Bkg_In,jerUp_unc_In)
PDF:                     RooProdPdf::model_s[ modelObs_s * nuisancePdf ] = 0.0133898

[#1] INFO:ObjectHandling -- RooWorkspace::import(w) importing RooUniform::prior
Computing limit starting from observation
  1) RooRealVar:: n_obs_binbin1 = 4
Set default minimizer to Minuit2
  r = 9 +/- 0
[#1] INFO:Minization --  Including the following contraint terms in minimization: (nuisancePdf)
[#1] INFO:Fitting -- RooAddition::defaultErrorLevel(nll_model_s_data_obs_with_constr) Summation contains a RooNLLVar, using its error level
Minuit2Minimizer: Minimize with max-calls 2500 convergence for edm < 0.01 strategy 1
MnSeedGenerator: for initial parameters FCN = 8.30567
MnSeedGenerator: Initial state:   - FCN =   8.305670632933 Edm =      1.40568 NCalls =     21
VariableMetric: start iterating until Edm is < 1e-05
VariableMetric: Initial state   - FCN =   8.305670632933 Edm =      1.40568 NCalls =     21
VariableMetric: Iteration #   1 - FCN =   6.641888217436 Edm =  0.000856429 NCalls =     34
VariableMetric: Iteration #   2 - FCN =   6.640414173362 Edm =  2.15119e-08 NCalls =     46
VariableMetric: After Hessian   - FCN =   6.640414173362 Edm =  2.89073e-08 NCalls =     77
Number of iterations 4
----------> Iteration 0
            FVAL = 8.30567063293 Edm = 1.40567843222 Nfcn = 21
            Error matrix change = 1
            Parameters :  p0 = 0 p1 = 0 p2 = 0 p3 = 0 p4 = 0
----------> Iteration 1
            FVAL = 6.64188821744 Edm = 0.000856429446831 Nfcn = 34
            Error matrix change = 0.50465
            Parameters :  p0 = 0 p1 = 0 p2 = 0 p3 = 0 p4 = -0.766912
----------> Iteration 2
            FVAL = 6.64041417336 Edm = 2.15118630401e-08 Nfcn = 46
            Error matrix change = 0.259062
            Parameters :  p0 = 0 p1 = 0 p2 = 0 p3 = 0 p4 = -0.792578
----------> Iteration 3
            FVAL = 6.64041417336 Edm = 2.89073476981e-08 Nfcn = 77
            Error matrix change = 0
            Parameters :  p0 = 0 p1 = 0 p2 = 0 p3 = 0 p4 = -0.792578
Minuit2Minimizer : Valid minimum - status = 0
FVAL  = 6.64041417336160933
Edm   = 2.8907347698073184e-08
Nfcn  = 77
jerUp_unc	  = 0	 +/-  0.996602	(limited)
jesUp_unc	  = 0	 +/-  0.996602	(limited)
lumi	  = 0	 +/-  0.996602	(limited)
pdf_unc	  = 0	 +/-  0.996602	(limited)
xs_Bkg	  = -0.792578	 +/-  0.475729	(limited)
Zero signal fit
   0) jerUp_unc                      =         0
   1) jesUp_unc                      =         0
   2) lumi                           =         0
   3) pdf_unc                        =         0
   4) xs_Bkg                         = -0.792578

Fitting of the background hypothesis done in 0.226971 s
[#1] INFO:Fitting -- RooAddition::defaultErrorLevel(nll_model_s_data_obs_with_constr) Summation contains a RooNLLVar, using its error level
Minuit2Minimizer: Minimize with max-calls 2500 convergence for edm < 0.01 strategy 1
MnSeedGenerator: for initial parameters FCN = 11.4991
MnSeedGenerator: Initial state:   - FCN =   11.49910047656 Edm =     0.789054 NCalls =     19
VariableMetric: start iterating until Edm is < 1e-05
VariableMetric: Initial state   - FCN =   11.49910047656 Edm =     0.789054 NCalls =     19
VariableMetric: Iteration #   1 - FCN =   10.66043464578 Edm =    0.0148694 NCalls =     32
VariableMetric: Iteration #   2 - FCN =   10.64314491917 Edm =  0.000192666 NCalls =     44
VariableMetric: Iteration #   3 - FCN =   10.64291185619 Edm =  3.46609e-08 NCalls =     56
VariableMetric: After Hessian   - FCN =   10.64291185619 Edm =  3.53445e-08 NCalls =     87
Number of iterations 5
----------> Iteration 0
            FVAL = 11.4991004766 Edm = 0.789053571544 Nfcn = 19
            Error matrix change = 1
            Parameters :  p0 = 0 p1 = 0 p2 = 0 p3 = 0 p4 = -0.792578
----------> Iteration 1
            FVAL = 10.6604346458 Edm = 0.0148694319246 Nfcn = 32
            Error matrix change = 0.532177
            Parameters :  p0 = -0.276597 p1 = -0.341738 p2 = -0.315919 p3 = -0.404806 p4 = -1.41257
----------> Iteration 2
            FVAL = 10.6431449192 Edm = 0.000192666490444 Nfcn = 44
            Error matrix change = 0.287174
            Parameters :  p0 = -0.211707 p1 = -0.264266 p2 = -0.243244 p3 = -0.316826 p4 = -1.47876
----------> Iteration 3
            FVAL = 10.6429118562 Edm = 3.46609186248e-08 Nfcn = 56
            Error matrix change = 0.169783
            Parameters :  p0 = -0.216992 p1 = -0.269802 p2 = -0.248745 p3 = -0.322061 p4 = -1.49039
----------> Iteration 4
            FVAL = 10.6429118562 Edm = 3.53444817727e-08 Nfcn = 87
            Error matrix change = 0
            Parameters :  p0 = -0.216992 p1 = -0.269802 p2 = -0.248745 p3 = -0.322061 p4 = -1.49039
Minuit2Minimizer : Valid minimum - status = 0
FVAL  = 10.6429118561862097
Edm   = 3.53444817727326e-08
Nfcn  = 87
jerUp_unc	  = -0.216992	 +/-  0.991149	(limited)
jesUp_unc	  = -0.269802	 +/-  0.98815	(limited)
lumi	  = -0.248745	 +/-  0.989425	(limited)
pdf_unc	  = -0.322061	 +/-  0.984523	(limited)
xs_Bkg	  = -1.49039	 +/-  0.644657	(limited)
Reference signal fit
   0) jerUp_unc                      = -0.216992
   1) jesUp_unc                      = -0.269802
   2) lumi                           = -0.248745
   3) pdf_unc                        = -0.322061
   4) xs_Bkg                         =  -1.49039

Fitting of the signal-plus-background hypothesis done in 0.00150585 s
      Evaluation of p-values done in  6.00598 s
	CLs = 0.0107527 +/- 0.0062228
      Evaluation of p-values done in  5.78075 s
	CLs = 0.00915751 +/- 0.00410387
      Evaluation of p-values done in  5.75744 s
	CLs = 0.00991326 +/- 0.00351288
      Evaluation of p-values done in  5.76032 s
	CLs = 0.00740741 +/- 0.00262337
      Evaluation of p-values done in  5.5648 s
	CLs = 0.00960118 +/- 0.00266874
	CLs      = 0.00960118 +/- 0.00266874
	CLb      = 0.2708 +/- 0.00628438
	CLsplusb = 0.0026 +/- 0.000720172

Hybrid result saved as HypoTestResult_mh120_r9_1585560697 in higgsCombineTest.HybridNew.mH120.1157694208.root : higgsCombineTest.HybridNew.mH120.1157694208.root:/toys

 -- Hybrid New -- 
CLs = 0.00960118 +/- 0.00266874
Total toys: 10000
Done in 0.00 min (cpu), 0.49 min (real)
