	CLs = 0.0357143 +/- 0.016697
	CLs = 0.0358571 +/- 0.0112772
	CLs = 0.0369608 +/- 0.0099966
	CLs = 0.0361747 +/- 0.00824753
	CLs = 0.0452315 +/- 0.00844729
	CLs = 0.0446305 +/- 0.00786385
	CLs = 0.0484066 +/- 0.00766522
	CLs = 0.0479524 +/- 0.0070558
	CLs = 0.0482302 +/- 0.00666398
	CLs = 0.0478567 +/- 0.00629717
	CLs = 0.0473851 +/- 0.0060069
	CLs = 0.0504898 +/- 0.00593371
	CLs = 0.0494596 +/- 0.00563642
	CLs = 0.0502656 +/- 0.00548726
	CLs = 0.0476505 +/- 0.00510369
	CLs = 0.0480193 +/- 0.00494651
	CLs      = 0.0480193 +/- 0.00494651
	CLb      = 0.275931 +/- 0.00995755
	CLsplusb = 0.01325 +/- 0.0012784


 -- HybridNew, before fit -- 
Limit: r < 6.32116 +/- 0.591933 [5.83086, 6.9385]
Fit to 5 points: 6.3661 +/- 0.0958722

 -- Hybrid New -- 
Limit: r < 6.3661 +/- 0.0958722 @ 95% CL
Done in 0.01 min (cpu), 2.32 min (real)
