	CLs = 0.01875 +/- 0.0110662
	CLs = 0.0579231 +/- 0.01608
	CLs = 0.0675627 +/- 0.0147146
	CLs = 0.0619077 +/- 0.01182
	CLs = 0.0588538 +/- 0.0099979
	CLs = 0.057799 +/- 0.00894676
	CLs = 0.0567389 +/- 0.00819467
	CLs = 0.0555331 +/- 0.00767484
	CLs = 0.0554905 +/- 0.00725845
	CLs = 0.055788 +/- 0.00694852
	CLs = 0.0531915 +/- 0.00638923
	CLs = 0.0556158 +/- 0.00631401
	CLs = 0.0538035 +/- 0.0059297
	CLs = 0.0521629 +/- 0.00558971
	CLs = 0.0520426 +/- 0.0053885
	CLs = 0.0526648 +/- 0.00523811
	CLs = 0.0534164 +/- 0.00514284
	CLs = 0.0526826 +/- 0.00496847
	CLs      = 0.0526826 +/- 0.00496847
	CLb      = 0.26996 +/- 0.0093239
	CLsplusb = 0.0142222 +/- 0.00124811


 -- HybridNew, before fit -- 
Limit: r < 994.563 +/- 285.437 [958.884, 1137.28]
Fit to 4 points: 1038.16 +/- 16.9553

 -- Hybrid New -- 
Limit: r < 1038.16 +/- 16.9553 @ 95% CL
Done in 0.01 min (cpu), 2.37 min (real)
