>>> including systematics
>>> using the Profile Likelihood test statistics modified for upper limits (Q_LHC)
>>> method used to compute upper limit is HybridNew
>>> random number generator seed is 123456
Adding /uscms_data/d2/lpcljm/sapta/SUSYSearch/LimitSetting/CMSSW_7_1_5/src to include path
Adding /cvmfs/cms.cern.ch/slc6_amd64_gcc481/lcg/roofit/5.34.18-cms3//include to include path
Input workspace 'w': 

RooWorkspace(w) w contents

variables
---------
(jerUp_unc,jerUp_unc_In,jesUp_unc,jesUp_unc_In,lumi,lumi_In,n_obs_binbin1,pdf_unc,pdf_unc_In,r,xs_Bkg,xs_Bkg_In)

p.d.f.s
-------
SimpleGaussianConstraint::jerUp_unc_Pdf[ x=jerUp_unc mean=jerUp_unc_In sigma=1 ] = 1
SimpleGaussianConstraint::jesUp_unc_Pdf[ x=jesUp_unc mean=jesUp_unc_In sigma=1 ] = 1
SimpleGaussianConstraint::lumi_Pdf[ x=lumi mean=lumi_In sigma=1 ] = 1
RooProdPdf::modelObs_b[ pdf_binbin1_bonly ] = 0.000734644
RooProdPdf::modelObs_s[ pdf_binbin1 ] = 0.000873304
RooProdPdf::model_b[ modelObs_b * nuisancePdf ] = 0.000734644
RooProdPdf::model_s[ modelObs_s * nuisancePdf ] = 0.000873304
RooProdPdf::nuisancePdf[ lumi_Pdf * jesUp_unc_Pdf * pdf_unc_Pdf * xs_Bkg_Pdf * jerUp_unc_Pdf ] = 1
RooPoisson::pdf_binbin1[ x=n_obs_binbin1 mean=n_exp_binbin1 ] = 0.000873304
RooPoisson::pdf_binbin1_bonly[ x=n_obs_binbin1 mean=n_exp_binbin1_bonly ] = 0.000734644
SimpleGaussianConstraint::pdf_unc_Pdf[ x=pdf_unc mean=pdf_unc_In sigma=1 ] = 1
SimpleGaussianConstraint::xs_Bkg_Pdf[ x=xs_Bkg mean=xs_Bkg_In sigma=1 ] = 1

functions
--------
RooAddition::n_exp_binbin1[ n_exp_binbin1_proc_BH + n_exp_binbin1_proc_Background ] = 240.078
RooAddition::n_exp_binbin1_bonly[ n_exp_binbin1_proc_Background ] = 239.078
ProcessNormalization::n_exp_binbin1_proc_BH[ thetaList=(lumi,jesUp_unc,pdf_unc,jerUp_unc) asymmThetaList=() otherFactorList=(r) ] = 1
ProcessNormalization::n_exp_binbin1_proc_Background[ thetaList=(xs_Bkg) asymmThetaList=() otherFactorList=() ] = 239.078

datasets
--------
RooDataSet::data_obs(n_obs_binbin1)

named sets
----------
ModelConfig_GlobalObservables:(lumi_In,jesUp_unc_In,pdf_unc_In,xs_Bkg_In,jerUp_unc_In)
ModelConfig_NuisParams:(lumi,jesUp_unc,pdf_unc,xs_Bkg,jerUp_unc)
ModelConfig_Observables:(n_obs_binbin1)
ModelConfig_POI:(r)
ModelConfig_bonly_GlobalObservables:(lumi_In,jesUp_unc_In,pdf_unc_In,xs_Bkg_In,jerUp_unc_In)
ModelConfig_bonly_NuisParams:(lumi,jesUp_unc,pdf_unc,xs_Bkg,jerUp_unc)
ModelConfig_bonly_Observables:(n_obs_binbin1)
ModelConfig_bonly_POI:(r)
POI:(r)
globalObservables:(lumi_In,jesUp_unc_In,pdf_unc_In,xs_Bkg_In,jerUp_unc_In)
nuisances:(lumi,jesUp_unc,pdf_unc,xs_Bkg,jerUp_unc)
observables:(n_obs_binbin1)

generic objects
---------------
RooStats::ModelConfig::ModelConfig
RooStats::ModelConfig::ModelConfig_bonly
RooArgSet::discreteParams

Workspace has a ModelConfig for signal called 'ModelConfig', with contents:

=== Using the following for ModelConfig ===
Observables:             RooArgSet:: = (n_obs_binbin1)
Parameters of Interest:  RooArgSet:: = (r)
Nuisance Parameters:     RooArgSet:: = (lumi,jesUp_unc,pdf_unc,xs_Bkg,jerUp_unc)
Global Observables:      RooArgSet:: = (lumi_In,jesUp_unc_In,pdf_unc_In,xs_Bkg_In,jerUp_unc_In)
PDF:                     RooProdPdf::model_s[ modelObs_s * nuisancePdf ] = 0.000873304

Input ModelConfig 'ModelConfig': 

=== Using the following for ModelConfig ===
Observables:             RooArgSet:: = (n_obs_binbin1)
Parameters of Interest:  RooArgSet:: = (r)
Nuisance Parameters:     RooArgSet:: = (lumi,jesUp_unc,pdf_unc,xs_Bkg,jerUp_unc)
Global Observables:      RooArgSet:: = (lumi_In,jesUp_unc_In,pdf_unc_In,xs_Bkg_In,jerUp_unc_In)
PDF:                     RooProdPdf::model_s[ modelObs_s * nuisancePdf ] = 0.000873304

[#1] INFO:ObjectHandling -- RooWorkspace::import(w) importing RooUniform::prior
Computing limit starting from observation
  1) RooRealVar:: n_obs_binbin1 = 281
Set default minimizer to Minuit2
Search for upper limit using pre-computed grid of p-values
  Do HypoTestResult_mh120_r75_2376648708 -> 75 --> 75
  Do HypoTestResult_mh120_r200_2131838564 -> 200 --> 200
  Do HypoTestResult_mh120_r125_19357037 -> 125 --> 125
  Do HypoTestResult_mh120_r150_2442804501 -> 150 --> 150
  Do HypoTestResult_mh120_r200_1713896184 -> 200 --> 200
  Do HypoTestResult_mh120_r175_3894111029 -> 175 --> 175
  Do HypoTestResult_mh120_r50_2149352505 -> 50 --> 50
  Do HypoTestResult_mh120_r100_3065813156 -> 100 --> 100
GRID, as is.
  - 50  (CLs = 0.591489 +/- 0.0105079)
  - 75  (CLs = 0.35305 +/- 0.00876651)
  - 100  (CLs = 0.181939 +/- 0.00661124)
  - 125  (CLs = 0.0722667 +/- 0.00430985)
  - 150  (CLs = 0.0185784 +/- 0.00222646)
  - 175  (CLs = 0.00402793 +/- 0.00103898)
  - 200  (CLs = 0.00120903 +/- 0.00040289)
Bisecting range [0, 6]
At r = 125:
	CLs      = 0.00434783 +/- 0.00251417
	CLb      = 0.138 +/- 0.00487762
	CLsplusb = 0.0006 +/- 0.000346306

    Midpoint 3 value 0.00434783 +/- 0.00251417
    Replacing Max
Final range [0, 3]
   Updaing point 0 (r 50)
At r = 50:
	CLs      = 0.202479 +/- 0.0178597
	CLb      = 0.1452 +/- 0.00498231
	CLsplusb = 0.0294 +/- 0.00238896

   Updaing point 1 (r 75)
At r = 75:
	CLs      = 0.0681537 +/- 0.00939952
	CLb      = 0.1614 +/- 0.00520288
	CLsplusb = 0.011 +/- 0.00147506

   Updaing point 2 (r 100)
At r = 100:
	CLs      = 0.0174927 +/- 0.00508166
	CLb      = 0.1372 +/- 0.00486572
	CLsplusb = 0.0024 +/- 0.000691988

   Point 3 (r 125) was already updated during search.
  Will not use point 4 (r 150)
  Will not use point 5 (r 175)
  Will not use point 6 (r 200)
  r 50.00: CLs = 0.2025 +/- 0.0179
  r 75.00: CLs = 0.0682 +/- 0.0094
  r 100.00: CLs = 0.0175 +/- 0.0051
 after scan x ~ 75, bounds [ 50, 100]

 -- HybridNew, before fit -- 
Limit: r < 75 +/- 25 [50, 100]

****************************************
Minimizer is Minuit2 / Migrad
Chi2                      =     0.448519
NDf                       =            1
Edm                       =  7.68433e-06
NCalls                    =           48
p0                        =         0.05                      	 (fixed)
p1                        =   -0.0468652   +/-   0.00449167  
p2                        =      80.1114   +/-   2.47823     
Fit to 3 points: 80.1114 +/- 2.47823

 -- Hybrid New -- 
Limit: r < 80.1114 +/- 2.47823 @ 95% CL
Total toys: 0
Done in 0.00 min (cpu), 0.01 min (real)
