>>> including systematics
>>> using the Profile Likelihood test statistics modified for upper limits (Q_LHC)
>>> method used to compute upper limit is HybridNew
>>> random number generator seed is 123456
Adding /uscms_data/d2/lpcljm/sapta/SUSYSearch/LimitSetting/CMSSW_7_1_5/src to include path
Adding /cvmfs/cms.cern.ch/slc6_amd64_gcc481/lcg/roofit/5.34.18-cms3//include to include path
Input workspace 'w': 

RooWorkspace(w) w contents

variables
---------
(jerUp_unc,jerUp_unc_In,jesUp_unc,jesUp_unc_In,lumi,lumi_In,n_obs_binbin1,pdf_unc,pdf_unc_In,r,xs_Bkg,xs_Bkg_In)

p.d.f.s
-------
SimpleGaussianConstraint::jerUp_unc_Pdf[ x=jerUp_unc mean=jerUp_unc_In sigma=1 ] = 1
SimpleGaussianConstraint::jesUp_unc_Pdf[ x=jesUp_unc mean=jesUp_unc_In sigma=1 ] = 1
SimpleGaussianConstraint::lumi_Pdf[ x=lumi mean=lumi_In sigma=1 ] = 1
RooProdPdf::modelObs_b[ pdf_binbin1_bonly ] = 0.0718917
RooProdPdf::modelObs_s[ pdf_binbin1 ] = 0.096782
RooProdPdf::model_b[ modelObs_b * nuisancePdf ] = 0.0718917
RooProdPdf::model_s[ modelObs_s * nuisancePdf ] = 0.096782
RooProdPdf::nuisancePdf[ lumi_Pdf * jesUp_unc_Pdf * pdf_unc_Pdf * xs_Bkg_Pdf * jerUp_unc_Pdf ] = 1
RooPoisson::pdf_binbin1[ x=n_obs_binbin1 mean=n_exp_binbin1 ] = 0.096782
RooPoisson::pdf_binbin1_bonly[ x=n_obs_binbin1 mean=n_exp_binbin1_bonly ] = 0.0718917
SimpleGaussianConstraint::pdf_unc_Pdf[ x=pdf_unc mean=pdf_unc_In sigma=1 ] = 1
SimpleGaussianConstraint::xs_Bkg_Pdf[ x=xs_Bkg mean=xs_Bkg_In sigma=1 ] = 1

functions
--------
RooAddition::n_exp_binbin1[ n_exp_binbin1_proc_BH + n_exp_binbin1_proc_Background ] = 8.98898
RooAddition::n_exp_binbin1_bonly[ n_exp_binbin1_proc_Background ] = 7.98898
ProcessNormalization::n_exp_binbin1_proc_BH[ thetaList=(lumi,jesUp_unc,pdf_unc,jerUp_unc) asymmThetaList=() otherFactorList=(r) ] = 1
ProcessNormalization::n_exp_binbin1_proc_Background[ thetaList=(xs_Bkg) asymmThetaList=() otherFactorList=() ] = 7.98898

datasets
--------
RooDataSet::data_obs(n_obs_binbin1)

named sets
----------
ModelConfig_GlobalObservables:(lumi_In,jesUp_unc_In,pdf_unc_In,xs_Bkg_In,jerUp_unc_In)
ModelConfig_NuisParams:(lumi,jesUp_unc,pdf_unc,xs_Bkg,jerUp_unc)
ModelConfig_Observables:(n_obs_binbin1)
ModelConfig_POI:(r)
ModelConfig_bonly_GlobalObservables:(lumi_In,jesUp_unc_In,pdf_unc_In,xs_Bkg_In,jerUp_unc_In)
ModelConfig_bonly_NuisParams:(lumi,jesUp_unc,pdf_unc,xs_Bkg,jerUp_unc)
ModelConfig_bonly_Observables:(n_obs_binbin1)
ModelConfig_bonly_POI:(r)
POI:(r)
globalObservables:(lumi_In,jesUp_unc_In,pdf_unc_In,xs_Bkg_In,jerUp_unc_In)
nuisances:(lumi,jesUp_unc,pdf_unc,xs_Bkg,jerUp_unc)
observables:(n_obs_binbin1)

generic objects
---------------
RooStats::ModelConfig::ModelConfig
RooStats::ModelConfig::ModelConfig_bonly
RooArgSet::discreteParams

Workspace has a ModelConfig for signal called 'ModelConfig', with contents:

=== Using the following for ModelConfig ===
Observables:             RooArgSet:: = (n_obs_binbin1)
Parameters of Interest:  RooArgSet:: = (r)
Nuisance Parameters:     RooArgSet:: = (lumi,jesUp_unc,pdf_unc,xs_Bkg,jerUp_unc)
Global Observables:      RooArgSet:: = (lumi_In,jesUp_unc_In,pdf_unc_In,xs_Bkg_In,jerUp_unc_In)
PDF:                     RooProdPdf::model_s[ modelObs_s * nuisancePdf ] = 0.096782

Input ModelConfig 'ModelConfig': 

=== Using the following for ModelConfig ===
Observables:             RooArgSet:: = (n_obs_binbin1)
Parameters of Interest:  RooArgSet:: = (r)
Nuisance Parameters:     RooArgSet:: = (lumi,jesUp_unc,pdf_unc,xs_Bkg,jerUp_unc)
Global Observables:      RooArgSet:: = (lumi_In,jesUp_unc_In,pdf_unc_In,xs_Bkg_In,jerUp_unc_In)
PDF:                     RooProdPdf::model_s[ modelObs_s * nuisancePdf ] = 0.096782

[#1] INFO:ObjectHandling -- RooWorkspace::import(w) importing RooUniform::prior
Computing limit starting from observation
  1) RooRealVar:: n_obs_binbin1 = 11
Set default minimizer to Minuit2
Search for upper limit using pre-computed grid of p-values
  Do HypoTestResult_mh120_r7_366129336 -> 7 --> 7
  Do HypoTestResult_mh120_r11_186904097 -> 11 --> 11
  Do HypoTestResult_mh120_r8_3213663946 -> 8 --> 8
  Do HypoTestResult_mh120_r15_2553145284 -> 15 --> 15
  Do HypoTestResult_mh120_r5_2908651823 -> 5 --> 5
  Do HypoTestResult_mh120_r19_2866544128 -> 19 --> 19
  Do HypoTestResult_mh120_r13_3794632449 -> 13 --> 13
  Do HypoTestResult_mh120_r17_2786101705 -> 17 --> 17
  Do HypoTestResult_mh120_r9_755018593 -> 9 --> 9
  Do HypoTestResult_mh120_r6_3198153606 -> 6 --> 6
  Do HypoTestResult_mh120_r3_4145146096 -> 3 --> 3
  Do HypoTestResult_mh120_r21_3343227440 -> 21 --> 21
  Do HypoTestResult_mh120_r4_1493550883 -> 4 --> 4
  Do HypoTestResult_mh120_r3.5_2432777832 -> 3.5 --> 3.5
  Do HypoTestResult_mh120_r23_4048933701 -> 23 --> 23
GRID, as is.
  - 3  (CLs = 1.001 +/- 0.000447885)
  - 3.5  (CLs = 0.696701 +/- 0.011557)
  - 4  (CLs = 0.653056 +/- 0.0113701)
  - 5  (CLs = 0.572261 +/- 0.0108899)
  - 6  (CLs = 0.467139 +/- 0.00998055)
  - 7  (CLs = 0.364215 +/- 0.00918406)
  - 8  (CLs = 0.273411 +/- 0.00819356)
  - 9  (CLs = 0.226558 +/- 0.00758174)
  - 11  (CLs = 0.108999 +/- 0.00538813)
  - 13  (CLs = 0.0590896 +/- 0.00403691)
  - 15  (CLs = 0.0243697 +/- 0.00259905)
  - 17  (CLs = 0.0109164 +/- 0.00176708)
  - 19  (CLs = 0.00258918 +/- 0.000862625)
  - 21  (CLs = 0.000572738 +/- 0.000404941)
  - 23  (CLs = 0.000574548 +/- 0.000406221)
Bisecting range [0, 14]
At r = 9:
	CLs      = 0.049332 +/- 0.00722694
	CLb      = 0.1946 +/- 0.00559876
	CLsplusb = 0.0096 +/- 0.00137897

    Midpoint 7 value 0.049332 +/- 0.00722694
    Tightening Range
At r = 5:
	CLs      = 0.258974 +/- 0.0197782
	CLb      = 0.156 +/- 0.00513155
	CLsplusb = 0.0404 +/- 0.00278452

        Lowpoint 3 value 0.258974 +/- 0.0197782
At r = 7:
	CLs      = 0.100928 +/- 0.0111727
	CLb      = 0.1724 +/- 0.00534188
	CLsplusb = 0.0174 +/- 0.00184917

        Lowpoint 5 value 0.100928 +/- 0.0111727
At r = 8:
	CLs      = 0.0711825 +/- 0.00924747
	CLb      = 0.1742 +/- 0.00536385
	CLsplusb = 0.0124 +/- 0.00156501

        Lowpoint 6 value 0.0711825 +/- 0.00924747
At r = 15:
	CLs      = 0 +/- 0
	CLb      = 0.1076 +/- 0.00438229
	CLsplusb = 0 +/- 0

        Highpoint 10 value 0 +/- 0
At r = 11:
	CLs      = 0.0243902 +/- 0.0052404
	CLb      = 0.1804 +/- 0.00543794
	CLsplusb = 0.0044 +/- 0.000936017

        Highpoint 8 value 0.0243902 +/- 0.0052404
Final range [5, 10]
  Will not use point 0 (r 3)
  Will not use point 1 (r 3.5)
  Will not use point 2 (r 4)
  Will not use point 3 (r 5)
  Will not use point 4 (r 6)
   Point 5 (r 7) was already updated during search.
   Point 6 (r 8) was already updated during search.
   Point 7 (r 9) was already updated during search.
   Point 8 (r 11) was already updated during search.
   Updaing point 9 (r 13)
At r = 13:
	CLs      = 0.00772798 +/- 0.00346594
	CLb      = 0.1294 +/- 0.0047467
	CLsplusb = 0.001 +/- 0.00044699

   Point 10 (r 15) was already updated during search.
  Will not use point 11 (r 17)
  Will not use point 12 (r 19)
  Will not use point 13 (r 21)
  Will not use point 14 (r 23)
  r 7.00: CLs = 0.1009 +/- 0.0112
  r 8.00: CLs = 0.0712 +/- 0.0092
  r 9.00: CLs = 0.0493 +/- 0.0072
  r 11.00: CLs = 0.0244 +/- 0.0052
  r 13.00: CLs = 0.0077 +/- 0.0035
 after scan x ~ 9, bounds [ 7, 13]

 -- HybridNew, before fit -- 
Limit: r < 9 +/- 4 [7, 13]

****************************************
Minimizer is Minuit2 / Migrad
Chi2                      =     0.804658
NDf                       =            3
Edm                       =   9.3326e-09
NCalls                    =           39
p0                        =         0.05                      	 (fixed)
p1                        =    -0.388734   +/-   0.0439901   
p2                        =      8.87627   +/-   0.190151    
Fit to 5 points: 8.87627 +/- 0.190151

 -- Hybrid New -- 
Limit: r < 8.87627 +/- 0.190151 @ 95% CL
Total toys: 0
Done in 0.00 min (cpu), 0.01 min (real)
