>>> including systematics
>>> using the Profile Likelihood test statistics modified for upper limits (Q_LHC)
>>> method used to compute upper limit is HybridNew
>>> random number generator seed is 123456
Adding /uscms_data/d2/lpcljm/sapta/SUSYSearch/LimitSetting/CMSSW_7_1_5/src to include path
Adding /cvmfs/cms.cern.ch/slc6_amd64_gcc481/lcg/roofit/5.34.18-cms3//include to include path
Input workspace 'w': 

RooWorkspace(w) w contents

variables
---------
(jerUp_unc,jerUp_unc_In,jesUp_unc,jesUp_unc_In,lumi,lumi_In,n_obs_binbin1,pdf_unc,pdf_unc_In,r,xs_Bkg,xs_Bkg_In)

p.d.f.s
-------
SimpleGaussianConstraint::jerUp_unc_Pdf[ x=jerUp_unc mean=jerUp_unc_In sigma=1 ] = 1
SimpleGaussianConstraint::jesUp_unc_Pdf[ x=jesUp_unc mean=jesUp_unc_In sigma=1 ] = 1
SimpleGaussianConstraint::lumi_Pdf[ x=lumi mean=lumi_In sigma=1 ] = 1
RooProdPdf::modelObs_b[ pdf_binbin1_bonly ] = 0.0816678
RooProdPdf::modelObs_s[ pdf_binbin1 ] = 0.143821
RooProdPdf::model_b[ modelObs_b * nuisancePdf ] = 0.0816678
RooProdPdf::model_s[ modelObs_s * nuisancePdf ] = 0.143821
RooProdPdf::nuisancePdf[ lumi_Pdf * jesUp_unc_Pdf * pdf_unc_Pdf * xs_Bkg_Pdf * jerUp_unc_Pdf ] = 1
RooPoisson::pdf_binbin1[ x=n_obs_binbin1 mean=n_exp_binbin1 ] = 0.143821
RooPoisson::pdf_binbin1_bonly[ x=n_obs_binbin1 mean=n_exp_binbin1_bonly ] = 0.0816678
SimpleGaussianConstraint::pdf_unc_Pdf[ x=pdf_unc mean=pdf_unc_In sigma=1 ] = 1
SimpleGaussianConstraint::xs_Bkg_Pdf[ x=xs_Bkg mean=xs_Bkg_In sigma=1 ] = 1

functions
--------
RooAddition::n_exp_binbin1[ n_exp_binbin1_proc_BH + n_exp_binbin1_proc_Background ] = 3.71909
RooAddition::n_exp_binbin1_bonly[ n_exp_binbin1_proc_Background ] = 2.71909
ProcessNormalization::n_exp_binbin1_proc_BH[ thetaList=(lumi,jesUp_unc,pdf_unc,jerUp_unc) asymmThetaList=() otherFactorList=(r) ] = 1
ProcessNormalization::n_exp_binbin1_proc_Background[ thetaList=(xs_Bkg) asymmThetaList=() otherFactorList=() ] = 2.71909

datasets
--------
RooDataSet::data_obs(n_obs_binbin1)

named sets
----------
ModelConfig_GlobalObservables:(lumi_In,jesUp_unc_In,pdf_unc_In,xs_Bkg_In,jerUp_unc_In)
ModelConfig_NuisParams:(lumi,jesUp_unc,pdf_unc,xs_Bkg,jerUp_unc)
ModelConfig_Observables:(n_obs_binbin1)
ModelConfig_POI:(r)
ModelConfig_bonly_GlobalObservables:(lumi_In,jesUp_unc_In,pdf_unc_In,xs_Bkg_In,jerUp_unc_In)
ModelConfig_bonly_NuisParams:(lumi,jesUp_unc,pdf_unc,xs_Bkg,jerUp_unc)
ModelConfig_bonly_Observables:(n_obs_binbin1)
ModelConfig_bonly_POI:(r)
POI:(r)
globalObservables:(lumi_In,jesUp_unc_In,pdf_unc_In,xs_Bkg_In,jerUp_unc_In)
nuisances:(lumi,jesUp_unc,pdf_unc,xs_Bkg,jerUp_unc)
observables:(n_obs_binbin1)

generic objects
---------------
RooStats::ModelConfig::ModelConfig
RooStats::ModelConfig::ModelConfig_bonly
RooArgSet::discreteParams

Workspace has a ModelConfig for signal called 'ModelConfig', with contents:

=== Using the following for ModelConfig ===
Observables:             RooArgSet:: = (n_obs_binbin1)
Parameters of Interest:  RooArgSet:: = (r)
Nuisance Parameters:     RooArgSet:: = (lumi,jesUp_unc,pdf_unc,xs_Bkg,jerUp_unc)
Global Observables:      RooArgSet:: = (lumi_In,jesUp_unc_In,pdf_unc_In,xs_Bkg_In,jerUp_unc_In)
PDF:                     RooProdPdf::model_s[ modelObs_s * nuisancePdf ] = 0.143821

Input ModelConfig 'ModelConfig': 

=== Using the following for ModelConfig ===
Observables:             RooArgSet:: = (n_obs_binbin1)
Parameters of Interest:  RooArgSet:: = (r)
Nuisance Parameters:     RooArgSet:: = (lumi,jesUp_unc,pdf_unc,xs_Bkg,jerUp_unc)
Global Observables:      RooArgSet:: = (lumi_In,jesUp_unc_In,pdf_unc_In,xs_Bkg_In,jerUp_unc_In)
PDF:                     RooProdPdf::model_s[ modelObs_s * nuisancePdf ] = 0.143821

[#1] INFO:ObjectHandling -- RooWorkspace::import(w) importing RooUniform::prior
Computing limit starting from observation
  1) RooRealVar:: n_obs_binbin1 = 5
Set default minimizer to Minuit2
Search for upper limit using pre-computed grid of p-values
  Do HypoTestResult_mh120_r15_4205600079 -> 15 --> 15
  Do HypoTestResult_mh120_r13_540054644 -> 13 --> 13
  Do HypoTestResult_mh120_r2_3768839186 -> 2 --> 2
  Do HypoTestResult_mh120_r5_767980920 -> 5 --> 5
  Do HypoTestResult_mh120_r3_2157114897 -> 3 --> 3
  Do HypoTestResult_mh120_r9_1863539956 -> 9 --> 9
  Do HypoTestResult_mh120_r6_1417587694 -> 6 --> 6
  Do HypoTestResult_mh120_r7_220465657 -> 7 --> 7
  Do HypoTestResult_mh120_r4_191670780 -> 4 --> 4
  Do HypoTestResult_mh120_r2.5_3800347696 -> 2.5 --> 2.5
  Do HypoTestResult_mh120_r3.5_2069487670 -> 3.5 --> 3.5
  Do HypoTestResult_mh120_r11_1617945458 -> 11 --> 11
  Do HypoTestResult_mh120_r8_1881238021 -> 8 --> 8
GRID, as is.
  - 2  (CLs = 1.0004 +/- 0.00040026)
  - 2.5  (CLs = 0.647652 +/- 0.00972626)
  - 3  (CLs = 0.58051 +/- 0.00959891)
  - 3.5  (CLs = 0.508412 +/- 0.00929184)
  - 4  (CLs = 0.426857 +/- 0.00891186)
  - 5  (CLs = 0.286471 +/- 0.00775833)
  - 6  (CLs = 0.193213 +/- 0.00659151)
  - 7  (CLs = 0.114148 +/- 0.00519393)
  - 8  (CLs = 0.0622758 +/- 0.00392461)
  - 9  (CLs = 0.0477284 +/- 0.00344268)
  - 11  (CLs = 0.0118925 +/- 0.00174773)
  - 13  (CLs = 0.00181535 +/- 0.000685801)
  - 15  (CLs = 0.00104493 +/- 0.000522321)
Bisecting range [0, 12]
At r = 6:
	CLs      = 0.031401 +/- 0.00622256
	CLb      = 0.1656 +/- 0.00525693
	CLsplusb = 0.0052 +/- 0.00101715

    Midpoint 6 value 0.031401 +/- 0.00622256
    Tightening Range
At r = 3.5:
	CLs      = 0.190303 +/- 0.016127
	CLb      = 0.165 +/- 0.00524929
	CLsplusb = 0.0314 +/- 0.00246633

        Lowpoint 3 value 0.190303 +/- 0.016127
At r = 4:
	CLs      = 0.120393 +/- 0.0126456
	CLb      = 0.1628 +/- 0.00522104
	CLsplusb = 0.0196 +/- 0.0019604

        Lowpoint 4 value 0.120393 +/- 0.0126456
At r = 5:
	CLs      = 0.0739082 +/- 0.00931106
	CLb      = 0.1786 +/- 0.00541668
	CLsplusb = 0.0132 +/- 0.00161405

        Lowpoint 5 value 0.0739082 +/- 0.00931106
At r = 9:
	CLs      = 0.00253378 +/- 0.00146386
	CLb      = 0.2368 +/- 0.00601208
	CLsplusb = 0.0006 +/- 0.000346306

        Highpoint 9 value 0.00253378 +/- 0.00146386
At r = 7:
	CLs      = 0.0127479 +/- 0.00426868
	CLb      = 0.1412 +/- 0.00492468
	CLsplusb = 0.0018 +/- 0.00059946

        Highpoint 7 value 0.0127479 +/- 0.00426868
Final range [4, 7]
  Will not use point 0 (r 2)
  Will not use point 1 (r 2.5)
  Will not use point 2 (r 3)
  Will not use point 3 (r 3.5)
   Point 4 (r 4) was already updated during search.
   Point 5 (r 5) was already updated during search.
   Point 6 (r 6) was already updated during search.
   Point 7 (r 7) was already updated during search.
  Will not use point 8 (r 8)
  Will not use point 9 (r 9)
  Will not use point 10 (r 11)
  Will not use point 11 (r 13)
  Will not use point 12 (r 15)
  r 4.00: CLs = 0.1204 +/- 0.0126
  r 5.00: CLs = 0.0739 +/- 0.0093
  r 6.00: CLs = 0.0314 +/- 0.0062
  r 7.00: CLs = 0.0127 +/- 0.0043
 after scan x ~ 6, bounds [ 4, 7]

 -- HybridNew, before fit -- 
Limit: r < 6 +/- 2 [4, 7]

****************************************
Minimizer is Minuit2 / Migrad
Chi2                      =      2.05792
NDf                       =            2
Edm                       =  6.29203e-07
NCalls                    =           54
p0                        =         0.05                      	 (fixed)
p1                        =    -0.696613   +/-   0.0738331   
p2                        =      5.33692   +/-   0.122716    
Fit to 4 points: 5.33692 +/- 0.122716

 -- Hybrid New -- 
Limit: r < 5.33692 +/- 0.122716 @ 95% CL
Total toys: 0
Done in 0.00 min (cpu), 0.01 min (real)
