>>> including systematics
>>> using the Profile Likelihood test statistics modified for upper limits (Q_LHC)
>>> method used to compute upper limit is HybridNew
>>> random number generator seed is 123456
Adding /uscms_data/d2/lpcljm/sapta/SUSYSearch/LimitSetting/CMSSW_7_1_5/src to include path
Adding /cvmfs/cms.cern.ch/slc6_amd64_gcc481/lcg/roofit/5.34.18-cms3//include to include path
Input workspace 'w': 

RooWorkspace(w) w contents

variables
---------
(jerUp_unc,jerUp_unc_In,jesUp_unc,jesUp_unc_In,lumi,lumi_In,n_obs_binbin1,pdf_unc,pdf_unc_In,r,xs_Bkg,xs_Bkg_In)

p.d.f.s
-------
SimpleGaussianConstraint::jerUp_unc_Pdf[ x=jerUp_unc mean=jerUp_unc_In sigma=1 ] = 1
SimpleGaussianConstraint::jesUp_unc_Pdf[ x=jesUp_unc mean=jesUp_unc_In sigma=1 ] = 1
SimpleGaussianConstraint::lumi_Pdf[ x=lumi mean=lumi_In sigma=1 ] = 1
RooProdPdf::modelObs_b[ pdf_binbin1_bonly ] = 0.0816678
RooProdPdf::modelObs_s[ pdf_binbin1 ] = 0.143821
RooProdPdf::model_b[ modelObs_b * nuisancePdf ] = 0.0816678
RooProdPdf::model_s[ modelObs_s * nuisancePdf ] = 0.143821
RooProdPdf::nuisancePdf[ lumi_Pdf * jesUp_unc_Pdf * pdf_unc_Pdf * xs_Bkg_Pdf * jerUp_unc_Pdf ] = 1
RooPoisson::pdf_binbin1[ x=n_obs_binbin1 mean=n_exp_binbin1 ] = 0.143821
RooPoisson::pdf_binbin1_bonly[ x=n_obs_binbin1 mean=n_exp_binbin1_bonly ] = 0.0816678
SimpleGaussianConstraint::pdf_unc_Pdf[ x=pdf_unc mean=pdf_unc_In sigma=1 ] = 1
SimpleGaussianConstraint::xs_Bkg_Pdf[ x=xs_Bkg mean=xs_Bkg_In sigma=1 ] = 1

functions
--------
RooAddition::n_exp_binbin1[ n_exp_binbin1_proc_BH + n_exp_binbin1_proc_Background ] = 3.71909
RooAddition::n_exp_binbin1_bonly[ n_exp_binbin1_proc_Background ] = 2.71909
ProcessNormalization::n_exp_binbin1_proc_BH[ thetaList=(lumi,jesUp_unc,pdf_unc,jerUp_unc) asymmThetaList=() otherFactorList=(r) ] = 1
ProcessNormalization::n_exp_binbin1_proc_Background[ thetaList=(xs_Bkg) asymmThetaList=() otherFactorList=() ] = 2.71909

datasets
--------
RooDataSet::data_obs(n_obs_binbin1)

named sets
----------
ModelConfig_GlobalObservables:(lumi_In,jesUp_unc_In,pdf_unc_In,xs_Bkg_In,jerUp_unc_In)
ModelConfig_NuisParams:(lumi,jesUp_unc,pdf_unc,xs_Bkg,jerUp_unc)
ModelConfig_Observables:(n_obs_binbin1)
ModelConfig_POI:(r)
ModelConfig_bonly_GlobalObservables:(lumi_In,jesUp_unc_In,pdf_unc_In,xs_Bkg_In,jerUp_unc_In)
ModelConfig_bonly_NuisParams:(lumi,jesUp_unc,pdf_unc,xs_Bkg,jerUp_unc)
ModelConfig_bonly_Observables:(n_obs_binbin1)
ModelConfig_bonly_POI:(r)
POI:(r)
globalObservables:(lumi_In,jesUp_unc_In,pdf_unc_In,xs_Bkg_In,jerUp_unc_In)
nuisances:(lumi,jesUp_unc,pdf_unc,xs_Bkg,jerUp_unc)
observables:(n_obs_binbin1)

generic objects
---------------
RooStats::ModelConfig::ModelConfig
RooStats::ModelConfig::ModelConfig_bonly
RooArgSet::discreteParams

Workspace has a ModelConfig for signal called 'ModelConfig', with contents:

=== Using the following for ModelConfig ===
Observables:             RooArgSet:: = (n_obs_binbin1)
Parameters of Interest:  RooArgSet:: = (r)
Nuisance Parameters:     RooArgSet:: = (lumi,jesUp_unc,pdf_unc,xs_Bkg,jerUp_unc)
Global Observables:      RooArgSet:: = (lumi_In,jesUp_unc_In,pdf_unc_In,xs_Bkg_In,jerUp_unc_In)
PDF:                     RooProdPdf::model_s[ modelObs_s * nuisancePdf ] = 0.143821

Input ModelConfig 'ModelConfig': 

=== Using the following for ModelConfig ===
Observables:             RooArgSet:: = (n_obs_binbin1)
Parameters of Interest:  RooArgSet:: = (r)
Nuisance Parameters:     RooArgSet:: = (lumi,jesUp_unc,pdf_unc,xs_Bkg,jerUp_unc)
Global Observables:      RooArgSet:: = (lumi_In,jesUp_unc_In,pdf_unc_In,xs_Bkg_In,jerUp_unc_In)
PDF:                     RooProdPdf::model_s[ modelObs_s * nuisancePdf ] = 0.143821

[#1] INFO:ObjectHandling -- RooWorkspace::import(w) importing RooUniform::prior
Computing limit starting from observation
  1) RooRealVar:: n_obs_binbin1 = 5
Set default minimizer to Minuit2
Search for upper limit using pre-computed grid of p-values
  Do HypoTestResult_mh120_r15_4205600079 -> 15 --> 15
  Do HypoTestResult_mh120_r13_540054644 -> 13 --> 13
  Do HypoTestResult_mh120_r2_3768839186 -> 2 --> 2
  Do HypoTestResult_mh120_r5_767980920 -> 5 --> 5
  Do HypoTestResult_mh120_r3_2157114897 -> 3 --> 3
  Do HypoTestResult_mh120_r9_1863539956 -> 9 --> 9
  Do HypoTestResult_mh120_r6_1417587694 -> 6 --> 6
  Do HypoTestResult_mh120_r7_220465657 -> 7 --> 7
  Do HypoTestResult_mh120_r4_191670780 -> 4 --> 4
  Do HypoTestResult_mh120_r2.5_3800347696 -> 2.5 --> 2.5
  Do HypoTestResult_mh120_r3.5_2069487670 -> 3.5 --> 3.5
  Do HypoTestResult_mh120_r11_1617945458 -> 11 --> 11
  Do HypoTestResult_mh120_r8_1881238021 -> 8 --> 8
GRID, as is.
  - 2  (CLs = 1.0004 +/- 0.00040026)
  - 2.5  (CLs = 0.647652 +/- 0.00972626)
  - 3  (CLs = 0.58051 +/- 0.00959891)
  - 3.5  (CLs = 0.508412 +/- 0.00929184)
  - 4  (CLs = 0.426857 +/- 0.00891186)
  - 5  (CLs = 0.286471 +/- 0.00775833)
  - 6  (CLs = 0.193213 +/- 0.00659151)
  - 7  (CLs = 0.114148 +/- 0.00519393)
  - 8  (CLs = 0.0622758 +/- 0.00392461)
  - 9  (CLs = 0.0477284 +/- 0.00344268)
  - 11  (CLs = 0.0118925 +/- 0.00174773)
  - 13  (CLs = 0.00181535 +/- 0.000685801)
  - 15  (CLs = 0.00104493 +/- 0.000522321)
Bisecting range [0, 12]
At r = 6:
	CLs      = 0.0148699 +/- 0.00748411
	CLb      = 0.0538 +/- 0.00319079
	CLsplusb = 0.0008 +/- 0.00039984

    Midpoint 6 value 0.0148699 +/- 0.00748411
    Replacing Max
Bisecting range [0, 6]
At r = 3.5:
	CLs      = 0.14433 +/- 0.0290347
	CLb      = 0.0388 +/- 0.0027311
	CLsplusb = 0.0056 +/- 0.00105533

    Midpoint 3 value 0.14433 +/- 0.0290347
    Replacing Min
Final range [3, 6]
  Will not use point 0 (r 2)
  Will not use point 1 (r 2.5)
  Will not use point 2 (r 3)
   Point 3 (r 3.5) was already updated during search.
   Updaing point 4 (r 4)
At r = 4:
	CLs      = 0.0993377 +/- 0.0268192
	CLb      = 0.0302 +/- 0.00242025
	CLsplusb = 0.003 +/- 0.000773434

   Updaing point 5 (r 5)
At r = 5:
	CLs      = 0.0514706 +/- 0.0199218
	CLb      = 0.0272 +/- 0.00230044
	CLsplusb = 0.0014 +/- 0.00052878

   Point 6 (r 6) was already updated during search.
  Will not use point 7 (r 7)
  Will not use point 8 (r 8)
  Will not use point 9 (r 9)
  Will not use point 10 (r 11)
  Will not use point 11 (r 13)
  Will not use point 12 (r 15)
  r 3.50: CLs = 0.1443 +/- 0.0290
  r 4.00: CLs = 0.0993 +/- 0.0268
  r 5.00: CLs = 0.0515 +/- 0.0199
  r 6.00: CLs = 0.0149 +/- 0.0075
 after scan x ~ 5, bounds [ 3.5, 6]

 -- HybridNew, before fit -- 
Limit: r < 5 +/- 1.5 [3.5, 6]

****************************************
Minimizer is Minuit2 / Migrad
Chi2                      =      0.41896
NDf                       =            2
Edm                       =  8.87074e-09
NCalls                    =           49
p0                        =         0.05                      	 (fixed)
p1                        =    -0.861181   +/-   0.171647    
p2                        =      4.76417   +/-   0.220917    
Fit to 4 points: 4.76417 +/- 0.220917

 -- Hybrid New -- 
Limit: r < 4.76417 +/- 0.220917 @ 95% CL
Total toys: 0
Done in 0.00 min (cpu), 0.01 min (real)
