>>> including systematics
>>> using the Profile Likelihood test statistics modified for upper limits (Q_LHC)
>>> method used to compute upper limit is HybridNew
>>> random number generator seed is 123456
Adding /uscms_data/d2/lpcljm/sapta/SUSYSearch/LimitSetting/CMSSW_7_1_5/src to include path
Adding /cvmfs/cms.cern.ch/slc6_amd64_gcc481/lcg/roofit/5.34.18-cms3//include to include path
Input workspace 'w': 

RooWorkspace(w) w contents

variables
---------
(jerUp_unc,jerUp_unc_In,jesUp_unc,jesUp_unc_In,lumi,lumi_In,n_obs_binbin1,pdf_unc,pdf_unc_In,r,xs_Bkg,xs_Bkg_In)

p.d.f.s
-------
SimpleGaussianConstraint::jerUp_unc_Pdf[ x=jerUp_unc mean=jerUp_unc_In sigma=1 ] = 1
SimpleGaussianConstraint::jesUp_unc_Pdf[ x=jesUp_unc mean=jesUp_unc_In sigma=1 ] = 1
SimpleGaussianConstraint::lumi_Pdf[ x=lumi mean=lumi_In sigma=1 ] = 1
RooProdPdf::modelObs_b[ pdf_binbin1_bonly ] = 0.000734644
RooProdPdf::modelObs_s[ pdf_binbin1 ] = 0.000873304
RooProdPdf::model_b[ modelObs_b * nuisancePdf ] = 0.000734644
RooProdPdf::model_s[ modelObs_s * nuisancePdf ] = 0.000873304
RooProdPdf::nuisancePdf[ lumi_Pdf * jesUp_unc_Pdf * pdf_unc_Pdf * xs_Bkg_Pdf * jerUp_unc_Pdf ] = 1
RooPoisson::pdf_binbin1[ x=n_obs_binbin1 mean=n_exp_binbin1 ] = 0.000873304
RooPoisson::pdf_binbin1_bonly[ x=n_obs_binbin1 mean=n_exp_binbin1_bonly ] = 0.000734644
SimpleGaussianConstraint::pdf_unc_Pdf[ x=pdf_unc mean=pdf_unc_In sigma=1 ] = 1
SimpleGaussianConstraint::xs_Bkg_Pdf[ x=xs_Bkg mean=xs_Bkg_In sigma=1 ] = 1

functions
--------
RooAddition::n_exp_binbin1[ n_exp_binbin1_proc_BH + n_exp_binbin1_proc_Background ] = 240.078
RooAddition::n_exp_binbin1_bonly[ n_exp_binbin1_proc_Background ] = 239.078
ProcessNormalization::n_exp_binbin1_proc_BH[ thetaList=(lumi,jesUp_unc,pdf_unc,jerUp_unc) asymmThetaList=() otherFactorList=(r) ] = 1
ProcessNormalization::n_exp_binbin1_proc_Background[ thetaList=(xs_Bkg) asymmThetaList=() otherFactorList=() ] = 239.078

datasets
--------
RooDataSet::data_obs(n_obs_binbin1)

named sets
----------
ModelConfig_GlobalObservables:(lumi_In,jesUp_unc_In,pdf_unc_In,xs_Bkg_In,jerUp_unc_In)
ModelConfig_NuisParams:(lumi,jesUp_unc,pdf_unc,xs_Bkg,jerUp_unc)
ModelConfig_Observables:(n_obs_binbin1)
ModelConfig_POI:(r)
ModelConfig_bonly_GlobalObservables:(lumi_In,jesUp_unc_In,pdf_unc_In,xs_Bkg_In,jerUp_unc_In)
ModelConfig_bonly_NuisParams:(lumi,jesUp_unc,pdf_unc,xs_Bkg,jerUp_unc)
ModelConfig_bonly_Observables:(n_obs_binbin1)
ModelConfig_bonly_POI:(r)
POI:(r)
globalObservables:(lumi_In,jesUp_unc_In,pdf_unc_In,xs_Bkg_In,jerUp_unc_In)
nuisances:(lumi,jesUp_unc,pdf_unc,xs_Bkg,jerUp_unc)
observables:(n_obs_binbin1)

generic objects
---------------
RooStats::ModelConfig::ModelConfig
RooStats::ModelConfig::ModelConfig_bonly
RooArgSet::discreteParams

Workspace has a ModelConfig for signal called 'ModelConfig', with contents:

=== Using the following for ModelConfig ===
Observables:             RooArgSet:: = (n_obs_binbin1)
Parameters of Interest:  RooArgSet:: = (r)
Nuisance Parameters:     RooArgSet:: = (lumi,jesUp_unc,pdf_unc,xs_Bkg,jerUp_unc)
Global Observables:      RooArgSet:: = (lumi_In,jesUp_unc_In,pdf_unc_In,xs_Bkg_In,jerUp_unc_In)
PDF:                     RooProdPdf::model_s[ modelObs_s * nuisancePdf ] = 0.000873304

Input ModelConfig 'ModelConfig': 

=== Using the following for ModelConfig ===
Observables:             RooArgSet:: = (n_obs_binbin1)
Parameters of Interest:  RooArgSet:: = (r)
Nuisance Parameters:     RooArgSet:: = (lumi,jesUp_unc,pdf_unc,xs_Bkg,jerUp_unc)
Global Observables:      RooArgSet:: = (lumi_In,jesUp_unc_In,pdf_unc_In,xs_Bkg_In,jerUp_unc_In)
PDF:                     RooProdPdf::model_s[ modelObs_s * nuisancePdf ] = 0.000873304

[#1] INFO:ObjectHandling -- RooWorkspace::import(w) importing RooUniform::prior
Computing limit starting from observation
  1) RooRealVar:: n_obs_binbin1 = 281
Set default minimizer to Minuit2
Search for upper limit using pre-computed grid of p-values
  Do HypoTestResult_mh120_r75_2376648708 -> 75 --> 75
  Do HypoTestResult_mh120_r200_2131838564 -> 200 --> 200
  Do HypoTestResult_mh120_r125_19357037 -> 125 --> 125
  Do HypoTestResult_mh120_r150_2442804501 -> 150 --> 150
  Do HypoTestResult_mh120_r200_1713896184 -> 200 --> 200
  Do HypoTestResult_mh120_r175_3894111029 -> 175 --> 175
  Do HypoTestResult_mh120_r50_2149352505 -> 50 --> 50
  Do HypoTestResult_mh120_r100_3065813156 -> 100 --> 100
GRID, as is.
  - 50  (CLs = 0.591489 +/- 0.0105079)
  - 75  (CLs = 0.35305 +/- 0.00876651)
  - 100  (CLs = 0.181939 +/- 0.00661124)
  - 125  (CLs = 0.0722667 +/- 0.00430985)
  - 150  (CLs = 0.0185784 +/- 0.00222646)
  - 175  (CLs = 0.00402793 +/- 0.00103898)
  - 200  (CLs = 0.00120903 +/- 0.00040289)
Bisecting range [0, 6]
At r = 125:
	CLs      = 0.0201126 +/- 0.00284452
	CLb      = 0.4972 +/- 0.00707096
	CLsplusb = 0.01 +/- 0.00140712

    Midpoint 3 value 0.0201126 +/- 0.00284452
    Tightening Range
At r = 75:
	CLs      = 0.177671 +/- 0.0084322
	CLb      = 0.4998 +/- 0.00707107
	CLsplusb = 0.0888 +/- 0.0040228

        Lowpoint 1 value 0.177671 +/- 0.0084322
At r = 100:
	CLs      = 0.078306 +/- 0.00559303
	CLb      = 0.5006 +/- 0.00707106
	CLsplusb = 0.0392 +/- 0.00274457

        Lowpoint 2 value 0.078306 +/- 0.00559303
At r = 150:
	CLs      = 0.00515055 +/- 0.00142847
	CLb      = 0.5048 +/- 0.00707074
	CLsplusb = 0.0026 +/- 0.000720172

        Highpoint 4 value 0.00515055 +/- 0.00142847
Final range [1, 4]
  Will not use point 0 (r 50)
   Point 1 (r 75) was already updated during search.
   Point 2 (r 100) was already updated during search.
   Point 3 (r 125) was already updated during search.
   Point 4 (r 150) was already updated during search.
  Will not use point 5 (r 175)
  Will not use point 6 (r 200)
  r 75.00: CLs = 0.1777 +/- 0.0084
  r 100.00: CLs = 0.0783 +/- 0.0056
  r 125.00: CLs = 0.0201 +/- 0.0028
  r 150.00: CLs = 0.0052 +/- 0.0014
 after scan x ~ 100, bounds [ 75, 150]

 -- HybridNew, before fit -- 
Limit: r < 100 +/- 50 [75, 150]

****************************************
Minimizer is Minuit2 / Migrad
Chi2                      =      10.7432
NDf                       =            2
Edm                       =  5.46112e-10
NCalls                    =           48
p0                        =         0.05                      	 (fixed)
p1                        =   -0.0430617   +/-   0.00179226  
p2                        =      105.392   +/-   1.18032     
Fit to 4 points: 105.392 +/- 1.18032

 -- Hybrid New -- 
Limit: r < 105.392 +/- 1.18032 @ 95% CL
Total toys: 0
Done in 0.00 min (cpu), 0.01 min (real)
