>>> including systematics
>>> using the Profile Likelihood test statistics modified for upper limits (Q_LHC)
>>> method used to compute upper limit is HybridNew
>>> random number generator seed is 123456
Adding /uscms_data/d2/lpcljm/sapta/SUSYSearch/LimitSetting/CMSSW_7_1_5/src to include path
Adding /cvmfs/cms.cern.ch/slc6_amd64_gcc481/lcg/roofit/5.34.18-cms3//include to include path
Input workspace 'w': 

RooWorkspace(w) w contents

variables
---------
(jerUp_unc,jerUp_unc_In,jesUp_unc,jesUp_unc_In,lumi,lumi_In,n_obs_binbin1,pdf_unc,pdf_unc_In,r,xs_Bkg,xs_Bkg_In)

p.d.f.s
-------
SimpleGaussianConstraint::jerUp_unc_Pdf[ x=jerUp_unc mean=jerUp_unc_In sigma=1 ] = 1
SimpleGaussianConstraint::jesUp_unc_Pdf[ x=jesUp_unc mean=jesUp_unc_In sigma=1 ] = 1
SimpleGaussianConstraint::lumi_Pdf[ x=lumi mean=lumi_In sigma=1 ] = 1
RooProdPdf::modelObs_b[ pdf_binbin1_bonly ] = 0.7964
RooProdPdf::modelObs_s[ pdf_binbin1 ] = 0.292979
RooProdPdf::model_b[ modelObs_b * nuisancePdf ] = 0.7964
RooProdPdf::model_s[ modelObs_s * nuisancePdf ] = 0.292979
RooProdPdf::nuisancePdf[ lumi_Pdf * jesUp_unc_Pdf * pdf_unc_Pdf * xs_Bkg_Pdf * jerUp_unc_Pdf ] = 1
RooPoisson::pdf_binbin1[ x=n_obs_binbin1 mean=n_exp_binbin1 ] = 0.292979
RooPoisson::pdf_binbin1_bonly[ x=n_obs_binbin1 mean=n_exp_binbin1_bonly ] = 0.7964
SimpleGaussianConstraint::pdf_unc_Pdf[ x=pdf_unc mean=pdf_unc_In sigma=1 ] = 1
SimpleGaussianConstraint::xs_Bkg_Pdf[ x=xs_Bkg mean=xs_Bkg_In sigma=1 ] = 1

functions
--------
RooAddition::n_exp_binbin1[ n_exp_binbin1_proc_BH + n_exp_binbin1_proc_Background ] = 1.22765
RooAddition::n_exp_binbin1_bonly[ n_exp_binbin1_proc_Background ] = 0.227654
ProcessNormalization::n_exp_binbin1_proc_BH[ thetaList=(lumi,jesUp_unc,pdf_unc,jerUp_unc) asymmThetaList=() otherFactorList=(r) ] = 1
ProcessNormalization::n_exp_binbin1_proc_Background[ thetaList=(xs_Bkg) asymmThetaList=() otherFactorList=() ] = 0.227654

datasets
--------
RooDataSet::data_obs(n_obs_binbin1)

named sets
----------
ModelConfig_GlobalObservables:(lumi_In,jesUp_unc_In,pdf_unc_In,xs_Bkg_In,jerUp_unc_In)
ModelConfig_NuisParams:(lumi,jesUp_unc,pdf_unc,xs_Bkg,jerUp_unc)
ModelConfig_Observables:(n_obs_binbin1)
ModelConfig_POI:(r)
ModelConfig_bonly_GlobalObservables:(lumi_In,jesUp_unc_In,pdf_unc_In,xs_Bkg_In,jerUp_unc_In)
ModelConfig_bonly_NuisParams:(lumi,jesUp_unc,pdf_unc,xs_Bkg,jerUp_unc)
ModelConfig_bonly_Observables:(n_obs_binbin1)
ModelConfig_bonly_POI:(r)
POI:(r)
globalObservables:(lumi_In,jesUp_unc_In,pdf_unc_In,xs_Bkg_In,jerUp_unc_In)
nuisances:(lumi,jesUp_unc,pdf_unc,xs_Bkg,jerUp_unc)
observables:(n_obs_binbin1)

generic objects
---------------
RooStats::ModelConfig::ModelConfig
RooStats::ModelConfig::ModelConfig_bonly
RooArgSet::discreteParams

Workspace has a ModelConfig for signal called 'ModelConfig', with contents:

=== Using the following for ModelConfig ===
Observables:             RooArgSet:: = (n_obs_binbin1)
Parameters of Interest:  RooArgSet:: = (r)
Nuisance Parameters:     RooArgSet:: = (lumi,jesUp_unc,pdf_unc,xs_Bkg,jerUp_unc)
Global Observables:      RooArgSet:: = (lumi_In,jesUp_unc_In,pdf_unc_In,xs_Bkg_In,jerUp_unc_In)
PDF:                     RooProdPdf::model_s[ modelObs_s * nuisancePdf ] = 0.292979

Input ModelConfig 'ModelConfig': 

=== Using the following for ModelConfig ===
Observables:             RooArgSet:: = (n_obs_binbin1)
Parameters of Interest:  RooArgSet:: = (r)
Nuisance Parameters:     RooArgSet:: = (lumi,jesUp_unc,pdf_unc,xs_Bkg,jerUp_unc)
Global Observables:      RooArgSet:: = (lumi_In,jesUp_unc_In,pdf_unc_In,xs_Bkg_In,jerUp_unc_In)
PDF:                     RooProdPdf::model_s[ modelObs_s * nuisancePdf ] = 0.292979

[#1] INFO:ObjectHandling -- RooWorkspace::import(w) importing RooUniform::prior
Computing limit starting from observation
  1) RooRealVar:: n_obs_binbin1 = 0
Set default minimizer to Minuit2
Search for upper limit using pre-computed grid of p-values
  Do HypoTestResult_mh120_r4_2060677675 -> 4 --> 4
  Do HypoTestResult_mh120_r6_1956416596 -> 6 --> 6
  Do HypoTestResult_mh120_r0.75_631685521 -> 0.75 --> 0.75
  Do HypoTestResult_mh120_r4.5_2416862078 -> 4.5 --> 4.5
  Do HypoTestResult_mh120_r3.5_2194273065 -> 3.5 --> 3.5
  Do HypoTestResult_mh120_r1_1134985591 -> 1 --> 1
  Do HypoTestResult_mh120_r7_1406775003 -> 7 --> 7
  Do HypoTestResult_mh120_r1.5_658116060 -> 1.5 --> 1.5
  Do HypoTestResult_mh120_r5_978519795 -> 5 --> 5
  Do HypoTestResult_mh120_r2_2612624370 -> 2 --> 2
  Do HypoTestResult_mh120_r5.5_3196285995 -> 5.5 --> 5.5
  Do HypoTestResult_mh120_r9_3778502205 -> 9 --> 9
  Do HypoTestResult_mh120_r0.5_61789666 -> 0.5 --> 0.5
  Do HypoTestResult_mh120_r3_2200039965 -> 3 --> 3
  Do HypoTestResult_mh120_r2.5_3007097438 -> 2.5 --> 2.5
  Do HypoTestResult_mh120_r8_1438172619 -> 8 --> 8
GRID, as is.
  - 0.5  (CLs = 0.585214 +/- 0.0175605)
  - 0.75  (CLs = 0.457143 +/- 0.015821)
  - 1  (CLs = 0.356046 +/- 0.0134525)
  - 1.5  (CLs = 0.214561 +/- 0.0103554)
  - 2  (CLs = 0.120512 +/- 0.00778538)
  - 2.5  (CLs = 0.0808824 +/- 0.00634336)
  - 3  (CLs = 0.0370737 +/- 0.00429601)
  - 3.5  (CLs = 0.0258193 +/- 0.00358946)
  - 4  (CLs = 0.0142576 +/- 0.00265109)
  - 4.5  (CLs = 0.0109212 +/- 0.00227918)
  - 5  (CLs = 0.0064071 +/- 0.00177808)
  - 5.5  (CLs = 0.0034774 +/- 0.00131478)
  - 6  (CLs = 0.00194837 +/- 0.000974354)
  - 7  (CLs = 0.00145985 +/- 0.000842957)
  - 8  (CLs = 0 +/- 0)
  - 9  (CLs = 0 +/- 0)
Bisecting range [0, 15]
At r = 3.5:
	CLs      = 0.0290721 +/- 0.00340241
	CLb      = 0.5022 +/- 0.007071
	CLsplusb = 0.0146 +/- 0.00169628

    Midpoint 7 value 0.0290721 +/- 0.00340241
    Tightening Range
At r = 1.5:
	CLs      = 0.218799 +/- 0.00928287
	CLb      = 0.5064 +/- 0.00707049
	CLsplusb = 0.1108 +/- 0.00443899

        Lowpoint 3 value 0.218799 +/- 0.00928287
At r = 2.5:
	CLs      = 0.0815161 +/- 0.00656629
	CLb      = 0.3852 +/- 0.00688216
	CLsplusb = 0.0314 +/- 0.00246633

        Lowpoint 5 value 0.0815161 +/- 0.00656629
At r = 3:
	CLs      = 0.0413094 +/- 0.00401014
	CLb      = 0.5132 +/- 0.0070686
	CLsplusb = 0.0212 +/- 0.00203718

        Lowpoint 6 value 0.0413094 +/- 0.00401014
At r = 5.5:
	CLs      = 0.00333738 +/- 0.00100572
	CLb      = 0.6592 +/- 0.00670306
	CLsplusb = 0.0022 +/- 0.000662595

        Highpoint 11 value 0.00333738 +/- 0.00100572
At r = 4.5:
	CLs      = 0.0108835 +/- 0.00186396
	CLb      = 0.6248 +/- 0.00684726
	CLsplusb = 0.0068 +/- 0.00116222

        Highpoint 9 value 0.0108835 +/- 0.00186396
At r = 4:
	CLs      = 0.0164756 +/- 0.00344788
	CLb      = 0.2792 +/- 0.00634425
	CLsplusb = 0.0046 +/- 0.000956958

        Highpoint 8 value 0.0164756 +/- 0.00344788
Final range [5, 8]
  Will not use point 0 (r 0.5)
  Will not use point 1 (r 0.75)
  Will not use point 2 (r 1)
  Will not use point 3 (r 1.5)
  Will not use point 4 (r 2)
   Point 5 (r 2.5) was already updated during search.
   Point 6 (r 3) was already updated during search.
   Point 7 (r 3.5) was already updated during search.
   Point 8 (r 4) was already updated during search.
  Will not use point 9 (r 4.5)
  Will not use point 10 (r 5)
  Will not use point 11 (r 5.5)
  Will not use point 12 (r 6)
  Will not use point 13 (r 7)
  Will not use point 14 (r 8)
  Will not use point 15 (r 9)
  r 2.50: CLs = 0.0815 +/- 0.0066
  r 3.00: CLs = 0.0413 +/- 0.0040
  r 3.50: CLs = 0.0291 +/- 0.0034
  r 4.00: CLs = 0.0165 +/- 0.0034
 after scan x ~ 3, bounds [ 2.5, 4]

 -- HybridNew, before fit -- 
Limit: r < 3 +/- 1 [2.5, 4]

****************************************
Minimizer is Minuit2 / Migrad
Chi2                      =      1.98897
NDf                       =            2
Edm                       =  8.76477e-06
NCalls                    =           37
p0                        =         0.05                      	 (fixed)
p1                        =      -1.0612   +/-   0.122108    
p2                        =      2.91614   +/-   0.0502401   
Fit to 4 points: 2.91614 +/- 0.0502401

 -- Hybrid New -- 
Limit: r < 2.91614 +/- 0.0502401 @ 95% CL
Total toys: 0
Done in 0.00 min (cpu), 0.01 min (real)
