>>> including systematics
>>> using the Profile Likelihood test statistics modified for upper limits (Q_LHC)
>>> method used to compute upper limit is HybridNew
>>> random number generator seed is 123456
Adding /uscms_data/d2/lpcljm/sapta/SUSYSearch/LimitSetting/CMSSW_7_1_5/src to include path
Adding /cvmfs/cms.cern.ch/slc6_amd64_gcc481/lcg/roofit/5.34.18-cms3//include to include path
Input workspace 'w': 

RooWorkspace(w) w contents

variables
---------
(jerUp_unc,jerUp_unc_In,jesUp_unc,jesUp_unc_In,lumi,lumi_In,n_obs_binbin1,pdf_unc,pdf_unc_In,r,xs_Bkg,xs_Bkg_In)

p.d.f.s
-------
SimpleGaussianConstraint::jerUp_unc_Pdf[ x=jerUp_unc mean=jerUp_unc_In sigma=1 ] = 1
SimpleGaussianConstraint::jesUp_unc_Pdf[ x=jesUp_unc mean=jesUp_unc_In sigma=1 ] = 1
SimpleGaussianConstraint::lumi_Pdf[ x=lumi mean=lumi_In sigma=1 ] = 1
RooProdPdf::modelObs_b[ pdf_binbin1_bonly ] = 0.0718917
RooProdPdf::modelObs_s[ pdf_binbin1 ] = 0.096782
RooProdPdf::model_b[ modelObs_b * nuisancePdf ] = 0.0718917
RooProdPdf::model_s[ modelObs_s * nuisancePdf ] = 0.096782
RooProdPdf::nuisancePdf[ lumi_Pdf * jesUp_unc_Pdf * pdf_unc_Pdf * xs_Bkg_Pdf * jerUp_unc_Pdf ] = 1
RooPoisson::pdf_binbin1[ x=n_obs_binbin1 mean=n_exp_binbin1 ] = 0.096782
RooPoisson::pdf_binbin1_bonly[ x=n_obs_binbin1 mean=n_exp_binbin1_bonly ] = 0.0718917
SimpleGaussianConstraint::pdf_unc_Pdf[ x=pdf_unc mean=pdf_unc_In sigma=1 ] = 1
SimpleGaussianConstraint::xs_Bkg_Pdf[ x=xs_Bkg mean=xs_Bkg_In sigma=1 ] = 1

functions
--------
RooAddition::n_exp_binbin1[ n_exp_binbin1_proc_BH + n_exp_binbin1_proc_Background ] = 8.98898
RooAddition::n_exp_binbin1_bonly[ n_exp_binbin1_proc_Background ] = 7.98898
ProcessNormalization::n_exp_binbin1_proc_BH[ thetaList=(lumi,jesUp_unc,pdf_unc,jerUp_unc) asymmThetaList=() otherFactorList=(r) ] = 1
ProcessNormalization::n_exp_binbin1_proc_Background[ thetaList=(xs_Bkg) asymmThetaList=() otherFactorList=() ] = 7.98898

datasets
--------
RooDataSet::data_obs(n_obs_binbin1)

named sets
----------
ModelConfig_GlobalObservables:(lumi_In,jesUp_unc_In,pdf_unc_In,xs_Bkg_In,jerUp_unc_In)
ModelConfig_NuisParams:(lumi,jesUp_unc,pdf_unc,xs_Bkg,jerUp_unc)
ModelConfig_Observables:(n_obs_binbin1)
ModelConfig_POI:(r)
ModelConfig_bonly_GlobalObservables:(lumi_In,jesUp_unc_In,pdf_unc_In,xs_Bkg_In,jerUp_unc_In)
ModelConfig_bonly_NuisParams:(lumi,jesUp_unc,pdf_unc,xs_Bkg,jerUp_unc)
ModelConfig_bonly_Observables:(n_obs_binbin1)
ModelConfig_bonly_POI:(r)
POI:(r)
globalObservables:(lumi_In,jesUp_unc_In,pdf_unc_In,xs_Bkg_In,jerUp_unc_In)
nuisances:(lumi,jesUp_unc,pdf_unc,xs_Bkg,jerUp_unc)
observables:(n_obs_binbin1)

generic objects
---------------
RooStats::ModelConfig::ModelConfig
RooStats::ModelConfig::ModelConfig_bonly
RooArgSet::discreteParams

Workspace has a ModelConfig for signal called 'ModelConfig', with contents:

=== Using the following for ModelConfig ===
Observables:             RooArgSet:: = (n_obs_binbin1)
Parameters of Interest:  RooArgSet:: = (r)
Nuisance Parameters:     RooArgSet:: = (lumi,jesUp_unc,pdf_unc,xs_Bkg,jerUp_unc)
Global Observables:      RooArgSet:: = (lumi_In,jesUp_unc_In,pdf_unc_In,xs_Bkg_In,jerUp_unc_In)
PDF:                     RooProdPdf::model_s[ modelObs_s * nuisancePdf ] = 0.096782

Input ModelConfig 'ModelConfig': 

=== Using the following for ModelConfig ===
Observables:             RooArgSet:: = (n_obs_binbin1)
Parameters of Interest:  RooArgSet:: = (r)
Nuisance Parameters:     RooArgSet:: = (lumi,jesUp_unc,pdf_unc,xs_Bkg,jerUp_unc)
Global Observables:      RooArgSet:: = (lumi_In,jesUp_unc_In,pdf_unc_In,xs_Bkg_In,jerUp_unc_In)
PDF:                     RooProdPdf::model_s[ modelObs_s * nuisancePdf ] = 0.096782

[#1] INFO:ObjectHandling -- RooWorkspace::import(w) importing RooUniform::prior
Computing limit starting from observation
  1) RooRealVar:: n_obs_binbin1 = 11
Set default minimizer to Minuit2
Search for upper limit using pre-computed grid of p-values
  Do HypoTestResult_mh120_r7_366129336 -> 7 --> 7
  Do HypoTestResult_mh120_r11_186904097 -> 11 --> 11
  Do HypoTestResult_mh120_r8_3213663946 -> 8 --> 8
  Do HypoTestResult_mh120_r15_2553145284 -> 15 --> 15
  Do HypoTestResult_mh120_r5_2908651823 -> 5 --> 5
  Do HypoTestResult_mh120_r19_2866544128 -> 19 --> 19
  Do HypoTestResult_mh120_r13_3794632449 -> 13 --> 13
  Do HypoTestResult_mh120_r17_2786101705 -> 17 --> 17
  Do HypoTestResult_mh120_r9_755018593 -> 9 --> 9
  Do HypoTestResult_mh120_r6_3198153606 -> 6 --> 6
  Do HypoTestResult_mh120_r3_4145146096 -> 3 --> 3
  Do HypoTestResult_mh120_r21_3343227440 -> 21 --> 21
  Do HypoTestResult_mh120_r4_1493550883 -> 4 --> 4
  Do HypoTestResult_mh120_r3.5_2432777832 -> 3.5 --> 3.5
  Do HypoTestResult_mh120_r23_4048933701 -> 23 --> 23
GRID, as is.
  - 3  (CLs = 1.001 +/- 0.000447885)
  - 3.5  (CLs = 0.696701 +/- 0.011557)
  - 4  (CLs = 0.653056 +/- 0.0113701)
  - 5  (CLs = 0.572261 +/- 0.0108899)
  - 6  (CLs = 0.467139 +/- 0.00998055)
  - 7  (CLs = 0.364215 +/- 0.00918406)
  - 8  (CLs = 0.273411 +/- 0.00819356)
  - 9  (CLs = 0.226558 +/- 0.00758174)
  - 11  (CLs = 0.108999 +/- 0.00538813)
  - 13  (CLs = 0.0590896 +/- 0.00403691)
  - 15  (CLs = 0.0243697 +/- 0.00259905)
  - 17  (CLs = 0.0109164 +/- 0.00176708)
  - 19  (CLs = 0.00258918 +/- 0.000862625)
  - 21  (CLs = 0.000572738 +/- 0.000404941)
  - 23  (CLs = 0.000574548 +/- 0.000406221)
Bisecting range [0, 14]
At r = 9:
	CLs      = 0.571695 +/- 0.00746469
	CLb      = 0.9638 +/- 0.00264157
	CLsplusb = 0.551 +/- 0.00703419

    Midpoint 7 value 0.571695 +/- 0.00746469
    Replacing Min
Bisecting range [7, 14]
At r = 15:
	CLs      = 0.215385 +/- 0.00592801
	CLb      = 0.975 +/- 0.00220794
	CLsplusb = 0.21 +/- 0.00576021

    Midpoint 10 value 0.215385 +/- 0.00592801
    Replacing Min
Bisecting range [10, 14]
At r = 19:
	CLs      = 0.0703445 +/- 0.00366909
	CLb      = 0.9752 +/- 0.00219932
	CLsplusb = 0.0686 +/- 0.00357475

    Midpoint 12 value 0.0703445 +/- 0.00366909
    Tightening Range
At r = 17:
	CLs      = 0.137464 +/- 0.00495197
	CLb      = 0.9748 +/- 0.00221653
	CLsplusb = 0.134 +/- 0.00481755

        Lowpoint 11 value 0.137464 +/- 0.00495197
At r = 21:
	CLs      = 0.0395735 +/- 0.00279446
	CLb      = 0.9754 +/- 0.00219065
	CLsplusb = 0.0386 +/- 0.00272434

        Highpoint 13 value 0.0395735 +/- 0.00279446
Final range [11, 14]
  Will not use point 0 (r 3)
  Will not use point 1 (r 3.5)
  Will not use point 2 (r 4)
  Will not use point 3 (r 5)
  Will not use point 4 (r 6)
  Will not use point 5 (r 7)
  Will not use point 6 (r 8)
  Will not use point 7 (r 9)
  Will not use point 8 (r 11)
  Will not use point 9 (r 13)
  Will not use point 10 (r 15)
   Point 11 (r 17) was already updated during search.
   Point 12 (r 19) was already updated during search.
   Point 13 (r 21) was already updated during search.
   Updaing point 14 (r 23)
At r = 23:
	CLs      = 0.0186552 +/- 0.00193817
	CLb      = 0.9756 +/- 0.00218196
	CLsplusb = 0.0182 +/- 0.00189044

  r 17.00: CLs = 0.1375 +/- 0.0050
  r 19.00: CLs = 0.0703 +/- 0.0037
  r 21.00: CLs = 0.0396 +/- 0.0028
  r 23.00: CLs = 0.0187 +/- 0.0019
 after scan x ~ 21, bounds [ 17, 23]

 -- HybridNew, before fit -- 
Limit: r < 21 +/- 4 [17, 23]

****************************************
Minimizer is Minuit2 / Migrad
Chi2                      =     0.933162
NDf                       =            2
Edm                       =  1.90263e-08
NCalls                    =           54
p0                        =         0.05                      	 (fixed)
p1                        =    -0.324941   +/-   0.0141061   
p2                        =      20.1075   +/-   0.108317    
Fit to 4 points: 20.1075 +/- 0.108317

 -- Hybrid New -- 
Limit: r < 20.1075 +/- 0.108317 @ 95% CL
Total toys: 0
Done in 0.00 min (cpu), 0.01 min (real)
