>>> including systematics
>>> using the Profile Likelihood test statistics modified for upper limits (Q_LHC)
>>> method used to compute upper limit is HybridNew
>>> random number generator seed is 123456
Adding /uscms_data/d2/lpcljm/sapta/SUSYSearch/LimitSetting/CMSSW_7_1_5/src to include path
Adding /cvmfs/cms.cern.ch/slc6_amd64_gcc481/lcg/roofit/5.34.18-cms3//include to include path
Input workspace 'w': 

RooWorkspace(w) w contents

variables
---------
(jerUp_unc,jerUp_unc_In,jesUp_unc,jesUp_unc_In,lumi,lumi_In,n_obs_binbin1,pdf_unc,pdf_unc_In,r,xs_Bkg,xs_Bkg_In)

p.d.f.s
-------
SimpleGaussianConstraint::jerUp_unc_Pdf[ x=jerUp_unc mean=jerUp_unc_In sigma=1 ] = 1
SimpleGaussianConstraint::jesUp_unc_Pdf[ x=jesUp_unc mean=jesUp_unc_In sigma=1 ] = 1
SimpleGaussianConstraint::lumi_Pdf[ x=lumi mean=lumi_In sigma=1 ] = 1
RooProdPdf::modelObs_b[ pdf_binbin1_bonly ] = 0.000734644
RooProdPdf::modelObs_s[ pdf_binbin1 ] = 0.000873304
RooProdPdf::model_b[ modelObs_b * nuisancePdf ] = 0.000734644
RooProdPdf::model_s[ modelObs_s * nuisancePdf ] = 0.000873304
RooProdPdf::nuisancePdf[ lumi_Pdf * jesUp_unc_Pdf * pdf_unc_Pdf * xs_Bkg_Pdf * jerUp_unc_Pdf ] = 1
RooPoisson::pdf_binbin1[ x=n_obs_binbin1 mean=n_exp_binbin1 ] = 0.000873304
RooPoisson::pdf_binbin1_bonly[ x=n_obs_binbin1 mean=n_exp_binbin1_bonly ] = 0.000734644
SimpleGaussianConstraint::pdf_unc_Pdf[ x=pdf_unc mean=pdf_unc_In sigma=1 ] = 1
SimpleGaussianConstraint::xs_Bkg_Pdf[ x=xs_Bkg mean=xs_Bkg_In sigma=1 ] = 1

functions
--------
RooAddition::n_exp_binbin1[ n_exp_binbin1_proc_BH + n_exp_binbin1_proc_Background ] = 240.078
RooAddition::n_exp_binbin1_bonly[ n_exp_binbin1_proc_Background ] = 239.078
ProcessNormalization::n_exp_binbin1_proc_BH[ thetaList=(lumi,jesUp_unc,pdf_unc,jerUp_unc) asymmThetaList=() otherFactorList=(r) ] = 1
ProcessNormalization::n_exp_binbin1_proc_Background[ thetaList=(xs_Bkg) asymmThetaList=() otherFactorList=() ] = 239.078

datasets
--------
RooDataSet::data_obs(n_obs_binbin1)

named sets
----------
ModelConfig_GlobalObservables:(lumi_In,jesUp_unc_In,pdf_unc_In,xs_Bkg_In,jerUp_unc_In)
ModelConfig_NuisParams:(lumi,jesUp_unc,pdf_unc,xs_Bkg,jerUp_unc)
ModelConfig_Observables:(n_obs_binbin1)
ModelConfig_POI:(r)
ModelConfig_bonly_GlobalObservables:(lumi_In,jesUp_unc_In,pdf_unc_In,xs_Bkg_In,jerUp_unc_In)
ModelConfig_bonly_NuisParams:(lumi,jesUp_unc,pdf_unc,xs_Bkg,jerUp_unc)
ModelConfig_bonly_Observables:(n_obs_binbin1)
ModelConfig_bonly_POI:(r)
POI:(r)
globalObservables:(lumi_In,jesUp_unc_In,pdf_unc_In,xs_Bkg_In,jerUp_unc_In)
nuisances:(lumi,jesUp_unc,pdf_unc,xs_Bkg,jerUp_unc)
observables:(n_obs_binbin1)

generic objects
---------------
RooStats::ModelConfig::ModelConfig
RooStats::ModelConfig::ModelConfig_bonly
RooArgSet::discreteParams

Workspace has a ModelConfig for signal called 'ModelConfig', with contents:

=== Using the following for ModelConfig ===
Observables:             RooArgSet:: = (n_obs_binbin1)
Parameters of Interest:  RooArgSet:: = (r)
Nuisance Parameters:     RooArgSet:: = (lumi,jesUp_unc,pdf_unc,xs_Bkg,jerUp_unc)
Global Observables:      RooArgSet:: = (lumi_In,jesUp_unc_In,pdf_unc_In,xs_Bkg_In,jerUp_unc_In)
PDF:                     RooProdPdf::model_s[ modelObs_s * nuisancePdf ] = 0.000873304

Input ModelConfig 'ModelConfig': 

=== Using the following for ModelConfig ===
Observables:             RooArgSet:: = (n_obs_binbin1)
Parameters of Interest:  RooArgSet:: = (r)
Nuisance Parameters:     RooArgSet:: = (lumi,jesUp_unc,pdf_unc,xs_Bkg,jerUp_unc)
Global Observables:      RooArgSet:: = (lumi_In,jesUp_unc_In,pdf_unc_In,xs_Bkg_In,jerUp_unc_In)
PDF:                     RooProdPdf::model_s[ modelObs_s * nuisancePdf ] = 0.000873304

[#1] INFO:ObjectHandling -- RooWorkspace::import(w) importing RooUniform::prior
Computing limit starting from observation
  1) RooRealVar:: n_obs_binbin1 = 281
Set default minimizer to Minuit2
Search for upper limit using pre-computed grid of p-values
  Do HypoTestResult_mh120_r75_2376648708 -> 75 --> 75
  Do HypoTestResult_mh120_r200_2131838564 -> 200 --> 200
  Do HypoTestResult_mh120_r125_19357037 -> 125 --> 125
  Do HypoTestResult_mh120_r150_2442804501 -> 150 --> 150
  Do HypoTestResult_mh120_r200_1713896184 -> 200 --> 200
  Do HypoTestResult_mh120_r175_3894111029 -> 175 --> 175
  Do HypoTestResult_mh120_r50_2149352505 -> 50 --> 50
  Do HypoTestResult_mh120_r100_3065813156 -> 100 --> 100
GRID, as is.
  - 50  (CLs = 0.591489 +/- 0.0105079)
  - 75  (CLs = 0.35305 +/- 0.00876651)
  - 100  (CLs = 0.181939 +/- 0.00661124)
  - 125  (CLs = 0.0722667 +/- 0.00430985)
  - 150  (CLs = 0.0185784 +/- 0.00222646)
  - 175  (CLs = 0.00402793 +/- 0.00103898)
  - 200  (CLs = 0.00120903 +/- 0.00040289)
Bisecting range [0, 6]
At r = 125:
	CLs      = 0.399385 +/- 0.00713032
	CLb      = 0.975 +/- 0.00220794
	CLsplusb = 0.3894 +/- 0.00689591

    Midpoint 3 value 0.399385 +/- 0.00713032
    Replacing Min
Final range [3, 6]
  Will not use point 0 (r 50)
  Will not use point 1 (r 75)
  Will not use point 2 (r 100)
   Point 3 (r 125) was already updated during search.
   Updaing point 4 (r 150)
At r = 150:
	CLs      = 0.194051 +/- 0.00569801
	CLb      = 0.975 +/- 0.00220794
	CLsplusb = 0.1892 +/- 0.00553901

   Updaing point 5 (r 175)
At r = 175:
	CLs      = 0.0748718 +/- 0.00377702
	CLb      = 0.975 +/- 0.00220794
	CLsplusb = 0.073 +/- 0.00367889

   Updaing point 6 (r 200)
At r = 200:
	CLs      = 0.0223682 +/- 0.00149879
	CLb      = 0.9746 +/- 0.00157337
	CLsplusb = 0.0218 +/- 0.0014603

  r 125.00: CLs = 0.3994 +/- 0.0071
  r 150.00: CLs = 0.1941 +/- 0.0057
  r 175.00: CLs = 0.0749 +/- 0.0038
  r 200.00: CLs = 0.0224 +/- 0.0015
 after scan x ~ 175, bounds [ 150, 200]

 -- HybridNew, before fit -- 
Limit: r < 175 +/- 25 [150, 200]

****************************************
Minimizer is Minuit2 / Migrad
Chi2                      =      4.04492
NDf                       =            1
Edm                       =  1.90665e-06
NCalls                    =           54
p0                        =         0.05                      	 (fixed)
p1                        =   -0.0422116   +/-   0.00127944  
p2                        =      182.435   +/-   0.842271    
Fit to 3 points: 182.435 +/- 0.842271

 -- Hybrid New -- 
Limit: r < 182.435 +/- 0.842271 @ 95% CL
Total toys: 0
Done in 0.00 min (cpu), 0.01 min (real)
