>>> including systematics
>>> using the Profile Likelihood test statistics modified for upper limits (Q_LHC)
>>> method used to compute upper limit is HybridNew
>>> Using OpenSSL to get a really random seed 
>>> Used OpenSSL to get a really random seed -1643181126
Adding /uscms_data/d2/lpcljm/sapta/SUSYSearch/LimitSetting/CMSSW_7_1_5/src to include path
Adding /cvmfs/cms.cern.ch/slc6_amd64_gcc481/lcg/roofit/5.34.18-cms3//include to include path
Input workspace 'w': 

RooWorkspace(w) w contents

variables
---------
(jerUp_unc,jerUp_unc_In,jesUp_unc,jesUp_unc_In,lumi,lumi_In,n_obs_binbin1,pdf_unc,pdf_unc_In,r,xs_Bkg,xs_Bkg_In)

p.d.f.s
-------
SimpleGaussianConstraint::jerUp_unc_Pdf[ x=jerUp_unc mean=jerUp_unc_In sigma=1 ] = 1
SimpleGaussianConstraint::jesUp_unc_Pdf[ x=jesUp_unc mean=jesUp_unc_In sigma=1 ] = 1
SimpleGaussianConstraint::lumi_Pdf[ x=lumi mean=lumi_In sigma=1 ] = 1
RooProdPdf::modelObs_b[ pdf_binbin1_bonly ] = 0.7964
RooProdPdf::modelObs_s[ pdf_binbin1 ] = 0.292979
RooProdPdf::model_b[ modelObs_b * nuisancePdf ] = 0.7964
RooProdPdf::model_s[ modelObs_s * nuisancePdf ] = 0.292979
RooProdPdf::nuisancePdf[ lumi_Pdf * jesUp_unc_Pdf * pdf_unc_Pdf * xs_Bkg_Pdf * jerUp_unc_Pdf ] = 1
RooPoisson::pdf_binbin1[ x=n_obs_binbin1 mean=n_exp_binbin1 ] = 0.292979
RooPoisson::pdf_binbin1_bonly[ x=n_obs_binbin1 mean=n_exp_binbin1_bonly ] = 0.7964
SimpleGaussianConstraint::pdf_unc_Pdf[ x=pdf_unc mean=pdf_unc_In sigma=1 ] = 1
SimpleGaussianConstraint::xs_Bkg_Pdf[ x=xs_Bkg mean=xs_Bkg_In sigma=1 ] = 1

functions
--------
RooAddition::n_exp_binbin1[ n_exp_binbin1_proc_BH + n_exp_binbin1_proc_Background ] = 1.22765
RooAddition::n_exp_binbin1_bonly[ n_exp_binbin1_proc_Background ] = 0.227654
ProcessNormalization::n_exp_binbin1_proc_BH[ thetaList=(lumi,jesUp_unc,pdf_unc,jerUp_unc) asymmThetaList=() otherFactorList=(r) ] = 1
ProcessNormalization::n_exp_binbin1_proc_Background[ thetaList=(xs_Bkg) asymmThetaList=() otherFactorList=() ] = 0.227654

datasets
--------
RooDataSet::data_obs(n_obs_binbin1)

named sets
----------
ModelConfig_GlobalObservables:(lumi_In,jesUp_unc_In,pdf_unc_In,xs_Bkg_In,jerUp_unc_In)
ModelConfig_NuisParams:(lumi,jesUp_unc,pdf_unc,xs_Bkg,jerUp_unc)
ModelConfig_Observables:(n_obs_binbin1)
ModelConfig_POI:(r)
ModelConfig_bonly_GlobalObservables:(lumi_In,jesUp_unc_In,pdf_unc_In,xs_Bkg_In,jerUp_unc_In)
ModelConfig_bonly_NuisParams:(lumi,jesUp_unc,pdf_unc,xs_Bkg,jerUp_unc)
ModelConfig_bonly_Observables:(n_obs_binbin1)
ModelConfig_bonly_POI:(r)
POI:(r)
globalObservables:(lumi_In,jesUp_unc_In,pdf_unc_In,xs_Bkg_In,jerUp_unc_In)
nuisances:(lumi,jesUp_unc,pdf_unc,xs_Bkg,jerUp_unc)
observables:(n_obs_binbin1)

generic objects
---------------
RooStats::ModelConfig::ModelConfig
RooStats::ModelConfig::ModelConfig_bonly
RooArgSet::discreteParams

Workspace has a ModelConfig for signal called 'ModelConfig', with contents:

=== Using the following for ModelConfig ===
Observables:             RooArgSet:: = (n_obs_binbin1)
Parameters of Interest:  RooArgSet:: = (r)
Nuisance Parameters:     RooArgSet:: = (lumi,jesUp_unc,pdf_unc,xs_Bkg,jerUp_unc)
Global Observables:      RooArgSet:: = (lumi_In,jesUp_unc_In,pdf_unc_In,xs_Bkg_In,jerUp_unc_In)
PDF:                     RooProdPdf::model_s[ modelObs_s * nuisancePdf ] = 0.292979

Input ModelConfig 'ModelConfig': 

=== Using the following for ModelConfig ===
Observables:             RooArgSet:: = (n_obs_binbin1)
Parameters of Interest:  RooArgSet:: = (r)
Nuisance Parameters:     RooArgSet:: = (lumi,jesUp_unc,pdf_unc,xs_Bkg,jerUp_unc)
Global Observables:      RooArgSet:: = (lumi_In,jesUp_unc_In,pdf_unc_In,xs_Bkg_In,jerUp_unc_In)
PDF:                     RooProdPdf::model_s[ modelObs_s * nuisancePdf ] = 0.292979

[#1] INFO:ObjectHandling -- RooWorkspace::import(w) importing RooUniform::prior
Computing limit starting from observation
  1) RooRealVar:: n_obs_binbin1 = 0
Set default minimizer to Minuit2
  r = 0.75 +/- 0
[#1] INFO:Minization --  Including the following contraint terms in minimization: (nuisancePdf)
[#1] INFO:Fitting -- RooAddition::defaultErrorLevel(nll_model_s_data_obs_with_constr) Summation contains a RooNLLVar, using its error level
Minuit2Minimizer: Minimize with max-calls 2500 convergence for edm < 0.01 strategy 1
MnSeedGenerator: for initial parameters FCN = 4.82235
MnSeedGenerator: Initial state:   - FCN =   4.822346666011 Edm =    0.0141778 NCalls =     21
VariableMetric: start iterating until Edm is < 1e-05
VariableMetric: Initial state   - FCN =   4.822346666011 Edm =    0.0141778 NCalls =     21
VariableMetric: Iteration #   1 - FCN =   4.808097803386 Edm =  8.03054e-07 NCalls =     32
VariableMetric: After Hessian   - FCN =   4.808097803386 Edm =  8.15304e-07 NCalls =     63
Number of iterations 3
----------> Iteration 0
            FVAL = 4.82234666601 Edm = 0.0141777956827 Nfcn = 21
            Error matrix change = 1
            Parameters :  p0 = 0 p1 = 0 p2 = 0 p3 = 0 p4 = 0
----------> Iteration 1
            FVAL = 4.80809780339 Edm = 8.03054216864e-07 Nfcn = 32
            Error matrix change = 0.50068
            Parameters :  p0 = 0 p1 = 0 p2 = 0 p3 = 0 p4 = -0.157542
----------> Iteration 2
            FVAL = 4.80809780339 Edm = 8.15303524249e-07 Nfcn = 63
            Error matrix change = 0
            Parameters :  p0 = 0 p1 = 0 p2 = 0 p3 = 0 p4 = -0.157542
Minuit2Minimizer : Valid minimum - status = 0
FVAL  = 4.8080978033861177
Edm   = 8.15303524249441594e-07
Nfcn  = 63
jerUp_unc	  = 0	 +/-  0.996602	(limited)
jesUp_unc	  = 0	 +/-  0.996602	(limited)
lumi	  = 0	 +/-  0.996602	(limited)
pdf_unc	  = 0	 +/-  0.996602	(limited)
xs_Bkg	  = -0.157542	 +/-  0.939702	(limited)
Zero signal fit
   0) jerUp_unc                      =         0
   1) jesUp_unc                      =         0
   2) lumi                           =         0
   3) pdf_unc                        =         0
   4) xs_Bkg                         = -0.157542

Fitting of the background hypothesis done in 0.301683 s
[#1] INFO:Fitting -- RooAddition::defaultErrorLevel(nll_model_s_data_obs_with_constr) Summation contains a RooNLLVar, using its error level
Minuit2Minimizer: Minimize with max-calls 2500 convergence for edm < 0.01 strategy 1
MnSeedGenerator: for initial parameters FCN = 5.5581
MnSeedGenerator: Initial state:   - FCN =   5.558097803386 Edm =   0.00262176 NCalls =     21
VariableMetric: start iterating until Edm is < 1e-05
VariableMetric: Initial state   - FCN =   5.558097803386 Edm =   0.00262176 NCalls =     21
VariableMetric: Iteration #   1 - FCN =   5.555489351138 Edm =  6.79438e-08 NCalls =     32
VariableMetric: After Hessian   - FCN =   5.555489351138 Edm =  6.76031e-08 NCalls =     65
Number of iterations 3
----------> Iteration 0
            FVAL = 5.55809780339 Edm = 0.0026217591369 Nfcn = 21
            Error matrix change = 1
            Parameters :  p0 = 0 p1 = 0 p2 = 0 p3 = 0 p4 = -0.157542
----------> Iteration 1
            FVAL = 5.55548935114 Edm = 6.79438171602e-08 Nfcn = 32
            Error matrix change = 0.501298
            Parameters :  p0 = -0.0293816 p1 = -0.0365272 p2 = -0.0336788 p3 = -0.0435904 p4 = -0.158746
----------> Iteration 2
            FVAL = 5.55548935114 Edm = 6.76031451831e-08 Nfcn = 65
            Error matrix change = 0
            Parameters :  p0 = -0.0293816 p1 = -0.0365272 p2 = -0.0336788 p3 = -0.0435904 p4 = -0.158746
Minuit2Minimizer : Valid minimum - status = 0
FVAL  = 5.55548935113777809
Edm   = 6.76031451831184347e-08
Nfcn  = 65
jerUp_unc	  = -0.0293816	 +/-  0.996039	(limited)
jesUp_unc	  = -0.0365272	 +/-  0.99573	(limited)
lumi	  = -0.0336788	 +/-  0.995861	(limited)
pdf_unc	  = -0.0435904	 +/-  0.995358	(limited)
xs_Bkg	  = -0.158746	 +/-  0.939753	(limited)
Reference signal fit
   0) jerUp_unc                      = -0.0293816
   1) jesUp_unc                      = -0.0365272
   2) lumi                           = -0.0336788
   3) pdf_unc                        = -0.0435904
   4) xs_Bkg                         = -0.158746

Fitting of the signal-plus-background hypothesis done in 0.00206208 s
      Evaluation of p-values done in  5.31873 s
	CLs = 0.418052 +/- 0.0325359
      Evaluation of p-values done in  5.14956 s
	CLs = 0.419394 +/- 0.0233595
      Evaluation of p-values done in  4.90069 s
	CLs = 0.427873 +/- 0.0193874
      Evaluation of p-values done in  4.91245 s
	CLs = 0.448575 +/- 0.0173778
      Evaluation of p-values done in  4.89812 s
	CLs = 0.457143 +/- 0.015821
	CLs      = 0.457143 +/- 0.015821
	CLb      = 0.399 +/- 0.0069253
	CLsplusb = 0.1824 +/- 0.00546132

Hybrid result saved as HypoTestResult_mh120_r0.75_631685521 in higgsCombineTest.HybridNew.mH120.-1643181126.root : higgsCombineTest.HybridNew.mH120.-1643181126.root:/toys

 -- Hybrid New -- 
CLs = 0.457143 +/- 0.015821
Total toys: 10000
Done in 0.00 min (cpu), 0.43 min (real)
