>>> including systematics
>>> using the Profile Likelihood test statistics modified for upper limits (Q_LHC)
>>> method used to compute upper limit is HybridNew
>>> Using OpenSSL to get a really random seed 
>>> Used OpenSSL to get a really random seed -210735621
Adding /uscms_data/d2/lpcljm/sapta/SUSYSearch/LimitSetting/CMSSW_7_1_5/src to include path
Adding /cvmfs/cms.cern.ch/slc6_amd64_gcc481/lcg/roofit/5.34.18-cms3//include to include path
Input workspace 'w': 

RooWorkspace(w) w contents

variables
---------
(jerUp_unc,jerUp_unc_In,jesUp_unc,jesUp_unc_In,lumi,lumi_In,n_obs_binbin1,pdf_unc,pdf_unc_In,r,xs_Bkg,xs_Bkg_In)

p.d.f.s
-------
SimpleGaussianConstraint::jerUp_unc_Pdf[ x=jerUp_unc mean=jerUp_unc_In sigma=1 ] = 1
SimpleGaussianConstraint::jesUp_unc_Pdf[ x=jesUp_unc mean=jesUp_unc_In sigma=1 ] = 1
SimpleGaussianConstraint::lumi_Pdf[ x=lumi mean=lumi_In sigma=1 ] = 1
RooProdPdf::modelObs_b[ pdf_binbin1_bonly ] = 0.0440795
RooProdPdf::modelObs_s[ pdf_binbin1 ] = 0.0454375
RooProdPdf::model_b[ modelObs_b * nuisancePdf ] = 0.0440795
RooProdPdf::model_s[ modelObs_s * nuisancePdf ] = 0.0454375
RooProdPdf::nuisancePdf[ lumi_Pdf * jesUp_unc_Pdf * pdf_unc_Pdf * xs_Bkg_Pdf * jerUp_unc_Pdf ] = 1
RooPoisson::pdf_binbin1[ x=n_obs_binbin1 mean=n_exp_binbin1 ] = 0.0454375
RooPoisson::pdf_binbin1_bonly[ x=n_obs_binbin1 mean=n_exp_binbin1_bonly ] = 0.0440795
SimpleGaussianConstraint::pdf_unc_Pdf[ x=pdf_unc mean=pdf_unc_In sigma=1 ] = 1
SimpleGaussianConstraint::xs_Bkg_Pdf[ x=xs_Bkg mean=xs_Bkg_In sigma=1 ] = 1

functions
--------
RooAddition::n_exp_binbin1[ n_exp_binbin1_proc_BH + n_exp_binbin1_proc_Background ] = 72.3219
RooAddition::n_exp_binbin1_bonly[ n_exp_binbin1_proc_Background ] = 71.3219
ProcessNormalization::n_exp_binbin1_proc_BH[ thetaList=(lumi,jesUp_unc,pdf_unc,jerUp_unc) asymmThetaList=() otherFactorList=(r) ] = 1
ProcessNormalization::n_exp_binbin1_proc_Background[ thetaList=(xs_Bkg) asymmThetaList=() otherFactorList=() ] = 71.3219

datasets
--------
RooDataSet::data_obs(n_obs_binbin1)

named sets
----------
ModelConfig_GlobalObservables:(lumi_In,jesUp_unc_In,pdf_unc_In,xs_Bkg_In,jerUp_unc_In)
ModelConfig_NuisParams:(lumi,jesUp_unc,pdf_unc,xs_Bkg,jerUp_unc)
ModelConfig_Observables:(n_obs_binbin1)
ModelConfig_POI:(r)
ModelConfig_bonly_GlobalObservables:(lumi_In,jesUp_unc_In,pdf_unc_In,xs_Bkg_In,jerUp_unc_In)
ModelConfig_bonly_NuisParams:(lumi,jesUp_unc,pdf_unc,xs_Bkg,jerUp_unc)
ModelConfig_bonly_Observables:(n_obs_binbin1)
ModelConfig_bonly_POI:(r)
POI:(r)
globalObservables:(lumi_In,jesUp_unc_In,pdf_unc_In,xs_Bkg_In,jerUp_unc_In)
nuisances:(lumi,jesUp_unc,pdf_unc,xs_Bkg,jerUp_unc)
observables:(n_obs_binbin1)

generic objects
---------------
RooStats::ModelConfig::ModelConfig
RooStats::ModelConfig::ModelConfig_bonly
RooArgSet::discreteParams

Workspace has a ModelConfig for signal called 'ModelConfig', with contents:

=== Using the following for ModelConfig ===
Observables:             RooArgSet:: = (n_obs_binbin1)
Parameters of Interest:  RooArgSet:: = (r)
Nuisance Parameters:     RooArgSet:: = (lumi,jesUp_unc,pdf_unc,xs_Bkg,jerUp_unc)
Global Observables:      RooArgSet:: = (lumi_In,jesUp_unc_In,pdf_unc_In,xs_Bkg_In,jerUp_unc_In)
PDF:                     RooProdPdf::model_s[ modelObs_s * nuisancePdf ] = 0.0454375

Input ModelConfig 'ModelConfig': 

=== Using the following for ModelConfig ===
Observables:             RooArgSet:: = (n_obs_binbin1)
Parameters of Interest:  RooArgSet:: = (r)
Nuisance Parameters:     RooArgSet:: = (lumi,jesUp_unc,pdf_unc,xs_Bkg,jerUp_unc)
Global Observables:      RooArgSet:: = (lumi_In,jesUp_unc_In,pdf_unc_In,xs_Bkg_In,jerUp_unc_In)
PDF:                     RooProdPdf::model_s[ modelObs_s * nuisancePdf ] = 0.0454375

[#1] INFO:ObjectHandling -- RooWorkspace::import(w) importing RooUniform::prior
Computing limit starting from observation
  1) RooRealVar:: n_obs_binbin1 = 74
Set default minimizer to Minuit2
  r = 100 +/- 0
[#1] INFO:Minization --  Including the following contraint terms in minimization: (nuisancePdf)
[#1] INFO:Fitting -- RooAddition::defaultErrorLevel(nll_model_s_data_obs_with_constr) Summation contains a RooNLLVar, using its error level
Minuit2Minimizer: Minimize with max-calls 2500 convergence for edm < 0.01 strategy 1
MnSeedGenerator: for initial parameters FCN = 7.71645
MnSeedGenerator: Initial state:   - FCN =   7.716452710308 Edm =    0.0446983 NCalls =     21
VariableMetric: start iterating until Edm is < 1e-05
VariableMetric: Initial state   - FCN =   7.716452710308 Edm =    0.0446983 NCalls =     21
VariableMetric: Iteration #   1 - FCN =   7.672200180799 Edm =  1.00132e-05 NCalls =     32
VariableMetric: Iteration #   2 - FCN =   7.672190459901 Edm =  2.09044e-09 NCalls =     43
VariableMetric: After Hessian   - FCN =   7.672190459901 Edm =  2.06475e-09 NCalls =     74
Number of iterations 4
----------> Iteration 0
            FVAL = 7.71645271031 Edm = 0.0446982876949 Nfcn = 21
            Error matrix change = 1
            Parameters :  p0 = 0 p1 = 0 p2 = 0 p3 = 0 p4 = 0
----------> Iteration 1
            FVAL = 7.6722001808 Edm = 1.0013166376e-05 Nfcn = 32
            Error matrix change = 0.500199
            Parameters :  p0 = 0 p1 = 0 p2 = 0 p3 = 0 p4 = 0.0996212
----------> Iteration 2
            FVAL = 7.6721904599 Edm = 2.09043869634e-09 Nfcn = 43
            Error matrix change = 0.250291
            Parameters :  p0 = 0 p1 = 0 p2 = 0 p3 = 0 p4 = 0.0981522
----------> Iteration 3
            FVAL = 7.6721904599 Edm = 2.06474942122e-09 Nfcn = 74
            Error matrix change = 0
            Parameters :  p0 = 0 p1 = 0 p2 = 0 p3 = 0 p4 = 0.0981522
Minuit2Minimizer : Valid minimum - status = 0
FVAL  = 7.67219045990055015
Edm   = 2.06474942122183286e-09
Nfcn  = 74
jerUp_unc	  = 0	 +/-  0.996602	(limited)
jesUp_unc	  = 0	 +/-  0.996602	(limited)
lumi	  = 0	 +/-  0.996602	(limited)
pdf_unc	  = 0	 +/-  0.996602	(limited)
xs_Bkg	  = 0.0981522	 +/-  0.328236	(limited)
Zero signal fit
   0) jerUp_unc                      =         0
   1) jesUp_unc                      =         0
   2) lumi                           =         0
   3) pdf_unc                        =         0
   4) xs_Bkg                         = 0.0981522

Fitting of the background hypothesis done in 0.290729 s
[#1] INFO:Fitting -- RooAddition::defaultErrorLevel(nll_model_s_data_obs_with_constr) Summation contains a RooNLLVar, using its error level
Minuit2Minimizer: Minimize with max-calls 2500 convergence for edm < 0.01 strategy 1
MnSeedGenerator: for initial parameters FCN = 44.2337
MnSeedGenerator: Initial state:   - FCN =    44.2337474255 Edm =      26.8817 NCalls =     21
VariableMetric: start iterating until Edm is < 1e-05
VariableMetric: Initial state   - FCN =    44.2337474255 Edm =      26.8817 NCalls =     21
VariableMetric: Iteration #   1 - FCN =   23.37455125068 Edm =      1.50553 NCalls =     33
VariableMetric: Iteration #   2 - FCN =   20.40954143413 Edm =    0.0930139 NCalls =     45
VariableMetric: Iteration #   3 - FCN =   20.24322882342 Edm =   0.00120728 NCalls =     57
VariableMetric: Iteration #   4 - FCN =   20.24174176248 Edm =   5.4896e-06 NCalls =     69
VariableMetric: After Hessian   - FCN =   20.24174176248 Edm =  6.51693e-06 NCalls =    100
Number of iterations 6
----------> Iteration 0
            FVAL = 44.2337474255 Edm = 26.8816890945 Nfcn = 21
            Error matrix change = 1
            Parameters :  p0 = 0 p1 = 0 p2 = 0 p3 = 0 p4 = 0.0981522
----------> Iteration 1
            FVAL = 23.3745512507 Edm = 1.50553368611 Nfcn = 33
            Error matrix change = 0.596272
            Parameters :  p0 = -1.5831 p1 = -1.84962 p2 = -1.75005 p3 = -2.05918 p4 = -1.47072
----------> Iteration 2
            FVAL = 20.4095414341 Edm = 0.0930139372783 Nfcn = 45
            Error matrix change = 0.374564
            Parameters :  p0 = -0.800769 p1 = -1.12712 p2 = -0.993016 p3 = -1.47122 p4 = -2.5366
----------> Iteration 3
            FVAL = 20.2432288234 Edm = 0.00120727783448 Nfcn = 57
            Error matrix change = 0.222936
            Parameters :  p0 = -0.990634 p1 = -1.20475 p2 = -1.11755 p3 = -1.4381 p4 = -2.81447
----------> Iteration 4
            FVAL = 20.2417417625 Edm = 5.48960256815e-06 Nfcn = 69
            Error matrix change = 0.137636
            Parameters :  p0 = -0.963605 p1 = -1.1962 p2 = -1.10369 p3 = -1.42712 p4 = -2.8435
----------> Iteration 5
            FVAL = 20.2417417625 Edm = 6.51692925423e-06 Nfcn = 100
            Error matrix change = 0
            Parameters :  p0 = -0.963605 p1 = -1.1962 p2 = -1.10369 p3 = -1.42712 p4 = -2.8435
Minuit2Minimizer : Valid minimum - status = 0
FVAL  = 20.2417417624752183
Edm   = 6.51692925423055035e-06
Nfcn  = 100
jerUp_unc	  = -0.963605	 +/-  0.967992	(limited)
jesUp_unc	  = -1.1962	 +/-  0.951931	(limited)
lumi	  = -1.10369	 +/-  0.958792	(limited)
pdf_unc	  = -1.42712	 +/-  0.932213	(limited)
xs_Bkg	  = -2.8435	 +/-  0.648174	(limited)
Reference signal fit
   0) jerUp_unc                      = -0.963605
   1) jesUp_unc                      =   -1.1962
   2) lumi                           =  -1.10369
   3) pdf_unc                        =  -1.42712
   4) xs_Bkg                         =   -2.8435

Fitting of the signal-plus-background hypothesis done in 0.00245404 s
      Evaluation of p-values done in  6.61035 s
	CLs = 0 +/- 0
      Evaluation of p-values done in  6.59959 s
	CLs = 0 +/- 0
      Evaluation of p-values done in  6.22643 s
	CLs = 0 +/- 0
      Evaluation of p-values done in  6.65802 s
	CLs = 0 +/- 0
      Evaluation of p-values done in  6.2491 s
	CLs = 0 +/- 0
	CLs      = 0 +/- 0
	CLb      = 0.5548 +/- 0.00702847
	CLsplusb = 0 +/- 0

Hybrid result saved as HypoTestResult_mh120_r100_1768973071 in higgsCombineTest.HybridNew.mH120.-210735621.root : higgsCombineTest.HybridNew.mH120.-210735621.root:/toys

 -- Hybrid New -- 
CLs = 0 +/- 0
Total toys: 10000
Done in 0.00 min (cpu), 0.54 min (real)
