>>> including systematics
>>> using the Profile Likelihood test statistics modified for upper limits (Q_LHC)
>>> method used to compute upper limit is HybridNew
>>> Using OpenSSL to get a really random seed 
>>> Used OpenSSL to get a really random seed 54678739
Adding /uscms_data/d2/lpcljm/sapta/SUSYSearch/LimitSetting/CMSSW_7_1_5/src to include path
Adding /cvmfs/cms.cern.ch/slc6_amd64_gcc481/lcg/roofit/5.34.18-cms3//include to include path
Input workspace 'w': 

RooWorkspace(w) w contents

variables
---------
(jerUp_unc,jerUp_unc_In,jesUp_unc,jesUp_unc_In,lumi,lumi_In,n_obs_binbin1,pdf_unc,pdf_unc_In,r,xs_Bkg,xs_Bkg_In)

p.d.f.s
-------
SimpleGaussianConstraint::jerUp_unc_Pdf[ x=jerUp_unc mean=jerUp_unc_In sigma=1 ] = 1
SimpleGaussianConstraint::jesUp_unc_Pdf[ x=jesUp_unc mean=jesUp_unc_In sigma=1 ] = 1
SimpleGaussianConstraint::lumi_Pdf[ x=lumi mean=lumi_In sigma=1 ] = 1
RooProdPdf::modelObs_b[ pdf_binbin1_bonly ] = 0.0816678
RooProdPdf::modelObs_s[ pdf_binbin1 ] = 0.143821
RooProdPdf::model_b[ modelObs_b * nuisancePdf ] = 0.0816678
RooProdPdf::model_s[ modelObs_s * nuisancePdf ] = 0.143821
RooProdPdf::nuisancePdf[ lumi_Pdf * jesUp_unc_Pdf * pdf_unc_Pdf * xs_Bkg_Pdf * jerUp_unc_Pdf ] = 1
RooPoisson::pdf_binbin1[ x=n_obs_binbin1 mean=n_exp_binbin1 ] = 0.143821
RooPoisson::pdf_binbin1_bonly[ x=n_obs_binbin1 mean=n_exp_binbin1_bonly ] = 0.0816678
SimpleGaussianConstraint::pdf_unc_Pdf[ x=pdf_unc mean=pdf_unc_In sigma=1 ] = 1
SimpleGaussianConstraint::xs_Bkg_Pdf[ x=xs_Bkg mean=xs_Bkg_In sigma=1 ] = 1

functions
--------
RooAddition::n_exp_binbin1[ n_exp_binbin1_proc_BH + n_exp_binbin1_proc_Background ] = 3.71909
RooAddition::n_exp_binbin1_bonly[ n_exp_binbin1_proc_Background ] = 2.71909
ProcessNormalization::n_exp_binbin1_proc_BH[ thetaList=(lumi,jesUp_unc,pdf_unc,jerUp_unc) asymmThetaList=() otherFactorList=(r) ] = 1
ProcessNormalization::n_exp_binbin1_proc_Background[ thetaList=(xs_Bkg) asymmThetaList=() otherFactorList=() ] = 2.71909

datasets
--------
RooDataSet::data_obs(n_obs_binbin1)

named sets
----------
ModelConfig_GlobalObservables:(lumi_In,jesUp_unc_In,pdf_unc_In,xs_Bkg_In,jerUp_unc_In)
ModelConfig_NuisParams:(lumi,jesUp_unc,pdf_unc,xs_Bkg,jerUp_unc)
ModelConfig_Observables:(n_obs_binbin1)
ModelConfig_POI:(r)
ModelConfig_bonly_GlobalObservables:(lumi_In,jesUp_unc_In,pdf_unc_In,xs_Bkg_In,jerUp_unc_In)
ModelConfig_bonly_NuisParams:(lumi,jesUp_unc,pdf_unc,xs_Bkg,jerUp_unc)
ModelConfig_bonly_Observables:(n_obs_binbin1)
ModelConfig_bonly_POI:(r)
POI:(r)
globalObservables:(lumi_In,jesUp_unc_In,pdf_unc_In,xs_Bkg_In,jerUp_unc_In)
nuisances:(lumi,jesUp_unc,pdf_unc,xs_Bkg,jerUp_unc)
observables:(n_obs_binbin1)

generic objects
---------------
RooStats::ModelConfig::ModelConfig
RooStats::ModelConfig::ModelConfig_bonly
RooArgSet::discreteParams

Workspace has a ModelConfig for signal called 'ModelConfig', with contents:

=== Using the following for ModelConfig ===
Observables:             RooArgSet:: = (n_obs_binbin1)
Parameters of Interest:  RooArgSet:: = (r)
Nuisance Parameters:     RooArgSet:: = (lumi,jesUp_unc,pdf_unc,xs_Bkg,jerUp_unc)
Global Observables:      RooArgSet:: = (lumi_In,jesUp_unc_In,pdf_unc_In,xs_Bkg_In,jerUp_unc_In)
PDF:                     RooProdPdf::model_s[ modelObs_s * nuisancePdf ] = 0.143821

Input ModelConfig 'ModelConfig': 

=== Using the following for ModelConfig ===
Observables:             RooArgSet:: = (n_obs_binbin1)
Parameters of Interest:  RooArgSet:: = (r)
Nuisance Parameters:     RooArgSet:: = (lumi,jesUp_unc,pdf_unc,xs_Bkg,jerUp_unc)
Global Observables:      RooArgSet:: = (lumi_In,jesUp_unc_In,pdf_unc_In,xs_Bkg_In,jerUp_unc_In)
PDF:                     RooProdPdf::model_s[ modelObs_s * nuisancePdf ] = 0.143821

[#1] INFO:ObjectHandling -- RooWorkspace::import(w) importing RooUniform::prior
Computing limit starting from observation
  1) RooRealVar:: n_obs_binbin1 = 5
Set default minimizer to Minuit2
  r = 11 +/- 0
[#1] INFO:Minization --  Including the following contraint terms in minimization: (nuisancePdf)
[#1] INFO:Fitting -- RooAddition::defaultErrorLevel(nll_model_s_data_obs_with_constr) Summation contains a RooNLLVar, using its error level
Minuit2Minimizer: Minimize with max-calls 2500 convergence for edm < 0.01 strategy 1
MnSeedGenerator: for initial parameters FCN = 7.09979
MnSeedGenerator: Initial state:   - FCN =   7.099788081257 Edm =     0.517398 NCalls =     21
VariableMetric: start iterating until Edm is < 1e-05
VariableMetric: Initial state   - FCN =   7.099788081257 Edm =     0.517398 NCalls =     21
VariableMetric: Iteration #   1 - FCN =   6.622206836877 Edm =   0.00057336 NCalls =     33
VariableMetric: Iteration #   2 - FCN =   6.621753472188 Edm =  3.94597e-10 NCalls =     45
VariableMetric: After Hessian   - FCN =   6.621753472188 Edm =  3.50243e-10 NCalls =     76
Number of iterations 4
----------> Iteration 0
            FVAL = 7.09978808126 Edm = 0.517397600524 Nfcn = 21
            Error matrix change = 1
            Parameters :  p0 = 0 p1 = 0 p2 = 0 p3 = 0 p4 = 0
----------> Iteration 1
            FVAL = 6.62220683688 Edm = 0.000573359646535 Nfcn = 33
            Error matrix change = 0.505905
            Parameters :  p0 = 0 p1 = 0 p2 = 0 p3 = 0 p4 = 0.63066
----------> Iteration 2
            FVAL = 6.62175347219 Edm = 3.94596625572e-10 Nfcn = 45
            Error matrix change = 0.257951
            Parameters :  p0 = 0 p1 = 0 p2 = 0 p3 = 0 p4 = 0.612582
----------> Iteration 3
            FVAL = 6.62175347219 Edm = 3.50242580746e-10 Nfcn = 76
            Error matrix change = 0
            Parameters :  p0 = 0 p1 = 0 p2 = 0 p3 = 0 p4 = 0.612582
Minuit2Minimizer : Valid minimum - status = 0
FVAL  = 6.62175347218801047
Edm   = 3.50242580745784735e-10
Nfcn  = 76
jerUp_unc	  = 0	 +/-  0.996602	(limited)
jesUp_unc	  = 0	 +/-  0.996602	(limited)
lumi	  = 0	 +/-  0.996602	(limited)
pdf_unc	  = 0	 +/-  0.996602	(limited)
xs_Bkg	  = 0.612582	 +/-  0.600885	(limited)
Zero signal fit
   0) jerUp_unc                      =         0
   1) jesUp_unc                      =         0
   2) lumi                           =         0
   3) pdf_unc                        =         0
   4) xs_Bkg                         =  0.612582

Fitting of the background hypothesis done in 0.298184 s
[#1] INFO:Fitting -- RooAddition::defaultErrorLevel(nll_model_s_data_obs_with_constr) Summation contains a RooNLLVar, using its error level
Minuit2Minimizer: Minimize with max-calls 2500 convergence for edm < 0.01 strategy 1
MnSeedGenerator: for initial parameters FCN = 11.0758
MnSeedGenerator: Initial state:   - FCN =   11.07582860767 Edm =      1.49744 NCalls =     21
VariableMetric: start iterating until Edm is < 1e-05
VariableMetric: Initial state   - FCN =   11.07582860767 Edm =      1.49744 NCalls =     21
VariableMetric: Iteration #   1 - FCN =   9.466042970878 Edm =     0.025421 NCalls =     34
VariableMetric: Iteration #   2 - FCN =   9.438333059049 Edm =   0.00019579 NCalls =     46
VariableMetric: Iteration #   3 - FCN =   9.438099301568 Edm =   3.7682e-08 NCalls =     58
VariableMetric: After Hessian   - FCN =   9.438099301568 Edm =  3.86241e-08 NCalls =     89
Number of iterations 5
----------> Iteration 0
            FVAL = 11.0758286077 Edm = 1.49744117589 Nfcn = 21
            Error matrix change = 1
            Parameters :  p0 = 0 p1 = 0 p2 = 0 p3 = 0 p4 = 0.612582
----------> Iteration 1
            FVAL = 9.46604297088 Edm = 0.025420958629 Nfcn = 34
            Error matrix change = 0.534607
            Parameters :  p0 = -0.319864 p1 = -0.394558 p2 = -0.364997 p3 = -0.466481 p4 = -0.56484
----------> Iteration 2
            FVAL = 9.43833305905 Edm = 0.000195789750266 Nfcn = 46
            Error matrix change = 0.288575
            Parameters :  p0 = -0.234679 p1 = -0.293093 p2 = -0.269722 p3 = -0.35156 p4 = -0.659405
----------> Iteration 3
            FVAL = 9.43809930157 Edm = 3.76819999453e-08 Nfcn = 58
            Error matrix change = 0.171659
            Parameters :  p0 = -0.239778 p1 = -0.298109 p2 = -0.274851 p3 = -0.355831 p4 = -0.674753
----------> Iteration 4
            FVAL = 9.43809930157 Edm = 3.86240967054e-08 Nfcn = 89
            Error matrix change = 0
            Parameters :  p0 = -0.239778 p1 = -0.298109 p2 = -0.274851 p3 = -0.355831 p4 = -0.674753
Minuit2Minimizer : Valid minimum - status = 0
FVAL  = 9.4380993015675152
Edm   = 3.86240967053976827e-08
Nfcn  = 89
jerUp_unc	  = -0.239778	 +/-  0.989827	(limited)
jesUp_unc	  = -0.298109	 +/-  0.986096	(limited)
lumi	  = -0.274851	 +/-  0.987683	(limited)
pdf_unc	  = -0.355831	 +/-  0.981582	(limited)
xs_Bkg	  = -0.674753	 +/-  0.818025	(limited)
Reference signal fit
   0) jerUp_unc                      = -0.239778
   1) jesUp_unc                      = -0.298109
   2) lumi                           = -0.274851
   3) pdf_unc                        = -0.355831
   4) xs_Bkg                         = -0.674753

Fitting of the signal-plus-background hypothesis done in 0.00232196 s
      Evaluation of p-values done in  5.73068 s
	CLs = 0.00889454 +/- 0.00335323
      Evaluation of p-values done in  5.48651 s
	CLs = 0.00962155 +/- 0.00247758
      Evaluation of p-values done in  5.50092 s
	CLs = 0.0119863 +/- 0.00225762
      Evaluation of p-values done in  5.52191 s
	CLs = 0.0122858 +/- 0.00198632
      Evaluation of p-values done in  5.49257 s
	CLs = 0.0118925 +/- 0.00174773
	CLs      = 0.0118925 +/- 0.00174773
	CLb      = 0.7736 +/- 0.0059185
	CLsplusb = 0.0092 +/- 0.00135021

Hybrid result saved as HypoTestResult_mh120_r11_1617945458 in higgsCombineTest.HybridNew.mH120.54678739.root : higgsCombineTest.HybridNew.mH120.54678739.root:/toys

 -- Hybrid New -- 
CLs = 0.0118925 +/- 0.00174773
Total toys: 10000
Done in 0.00 min (cpu), 0.47 min (real)
