>>> including systematics
>>> using the Profile Likelihood test statistics modified for upper limits (Q_LHC)
>>> method used to compute upper limit is HybridNew
>>> Using OpenSSL to get a really random seed 
>>> Used OpenSSL to get a really random seed -1534505938
Adding /uscms_data/d2/lpcljm/sapta/SUSYSearch/LimitSetting/CMSSW_7_1_5/src to include path
Adding /cvmfs/cms.cern.ch/slc6_amd64_gcc481/lcg/roofit/5.34.18-cms3//include to include path
Input workspace 'w': 

RooWorkspace(w) w contents

variables
---------
(jerUp_unc,jerUp_unc_In,jesUp_unc,jesUp_unc_In,lumi,lumi_In,n_obs_binbin1,pdf_unc,pdf_unc_In,r,xs_Bkg,xs_Bkg_In)

p.d.f.s
-------
SimpleGaussianConstraint::jerUp_unc_Pdf[ x=jerUp_unc mean=jerUp_unc_In sigma=1 ] = 1
SimpleGaussianConstraint::jesUp_unc_Pdf[ x=jesUp_unc mean=jesUp_unc_In sigma=1 ] = 1
SimpleGaussianConstraint::lumi_Pdf[ x=lumi mean=lumi_In sigma=1 ] = 1
RooProdPdf::modelObs_b[ pdf_binbin1_bonly ] = 0.000734644
RooProdPdf::modelObs_s[ pdf_binbin1 ] = 0.000873304
RooProdPdf::model_b[ modelObs_b * nuisancePdf ] = 0.000734644
RooProdPdf::model_s[ modelObs_s * nuisancePdf ] = 0.000873304
RooProdPdf::nuisancePdf[ lumi_Pdf * jesUp_unc_Pdf * pdf_unc_Pdf * xs_Bkg_Pdf * jerUp_unc_Pdf ] = 1
RooPoisson::pdf_binbin1[ x=n_obs_binbin1 mean=n_exp_binbin1 ] = 0.000873304
RooPoisson::pdf_binbin1_bonly[ x=n_obs_binbin1 mean=n_exp_binbin1_bonly ] = 0.000734644
SimpleGaussianConstraint::pdf_unc_Pdf[ x=pdf_unc mean=pdf_unc_In sigma=1 ] = 1
SimpleGaussianConstraint::xs_Bkg_Pdf[ x=xs_Bkg mean=xs_Bkg_In sigma=1 ] = 1

functions
--------
RooAddition::n_exp_binbin1[ n_exp_binbin1_proc_BH + n_exp_binbin1_proc_Background ] = 240.078
RooAddition::n_exp_binbin1_bonly[ n_exp_binbin1_proc_Background ] = 239.078
ProcessNormalization::n_exp_binbin1_proc_BH[ thetaList=(lumi,jesUp_unc,pdf_unc,jerUp_unc) asymmThetaList=() otherFactorList=(r) ] = 1
ProcessNormalization::n_exp_binbin1_proc_Background[ thetaList=(xs_Bkg) asymmThetaList=() otherFactorList=() ] = 239.078

datasets
--------
RooDataSet::data_obs(n_obs_binbin1)

named sets
----------
ModelConfig_GlobalObservables:(lumi_In,jesUp_unc_In,pdf_unc_In,xs_Bkg_In,jerUp_unc_In)
ModelConfig_NuisParams:(lumi,jesUp_unc,pdf_unc,xs_Bkg,jerUp_unc)
ModelConfig_Observables:(n_obs_binbin1)
ModelConfig_POI:(r)
ModelConfig_bonly_GlobalObservables:(lumi_In,jesUp_unc_In,pdf_unc_In,xs_Bkg_In,jerUp_unc_In)
ModelConfig_bonly_NuisParams:(lumi,jesUp_unc,pdf_unc,xs_Bkg,jerUp_unc)
ModelConfig_bonly_Observables:(n_obs_binbin1)
ModelConfig_bonly_POI:(r)
POI:(r)
globalObservables:(lumi_In,jesUp_unc_In,pdf_unc_In,xs_Bkg_In,jerUp_unc_In)
nuisances:(lumi,jesUp_unc,pdf_unc,xs_Bkg,jerUp_unc)
observables:(n_obs_binbin1)

generic objects
---------------
RooStats::ModelConfig::ModelConfig
RooStats::ModelConfig::ModelConfig_bonly
RooArgSet::discreteParams

Workspace has a ModelConfig for signal called 'ModelConfig', with contents:

=== Using the following for ModelConfig ===
Observables:             RooArgSet:: = (n_obs_binbin1)
Parameters of Interest:  RooArgSet:: = (r)
Nuisance Parameters:     RooArgSet:: = (lumi,jesUp_unc,pdf_unc,xs_Bkg,jerUp_unc)
Global Observables:      RooArgSet:: = (lumi_In,jesUp_unc_In,pdf_unc_In,xs_Bkg_In,jerUp_unc_In)
PDF:                     RooProdPdf::model_s[ modelObs_s * nuisancePdf ] = 0.000873304

Input ModelConfig 'ModelConfig': 

=== Using the following for ModelConfig ===
Observables:             RooArgSet:: = (n_obs_binbin1)
Parameters of Interest:  RooArgSet:: = (r)
Nuisance Parameters:     RooArgSet:: = (lumi,jesUp_unc,pdf_unc,xs_Bkg,jerUp_unc)
Global Observables:      RooArgSet:: = (lumi_In,jesUp_unc_In,pdf_unc_In,xs_Bkg_In,jerUp_unc_In)
PDF:                     RooProdPdf::model_s[ modelObs_s * nuisancePdf ] = 0.000873304

[#1] INFO:ObjectHandling -- RooWorkspace::import(w) importing RooUniform::prior
Computing limit starting from observation
  1) RooRealVar:: n_obs_binbin1 = 281
Set default minimizer to Minuit2
  r = 125 +/- 0
[#1] INFO:Minization --  Including the following contraint terms in minimization: (nuisancePdf)
[#1] INFO:Fitting -- RooAddition::defaultErrorLevel(nll_model_s_data_obs_with_constr) Summation contains a RooNLLVar, using its error level
Minuit2Minimizer: Minimize with max-calls 2500 convergence for edm < 0.01 strategy 1
MnSeedGenerator: for initial parameters FCN = 11.8108
MnSeedGenerator: Initial state:   - FCN =   11.81081693222 Edm =      3.39928 NCalls =     21
VariableMetric: start iterating until Edm is < 1e-05
VariableMetric: Initial state   - FCN =   11.81081693222 Edm =      3.39928 NCalls =     21
VariableMetric: Iteration #   1 - FCN =   8.587677359425 Edm =    0.0200471 NCalls =     32
VariableMetric: Iteration #   2 - FCN =   8.570193112128 Edm =  2.54008e-08 NCalls =     44
VariableMetric: After Hessian   - FCN =   8.570193112128 Edm =  2.39771e-08 NCalls =     75
Number of iterations 4
----------> Iteration 0
            FVAL = 11.8108169322 Edm = 3.3992829384 Nfcn = 21
            Error matrix change = 1
            Parameters :  p0 = 0 p1 = 0 p2 = 0 p3 = 0 p4 = 0
----------> Iteration 1
            FVAL = 8.58767735942 Edm = 0.0200470913118 Nfcn = 32
            Error matrix change = 0.500658
            Parameters :  p0 = 0 p1 = 0 p2 = 0 p3 = 0 p4 = 0.713523
----------> Iteration 2
            FVAL = 8.57019311213 Edm = 2.54008432262e-08 Nfcn = 44
            Error matrix change = 0.250841
            Parameters :  p0 = 0 p1 = 0 p2 = 0 p3 = 0 p4 = 0.665875
----------> Iteration 3
            FVAL = 8.57019311213 Edm = 2.39771475209e-08 Nfcn = 75
            Error matrix change = 0
            Parameters :  p0 = 0 p1 = 0 p2 = 0 p3 = 0 p4 = 0.665875
Minuit2Minimizer : Valid minimum - status = 0
FVAL  = 8.57019311212775392
Edm   = 2.39771475209313051e-08
Nfcn  = 75
jerUp_unc	  = 0	 +/-  0.996602	(limited)
jesUp_unc	  = 0	 +/-  0.996602	(limited)
lumi	  = 0	 +/-  0.996602	(limited)
pdf_unc	  = 0	 +/-  0.996602	(limited)
xs_Bkg	  = 0.665875	 +/-  0.255476	(limited)
Zero signal fit
   0) jerUp_unc                      =         0
   1) jesUp_unc                      =         0
   2) lumi                           =         0
   3) pdf_unc                        =         0
   4) xs_Bkg                         =  0.665875

Fitting of the background hypothesis done in 0.282789 s
[#1] INFO:Fitting -- RooAddition::defaultErrorLevel(nll_model_s_data_obs_with_constr) Summation contains a RooNLLVar, using its error level
Minuit2Minimizer: Minimize with max-calls 2500 convergence for edm < 0.01 strategy 1
MnSeedGenerator: for initial parameters FCN = 29.2522
MnSeedGenerator: Initial state:   - FCN =   29.25217040223 Edm =      22.1148 NCalls =     21
VariableMetric: start iterating until Edm is < 1e-05
VariableMetric: Initial state   - FCN =   29.25217040223 Edm =      22.1148 NCalls =     21
VariableMetric: Iteration #   1 - FCN =   12.57039052149 Edm =      1.55962 NCalls =     33
VariableMetric: Iteration #   2 - FCN =   9.766387869939 Edm =    0.0553616 NCalls =     45
VariableMetric: Iteration #   3 - FCN =   9.685958667341 Edm =  0.000566573 NCalls =     57
VariableMetric: Iteration #   4 - FCN =   9.685335085548 Edm =  2.22774e-06 NCalls =     69
VariableMetric: After Hessian   - FCN =   9.685335085548 Edm =  2.52524e-06 NCalls =    100
Number of iterations 6
----------> Iteration 0
            FVAL = 29.2521704022 Edm = 22.1148196559 Nfcn = 21
            Error matrix change = 1
            Parameters :  p0 = 0 p1 = 0 p2 = 0 p3 = 0 p4 = 0.665875
----------> Iteration 1
            FVAL = 12.5703905215 Edm = 1.55961709443 Nfcn = 33
            Error matrix change = 0.599918
            Parameters :  p0 = -1.03702 p1 = -1.22715 p2 = -1.15506 p3 = -1.38449 p4 = -0.614007
----------> Iteration 2
            FVAL = 9.76638786994 Edm = 0.0553615762454 Nfcn = 45
            Error matrix change = 0.423587
            Parameters :  p0 = -0.0927002 p1 = -0.209259 p2 = -0.158461 p3 = -0.355783 p4 = -1.3027
----------> Iteration 3
            FVAL = 9.68595866734 Edm = 0.000566572780341 Nfcn = 57
            Error matrix change = 0.232885
            Parameters :  p0 = -0.196443 p1 = -0.230218 p2 = -0.216207 p3 = -0.272064 p4 = -1.44071
----------> Iteration 4
            FVAL = 9.68533508555 Edm = 2.22774433855e-06 Nfcn = 69
            Error matrix change = 0.141008
            Parameters :  p0 = -0.175829 p1 = -0.217356 p2 = -0.200912 p3 = -0.258357 p4 = -1.45198
----------> Iteration 5
            FVAL = 9.68533508555 Edm = 2.52524272931e-06 Nfcn = 100
            Error matrix change = 0
            Parameters :  p0 = -0.175829 p1 = -0.217356 p2 = -0.200912 p3 = -0.258357 p4 = -1.45198
Minuit2Minimizer : Valid minimum - status = 0
FVAL  = 9.6853350855477558
Edm   = 2.52524272930587405e-06
Nfcn  = 100
jerUp_unc	  = -0.175829	 +/-  0.986889	(limited)
jesUp_unc	  = -0.217356	 +/-  0.981527	(limited)
lumi	  = -0.200912	 +/-  0.98381	(limited)
pdf_unc	  = -0.258357	 +/-  0.975025	(limited)
xs_Bkg	  = -1.45198	 +/-  0.453551	(limited)
Reference signal fit
   0) jerUp_unc                      = -0.175829
   1) jesUp_unc                      = -0.217356
   2) lumi                           = -0.200912
   3) pdf_unc                        = -0.258357
   4) xs_Bkg                         =  -1.45198

Fitting of the signal-plus-background hypothesis done in 0.00241923 s
      Evaluation of p-values done in  6.24584 s
	CLs = 0.0819892 +/- 0.0102855
      Evaluation of p-values done in  5.82872 s
	CLs = 0.0756246 +/- 0.00701468
      Evaluation of p-values done in  6.08342 s
	CLs = 0.071968 +/- 0.00555154
      Evaluation of p-values done in  6.02976 s
	CLs = 0.069046 +/- 0.00471563
      Evaluation of p-values done in  6.0565 s
	CLs = 0.0722667 +/- 0.00430985
	CLs      = 0.0722667 +/- 0.00430985
	CLb      = 0.75 +/- 0.00612372
	CLsplusb = 0.0542 +/- 0.00320195

Hybrid result saved as HypoTestResult_mh120_r125_19357037 in higgsCombineTest.HybridNew.mH120.-1534505938.root : higgsCombineTest.HybridNew.mH120.-1534505938.root:/toys

 -- Hybrid New -- 
CLs = 0.0722667 +/- 0.00430985
Total toys: 10000
Done in 0.00 min (cpu), 0.51 min (real)
