>>> including systematics
>>> using the Profile Likelihood test statistics modified for upper limits (Q_LHC)
>>> method used to compute upper limit is HybridNew
>>> Using OpenSSL to get a really random seed 
>>> Used OpenSSL to get a really random seed -2048154949
Adding /uscms_data/d2/lpcljm/sapta/SUSYSearch/LimitSetting/CMSSW_7_1_5/src to include path
Adding /cvmfs/cms.cern.ch/slc6_amd64_gcc481/lcg/roofit/5.34.18-cms3//include to include path
Input workspace 'w': 

RooWorkspace(w) w contents

variables
---------
(jerUp_unc,jerUp_unc_In,jesUp_unc,jesUp_unc_In,lumi,lumi_In,n_obs_binbin1,pdf_unc,pdf_unc_In,r,xs_Bkg,xs_Bkg_In)

p.d.f.s
-------
SimpleGaussianConstraint::jerUp_unc_Pdf[ x=jerUp_unc mean=jerUp_unc_In sigma=1 ] = 1
SimpleGaussianConstraint::jesUp_unc_Pdf[ x=jesUp_unc mean=jesUp_unc_In sigma=1 ] = 1
SimpleGaussianConstraint::lumi_Pdf[ x=lumi mean=lumi_In sigma=1 ] = 1
RooProdPdf::modelObs_b[ pdf_binbin1_bonly ] = 0.000734644
RooProdPdf::modelObs_s[ pdf_binbin1 ] = 0.000873304
RooProdPdf::model_b[ modelObs_b * nuisancePdf ] = 0.000734644
RooProdPdf::model_s[ modelObs_s * nuisancePdf ] = 0.000873304
RooProdPdf::nuisancePdf[ lumi_Pdf * jesUp_unc_Pdf * pdf_unc_Pdf * xs_Bkg_Pdf * jerUp_unc_Pdf ] = 1
RooPoisson::pdf_binbin1[ x=n_obs_binbin1 mean=n_exp_binbin1 ] = 0.000873304
RooPoisson::pdf_binbin1_bonly[ x=n_obs_binbin1 mean=n_exp_binbin1_bonly ] = 0.000734644
SimpleGaussianConstraint::pdf_unc_Pdf[ x=pdf_unc mean=pdf_unc_In sigma=1 ] = 1
SimpleGaussianConstraint::xs_Bkg_Pdf[ x=xs_Bkg mean=xs_Bkg_In sigma=1 ] = 1

functions
--------
RooAddition::n_exp_binbin1[ n_exp_binbin1_proc_BH + n_exp_binbin1_proc_Background ] = 240.078
RooAddition::n_exp_binbin1_bonly[ n_exp_binbin1_proc_Background ] = 239.078
ProcessNormalization::n_exp_binbin1_proc_BH[ thetaList=(lumi,jesUp_unc,pdf_unc,jerUp_unc) asymmThetaList=() otherFactorList=(r) ] = 1
ProcessNormalization::n_exp_binbin1_proc_Background[ thetaList=(xs_Bkg) asymmThetaList=() otherFactorList=() ] = 239.078

datasets
--------
RooDataSet::data_obs(n_obs_binbin1)

named sets
----------
ModelConfig_GlobalObservables:(lumi_In,jesUp_unc_In,pdf_unc_In,xs_Bkg_In,jerUp_unc_In)
ModelConfig_NuisParams:(lumi,jesUp_unc,pdf_unc,xs_Bkg,jerUp_unc)
ModelConfig_Observables:(n_obs_binbin1)
ModelConfig_POI:(r)
ModelConfig_bonly_GlobalObservables:(lumi_In,jesUp_unc_In,pdf_unc_In,xs_Bkg_In,jerUp_unc_In)
ModelConfig_bonly_NuisParams:(lumi,jesUp_unc,pdf_unc,xs_Bkg,jerUp_unc)
ModelConfig_bonly_Observables:(n_obs_binbin1)
ModelConfig_bonly_POI:(r)
POI:(r)
globalObservables:(lumi_In,jesUp_unc_In,pdf_unc_In,xs_Bkg_In,jerUp_unc_In)
nuisances:(lumi,jesUp_unc,pdf_unc,xs_Bkg,jerUp_unc)
observables:(n_obs_binbin1)

generic objects
---------------
RooStats::ModelConfig::ModelConfig
RooStats::ModelConfig::ModelConfig_bonly
RooArgSet::discreteParams

Workspace has a ModelConfig for signal called 'ModelConfig', with contents:

=== Using the following for ModelConfig ===
Observables:             RooArgSet:: = (n_obs_binbin1)
Parameters of Interest:  RooArgSet:: = (r)
Nuisance Parameters:     RooArgSet:: = (lumi,jesUp_unc,pdf_unc,xs_Bkg,jerUp_unc)
Global Observables:      RooArgSet:: = (lumi_In,jesUp_unc_In,pdf_unc_In,xs_Bkg_In,jerUp_unc_In)
PDF:                     RooProdPdf::model_s[ modelObs_s * nuisancePdf ] = 0.000873304

Input ModelConfig 'ModelConfig': 

=== Using the following for ModelConfig ===
Observables:             RooArgSet:: = (n_obs_binbin1)
Parameters of Interest:  RooArgSet:: = (r)
Nuisance Parameters:     RooArgSet:: = (lumi,jesUp_unc,pdf_unc,xs_Bkg,jerUp_unc)
Global Observables:      RooArgSet:: = (lumi_In,jesUp_unc_In,pdf_unc_In,xs_Bkg_In,jerUp_unc_In)
PDF:                     RooProdPdf::model_s[ modelObs_s * nuisancePdf ] = 0.000873304

[#1] INFO:ObjectHandling -- RooWorkspace::import(w) importing RooUniform::prior
Computing limit starting from observation
  1) RooRealVar:: n_obs_binbin1 = 281
Set default minimizer to Minuit2
  r = 150 +/- 0
[#1] INFO:Minization --  Including the following contraint terms in minimization: (nuisancePdf)
[#1] INFO:Fitting -- RooAddition::defaultErrorLevel(nll_model_s_data_obs_with_constr) Summation contains a RooNLLVar, using its error level
Minuit2Minimizer: Minimize with max-calls 2500 convergence for edm < 0.01 strategy 1
MnSeedGenerator: for initial parameters FCN = 11.8108
MnSeedGenerator: Initial state:   - FCN =   11.81081693222 Edm =      3.39928 NCalls =     21
VariableMetric: start iterating until Edm is < 1e-05
VariableMetric: Initial state   - FCN =   11.81081693222 Edm =      3.39928 NCalls =     21
VariableMetric: Iteration #   1 - FCN =   8.587677359425 Edm =    0.0200471 NCalls =     32
VariableMetric: Iteration #   2 - FCN =   8.570193112128 Edm =  2.54008e-08 NCalls =     44
VariableMetric: After Hessian   - FCN =   8.570193112128 Edm =  2.39771e-08 NCalls =     75
Number of iterations 4
----------> Iteration 0
            FVAL = 11.8108169322 Edm = 3.3992829384 Nfcn = 21
            Error matrix change = 1
            Parameters :  p0 = 0 p1 = 0 p2 = 0 p3 = 0 p4 = 0
----------> Iteration 1
            FVAL = 8.58767735942 Edm = 0.0200470913118 Nfcn = 32
            Error matrix change = 0.500658
            Parameters :  p0 = 0 p1 = 0 p2 = 0 p3 = 0 p4 = 0.713523
----------> Iteration 2
            FVAL = 8.57019311213 Edm = 2.54008432262e-08 Nfcn = 44
            Error matrix change = 0.250841
            Parameters :  p0 = 0 p1 = 0 p2 = 0 p3 = 0 p4 = 0.665875
----------> Iteration 3
            FVAL = 8.57019311213 Edm = 2.39771475209e-08 Nfcn = 75
            Error matrix change = 0
            Parameters :  p0 = 0 p1 = 0 p2 = 0 p3 = 0 p4 = 0.665875
Minuit2Minimizer : Valid minimum - status = 0
FVAL  = 8.57019311212775392
Edm   = 2.39771475209313051e-08
Nfcn  = 75
jerUp_unc	  = 0	 +/-  0.996602	(limited)
jesUp_unc	  = 0	 +/-  0.996602	(limited)
lumi	  = 0	 +/-  0.996602	(limited)
pdf_unc	  = 0	 +/-  0.996602	(limited)
xs_Bkg	  = 0.665875	 +/-  0.255476	(limited)
Zero signal fit
   0) jerUp_unc                      =         0
   1) jesUp_unc                      =         0
   2) lumi                           =         0
   3) pdf_unc                        =         0
   4) xs_Bkg                         =  0.665875

Fitting of the background hypothesis done in 0.296337 s
[#1] INFO:Fitting -- RooAddition::defaultErrorLevel(nll_model_s_data_obs_with_constr) Summation contains a RooNLLVar, using its error level
Minuit2Minimizer: Minimize with max-calls 2500 convergence for edm < 0.01 strategy 1
MnSeedGenerator: for initial parameters FCN = 37.3425
MnSeedGenerator: Initial state:   - FCN =   37.34253482493 Edm =      31.5073 NCalls =     21
VariableMetric: start iterating until Edm is < 1e-05
VariableMetric: Initial state   - FCN =   37.34253482493 Edm =      31.5073 NCalls =     21
VariableMetric: Iteration #   1 - FCN =   14.93686129619 Edm =      2.06177 NCalls =     33
VariableMetric: Iteration #   2 - FCN =   10.91637503543 Edm =      0.10688 NCalls =     45
VariableMetric: Iteration #   3 - FCN =   10.74673861017 Edm =   0.00211512 NCalls =     57
VariableMetric: Iteration #   4 - FCN =   10.74434977796 Edm =  1.55699e-05 NCalls =     69
VariableMetric: Iteration #   5 - FCN =   10.74433169238 Edm =  6.74861e-08 NCalls =     81
VariableMetric: After Hessian   - FCN =   10.74433169238 Edm =  7.70128e-08 NCalls =    112
Number of iterations 7
----------> Iteration 0
            FVAL = 37.3425348249 Edm = 31.5073470721 Nfcn = 21
            Error matrix change = 1
            Parameters :  p0 = 0 p1 = 0 p2 = 0 p3 = 0 p4 = 0.665875
----------> Iteration 1
            FVAL = 14.9368612962 Edm = 2.06176638449 Nfcn = 33
            Error matrix change = 0.605809
            Parameters :  p0 = -1.30177 p1 = -1.51873 p2 = -1.43785 p3 = -1.68798 p4 = -0.737028
----------> Iteration 2
            FVAL = 10.9163750354 Edm = 0.106880490455 Nfcn = 45
            Error matrix change = 0.434316
            Parameters :  p0 = -0.165446 p1 = -0.35759 p2 = -0.275203 p3 = -0.585338 p4 = -1.62964
----------> Iteration 3
            FVAL = 10.7467386102 Edm = 0.0021151228407 Nfcn = 57
            Error matrix change = 0.248353
            Parameters :  p0 = -0.327794 p1 = -0.381795 p2 = -0.358685 p3 = -0.455112 p4 = -1.8401
----------> Iteration 4
            FVAL = 10.744349778 Edm = 1.55698560735e-05 Nfcn = 69
            Error matrix change = 0.15233
            Parameters :  p0 = -0.290959 p1 = -0.357745 p2 = -0.331291 p3 = -0.424951 p4 = -1.86528
----------> Iteration 5
            FVAL = 10.7443316924 Edm = 6.74861126457e-08 Nfcn = 81
            Error matrix change = 0.105684
            Parameters :  p0 = -0.288633 p1 = -0.35921 p2 = -0.331139 p3 = -0.428546 p4 = -1.8664
----------> Iteration 6
            FVAL = 10.7443316924 Edm = 7.70128256633e-08 Nfcn = 112
            Error matrix change = 0
            Parameters :  p0 = -0.288633 p1 = -0.35921 p2 = -0.331139 p3 = -0.428546 p4 = -1.8664
Minuit2Minimizer : Valid minimum - status = 0
FVAL  = 10.7443316923771057
Edm   = 7.70128256633351815e-08
Nfcn  = 112
jerUp_unc	  = -0.288633	 +/-  0.981708	(limited)
jesUp_unc	  = -0.35921	 +/-  0.973455	(limited)
lumi	  = -0.331139	 +/-  0.976971	(limited)
pdf_unc	  = -0.428546	 +/-  0.963412	(limited)
xs_Bkg	  = -1.8664	 +/-  0.497815	(limited)
Reference signal fit
   0) jerUp_unc                      = -0.288633
   1) jesUp_unc                      =  -0.35921
   2) lumi                           = -0.331139
   3) pdf_unc                        = -0.428546
   4) xs_Bkg                         =   -1.8664

Fitting of the signal-plus-background hypothesis done in 0.00252604 s
      Evaluation of p-values done in  6.36017 s
	CLs = 0.0174263 +/- 0.00481241
      Evaluation of p-values done in  6.22969 s
	CLs = 0.0161834 +/- 0.00329049
      Evaluation of p-values done in  6.16474 s
	CLs = 0.0184768 +/- 0.00287278
      Evaluation of p-values done in  6.28052 s
	CLs = 0.0195352 +/- 0.00255293
      Evaluation of p-values done in  6.5785 s
	CLs = 0.0185784 +/- 0.00222646
	CLs      = 0.0185784 +/- 0.00222646
	CLb      = 0.7428 +/- 0.00618139
	CLsplusb = 0.0138 +/- 0.00164982

Hybrid result saved as HypoTestResult_mh120_r150_2442804501 in higgsCombineTest.HybridNew.mH120.-2048154949.root : higgsCombineTest.HybridNew.mH120.-2048154949.root:/toys

 -- Hybrid New -- 
CLs = 0.0185784 +/- 0.00222646
Total toys: 10000
Done in 0.00 min (cpu), 0.53 min (real)
