>>> including systematics
>>> using the Profile Likelihood test statistics modified for upper limits (Q_LHC)
>>> method used to compute upper limit is HybridNew
>>> Using OpenSSL to get a really random seed 
>>> Used OpenSSL to get a really random seed -549743379
Adding /uscms_data/d2/lpcljm/sapta/SUSYSearch/LimitSetting/CMSSW_7_1_5/src to include path
Adding /cvmfs/cms.cern.ch/slc6_amd64_gcc481/lcg/roofit/5.34.18-cms3//include to include path
Input workspace 'w': 

RooWorkspace(w) w contents

variables
---------
(jerUp_unc,jerUp_unc_In,jesUp_unc,jesUp_unc_In,lumi,lumi_In,n_obs_binbin1,pdf_unc,pdf_unc_In,r,xs_Bkg,xs_Bkg_In)

p.d.f.s
-------
SimpleGaussianConstraint::jerUp_unc_Pdf[ x=jerUp_unc mean=jerUp_unc_In sigma=1 ] = 1
SimpleGaussianConstraint::jesUp_unc_Pdf[ x=jesUp_unc mean=jesUp_unc_In sigma=1 ] = 1
SimpleGaussianConstraint::lumi_Pdf[ x=lumi mean=lumi_In sigma=1 ] = 1
RooProdPdf::modelObs_b[ pdf_binbin1_bonly ] = 0.0476986
RooProdPdf::modelObs_s[ pdf_binbin1 ] = 0.0570507
RooProdPdf::model_b[ modelObs_b * nuisancePdf ] = 0.0476986
RooProdPdf::model_s[ modelObs_s * nuisancePdf ] = 0.0570507
RooProdPdf::nuisancePdf[ lumi_Pdf * jesUp_unc_Pdf * pdf_unc_Pdf * xs_Bkg_Pdf * jerUp_unc_Pdf ] = 1
RooPoisson::pdf_binbin1[ x=n_obs_binbin1 mean=n_exp_binbin1 ] = 0.0570507
RooPoisson::pdf_binbin1_bonly[ x=n_obs_binbin1 mean=n_exp_binbin1_bonly ] = 0.0476986
SimpleGaussianConstraint::pdf_unc_Pdf[ x=pdf_unc mean=pdf_unc_In sigma=1 ] = 1
SimpleGaussianConstraint::xs_Bkg_Pdf[ x=xs_Bkg mean=xs_Bkg_In sigma=1 ] = 1

functions
--------
RooAddition::n_exp_binbin1[ n_exp_binbin1_proc_BH + n_exp_binbin1_proc_Background ] = 24.2517
RooAddition::n_exp_binbin1_bonly[ n_exp_binbin1_proc_Background ] = 23.2517
ProcessNormalization::n_exp_binbin1_proc_BH[ thetaList=(lumi,jesUp_unc,pdf_unc,jerUp_unc) asymmThetaList=() otherFactorList=(r) ] = 1
ProcessNormalization::n_exp_binbin1_proc_Background[ thetaList=(xs_Bkg) asymmThetaList=() otherFactorList=() ] = 23.2517

datasets
--------
RooDataSet::data_obs(n_obs_binbin1)

named sets
----------
ModelConfig_GlobalObservables:(lumi_In,jesUp_unc_In,pdf_unc_In,xs_Bkg_In,jerUp_unc_In)
ModelConfig_NuisParams:(lumi,jesUp_unc,pdf_unc,xs_Bkg,jerUp_unc)
ModelConfig_Observables:(n_obs_binbin1)
ModelConfig_POI:(r)
ModelConfig_bonly_GlobalObservables:(lumi_In,jesUp_unc_In,pdf_unc_In,xs_Bkg_In,jerUp_unc_In)
ModelConfig_bonly_NuisParams:(lumi,jesUp_unc,pdf_unc,xs_Bkg,jerUp_unc)
ModelConfig_bonly_Observables:(n_obs_binbin1)
ModelConfig_bonly_POI:(r)
POI:(r)
globalObservables:(lumi_In,jesUp_unc_In,pdf_unc_In,xs_Bkg_In,jerUp_unc_In)
nuisances:(lumi,jesUp_unc,pdf_unc,xs_Bkg,jerUp_unc)
observables:(n_obs_binbin1)

generic objects
---------------
RooStats::ModelConfig::ModelConfig
RooStats::ModelConfig::ModelConfig_bonly
RooArgSet::discreteParams

Workspace has a ModelConfig for signal called 'ModelConfig', with contents:

=== Using the following for ModelConfig ===
Observables:             RooArgSet:: = (n_obs_binbin1)
Parameters of Interest:  RooArgSet:: = (r)
Nuisance Parameters:     RooArgSet:: = (lumi,jesUp_unc,pdf_unc,xs_Bkg,jerUp_unc)
Global Observables:      RooArgSet:: = (lumi_In,jesUp_unc_In,pdf_unc_In,xs_Bkg_In,jerUp_unc_In)
PDF:                     RooProdPdf::model_s[ modelObs_s * nuisancePdf ] = 0.0570507

Input ModelConfig 'ModelConfig': 

=== Using the following for ModelConfig ===
Observables:             RooArgSet:: = (n_obs_binbin1)
Parameters of Interest:  RooArgSet:: = (r)
Nuisance Parameters:     RooArgSet:: = (lumi,jesUp_unc,pdf_unc,xs_Bkg,jerUp_unc)
Global Observables:      RooArgSet:: = (lumi_In,jesUp_unc_In,pdf_unc_In,xs_Bkg_In,jerUp_unc_In)
PDF:                     RooProdPdf::model_s[ modelObs_s * nuisancePdf ] = 0.0570507

[#1] INFO:ObjectHandling -- RooWorkspace::import(w) importing RooUniform::prior
Computing limit starting from observation
  1) RooRealVar:: n_obs_binbin1 = 28
Set default minimizer to Minuit2
  r = 15 +/- 0
[#1] INFO:Minization --  Including the following contraint terms in minimization: (nuisancePdf)
[#1] INFO:Fitting -- RooAddition::defaultErrorLevel(nll_model_s_data_obs_with_constr) Summation contains a RooNLLVar, using its error level
Minuit2Minimizer: Minimize with max-calls 2500 convergence for edm < 0.01 strategy 1
MnSeedGenerator: for initial parameters FCN = 7.63754
MnSeedGenerator: Initial state:   - FCN =   7.637544869274 Edm =     0.399148 NCalls =     21
VariableMetric: start iterating until Edm is < 1e-05
VariableMetric: Initial state   - FCN =   7.637544869274 Edm =     0.399148 NCalls =     21
VariableMetric: Iteration #   1 - FCN =   7.257585213626 Edm =   0.00210353 NCalls =     32
VariableMetric: Iteration #   2 - FCN =   7.255746299907 Edm =  2.95171e-09 NCalls =     44
VariableMetric: After Hessian   - FCN =   7.255746299907 Edm =  2.77728e-09 NCalls =     75
Number of iterations 4
----------> Iteration 0
            FVAL = 7.63754486927 Edm = 0.399147706533 Nfcn = 21
            Error matrix change = 1
            Parameters :  p0 = 0 p1 = 0 p2 = 0 p3 = 0 p4 = 0
----------> Iteration 1
            FVAL = 7.25758521363 Edm = 0.00210353381327 Nfcn = 32
            Error matrix change = 0.501436
            Parameters :  p0 = 0 p1 = 0 p2 = 0 p3 = 0 p4 = 0.37543
----------> Iteration 2
            FVAL = 7.25574629991 Edm = 2.9517135125e-09 Nfcn = 44
            Error matrix change = 0.251928
            Parameters :  p0 = 0 p1 = 0 p2 = 0 p3 = 0 p4 = 0.35162
----------> Iteration 3
            FVAL = 7.25574629991 Edm = 2.77728349749e-09 Nfcn = 75
            Error matrix change = 0
            Parameters :  p0 = 0 p1 = 0 p2 = 0 p3 = 0 p4 = 0.35162
Minuit2Minimizer : Valid minimum - status = 0
FVAL  = 7.25574629990741471
Edm   = 2.77728349749383468e-09
Nfcn  = 75
jerUp_unc	  = 0	 +/-  0.996602	(limited)
jesUp_unc	  = 0	 +/-  0.996602	(limited)
lumi	  = 0	 +/-  0.996602	(limited)
pdf_unc	  = 0	 +/-  0.996602	(limited)
xs_Bkg	  = 0.35162	 +/-  0.39347	(limited)
Zero signal fit
   0) jerUp_unc                      =         0
   1) jesUp_unc                      =         0
   2) lumi                           =         0
   3) pdf_unc                        =         0
   4) xs_Bkg                         =   0.35162

Fitting of the background hypothesis done in 0.244647 s
[#1] INFO:Fitting -- RooAddition::defaultErrorLevel(nll_model_s_data_obs_with_constr) Summation contains a RooNLLVar, using its error level
Minuit2Minimizer: Minimize with max-calls 2500 convergence for edm < 0.01 strategy 1
MnSeedGenerator: for initial parameters FCN = 9.96349
MnSeedGenerator: Initial state:   - FCN =   9.963487285441 Edm =      2.04758 NCalls =     21
VariableMetric: start iterating until Edm is < 1e-05
VariableMetric: Initial state   - FCN =   9.963487285441 Edm =      2.04758 NCalls =     21
VariableMetric: Iteration #   1 - FCN =   7.760247141232 Edm =    0.0795408 NCalls =     34
VariableMetric: Iteration #   2 - FCN =    7.66780809856 Edm =   0.00110699 NCalls =     46
VariableMetric: Iteration #   3 - FCN =   7.666346679267 Edm =  5.68544e-07 NCalls =     58
VariableMetric: After Hessian   - FCN =   7.666346679267 Edm =  5.86289e-07 NCalls =     89
Number of iterations 5
----------> Iteration 0
            FVAL = 9.96348728544 Edm = 2.0475793782 Nfcn = 21
            Error matrix change = 1
            Parameters :  p0 = 0 p1 = 0 p2 = 0 p3 = 0 p4 = 0.35162
----------> Iteration 1
            FVAL = 7.76024714123 Edm = 0.0795408337327 Nfcn = 34
            Error matrix change = 0.542083
            Parameters :  p0 = -0.223109 p1 = -0.275553 p2 = -0.254774 p3 = -0.326267 p4 = -0.638353
----------> Iteration 2
            FVAL = 7.66780809856 Edm = 0.00110698517135 Nfcn = 46
            Error matrix change = 0.302636
            Parameters :  p0 = -0.0538519 p1 = -0.0688093 p2 = -0.0627213 p3 = -0.0846979 p4 = -0.740033
----------> Iteration 3
            FVAL = 7.66634667927 Edm = 5.68544087841e-07 Nfcn = 58
            Error matrix change = 0.167584
            Parameters :  p0 = -0.0612213 p1 = -0.0756579 p2 = -0.0699298 p3 = -0.0897123 p4 = -0.769223
----------> Iteration 4
            FVAL = 7.66634667927 Edm = 5.8628876963e-07 Nfcn = 89
            Error matrix change = 0
            Parameters :  p0 = -0.0612213 p1 = -0.0756579 p2 = -0.0699298 p3 = -0.0897123 p4 = -0.769223
Minuit2Minimizer : Valid minimum - status = 0
FVAL  = 7.66634667926701852
Edm   = 5.86288769630343522e-07
Nfcn  = 89
jerUp_unc	  = -0.0612213	 +/-  0.993349	(limited)
jesUp_unc	  = -0.0756579	 +/-  0.991563	(limited)
lumi	  = -0.0699298	 +/-  0.992322	(limited)
pdf_unc	  = -0.0897123	 +/-  0.989406	(limited)
xs_Bkg	  = -0.769223	 +/-  0.594951	(limited)
Reference signal fit
   0) jerUp_unc                      = -0.0612213
   1) jesUp_unc                      = -0.0756579
   2) lumi                           = -0.0699298
   3) pdf_unc                        = -0.0897123
   4) xs_Bkg                         = -0.769223

Fitting of the signal-plus-background hypothesis done in 0.001472 s
      Evaluation of p-values done in  5.9534 s
	CLs = 0.297337 +/- 0.0198447
      Evaluation of p-values done in  5.85295 s
	CLs = 0.297637 +/- 0.0140235
      Evaluation of p-values done in  5.70031 s
	CLs = 0.291252 +/- 0.0114178
      Evaluation of p-values done in  5.90135 s
	CLs = 0.285397 +/- 0.00975934
      Evaluation of p-values done in  5.87285 s
	CLs = 0.275037 +/- 0.00856392
	CLs      = 0.275037 +/- 0.00856392
	CLb      = 0.677 +/- 0.00661318
	CLsplusb = 0.1862 +/- 0.00550508

Hybrid result saved as HypoTestResult_mh120_r15_2695746452 in higgsCombineTest.HybridNew.mH120.-549743379.root : higgsCombineTest.HybridNew.mH120.-549743379.root:/toys

 -- Hybrid New -- 
CLs = 0.275037 +/- 0.00856392
Total toys: 10000
Done in 0.00 min (cpu), 0.49 min (real)
