>>> including systematics
>>> using the Profile Likelihood test statistics modified for upper limits (Q_LHC)
>>> method used to compute upper limit is HybridNew
>>> Using OpenSSL to get a really random seed 
>>> Used OpenSSL to get a really random seed -2108710353
Adding /uscms_data/d2/lpcljm/sapta/SUSYSearch/LimitSetting/CMSSW_7_1_5/src to include path
Adding /cvmfs/cms.cern.ch/slc6_amd64_gcc481/lcg/roofit/5.34.18-cms3//include to include path
Input workspace 'w': 

RooWorkspace(w) w contents

variables
---------
(jerUp_unc,jerUp_unc_In,jesUp_unc,jesUp_unc_In,lumi,lumi_In,n_obs_binbin1,pdf_unc,pdf_unc_In,r,xs_Bkg,xs_Bkg_In)

p.d.f.s
-------
SimpleGaussianConstraint::jerUp_unc_Pdf[ x=jerUp_unc mean=jerUp_unc_In sigma=1 ] = 1
SimpleGaussianConstraint::jesUp_unc_Pdf[ x=jesUp_unc mean=jesUp_unc_In sigma=1 ] = 1
SimpleGaussianConstraint::lumi_Pdf[ x=lumi mean=lumi_In sigma=1 ] = 1
RooProdPdf::modelObs_b[ pdf_binbin1_bonly ] = 0.0718917
RooProdPdf::modelObs_s[ pdf_binbin1 ] = 0.096782
RooProdPdf::model_b[ modelObs_b * nuisancePdf ] = 0.0718917
RooProdPdf::model_s[ modelObs_s * nuisancePdf ] = 0.096782
RooProdPdf::nuisancePdf[ lumi_Pdf * jesUp_unc_Pdf * pdf_unc_Pdf * xs_Bkg_Pdf * jerUp_unc_Pdf ] = 1
RooPoisson::pdf_binbin1[ x=n_obs_binbin1 mean=n_exp_binbin1 ] = 0.096782
RooPoisson::pdf_binbin1_bonly[ x=n_obs_binbin1 mean=n_exp_binbin1_bonly ] = 0.0718917
SimpleGaussianConstraint::pdf_unc_Pdf[ x=pdf_unc mean=pdf_unc_In sigma=1 ] = 1
SimpleGaussianConstraint::xs_Bkg_Pdf[ x=xs_Bkg mean=xs_Bkg_In sigma=1 ] = 1

functions
--------
RooAddition::n_exp_binbin1[ n_exp_binbin1_proc_BH + n_exp_binbin1_proc_Background ] = 8.98898
RooAddition::n_exp_binbin1_bonly[ n_exp_binbin1_proc_Background ] = 7.98898
ProcessNormalization::n_exp_binbin1_proc_BH[ thetaList=(lumi,jesUp_unc,pdf_unc,jerUp_unc) asymmThetaList=() otherFactorList=(r) ] = 1
ProcessNormalization::n_exp_binbin1_proc_Background[ thetaList=(xs_Bkg) asymmThetaList=() otherFactorList=() ] = 7.98898

datasets
--------
RooDataSet::data_obs(n_obs_binbin1)

named sets
----------
ModelConfig_GlobalObservables:(lumi_In,jesUp_unc_In,pdf_unc_In,xs_Bkg_In,jerUp_unc_In)
ModelConfig_NuisParams:(lumi,jesUp_unc,pdf_unc,xs_Bkg,jerUp_unc)
ModelConfig_Observables:(n_obs_binbin1)
ModelConfig_POI:(r)
ModelConfig_bonly_GlobalObservables:(lumi_In,jesUp_unc_In,pdf_unc_In,xs_Bkg_In,jerUp_unc_In)
ModelConfig_bonly_NuisParams:(lumi,jesUp_unc,pdf_unc,xs_Bkg,jerUp_unc)
ModelConfig_bonly_Observables:(n_obs_binbin1)
ModelConfig_bonly_POI:(r)
POI:(r)
globalObservables:(lumi_In,jesUp_unc_In,pdf_unc_In,xs_Bkg_In,jerUp_unc_In)
nuisances:(lumi,jesUp_unc,pdf_unc,xs_Bkg,jerUp_unc)
observables:(n_obs_binbin1)

generic objects
---------------
RooStats::ModelConfig::ModelConfig
RooStats::ModelConfig::ModelConfig_bonly
RooArgSet::discreteParams

Workspace has a ModelConfig for signal called 'ModelConfig', with contents:

=== Using the following for ModelConfig ===
Observables:             RooArgSet:: = (n_obs_binbin1)
Parameters of Interest:  RooArgSet:: = (r)
Nuisance Parameters:     RooArgSet:: = (lumi,jesUp_unc,pdf_unc,xs_Bkg,jerUp_unc)
Global Observables:      RooArgSet:: = (lumi_In,jesUp_unc_In,pdf_unc_In,xs_Bkg_In,jerUp_unc_In)
PDF:                     RooProdPdf::model_s[ modelObs_s * nuisancePdf ] = 0.096782

Input ModelConfig 'ModelConfig': 

=== Using the following for ModelConfig ===
Observables:             RooArgSet:: = (n_obs_binbin1)
Parameters of Interest:  RooArgSet:: = (r)
Nuisance Parameters:     RooArgSet:: = (lumi,jesUp_unc,pdf_unc,xs_Bkg,jerUp_unc)
Global Observables:      RooArgSet:: = (lumi_In,jesUp_unc_In,pdf_unc_In,xs_Bkg_In,jerUp_unc_In)
PDF:                     RooProdPdf::model_s[ modelObs_s * nuisancePdf ] = 0.096782

[#1] INFO:ObjectHandling -- RooWorkspace::import(w) importing RooUniform::prior
Computing limit starting from observation
  1) RooRealVar:: n_obs_binbin1 = 11
Set default minimizer to Minuit2
  r = 15 +/- 0
[#1] INFO:Minization --  Including the following contraint terms in minimization: (nuisancePdf)
[#1] INFO:Fitting -- RooAddition::defaultErrorLevel(nll_model_s_data_obs_with_constr) Summation contains a RooNLLVar, using its error level
Minuit2Minimizer: Minimize with max-calls 2500 convergence for edm < 0.01 strategy 1
MnSeedGenerator: for initial parameters FCN = 7.22729
MnSeedGenerator: Initial state:   - FCN =   7.227286499285 Edm =     0.404425 NCalls =     21
VariableMetric: start iterating until Edm is < 1e-05
VariableMetric: Initial state   - FCN =   7.227286499285 Edm =     0.404425 NCalls =     21
VariableMetric: Iteration #   1 - FCN =   6.847073513408 Edm =   0.00028901 NCalls =     33
VariableMetric: Iteration #   2 - FCN =   6.846832034625 Edm =  9.19345e-11 NCalls =     45
VariableMetric: After Hessian   - FCN =   6.846832034625 Edm =  8.30834e-11 NCalls =     76
Number of iterations 4
----------> Iteration 0
            FVAL = 7.22728649928 Edm = 0.404424743043 Nfcn = 21
            Error matrix change = 1
            Parameters :  p0 = 0 p1 = 0 p2 = 0 p3 = 0 p4 = 0
----------> Iteration 1
            FVAL = 6.84707351341 Edm = 0.000289010468989 Nfcn = 33
            Error matrix change = 0.502973
            Parameters :  p0 = 0 p1 = 0 p2 = 0 p3 = 0 p4 = 0.450945
----------> Iteration 2
            FVAL = 6.84683203462 Edm = 9.1934530262e-11 Nfcn = 45
            Error matrix change = 0.254049
            Parameters :  p0 = 0 p1 = 0 p2 = 0 p3 = 0 p4 = 0.440199
----------> Iteration 3
            FVAL = 6.84683203462 Edm = 8.30833996611e-11 Nfcn = 76
            Error matrix change = 0
            Parameters :  p0 = 0 p1 = 0 p2 = 0 p3 = 0 p4 = 0.440199
Minuit2Minimizer : Valid minimum - status = 0
FVAL  = 6.8468320346248186
Edm   = 8.30833996611433008e-11
Nfcn  = 76
jerUp_unc	  = 0	 +/-  0.996602	(limited)
jesUp_unc	  = 0	 +/-  0.996602	(limited)
lumi	  = 0	 +/-  0.996602	(limited)
pdf_unc	  = 0	 +/-  0.996602	(limited)
xs_Bkg	  = 0.440199	 +/-  0.489241	(limited)
Zero signal fit
   0) jerUp_unc                      =         0
   1) jesUp_unc                      =         0
   2) lumi                           =         0
   3) pdf_unc                        =         0
   4) xs_Bkg                         =  0.440199

Fitting of the background hypothesis done in 0.303476 s
[#1] INFO:Fitting -- RooAddition::defaultErrorLevel(nll_model_s_data_obs_with_constr) Summation contains a RooNLLVar, using its error level
Minuit2Minimizer: Minimize with max-calls 2500 convergence for edm < 0.01 strategy 1
MnSeedGenerator: for initial parameters FCN = 11.9043
MnSeedGenerator: Initial state:   - FCN =   11.90432958526 Edm =      2.33037 NCalls =     21
VariableMetric: start iterating until Edm is < 1e-05
VariableMetric: Initial state   - FCN =   11.90432958526 Edm =      2.33037 NCalls =     21
VariableMetric: Iteration #   1 - FCN =   9.370956965381 Edm =    0.0807716 NCalls =     34
VariableMetric: Iteration #   2 - FCN =   9.276425465386 Edm =   0.00145942 NCalls =     46
VariableMetric: Iteration #   3 - FCN =   9.274508648161 Edm =   9.3778e-07 NCalls =     58
VariableMetric: After Hessian   - FCN =   9.274508648161 Edm =  9.69983e-07 NCalls =     89
Number of iterations 5
----------> Iteration 0
            FVAL = 11.9043295853 Edm = 2.33037356806 Nfcn = 21
            Error matrix change = 1
            Parameters :  p0 = 0 p1 = 0 p2 = 0 p3 = 0 p4 = 0.440199
----------> Iteration 1
            FVAL = 9.37095696538 Edm = 0.0807716151173 Nfcn = 34
            Error matrix change = 0.5461
            Parameters :  p0 = -0.376069 p1 = -0.462983 p2 = -0.42865 p3 = -0.546123 p4 = -0.832234
----------> Iteration 2
            FVAL = 9.27642546539 Edm = 0.00145941515909 Nfcn = 46
            Error matrix change = 0.299341
            Parameters :  p0 = -0.216885 p1 = -0.272619 p2 = -0.250211 p3 = -0.329345 p4 = -0.990938
----------> Iteration 3
            FVAL = 9.27450864816 Edm = 9.37779729843e-07 Nfcn = 58
            Error matrix change = 0.182232
            Parameters :  p0 = -0.230238 p1 = -0.285728 p2 = -0.263631 p3 = -0.340434 p4 = -1.03106
----------> Iteration 4
            FVAL = 9.27450864816 Edm = 9.69983165162e-07 Nfcn = 89
            Error matrix change = 0
            Parameters :  p0 = -0.230238 p1 = -0.285728 p2 = -0.263631 p3 = -0.340434 p4 = -1.03106
Minuit2Minimizer : Valid minimum - status = 0
FVAL  = 9.27450864816102616
Edm   = 9.6998316516171156e-07
Nfcn  = 89
jerUp_unc	  = -0.230238	 +/-  0.988672	(limited)
jesUp_unc	  = -0.285728	 +/-  0.9843	(limited)
lumi	  = -0.263631	 +/-  0.98616	(limited)
pdf_unc	  = -0.340434	 +/-  0.979005	(limited)
xs_Bkg	  = -1.03106	 +/-  0.751822	(limited)
Reference signal fit
   0) jerUp_unc                      = -0.230238
   1) jesUp_unc                      = -0.285728
   2) lumi                           = -0.263631
   3) pdf_unc                        = -0.340434
   4) xs_Bkg                         =  -1.03106

Fitting of the signal-plus-background hypothesis done in 0.00227189 s
      Evaluation of p-values done in  6.13304 s
	CLs = 0.0295775 +/- 0.00641412
      Evaluation of p-values done in  5.61995 s
	CLs = 0.027933 +/- 0.00438986
      Evaluation of p-values done in  5.57518 s
	CLs = 0.02391 +/- 0.00333113
      Evaluation of p-values done in  5.44661 s
	CLs = 0.025166 +/- 0.00294973
      Evaluation of p-values done in  5.77458 s
	CLs = 0.0243697 +/- 0.00259905
	CLs      = 0.0243697 +/- 0.00259905
	CLb      = 0.714 +/- 0.00639068
	CLsplusb = 0.0174 +/- 0.00184917

Hybrid result saved as HypoTestResult_mh120_r15_2553145284 in higgsCombineTest.HybridNew.mH120.-2108710353.root : higgsCombineTest.HybridNew.mH120.-2108710353.root:/toys

 -- Hybrid New -- 
CLs = 0.0243697 +/- 0.00259905
Total toys: 10000
Done in 0.00 min (cpu), 0.48 min (real)
