>>> including systematics
>>> using the Profile Likelihood test statistics modified for upper limits (Q_LHC)
>>> method used to compute upper limit is HybridNew
>>> Using OpenSSL to get a really random seed 
>>> Used OpenSSL to get a really random seed 1537885131
Adding /uscms_data/d2/lpcljm/sapta/SUSYSearch/LimitSetting/CMSSW_7_1_5/src to include path
Adding /cvmfs/cms.cern.ch/slc6_amd64_gcc481/lcg/roofit/5.34.18-cms3//include to include path
Input workspace 'w': 

RooWorkspace(w) w contents

variables
---------
(jerUp_unc,jerUp_unc_In,jesUp_unc,jesUp_unc_In,lumi,lumi_In,n_obs_binbin1,pdf_unc,pdf_unc_In,r,xs_Bkg,xs_Bkg_In)

p.d.f.s
-------
SimpleGaussianConstraint::jerUp_unc_Pdf[ x=jerUp_unc mean=jerUp_unc_In sigma=1 ] = 1
SimpleGaussianConstraint::jesUp_unc_Pdf[ x=jesUp_unc mean=jesUp_unc_In sigma=1 ] = 1
SimpleGaussianConstraint::lumi_Pdf[ x=lumi mean=lumi_In sigma=1 ] = 1
RooProdPdf::modelObs_b[ pdf_binbin1_bonly ] = 0.000734644
RooProdPdf::modelObs_s[ pdf_binbin1 ] = 0.000873304
RooProdPdf::model_b[ modelObs_b * nuisancePdf ] = 0.000734644
RooProdPdf::model_s[ modelObs_s * nuisancePdf ] = 0.000873304
RooProdPdf::nuisancePdf[ lumi_Pdf * jesUp_unc_Pdf * pdf_unc_Pdf * xs_Bkg_Pdf * jerUp_unc_Pdf ] = 1
RooPoisson::pdf_binbin1[ x=n_obs_binbin1 mean=n_exp_binbin1 ] = 0.000873304
RooPoisson::pdf_binbin1_bonly[ x=n_obs_binbin1 mean=n_exp_binbin1_bonly ] = 0.000734644
SimpleGaussianConstraint::pdf_unc_Pdf[ x=pdf_unc mean=pdf_unc_In sigma=1 ] = 1
SimpleGaussianConstraint::xs_Bkg_Pdf[ x=xs_Bkg mean=xs_Bkg_In sigma=1 ] = 1

functions
--------
RooAddition::n_exp_binbin1[ n_exp_binbin1_proc_BH + n_exp_binbin1_proc_Background ] = 240.078
RooAddition::n_exp_binbin1_bonly[ n_exp_binbin1_proc_Background ] = 239.078
ProcessNormalization::n_exp_binbin1_proc_BH[ thetaList=(lumi,jesUp_unc,pdf_unc,jerUp_unc) asymmThetaList=() otherFactorList=(r) ] = 1
ProcessNormalization::n_exp_binbin1_proc_Background[ thetaList=(xs_Bkg) asymmThetaList=() otherFactorList=() ] = 239.078

datasets
--------
RooDataSet::data_obs(n_obs_binbin1)

named sets
----------
ModelConfig_GlobalObservables:(lumi_In,jesUp_unc_In,pdf_unc_In,xs_Bkg_In,jerUp_unc_In)
ModelConfig_NuisParams:(lumi,jesUp_unc,pdf_unc,xs_Bkg,jerUp_unc)
ModelConfig_Observables:(n_obs_binbin1)
ModelConfig_POI:(r)
ModelConfig_bonly_GlobalObservables:(lumi_In,jesUp_unc_In,pdf_unc_In,xs_Bkg_In,jerUp_unc_In)
ModelConfig_bonly_NuisParams:(lumi,jesUp_unc,pdf_unc,xs_Bkg,jerUp_unc)
ModelConfig_bonly_Observables:(n_obs_binbin1)
ModelConfig_bonly_POI:(r)
POI:(r)
globalObservables:(lumi_In,jesUp_unc_In,pdf_unc_In,xs_Bkg_In,jerUp_unc_In)
nuisances:(lumi,jesUp_unc,pdf_unc,xs_Bkg,jerUp_unc)
observables:(n_obs_binbin1)

generic objects
---------------
RooStats::ModelConfig::ModelConfig
RooStats::ModelConfig::ModelConfig_bonly
RooArgSet::discreteParams

Workspace has a ModelConfig for signal called 'ModelConfig', with contents:

=== Using the following for ModelConfig ===
Observables:             RooArgSet:: = (n_obs_binbin1)
Parameters of Interest:  RooArgSet:: = (r)
Nuisance Parameters:     RooArgSet:: = (lumi,jesUp_unc,pdf_unc,xs_Bkg,jerUp_unc)
Global Observables:      RooArgSet:: = (lumi_In,jesUp_unc_In,pdf_unc_In,xs_Bkg_In,jerUp_unc_In)
PDF:                     RooProdPdf::model_s[ modelObs_s * nuisancePdf ] = 0.000873304

Input ModelConfig 'ModelConfig': 

=== Using the following for ModelConfig ===
Observables:             RooArgSet:: = (n_obs_binbin1)
Parameters of Interest:  RooArgSet:: = (r)
Nuisance Parameters:     RooArgSet:: = (lumi,jesUp_unc,pdf_unc,xs_Bkg,jerUp_unc)
Global Observables:      RooArgSet:: = (lumi_In,jesUp_unc_In,pdf_unc_In,xs_Bkg_In,jerUp_unc_In)
PDF:                     RooProdPdf::model_s[ modelObs_s * nuisancePdf ] = 0.000873304

[#1] INFO:ObjectHandling -- RooWorkspace::import(w) importing RooUniform::prior
Computing limit starting from observation
  1) RooRealVar:: n_obs_binbin1 = 281
Set default minimizer to Minuit2
  r = 175 +/- 0
[#1] INFO:Minization --  Including the following contraint terms in minimization: (nuisancePdf)
[#1] INFO:Fitting -- RooAddition::defaultErrorLevel(nll_model_s_data_obs_with_constr) Summation contains a RooNLLVar, using its error level
Minuit2Minimizer: Minimize with max-calls 2500 convergence for edm < 0.01 strategy 1
MnSeedGenerator: for initial parameters FCN = 11.8108
MnSeedGenerator: Initial state:   - FCN =   11.81081693222 Edm =      3.39928 NCalls =     21
VariableMetric: start iterating until Edm is < 1e-05
VariableMetric: Initial state   - FCN =   11.81081693222 Edm =      3.39928 NCalls =     21
VariableMetric: Iteration #   1 - FCN =   8.587677359425 Edm =    0.0200471 NCalls =     32
VariableMetric: Iteration #   2 - FCN =   8.570193112128 Edm =  2.54008e-08 NCalls =     44
VariableMetric: After Hessian   - FCN =   8.570193112128 Edm =  2.39771e-08 NCalls =     75
Number of iterations 4
----------> Iteration 0
            FVAL = 11.8108169322 Edm = 3.3992829384 Nfcn = 21
            Error matrix change = 1
            Parameters :  p0 = 0 p1 = 0 p2 = 0 p3 = 0 p4 = 0
----------> Iteration 1
            FVAL = 8.58767735942 Edm = 0.0200470913118 Nfcn = 32
            Error matrix change = 0.500658
            Parameters :  p0 = 0 p1 = 0 p2 = 0 p3 = 0 p4 = 0.713523
----------> Iteration 2
            FVAL = 8.57019311213 Edm = 2.54008432262e-08 Nfcn = 44
            Error matrix change = 0.250841
            Parameters :  p0 = 0 p1 = 0 p2 = 0 p3 = 0 p4 = 0.665875
----------> Iteration 3
            FVAL = 8.57019311213 Edm = 2.39771475209e-08 Nfcn = 75
            Error matrix change = 0
            Parameters :  p0 = 0 p1 = 0 p2 = 0 p3 = 0 p4 = 0.665875
Minuit2Minimizer : Valid minimum - status = 0
FVAL  = 8.57019311212775392
Edm   = 2.39771475209313051e-08
Nfcn  = 75
jerUp_unc	  = 0	 +/-  0.996602	(limited)
jesUp_unc	  = 0	 +/-  0.996602	(limited)
lumi	  = 0	 +/-  0.996602	(limited)
pdf_unc	  = 0	 +/-  0.996602	(limited)
xs_Bkg	  = 0.665875	 +/-  0.255476	(limited)
Zero signal fit
   0) jerUp_unc                      =         0
   1) jesUp_unc                      =         0
   2) lumi                           =         0
   3) pdf_unc                        =         0
   4) xs_Bkg                         =  0.665875

Fitting of the background hypothesis done in 0.297748 s
[#1] INFO:Fitting -- RooAddition::defaultErrorLevel(nll_model_s_data_obs_with_constr) Summation contains a RooNLLVar, using its error level
Minuit2Minimizer: Minimize with max-calls 2500 convergence for edm < 0.01 strategy 1
MnSeedGenerator: for initial parameters FCN = 46.393
MnSeedGenerator: Initial state:   - FCN =   46.39296403434 Edm =      42.4967 NCalls =     21
VariableMetric: start iterating until Edm is < 1e-05
VariableMetric: Initial state   - FCN =   46.39296403434 Edm =      42.4967 NCalls =     21
VariableMetric: Iteration #   1 - FCN =   17.65333686869 Edm =      2.52045 NCalls =     33
VariableMetric: Iteration #   2 - FCN =   12.42758134149 Edm =     0.167072 NCalls =     45
VariableMetric: Iteration #   3 - FCN =   12.14245708981 Edm =   0.00527425 NCalls =     57
VariableMetric: Iteration #   4 - FCN =   12.13636544909 Edm =  6.12004e-05 NCalls =     69
VariableMetric: Iteration #   5 - FCN =   12.13629270594 Edm =  4.17999e-07 NCalls =     81
VariableMetric: After Hessian   - FCN =   12.13629270594 Edm =  4.94283e-07 NCalls =    112
Number of iterations 7
----------> Iteration 0
            FVAL = 46.3929640343 Edm = 42.4967379097 Nfcn = 21
            Error matrix change = 1
            Parameters :  p0 = 0 p1 = 0 p2 = 0 p3 = 0 p4 = 0.665875
----------> Iteration 1
            FVAL = 17.6533368687 Edm = 2.52044733379 Nfcn = 33
            Error matrix change = 0.609888
            Parameters :  p0 = -1.56203 p1 = -1.7971 p2 = -1.71106 p3 = -1.96909 p4 = -0.841598
----------> Iteration 2
            FVAL = 12.4275813415 Edm = 0.167071820734 Nfcn = 45
            Error matrix change = 0.440989
            Parameters :  p0 = -0.25788 p1 = -0.5379 p2 = -0.419786 p3 = -0.851104 p4 = -1.91624
----------> Iteration 3
            FVAL = 12.1424570898 Edm = 0.00527425082097 Nfcn = 57
            Error matrix change = 0.261787
            Parameters :  p0 = -0.485438 p1 = -0.563943 p2 = -0.529219 p3 = -0.679115 p4 = -2.19745
----------> Iteration 4
            FVAL = 12.1363654491 Edm = 6.12004029965e-05 Nfcn = 69
            Error matrix change = 0.162246
            Parameters :  p0 = -0.431775 p1 = -0.527788 p2 = -0.489583 p3 = -0.627805 p4 = -2.24151
----------> Iteration 5
            FVAL = 12.1362927059 Edm = 4.17999388222e-07 Nfcn = 81
            Error matrix change = 0.115966
            Parameters :  p0 = -0.427064 p1 = -0.531364 p2 = -0.489982 p3 = -0.633518 p4 = -2.2443
----------> Iteration 6
            FVAL = 12.1362927059 Edm = 4.94282611325e-07 Nfcn = 112
            Error matrix change = 0
            Parameters :  p0 = -0.427064 p1 = -0.531364 p2 = -0.489982 p3 = -0.633518 p4 = -2.2443
Minuit2Minimizer : Valid minimum - status = 0
FVAL  = 12.1362927059437915
Edm   = 4.94282611325024857e-07
Nfcn  = 112
jerUp_unc	  = -0.427064	 +/-  0.976223	(limited)
jesUp_unc	  = -0.531364	 +/-  0.964878	(limited)
lumi	  = -0.489982	 +/-  0.969716	(limited)
pdf_unc	  = -0.633518	 +/-  0.951018	(limited)
xs_Bkg	  = -2.2443	 +/-  0.534552	(limited)
Reference signal fit
   0) jerUp_unc                      = -0.427064
   1) jesUp_unc                      = -0.531364
   2) lumi                           = -0.489982
   3) pdf_unc                        = -0.633518
   4) xs_Bkg                         =   -2.2443

Fitting of the signal-plus-background hypothesis done in 0.00257111 s
      Evaluation of p-values done in  6.36624 s
	CLs = 0.00413793 +/- 0.00238681
      Evaluation of p-values done in  6.27388 s
	CLs = 0.00402685 +/- 0.00164233
      Evaluation of p-values done in  6.50499 s
	CLs = 0.00397176 +/- 0.00132258
      Evaluation of p-values done in  6.36315 s
	CLs = 0.00401875 +/- 0.00115896
      Evaluation of p-values done in  6.44705 s
	CLs = 0.00402793 +/- 0.00103898
	CLs      = 0.00402793 +/- 0.00103898
	CLb      = 0.7448 +/- 0.0061656
	CLsplusb = 0.003 +/- 0.000773434

Hybrid result saved as HypoTestResult_mh120_r175_3894111029 in higgsCombineTest.HybridNew.mH120.1537885131.root : higgsCombineTest.HybridNew.mH120.1537885131.root:/toys

 -- Hybrid New -- 
CLs = 0.00402793 +/- 0.00103898
Total toys: 10000
Done in 0.00 min (cpu), 0.54 min (real)
