>>> including systematics
>>> using the Profile Likelihood test statistics modified for upper limits (Q_LHC)
>>> method used to compute upper limit is HybridNew
>>> Using OpenSSL to get a really random seed 
>>> Used OpenSSL to get a really random seed -612021315
Adding /uscms_data/d2/lpcljm/sapta/SUSYSearch/LimitSetting/CMSSW_7_1_5/src to include path
Adding /cvmfs/cms.cern.ch/slc6_amd64_gcc481/lcg/roofit/5.34.18-cms3//include to include path
Input workspace 'w': 

RooWorkspace(w) w contents

variables
---------
(jerUp_unc,jerUp_unc_In,jesUp_unc,jesUp_unc_In,lumi,lumi_In,n_obs_binbin1,pdf_unc,pdf_unc_In,r,xs_Bkg,xs_Bkg_In)

p.d.f.s
-------
SimpleGaussianConstraint::jerUp_unc_Pdf[ x=jerUp_unc mean=jerUp_unc_In sigma=1 ] = 1
SimpleGaussianConstraint::jesUp_unc_Pdf[ x=jesUp_unc mean=jesUp_unc_In sigma=1 ] = 1
SimpleGaussianConstraint::lumi_Pdf[ x=lumi mean=lumi_In sigma=1 ] = 1
RooProdPdf::modelObs_b[ pdf_binbin1_bonly ] = 0.000240806
RooProdPdf::modelObs_s[ pdf_binbin1 ] = 0.000268926
RooProdPdf::model_b[ modelObs_b * nuisancePdf ] = 0.000240806
RooProdPdf::model_s[ modelObs_s * nuisancePdf ] = 0.000268926
RooProdPdf::nuisancePdf[ lumi_Pdf * jesUp_unc_Pdf * pdf_unc_Pdf * xs_Bkg_Pdf * jerUp_unc_Pdf ] = 1
RooPoisson::pdf_binbin1[ x=n_obs_binbin1 mean=n_exp_binbin1 ] = 0.000268926
RooPoisson::pdf_binbin1_bonly[ x=n_obs_binbin1 mean=n_exp_binbin1_bonly ] = 0.000240806
SimpleGaussianConstraint::pdf_unc_Pdf[ x=pdf_unc mean=pdf_unc_In sigma=1 ] = 1
SimpleGaussianConstraint::xs_Bkg_Pdf[ x=xs_Bkg mean=xs_Bkg_In sigma=1 ] = 1

functions
--------
RooAddition::n_exp_binbin1[ n_exp_binbin1_proc_BH + n_exp_binbin1_proc_Background ] = 686.712
RooAddition::n_exp_binbin1_bonly[ n_exp_binbin1_proc_Background ] = 685.712
ProcessNormalization::n_exp_binbin1_proc_BH[ thetaList=(lumi,jesUp_unc,pdf_unc,jerUp_unc) asymmThetaList=() otherFactorList=(r) ] = 1
ProcessNormalization::n_exp_binbin1_proc_Background[ thetaList=(xs_Bkg) asymmThetaList=() otherFactorList=() ] = 685.712

datasets
--------
RooDataSet::data_obs(n_obs_binbin1)

named sets
----------
ModelConfig_GlobalObservables:(lumi_In,jesUp_unc_In,pdf_unc_In,xs_Bkg_In,jerUp_unc_In)
ModelConfig_NuisParams:(lumi,jesUp_unc,pdf_unc,xs_Bkg,jerUp_unc)
ModelConfig_Observables:(n_obs_binbin1)
ModelConfig_POI:(r)
ModelConfig_bonly_GlobalObservables:(lumi_In,jesUp_unc_In,pdf_unc_In,xs_Bkg_In,jerUp_unc_In)
ModelConfig_bonly_NuisParams:(lumi,jesUp_unc,pdf_unc,xs_Bkg,jerUp_unc)
ModelConfig_bonly_Observables:(n_obs_binbin1)
ModelConfig_bonly_POI:(r)
POI:(r)
globalObservables:(lumi_In,jesUp_unc_In,pdf_unc_In,xs_Bkg_In,jerUp_unc_In)
nuisances:(lumi,jesUp_unc,pdf_unc,xs_Bkg,jerUp_unc)
observables:(n_obs_binbin1)

generic objects
---------------
RooStats::ModelConfig::ModelConfig
RooStats::ModelConfig::ModelConfig_bonly
RooArgSet::discreteParams

Workspace has a ModelConfig for signal called 'ModelConfig', with contents:

=== Using the following for ModelConfig ===
Observables:             RooArgSet:: = (n_obs_binbin1)
Parameters of Interest:  RooArgSet:: = (r)
Nuisance Parameters:     RooArgSet:: = (lumi,jesUp_unc,pdf_unc,xs_Bkg,jerUp_unc)
Global Observables:      RooArgSet:: = (lumi_In,jesUp_unc_In,pdf_unc_In,xs_Bkg_In,jerUp_unc_In)
PDF:                     RooProdPdf::model_s[ modelObs_s * nuisancePdf ] = 0.000268926

Input ModelConfig 'ModelConfig': 

=== Using the following for ModelConfig ===
Observables:             RooArgSet:: = (n_obs_binbin1)
Parameters of Interest:  RooArgSet:: = (r)
Nuisance Parameters:     RooArgSet:: = (lumi,jesUp_unc,pdf_unc,xs_Bkg,jerUp_unc)
Global Observables:      RooArgSet:: = (lumi_In,jesUp_unc_In,pdf_unc_In,xs_Bkg_In,jerUp_unc_In)
PDF:                     RooProdPdf::model_s[ modelObs_s * nuisancePdf ] = 0.000268926

[#1] INFO:ObjectHandling -- RooWorkspace::import(w) importing RooUniform::prior
Computing limit starting from observation
  1) RooRealVar:: n_obs_binbin1 = 762
Set default minimizer to Minuit2
  r = 100 +/- 0
[#1] INFO:Minization --  Including the following contraint terms in minimization: (nuisancePdf)
[#1] INFO:Fitting -- RooAddition::defaultErrorLevel(nll_model_s_data_obs_with_constr) Summation contains a RooNLLVar, using its error level
Minuit2Minimizer: Minimize with max-calls 2500 convergence for edm < 0.01 strategy 1
MnSeedGenerator: for initial parameters FCN = 12.9262
MnSeedGenerator: Initial state:   - FCN =   12.92621082125 Edm =      3.98016 NCalls =     21
VariableMetric: start iterating until Edm is < 1e-05
VariableMetric: Initial state   - FCN =   12.92621082125 Edm =      3.98016 NCalls =     21
VariableMetric: Iteration #   1 - FCN =   9.078681214659 Edm =   0.00939363 NCalls =     32
VariableMetric: Iteration #   2 - FCN =   9.070078810783 Edm =  1.37619e-05 NCalls =     43
VariableMetric: Iteration #   3 - FCN =   9.070065547342 Edm =  3.07742e-11 NCalls =     54
VariableMetric: After Hessian   - FCN =   9.070065547342 Edm =  3.09473e-11 NCalls =     85
Number of iterations 5
----------> Iteration 0
            FVAL = 12.9262108212 Edm = 3.98016430327 Nfcn = 21
            Error matrix change = 1
            Parameters :  p0 = 0 p1 = 0 p2 = 0 p3 = 0 p4 = 0
----------> Iteration 1
            FVAL = 9.07868121466 Edm = 0.0093936329028 Nfcn = 32
            Error matrix change = 0.500354
            Parameters :  p0 = 0 p1 = 0 p2 = 0 p3 = 0 p4 = 0.701862
----------> Iteration 2
            FVAL = 9.07007881078 Edm = 1.37619432378e-05 Nfcn = 43
            Error matrix change = 0.250452
            Parameters :  p0 = 0 p1 = 0 p2 = 0 p3 = 0 p4 = 0.669447
----------> Iteration 3
            FVAL = 9.07006554734 Edm = 3.07742449568e-11 Nfcn = 54
            Error matrix change = 0.125237
            Parameters :  p0 = 0 p1 = 0 p2 = 0 p3 = 0 p4 = 0.67067
----------> Iteration 4
            FVAL = 9.07006554734 Edm = 3.09472737402e-11 Nfcn = 85
            Error matrix change = 0
            Parameters :  p0 = 0 p1 = 0 p2 = 0 p3 = 0 p4 = 0.67067
Minuit2Minimizer : Valid minimum - status = 0
FVAL  = 9.07006554734218895
Edm   = 3.09472737402314544e-11
Nfcn  = 85
jerUp_unc	  = 0	 +/-  0.996602	(limited)
jesUp_unc	  = 0	 +/-  0.996602	(limited)
lumi	  = 0	 +/-  0.996602	(limited)
pdf_unc	  = 0	 +/-  0.996602	(limited)
xs_Bkg	  = 0.67067	 +/-  0.237738	(limited)
Zero signal fit
   0) jerUp_unc                      =         0
   1) jesUp_unc                      =         0
   2) lumi                           =         0
   3) pdf_unc                        =         0
   4) xs_Bkg                         =   0.67067

Fitting of the background hypothesis done in 0.299273 s
[#1] INFO:Fitting -- RooAddition::defaultErrorLevel(nll_model_s_data_obs_with_constr) Summation contains a RooNLLVar, using its error level
Minuit2Minimizer: Minimize with max-calls 2500 convergence for edm < 0.01 strategy 1
MnSeedGenerator: for initial parameters FCN = 14.5816
MnSeedGenerator: Initial state:   - FCN =   14.58163932673 Edm =      6.06286 NCalls =     21
VariableMetric: start iterating until Edm is < 1e-05
VariableMetric: Initial state   - FCN =   14.58163932673 Edm =      6.06286 NCalls =     21
VariableMetric: Iteration #   1 - FCN =   9.284937998588 Edm =     0.334981 NCalls =     33
VariableMetric: Iteration #   2 - FCN =   8.857966978313 Edm =  0.000395053 NCalls =     45
VariableMetric: Iteration #   3 - FCN =   8.857540630438 Edm =  4.80291e-08 NCalls =     57
VariableMetric: After Hessian   - FCN =   8.857540630438 Edm =  4.89652e-08 NCalls =     88
Number of iterations 5
----------> Iteration 0
            FVAL = 14.5816393267 Edm = 6.06285653305 Nfcn = 21
            Error matrix change = 1
            Parameters :  p0 = 0 p1 = 0 p2 = 0 p3 = 0 p4 = 0.67067
----------> Iteration 1
            FVAL = 9.28493799859 Edm = 0.334980990094 Nfcn = 33
            Error matrix change = 0.564714
            Parameters :  p0 = -0.370517 p1 = -0.452875 p2 = -0.420566 p3 = -0.529725 p4 = -0.0648385
----------> Iteration 2
            FVAL = 8.85796697831 Edm = 0.000395053152159 Nfcn = 45
            Error matrix change = 0.354582
            Parameters :  p0 = 0.00114748 p1 = -0.00856608 p2 = -0.0040639 p3 = -0.0235026 p4 = -0.211351
----------> Iteration 3
            FVAL = 8.85754063044 Edm = 4.80290610929e-08 Nfcn = 57
            Error matrix change = 0.182599
            Parameters :  p0 = -0.00889359 p1 = -0.0107881 p2 = -0.0100105 p3 = -0.0130257 p4 = -0.217822
----------> Iteration 4
            FVAL = 8.85754063044 Edm = 4.89651957025e-08 Nfcn = 88
            Error matrix change = 0
            Parameters :  p0 = -0.00889359 p1 = -0.0107881 p2 = -0.0100105 p3 = -0.0130257 p4 = -0.217822
Minuit2Minimizer : Valid minimum - status = 0
FVAL  = 8.85754063043816231
Edm   = 4.8965195702535904e-08
Nfcn  = 88
jerUp_unc	  = -0.00889359	 +/-  0.995698	(limited)
jesUp_unc	  = -0.0107881	 +/-  0.995203	(limited)
lumi	  = -0.0100105	 +/-  0.995414	(limited)
pdf_unc	  = -0.0130257	 +/-  0.994607	(limited)
xs_Bkg	  = -0.217822	 +/-  0.284519	(limited)
Reference signal fit
   0) jerUp_unc                      = -0.00889359
   1) jesUp_unc                      = -0.0107881
   2) lumi                           = -0.0100105
   3) pdf_unc                        = -0.0130257
   4) xs_Bkg                         = -0.217822

Fitting of the signal-plus-background hypothesis done in 0.00237894 s
      Evaluation of p-values done in  6.00442 s
	CLs = 0.535121 +/- 0.0218273
      Evaluation of p-values done in  5.85024 s
	CLs = 0.537402 +/- 0.0159162
      Evaluation of p-values done in  5.86333 s
	CLs = 0.544651 +/- 0.0131971
      Evaluation of p-values done in  6.01478 s
	CLs = 0.545305 +/- 0.0113565
      Evaluation of p-values done in  5.86593 s
	CLs = 0.548558 +/- 0.0102187
	CLs      = 0.548558 +/- 0.0102187
	CLb      = 0.7558 +/- 0.00607563
	CLsplusb = 0.4146 +/- 0.00696716

Hybrid result saved as HypoTestResult_mh120_r100_1320918274 in higgsCombineTest.HybridNew.mH120.-612021315.root : higgsCombineTest.HybridNew.mH120.-612021315.root:/toys

 -- Hybrid New -- 
CLs = 0.548558 +/- 0.0102187
Total toys: 10000
Done in 0.00 min (cpu), 0.50 min (real)
