>>> including systematics
>>> using the Profile Likelihood test statistics modified for upper limits (Q_LHC)
>>> method used to compute upper limit is HybridNew
>>> Using OpenSSL to get a really random seed 
>>> Used OpenSSL to get a really random seed 1106488637
Adding /uscms_data/d2/lpcljm/sapta/SUSYSearch/LimitSetting/CMSSW_7_1_5/src to include path
Adding /cvmfs/cms.cern.ch/slc6_amd64_gcc481/lcg/roofit/5.34.18-cms3//include to include path
Input workspace 'w': 

RooWorkspace(w) w contents

variables
---------
(jerUp_unc,jerUp_unc_In,jesUp_unc,jesUp_unc_In,lumi,lumi_In,n_obs_binbin1,pdf_unc,pdf_unc_In,r,xs_Bkg,xs_Bkg_In)

p.d.f.s
-------
SimpleGaussianConstraint::jerUp_unc_Pdf[ x=jerUp_unc mean=jerUp_unc_In sigma=1 ] = 1
SimpleGaussianConstraint::jesUp_unc_Pdf[ x=jesUp_unc mean=jesUp_unc_In sigma=1 ] = 1
SimpleGaussianConstraint::lumi_Pdf[ x=lumi mean=lumi_In sigma=1 ] = 1
RooProdPdf::modelObs_b[ pdf_binbin1_bonly ] = 0.7964
RooProdPdf::modelObs_s[ pdf_binbin1 ] = 0.292979
RooProdPdf::model_b[ modelObs_b * nuisancePdf ] = 0.7964
RooProdPdf::model_s[ modelObs_s * nuisancePdf ] = 0.292979
RooProdPdf::nuisancePdf[ lumi_Pdf * jesUp_unc_Pdf * pdf_unc_Pdf * xs_Bkg_Pdf * jerUp_unc_Pdf ] = 1
RooPoisson::pdf_binbin1[ x=n_obs_binbin1 mean=n_exp_binbin1 ] = 0.292979
RooPoisson::pdf_binbin1_bonly[ x=n_obs_binbin1 mean=n_exp_binbin1_bonly ] = 0.7964
SimpleGaussianConstraint::pdf_unc_Pdf[ x=pdf_unc mean=pdf_unc_In sigma=1 ] = 1
SimpleGaussianConstraint::xs_Bkg_Pdf[ x=xs_Bkg mean=xs_Bkg_In sigma=1 ] = 1

functions
--------
RooAddition::n_exp_binbin1[ n_exp_binbin1_proc_BH + n_exp_binbin1_proc_Background ] = 1.22765
RooAddition::n_exp_binbin1_bonly[ n_exp_binbin1_proc_Background ] = 0.227654
ProcessNormalization::n_exp_binbin1_proc_BH[ thetaList=(lumi,jesUp_unc,pdf_unc,jerUp_unc) asymmThetaList=() otherFactorList=(r) ] = 1
ProcessNormalization::n_exp_binbin1_proc_Background[ thetaList=(xs_Bkg) asymmThetaList=() otherFactorList=() ] = 0.227654

datasets
--------
RooDataSet::data_obs(n_obs_binbin1)

named sets
----------
ModelConfig_GlobalObservables:(lumi_In,jesUp_unc_In,pdf_unc_In,xs_Bkg_In,jerUp_unc_In)
ModelConfig_NuisParams:(lumi,jesUp_unc,pdf_unc,xs_Bkg,jerUp_unc)
ModelConfig_Observables:(n_obs_binbin1)
ModelConfig_POI:(r)
ModelConfig_bonly_GlobalObservables:(lumi_In,jesUp_unc_In,pdf_unc_In,xs_Bkg_In,jerUp_unc_In)
ModelConfig_bonly_NuisParams:(lumi,jesUp_unc,pdf_unc,xs_Bkg,jerUp_unc)
ModelConfig_bonly_Observables:(n_obs_binbin1)
ModelConfig_bonly_POI:(r)
POI:(r)
globalObservables:(lumi_In,jesUp_unc_In,pdf_unc_In,xs_Bkg_In,jerUp_unc_In)
nuisances:(lumi,jesUp_unc,pdf_unc,xs_Bkg,jerUp_unc)
observables:(n_obs_binbin1)

generic objects
---------------
RooStats::ModelConfig::ModelConfig
RooStats::ModelConfig::ModelConfig_bonly
RooArgSet::discreteParams

Workspace has a ModelConfig for signal called 'ModelConfig', with contents:

=== Using the following for ModelConfig ===
Observables:             RooArgSet:: = (n_obs_binbin1)
Parameters of Interest:  RooArgSet:: = (r)
Nuisance Parameters:     RooArgSet:: = (lumi,jesUp_unc,pdf_unc,xs_Bkg,jerUp_unc)
Global Observables:      RooArgSet:: = (lumi_In,jesUp_unc_In,pdf_unc_In,xs_Bkg_In,jerUp_unc_In)
PDF:                     RooProdPdf::model_s[ modelObs_s * nuisancePdf ] = 0.292979

Input ModelConfig 'ModelConfig': 

=== Using the following for ModelConfig ===
Observables:             RooArgSet:: = (n_obs_binbin1)
Parameters of Interest:  RooArgSet:: = (r)
Nuisance Parameters:     RooArgSet:: = (lumi,jesUp_unc,pdf_unc,xs_Bkg,jerUp_unc)
Global Observables:      RooArgSet:: = (lumi_In,jesUp_unc_In,pdf_unc_In,xs_Bkg_In,jerUp_unc_In)
PDF:                     RooProdPdf::model_s[ modelObs_s * nuisancePdf ] = 0.292979

[#1] INFO:ObjectHandling -- RooWorkspace::import(w) importing RooUniform::prior
Computing limit starting from observation
  1) RooRealVar:: n_obs_binbin1 = 0
Set default minimizer to Minuit2
  r = 1 +/- 0
[#1] INFO:Minization --  Including the following contraint terms in minimization: (nuisancePdf)
[#1] INFO:Fitting -- RooAddition::defaultErrorLevel(nll_model_s_data_obs_with_constr) Summation contains a RooNLLVar, using its error level
Minuit2Minimizer: Minimize with max-calls 2500 convergence for edm < 0.01 strategy 1
MnSeedGenerator: for initial parameters FCN = 4.82235
MnSeedGenerator: Initial state:   - FCN =   4.822346666011 Edm =    0.0141778 NCalls =     21
VariableMetric: start iterating until Edm is < 1e-05
VariableMetric: Initial state   - FCN =   4.822346666011 Edm =    0.0141778 NCalls =     21
VariableMetric: Iteration #   1 - FCN =   4.808097803386 Edm =  8.03054e-07 NCalls =     32
VariableMetric: After Hessian   - FCN =   4.808097803386 Edm =  8.15304e-07 NCalls =     63
Number of iterations 3
----------> Iteration 0
            FVAL = 4.82234666601 Edm = 0.0141777956827 Nfcn = 21
            Error matrix change = 1
            Parameters :  p0 = 0 p1 = 0 p2 = 0 p3 = 0 p4 = 0
----------> Iteration 1
            FVAL = 4.80809780339 Edm = 8.03054216864e-07 Nfcn = 32
            Error matrix change = 0.50068
            Parameters :  p0 = 0 p1 = 0 p2 = 0 p3 = 0 p4 = -0.157542
----------> Iteration 2
            FVAL = 4.80809780339 Edm = 8.15303524249e-07 Nfcn = 63
            Error matrix change = 0
            Parameters :  p0 = 0 p1 = 0 p2 = 0 p3 = 0 p4 = -0.157542
Minuit2Minimizer : Valid minimum - status = 0
FVAL  = 4.8080978033861177
Edm   = 8.15303524249441594e-07
Nfcn  = 63
jerUp_unc	  = 0	 +/-  0.996602	(limited)
jesUp_unc	  = 0	 +/-  0.996602	(limited)
lumi	  = 0	 +/-  0.996602	(limited)
pdf_unc	  = 0	 +/-  0.996602	(limited)
xs_Bkg	  = -0.157542	 +/-  0.939702	(limited)
Zero signal fit
   0) jerUp_unc                      =         0
   1) jesUp_unc                      =         0
   2) lumi                           =         0
   3) pdf_unc                        =         0
   4) xs_Bkg                         = -0.157542

Fitting of the background hypothesis done in 0.29542 s
[#1] INFO:Fitting -- RooAddition::defaultErrorLevel(nll_model_s_data_obs_with_constr) Summation contains a RooNLLVar, using its error level
Minuit2Minimizer: Minimize with max-calls 2500 convergence for edm < 0.01 strategy 1
MnSeedGenerator: for initial parameters FCN = 5.8081
MnSeedGenerator: Initial state:   - FCN =   5.808097803386 Edm =   0.00465733 NCalls =     21
VariableMetric: start iterating until Edm is < 1e-05
VariableMetric: Initial state   - FCN =   5.808097803386 Edm =   0.00465733 NCalls =     21
VariableMetric: Iteration #   1 - FCN =    5.80347194467 Edm =   2.1353e-07 NCalls =     32
VariableMetric: After Hessian   - FCN =    5.80347194467 Edm =  2.12112e-07 NCalls =     65
Number of iterations 3
----------> Iteration 0
            FVAL = 5.80809780339 Edm = 0.00465732856836 Nfcn = 21
            Error matrix change = 1
            Parameters :  p0 = 0 p1 = 0 p2 = 0 p3 = 0 p4 = -0.157542
----------> Iteration 1
            FVAL = 5.80347194467 Edm = 2.13530066317e-07 Nfcn = 32
            Error matrix change = 0.501722
            Parameters :  p0 = -0.0391603 p1 = -0.0486739 p2 = -0.0448823 p3 = -0.0580711 p4 = -0.158746
----------> Iteration 2
            FVAL = 5.80347194467 Edm = 2.12111564343e-07 Nfcn = 65
            Error matrix change = 0
            Parameters :  p0 = -0.0391603 p1 = -0.0486739 p2 = -0.0448823 p3 = -0.0580711 p4 = -0.158746
Minuit2Minimizer : Valid minimum - status = 0
FVAL  = 5.80347194467031358
Edm   = 2.12111564342709445e-07
Nfcn  = 65
jerUp_unc	  = -0.0391603	 +/-  0.995855	(limited)
jesUp_unc	  = -0.0486739	 +/-  0.995445	(limited)
lumi	  = -0.0448823	 +/-  0.995619	(limited)
pdf_unc	  = -0.0580711	 +/-  0.994951	(limited)
xs_Bkg	  = -0.158746	 +/-  0.939753	(limited)
Reference signal fit
   0) jerUp_unc                      = -0.0391603
   1) jesUp_unc                      = -0.0486739
   2) lumi                           = -0.0448823
   3) pdf_unc                        = -0.0580711
   4) xs_Bkg                         = -0.158746

Fitting of the signal-plus-background hypothesis done in 0.00199986 s
      Evaluation of p-values done in  5.21657 s
	CLs = 0.383663 +/- 0.0319314
      Evaluation of p-values done in  5.01244 s
	CLs = 0.360736 +/- 0.0217292
      Evaluation of p-values done in  4.95162 s
	CLs = 0.360294 +/- 0.0177164
      Evaluation of p-values done in  5.12868 s
	CLs = 0.35585 +/- 0.0150893
      Evaluation of p-values done in  4.98896 s
	CLs = 0.356046 +/- 0.0134525
	CLs      = 0.356046 +/- 0.0134525
	CLb      = 0.4168 +/- 0.00697249
	CLsplusb = 0.1484 +/- 0.00502747

Hybrid result saved as HypoTestResult_mh120_r1_1134985591 in higgsCombineTest.HybridNew.mH120.1106488637.root : higgsCombineTest.HybridNew.mH120.1106488637.root:/toys

 -- Hybrid New -- 
CLs = 0.356046 +/- 0.0134525
Total toys: 10000
Done in 0.00 min (cpu), 0.43 min (real)
