>>> including systematics
>>> using the Profile Likelihood test statistics modified for upper limits (Q_LHC)
>>> method used to compute upper limit is HybridNew
>>> Using OpenSSL to get a really random seed 
>>> Used OpenSSL to get a really random seed -1480740195
Adding /uscms_data/d2/lpcljm/sapta/SUSYSearch/LimitSetting/CMSSW_7_1_5/src to include path
Adding /cvmfs/cms.cern.ch/slc6_amd64_gcc481/lcg/roofit/5.34.18-cms3//include to include path
Input workspace 'w': 

RooWorkspace(w) w contents

variables
---------
(jerUp_unc,jerUp_unc_In,jesUp_unc,jesUp_unc_In,lumi,lumi_In,n_obs_binbin1,pdf_unc,pdf_unc_In,r,xs_Bkg,xs_Bkg_In)

p.d.f.s
-------
SimpleGaussianConstraint::jerUp_unc_Pdf[ x=jerUp_unc mean=jerUp_unc_In sigma=1 ] = 1
SimpleGaussianConstraint::jesUp_unc_Pdf[ x=jesUp_unc mean=jesUp_unc_In sigma=1 ] = 1
SimpleGaussianConstraint::lumi_Pdf[ x=lumi mean=lumi_In sigma=1 ] = 1
RooProdPdf::modelObs_b[ pdf_binbin1_bonly ] = 0.000734644
RooProdPdf::modelObs_s[ pdf_binbin1 ] = 0.000873304
RooProdPdf::model_b[ modelObs_b * nuisancePdf ] = 0.000734644
RooProdPdf::model_s[ modelObs_s * nuisancePdf ] = 0.000873304
RooProdPdf::nuisancePdf[ lumi_Pdf * jesUp_unc_Pdf * pdf_unc_Pdf * xs_Bkg_Pdf * jerUp_unc_Pdf ] = 1
RooPoisson::pdf_binbin1[ x=n_obs_binbin1 mean=n_exp_binbin1 ] = 0.000873304
RooPoisson::pdf_binbin1_bonly[ x=n_obs_binbin1 mean=n_exp_binbin1_bonly ] = 0.000734644
SimpleGaussianConstraint::pdf_unc_Pdf[ x=pdf_unc mean=pdf_unc_In sigma=1 ] = 1
SimpleGaussianConstraint::xs_Bkg_Pdf[ x=xs_Bkg mean=xs_Bkg_In sigma=1 ] = 1

functions
--------
RooAddition::n_exp_binbin1[ n_exp_binbin1_proc_BH + n_exp_binbin1_proc_Background ] = 240.078
RooAddition::n_exp_binbin1_bonly[ n_exp_binbin1_proc_Background ] = 239.078
ProcessNormalization::n_exp_binbin1_proc_BH[ thetaList=(lumi,jesUp_unc,pdf_unc,jerUp_unc) asymmThetaList=() otherFactorList=(r) ] = 1
ProcessNormalization::n_exp_binbin1_proc_Background[ thetaList=(xs_Bkg) asymmThetaList=() otherFactorList=() ] = 239.078

datasets
--------
RooDataSet::data_obs(n_obs_binbin1)

named sets
----------
ModelConfig_GlobalObservables:(lumi_In,jesUp_unc_In,pdf_unc_In,xs_Bkg_In,jerUp_unc_In)
ModelConfig_NuisParams:(lumi,jesUp_unc,pdf_unc,xs_Bkg,jerUp_unc)
ModelConfig_Observables:(n_obs_binbin1)
ModelConfig_POI:(r)
ModelConfig_bonly_GlobalObservables:(lumi_In,jesUp_unc_In,pdf_unc_In,xs_Bkg_In,jerUp_unc_In)
ModelConfig_bonly_NuisParams:(lumi,jesUp_unc,pdf_unc,xs_Bkg,jerUp_unc)
ModelConfig_bonly_Observables:(n_obs_binbin1)
ModelConfig_bonly_POI:(r)
POI:(r)
globalObservables:(lumi_In,jesUp_unc_In,pdf_unc_In,xs_Bkg_In,jerUp_unc_In)
nuisances:(lumi,jesUp_unc,pdf_unc,xs_Bkg,jerUp_unc)
observables:(n_obs_binbin1)

generic objects
---------------
RooStats::ModelConfig::ModelConfig
RooStats::ModelConfig::ModelConfig_bonly
RooArgSet::discreteParams

Workspace has a ModelConfig for signal called 'ModelConfig', with contents:

=== Using the following for ModelConfig ===
Observables:             RooArgSet:: = (n_obs_binbin1)
Parameters of Interest:  RooArgSet:: = (r)
Nuisance Parameters:     RooArgSet:: = (lumi,jesUp_unc,pdf_unc,xs_Bkg,jerUp_unc)
Global Observables:      RooArgSet:: = (lumi_In,jesUp_unc_In,pdf_unc_In,xs_Bkg_In,jerUp_unc_In)
PDF:                     RooProdPdf::model_s[ modelObs_s * nuisancePdf ] = 0.000873304

Input ModelConfig 'ModelConfig': 

=== Using the following for ModelConfig ===
Observables:             RooArgSet:: = (n_obs_binbin1)
Parameters of Interest:  RooArgSet:: = (r)
Nuisance Parameters:     RooArgSet:: = (lumi,jesUp_unc,pdf_unc,xs_Bkg,jerUp_unc)
Global Observables:      RooArgSet:: = (lumi_In,jesUp_unc_In,pdf_unc_In,xs_Bkg_In,jerUp_unc_In)
PDF:                     RooProdPdf::model_s[ modelObs_s * nuisancePdf ] = 0.000873304

[#1] INFO:ObjectHandling -- RooWorkspace::import(w) importing RooUniform::prior
Computing limit starting from observation
  1) RooRealVar:: n_obs_binbin1 = 281
Set default minimizer to Minuit2
  r = 200 +/- 0
[#1] INFO:Minization --  Including the following contraint terms in minimization: (nuisancePdf)
[#1] INFO:Fitting -- RooAddition::defaultErrorLevel(nll_model_s_data_obs_with_constr) Summation contains a RooNLLVar, using its error level
Minuit2Minimizer: Minimize with max-calls 2500 convergence for edm < 0.01 strategy 1
MnSeedGenerator: for initial parameters FCN = 11.8108
MnSeedGenerator: Initial state:   - FCN =   11.81081693222 Edm =      3.39928 NCalls =     21
VariableMetric: start iterating until Edm is < 1e-05
VariableMetric: Initial state   - FCN =   11.81081693222 Edm =      3.39928 NCalls =     21
VariableMetric: Iteration #   1 - FCN =   8.587677359425 Edm =    0.0200471 NCalls =     32
VariableMetric: Iteration #   2 - FCN =   8.570193112128 Edm =  2.54008e-08 NCalls =     44
VariableMetric: After Hessian   - FCN =   8.570193112128 Edm =  2.39771e-08 NCalls =     75
Number of iterations 4
----------> Iteration 0
            FVAL = 11.8108169322 Edm = 3.3992829384 Nfcn = 21
            Error matrix change = 1
            Parameters :  p0 = 0 p1 = 0 p2 = 0 p3 = 0 p4 = 0
----------> Iteration 1
            FVAL = 8.58767735942 Edm = 0.0200470913118 Nfcn = 32
            Error matrix change = 0.500658
            Parameters :  p0 = 0 p1 = 0 p2 = 0 p3 = 0 p4 = 0.713523
----------> Iteration 2
            FVAL = 8.57019311213 Edm = 2.54008432262e-08 Nfcn = 44
            Error matrix change = 0.250841
            Parameters :  p0 = 0 p1 = 0 p2 = 0 p3 = 0 p4 = 0.665875
----------> Iteration 3
            FVAL = 8.57019311213 Edm = 2.39771475209e-08 Nfcn = 75
            Error matrix change = 0
            Parameters :  p0 = 0 p1 = 0 p2 = 0 p3 = 0 p4 = 0.665875
Minuit2Minimizer : Valid minimum - status = 0
FVAL  = 8.57019311212775392
Edm   = 2.39771475209313051e-08
Nfcn  = 75
jerUp_unc	  = 0	 +/-  0.996602	(limited)
jesUp_unc	  = 0	 +/-  0.996602	(limited)
lumi	  = 0	 +/-  0.996602	(limited)
pdf_unc	  = 0	 +/-  0.996602	(limited)
xs_Bkg	  = 0.665875	 +/-  0.255476	(limited)
Zero signal fit
   0) jerUp_unc                      =         0
   1) jesUp_unc                      =         0
   2) lumi                           =         0
   3) pdf_unc                        =         0
   4) xs_Bkg                         =  0.665875

Fitting of the background hypothesis done in 0.286405 s
[#1] INFO:Fitting -- RooAddition::defaultErrorLevel(nll_model_s_data_obs_with_constr) Summation contains a RooNLLVar, using its error level
Minuit2Minimizer: Minimize with max-calls 2500 convergence for edm < 0.01 strategy 1
MnSeedGenerator: for initial parameters FCN = 56.3003
MnSeedGenerator: Initial state:   - FCN =   56.30027264489 Edm =      55.0361 NCalls =     21
VariableMetric: start iterating until Edm is < 1e-05
VariableMetric: Initial state   - FCN =   56.30027264489 Edm =      55.0361 NCalls =     21
VariableMetric: Iteration #   1 - FCN =   20.63738165023 Edm =      2.93116 NCalls =     33
VariableMetric: Iteration #   2 - FCN =   14.26946316854 Edm =     0.227724 NCalls =     45
VariableMetric: Iteration #   3 - FCN =   13.85756582282 Edm =    0.0101843 NCalls =     57
VariableMetric: Iteration #   4 - FCN =   13.84558483609 Edm =   0.00016043 NCalls =     69
VariableMetric: Iteration #   5 - FCN =   13.84539045302 Edm =  1.47443e-06 NCalls =     81
VariableMetric: After Hessian   - FCN =   13.84539045302 Edm =  1.79629e-06 NCalls =    112
Number of iterations 7
----------> Iteration 0
            FVAL = 56.3002726449 Edm = 55.0360771032 Nfcn = 21
            Error matrix change = 1
            Parameters :  p0 = 0 p1 = 0 p2 = 0 p3 = 0 p4 = 0.665875
----------> Iteration 1
            FVAL = 20.6373816502 Edm = 2.93115508259 Nfcn = 33
            Error matrix change = 0.612818
            Parameters :  p0 = -1.8175 p1 = -2.06301 p2 = -1.97491 p3 = -2.23049 p4 = -0.9333
----------> Iteration 2
            FVAL = 14.2694631685 Edm = 0.227723906811 Nfcn = 45
            Error matrix change = 0.445444
            Parameters :  p0 = -0.365534 p1 = -0.740025 p2 = -0.584629 p3 = -1.13581 p4 = -2.16562
----------> Iteration 3
            FVAL = 13.8575658228 Edm = 0.010184265715 Nfcn = 57
            Error matrix change = 0.273598
            Parameters :  p0 = -0.6598 p1 = -0.76655 p2 = -0.717842 p3 = -0.932534 p4 = -2.50902
----------> Iteration 4
            FVAL = 13.8455848361 Edm = 0.000160430003491 Nfcn = 69
            Error matrix change = 0.170075
            Parameters :  p0 = -0.591256 p1 = -0.718819 p2 = -0.667571 p3 = -0.858022 p4 = -2.57465
----------> Iteration 5
            FVAL = 13.845390453 Edm = 1.47443195832e-06 Nfcn = 81
            Error matrix change = 0.124555
            Parameters :  p0 = -0.58374 p1 = -0.725762 p2 = -0.669557 p3 = -0.864958 p4 = -2.57981
----------> Iteration 6
            FVAL = 13.845390453 Edm = 1.7962870385e-06 Nfcn = 112
            Error matrix change = 0
            Parameters :  p0 = -0.58374 p1 = -0.725762 p2 = -0.669557 p3 = -0.864958 p4 = -2.57981
Minuit2Minimizer : Valid minimum - status = 0
FVAL  = 13.8453904530164174
Edm   = 1.79628703850036762e-06
Nfcn  = 112
jerUp_unc	  = -0.58374	 +/-  0.970989	(limited)
jesUp_unc	  = -0.725762	 +/-  0.956666	(limited)
lumi	  = -0.669557	 +/-  0.962781	(limited)
pdf_unc	  = -0.864958	 +/-  0.939099	(limited)
xs_Bkg	  = -2.57981	 +/-  0.563023	(limited)
Reference signal fit
   0) jerUp_unc                      =  -0.58374
   1) jesUp_unc                      = -0.725762
   2) lumi                           = -0.669557
   3) pdf_unc                        = -0.864958
   4) xs_Bkg                         =  -2.57981

Fitting of the signal-plus-background hypothesis done in 0.00259304 s
      Evaluation of p-values done in  6.79486 s
	CLs = 0.0041841 +/- 0.0024135
      Evaluation of p-values done in  6.17641 s
	CLs = 0.0027248 +/- 0.00136153
      Evaluation of p-values done in  6.19207 s
	CLs = 0.00179695 +/- 0.000898082
      Evaluation of p-values done in  5.98396 s
	CLs = 0.00202703 +/- 0.000827128
      Evaluation of p-values done in  6.01478 s
	CLs = 0.00214823 +/- 0.000759114
	CLs      = 0.00214823 +/- 0.000759114
	CLb      = 0.7448 +/- 0.0061656
	CLsplusb = 0.0016 +/- 0.000565233

Hybrid result saved as HypoTestResult_mh120_r200_2131838564 in higgsCombineTest.HybridNew.mH120.-1480740195.root : higgsCombineTest.HybridNew.mH120.-1480740195.root:/toys

 -- Hybrid New -- 
CLs = 0.00214823 +/- 0.000759114
Total toys: 10000
Done in 0.00 min (cpu), 0.52 min (real)
