>>> including systematics
>>> using the Profile Likelihood test statistics modified for upper limits (Q_LHC)
>>> method used to compute upper limit is HybridNew
>>> Using OpenSSL to get a really random seed 
>>> Used OpenSSL to get a really random seed -591546638
Adding /uscms_data/d2/lpcljm/sapta/SUSYSearch/LimitSetting/CMSSW_7_1_5/src to include path
Adding /cvmfs/cms.cern.ch/slc6_amd64_gcc481/lcg/roofit/5.34.18-cms3//include to include path
Input workspace 'w': 

RooWorkspace(w) w contents

variables
---------
(jerUp_unc,jerUp_unc_In,jesUp_unc,jesUp_unc_In,lumi,lumi_In,n_obs_binbin1,pdf_unc,pdf_unc_In,r,xs_Bkg,xs_Bkg_In)

p.d.f.s
-------
SimpleGaussianConstraint::jerUp_unc_Pdf[ x=jerUp_unc mean=jerUp_unc_In sigma=1 ] = 1
SimpleGaussianConstraint::jesUp_unc_Pdf[ x=jesUp_unc mean=jesUp_unc_In sigma=1 ] = 1
SimpleGaussianConstraint::lumi_Pdf[ x=lumi mean=lumi_In sigma=1 ] = 1
RooProdPdf::modelObs_b[ pdf_binbin1_bonly ] = 0.0440795
RooProdPdf::modelObs_s[ pdf_binbin1 ] = 0.0454375
RooProdPdf::model_b[ modelObs_b * nuisancePdf ] = 0.0440795
RooProdPdf::model_s[ modelObs_s * nuisancePdf ] = 0.0454375
RooProdPdf::nuisancePdf[ lumi_Pdf * jesUp_unc_Pdf * pdf_unc_Pdf * xs_Bkg_Pdf * jerUp_unc_Pdf ] = 1
RooPoisson::pdf_binbin1[ x=n_obs_binbin1 mean=n_exp_binbin1 ] = 0.0454375
RooPoisson::pdf_binbin1_bonly[ x=n_obs_binbin1 mean=n_exp_binbin1_bonly ] = 0.0440795
SimpleGaussianConstraint::pdf_unc_Pdf[ x=pdf_unc mean=pdf_unc_In sigma=1 ] = 1
SimpleGaussianConstraint::xs_Bkg_Pdf[ x=xs_Bkg mean=xs_Bkg_In sigma=1 ] = 1

functions
--------
RooAddition::n_exp_binbin1[ n_exp_binbin1_proc_BH + n_exp_binbin1_proc_Background ] = 72.3219
RooAddition::n_exp_binbin1_bonly[ n_exp_binbin1_proc_Background ] = 71.3219
ProcessNormalization::n_exp_binbin1_proc_BH[ thetaList=(lumi,jesUp_unc,pdf_unc,jerUp_unc) asymmThetaList=() otherFactorList=(r) ] = 1
ProcessNormalization::n_exp_binbin1_proc_Background[ thetaList=(xs_Bkg) asymmThetaList=() otherFactorList=() ] = 71.3219

datasets
--------
RooDataSet::data_obs(n_obs_binbin1)

named sets
----------
ModelConfig_GlobalObservables:(lumi_In,jesUp_unc_In,pdf_unc_In,xs_Bkg_In,jerUp_unc_In)
ModelConfig_NuisParams:(lumi,jesUp_unc,pdf_unc,xs_Bkg,jerUp_unc)
ModelConfig_Observables:(n_obs_binbin1)
ModelConfig_POI:(r)
ModelConfig_bonly_GlobalObservables:(lumi_In,jesUp_unc_In,pdf_unc_In,xs_Bkg_In,jerUp_unc_In)
ModelConfig_bonly_NuisParams:(lumi,jesUp_unc,pdf_unc,xs_Bkg,jerUp_unc)
ModelConfig_bonly_Observables:(n_obs_binbin1)
ModelConfig_bonly_POI:(r)
POI:(r)
globalObservables:(lumi_In,jesUp_unc_In,pdf_unc_In,xs_Bkg_In,jerUp_unc_In)
nuisances:(lumi,jesUp_unc,pdf_unc,xs_Bkg,jerUp_unc)
observables:(n_obs_binbin1)

generic objects
---------------
RooStats::ModelConfig::ModelConfig
RooStats::ModelConfig::ModelConfig_bonly
RooArgSet::discreteParams

Workspace has a ModelConfig for signal called 'ModelConfig', with contents:

=== Using the following for ModelConfig ===
Observables:             RooArgSet:: = (n_obs_binbin1)
Parameters of Interest:  RooArgSet:: = (r)
Nuisance Parameters:     RooArgSet:: = (lumi,jesUp_unc,pdf_unc,xs_Bkg,jerUp_unc)
Global Observables:      RooArgSet:: = (lumi_In,jesUp_unc_In,pdf_unc_In,xs_Bkg_In,jerUp_unc_In)
PDF:                     RooProdPdf::model_s[ modelObs_s * nuisancePdf ] = 0.0454375

Input ModelConfig 'ModelConfig': 

=== Using the following for ModelConfig ===
Observables:             RooArgSet:: = (n_obs_binbin1)
Parameters of Interest:  RooArgSet:: = (r)
Nuisance Parameters:     RooArgSet:: = (lumi,jesUp_unc,pdf_unc,xs_Bkg,jerUp_unc)
Global Observables:      RooArgSet:: = (lumi_In,jesUp_unc_In,pdf_unc_In,xs_Bkg_In,jerUp_unc_In)
PDF:                     RooProdPdf::model_s[ modelObs_s * nuisancePdf ] = 0.0454375

[#1] INFO:ObjectHandling -- RooWorkspace::import(w) importing RooUniform::prior
Computing limit starting from observation
  1) RooRealVar:: n_obs_binbin1 = 74
Set default minimizer to Minuit2
  r = 20 +/- 0
[#1] INFO:Minization --  Including the following contraint terms in minimization: (nuisancePdf)
[#1] INFO:Fitting -- RooAddition::defaultErrorLevel(nll_model_s_data_obs_with_constr) Summation contains a RooNLLVar, using its error level
Minuit2Minimizer: Minimize with max-calls 2500 convergence for edm < 0.01 strategy 1
MnSeedGenerator: for initial parameters FCN = 7.71645
MnSeedGenerator: Initial state:   - FCN =   7.716452710308 Edm =    0.0446983 NCalls =     21
VariableMetric: start iterating until Edm is < 1e-05
VariableMetric: Initial state   - FCN =   7.716452710308 Edm =    0.0446983 NCalls =     21
VariableMetric: Iteration #   1 - FCN =   7.672200180799 Edm =  1.00132e-05 NCalls =     32
VariableMetric: Iteration #   2 - FCN =   7.672190459901 Edm =  2.09044e-09 NCalls =     43
VariableMetric: After Hessian   - FCN =   7.672190459901 Edm =  2.06475e-09 NCalls =     74
Number of iterations 4
----------> Iteration 0
            FVAL = 7.71645271031 Edm = 0.0446982876949 Nfcn = 21
            Error matrix change = 1
            Parameters :  p0 = 0 p1 = 0 p2 = 0 p3 = 0 p4 = 0
----------> Iteration 1
            FVAL = 7.6722001808 Edm = 1.0013166376e-05 Nfcn = 32
            Error matrix change = 0.500199
            Parameters :  p0 = 0 p1 = 0 p2 = 0 p3 = 0 p4 = 0.0996212
----------> Iteration 2
            FVAL = 7.6721904599 Edm = 2.09043869634e-09 Nfcn = 43
            Error matrix change = 0.250291
            Parameters :  p0 = 0 p1 = 0 p2 = 0 p3 = 0 p4 = 0.0981522
----------> Iteration 3
            FVAL = 7.6721904599 Edm = 2.06474942122e-09 Nfcn = 74
            Error matrix change = 0
            Parameters :  p0 = 0 p1 = 0 p2 = 0 p3 = 0 p4 = 0.0981522
Minuit2Minimizer : Valid minimum - status = 0
FVAL  = 7.67219045990055015
Edm   = 2.06474942122183286e-09
Nfcn  = 74
jerUp_unc	  = 0	 +/-  0.996602	(limited)
jesUp_unc	  = 0	 +/-  0.996602	(limited)
lumi	  = 0	 +/-  0.996602	(limited)
pdf_unc	  = 0	 +/-  0.996602	(limited)
xs_Bkg	  = 0.0981522	 +/-  0.328236	(limited)
Zero signal fit
   0) jerUp_unc                      =         0
   1) jesUp_unc                      =         0
   2) lumi                           =         0
   3) pdf_unc                        =         0
   4) xs_Bkg                         = 0.0981522

Fitting of the background hypothesis done in 0.302795 s
[#1] INFO:Fitting -- RooAddition::defaultErrorLevel(nll_model_s_data_obs_with_constr) Summation contains a RooNLLVar, using its error level
Minuit2Minimizer: Minimize with max-calls 2500 convergence for edm < 0.01 strategy 1
MnSeedGenerator: for initial parameters FCN = 9.90652
MnSeedGenerator: Initial state:   - FCN =   9.906520301176 Edm =      1.86024 NCalls =     21
VariableMetric: start iterating until Edm is < 1e-05
VariableMetric: Initial state   - FCN =   9.906520301176 Edm =      1.86024 NCalls =     21
VariableMetric: Iteration #   1 - FCN =   8.020039395279 Edm =    0.0578326 NCalls =     32
VariableMetric: Iteration #   2 - FCN =   7.947253638868 Edm =  0.000289009 NCalls =     44
VariableMetric: Iteration #   3 - FCN =   7.946924993552 Edm =  4.70043e-08 NCalls =     56
VariableMetric: After Hessian   - FCN =   7.946924993552 Edm =   4.7899e-08 NCalls =     87
Number of iterations 5
----------> Iteration 0
            FVAL = 9.90652030118 Edm = 1.86024163743 Nfcn = 21
            Error matrix change = 1
            Parameters :  p0 = 0 p1 = 0 p2 = 0 p3 = 0 p4 = 0.0981522
----------> Iteration 1
            FVAL = 8.02003939528 Edm = 0.0578326222532 Nfcn = 32
            Error matrix change = 0.534176
            Parameters :  p0 = -0.163047 p1 = -0.201548 p2 = -0.186281 p3 = -0.238886 p4 = -0.573706
----------> Iteration 2
            FVAL = 7.94725363887 Edm = 0.000289008634187 Nfcn = 44
            Error matrix change = 0.292303
            Parameters :  p0 = -0.0226278 p1 = -0.0295062 p2 = -0.0266705 p3 = -0.0371335 p4 = -0.667396
----------> Iteration 3
            FVAL = 7.94692499355 Edm = 4.70043340995e-08 Nfcn = 56
            Error matrix change = 0.154209
            Parameters :  p0 = -0.027885 p1 = -0.0345217 p2 = -0.0318839 p3 = -0.0410239 p4 = -0.676476
----------> Iteration 4
            FVAL = 7.94692499355 Edm = 4.78990467085e-08 Nfcn = 87
            Error matrix change = 0
            Parameters :  p0 = -0.027885 p1 = -0.0345217 p2 = -0.0318839 p3 = -0.0410239 p4 = -0.676476
Minuit2Minimizer : Valid minimum - status = 0
FVAL  = 7.94692499355154069
Edm   = 4.78990467084828672e-08
Nfcn  = 87
jerUp_unc	  = -0.027885	 +/-  0.995285	(limited)
jesUp_unc	  = -0.0345217	 +/-  0.994563	(limited)
lumi	  = -0.0318839	 +/-  0.99487	(limited)
pdf_unc	  = -0.0410239	 +/-  0.993692	(limited)
xs_Bkg	  = -0.676476	 +/-  0.422761	(limited)
Reference signal fit
   0) jerUp_unc                      = -0.027885
   1) jesUp_unc                      = -0.0345217
   2) lumi                           = -0.0318839
   3) pdf_unc                        = -0.0410239
   4) xs_Bkg                         = -0.676476

Fitting of the signal-plus-background hypothesis done in 0.00232196 s
      Evaluation of p-values done in  5.89376 s
	CLs = 0.438202 +/- 0.0282162
      Evaluation of p-values done in  5.68475 s
	CLs = 0.425512 +/- 0.0195887
      Evaluation of p-values done in  5.62181 s
	CLs = 0.431098 +/- 0.0158836
      Evaluation of p-values done in  5.65807 s
	CLs = 0.43633 +/- 0.0138148
      Evaluation of p-values done in  6.05366 s
	CLs = 0.434387 +/- 0.0122888
	CLs      = 0.434387 +/- 0.0122888
	CLb      = 0.5502 +/- 0.00703534
	CLsplusb = 0.239 +/- 0.00603124

Hybrid result saved as HypoTestResult_mh120_r20_3920088969 in higgsCombineTest.HybridNew.mH120.-591546638.root : higgsCombineTest.HybridNew.mH120.-591546638.root:/toys

 -- Hybrid New -- 
CLs = 0.434387 +/- 0.0122888
Total toys: 10000
Done in 0.00 min (cpu), 0.49 min (real)
