>>> including systematics
>>> using the Profile Likelihood test statistics modified for upper limits (Q_LHC)
>>> method used to compute upper limit is HybridNew
>>> Using OpenSSL to get a really random seed 
>>> Used OpenSSL to get a really random seed -649920899
Adding /uscms_data/d2/lpcljm/sapta/SUSYSearch/LimitSetting/CMSSW_7_1_5/src to include path
Adding /cvmfs/cms.cern.ch/slc6_amd64_gcc481/lcg/roofit/5.34.18-cms3//include to include path
Input workspace 'w': 

RooWorkspace(w) w contents

variables
---------
(jerUp_unc,jerUp_unc_In,jesUp_unc,jesUp_unc_In,lumi,lumi_In,n_obs_binbin1,pdf_unc,pdf_unc_In,r,xs_Bkg,xs_Bkg_In)

p.d.f.s
-------
SimpleGaussianConstraint::jerUp_unc_Pdf[ x=jerUp_unc mean=jerUp_unc_In sigma=1 ] = 1
SimpleGaussianConstraint::jesUp_unc_Pdf[ x=jesUp_unc mean=jesUp_unc_In sigma=1 ] = 1
SimpleGaussianConstraint::lumi_Pdf[ x=lumi mean=lumi_In sigma=1 ] = 1
RooProdPdf::modelObs_b[ pdf_binbin1_bonly ] = 0.0476986
RooProdPdf::modelObs_s[ pdf_binbin1 ] = 0.0570507
RooProdPdf::model_b[ modelObs_b * nuisancePdf ] = 0.0476986
RooProdPdf::model_s[ modelObs_s * nuisancePdf ] = 0.0570507
RooProdPdf::nuisancePdf[ lumi_Pdf * jesUp_unc_Pdf * pdf_unc_Pdf * xs_Bkg_Pdf * jerUp_unc_Pdf ] = 1
RooPoisson::pdf_binbin1[ x=n_obs_binbin1 mean=n_exp_binbin1 ] = 0.0570507
RooPoisson::pdf_binbin1_bonly[ x=n_obs_binbin1 mean=n_exp_binbin1_bonly ] = 0.0476986
SimpleGaussianConstraint::pdf_unc_Pdf[ x=pdf_unc mean=pdf_unc_In sigma=1 ] = 1
SimpleGaussianConstraint::xs_Bkg_Pdf[ x=xs_Bkg mean=xs_Bkg_In sigma=1 ] = 1

functions
--------
RooAddition::n_exp_binbin1[ n_exp_binbin1_proc_BH + n_exp_binbin1_proc_Background ] = 24.2517
RooAddition::n_exp_binbin1_bonly[ n_exp_binbin1_proc_Background ] = 23.2517
ProcessNormalization::n_exp_binbin1_proc_BH[ thetaList=(lumi,jesUp_unc,pdf_unc,jerUp_unc) asymmThetaList=() otherFactorList=(r) ] = 1
ProcessNormalization::n_exp_binbin1_proc_Background[ thetaList=(xs_Bkg) asymmThetaList=() otherFactorList=() ] = 23.2517

datasets
--------
RooDataSet::data_obs(n_obs_binbin1)

named sets
----------
ModelConfig_GlobalObservables:(lumi_In,jesUp_unc_In,pdf_unc_In,xs_Bkg_In,jerUp_unc_In)
ModelConfig_NuisParams:(lumi,jesUp_unc,pdf_unc,xs_Bkg,jerUp_unc)
ModelConfig_Observables:(n_obs_binbin1)
ModelConfig_POI:(r)
ModelConfig_bonly_GlobalObservables:(lumi_In,jesUp_unc_In,pdf_unc_In,xs_Bkg_In,jerUp_unc_In)
ModelConfig_bonly_NuisParams:(lumi,jesUp_unc,pdf_unc,xs_Bkg,jerUp_unc)
ModelConfig_bonly_Observables:(n_obs_binbin1)
ModelConfig_bonly_POI:(r)
POI:(r)
globalObservables:(lumi_In,jesUp_unc_In,pdf_unc_In,xs_Bkg_In,jerUp_unc_In)
nuisances:(lumi,jesUp_unc,pdf_unc,xs_Bkg,jerUp_unc)
observables:(n_obs_binbin1)

generic objects
---------------
RooStats::ModelConfig::ModelConfig
RooStats::ModelConfig::ModelConfig_bonly
RooArgSet::discreteParams

Workspace has a ModelConfig for signal called 'ModelConfig', with contents:

=== Using the following for ModelConfig ===
Observables:             RooArgSet:: = (n_obs_binbin1)
Parameters of Interest:  RooArgSet:: = (r)
Nuisance Parameters:     RooArgSet:: = (lumi,jesUp_unc,pdf_unc,xs_Bkg,jerUp_unc)
Global Observables:      RooArgSet:: = (lumi_In,jesUp_unc_In,pdf_unc_In,xs_Bkg_In,jerUp_unc_In)
PDF:                     RooProdPdf::model_s[ modelObs_s * nuisancePdf ] = 0.0570507

Input ModelConfig 'ModelConfig': 

=== Using the following for ModelConfig ===
Observables:             RooArgSet:: = (n_obs_binbin1)
Parameters of Interest:  RooArgSet:: = (r)
Nuisance Parameters:     RooArgSet:: = (lumi,jesUp_unc,pdf_unc,xs_Bkg,jerUp_unc)
Global Observables:      RooArgSet:: = (lumi_In,jesUp_unc_In,pdf_unc_In,xs_Bkg_In,jerUp_unc_In)
PDF:                     RooProdPdf::model_s[ modelObs_s * nuisancePdf ] = 0.0570507

[#1] INFO:ObjectHandling -- RooWorkspace::import(w) importing RooUniform::prior
Computing limit starting from observation
  1) RooRealVar:: n_obs_binbin1 = 28
Set default minimizer to Minuit2
  r = 21 +/- 0
[#1] INFO:Minization --  Including the following contraint terms in minimization: (nuisancePdf)
[#1] INFO:Fitting -- RooAddition::defaultErrorLevel(nll_model_s_data_obs_with_constr) Summation contains a RooNLLVar, using its error level
Minuit2Minimizer: Minimize with max-calls 2500 convergence for edm < 0.01 strategy 1
MnSeedGenerator: for initial parameters FCN = 7.63754
MnSeedGenerator: Initial state:   - FCN =   7.637544869274 Edm =     0.399148 NCalls =     21
VariableMetric: start iterating until Edm is < 1e-05
VariableMetric: Initial state   - FCN =   7.637544869274 Edm =     0.399148 NCalls =     21
VariableMetric: Iteration #   1 - FCN =   7.257585213626 Edm =   0.00210353 NCalls =     32
VariableMetric: Iteration #   2 - FCN =   7.255746299907 Edm =  2.95171e-09 NCalls =     44
VariableMetric: After Hessian   - FCN =   7.255746299907 Edm =  2.77728e-09 NCalls =     75
Number of iterations 4
----------> Iteration 0
            FVAL = 7.63754486927 Edm = 0.399147706533 Nfcn = 21
            Error matrix change = 1
            Parameters :  p0 = 0 p1 = 0 p2 = 0 p3 = 0 p4 = 0
----------> Iteration 1
            FVAL = 7.25758521363 Edm = 0.00210353381327 Nfcn = 32
            Error matrix change = 0.501436
            Parameters :  p0 = 0 p1 = 0 p2 = 0 p3 = 0 p4 = 0.37543
----------> Iteration 2
            FVAL = 7.25574629991 Edm = 2.9517135125e-09 Nfcn = 44
            Error matrix change = 0.251928
            Parameters :  p0 = 0 p1 = 0 p2 = 0 p3 = 0 p4 = 0.35162
----------> Iteration 3
            FVAL = 7.25574629991 Edm = 2.77728349749e-09 Nfcn = 75
            Error matrix change = 0
            Parameters :  p0 = 0 p1 = 0 p2 = 0 p3 = 0 p4 = 0.35162
Minuit2Minimizer : Valid minimum - status = 0
FVAL  = 7.25574629990741471
Edm   = 2.77728349749383468e-09
Nfcn  = 75
jerUp_unc	  = 0	 +/-  0.996602	(limited)
jesUp_unc	  = 0	 +/-  0.996602	(limited)
lumi	  = 0	 +/-  0.996602	(limited)
pdf_unc	  = 0	 +/-  0.996602	(limited)
xs_Bkg	  = 0.35162	 +/-  0.39347	(limited)
Zero signal fit
   0) jerUp_unc                      =         0
   1) jesUp_unc                      =         0
   2) lumi                           =         0
   3) pdf_unc                        =         0
   4) xs_Bkg                         =   0.35162

Fitting of the background hypothesis done in 0.297037 s
[#1] INFO:Fitting -- RooAddition::defaultErrorLevel(nll_model_s_data_obs_with_constr) Summation contains a RooNLLVar, using its error level
Minuit2Minimizer: Minimize with max-calls 2500 convergence for edm < 0.01 strategy 1
MnSeedGenerator: for initial parameters FCN = 12.2424
MnSeedGenerator: Initial state:   - FCN =   12.24242715767 Edm =      3.30921 NCalls =     21
VariableMetric: start iterating until Edm is < 1e-05
VariableMetric: Initial state   - FCN =   12.24242715767 Edm =      3.30921 NCalls =     21
VariableMetric: Iteration #   1 - FCN =   8.784716769902 Edm =     0.166707 NCalls =     32
VariableMetric: Iteration #   2 - FCN =   8.510808075898 Edm =   0.00511049 NCalls =     44
VariableMetric: Iteration #   3 - FCN =    8.50416579044 Edm =  7.18226e-06 NCalls =     56
VariableMetric: Iteration #   4 - FCN =   8.504158140536 Edm =  2.38321e-10 NCalls =     68
VariableMetric: After Hessian   - FCN =   8.504158140536 Edm =  2.42972e-10 NCalls =     99
Number of iterations 6
----------> Iteration 0
            FVAL = 12.2424271577 Edm = 3.30921480376 Nfcn = 21
            Error matrix change = 1
            Parameters :  p0 = 0 p1 = 0 p2 = 0 p3 = 0 p4 = 0.35162
----------> Iteration 1
            FVAL = 8.7847167699 Edm = 0.166707281701 Nfcn = 32
            Error matrix change = 0.55192
            Parameters :  p0 = -0.337852 p1 = -0.415367 p2 = -0.384786 p3 = -0.48917 p4 = -0.73266
----------> Iteration 2
            FVAL = 8.5108080759 Edm = 0.00511049377401 Nfcn = 44
            Error matrix change = 0.308316
            Parameters :  p0 = -0.117429 p1 = -0.151656 p2 = -0.137644 p3 = -0.188655 p4 = -1.08314
----------> Iteration 3
            FVAL = 8.50416579044 Edm = 7.18226236982e-06 Nfcn = 56
            Error matrix change = 0.176129
            Parameters :  p0 = -0.147183 p1 = -0.181926 p2 = -0.168128 p3 = -0.215914 p4 = -1.13797
----------> Iteration 4
            FVAL = 8.50415814054 Edm = 2.38320727682e-10 Nfcn = 68
            Error matrix change = 0.100175
            Parameters :  p0 = -0.145121 p1 = -0.180558 p2 = -0.166425 p3 = -0.215634 p4 = -1.13979
----------> Iteration 5
            FVAL = 8.50415814054 Edm = 2.4297172733e-10 Nfcn = 99
            Error matrix change = 0
            Parameters :  p0 = -0.145121 p1 = -0.180558 p2 = -0.166425 p3 = -0.215634 p4 = -1.13979
Minuit2Minimizer : Valid minimum - status = 0
FVAL  = 8.50415814053585706
Edm   = 2.42971727329754217e-10
Nfcn  = 99
jerUp_unc	  = -0.145121	 +/-  0.989757	(limited)
jesUp_unc	  = -0.180558	 +/-  0.985989	(limited)
lumi	  = -0.166425	 +/-  0.987592	(limited)
pdf_unc	  = -0.215634	 +/-  0.981429	(limited)
xs_Bkg	  = -1.13979	 +/-  0.649109	(limited)
Reference signal fit
   0) jerUp_unc                      = -0.145121
   1) jesUp_unc                      = -0.180558
   2) lumi                           = -0.166425
   3) pdf_unc                        = -0.215634
   4) xs_Bkg                         =  -1.13979

Fitting of the signal-plus-background hypothesis done in 0.00236487 s
      Evaluation of p-values done in  5.93785 s
	CLs = 0.0808709 +/- 0.0110843
      Evaluation of p-values done in  5.8721 s
	CLs = 0.0958589 +/- 0.00844803
      Evaluation of p-values done in  5.85503 s
	CLs = 0.0983936 +/- 0.00691377
      Evaluation of p-values done in  5.51313 s
	CLs = 0.0943326 +/- 0.00583447
      Evaluation of p-values done in  5.64737 s
	CLs = 0.0958781 +/- 0.00526366
	CLs      = 0.0958781 +/- 0.00526366
	CLb      = 0.6696 +/- 0.00665185
	CLsplusb = 0.0642 +/- 0.00346636

Hybrid result saved as HypoTestResult_mh120_r21_699728618 in higgsCombineTest.HybridNew.mH120.-649920899.root : higgsCombineTest.HybridNew.mH120.-649920899.root:/toys

 -- Hybrid New -- 
CLs = 0.0958781 +/- 0.00526366
Total toys: 10000
Done in 0.00 min (cpu), 0.49 min (real)
