>>> including systematics
>>> using the Profile Likelihood test statistics modified for upper limits (Q_LHC)
>>> method used to compute upper limit is HybridNew
>>> Using OpenSSL to get a really random seed 
>>> Used OpenSSL to get a really random seed 252716929
Adding /uscms_data/d2/lpcljm/sapta/SUSYSearch/LimitSetting/CMSSW_7_1_5/src to include path
Adding /cvmfs/cms.cern.ch/slc6_amd64_gcc481/lcg/roofit/5.34.18-cms3//include to include path
Input workspace 'w': 

RooWorkspace(w) w contents

variables
---------
(jerUp_unc,jerUp_unc_In,jesUp_unc,jesUp_unc_In,lumi,lumi_In,n_obs_binbin1,pdf_unc,pdf_unc_In,r,xs_Bkg,xs_Bkg_In)

p.d.f.s
-------
SimpleGaussianConstraint::jerUp_unc_Pdf[ x=jerUp_unc mean=jerUp_unc_In sigma=1 ] = 1
SimpleGaussianConstraint::jesUp_unc_Pdf[ x=jesUp_unc mean=jesUp_unc_In sigma=1 ] = 1
SimpleGaussianConstraint::lumi_Pdf[ x=lumi mean=lumi_In sigma=1 ] = 1
RooProdPdf::modelObs_b[ pdf_binbin1_bonly ] = 0.0476986
RooProdPdf::modelObs_s[ pdf_binbin1 ] = 0.0570507
RooProdPdf::model_b[ modelObs_b * nuisancePdf ] = 0.0476986
RooProdPdf::model_s[ modelObs_s * nuisancePdf ] = 0.0570507
RooProdPdf::nuisancePdf[ lumi_Pdf * jesUp_unc_Pdf * pdf_unc_Pdf * xs_Bkg_Pdf * jerUp_unc_Pdf ] = 1
RooPoisson::pdf_binbin1[ x=n_obs_binbin1 mean=n_exp_binbin1 ] = 0.0570507
RooPoisson::pdf_binbin1_bonly[ x=n_obs_binbin1 mean=n_exp_binbin1_bonly ] = 0.0476986
SimpleGaussianConstraint::pdf_unc_Pdf[ x=pdf_unc mean=pdf_unc_In sigma=1 ] = 1
SimpleGaussianConstraint::xs_Bkg_Pdf[ x=xs_Bkg mean=xs_Bkg_In sigma=1 ] = 1

functions
--------
RooAddition::n_exp_binbin1[ n_exp_binbin1_proc_BH + n_exp_binbin1_proc_Background ] = 24.2517
RooAddition::n_exp_binbin1_bonly[ n_exp_binbin1_proc_Background ] = 23.2517
ProcessNormalization::n_exp_binbin1_proc_BH[ thetaList=(lumi,jesUp_unc,pdf_unc,jerUp_unc) asymmThetaList=() otherFactorList=(r) ] = 1
ProcessNormalization::n_exp_binbin1_proc_Background[ thetaList=(xs_Bkg) asymmThetaList=() otherFactorList=() ] = 23.2517

datasets
--------
RooDataSet::data_obs(n_obs_binbin1)

named sets
----------
ModelConfig_GlobalObservables:(lumi_In,jesUp_unc_In,pdf_unc_In,xs_Bkg_In,jerUp_unc_In)
ModelConfig_NuisParams:(lumi,jesUp_unc,pdf_unc,xs_Bkg,jerUp_unc)
ModelConfig_Observables:(n_obs_binbin1)
ModelConfig_POI:(r)
ModelConfig_bonly_GlobalObservables:(lumi_In,jesUp_unc_In,pdf_unc_In,xs_Bkg_In,jerUp_unc_In)
ModelConfig_bonly_NuisParams:(lumi,jesUp_unc,pdf_unc,xs_Bkg,jerUp_unc)
ModelConfig_bonly_Observables:(n_obs_binbin1)
ModelConfig_bonly_POI:(r)
POI:(r)
globalObservables:(lumi_In,jesUp_unc_In,pdf_unc_In,xs_Bkg_In,jerUp_unc_In)
nuisances:(lumi,jesUp_unc,pdf_unc,xs_Bkg,jerUp_unc)
observables:(n_obs_binbin1)

generic objects
---------------
RooStats::ModelConfig::ModelConfig
RooStats::ModelConfig::ModelConfig_bonly
RooArgSet::discreteParams

Workspace has a ModelConfig for signal called 'ModelConfig', with contents:

=== Using the following for ModelConfig ===
Observables:             RooArgSet:: = (n_obs_binbin1)
Parameters of Interest:  RooArgSet:: = (r)
Nuisance Parameters:     RooArgSet:: = (lumi,jesUp_unc,pdf_unc,xs_Bkg,jerUp_unc)
Global Observables:      RooArgSet:: = (lumi_In,jesUp_unc_In,pdf_unc_In,xs_Bkg_In,jerUp_unc_In)
PDF:                     RooProdPdf::model_s[ modelObs_s * nuisancePdf ] = 0.0570507

Input ModelConfig 'ModelConfig': 

=== Using the following for ModelConfig ===
Observables:             RooArgSet:: = (n_obs_binbin1)
Parameters of Interest:  RooArgSet:: = (r)
Nuisance Parameters:     RooArgSet:: = (lumi,jesUp_unc,pdf_unc,xs_Bkg,jerUp_unc)
Global Observables:      RooArgSet:: = (lumi_In,jesUp_unc_In,pdf_unc_In,xs_Bkg_In,jerUp_unc_In)
PDF:                     RooProdPdf::model_s[ modelObs_s * nuisancePdf ] = 0.0570507

[#1] INFO:ObjectHandling -- RooWorkspace::import(w) importing RooUniform::prior
Computing limit starting from observation
  1) RooRealVar:: n_obs_binbin1 = 28
Set default minimizer to Minuit2
  r = 25 +/- 0
[#1] INFO:Minization --  Including the following contraint terms in minimization: (nuisancePdf)
[#1] INFO:Fitting -- RooAddition::defaultErrorLevel(nll_model_s_data_obs_with_constr) Summation contains a RooNLLVar, using its error level
Minuit2Minimizer: Minimize with max-calls 2500 convergence for edm < 0.01 strategy 1
MnSeedGenerator: for initial parameters FCN = 7.63754
MnSeedGenerator: Initial state:   - FCN =   7.637544869274 Edm =     0.399148 NCalls =     21
VariableMetric: start iterating until Edm is < 1e-05
VariableMetric: Initial state   - FCN =   7.637544869274 Edm =     0.399148 NCalls =     21
VariableMetric: Iteration #   1 - FCN =   7.257585213626 Edm =   0.00210353 NCalls =     32
VariableMetric: Iteration #   2 - FCN =   7.255746299907 Edm =  2.95171e-09 NCalls =     44
VariableMetric: After Hessian   - FCN =   7.255746299907 Edm =  2.77728e-09 NCalls =     75
Number of iterations 4
----------> Iteration 0
            FVAL = 7.63754486927 Edm = 0.399147706533 Nfcn = 21
            Error matrix change = 1
            Parameters :  p0 = 0 p1 = 0 p2 = 0 p3 = 0 p4 = 0
----------> Iteration 1
            FVAL = 7.25758521363 Edm = 0.00210353381327 Nfcn = 32
            Error matrix change = 0.501436
            Parameters :  p0 = 0 p1 = 0 p2 = 0 p3 = 0 p4 = 0.37543
----------> Iteration 2
            FVAL = 7.25574629991 Edm = 2.9517135125e-09 Nfcn = 44
            Error matrix change = 0.251928
            Parameters :  p0 = 0 p1 = 0 p2 = 0 p3 = 0 p4 = 0.35162
----------> Iteration 3
            FVAL = 7.25574629991 Edm = 2.77728349749e-09 Nfcn = 75
            Error matrix change = 0
            Parameters :  p0 = 0 p1 = 0 p2 = 0 p3 = 0 p4 = 0.35162
Minuit2Minimizer : Valid minimum - status = 0
FVAL  = 7.25574629990741471
Edm   = 2.77728349749383468e-09
Nfcn  = 75
jerUp_unc	  = 0	 +/-  0.996602	(limited)
jesUp_unc	  = 0	 +/-  0.996602	(limited)
lumi	  = 0	 +/-  0.996602	(limited)
pdf_unc	  = 0	 +/-  0.996602	(limited)
xs_Bkg	  = 0.35162	 +/-  0.39347	(limited)
Zero signal fit
   0) jerUp_unc                      =         0
   1) jesUp_unc                      =         0
   2) lumi                           =         0
   3) pdf_unc                        =         0
   4) xs_Bkg                         =   0.35162

Fitting of the background hypothesis done in 0.302857 s
[#1] INFO:Fitting -- RooAddition::defaultErrorLevel(nll_model_s_data_obs_with_constr) Summation contains a RooNLLVar, using its error level
Minuit2Minimizer: Minimize with max-calls 2500 convergence for edm < 0.01 strategy 1
MnSeedGenerator: for initial parameters FCN = 14.0108
MnSeedGenerator: Initial state:   - FCN =   14.01083081566 Edm =      4.19444 NCalls =     21
VariableMetric: start iterating until Edm is < 1e-05
VariableMetric: Initial state   - FCN =   14.01083081566 Edm =      4.19444 NCalls =     21
VariableMetric: Iteration #   1 - FCN =   9.687910872384 Edm =     0.226633 NCalls =     32
VariableMetric: Iteration #   2 - FCN =   9.312915638734 Edm =   0.00849299 NCalls =     44
VariableMetric: Iteration #   3 - FCN =   9.301549888771 Edm =   1.8028e-05 NCalls =     56
VariableMetric: Iteration #   4 - FCN =   9.301530505777 Edm =  5.27904e-10 NCalls =     68
VariableMetric: After Hessian   - FCN =   9.301530505777 Edm =  5.40929e-10 NCalls =     99
Number of iterations 6
----------> Iteration 0
            FVAL = 14.0108308157 Edm = 4.19444402664 Nfcn = 21
            Error matrix change = 1
            Parameters :  p0 = 0 p1 = 0 p2 = 0 p3 = 0 p4 = 0.35162
----------> Iteration 1
            FVAL = 9.68791087238 Edm = 0.226633363632 Nfcn = 32
            Error matrix change = 0.557756
            Parameters :  p0 = -0.442165 p1 = -0.541866 p2 = -0.502653 p3 = -0.635749 p4 = -0.845603
----------> Iteration 2
            FVAL = 9.31291563873 Edm = 0.00849299231869 Nfcn = 44
            Error matrix change = 0.314931
            Parameters :  p0 = -0.180376 p1 = -0.233271 p2 = -0.211618 p3 = -0.290349 p4 = -1.25891
----------> Iteration 3
            FVAL = 9.30154988877 Edm = 1.80280329351e-05 Nfcn = 56
            Error matrix change = 0.182607
            Parameters :  p0 = -0.220561 p1 = -0.272431 p2 = -0.251829 p3 = -0.323239 p4 = -1.33292
----------> Iteration 4
            FVAL = 9.30153050578 Edm = 5.27903855718e-10 Nfcn = 68
            Error matrix change = 0.103391
            Parameters :  p0 = -0.217315 p1 = -0.270377 p2 = -0.249218 p3 = -0.322876 p4 = -1.33595
----------> Iteration 5
            FVAL = 9.30153050578 Edm = 5.4092914821e-10 Nfcn = 99
            Error matrix change = 0
            Parameters :  p0 = -0.217315 p1 = -0.270377 p2 = -0.249218 p3 = -0.322876 p4 = -1.33595
Minuit2Minimizer : Valid minimum - status = 0
FVAL  = 9.30153050577714069
Edm   = 5.409291482103888e-10
Nfcn  = 99
jerUp_unc	  = -0.217315	 +/-  0.987241	(limited)
jesUp_unc	  = -0.270377	 +/-  0.982077	(limited)
lumi	  = -0.249218	 +/-  0.984275	(limited)
pdf_unc	  = -0.322876	 +/-  0.975818	(limited)
xs_Bkg	  = -1.33595	 +/-  0.670074	(limited)
Reference signal fit
   0) jerUp_unc                      = -0.217315
   1) jesUp_unc                      = -0.270377
   2) lumi                           = -0.249218
   3) pdf_unc                        = -0.322876
   4) xs_Bkg                         =  -1.33595

Fitting of the signal-plus-background hypothesis done in 0.00233793 s
      Evaluation of p-values done in  6.02112 s
	CLs = 0.0369822 +/- 0.00734815
      Evaluation of p-values done in  5.8152 s
	CLs = 0.0373626 +/- 0.00519602
      Evaluation of p-values done in  5.96031 s
	CLs = 0.0385185 +/- 0.00433186
      Evaluation of p-values done in  5.90862 s
	CLs = 0.0386473 +/- 0.0037643
      Evaluation of p-values done in  5.73905 s
	CLs = 0.0359264 +/- 0.0032456
	CLs      = 0.0359264 +/- 0.0032456
	CLb      = 0.6736 +/- 0.00663118
	CLsplusb = 0.0242 +/- 0.00217322

Hybrid result saved as HypoTestResult_mh120_r25_3143307367 in higgsCombineTest.HybridNew.mH120.252716929.root : higgsCombineTest.HybridNew.mH120.252716929.root:/toys

 -- Hybrid New -- 
CLs = 0.0359264 +/- 0.0032456
Total toys: 10000
Done in 0.00 min (cpu), 0.50 min (real)
