>>> including systematics
>>> using the Profile Likelihood test statistics modified for upper limits (Q_LHC)
>>> method used to compute upper limit is HybridNew
>>> Using OpenSSL to get a really random seed 
>>> Used OpenSSL to get a really random seed -1194487813
Adding /uscms_data/d2/lpcljm/sapta/SUSYSearch/LimitSetting/CMSSW_7_1_5/src to include path
Adding /cvmfs/cms.cern.ch/slc6_amd64_gcc481/lcg/roofit/5.34.18-cms3//include to include path
Input workspace 'w': 

RooWorkspace(w) w contents

variables
---------
(jerUp_unc,jerUp_unc_In,jesUp_unc,jesUp_unc_In,lumi,lumi_In,n_obs_binbin1,pdf_unc,pdf_unc_In,r,xs_Bkg,xs_Bkg_In)

p.d.f.s
-------
SimpleGaussianConstraint::jerUp_unc_Pdf[ x=jerUp_unc mean=jerUp_unc_In sigma=1 ] = 1
SimpleGaussianConstraint::jesUp_unc_Pdf[ x=jesUp_unc mean=jesUp_unc_In sigma=1 ] = 1
SimpleGaussianConstraint::lumi_Pdf[ x=lumi mean=lumi_In sigma=1 ] = 1
RooProdPdf::modelObs_b[ pdf_binbin1_bonly ] = 0.356235
RooProdPdf::modelObs_s[ pdf_binbin1 ] = 0.301838
RooProdPdf::model_b[ modelObs_b * nuisancePdf ] = 0.356235
RooProdPdf::model_s[ modelObs_s * nuisancePdf ] = 0.301838
RooProdPdf::nuisancePdf[ lumi_Pdf * jesUp_unc_Pdf * pdf_unc_Pdf * xs_Bkg_Pdf * jerUp_unc_Pdf ] = 1
RooPoisson::pdf_binbin1[ x=n_obs_binbin1 mean=n_exp_binbin1 ] = 0.301838
RooPoisson::pdf_binbin1_bonly[ x=n_obs_binbin1 mean=n_exp_binbin1_bonly ] = 0.356235
SimpleGaussianConstraint::pdf_unc_Pdf[ x=pdf_unc mean=pdf_unc_In sigma=1 ] = 1
SimpleGaussianConstraint::xs_Bkg_Pdf[ x=xs_Bkg mean=xs_Bkg_In sigma=1 ] = 1

functions
--------
RooAddition::n_exp_binbin1[ n_exp_binbin1_proc_BH + n_exp_binbin1_proc_Background ] = 1.76734
RooAddition::n_exp_binbin1_bonly[ n_exp_binbin1_proc_Background ] = 0.76734
ProcessNormalization::n_exp_binbin1_proc_BH[ thetaList=(lumi,jesUp_unc,pdf_unc,jerUp_unc) asymmThetaList=() otherFactorList=(r) ] = 1
ProcessNormalization::n_exp_binbin1_proc_Background[ thetaList=(xs_Bkg) asymmThetaList=() otherFactorList=() ] = 0.76734

datasets
--------
RooDataSet::data_obs(n_obs_binbin1)

named sets
----------
ModelConfig_GlobalObservables:(lumi_In,jesUp_unc_In,pdf_unc_In,xs_Bkg_In,jerUp_unc_In)
ModelConfig_NuisParams:(lumi,jesUp_unc,pdf_unc,xs_Bkg,jerUp_unc)
ModelConfig_Observables:(n_obs_binbin1)
ModelConfig_POI:(r)
ModelConfig_bonly_GlobalObservables:(lumi_In,jesUp_unc_In,pdf_unc_In,xs_Bkg_In,jerUp_unc_In)
ModelConfig_bonly_NuisParams:(lumi,jesUp_unc,pdf_unc,xs_Bkg,jerUp_unc)
ModelConfig_bonly_Observables:(n_obs_binbin1)
ModelConfig_bonly_POI:(r)
POI:(r)
globalObservables:(lumi_In,jesUp_unc_In,pdf_unc_In,xs_Bkg_In,jerUp_unc_In)
nuisances:(lumi,jesUp_unc,pdf_unc,xs_Bkg,jerUp_unc)
observables:(n_obs_binbin1)

generic objects
---------------
RooStats::ModelConfig::ModelConfig
RooStats::ModelConfig::ModelConfig_bonly
RooArgSet::discreteParams

Workspace has a ModelConfig for signal called 'ModelConfig', with contents:

=== Using the following for ModelConfig ===
Observables:             RooArgSet:: = (n_obs_binbin1)
Parameters of Interest:  RooArgSet:: = (r)
Nuisance Parameters:     RooArgSet:: = (lumi,jesUp_unc,pdf_unc,xs_Bkg,jerUp_unc)
Global Observables:      RooArgSet:: = (lumi_In,jesUp_unc_In,pdf_unc_In,xs_Bkg_In,jerUp_unc_In)
PDF:                     RooProdPdf::model_s[ modelObs_s * nuisancePdf ] = 0.301838

Input ModelConfig 'ModelConfig': 

=== Using the following for ModelConfig ===
Observables:             RooArgSet:: = (n_obs_binbin1)
Parameters of Interest:  RooArgSet:: = (r)
Nuisance Parameters:     RooArgSet:: = (lumi,jesUp_unc,pdf_unc,xs_Bkg,jerUp_unc)
Global Observables:      RooArgSet:: = (lumi_In,jesUp_unc_In,pdf_unc_In,xs_Bkg_In,jerUp_unc_In)
PDF:                     RooProdPdf::model_s[ modelObs_s * nuisancePdf ] = 0.301838

[#1] INFO:ObjectHandling -- RooWorkspace::import(w) importing RooUniform::prior
Computing limit starting from observation
  1) RooRealVar:: n_obs_binbin1 = 1
Set default minimizer to Minuit2
  r = 2 +/- 0
[#1] INFO:Minization --  Including the following contraint terms in minimization: (nuisancePdf)
[#1] INFO:Fitting -- RooAddition::defaultErrorLevel(nll_model_s_data_obs_with_constr) Summation contains a RooNLLVar, using its error level
Minuit2Minimizer: Minimize with max-calls 2500 convergence for edm < 0.01 strategy 1
MnSeedGenerator: for initial parameters FCN = 5.62686
MnSeedGenerator: Initial state:   - FCN =   5.626857956319 Edm =    0.0105478 NCalls =     21
VariableMetric: start iterating until Edm is < 1e-05
VariableMetric: Initial state   - FCN =   5.626857956319 Edm =    0.0105478 NCalls =     21
VariableMetric: Iteration #   1 - FCN =   5.616407672296 Edm =  2.04463e-06 NCalls =     32
VariableMetric: After Hessian   - FCN =   5.616407672296 Edm =  1.98863e-06 NCalls =     63
Number of iterations 3
----------> Iteration 0
            FVAL = 5.62685795632 Edm = 0.0105477902771 Nfcn = 21
            Error matrix change = 1
            Parameters :  p0 = 0 p1 = 0 p2 = 0 p3 = 0 p4 = 0
----------> Iteration 1
            FVAL = 5.6164076723 Edm = 2.04463218224e-06 Nfcn = 32
            Error matrix change = 0.501026
            Parameters :  p0 = 0 p1 = 0 p2 = 0 p3 = 0 p4 = 0.121596
----------> Iteration 2
            FVAL = 5.6164076723 Edm = 1.98863235372e-06 Nfcn = 63
            Error matrix change = 0
            Parameters :  p0 = 0 p1 = 0 p2 = 0 p3 = 0 p4 = 0.121596
Minuit2Minimizer : Valid minimum - status = 0
FVAL  = 5.61640767229603455
Edm   = 1.98863235372097014e-06
Nfcn  = 63
jerUp_unc	  = 0	 +/-  0.996602	(limited)
jesUp_unc	  = 0	 +/-  0.996602	(limited)
lumi	  = 0	 +/-  0.996602	(limited)
pdf_unc	  = 0	 +/-  0.996602	(limited)
xs_Bkg	  = 0.121596	 +/-  0.823685	(limited)
Zero signal fit
   0) jerUp_unc                      =         0
   1) jesUp_unc                      =         0
   2) lumi                           =         0
   3) pdf_unc                        =         0
   4) xs_Bkg                         =  0.121596

Fitting of the background hypothesis done in 0.30358 s
[#1] INFO:Fitting -- RooAddition::defaultErrorLevel(nll_model_s_data_obs_with_constr) Summation contains a RooNLLVar, using its error level
Minuit2Minimizer: Minimize with max-calls 2500 convergence for edm < 0.01 strategy 1
MnSeedGenerator: for initial parameters FCN = 6.39839
MnSeedGenerator: Initial state:   - FCN =   6.398387465804 Edm =     0.110856 NCalls =     21
VariableMetric: start iterating until Edm is < 1e-05
VariableMetric: Initial state   - FCN =   6.398387465804 Edm =     0.110856 NCalls =     21
VariableMetric: Iteration #   1 - FCN =   6.285552621138 Edm =  0.000161377 NCalls =     32
VariableMetric: Iteration #   2 - FCN =     6.2853787841 Edm =  2.25429e-07 NCalls =     43
VariableMetric: After Hessian   - FCN =     6.2853787841 Edm =  2.35116e-07 NCalls =     74
Number of iterations 4
----------> Iteration 0
            FVAL = 6.3983874658 Edm = 0.110855804224 Nfcn = 21
            Error matrix change = 1
            Parameters :  p0 = 0 p1 = 0 p2 = 0 p3 = 0 p4 = 0.121596
----------> Iteration 1
            FVAL = 6.28555262114 Edm = 0.000161377138568 Nfcn = 32
            Error matrix change = 0.508176
            Parameters :  p0 = -0.0506827 p1 = -0.0629537 p2 = -0.0580661 p3 = -0.0750478 p4 = -0.269123
----------> Iteration 2
            FVAL = 6.2853787841 Edm = 2.25429255948e-07 Nfcn = 43
            Error matrix change = 0.259173
            Parameters :  p0 = -0.0476861 p1 = -0.0593293 p2 = -0.0546848 p3 = -0.0708668 p4 = -0.284019
----------> Iteration 3
            FVAL = 6.2853787841 Edm = 2.35115626382e-07 Nfcn = 74
            Error matrix change = 0
            Parameters :  p0 = -0.0476861 p1 = -0.0593293 p2 = -0.0546848 p3 = -0.0708668 p4 = -0.284019
Minuit2Minimizer : Valid minimum - status = 0
FVAL  = 6.28537878409992956
Edm   = 2.35115626382026966e-07
Nfcn  = 74
jerUp_unc	  = -0.0476861	 +/-  0.995268	(limited)
jesUp_unc	  = -0.0593293	 +/-  0.994536	(limited)
lumi	  = -0.0546848	 +/-  0.994847	(limited)
pdf_unc	  = -0.0708668	 +/-  0.993654	(limited)
xs_Bkg	  = -0.284019	 +/-  0.894154	(limited)
Reference signal fit
   0) jerUp_unc                      = -0.0476861
   1) jesUp_unc                      = -0.0593293
   2) lumi                           = -0.0546848
   3) pdf_unc                        = -0.0708668
   4) xs_Bkg                         = -0.284019

Fitting of the signal-plus-background hypothesis done in 0.00216603 s
      Evaluation of p-values done in  5.45602 s
	CLs = 0.243548 +/- 0.0192317
      Evaluation of p-values done in  5.3648 s
	CLs = 0.231554 +/- 0.0130469
      Evaluation of p-values done in  5.08316 s
	CLs = 0.239289 +/- 0.0108057
      Evaluation of p-values done in  5.04453 s
	CLs = 0.24077 +/- 0.00939957
      Evaluation of p-values done in  5.19037 s
	CLs = 0.245289 +/- 0.00847749
	CLs      = 0.245289 +/- 0.00847749
	CLb      = 0.6368 +/- 0.00680126
	CLsplusb = 0.1562 +/- 0.00513423

Hybrid result saved as HypoTestResult_mh120_r2_883953558 in higgsCombineTest.HybridNew.mH120.-1194487813.root : higgsCombineTest.HybridNew.mH120.-1194487813.root:/toys

 -- Hybrid New -- 
CLs = 0.245289 +/- 0.00847749
Total toys: 10000
Done in 0.00 min (cpu), 0.44 min (real)
