>>> including systematics
>>> using the Profile Likelihood test statistics modified for upper limits (Q_LHC)
>>> method used to compute upper limit is HybridNew
>>> Using OpenSSL to get a really random seed 
>>> Used OpenSSL to get a really random seed 1831469106
Adding /uscms_data/d2/lpcljm/sapta/SUSYSearch/LimitSetting/CMSSW_7_1_5/src to include path
Adding /cvmfs/cms.cern.ch/slc6_amd64_gcc481/lcg/roofit/5.34.18-cms3//include to include path
Input workspace 'w': 

RooWorkspace(w) w contents

variables
---------
(jerUp_unc,jerUp_unc_In,jesUp_unc,jesUp_unc_In,lumi,lumi_In,n_obs_binbin1,pdf_unc,pdf_unc_In,r,xs_Bkg,xs_Bkg_In)

p.d.f.s
-------
SimpleGaussianConstraint::jerUp_unc_Pdf[ x=jerUp_unc mean=jerUp_unc_In sigma=1 ] = 1
SimpleGaussianConstraint::jesUp_unc_Pdf[ x=jesUp_unc mean=jesUp_unc_In sigma=1 ] = 1
SimpleGaussianConstraint::lumi_Pdf[ x=lumi mean=lumi_In sigma=1 ] = 1
RooProdPdf::modelObs_b[ pdf_binbin1_bonly ] = 0.0476986
RooProdPdf::modelObs_s[ pdf_binbin1 ] = 0.0570507
RooProdPdf::model_b[ modelObs_b * nuisancePdf ] = 0.0476986
RooProdPdf::model_s[ modelObs_s * nuisancePdf ] = 0.0570507
RooProdPdf::nuisancePdf[ lumi_Pdf * jesUp_unc_Pdf * pdf_unc_Pdf * xs_Bkg_Pdf * jerUp_unc_Pdf ] = 1
RooPoisson::pdf_binbin1[ x=n_obs_binbin1 mean=n_exp_binbin1 ] = 0.0570507
RooPoisson::pdf_binbin1_bonly[ x=n_obs_binbin1 mean=n_exp_binbin1_bonly ] = 0.0476986
SimpleGaussianConstraint::pdf_unc_Pdf[ x=pdf_unc mean=pdf_unc_In sigma=1 ] = 1
SimpleGaussianConstraint::xs_Bkg_Pdf[ x=xs_Bkg mean=xs_Bkg_In sigma=1 ] = 1

functions
--------
RooAddition::n_exp_binbin1[ n_exp_binbin1_proc_BH + n_exp_binbin1_proc_Background ] = 24.2517
RooAddition::n_exp_binbin1_bonly[ n_exp_binbin1_proc_Background ] = 23.2517
ProcessNormalization::n_exp_binbin1_proc_BH[ thetaList=(lumi,jesUp_unc,pdf_unc,jerUp_unc) asymmThetaList=() otherFactorList=(r) ] = 1
ProcessNormalization::n_exp_binbin1_proc_Background[ thetaList=(xs_Bkg) asymmThetaList=() otherFactorList=() ] = 23.2517

datasets
--------
RooDataSet::data_obs(n_obs_binbin1)

named sets
----------
ModelConfig_GlobalObservables:(lumi_In,jesUp_unc_In,pdf_unc_In,xs_Bkg_In,jerUp_unc_In)
ModelConfig_NuisParams:(lumi,jesUp_unc,pdf_unc,xs_Bkg,jerUp_unc)
ModelConfig_Observables:(n_obs_binbin1)
ModelConfig_POI:(r)
ModelConfig_bonly_GlobalObservables:(lumi_In,jesUp_unc_In,pdf_unc_In,xs_Bkg_In,jerUp_unc_In)
ModelConfig_bonly_NuisParams:(lumi,jesUp_unc,pdf_unc,xs_Bkg,jerUp_unc)
ModelConfig_bonly_Observables:(n_obs_binbin1)
ModelConfig_bonly_POI:(r)
POI:(r)
globalObservables:(lumi_In,jesUp_unc_In,pdf_unc_In,xs_Bkg_In,jerUp_unc_In)
nuisances:(lumi,jesUp_unc,pdf_unc,xs_Bkg,jerUp_unc)
observables:(n_obs_binbin1)

generic objects
---------------
RooStats::ModelConfig::ModelConfig
RooStats::ModelConfig::ModelConfig_bonly
RooArgSet::discreteParams

Workspace has a ModelConfig for signal called 'ModelConfig', with contents:

=== Using the following for ModelConfig ===
Observables:             RooArgSet:: = (n_obs_binbin1)
Parameters of Interest:  RooArgSet:: = (r)
Nuisance Parameters:     RooArgSet:: = (lumi,jesUp_unc,pdf_unc,xs_Bkg,jerUp_unc)
Global Observables:      RooArgSet:: = (lumi_In,jesUp_unc_In,pdf_unc_In,xs_Bkg_In,jerUp_unc_In)
PDF:                     RooProdPdf::model_s[ modelObs_s * nuisancePdf ] = 0.0570507

Input ModelConfig 'ModelConfig': 

=== Using the following for ModelConfig ===
Observables:             RooArgSet:: = (n_obs_binbin1)
Parameters of Interest:  RooArgSet:: = (r)
Nuisance Parameters:     RooArgSet:: = (lumi,jesUp_unc,pdf_unc,xs_Bkg,jerUp_unc)
Global Observables:      RooArgSet:: = (lumi_In,jesUp_unc_In,pdf_unc_In,xs_Bkg_In,jerUp_unc_In)
PDF:                     RooProdPdf::model_s[ modelObs_s * nuisancePdf ] = 0.0570507

[#1] INFO:ObjectHandling -- RooWorkspace::import(w) importing RooUniform::prior
Computing limit starting from observation
  1) RooRealVar:: n_obs_binbin1 = 28
Set default minimizer to Minuit2
  r = 30 +/- 0
[#1] INFO:Minization --  Including the following contraint terms in minimization: (nuisancePdf)
[#1] INFO:Fitting -- RooAddition::defaultErrorLevel(nll_model_s_data_obs_with_constr) Summation contains a RooNLLVar, using its error level
Minuit2Minimizer: Minimize with max-calls 2500 convergence for edm < 0.01 strategy 1
MnSeedGenerator: for initial parameters FCN = 7.63754
MnSeedGenerator: Initial state:   - FCN =   7.637544869274 Edm =     0.399148 NCalls =     21
VariableMetric: start iterating until Edm is < 1e-05
VariableMetric: Initial state   - FCN =   7.637544869274 Edm =     0.399148 NCalls =     21
VariableMetric: Iteration #   1 - FCN =   7.257585213626 Edm =   0.00210353 NCalls =     32
VariableMetric: Iteration #   2 - FCN =   7.255746299907 Edm =  2.95171e-09 NCalls =     44
VariableMetric: After Hessian   - FCN =   7.255746299907 Edm =  2.77728e-09 NCalls =     75
Number of iterations 4
----------> Iteration 0
            FVAL = 7.63754486927 Edm = 0.399147706533 Nfcn = 21
            Error matrix change = 1
            Parameters :  p0 = 0 p1 = 0 p2 = 0 p3 = 0 p4 = 0
----------> Iteration 1
            FVAL = 7.25758521363 Edm = 0.00210353381327 Nfcn = 32
            Error matrix change = 0.501436
            Parameters :  p0 = 0 p1 = 0 p2 = 0 p3 = 0 p4 = 0.37543
----------> Iteration 2
            FVAL = 7.25574629991 Edm = 2.9517135125e-09 Nfcn = 44
            Error matrix change = 0.251928
            Parameters :  p0 = 0 p1 = 0 p2 = 0 p3 = 0 p4 = 0.35162
----------> Iteration 3
            FVAL = 7.25574629991 Edm = 2.77728349749e-09 Nfcn = 75
            Error matrix change = 0
            Parameters :  p0 = 0 p1 = 0 p2 = 0 p3 = 0 p4 = 0.35162
Minuit2Minimizer : Valid minimum - status = 0
FVAL  = 7.25574629990741471
Edm   = 2.77728349749383468e-09
Nfcn  = 75
jerUp_unc	  = 0	 +/-  0.996602	(limited)
jesUp_unc	  = 0	 +/-  0.996602	(limited)
lumi	  = 0	 +/-  0.996602	(limited)
pdf_unc	  = 0	 +/-  0.996602	(limited)
xs_Bkg	  = 0.35162	 +/-  0.39347	(limited)
Zero signal fit
   0) jerUp_unc                      =         0
   1) jesUp_unc                      =         0
   2) lumi                           =         0
   3) pdf_unc                        =         0
   4) xs_Bkg                         =   0.35162

Fitting of the background hypothesis done in 0.308789 s
[#1] INFO:Fitting -- RooAddition::defaultErrorLevel(nll_model_s_data_obs_with_constr) Summation contains a RooNLLVar, using its error level
Minuit2Minimizer: Minimize with max-calls 2500 convergence for edm < 0.01 strategy 1
MnSeedGenerator: for initial parameters FCN = 16.4503
MnSeedGenerator: Initial state:   - FCN =   16.45032770153 Edm =      5.34878 NCalls =     21
VariableMetric: start iterating until Edm is < 1e-05
VariableMetric: Initial state   - FCN =   16.45032770153 Edm =      5.34878 NCalls =     21
VariableMetric: Iteration #   1 - FCN =   11.05079510031 Edm =     0.304961 NCalls =     32
VariableMetric: Iteration #   2 - FCN =    10.5542713487 Edm =    0.0134312 NCalls =     44
VariableMetric: Iteration #   3 - FCN =   10.53583779934 Edm =  4.16135e-05 NCalls =     56
VariableMetric: Iteration #   4 - FCN =   10.53579267845 Edm =  4.85539e-09 NCalls =     68
VariableMetric: After Hessian   - FCN =   10.53579267845 Edm =  5.11335e-09 NCalls =     99
Number of iterations 6
----------> Iteration 0
            FVAL = 16.4503277015 Edm = 5.34878243096 Nfcn = 21
            Error matrix change = 1
            Parameters :  p0 = 0 p1 = 0 p2 = 0 p3 = 0 p4 = 0.35162
----------> Iteration 1
            FVAL = 11.0507951003 Edm = 0.304960620571 Nfcn = 32
            Error matrix change = 0.563352
            Parameters :  p0 = -0.579594 p1 = -0.70736 p2 = -0.657309 p3 = -0.825966 p4 = -0.959612
----------> Iteration 2
            FVAL = 10.5542713487 Edm = 0.0134312248351 Nfcn = 44
            Error matrix change = 0.321327
            Parameters :  p0 = -0.269681 p1 = -0.349384 p2 = -0.316766 p3 = -0.435133 p4 = -1.42928
----------> Iteration 3
            FVAL = 10.5358377993 Edm = 4.16134549077e-05 Nfcn = 56
            Error matrix change = 0.189458
            Parameters :  p0 = -0.323056 p1 = -0.398763 p2 = -0.36868 p3 = -0.473142 p4 = -1.52559
----------> Iteration 4
            FVAL = 10.5357926785 Edm = 4.85539375753e-09 Nfcn = 68
            Error matrix change = 0.108451
            Parameters :  p0 = -0.318183 p1 = -0.395849 p2 = -0.364884 p3 = -0.472649 p4 = -1.53041
----------> Iteration 5
            FVAL = 10.5357926785 Edm = 5.11335213834e-09 Nfcn = 99
            Error matrix change = 0
            Parameters :  p0 = -0.318183 p1 = -0.395849 p2 = -0.364884 p3 = -0.472649 p4 = -1.53041
Minuit2Minimizer : Valid minimum - status = 0
FVAL  = 10.5357926784546212
Edm   = 5.1133521383419892e-09
Nfcn  = 99
jerUp_unc	  = -0.318183	 +/-  0.984325	(limited)
jesUp_unc	  = -0.395849	 +/-  0.977536	(limited)
lumi	  = -0.364884	 +/-  0.980427	(limited)
pdf_unc	  = -0.472649	 +/-  0.969291	(limited)
xs_Bkg	  = -1.53041	 +/-  0.684813	(limited)
Reference signal fit
   0) jerUp_unc                      = -0.318183
   1) jesUp_unc                      = -0.395849
   2) lumi                           = -0.364884
   3) pdf_unc                        = -0.472649
   4) xs_Bkg                         =  -1.53041

Fitting of the signal-plus-background hypothesis done in 0.00243902 s
      Evaluation of p-values done in  6.03942 s
	CLs = 0.015456 +/- 0.00487648
      Evaluation of p-values done in  6.16688 s
	CLs = 0.0132502 +/- 0.00320761
      Evaluation of p-values done in  5.88726 s
	CLs = 0.0113344 +/- 0.00241246
      Evaluation of p-values done in  5.95302 s
	CLs = 0.0119185 +/- 0.00213679
      Evaluation of p-values done in  5.88718 s
	CLs = 0.0109656 +/- 0.00182446
	CLs      = 0.0109656 +/- 0.00182446
	CLb      = 0.6566 +/- 0.0067153
	CLsplusb = 0.0072 +/- 0.00119567

Hybrid result saved as HypoTestResult_mh120_r30_1764161755 in higgsCombineTest.HybridNew.mH120.1831469106.root : higgsCombineTest.HybridNew.mH120.1831469106.root:/toys

 -- Hybrid New -- 
CLs = 0.0109656 +/- 0.00182446
Total toys: 10000
Done in 0.00 min (cpu), 0.50 min (real)
