>>> including systematics
>>> using the Profile Likelihood test statistics modified for upper limits (Q_LHC)
>>> method used to compute upper limit is HybridNew
>>> Using OpenSSL to get a really random seed 
>>> Used OpenSSL to get a really random seed 1582987403
Adding /uscms_data/d2/lpcljm/sapta/SUSYSearch/LimitSetting/CMSSW_7_1_5/src to include path
Adding /cvmfs/cms.cern.ch/slc6_amd64_gcc481/lcg/roofit/5.34.18-cms3//include to include path
Input workspace 'w': 

RooWorkspace(w) w contents

variables
---------
(jerUp_unc,jerUp_unc_In,jesUp_unc,jesUp_unc_In,lumi,lumi_In,n_obs_binbin1,pdf_unc,pdf_unc_In,r,xs_Bkg,xs_Bkg_In)

p.d.f.s
-------
SimpleGaussianConstraint::jerUp_unc_Pdf[ x=jerUp_unc mean=jerUp_unc_In sigma=1 ] = 1
SimpleGaussianConstraint::jesUp_unc_Pdf[ x=jesUp_unc mean=jesUp_unc_In sigma=1 ] = 1
SimpleGaussianConstraint::lumi_Pdf[ x=lumi mean=lumi_In sigma=1 ] = 1
RooProdPdf::modelObs_b[ pdf_binbin1_bonly ] = 0.0440795
RooProdPdf::modelObs_s[ pdf_binbin1 ] = 0.0454375
RooProdPdf::model_b[ modelObs_b * nuisancePdf ] = 0.0440795
RooProdPdf::model_s[ modelObs_s * nuisancePdf ] = 0.0454375
RooProdPdf::nuisancePdf[ lumi_Pdf * jesUp_unc_Pdf * pdf_unc_Pdf * xs_Bkg_Pdf * jerUp_unc_Pdf ] = 1
RooPoisson::pdf_binbin1[ x=n_obs_binbin1 mean=n_exp_binbin1 ] = 0.0454375
RooPoisson::pdf_binbin1_bonly[ x=n_obs_binbin1 mean=n_exp_binbin1_bonly ] = 0.0440795
SimpleGaussianConstraint::pdf_unc_Pdf[ x=pdf_unc mean=pdf_unc_In sigma=1 ] = 1
SimpleGaussianConstraint::xs_Bkg_Pdf[ x=xs_Bkg mean=xs_Bkg_In sigma=1 ] = 1

functions
--------
RooAddition::n_exp_binbin1[ n_exp_binbin1_proc_BH + n_exp_binbin1_proc_Background ] = 72.3219
RooAddition::n_exp_binbin1_bonly[ n_exp_binbin1_proc_Background ] = 71.3219
ProcessNormalization::n_exp_binbin1_proc_BH[ thetaList=(lumi,jesUp_unc,pdf_unc,jerUp_unc) asymmThetaList=() otherFactorList=(r) ] = 1
ProcessNormalization::n_exp_binbin1_proc_Background[ thetaList=(xs_Bkg) asymmThetaList=() otherFactorList=() ] = 71.3219

datasets
--------
RooDataSet::data_obs(n_obs_binbin1)

named sets
----------
ModelConfig_GlobalObservables:(lumi_In,jesUp_unc_In,pdf_unc_In,xs_Bkg_In,jerUp_unc_In)
ModelConfig_NuisParams:(lumi,jesUp_unc,pdf_unc,xs_Bkg,jerUp_unc)
ModelConfig_Observables:(n_obs_binbin1)
ModelConfig_POI:(r)
ModelConfig_bonly_GlobalObservables:(lumi_In,jesUp_unc_In,pdf_unc_In,xs_Bkg_In,jerUp_unc_In)
ModelConfig_bonly_NuisParams:(lumi,jesUp_unc,pdf_unc,xs_Bkg,jerUp_unc)
ModelConfig_bonly_Observables:(n_obs_binbin1)
ModelConfig_bonly_POI:(r)
POI:(r)
globalObservables:(lumi_In,jesUp_unc_In,pdf_unc_In,xs_Bkg_In,jerUp_unc_In)
nuisances:(lumi,jesUp_unc,pdf_unc,xs_Bkg,jerUp_unc)
observables:(n_obs_binbin1)

generic objects
---------------
RooStats::ModelConfig::ModelConfig
RooStats::ModelConfig::ModelConfig_bonly
RooArgSet::discreteParams

Workspace has a ModelConfig for signal called 'ModelConfig', with contents:

=== Using the following for ModelConfig ===
Observables:             RooArgSet:: = (n_obs_binbin1)
Parameters of Interest:  RooArgSet:: = (r)
Nuisance Parameters:     RooArgSet:: = (lumi,jesUp_unc,pdf_unc,xs_Bkg,jerUp_unc)
Global Observables:      RooArgSet:: = (lumi_In,jesUp_unc_In,pdf_unc_In,xs_Bkg_In,jerUp_unc_In)
PDF:                     RooProdPdf::model_s[ modelObs_s * nuisancePdf ] = 0.0454375

Input ModelConfig 'ModelConfig': 

=== Using the following for ModelConfig ===
Observables:             RooArgSet:: = (n_obs_binbin1)
Parameters of Interest:  RooArgSet:: = (r)
Nuisance Parameters:     RooArgSet:: = (lumi,jesUp_unc,pdf_unc,xs_Bkg,jerUp_unc)
Global Observables:      RooArgSet:: = (lumi_In,jesUp_unc_In,pdf_unc_In,xs_Bkg_In,jerUp_unc_In)
PDF:                     RooProdPdf::model_s[ modelObs_s * nuisancePdf ] = 0.0454375

[#1] INFO:ObjectHandling -- RooWorkspace::import(w) importing RooUniform::prior
Computing limit starting from observation
  1) RooRealVar:: n_obs_binbin1 = 74
Set default minimizer to Minuit2
  r = 30 +/- 0
[#1] INFO:Minization --  Including the following contraint terms in minimization: (nuisancePdf)
[#1] INFO:Fitting -- RooAddition::defaultErrorLevel(nll_model_s_data_obs_with_constr) Summation contains a RooNLLVar, using its error level
Minuit2Minimizer: Minimize with max-calls 2500 convergence for edm < 0.01 strategy 1
MnSeedGenerator: for initial parameters FCN = 7.71645
MnSeedGenerator: Initial state:   - FCN =   7.716452710308 Edm =    0.0446983 NCalls =     21
VariableMetric: start iterating until Edm is < 1e-05
VariableMetric: Initial state   - FCN =   7.716452710308 Edm =    0.0446983 NCalls =     21
VariableMetric: Iteration #   1 - FCN =   7.672200180799 Edm =  1.00132e-05 NCalls =     32
VariableMetric: Iteration #   2 - FCN =   7.672190459901 Edm =  2.09044e-09 NCalls =     43
VariableMetric: After Hessian   - FCN =   7.672190459901 Edm =  2.06475e-09 NCalls =     74
Number of iterations 4
----------> Iteration 0
            FVAL = 7.71645271031 Edm = 0.0446982876949 Nfcn = 21
            Error matrix change = 1
            Parameters :  p0 = 0 p1 = 0 p2 = 0 p3 = 0 p4 = 0
----------> Iteration 1
            FVAL = 7.6722001808 Edm = 1.0013166376e-05 Nfcn = 32
            Error matrix change = 0.500199
            Parameters :  p0 = 0 p1 = 0 p2 = 0 p3 = 0 p4 = 0.0996212
----------> Iteration 2
            FVAL = 7.6721904599 Edm = 2.09043869634e-09 Nfcn = 43
            Error matrix change = 0.250291
            Parameters :  p0 = 0 p1 = 0 p2 = 0 p3 = 0 p4 = 0.0981522
----------> Iteration 3
            FVAL = 7.6721904599 Edm = 2.06474942122e-09 Nfcn = 74
            Error matrix change = 0
            Parameters :  p0 = 0 p1 = 0 p2 = 0 p3 = 0 p4 = 0.0981522
Minuit2Minimizer : Valid minimum - status = 0
FVAL  = 7.67219045990055015
Edm   = 2.06474942122183286e-09
Nfcn  = 74
jerUp_unc	  = 0	 +/-  0.996602	(limited)
jesUp_unc	  = 0	 +/-  0.996602	(limited)
lumi	  = 0	 +/-  0.996602	(limited)
pdf_unc	  = 0	 +/-  0.996602	(limited)
xs_Bkg	  = 0.0981522	 +/-  0.328236	(limited)
Zero signal fit
   0) jerUp_unc                      =         0
   1) jesUp_unc                      =         0
   2) lumi                           =         0
   3) pdf_unc                        =         0
   4) xs_Bkg                         = 0.0981522

Fitting of the background hypothesis done in 0.297076 s
[#1] INFO:Fitting -- RooAddition::defaultErrorLevel(nll_model_s_data_obs_with_constr) Summation contains a RooNLLVar, using its error level
Minuit2Minimizer: Minimize with max-calls 2500 convergence for edm < 0.01 strategy 1
MnSeedGenerator: for initial parameters FCN = 12.4031
MnSeedGenerator: Initial state:   - FCN =   12.40312326314 Edm =      3.73804 NCalls =     21
VariableMetric: start iterating until Edm is < 1e-05
VariableMetric: Initial state   - FCN =   12.40312326314 Edm =      3.73804 NCalls =     21
VariableMetric: Iteration #   1 - FCN =   8.696758288108 Edm =     0.188879 NCalls =     32
VariableMetric: Iteration #   2 - FCN =   8.440602993247 Edm =   0.00252924 NCalls =     44
VariableMetric: Iteration #   3 - FCN =   8.437443413187 Edm =  2.20161e-06 NCalls =     56
VariableMetric: After Hessian   - FCN =   8.437443413187 Edm =  2.29288e-06 NCalls =     87
Number of iterations 5
----------> Iteration 0
            FVAL = 12.4031232631 Edm = 3.73804496352 Nfcn = 21
            Error matrix change = 1
            Parameters :  p0 = 0 p1 = 0 p2 = 0 p3 = 0 p4 = 0.0981522
----------> Iteration 1
            FVAL = 8.69675828811 Edm = 0.188879350569 Nfcn = 32
            Error matrix change = 0.561005
            Parameters :  p0 = -0.329423 p1 = -0.404793 p2 = -0.375073 p3 = -0.476425 p4 = -0.849515
----------> Iteration 2
            FVAL = 8.44060299325 Edm = 0.00252923794611 Nfcn = 44
            Error matrix change = 0.338121
            Parameters :  p0 = -0.0605735 p1 = -0.0809131 p2 = -0.0724403 p3 = -0.104159 p4 = -1.04775
----------> Iteration 3
            FVAL = 8.43744341319 Edm = 2.20160742136e-06 Nfcn = 56
            Error matrix change = 0.179204
            Parameters :  p0 = -0.0764376 p1 = -0.0940349 p2 = -0.0870668 p3 = -0.111111 p4 = -1.07945
----------> Iteration 4
            FVAL = 8.43744341319 Edm = 2.29287628271e-06 Nfcn = 87
            Error matrix change = 0
            Parameters :  p0 = -0.0764376 p1 = -0.0940349 p2 = -0.0870668 p3 = -0.111111 p4 = -1.07945
Minuit2Minimizer : Valid minimum - status = 0
FVAL  = 8.43744341318724267
Edm   = 2.29287628270578834e-06
Nfcn  = 87
jerUp_unc	  = -0.0764376	 +/-  0.993009	(limited)
jesUp_unc	  = -0.0940349	 +/-  0.991035	(limited)
lumi	  = -0.0870668	 +/-  0.991874	(limited)
pdf_unc	  = -0.111111	 +/-  0.98865	(limited)
xs_Bkg	  = -1.07945	 +/-  0.478857	(limited)
Reference signal fit
   0) jerUp_unc                      = -0.0764376
   1) jesUp_unc                      = -0.0940349
   2) lumi                           = -0.0870668
   3) pdf_unc                        = -0.111111
   4) xs_Bkg                         =  -1.07945

Fitting of the signal-plus-background hypothesis done in 0.00235415 s
      Evaluation of p-values done in  6.53076 s
	CLs = 0.228625 +/- 0.0204345
      Evaluation of p-values done in  5.8938 s
	CLs = 0.214801 +/- 0.0137611
      Evaluation of p-values done in  6.02766 s
	CLs = 0.204991 +/- 0.0108975
      Evaluation of p-values done in  5.77048 s
	CLs = 0.205174 +/- 0.00944679
      Evaluation of p-values done in  5.8462 s
	CLs = 0.206958 +/- 0.0084581
	CLs      = 0.206958 +/- 0.0084581
	CLb      = 0.5634 +/- 0.00701399
	CLsplusb = 0.1166 +/- 0.00453882

Hybrid result saved as HypoTestResult_mh120_r30_2117272834 in higgsCombineTest.HybridNew.mH120.1582987403.root : higgsCombineTest.HybridNew.mH120.1582987403.root:/toys

 -- Hybrid New -- 
CLs = 0.206958 +/- 0.0084581
Total toys: 10000
Done in 0.00 min (cpu), 0.51 min (real)
