>>> including systematics
>>> using the Profile Likelihood test statistics modified for upper limits (Q_LHC)
>>> method used to compute upper limit is HybridNew
>>> Using OpenSSL to get a really random seed 
>>> Used OpenSSL to get a really random seed 1979447349
Adding /uscms_data/d2/lpcljm/sapta/SUSYSearch/LimitSetting/CMSSW_7_1_5/src to include path
Adding /cvmfs/cms.cern.ch/slc6_amd64_gcc481/lcg/roofit/5.34.18-cms3//include to include path
Input workspace 'w': 

RooWorkspace(w) w contents

variables
---------
(jerUp_unc,jerUp_unc_In,jesUp_unc,jesUp_unc_In,lumi,lumi_In,n_obs_binbin1,pdf_unc,pdf_unc_In,r,xs_Bkg,xs_Bkg_In)

p.d.f.s
-------
SimpleGaussianConstraint::jerUp_unc_Pdf[ x=jerUp_unc mean=jerUp_unc_In sigma=1 ] = 1
SimpleGaussianConstraint::jesUp_unc_Pdf[ x=jesUp_unc mean=jesUp_unc_In sigma=1 ] = 1
SimpleGaussianConstraint::lumi_Pdf[ x=lumi mean=lumi_In sigma=1 ] = 1
RooProdPdf::modelObs_b[ pdf_binbin1_bonly ] = 0.000240806
RooProdPdf::modelObs_s[ pdf_binbin1 ] = 0.000268926
RooProdPdf::model_b[ modelObs_b * nuisancePdf ] = 0.000240806
RooProdPdf::model_s[ modelObs_s * nuisancePdf ] = 0.000268926
RooProdPdf::nuisancePdf[ lumi_Pdf * jesUp_unc_Pdf * pdf_unc_Pdf * xs_Bkg_Pdf * jerUp_unc_Pdf ] = 1
RooPoisson::pdf_binbin1[ x=n_obs_binbin1 mean=n_exp_binbin1 ] = 0.000268926
RooPoisson::pdf_binbin1_bonly[ x=n_obs_binbin1 mean=n_exp_binbin1_bonly ] = 0.000240806
SimpleGaussianConstraint::pdf_unc_Pdf[ x=pdf_unc mean=pdf_unc_In sigma=1 ] = 1
SimpleGaussianConstraint::xs_Bkg_Pdf[ x=xs_Bkg mean=xs_Bkg_In sigma=1 ] = 1

functions
--------
RooAddition::n_exp_binbin1[ n_exp_binbin1_proc_BH + n_exp_binbin1_proc_Background ] = 686.712
RooAddition::n_exp_binbin1_bonly[ n_exp_binbin1_proc_Background ] = 685.712
ProcessNormalization::n_exp_binbin1_proc_BH[ thetaList=(lumi,jesUp_unc,pdf_unc,jerUp_unc) asymmThetaList=() otherFactorList=(r) ] = 1
ProcessNormalization::n_exp_binbin1_proc_Background[ thetaList=(xs_Bkg) asymmThetaList=() otherFactorList=() ] = 685.712

datasets
--------
RooDataSet::data_obs(n_obs_binbin1)

named sets
----------
ModelConfig_GlobalObservables:(lumi_In,jesUp_unc_In,pdf_unc_In,xs_Bkg_In,jerUp_unc_In)
ModelConfig_NuisParams:(lumi,jesUp_unc,pdf_unc,xs_Bkg,jerUp_unc)
ModelConfig_Observables:(n_obs_binbin1)
ModelConfig_POI:(r)
ModelConfig_bonly_GlobalObservables:(lumi_In,jesUp_unc_In,pdf_unc_In,xs_Bkg_In,jerUp_unc_In)
ModelConfig_bonly_NuisParams:(lumi,jesUp_unc,pdf_unc,xs_Bkg,jerUp_unc)
ModelConfig_bonly_Observables:(n_obs_binbin1)
ModelConfig_bonly_POI:(r)
POI:(r)
globalObservables:(lumi_In,jesUp_unc_In,pdf_unc_In,xs_Bkg_In,jerUp_unc_In)
nuisances:(lumi,jesUp_unc,pdf_unc,xs_Bkg,jerUp_unc)
observables:(n_obs_binbin1)

generic objects
---------------
RooStats::ModelConfig::ModelConfig
RooStats::ModelConfig::ModelConfig_bonly
RooArgSet::discreteParams

Workspace has a ModelConfig for signal called 'ModelConfig', with contents:

=== Using the following for ModelConfig ===
Observables:             RooArgSet:: = (n_obs_binbin1)
Parameters of Interest:  RooArgSet:: = (r)
Nuisance Parameters:     RooArgSet:: = (lumi,jesUp_unc,pdf_unc,xs_Bkg,jerUp_unc)
Global Observables:      RooArgSet:: = (lumi_In,jesUp_unc_In,pdf_unc_In,xs_Bkg_In,jerUp_unc_In)
PDF:                     RooProdPdf::model_s[ modelObs_s * nuisancePdf ] = 0.000268926

Input ModelConfig 'ModelConfig': 

=== Using the following for ModelConfig ===
Observables:             RooArgSet:: = (n_obs_binbin1)
Parameters of Interest:  RooArgSet:: = (r)
Nuisance Parameters:     RooArgSet:: = (lumi,jesUp_unc,pdf_unc,xs_Bkg,jerUp_unc)
Global Observables:      RooArgSet:: = (lumi_In,jesUp_unc_In,pdf_unc_In,xs_Bkg_In,jerUp_unc_In)
PDF:                     RooProdPdf::model_s[ modelObs_s * nuisancePdf ] = 0.000268926

[#1] INFO:ObjectHandling -- RooWorkspace::import(w) importing RooUniform::prior
Computing limit starting from observation
  1) RooRealVar:: n_obs_binbin1 = 762
Set default minimizer to Minuit2
  r = 325 +/- 0
[#1] INFO:Minization --  Including the following contraint terms in minimization: (nuisancePdf)
[#1] INFO:Fitting -- RooAddition::defaultErrorLevel(nll_model_s_data_obs_with_constr) Summation contains a RooNLLVar, using its error level
Minuit2Minimizer: Minimize with max-calls 2500 convergence for edm < 0.01 strategy 1
MnSeedGenerator: for initial parameters FCN = 12.9262
MnSeedGenerator: Initial state:   - FCN =   12.92621082125 Edm =      3.98016 NCalls =     21
VariableMetric: start iterating until Edm is < 1e-05
VariableMetric: Initial state   - FCN =   12.92621082125 Edm =      3.98016 NCalls =     21
VariableMetric: Iteration #   1 - FCN =   9.078681214659 Edm =   0.00939363 NCalls =     32
VariableMetric: Iteration #   2 - FCN =   9.070078810783 Edm =  1.37619e-05 NCalls =     43
VariableMetric: Iteration #   3 - FCN =   9.070065547342 Edm =  3.07742e-11 NCalls =     54
VariableMetric: After Hessian   - FCN =   9.070065547342 Edm =  3.09473e-11 NCalls =     85
Number of iterations 5
----------> Iteration 0
            FVAL = 12.9262108212 Edm = 3.98016430327 Nfcn = 21
            Error matrix change = 1
            Parameters :  p0 = 0 p1 = 0 p2 = 0 p3 = 0 p4 = 0
----------> Iteration 1
            FVAL = 9.07868121466 Edm = 0.0093936329028 Nfcn = 32
            Error matrix change = 0.500354
            Parameters :  p0 = 0 p1 = 0 p2 = 0 p3 = 0 p4 = 0.701862
----------> Iteration 2
            FVAL = 9.07007881078 Edm = 1.37619432378e-05 Nfcn = 43
            Error matrix change = 0.250452
            Parameters :  p0 = 0 p1 = 0 p2 = 0 p3 = 0 p4 = 0.669447
----------> Iteration 3
            FVAL = 9.07006554734 Edm = 3.07742449568e-11 Nfcn = 54
            Error matrix change = 0.125237
            Parameters :  p0 = 0 p1 = 0 p2 = 0 p3 = 0 p4 = 0.67067
----------> Iteration 4
            FVAL = 9.07006554734 Edm = 3.09472737402e-11 Nfcn = 85
            Error matrix change = 0
            Parameters :  p0 = 0 p1 = 0 p2 = 0 p3 = 0 p4 = 0.67067
Minuit2Minimizer : Valid minimum - status = 0
FVAL  = 9.07006554734218895
Edm   = 3.09472737402314544e-11
Nfcn  = 85
jerUp_unc	  = 0	 +/-  0.996602	(limited)
jesUp_unc	  = 0	 +/-  0.996602	(limited)
lumi	  = 0	 +/-  0.996602	(limited)
pdf_unc	  = 0	 +/-  0.996602	(limited)
xs_Bkg	  = 0.67067	 +/-  0.237738	(limited)
Zero signal fit
   0) jerUp_unc                      =         0
   1) jesUp_unc                      =         0
   2) lumi                           =         0
   3) pdf_unc                        =         0
   4) xs_Bkg                         =   0.67067

Fitting of the background hypothesis done in 0.291734 s
[#1] INFO:Fitting -- RooAddition::defaultErrorLevel(nll_model_s_data_obs_with_constr) Summation contains a RooNLLVar, using its error level
Minuit2Minimizer: Minimize with max-calls 2500 convergence for edm < 0.01 strategy 1
MnSeedGenerator: for initial parameters FCN = 62.0266
MnSeedGenerator: Initial state:   - FCN =   62.02659083438 Edm =      72.7985 NCalls =     21
VariableMetric: start iterating until Edm is < 1e-05
VariableMetric: Initial state   - FCN =   62.02659083438 Edm =      72.7985 NCalls =     21
VariableMetric: Iteration #   1 - FCN =   19.70015201846 Edm =      3.26977 NCalls =     33
VariableMetric: Iteration #   2 - FCN =   12.52482542022 Edm =     0.165988 NCalls =     45
VariableMetric: Iteration #   3 - FCN =   12.23530030163 Edm =   0.00461121 NCalls =     57
VariableMetric: Iteration #   4 - FCN =   12.23048410499 Edm =   7.6436e-05 NCalls =     68
VariableMetric: Iteration #   5 - FCN =   12.23039074257 Edm =  4.89469e-07 NCalls =     80
VariableMetric: After Hessian   - FCN =   12.23039074257 Edm =  5.58568e-07 NCalls =    111
Number of iterations 7
----------> Iteration 0
            FVAL = 62.0265908344 Edm = 72.7985071788 Nfcn = 21
            Error matrix change = 1
            Parameters :  p0 = 0 p1 = 0 p2 = 0 p3 = 0 p4 = 0.67067
----------> Iteration 1
            FVAL = 19.7001520185 Edm = 3.26976637148 Nfcn = 33
            Error matrix change = 0.616485
            Parameters :  p0 = -1.85174 p1 = -2.06747 p2 = -1.99228 p3 = -2.19971 p4 = -0.877213
----------> Iteration 2
            FVAL = 12.5248254202 Edm = 0.165987701739 Nfcn = 45
            Error matrix change = 0.482048
            Parameters :  p0 = -0.148025 p1 = -0.538534 p2 = -0.377228 p3 = -0.9411 p4 = -2.01005
----------> Iteration 3
            FVAL = 12.2353003016 Edm = 0.00461121294959 Nfcn = 57
            Error matrix change = 0.3004
            Parameters :  p0 = -0.417342 p1 = -0.475593 p2 = -0.443343 p3 = -0.613374 p4 = -2.25188
----------> Iteration 4
            FVAL = 12.230484105 Edm = 7.64360159597e-05 Nfcn = 68
            Error matrix change = 0.194576
            Parameters :  p0 = -0.37309 p1 = -0.447365 p2 = -0.415936 p3 = -0.547226 p4 = -2.27821
----------> Iteration 5
            FVAL = 12.2303907426 Edm = 4.89469426636e-07 Nfcn = 80
            Error matrix change = 0.148541
            Parameters :  p0 = -0.367357 p1 = -0.455956 p2 = -0.42101 p3 = -0.545183 p4 = -2.27964
----------> Iteration 6
            FVAL = 12.2303907426 Edm = 5.58568305421e-07 Nfcn = 111
            Error matrix change = 0
            Parameters :  p0 = -0.367357 p1 = -0.455956 p2 = -0.42101 p3 = -0.545183 p4 = -2.27964
Minuit2Minimizer : Valid minimum - status = 0
FVAL  = 12.2303907425680425
Edm   = 5.58568305421343567e-07
Nfcn  = 111
jerUp_unc	  = -0.367357	 +/-  0.979542	(limited)
jesUp_unc	  = -0.455956	 +/-  0.970067	(limited)
lumi	  = -0.42101	 +/-  0.974106	(limited)
pdf_unc	  = -0.545183	 +/-  0.958528	(limited)
xs_Bkg	  = -2.27964	 +/-  0.461712	(limited)
Reference signal fit
   0) jerUp_unc                      = -0.367357
   1) jesUp_unc                      = -0.455956
   2) lumi                           =  -0.42101
   3) pdf_unc                        = -0.545183
   4) xs_Bkg                         =  -2.27964

Fitting of the signal-plus-background hypothesis done in 0.00257492 s
      Evaluation of p-values done in  6.68731 s
	CLs = 0.00659631 +/- 0.00294493
      Evaluation of p-values done in  6.7599 s
	CLs = 0.00472016 +/- 0.00178202
      Evaluation of p-values done in  6.30406 s
	CLs = 0.00452284 +/- 0.00142871
      Evaluation of p-values done in  6.50703 s
	CLs = 0.00539447 +/- 0.00134686
      Evaluation of p-values done in  6.41896 s
	CLs = 0.00594755 +/- 0.00126621
	CLs      = 0.00594755 +/- 0.00126621
	CLb      = 0.7398 +/- 0.00620477
	CLsplusb = 0.0044 +/- 0.000936017

Hybrid result saved as HypoTestResult_mh120_r325_156428128 in higgsCombineTest.HybridNew.mH120.1979447349.root : higgsCombineTest.HybridNew.mH120.1979447349.root:/toys

 -- Hybrid New -- 
CLs = 0.00594755 +/- 0.00126621
Total toys: 10000
Done in 0.00 min (cpu), 0.55 min (real)
