>>> including systematics
>>> using the Profile Likelihood test statistics modified for upper limits (Q_LHC)
>>> method used to compute upper limit is HybridNew
>>> Using OpenSSL to get a really random seed 
>>> Used OpenSSL to get a really random seed -687959675
Adding /uscms_data/d2/lpcljm/sapta/SUSYSearch/LimitSetting/CMSSW_7_1_5/src to include path
Adding /cvmfs/cms.cern.ch/slc6_amd64_gcc481/lcg/roofit/5.34.18-cms3//include to include path
Input workspace 'w': 

RooWorkspace(w) w contents

variables
---------
(jerUp_unc,jerUp_unc_In,jesUp_unc,jesUp_unc_In,lumi,lumi_In,n_obs_binbin1,pdf_unc,pdf_unc_In,r,xs_Bkg,xs_Bkg_In)

p.d.f.s
-------
SimpleGaussianConstraint::jerUp_unc_Pdf[ x=jerUp_unc mean=jerUp_unc_In sigma=1 ] = 1
SimpleGaussianConstraint::jesUp_unc_Pdf[ x=jesUp_unc mean=jesUp_unc_In sigma=1 ] = 1
SimpleGaussianConstraint::lumi_Pdf[ x=lumi mean=lumi_In sigma=1 ] = 1
RooProdPdf::modelObs_b[ pdf_binbin1_bonly ] = 0.7964
RooProdPdf::modelObs_s[ pdf_binbin1 ] = 0.292979
RooProdPdf::model_b[ modelObs_b * nuisancePdf ] = 0.7964
RooProdPdf::model_s[ modelObs_s * nuisancePdf ] = 0.292979
RooProdPdf::nuisancePdf[ lumi_Pdf * jesUp_unc_Pdf * pdf_unc_Pdf * xs_Bkg_Pdf * jerUp_unc_Pdf ] = 1
RooPoisson::pdf_binbin1[ x=n_obs_binbin1 mean=n_exp_binbin1 ] = 0.292979
RooPoisson::pdf_binbin1_bonly[ x=n_obs_binbin1 mean=n_exp_binbin1_bonly ] = 0.7964
SimpleGaussianConstraint::pdf_unc_Pdf[ x=pdf_unc mean=pdf_unc_In sigma=1 ] = 1
SimpleGaussianConstraint::xs_Bkg_Pdf[ x=xs_Bkg mean=xs_Bkg_In sigma=1 ] = 1

functions
--------
RooAddition::n_exp_binbin1[ n_exp_binbin1_proc_BH + n_exp_binbin1_proc_Background ] = 1.22765
RooAddition::n_exp_binbin1_bonly[ n_exp_binbin1_proc_Background ] = 0.227654
ProcessNormalization::n_exp_binbin1_proc_BH[ thetaList=(lumi,jesUp_unc,pdf_unc,jerUp_unc) asymmThetaList=() otherFactorList=(r) ] = 1
ProcessNormalization::n_exp_binbin1_proc_Background[ thetaList=(xs_Bkg) asymmThetaList=() otherFactorList=() ] = 0.227654

datasets
--------
RooDataSet::data_obs(n_obs_binbin1)

named sets
----------
ModelConfig_GlobalObservables:(lumi_In,jesUp_unc_In,pdf_unc_In,xs_Bkg_In,jerUp_unc_In)
ModelConfig_NuisParams:(lumi,jesUp_unc,pdf_unc,xs_Bkg,jerUp_unc)
ModelConfig_Observables:(n_obs_binbin1)
ModelConfig_POI:(r)
ModelConfig_bonly_GlobalObservables:(lumi_In,jesUp_unc_In,pdf_unc_In,xs_Bkg_In,jerUp_unc_In)
ModelConfig_bonly_NuisParams:(lumi,jesUp_unc,pdf_unc,xs_Bkg,jerUp_unc)
ModelConfig_bonly_Observables:(n_obs_binbin1)
ModelConfig_bonly_POI:(r)
POI:(r)
globalObservables:(lumi_In,jesUp_unc_In,pdf_unc_In,xs_Bkg_In,jerUp_unc_In)
nuisances:(lumi,jesUp_unc,pdf_unc,xs_Bkg,jerUp_unc)
observables:(n_obs_binbin1)

generic objects
---------------
RooStats::ModelConfig::ModelConfig
RooStats::ModelConfig::ModelConfig_bonly
RooArgSet::discreteParams

Workspace has a ModelConfig for signal called 'ModelConfig', with contents:

=== Using the following for ModelConfig ===
Observables:             RooArgSet:: = (n_obs_binbin1)
Parameters of Interest:  RooArgSet:: = (r)
Nuisance Parameters:     RooArgSet:: = (lumi,jesUp_unc,pdf_unc,xs_Bkg,jerUp_unc)
Global Observables:      RooArgSet:: = (lumi_In,jesUp_unc_In,pdf_unc_In,xs_Bkg_In,jerUp_unc_In)
PDF:                     RooProdPdf::model_s[ modelObs_s * nuisancePdf ] = 0.292979

Input ModelConfig 'ModelConfig': 

=== Using the following for ModelConfig ===
Observables:             RooArgSet:: = (n_obs_binbin1)
Parameters of Interest:  RooArgSet:: = (r)
Nuisance Parameters:     RooArgSet:: = (lumi,jesUp_unc,pdf_unc,xs_Bkg,jerUp_unc)
Global Observables:      RooArgSet:: = (lumi_In,jesUp_unc_In,pdf_unc_In,xs_Bkg_In,jerUp_unc_In)
PDF:                     RooProdPdf::model_s[ modelObs_s * nuisancePdf ] = 0.292979

[#1] INFO:ObjectHandling -- RooWorkspace::import(w) importing RooUniform::prior
Computing limit starting from observation
  1) RooRealVar:: n_obs_binbin1 = 0
Set default minimizer to Minuit2
  r = 3.5 +/- 0
[#1] INFO:Minization --  Including the following contraint terms in minimization: (nuisancePdf)
[#1] INFO:Fitting -- RooAddition::defaultErrorLevel(nll_model_s_data_obs_with_constr) Summation contains a RooNLLVar, using its error level
Minuit2Minimizer: Minimize with max-calls 2500 convergence for edm < 0.01 strategy 1
MnSeedGenerator: for initial parameters FCN = 4.82235
MnSeedGenerator: Initial state:   - FCN =   4.822346666011 Edm =    0.0141778 NCalls =     21
VariableMetric: start iterating until Edm is < 1e-05
VariableMetric: Initial state   - FCN =   4.822346666011 Edm =    0.0141778 NCalls =     21
VariableMetric: Iteration #   1 - FCN =   4.808097803386 Edm =  8.03054e-07 NCalls =     32
VariableMetric: After Hessian   - FCN =   4.808097803386 Edm =  8.15304e-07 NCalls =     63
Number of iterations 3
----------> Iteration 0
            FVAL = 4.82234666601 Edm = 0.0141777956827 Nfcn = 21
            Error matrix change = 1
            Parameters :  p0 = 0 p1 = 0 p2 = 0 p3 = 0 p4 = 0
----------> Iteration 1
            FVAL = 4.80809780339 Edm = 8.03054216864e-07 Nfcn = 32
            Error matrix change = 0.50068
            Parameters :  p0 = 0 p1 = 0 p2 = 0 p3 = 0 p4 = -0.157542
----------> Iteration 2
            FVAL = 4.80809780339 Edm = 8.15303524249e-07 Nfcn = 63
            Error matrix change = 0
            Parameters :  p0 = 0 p1 = 0 p2 = 0 p3 = 0 p4 = -0.157542
Minuit2Minimizer : Valid minimum - status = 0
FVAL  = 4.8080978033861177
Edm   = 8.15303524249441594e-07
Nfcn  = 63
jerUp_unc	  = 0	 +/-  0.996602	(limited)
jesUp_unc	  = 0	 +/-  0.996602	(limited)
lumi	  = 0	 +/-  0.996602	(limited)
pdf_unc	  = 0	 +/-  0.996602	(limited)
xs_Bkg	  = -0.157542	 +/-  0.939702	(limited)
Zero signal fit
   0) jerUp_unc                      =         0
   1) jesUp_unc                      =         0
   2) lumi                           =         0
   3) pdf_unc                        =         0
   4) xs_Bkg                         = -0.157542

Fitting of the background hypothesis done in 0.299879 s
[#1] INFO:Fitting -- RooAddition::defaultErrorLevel(nll_model_s_data_obs_with_constr) Summation contains a RooNLLVar, using its error level
Minuit2Minimizer: Minimize with max-calls 2500 convergence for edm < 0.01 strategy 1
MnSeedGenerator: for initial parameters FCN = 8.3081
MnSeedGenerator: Initial state:   - FCN =   8.308097803386 Edm =    0.0566853 NCalls =     21
VariableMetric: start iterating until Edm is < 1e-05
VariableMetric: Initial state   - FCN =   8.308097803386 Edm =    0.0566853 NCalls =     21
VariableMetric: Iteration #   1 - FCN =   8.252731124707 Edm =  3.02817e-05 NCalls =     32
VariableMetric: Iteration #   2 - FCN =   8.252701499056 Edm =   5.1965e-11 NCalls =     43
VariableMetric: After Hessian   - FCN =   8.252701499056 Edm =  5.23401e-11 NCalls =     76
Number of iterations 4
----------> Iteration 0
            FVAL = 8.30809780339 Edm = 0.0566853355755 Nfcn = 21
            Error matrix change = 1
            Parameters :  p0 = 0 p1 = 0 p2 = 0 p3 = 0 p4 = -0.157542
----------> Iteration 1
            FVAL = 8.25273112471 Edm = 3.02816558351e-05 Nfcn = 32
            Error matrix change = 0.505765
            Parameters :  p0 = -0.136529 p1 = -0.169338 p2 = -0.156287 p3 = -0.201518 p4 = -0.158746
----------> Iteration 2
            FVAL = 8.25270149906 Edm = 5.1964981304e-11 Nfcn = 43
            Error matrix change = 0.253239
            Parameters :  p0 = -0.133 p1 = -0.165449 p2 = -0.152507 p3 = -0.197585 p4 = -0.158746
----------> Iteration 3
            FVAL = 8.25270149906 Edm = 5.2340072828e-11 Nfcn = 76
            Error matrix change = 0
            Parameters :  p0 = -0.133 p1 = -0.165449 p2 = -0.152507 p3 = -0.197585 p4 = -0.158746
Minuit2Minimizer : Valid minimum - status = 0
FVAL  = 8.25270149905554717
Edm   = 5.23400728279972207e-11
Nfcn  = 76
jerUp_unc	  = -0.133	 +/-  0.994095	(limited)
jesUp_unc	  = -0.165449	 +/-  0.99272	(limited)
lumi	  = -0.152507	 +/-  0.993305	(limited)
pdf_unc	  = -0.197585	 +/-  0.991061	(limited)
xs_Bkg	  = -0.158746	 +/-  0.939753	(limited)
Reference signal fit
   0) jerUp_unc                      =    -0.133
   1) jesUp_unc                      = -0.165449
   2) lumi                           = -0.152507
   3) pdf_unc                        = -0.197585
   4) xs_Bkg                         = -0.158746

Fitting of the signal-plus-background hypothesis done in 0.00213313 s
      Evaluation of p-values done in  5.33799 s
	CLs = 0.0197044 +/- 0.00697946
      Evaluation of p-values done in  5.31472 s
	CLs = 0.0184729 +/- 0.00477796
      Evaluation of p-values done in  5.01405 s
	CLs = 0.0295858 +/- 0.00501652
      Evaluation of p-values done in  5.05011 s
	CLs = 0.0275689 +/- 0.00416773
      Evaluation of p-values done in  5.10402 s
	CLs = 0.0258193 +/- 0.00358946
	CLs      = 0.0258193 +/- 0.00358946
	CLb      = 0.4028 +/- 0.00693617
	CLsplusb = 0.0104 +/- 0.0014347

Hybrid result saved as HypoTestResult_mh120_r3.5_2194273065 in higgsCombineTest.HybridNew.mH120.-687959675.root : higgsCombineTest.HybridNew.mH120.-687959675.root:/toys

 -- Hybrid New -- 
CLs = 0.0258193 +/- 0.00358946
Total toys: 10000
Done in 0.00 min (cpu), 0.44 min (real)
