>>> including systematics
>>> using the Profile Likelihood test statistics modified for upper limits (Q_LHC)
>>> method used to compute upper limit is HybridNew
>>> Using OpenSSL to get a really random seed 
>>> Used OpenSSL to get a really random seed 1113545755
Adding /uscms_data/d2/lpcljm/sapta/SUSYSearch/LimitSetting/CMSSW_7_1_5/src to include path
Adding /cvmfs/cms.cern.ch/slc6_amd64_gcc481/lcg/roofit/5.34.18-cms3//include to include path
Input workspace 'w': 

RooWorkspace(w) w contents

variables
---------
(jerUp_unc,jerUp_unc_In,jesUp_unc,jesUp_unc_In,lumi,lumi_In,n_obs_binbin1,pdf_unc,pdf_unc_In,r,xs_Bkg,xs_Bkg_In)

p.d.f.s
-------
SimpleGaussianConstraint::jerUp_unc_Pdf[ x=jerUp_unc mean=jerUp_unc_In sigma=1 ] = 1
SimpleGaussianConstraint::jesUp_unc_Pdf[ x=jesUp_unc mean=jesUp_unc_In sigma=1 ] = 1
SimpleGaussianConstraint::lumi_Pdf[ x=lumi mean=lumi_In sigma=1 ] = 1
RooProdPdf::modelObs_b[ pdf_binbin1_bonly ] = 0.000240806
RooProdPdf::modelObs_s[ pdf_binbin1 ] = 0.000268926
RooProdPdf::model_b[ modelObs_b * nuisancePdf ] = 0.000240806
RooProdPdf::model_s[ modelObs_s * nuisancePdf ] = 0.000268926
RooProdPdf::nuisancePdf[ lumi_Pdf * jesUp_unc_Pdf * pdf_unc_Pdf * xs_Bkg_Pdf * jerUp_unc_Pdf ] = 1
RooPoisson::pdf_binbin1[ x=n_obs_binbin1 mean=n_exp_binbin1 ] = 0.000268926
RooPoisson::pdf_binbin1_bonly[ x=n_obs_binbin1 mean=n_exp_binbin1_bonly ] = 0.000240806
SimpleGaussianConstraint::pdf_unc_Pdf[ x=pdf_unc mean=pdf_unc_In sigma=1 ] = 1
SimpleGaussianConstraint::xs_Bkg_Pdf[ x=xs_Bkg mean=xs_Bkg_In sigma=1 ] = 1

functions
--------
RooAddition::n_exp_binbin1[ n_exp_binbin1_proc_BH + n_exp_binbin1_proc_Background ] = 686.712
RooAddition::n_exp_binbin1_bonly[ n_exp_binbin1_proc_Background ] = 685.712
ProcessNormalization::n_exp_binbin1_proc_BH[ thetaList=(lumi,jesUp_unc,pdf_unc,jerUp_unc) asymmThetaList=() otherFactorList=(r) ] = 1
ProcessNormalization::n_exp_binbin1_proc_Background[ thetaList=(xs_Bkg) asymmThetaList=() otherFactorList=() ] = 685.712

datasets
--------
RooDataSet::data_obs(n_obs_binbin1)

named sets
----------
ModelConfig_GlobalObservables:(lumi_In,jesUp_unc_In,pdf_unc_In,xs_Bkg_In,jerUp_unc_In)
ModelConfig_NuisParams:(lumi,jesUp_unc,pdf_unc,xs_Bkg,jerUp_unc)
ModelConfig_Observables:(n_obs_binbin1)
ModelConfig_POI:(r)
ModelConfig_bonly_GlobalObservables:(lumi_In,jesUp_unc_In,pdf_unc_In,xs_Bkg_In,jerUp_unc_In)
ModelConfig_bonly_NuisParams:(lumi,jesUp_unc,pdf_unc,xs_Bkg,jerUp_unc)
ModelConfig_bonly_Observables:(n_obs_binbin1)
ModelConfig_bonly_POI:(r)
POI:(r)
globalObservables:(lumi_In,jesUp_unc_In,pdf_unc_In,xs_Bkg_In,jerUp_unc_In)
nuisances:(lumi,jesUp_unc,pdf_unc,xs_Bkg,jerUp_unc)
observables:(n_obs_binbin1)

generic objects
---------------
RooStats::ModelConfig::ModelConfig
RooStats::ModelConfig::ModelConfig_bonly
RooArgSet::discreteParams

Workspace has a ModelConfig for signal called 'ModelConfig', with contents:

=== Using the following for ModelConfig ===
Observables:             RooArgSet:: = (n_obs_binbin1)
Parameters of Interest:  RooArgSet:: = (r)
Nuisance Parameters:     RooArgSet:: = (lumi,jesUp_unc,pdf_unc,xs_Bkg,jerUp_unc)
Global Observables:      RooArgSet:: = (lumi_In,jesUp_unc_In,pdf_unc_In,xs_Bkg_In,jerUp_unc_In)
PDF:                     RooProdPdf::model_s[ modelObs_s * nuisancePdf ] = 0.000268926

Input ModelConfig 'ModelConfig': 

=== Using the following for ModelConfig ===
Observables:             RooArgSet:: = (n_obs_binbin1)
Parameters of Interest:  RooArgSet:: = (r)
Nuisance Parameters:     RooArgSet:: = (lumi,jesUp_unc,pdf_unc,xs_Bkg,jerUp_unc)
Global Observables:      RooArgSet:: = (lumi_In,jesUp_unc_In,pdf_unc_In,xs_Bkg_In,jerUp_unc_In)
PDF:                     RooProdPdf::model_s[ modelObs_s * nuisancePdf ] = 0.000268926

[#1] INFO:ObjectHandling -- RooWorkspace::import(w) importing RooUniform::prior
Computing limit starting from observation
  1) RooRealVar:: n_obs_binbin1 = 762
Set default minimizer to Minuit2
  r = 375 +/- 0
[#1] INFO:Minization --  Including the following contraint terms in minimization: (nuisancePdf)
[#1] INFO:Fitting -- RooAddition::defaultErrorLevel(nll_model_s_data_obs_with_constr) Summation contains a RooNLLVar, using its error level
Minuit2Minimizer: Minimize with max-calls 2500 convergence for edm < 0.01 strategy 1
MnSeedGenerator: for initial parameters FCN = 12.9262
MnSeedGenerator: Initial state:   - FCN =   12.92621082125 Edm =      3.98016 NCalls =     21
VariableMetric: start iterating until Edm is < 1e-05
VariableMetric: Initial state   - FCN =   12.92621082125 Edm =      3.98016 NCalls =     21
VariableMetric: Iteration #   1 - FCN =   9.078681214659 Edm =   0.00939363 NCalls =     32
VariableMetric: Iteration #   2 - FCN =   9.070078810783 Edm =  1.37619e-05 NCalls =     43
VariableMetric: Iteration #   3 - FCN =   9.070065547342 Edm =  3.07742e-11 NCalls =     54
VariableMetric: After Hessian   - FCN =   9.070065547342 Edm =  3.09473e-11 NCalls =     85
Number of iterations 5
----------> Iteration 0
            FVAL = 12.9262108212 Edm = 3.98016430327 Nfcn = 21
            Error matrix change = 1
            Parameters :  p0 = 0 p1 = 0 p2 = 0 p3 = 0 p4 = 0
----------> Iteration 1
            FVAL = 9.07868121466 Edm = 0.0093936329028 Nfcn = 32
            Error matrix change = 0.500354
            Parameters :  p0 = 0 p1 = 0 p2 = 0 p3 = 0 p4 = 0.701862
----------> Iteration 2
            FVAL = 9.07007881078 Edm = 1.37619432378e-05 Nfcn = 43
            Error matrix change = 0.250452
            Parameters :  p0 = 0 p1 = 0 p2 = 0 p3 = 0 p4 = 0.669447
----------> Iteration 3
            FVAL = 9.07006554734 Edm = 3.07742449568e-11 Nfcn = 54
            Error matrix change = 0.125237
            Parameters :  p0 = 0 p1 = 0 p2 = 0 p3 = 0 p4 = 0.67067
----------> Iteration 4
            FVAL = 9.07006554734 Edm = 3.09472737402e-11 Nfcn = 85
            Error matrix change = 0
            Parameters :  p0 = 0 p1 = 0 p2 = 0 p3 = 0 p4 = 0.67067
Minuit2Minimizer : Valid minimum - status = 0
FVAL  = 9.07006554734218895
Edm   = 3.09472737402314544e-11
Nfcn  = 85
jerUp_unc	  = 0	 +/-  0.996602	(limited)
jesUp_unc	  = 0	 +/-  0.996602	(limited)
lumi	  = 0	 +/-  0.996602	(limited)
pdf_unc	  = 0	 +/-  0.996602	(limited)
xs_Bkg	  = 0.67067	 +/-  0.237738	(limited)
Zero signal fit
   0) jerUp_unc                      =         0
   1) jesUp_unc                      =         0
   2) lumi                           =         0
   3) pdf_unc                        =         0
   4) xs_Bkg                         =   0.67067

Fitting of the background hypothesis done in 0.302888 s
[#1] INFO:Fitting -- RooAddition::defaultErrorLevel(nll_model_s_data_obs_with_constr) Summation contains a RooNLLVar, using its error level
Minuit2Minimizer: Minimize with max-calls 2500 convergence for edm < 0.01 strategy 1
MnSeedGenerator: for initial parameters FCN = 77.6184
MnSeedGenerator: Initial state:   - FCN =    77.6183509591 Edm =      98.7018 NCalls =     21
VariableMetric: start iterating until Edm is < 1e-05
VariableMetric: Initial state   - FCN =    77.6183509591 Edm =      98.7018 NCalls =     21
VariableMetric: Iteration #   1 - FCN =   23.07248534424 Edm =      3.78882 NCalls =     33
VariableMetric: Iteration #   2 - FCN =   14.31811885257 Edm =     0.281229 NCalls =     45
VariableMetric: Iteration #   3 - FCN =   13.84400085841 Edm =    0.0234733 NCalls =     57
VariableMetric: Iteration #   4 - FCN =   13.81891996953 Edm =  0.000310367 NCalls =     68
VariableMetric: Iteration #   5 - FCN =   13.81849866937 Edm =  4.27062e-06 NCalls =     80
VariableMetric: After Hessian   - FCN =   13.81849866937 Edm =  4.93978e-06 NCalls =    111
Number of iterations 7
----------> Iteration 0
            FVAL = 77.6183509591 Edm = 98.7017728367 Nfcn = 21
            Error matrix change = 1
            Parameters :  p0 = 0 p1 = 0 p2 = 0 p3 = 0 p4 = 0.67067
----------> Iteration 1
            FVAL = 23.0724853442 Edm = 3.78882374322 Nfcn = 33
            Error matrix change = 0.619712
            Parameters :  p0 = -2.17658 p1 = -2.38388 p2 = -2.31462 p3 = -2.49167 p4 = -1.01943
----------> Iteration 2
            FVAL = 14.3181188526 Edm = 0.281228605907 Nfcn = 45
            Error matrix change = 0.494284
            Parameters :  p0 = -0.197826 p1 = -0.721725 p2 = -0.510472 p3 = -1.22098 p4 = -2.31541
----------> Iteration 3
            FVAL = 13.8440008584 Edm = 0.0234732735423 Nfcn = 57
            Error matrix change = 0.32572
            Parameters :  p0 = -0.595944 p1 = -0.697211 p2 = -0.642626 p3 = -0.910238 p4 = -2.60046
----------> Iteration 4
            FVAL = 13.8189199695 Edm = 0.000310366898746 Nfcn = 68
            Error matrix change = 0.20185
            Parameters :  p0 = -0.524735 p1 = -0.618726 p2 = -0.576311 p3 = -0.767108 p4 = -2.67108
----------> Iteration 5
            FVAL = 13.8184986694 Edm = 4.27061962122e-06 Nfcn = 80
            Error matrix change = 0.168473
            Parameters :  p0 = -0.511152 p1 = -0.632321 p2 = -0.584781 p3 = -0.756591 p4 = -2.67788
----------> Iteration 6
            FVAL = 13.8184986694 Edm = 4.93978263225e-06 Nfcn = 111
            Error matrix change = 0
            Parameters :  p0 = -0.511152 p1 = -0.632321 p2 = -0.584781 p3 = -0.756591 p4 = -2.67788
Minuit2Minimizer : Valid minimum - status = 0
FVAL  = 13.8184986693708147
Edm   = 4.9397826322519434e-06
Nfcn  = 111
jerUp_unc	  = -0.511152	 +/-  0.974425	(limited)
jesUp_unc	  = -0.632321	 +/-  0.96204	(limited)
lumi	  = -0.584781	 +/-  0.967327	(limited)
pdf_unc	  = -0.756591	 +/-  0.946922	(limited)
xs_Bkg	  = -2.67788	 +/-  0.494675	(limited)
Reference signal fit
   0) jerUp_unc                      = -0.511152
   1) jesUp_unc                      = -0.632321
   2) lumi                           = -0.584781
   3) pdf_unc                        = -0.756591
   4) xs_Bkg                         =  -2.67788

Fitting of the signal-plus-background hypothesis done in 0.00257516 s
      Evaluation of p-values done in  6.53996 s
	CLs = 0.00135318 +/- 0.00135274
      Evaluation of p-values done in  6.20275 s
	CLs = 0.00133422 +/- 0.000943124
      Evaluation of p-values done in  6.47754 s
	CLs = 0.00132861 +/- 0.000766815
      Evaluation of p-values done in  6.74774 s
	CLs = 0.00133245 +/- 0.000666
      Evaluation of p-values done in  6.57581 s
	CLs = 0.00106695 +/- 0.000533333
	CLs      = 0.00106695 +/- 0.000533333
	CLb      = 0.7498 +/- 0.00612536
	CLsplusb = 0.0008 +/- 0.00039984

Hybrid result saved as HypoTestResult_mh120_r375_32306732 in higgsCombineTest.HybridNew.mH120.1113545755.root : higgsCombineTest.HybridNew.mH120.1113545755.root:/toys

 -- Hybrid New -- 
CLs = 0.00106695 +/- 0.000533333
Total toys: 10000
Done in 0.00 min (cpu), 0.55 min (real)
