>>> including systematics
>>> using the Profile Likelihood test statistics modified for upper limits (Q_LHC)
>>> method used to compute upper limit is HybridNew
>>> Using OpenSSL to get a really random seed 
>>> Used OpenSSL to get a really random seed 1105895724
Adding /uscms_data/d2/lpcljm/sapta/SUSYSearch/LimitSetting/CMSSW_7_1_5/src to include path
Adding /cvmfs/cms.cern.ch/slc6_amd64_gcc481/lcg/roofit/5.34.18-cms3//include to include path
Input workspace 'w': 

RooWorkspace(w) w contents

variables
---------
(jerUp_unc,jerUp_unc_In,jesUp_unc,jesUp_unc_In,lumi,lumi_In,n_obs_binbin1,pdf_unc,pdf_unc_In,r,xs_Bkg,xs_Bkg_In)

p.d.f.s
-------
SimpleGaussianConstraint::jerUp_unc_Pdf[ x=jerUp_unc mean=jerUp_unc_In sigma=1 ] = 1
SimpleGaussianConstraint::jesUp_unc_Pdf[ x=jesUp_unc mean=jesUp_unc_In sigma=1 ] = 1
SimpleGaussianConstraint::lumi_Pdf[ x=lumi mean=lumi_In sigma=1 ] = 1
RooProdPdf::modelObs_b[ pdf_binbin1_bonly ] = 0.0816678
RooProdPdf::modelObs_s[ pdf_binbin1 ] = 0.143821
RooProdPdf::model_b[ modelObs_b * nuisancePdf ] = 0.0816678
RooProdPdf::model_s[ modelObs_s * nuisancePdf ] = 0.143821
RooProdPdf::nuisancePdf[ lumi_Pdf * jesUp_unc_Pdf * pdf_unc_Pdf * xs_Bkg_Pdf * jerUp_unc_Pdf ] = 1
RooPoisson::pdf_binbin1[ x=n_obs_binbin1 mean=n_exp_binbin1 ] = 0.143821
RooPoisson::pdf_binbin1_bonly[ x=n_obs_binbin1 mean=n_exp_binbin1_bonly ] = 0.0816678
SimpleGaussianConstraint::pdf_unc_Pdf[ x=pdf_unc mean=pdf_unc_In sigma=1 ] = 1
SimpleGaussianConstraint::xs_Bkg_Pdf[ x=xs_Bkg mean=xs_Bkg_In sigma=1 ] = 1

functions
--------
RooAddition::n_exp_binbin1[ n_exp_binbin1_proc_BH + n_exp_binbin1_proc_Background ] = 3.71909
RooAddition::n_exp_binbin1_bonly[ n_exp_binbin1_proc_Background ] = 2.71909
ProcessNormalization::n_exp_binbin1_proc_BH[ thetaList=(lumi,jesUp_unc,pdf_unc,jerUp_unc) asymmThetaList=() otherFactorList=(r) ] = 1
ProcessNormalization::n_exp_binbin1_proc_Background[ thetaList=(xs_Bkg) asymmThetaList=() otherFactorList=() ] = 2.71909

datasets
--------
RooDataSet::data_obs(n_obs_binbin1)

named sets
----------
ModelConfig_GlobalObservables:(lumi_In,jesUp_unc_In,pdf_unc_In,xs_Bkg_In,jerUp_unc_In)
ModelConfig_NuisParams:(lumi,jesUp_unc,pdf_unc,xs_Bkg,jerUp_unc)
ModelConfig_Observables:(n_obs_binbin1)
ModelConfig_POI:(r)
ModelConfig_bonly_GlobalObservables:(lumi_In,jesUp_unc_In,pdf_unc_In,xs_Bkg_In,jerUp_unc_In)
ModelConfig_bonly_NuisParams:(lumi,jesUp_unc,pdf_unc,xs_Bkg,jerUp_unc)
ModelConfig_bonly_Observables:(n_obs_binbin1)
ModelConfig_bonly_POI:(r)
POI:(r)
globalObservables:(lumi_In,jesUp_unc_In,pdf_unc_In,xs_Bkg_In,jerUp_unc_In)
nuisances:(lumi,jesUp_unc,pdf_unc,xs_Bkg,jerUp_unc)
observables:(n_obs_binbin1)

generic objects
---------------
RooStats::ModelConfig::ModelConfig
RooStats::ModelConfig::ModelConfig_bonly
RooArgSet::discreteParams

Workspace has a ModelConfig for signal called 'ModelConfig', with contents:

=== Using the following for ModelConfig ===
Observables:             RooArgSet:: = (n_obs_binbin1)
Parameters of Interest:  RooArgSet:: = (r)
Nuisance Parameters:     RooArgSet:: = (lumi,jesUp_unc,pdf_unc,xs_Bkg,jerUp_unc)
Global Observables:      RooArgSet:: = (lumi_In,jesUp_unc_In,pdf_unc_In,xs_Bkg_In,jerUp_unc_In)
PDF:                     RooProdPdf::model_s[ modelObs_s * nuisancePdf ] = 0.143821

Input ModelConfig 'ModelConfig': 

=== Using the following for ModelConfig ===
Observables:             RooArgSet:: = (n_obs_binbin1)
Parameters of Interest:  RooArgSet:: = (r)
Nuisance Parameters:     RooArgSet:: = (lumi,jesUp_unc,pdf_unc,xs_Bkg,jerUp_unc)
Global Observables:      RooArgSet:: = (lumi_In,jesUp_unc_In,pdf_unc_In,xs_Bkg_In,jerUp_unc_In)
PDF:                     RooProdPdf::model_s[ modelObs_s * nuisancePdf ] = 0.143821

[#1] INFO:ObjectHandling -- RooWorkspace::import(w) importing RooUniform::prior
Computing limit starting from observation
  1) RooRealVar:: n_obs_binbin1 = 5
Set default minimizer to Minuit2
  r = 3 +/- 0
[#1] INFO:Minization --  Including the following contraint terms in minimization: (nuisancePdf)
[#1] INFO:Fitting -- RooAddition::defaultErrorLevel(nll_model_s_data_obs_with_constr) Summation contains a RooNLLVar, using its error level
Minuit2Minimizer: Minimize with max-calls 2500 convergence for edm < 0.01 strategy 1
MnSeedGenerator: for initial parameters FCN = 7.09979
MnSeedGenerator: Initial state:   - FCN =   7.099788081257 Edm =     0.517398 NCalls =     21
VariableMetric: start iterating until Edm is < 1e-05
VariableMetric: Initial state   - FCN =   7.099788081257 Edm =     0.517398 NCalls =     21
VariableMetric: Iteration #   1 - FCN =   6.622206836877 Edm =   0.00057336 NCalls =     33
VariableMetric: Iteration #   2 - FCN =   6.621753472188 Edm =  3.94597e-10 NCalls =     45
VariableMetric: After Hessian   - FCN =   6.621753472188 Edm =  3.50243e-10 NCalls =     76
Number of iterations 4
----------> Iteration 0
            FVAL = 7.09978808126 Edm = 0.517397600524 Nfcn = 21
            Error matrix change = 1
            Parameters :  p0 = 0 p1 = 0 p2 = 0 p3 = 0 p4 = 0
----------> Iteration 1
            FVAL = 6.62220683688 Edm = 0.000573359646535 Nfcn = 33
            Error matrix change = 0.505905
            Parameters :  p0 = 0 p1 = 0 p2 = 0 p3 = 0 p4 = 0.63066
----------> Iteration 2
            FVAL = 6.62175347219 Edm = 3.94596625572e-10 Nfcn = 45
            Error matrix change = 0.257951
            Parameters :  p0 = 0 p1 = 0 p2 = 0 p3 = 0 p4 = 0.612582
----------> Iteration 3
            FVAL = 6.62175347219 Edm = 3.50242580746e-10 Nfcn = 76
            Error matrix change = 0
            Parameters :  p0 = 0 p1 = 0 p2 = 0 p3 = 0 p4 = 0.612582
Minuit2Minimizer : Valid minimum - status = 0
FVAL  = 6.62175347218801047
Edm   = 3.50242580745784735e-10
Nfcn  = 76
jerUp_unc	  = 0	 +/-  0.996602	(limited)
jesUp_unc	  = 0	 +/-  0.996602	(limited)
lumi	  = 0	 +/-  0.996602	(limited)
pdf_unc	  = 0	 +/-  0.996602	(limited)
xs_Bkg	  = 0.612582	 +/-  0.600885	(limited)
Zero signal fit
   0) jerUp_unc                      =         0
   1) jesUp_unc                      =         0
   2) lumi                           =         0
   3) pdf_unc                        =         0
   4) xs_Bkg                         =  0.612582

Fitting of the background hypothesis done in 0.293227 s
[#1] INFO:Fitting -- RooAddition::defaultErrorLevel(nll_model_s_data_obs_with_constr) Summation contains a RooNLLVar, using its error level
Minuit2Minimizer: Minimize with max-calls 2500 convergence for edm < 0.01 strategy 1
MnSeedGenerator: for initial parameters FCN = 6.86031
MnSeedGenerator: Initial state:   - FCN =   6.860311566916 Edm =     0.443641 NCalls =     21
VariableMetric: start iterating until Edm is < 1e-05
VariableMetric: Initial state   - FCN =   6.860311566916 Edm =     0.443641 NCalls =     21
VariableMetric: Iteration #   1 - FCN =   6.369020341169 Edm =   0.00277267 NCalls =     34
VariableMetric: Iteration #   2 - FCN =   6.366127632359 Edm =  7.00178e-06 NCalls =     45
VariableMetric: Iteration #   3 - FCN =   6.366119241876 Edm =  2.83375e-08 NCalls =     57
VariableMetric: After Hessian   - FCN =   6.366119241876 Edm =   2.9083e-08 NCalls =     88
Number of iterations 5
----------> Iteration 0
            FVAL = 6.86031156692 Edm = 0.443640922086 Nfcn = 21
            Error matrix change = 1
            Parameters :  p0 = 0 p1 = 0 p2 = 0 p3 = 0 p4 = 0.612582
----------> Iteration 1
            FVAL = 6.36902034117 Edm = 0.00277266508259 Nfcn = 34
            Error matrix change = 0.521777
            Parameters :  p0 = -0.0398714 p1 = -0.0495255 p2 = -0.0456802 p3 = -0.0590408 p4 = -0.120992
----------> Iteration 2
            FVAL = 6.36612763236 Edm = 7.00178327385e-06 Nfcn = 45
            Error matrix change = 0.270217
            Parameters :  p0 = -0.010302 p1 = -0.0128714 p2 = -0.0118427 p3 = -0.0154517 p4 = -0.137296
----------> Iteration 3
            FVAL = 6.36611924188 Edm = 2.83374558642e-08 Nfcn = 57
            Error matrix change = 0.154034
            Parameters :  p0 = -0.0100291 p1 = -0.0124675 p2 = -0.0114955 p3 = -0.0148775 p4 = -0.140571
----------> Iteration 4
            FVAL = 6.36611924188 Edm = 2.90830432018e-08 Nfcn = 88
            Error matrix change = 0
            Parameters :  p0 = -0.0100291 p1 = -0.0124675 p2 = -0.0114955 p3 = -0.0148775 p4 = -0.140571
Minuit2Minimizer : Valid minimum - status = 0
FVAL  = 6.36611924187613454
Edm   = 2.9083043201783587e-08
Nfcn  = 88
jerUp_unc	  = -0.0100291	 +/-  0.995608	(limited)
jesUp_unc	  = -0.0124675	 +/-  0.995063	(limited)
lumi	  = -0.0114955	 +/-  0.995295	(limited)
pdf_unc	  = -0.0148775	 +/-  0.994407	(limited)
xs_Bkg	  = -0.140571	 +/-  0.806403	(limited)
Reference signal fit
   0) jerUp_unc                      = -0.0100291
   1) jesUp_unc                      = -0.0124675
   2) lumi                           = -0.0114955
   3) pdf_unc                        = -0.0148775
   4) xs_Bkg                         = -0.140571

Fitting of the signal-plus-background hypothesis done in 0.00223303 s
      Evaluation of p-values done in  5.52836 s
	CLs = 0.610149 +/- 0.0217098
      Evaluation of p-values done in  5.12096 s
	CLs = 0.582099 +/- 0.0151539
      Evaluation of p-values done in  5.10364 s
	CLs = 0.573899 +/- 0.0123406
      Evaluation of p-values done in  5.19536 s
	CLs = 0.577386 +/- 0.0107085
      Evaluation of p-values done in  5.51742 s
	CLs = 0.58051 +/- 0.00959891
	CLs      = 0.58051 +/- 0.00959891
	CLb      = 0.8086 +/- 0.00556356
	CLsplusb = 0.4694 +/- 0.00705781

Hybrid result saved as HypoTestResult_mh120_r3_2157114897 in higgsCombineTest.HybridNew.mH120.1105895724.root : higgsCombineTest.HybridNew.mH120.1105895724.root:/toys

 -- Hybrid New -- 
CLs = 0.58051 +/- 0.00959891
Total toys: 10000
Done in 0.00 min (cpu), 0.45 min (real)
