>>> including systematics
>>> using the Profile Likelihood test statistics modified for upper limits (Q_LHC)
>>> method used to compute upper limit is HybridNew
>>> Using OpenSSL to get a really random seed 
>>> Used OpenSSL to get a really random seed 2134776449
Adding /uscms_data/d2/lpcljm/sapta/SUSYSearch/LimitSetting/CMSSW_7_1_5/src to include path
Adding /cvmfs/cms.cern.ch/slc6_amd64_gcc481/lcg/roofit/5.34.18-cms3//include to include path
Input workspace 'w': 

RooWorkspace(w) w contents

variables
---------
(jerUp_unc,jerUp_unc_In,jesUp_unc,jesUp_unc_In,lumi,lumi_In,n_obs_binbin1,pdf_unc,pdf_unc_In,r,xs_Bkg,xs_Bkg_In)

p.d.f.s
-------
SimpleGaussianConstraint::jerUp_unc_Pdf[ x=jerUp_unc mean=jerUp_unc_In sigma=1 ] = 1
SimpleGaussianConstraint::jesUp_unc_Pdf[ x=jesUp_unc mean=jesUp_unc_In sigma=1 ] = 1
SimpleGaussianConstraint::lumi_Pdf[ x=lumi mean=lumi_In sigma=1 ] = 1
RooProdPdf::modelObs_b[ pdf_binbin1_bonly ] = 0.356235
RooProdPdf::modelObs_s[ pdf_binbin1 ] = 0.301838
RooProdPdf::model_b[ modelObs_b * nuisancePdf ] = 0.356235
RooProdPdf::model_s[ modelObs_s * nuisancePdf ] = 0.301838
RooProdPdf::nuisancePdf[ lumi_Pdf * jesUp_unc_Pdf * pdf_unc_Pdf * xs_Bkg_Pdf * jerUp_unc_Pdf ] = 1
RooPoisson::pdf_binbin1[ x=n_obs_binbin1 mean=n_exp_binbin1 ] = 0.301838
RooPoisson::pdf_binbin1_bonly[ x=n_obs_binbin1 mean=n_exp_binbin1_bonly ] = 0.356235
SimpleGaussianConstraint::pdf_unc_Pdf[ x=pdf_unc mean=pdf_unc_In sigma=1 ] = 1
SimpleGaussianConstraint::xs_Bkg_Pdf[ x=xs_Bkg mean=xs_Bkg_In sigma=1 ] = 1

functions
--------
RooAddition::n_exp_binbin1[ n_exp_binbin1_proc_BH + n_exp_binbin1_proc_Background ] = 1.76734
RooAddition::n_exp_binbin1_bonly[ n_exp_binbin1_proc_Background ] = 0.76734
ProcessNormalization::n_exp_binbin1_proc_BH[ thetaList=(lumi,jesUp_unc,pdf_unc,jerUp_unc) asymmThetaList=() otherFactorList=(r) ] = 1
ProcessNormalization::n_exp_binbin1_proc_Background[ thetaList=(xs_Bkg) asymmThetaList=() otherFactorList=() ] = 0.76734

datasets
--------
RooDataSet::data_obs(n_obs_binbin1)

named sets
----------
ModelConfig_GlobalObservables:(lumi_In,jesUp_unc_In,pdf_unc_In,xs_Bkg_In,jerUp_unc_In)
ModelConfig_NuisParams:(lumi,jesUp_unc,pdf_unc,xs_Bkg,jerUp_unc)
ModelConfig_Observables:(n_obs_binbin1)
ModelConfig_POI:(r)
ModelConfig_bonly_GlobalObservables:(lumi_In,jesUp_unc_In,pdf_unc_In,xs_Bkg_In,jerUp_unc_In)
ModelConfig_bonly_NuisParams:(lumi,jesUp_unc,pdf_unc,xs_Bkg,jerUp_unc)
ModelConfig_bonly_Observables:(n_obs_binbin1)
ModelConfig_bonly_POI:(r)
POI:(r)
globalObservables:(lumi_In,jesUp_unc_In,pdf_unc_In,xs_Bkg_In,jerUp_unc_In)
nuisances:(lumi,jesUp_unc,pdf_unc,xs_Bkg,jerUp_unc)
observables:(n_obs_binbin1)

generic objects
---------------
RooStats::ModelConfig::ModelConfig
RooStats::ModelConfig::ModelConfig_bonly
RooArgSet::discreteParams

Workspace has a ModelConfig for signal called 'ModelConfig', with contents:

=== Using the following for ModelConfig ===
Observables:             RooArgSet:: = (n_obs_binbin1)
Parameters of Interest:  RooArgSet:: = (r)
Nuisance Parameters:     RooArgSet:: = (lumi,jesUp_unc,pdf_unc,xs_Bkg,jerUp_unc)
Global Observables:      RooArgSet:: = (lumi_In,jesUp_unc_In,pdf_unc_In,xs_Bkg_In,jerUp_unc_In)
PDF:                     RooProdPdf::model_s[ modelObs_s * nuisancePdf ] = 0.301838

Input ModelConfig 'ModelConfig': 

=== Using the following for ModelConfig ===
Observables:             RooArgSet:: = (n_obs_binbin1)
Parameters of Interest:  RooArgSet:: = (r)
Nuisance Parameters:     RooArgSet:: = (lumi,jesUp_unc,pdf_unc,xs_Bkg,jerUp_unc)
Global Observables:      RooArgSet:: = (lumi_In,jesUp_unc_In,pdf_unc_In,xs_Bkg_In,jerUp_unc_In)
PDF:                     RooProdPdf::model_s[ modelObs_s * nuisancePdf ] = 0.301838

[#1] INFO:ObjectHandling -- RooWorkspace::import(w) importing RooUniform::prior
Computing limit starting from observation
  1) RooRealVar:: n_obs_binbin1 = 1
Set default minimizer to Minuit2
  r = 3 +/- 0
[#1] INFO:Minization --  Including the following contraint terms in minimization: (nuisancePdf)
[#1] INFO:Fitting -- RooAddition::defaultErrorLevel(nll_model_s_data_obs_with_constr) Summation contains a RooNLLVar, using its error level
Minuit2Minimizer: Minimize with max-calls 2500 convergence for edm < 0.01 strategy 1
MnSeedGenerator: for initial parameters FCN = 5.62686
MnSeedGenerator: Initial state:   - FCN =   5.626857956319 Edm =    0.0105478 NCalls =     21
VariableMetric: start iterating until Edm is < 1e-05
VariableMetric: Initial state   - FCN =   5.626857956319 Edm =    0.0105478 NCalls =     21
VariableMetric: Iteration #   1 - FCN =   5.616407672296 Edm =  2.04463e-06 NCalls =     32
VariableMetric: After Hessian   - FCN =   5.616407672296 Edm =  1.98863e-06 NCalls =     63
Number of iterations 3
----------> Iteration 0
            FVAL = 5.62685795632 Edm = 0.0105477902771 Nfcn = 21
            Error matrix change = 1
            Parameters :  p0 = 0 p1 = 0 p2 = 0 p3 = 0 p4 = 0
----------> Iteration 1
            FVAL = 5.6164076723 Edm = 2.04463218224e-06 Nfcn = 32
            Error matrix change = 0.501026
            Parameters :  p0 = 0 p1 = 0 p2 = 0 p3 = 0 p4 = 0.121596
----------> Iteration 2
            FVAL = 5.6164076723 Edm = 1.98863235372e-06 Nfcn = 63
            Error matrix change = 0
            Parameters :  p0 = 0 p1 = 0 p2 = 0 p3 = 0 p4 = 0.121596
Minuit2Minimizer : Valid minimum - status = 0
FVAL  = 5.61640767229603455
Edm   = 1.98863235372097014e-06
Nfcn  = 63
jerUp_unc	  = 0	 +/-  0.996602	(limited)
jesUp_unc	  = 0	 +/-  0.996602	(limited)
lumi	  = 0	 +/-  0.996602	(limited)
pdf_unc	  = 0	 +/-  0.996602	(limited)
xs_Bkg	  = 0.121596	 +/-  0.823685	(limited)
Zero signal fit
   0) jerUp_unc                      =         0
   1) jesUp_unc                      =         0
   2) lumi                           =         0
   3) pdf_unc                        =         0
   4) xs_Bkg                         =  0.121596

Fitting of the background hypothesis done in 0.303477 s
[#1] INFO:Fitting -- RooAddition::defaultErrorLevel(nll_model_s_data_obs_with_constr) Summation contains a RooNLLVar, using its error level
Minuit2Minimizer: Minimize with max-calls 2500 convergence for edm < 0.01 strategy 1
MnSeedGenerator: for initial parameters FCN = 7.09673
MnSeedGenerator: Initial state:   - FCN =   7.096734162361 Edm =     0.147627 NCalls =     21
VariableMetric: start iterating until Edm is < 1e-05
VariableMetric: Initial state   - FCN =   7.096734162361 Edm =     0.147627 NCalls =     21
VariableMetric: Iteration #   1 - FCN =   6.947038260857 Edm =  0.000219386 NCalls =     32
VariableMetric: Iteration #   2 - FCN =   6.946802118457 Edm =   3.3328e-07 NCalls =     43
VariableMetric: After Hessian   - FCN =   6.946802118457 Edm =  3.48573e-07 NCalls =     74
Number of iterations 4
----------> Iteration 0
            FVAL = 7.09673416236 Edm = 0.147627154796 Nfcn = 21
            Error matrix change = 1
            Parameters :  p0 = 0 p1 = 0 p2 = 0 p3 = 0 p4 = 0.121596
----------> Iteration 1
            FVAL = 6.94703826086 Edm = 0.000219385721272 Nfcn = 32
            Error matrix change = 0.509672
            Parameters :  p0 = -0.086643 p1 = -0.107526 p2 = -0.0992151 p3 = -0.128049 p4 = -0.305118
----------> Iteration 2
            FVAL = 6.94680211846 Edm = 3.33279835184e-07 Nfcn = 43
            Error matrix change = 0.260458
            Parameters :  p0 = -0.0827898 p1 = -0.103006 p2 = -0.0949419 p3 = -0.12304 p4 = -0.322119
----------> Iteration 3
            FVAL = 6.94680211846 Edm = 3.48573354906e-07 Nfcn = 74
            Error matrix change = 0
            Parameters :  p0 = -0.0827898 p1 = -0.103006 p2 = -0.0949419 p3 = -0.12304 p4 = -0.322119
Minuit2Minimizer : Valid minimum - status = 0
FVAL  = 6.94680211845661066
Edm   = 3.48573354905787488e-07
Nfcn  = 74
jerUp_unc	  = -0.0827898	 +/-  0.994528	(limited)
jesUp_unc	  = -0.103006	 +/-  0.993391	(limited)
lumi	  = -0.0949419	 +/-  0.993874	(limited)
pdf_unc	  = -0.12304	 +/-  0.992019	(limited)
xs_Bkg	  = -0.322119	 +/-  0.889552	(limited)
Reference signal fit
   0) jerUp_unc                      = -0.0827898
   1) jesUp_unc                      = -0.103006
   2) lumi                           = -0.0949419
   3) pdf_unc                        =  -0.12304
   4) xs_Bkg                         = -0.322119

Fitting of the signal-plus-background hypothesis done in 0.00224304 s
      Evaluation of p-values done in  5.49769 s
	CLs = 0.0884676 +/- 0.0116821
      Evaluation of p-values done in  5.45288 s
	CLs = 0.10789 +/- 0.00919784
      Evaluation of p-values done in  5.43965 s
	CLs = 0.114528 +/- 0.00767696
      Evaluation of p-values done in  5.06696 s
	CLs = 0.110233 +/- 0.00650219
      Evaluation of p-values done in  5.02732 s
	CLs = 0.11031 +/- 0.00578923
	CLs      = 0.11031 +/- 0.00578923
	CLb      = 0.6382 +/- 0.0067956
	CLsplusb = 0.0704 +/- 0.00361784

Hybrid result saved as HypoTestResult_mh120_r3_3621538012 in higgsCombineTest.HybridNew.mH120.2134776449.root : higgsCombineTest.HybridNew.mH120.2134776449.root:/toys

 -- Hybrid New -- 
CLs = 0.11031 +/- 0.00578923
Total toys: 10000
Done in 0.00 min (cpu), 0.45 min (real)
