>>> including systematics
>>> using the Profile Likelihood test statistics modified for upper limits (Q_LHC)
>>> method used to compute upper limit is HybridNew
>>> Using OpenSSL to get a really random seed 
>>> Used OpenSSL to get a really random seed 4071871
Adding /uscms_data/d2/lpcljm/sapta/SUSYSearch/LimitSetting/CMSSW_7_1_5/src to include path
Adding /cvmfs/cms.cern.ch/slc6_amd64_gcc481/lcg/roofit/5.34.18-cms3//include to include path
Input workspace 'w': 

RooWorkspace(w) w contents

variables
---------
(jerUp_unc,jerUp_unc_In,jesUp_unc,jesUp_unc_In,lumi,lumi_In,n_obs_binbin1,pdf_unc,pdf_unc_In,r,xs_Bkg,xs_Bkg_In)

p.d.f.s
-------
SimpleGaussianConstraint::jerUp_unc_Pdf[ x=jerUp_unc mean=jerUp_unc_In sigma=1 ] = 1
SimpleGaussianConstraint::jesUp_unc_Pdf[ x=jesUp_unc mean=jesUp_unc_In sigma=1 ] = 1
SimpleGaussianConstraint::lumi_Pdf[ x=lumi mean=lumi_In sigma=1 ] = 1
RooProdPdf::modelObs_b[ pdf_binbin1_bonly ] = 0.000240806
RooProdPdf::modelObs_s[ pdf_binbin1 ] = 0.000268926
RooProdPdf::model_b[ modelObs_b * nuisancePdf ] = 0.000240806
RooProdPdf::model_s[ modelObs_s * nuisancePdf ] = 0.000268926
RooProdPdf::nuisancePdf[ lumi_Pdf * jesUp_unc_Pdf * pdf_unc_Pdf * xs_Bkg_Pdf * jerUp_unc_Pdf ] = 1
RooPoisson::pdf_binbin1[ x=n_obs_binbin1 mean=n_exp_binbin1 ] = 0.000268926
RooPoisson::pdf_binbin1_bonly[ x=n_obs_binbin1 mean=n_exp_binbin1_bonly ] = 0.000240806
SimpleGaussianConstraint::pdf_unc_Pdf[ x=pdf_unc mean=pdf_unc_In sigma=1 ] = 1
SimpleGaussianConstraint::xs_Bkg_Pdf[ x=xs_Bkg mean=xs_Bkg_In sigma=1 ] = 1

functions
--------
RooAddition::n_exp_binbin1[ n_exp_binbin1_proc_BH + n_exp_binbin1_proc_Background ] = 686.712
RooAddition::n_exp_binbin1_bonly[ n_exp_binbin1_proc_Background ] = 685.712
ProcessNormalization::n_exp_binbin1_proc_BH[ thetaList=(lumi,jesUp_unc,pdf_unc,jerUp_unc) asymmThetaList=() otherFactorList=(r) ] = 1
ProcessNormalization::n_exp_binbin1_proc_Background[ thetaList=(xs_Bkg) asymmThetaList=() otherFactorList=() ] = 685.712

datasets
--------
RooDataSet::data_obs(n_obs_binbin1)

named sets
----------
ModelConfig_GlobalObservables:(lumi_In,jesUp_unc_In,pdf_unc_In,xs_Bkg_In,jerUp_unc_In)
ModelConfig_NuisParams:(lumi,jesUp_unc,pdf_unc,xs_Bkg,jerUp_unc)
ModelConfig_Observables:(n_obs_binbin1)
ModelConfig_POI:(r)
ModelConfig_bonly_GlobalObservables:(lumi_In,jesUp_unc_In,pdf_unc_In,xs_Bkg_In,jerUp_unc_In)
ModelConfig_bonly_NuisParams:(lumi,jesUp_unc,pdf_unc,xs_Bkg,jerUp_unc)
ModelConfig_bonly_Observables:(n_obs_binbin1)
ModelConfig_bonly_POI:(r)
POI:(r)
globalObservables:(lumi_In,jesUp_unc_In,pdf_unc_In,xs_Bkg_In,jerUp_unc_In)
nuisances:(lumi,jesUp_unc,pdf_unc,xs_Bkg,jerUp_unc)
observables:(n_obs_binbin1)

generic objects
---------------
RooStats::ModelConfig::ModelConfig
RooStats::ModelConfig::ModelConfig_bonly
RooArgSet::discreteParams

Workspace has a ModelConfig for signal called 'ModelConfig', with contents:

=== Using the following for ModelConfig ===
Observables:             RooArgSet:: = (n_obs_binbin1)
Parameters of Interest:  RooArgSet:: = (r)
Nuisance Parameters:     RooArgSet:: = (lumi,jesUp_unc,pdf_unc,xs_Bkg,jerUp_unc)
Global Observables:      RooArgSet:: = (lumi_In,jesUp_unc_In,pdf_unc_In,xs_Bkg_In,jerUp_unc_In)
PDF:                     RooProdPdf::model_s[ modelObs_s * nuisancePdf ] = 0.000268926

Input ModelConfig 'ModelConfig': 

=== Using the following for ModelConfig ===
Observables:             RooArgSet:: = (n_obs_binbin1)
Parameters of Interest:  RooArgSet:: = (r)
Nuisance Parameters:     RooArgSet:: = (lumi,jesUp_unc,pdf_unc,xs_Bkg,jerUp_unc)
Global Observables:      RooArgSet:: = (lumi_In,jesUp_unc_In,pdf_unc_In,xs_Bkg_In,jerUp_unc_In)
PDF:                     RooProdPdf::model_s[ modelObs_s * nuisancePdf ] = 0.000268926

[#1] INFO:ObjectHandling -- RooWorkspace::import(w) importing RooUniform::prior
Computing limit starting from observation
  1) RooRealVar:: n_obs_binbin1 = 762
Set default minimizer to Minuit2
  r = 400 +/- 0
[#1] INFO:Minization --  Including the following contraint terms in minimization: (nuisancePdf)
[#1] INFO:Fitting -- RooAddition::defaultErrorLevel(nll_model_s_data_obs_with_constr) Summation contains a RooNLLVar, using its error level
Minuit2Minimizer: Minimize with max-calls 2500 convergence for edm < 0.01 strategy 1
MnSeedGenerator: for initial parameters FCN = 12.9262
MnSeedGenerator: Initial state:   - FCN =   12.92621082125 Edm =      3.98016 NCalls =     21
VariableMetric: start iterating until Edm is < 1e-05
VariableMetric: Initial state   - FCN =   12.92621082125 Edm =      3.98016 NCalls =     21
VariableMetric: Iteration #   1 - FCN =   9.078681214659 Edm =   0.00939363 NCalls =     32
VariableMetric: Iteration #   2 - FCN =   9.070078810783 Edm =  1.37619e-05 NCalls =     43
VariableMetric: Iteration #   3 - FCN =   9.070065547342 Edm =  3.07742e-11 NCalls =     54
VariableMetric: After Hessian   - FCN =   9.070065547342 Edm =  3.09473e-11 NCalls =     85
Number of iterations 5
----------> Iteration 0
            FVAL = 12.9262108212 Edm = 3.98016430327 Nfcn = 21
            Error matrix change = 1
            Parameters :  p0 = 0 p1 = 0 p2 = 0 p3 = 0 p4 = 0
----------> Iteration 1
            FVAL = 9.07868121466 Edm = 0.0093936329028 Nfcn = 32
            Error matrix change = 0.500354
            Parameters :  p0 = 0 p1 = 0 p2 = 0 p3 = 0 p4 = 0.701862
----------> Iteration 2
            FVAL = 9.07007881078 Edm = 1.37619432378e-05 Nfcn = 43
            Error matrix change = 0.250452
            Parameters :  p0 = 0 p1 = 0 p2 = 0 p3 = 0 p4 = 0.669447
----------> Iteration 3
            FVAL = 9.07006554734 Edm = 3.07742449568e-11 Nfcn = 54
            Error matrix change = 0.125237
            Parameters :  p0 = 0 p1 = 0 p2 = 0 p3 = 0 p4 = 0.67067
----------> Iteration 4
            FVAL = 9.07006554734 Edm = 3.09472737402e-11 Nfcn = 85
            Error matrix change = 0
            Parameters :  p0 = 0 p1 = 0 p2 = 0 p3 = 0 p4 = 0.67067
Minuit2Minimizer : Valid minimum - status = 0
FVAL  = 9.07006554734218895
Edm   = 3.09472737402314544e-11
Nfcn  = 85
jerUp_unc	  = 0	 +/-  0.996602	(limited)
jesUp_unc	  = 0	 +/-  0.996602	(limited)
lumi	  = 0	 +/-  0.996602	(limited)
pdf_unc	  = 0	 +/-  0.996602	(limited)
xs_Bkg	  = 0.67067	 +/-  0.237738	(limited)
Zero signal fit
   0) jerUp_unc                      =         0
   1) jesUp_unc                      =         0
   2) lumi                           =         0
   3) pdf_unc                        =         0
   4) xs_Bkg                         =   0.67067

Fitting of the background hypothesis done in 0.24735 s
[#1] INFO:Fitting -- RooAddition::defaultErrorLevel(nll_model_s_data_obs_with_constr) Summation contains a RooNLLVar, using its error level
Minuit2Minimizer: Minimize with max-calls 2500 convergence for edm < 0.01 strategy 1
MnSeedGenerator: for initial parameters FCN = 85.9799
MnSeedGenerator: Initial state:   - FCN =   85.97985994798 Edm =      113.086 NCalls =     21
VariableMetric: start iterating until Edm is < 1e-05
VariableMetric: Initial state   - FCN =   85.97985994798 Edm =      113.086 NCalls =     21
VariableMetric: Iteration #   1 - FCN =   24.82601514719 Edm =      4.02071 NCalls =     33
VariableMetric: Iteration #   2 - FCN =   15.34439444481 Edm =     0.358259 NCalls =     45
VariableMetric: Iteration #   3 - FCN =   14.77117141236 Edm =    0.0454219 NCalls =     57
VariableMetric: Iteration #   4 - FCN =   14.72034820734 Edm =  0.000574333 NCalls =     69
VariableMetric: Iteration #   5 - FCN =   14.71957941111 Edm =  1.08266e-05 NCalls =     81
VariableMetric: Iteration #   6 - FCN =   14.71956709684 Edm =  1.10979e-07 NCalls =     93
VariableMetric: After Hessian   - FCN =   14.71956709684 Edm =  1.64089e-07 NCalls =    124
Number of iterations 8
----------> Iteration 0
            FVAL = 85.979859948 Edm = 113.086180606 Nfcn = 21
            Error matrix change = 1
            Parameters :  p0 = 0 p1 = 0 p2 = 0 p3 = 0 p4 = 0.67067
----------> Iteration 1
            FVAL = 24.8260151472 Edm = 4.02071343107 Nfcn = 33
            Error matrix change = 0.620894
            Parameters :  p0 = -2.33722 p1 = -2.53669 p2 = -2.47171 p3 = -2.62994 p4 = -1.08927
----------> Iteration 2
            FVAL = 15.3443944448 Edm = 0.35825864485 Nfcn = 45
            Error matrix change = 0.499571
            Parameters :  p0 = -0.219954 p1 = -0.81217 p2 = -0.576158 p3 = -1.35581 p4 = -2.45781
----------> Iteration 3
            FVAL = 14.7711714124 Edm = 0.0454219070454 Nfcn = 57
            Error matrix change = 0.337683
            Parameters :  p0 = -0.6885 p1 = -0.827734 p2 = -0.755998 p3 = -1.08676 p4 = -2.74244
----------> Iteration 4
            FVAL = 14.7203482073 Edm = 0.000574333101563 Nfcn = 69
            Error matrix change = 0.206928
            Parameters :  p0 = -0.604863 p1 = -0.707724 p2 = -0.659856 p3 = -0.88138 p4 = -2.85536
----------> Iteration 5
            FVAL = 14.7195794111 Edm = 1.08265843432e-05 Nfcn = 81
            Error matrix change = 0.178138
            Parameters :  p0 = -0.590046 p1 = -0.728058 p2 = -0.673892 p3 = -0.872208 p4 = -2.86278
----------> Iteration 6
            FVAL = 14.7195670968 Edm = 1.1097889783e-07 Nfcn = 93
            Error matrix change = 0.11624
            Parameters :  p0 = -0.58645 p1 = -0.729513 p2 = -0.6729 p3 = -0.871862 p4 = -2.86227
----------> Iteration 7
            FVAL = 14.7195670968 Edm = 1.64089090304e-07 Nfcn = 124
            Error matrix change = 0
            Parameters :  p0 = -0.58645 p1 = -0.729513 p2 = -0.6729 p3 = -0.871862 p4 = -2.86227
Minuit2Minimizer : Valid minimum - status = 0
FVAL  = 14.719567096835565
Edm   = 1.64089090304055304e-07
Nfcn  = 124
jerUp_unc	  = -0.58645	 +/-  0.971908	(limited)
jesUp_unc	  = -0.729513	 +/-  0.958112	(limited)
lumi	  = -0.6729	 +/-  0.964001	(limited)
pdf_unc	  = -0.871862	 +/-  0.941217	(limited)
xs_Bkg	  = -2.86227	 +/-  0.508869	(limited)
Reference signal fit
   0) jerUp_unc                      =  -0.58645
   1) jesUp_unc                      = -0.729513
   2) lumi                           =   -0.6729
   3) pdf_unc                        = -0.871862
   4) xs_Bkg                         =  -2.86227

Fitting of the signal-plus-background hypothesis done in 0.002707 s
      Evaluation of p-values done in  6.61821 s
	CLs = 0 +/- 0
      Evaluation of p-values done in  6.9324 s
	CLs = 0 +/- 0
      Evaluation of p-values done in  6.54568 s
	CLs = 0 +/- 0
      Evaluation of p-values done in  6.61226 s
	CLs = 0 +/- 0
      Evaluation of p-values done in  6.38404 s
	CLs = 0 +/- 0
	CLs      = 0 +/- 0
	CLb      = 0.7302 +/- 0.00627707
	CLsplusb = 0 +/- 0

Hybrid result saved as HypoTestResult_mh120_r400_2966683752 in higgsCombineTest.HybridNew.mH120.4071871.root : higgsCombineTest.HybridNew.mH120.4071871.root:/toys

 -- Hybrid New -- 
CLs = 0 +/- 0
Total toys: 10000
Done in 0.00 min (cpu), 0.56 min (real)
