>>> including systematics
>>> using the Profile Likelihood test statistics modified for upper limits (Q_LHC)
>>> method used to compute upper limit is HybridNew
>>> Using OpenSSL to get a really random seed 
>>> Used OpenSSL to get a really random seed 1675189029
Adding /uscms_data/d2/lpcljm/sapta/SUSYSearch/LimitSetting/CMSSW_7_1_5/src to include path
Adding /cvmfs/cms.cern.ch/slc6_amd64_gcc481/lcg/roofit/5.34.18-cms3//include to include path
Input workspace 'w': 

RooWorkspace(w) w contents

variables
---------
(jerUp_unc,jerUp_unc_In,jesUp_unc,jesUp_unc_In,lumi,lumi_In,n_obs_binbin1,pdf_unc,pdf_unc_In,r,xs_Bkg,xs_Bkg_In)

p.d.f.s
-------
SimpleGaussianConstraint::jerUp_unc_Pdf[ x=jerUp_unc mean=jerUp_unc_In sigma=1 ] = 1
SimpleGaussianConstraint::jesUp_unc_Pdf[ x=jesUp_unc mean=jesUp_unc_In sigma=1 ] = 1
SimpleGaussianConstraint::lumi_Pdf[ x=lumi mean=lumi_In sigma=1 ] = 1
RooProdPdf::modelObs_b[ pdf_binbin1_bonly ] = 0.0440795
RooProdPdf::modelObs_s[ pdf_binbin1 ] = 0.0454375
RooProdPdf::model_b[ modelObs_b * nuisancePdf ] = 0.0440795
RooProdPdf::model_s[ modelObs_s * nuisancePdf ] = 0.0454375
RooProdPdf::nuisancePdf[ lumi_Pdf * jesUp_unc_Pdf * pdf_unc_Pdf * xs_Bkg_Pdf * jerUp_unc_Pdf ] = 1
RooPoisson::pdf_binbin1[ x=n_obs_binbin1 mean=n_exp_binbin1 ] = 0.0454375
RooPoisson::pdf_binbin1_bonly[ x=n_obs_binbin1 mean=n_exp_binbin1_bonly ] = 0.0440795
SimpleGaussianConstraint::pdf_unc_Pdf[ x=pdf_unc mean=pdf_unc_In sigma=1 ] = 1
SimpleGaussianConstraint::xs_Bkg_Pdf[ x=xs_Bkg mean=xs_Bkg_In sigma=1 ] = 1

functions
--------
RooAddition::n_exp_binbin1[ n_exp_binbin1_proc_BH + n_exp_binbin1_proc_Background ] = 72.3219
RooAddition::n_exp_binbin1_bonly[ n_exp_binbin1_proc_Background ] = 71.3219
ProcessNormalization::n_exp_binbin1_proc_BH[ thetaList=(lumi,jesUp_unc,pdf_unc,jerUp_unc) asymmThetaList=() otherFactorList=(r) ] = 1
ProcessNormalization::n_exp_binbin1_proc_Background[ thetaList=(xs_Bkg) asymmThetaList=() otherFactorList=() ] = 71.3219

datasets
--------
RooDataSet::data_obs(n_obs_binbin1)

named sets
----------
ModelConfig_GlobalObservables:(lumi_In,jesUp_unc_In,pdf_unc_In,xs_Bkg_In,jerUp_unc_In)
ModelConfig_NuisParams:(lumi,jesUp_unc,pdf_unc,xs_Bkg,jerUp_unc)
ModelConfig_Observables:(n_obs_binbin1)
ModelConfig_POI:(r)
ModelConfig_bonly_GlobalObservables:(lumi_In,jesUp_unc_In,pdf_unc_In,xs_Bkg_In,jerUp_unc_In)
ModelConfig_bonly_NuisParams:(lumi,jesUp_unc,pdf_unc,xs_Bkg,jerUp_unc)
ModelConfig_bonly_Observables:(n_obs_binbin1)
ModelConfig_bonly_POI:(r)
POI:(r)
globalObservables:(lumi_In,jesUp_unc_In,pdf_unc_In,xs_Bkg_In,jerUp_unc_In)
nuisances:(lumi,jesUp_unc,pdf_unc,xs_Bkg,jerUp_unc)
observables:(n_obs_binbin1)

generic objects
---------------
RooStats::ModelConfig::ModelConfig
RooStats::ModelConfig::ModelConfig_bonly
RooArgSet::discreteParams

Workspace has a ModelConfig for signal called 'ModelConfig', with contents:

=== Using the following for ModelConfig ===
Observables:             RooArgSet:: = (n_obs_binbin1)
Parameters of Interest:  RooArgSet:: = (r)
Nuisance Parameters:     RooArgSet:: = (lumi,jesUp_unc,pdf_unc,xs_Bkg,jerUp_unc)
Global Observables:      RooArgSet:: = (lumi_In,jesUp_unc_In,pdf_unc_In,xs_Bkg_In,jerUp_unc_In)
PDF:                     RooProdPdf::model_s[ modelObs_s * nuisancePdf ] = 0.0454375

Input ModelConfig 'ModelConfig': 

=== Using the following for ModelConfig ===
Observables:             RooArgSet:: = (n_obs_binbin1)
Parameters of Interest:  RooArgSet:: = (r)
Nuisance Parameters:     RooArgSet:: = (lumi,jesUp_unc,pdf_unc,xs_Bkg,jerUp_unc)
Global Observables:      RooArgSet:: = (lumi_In,jesUp_unc_In,pdf_unc_In,xs_Bkg_In,jerUp_unc_In)
PDF:                     RooProdPdf::model_s[ modelObs_s * nuisancePdf ] = 0.0454375

[#1] INFO:ObjectHandling -- RooWorkspace::import(w) importing RooUniform::prior
Computing limit starting from observation
  1) RooRealVar:: n_obs_binbin1 = 74
Set default minimizer to Minuit2
  r = 40 +/- 0
[#1] INFO:Minization --  Including the following contraint terms in minimization: (nuisancePdf)
[#1] INFO:Fitting -- RooAddition::defaultErrorLevel(nll_model_s_data_obs_with_constr) Summation contains a RooNLLVar, using its error level
Minuit2Minimizer: Minimize with max-calls 2500 convergence for edm < 0.01 strategy 1
MnSeedGenerator: for initial parameters FCN = 7.71645
MnSeedGenerator: Initial state:   - FCN =   7.716452710308 Edm =    0.0446983 NCalls =     21
VariableMetric: start iterating until Edm is < 1e-05
VariableMetric: Initial state   - FCN =   7.716452710308 Edm =    0.0446983 NCalls =     21
VariableMetric: Iteration #   1 - FCN =   7.672200180799 Edm =  1.00132e-05 NCalls =     32
VariableMetric: Iteration #   2 - FCN =   7.672190459901 Edm =  2.09044e-09 NCalls =     43
VariableMetric: After Hessian   - FCN =   7.672190459901 Edm =  2.06475e-09 NCalls =     74
Number of iterations 4
----------> Iteration 0
            FVAL = 7.71645271031 Edm = 0.0446982876949 Nfcn = 21
            Error matrix change = 1
            Parameters :  p0 = 0 p1 = 0 p2 = 0 p3 = 0 p4 = 0
----------> Iteration 1
            FVAL = 7.6722001808 Edm = 1.0013166376e-05 Nfcn = 32
            Error matrix change = 0.500199
            Parameters :  p0 = 0 p1 = 0 p2 = 0 p3 = 0 p4 = 0.0996212
----------> Iteration 2
            FVAL = 7.6721904599 Edm = 2.09043869634e-09 Nfcn = 43
            Error matrix change = 0.250291
            Parameters :  p0 = 0 p1 = 0 p2 = 0 p3 = 0 p4 = 0.0981522
----------> Iteration 3
            FVAL = 7.6721904599 Edm = 2.06474942122e-09 Nfcn = 74
            Error matrix change = 0
            Parameters :  p0 = 0 p1 = 0 p2 = 0 p3 = 0 p4 = 0.0981522
Minuit2Minimizer : Valid minimum - status = 0
FVAL  = 7.67219045990055015
Edm   = 2.06474942122183286e-09
Nfcn  = 74
jerUp_unc	  = 0	 +/-  0.996602	(limited)
jesUp_unc	  = 0	 +/-  0.996602	(limited)
lumi	  = 0	 +/-  0.996602	(limited)
pdf_unc	  = 0	 +/-  0.996602	(limited)
xs_Bkg	  = 0.0981522	 +/-  0.328236	(limited)
Zero signal fit
   0) jerUp_unc                      =         0
   1) jesUp_unc                      =         0
   2) lumi                           =         0
   3) pdf_unc                        =         0
   4) xs_Bkg                         = 0.0981522

Fitting of the background hypothesis done in 0.29519 s
[#1] INFO:Fitting -- RooAddition::defaultErrorLevel(nll_model_s_data_obs_with_constr) Summation contains a RooNLLVar, using its error level
Minuit2Minimizer: Minimize with max-calls 2500 convergence for edm < 0.01 strategy 1
MnSeedGenerator: for initial parameters FCN = 15.591
MnSeedGenerator: Initial state:   - FCN =   15.59099481757 Edm =      6.02677 NCalls =     21
VariableMetric: start iterating until Edm is < 1e-05
VariableMetric: Initial state   - FCN =   15.59099481757 Edm =      6.02677 NCalls =     21
VariableMetric: Iteration #   1 - FCN =   9.807840763259 Edm =     0.399796 NCalls =     32
VariableMetric: Iteration #   2 - FCN =   9.253433042527 Edm =    0.0121786 NCalls =     44
VariableMetric: Iteration #   3 - FCN =   9.236807737686 Edm =  4.09523e-05 NCalls =     56
VariableMetric: Iteration #   4 - FCN =   9.236764085189 Edm =  9.32644e-08 NCalls =     67
VariableMetric: After Hessian   - FCN =   9.236764085189 Edm =  9.90069e-08 NCalls =     98
Number of iterations 6
----------> Iteration 0
            FVAL = 15.5909948176 Edm = 6.02677052749 Nfcn = 21
            Error matrix change = 1
            Parameters :  p0 = 0 p1 = 0 p2 = 0 p3 = 0 p4 = 0.0981522
----------> Iteration 1
            FVAL = 9.80784076326 Edm = 0.399795959377 Nfcn = 32
            Error matrix change = 0.574952
            Parameters :  p0 = -0.528515 p1 = -0.645028 p2 = -0.599386 p3 = -0.753189 p4 = -1.08221
----------> Iteration 2
            FVAL = 9.25343304253 Edm = 0.0121785596858 Nfcn = 44
            Error matrix change = 0.362542
            Parameters :  p0 = -0.12098 p1 = -0.164466 p2 = -0.14627 p3 = -0.214622 p4 = -1.38274
----------> Iteration 3
            FVAL = 9.23680773769 Edm = 4.09522558209e-05 Nfcn = 56
            Error matrix change = 0.193924
            Parameters :  p0 = -0.157179 p1 = -0.192067 p2 = -0.17829 p3 = -0.225803 p4 = -1.46184
----------> Iteration 4
            FVAL = 9.23676408519 Edm = 9.3264352e-08 Nfcn = 67
            Error matrix change = 0.110476
            Parameters :  p0 = -0.151815 p1 = -0.18869 p2 = -0.174002 p3 = -0.225032 p4 = -1.46494
----------> Iteration 5
            FVAL = 9.23676408519 Edm = 9.90069360038e-08 Nfcn = 98
            Error matrix change = 0
            Parameters :  p0 = -0.151815 p1 = -0.18869 p2 = -0.174002 p3 = -0.225032 p4 = -1.46494
Minuit2Minimizer : Valid minimum - status = 0
FVAL  = 9.23676408518858061
Edm   = 9.90069360037891362e-08
Nfcn  = 98
jerUp_unc	  = -0.151815	 +/-  0.989484	(limited)
jesUp_unc	  = -0.18869	 +/-  0.985564	(limited)
lumi	  = -0.174002	 +/-  0.987232	(limited)
pdf_unc	  = -0.225032	 +/-  0.980819	(limited)
xs_Bkg	  = -1.46494	 +/-  0.531517	(limited)
Reference signal fit
   0) jerUp_unc                      = -0.151815
   1) jesUp_unc                      =  -0.18869
   2) lumi                           = -0.174002
   3) pdf_unc                        = -0.225032
   4) xs_Bkg                         =  -1.46494

Fitting of the signal-plus-background hypothesis done in 0.00238681 s
      Evaluation of p-values done in  5.90231 s
	CLs = 0.0720721 +/- 0.0113503
      Evaluation of p-values done in  5.99035 s
	CLs = 0.0666067 +/- 0.00771419
      Evaluation of p-values done in  5.79471 s
	CLs = 0.0748951 +/- 0.0066705
      Evaluation of p-values done in  5.68292 s
	CLs = 0.0775823 +/- 0.00589065
      Evaluation of p-values done in  6.02802 s
	CLs = 0.0835443 +/- 0.00547242
	CLs      = 0.0835443 +/- 0.00547242
	CLb      = 0.553 +/- 0.00703123
	CLsplusb = 0.0462 +/- 0.00296869

Hybrid result saved as HypoTestResult_mh120_r40_1803353459 in higgsCombineTest.HybridNew.mH120.1675189029.root : higgsCombineTest.HybridNew.mH120.1675189029.root:/toys

 -- Hybrid New -- 
CLs = 0.0835443 +/- 0.00547242
Total toys: 10000
Done in 0.00 min (cpu), 0.50 min (real)
