>>> including systematics
>>> using the Profile Likelihood test statistics modified for upper limits (Q_LHC)
>>> method used to compute upper limit is HybridNew
>>> Using OpenSSL to get a really random seed 
>>> Used OpenSSL to get a really random seed 2107212114
Adding /uscms_data/d2/lpcljm/sapta/SUSYSearch/LimitSetting/CMSSW_7_1_5/src to include path
Adding /cvmfs/cms.cern.ch/slc6_amd64_gcc481/lcg/roofit/5.34.18-cms3//include to include path
Input workspace 'w': 

RooWorkspace(w) w contents

variables
---------
(jerUp_unc,jerUp_unc_In,jesUp_unc,jesUp_unc_In,lumi,lumi_In,n_obs_binbin1,pdf_unc,pdf_unc_In,r,xs_Bkg,xs_Bkg_In)

p.d.f.s
-------
SimpleGaussianConstraint::jerUp_unc_Pdf[ x=jerUp_unc mean=jerUp_unc_In sigma=1 ] = 1
SimpleGaussianConstraint::jesUp_unc_Pdf[ x=jesUp_unc mean=jesUp_unc_In sigma=1 ] = 1
SimpleGaussianConstraint::lumi_Pdf[ x=lumi mean=lumi_In sigma=1 ] = 1
RooProdPdf::modelObs_b[ pdf_binbin1_bonly ] = 0.0440795
RooProdPdf::modelObs_s[ pdf_binbin1 ] = 0.0454375
RooProdPdf::model_b[ modelObs_b * nuisancePdf ] = 0.0440795
RooProdPdf::model_s[ modelObs_s * nuisancePdf ] = 0.0454375
RooProdPdf::nuisancePdf[ lumi_Pdf * jesUp_unc_Pdf * pdf_unc_Pdf * xs_Bkg_Pdf * jerUp_unc_Pdf ] = 1
RooPoisson::pdf_binbin1[ x=n_obs_binbin1 mean=n_exp_binbin1 ] = 0.0454375
RooPoisson::pdf_binbin1_bonly[ x=n_obs_binbin1 mean=n_exp_binbin1_bonly ] = 0.0440795
SimpleGaussianConstraint::pdf_unc_Pdf[ x=pdf_unc mean=pdf_unc_In sigma=1 ] = 1
SimpleGaussianConstraint::xs_Bkg_Pdf[ x=xs_Bkg mean=xs_Bkg_In sigma=1 ] = 1

functions
--------
RooAddition::n_exp_binbin1[ n_exp_binbin1_proc_BH + n_exp_binbin1_proc_Background ] = 72.3219
RooAddition::n_exp_binbin1_bonly[ n_exp_binbin1_proc_Background ] = 71.3219
ProcessNormalization::n_exp_binbin1_proc_BH[ thetaList=(lumi,jesUp_unc,pdf_unc,jerUp_unc) asymmThetaList=() otherFactorList=(r) ] = 1
ProcessNormalization::n_exp_binbin1_proc_Background[ thetaList=(xs_Bkg) asymmThetaList=() otherFactorList=() ] = 71.3219

datasets
--------
RooDataSet::data_obs(n_obs_binbin1)

named sets
----------
ModelConfig_GlobalObservables:(lumi_In,jesUp_unc_In,pdf_unc_In,xs_Bkg_In,jerUp_unc_In)
ModelConfig_NuisParams:(lumi,jesUp_unc,pdf_unc,xs_Bkg,jerUp_unc)
ModelConfig_Observables:(n_obs_binbin1)
ModelConfig_POI:(r)
ModelConfig_bonly_GlobalObservables:(lumi_In,jesUp_unc_In,pdf_unc_In,xs_Bkg_In,jerUp_unc_In)
ModelConfig_bonly_NuisParams:(lumi,jesUp_unc,pdf_unc,xs_Bkg,jerUp_unc)
ModelConfig_bonly_Observables:(n_obs_binbin1)
ModelConfig_bonly_POI:(r)
POI:(r)
globalObservables:(lumi_In,jesUp_unc_In,pdf_unc_In,xs_Bkg_In,jerUp_unc_In)
nuisances:(lumi,jesUp_unc,pdf_unc,xs_Bkg,jerUp_unc)
observables:(n_obs_binbin1)

generic objects
---------------
RooStats::ModelConfig::ModelConfig
RooStats::ModelConfig::ModelConfig_bonly
RooArgSet::discreteParams

Workspace has a ModelConfig for signal called 'ModelConfig', with contents:

=== Using the following for ModelConfig ===
Observables:             RooArgSet:: = (n_obs_binbin1)
Parameters of Interest:  RooArgSet:: = (r)
Nuisance Parameters:     RooArgSet:: = (lumi,jesUp_unc,pdf_unc,xs_Bkg,jerUp_unc)
Global Observables:      RooArgSet:: = (lumi_In,jesUp_unc_In,pdf_unc_In,xs_Bkg_In,jerUp_unc_In)
PDF:                     RooProdPdf::model_s[ modelObs_s * nuisancePdf ] = 0.0454375

Input ModelConfig 'ModelConfig': 

=== Using the following for ModelConfig ===
Observables:             RooArgSet:: = (n_obs_binbin1)
Parameters of Interest:  RooArgSet:: = (r)
Nuisance Parameters:     RooArgSet:: = (lumi,jesUp_unc,pdf_unc,xs_Bkg,jerUp_unc)
Global Observables:      RooArgSet:: = (lumi_In,jesUp_unc_In,pdf_unc_In,xs_Bkg_In,jerUp_unc_In)
PDF:                     RooProdPdf::model_s[ modelObs_s * nuisancePdf ] = 0.0454375

[#1] INFO:ObjectHandling -- RooWorkspace::import(w) importing RooUniform::prior
Computing limit starting from observation
  1) RooRealVar:: n_obs_binbin1 = 74
Set default minimizer to Minuit2
  r = 90 +/- 0
[#1] INFO:Minization --  Including the following contraint terms in minimization: (nuisancePdf)
[#1] INFO:Fitting -- RooAddition::defaultErrorLevel(nll_model_s_data_obs_with_constr) Summation contains a RooNLLVar, using its error level
Minuit2Minimizer: Minimize with max-calls 2500 convergence for edm < 0.01 strategy 1
MnSeedGenerator: for initial parameters FCN = 7.71645
MnSeedGenerator: Initial state:   - FCN =   7.716452710308 Edm =    0.0446983 NCalls =     21
VariableMetric: start iterating until Edm is < 1e-05
VariableMetric: Initial state   - FCN =   7.716452710308 Edm =    0.0446983 NCalls =     21
VariableMetric: Iteration #   1 - FCN =   7.672200180799 Edm =  1.00132e-05 NCalls =     32
VariableMetric: Iteration #   2 - FCN =   7.672190459901 Edm =  2.09044e-09 NCalls =     43
VariableMetric: After Hessian   - FCN =   7.672190459901 Edm =  2.06475e-09 NCalls =     74
Number of iterations 4
----------> Iteration 0
            FVAL = 7.71645271031 Edm = 0.0446982876949 Nfcn = 21
            Error matrix change = 1
            Parameters :  p0 = 0 p1 = 0 p2 = 0 p3 = 0 p4 = 0
----------> Iteration 1
            FVAL = 7.6722001808 Edm = 1.0013166376e-05 Nfcn = 32
            Error matrix change = 0.500199
            Parameters :  p0 = 0 p1 = 0 p2 = 0 p3 = 0 p4 = 0.0996212
----------> Iteration 2
            FVAL = 7.6721904599 Edm = 2.09043869634e-09 Nfcn = 43
            Error matrix change = 0.250291
            Parameters :  p0 = 0 p1 = 0 p2 = 0 p3 = 0 p4 = 0.0981522
----------> Iteration 3
            FVAL = 7.6721904599 Edm = 2.06474942122e-09 Nfcn = 74
            Error matrix change = 0
            Parameters :  p0 = 0 p1 = 0 p2 = 0 p3 = 0 p4 = 0.0981522
Minuit2Minimizer : Valid minimum - status = 0
FVAL  = 7.67219045990055015
Edm   = 2.06474942122183286e-09
Nfcn  = 74
jerUp_unc	  = 0	 +/-  0.996602	(limited)
jesUp_unc	  = 0	 +/-  0.996602	(limited)
lumi	  = 0	 +/-  0.996602	(limited)
pdf_unc	  = 0	 +/-  0.996602	(limited)
xs_Bkg	  = 0.0981522	 +/-  0.328236	(limited)
Zero signal fit
   0) jerUp_unc                      =         0
   1) jesUp_unc                      =         0
   2) lumi                           =         0
   3) pdf_unc                        =         0
   4) xs_Bkg                         = 0.0981522

Fitting of the background hypothesis done in 0.281437 s
[#1] INFO:Fitting -- RooAddition::defaultErrorLevel(nll_model_s_data_obs_with_constr) Summation contains a RooNLLVar, using its error level
Minuit2Minimizer: Minimize with max-calls 2500 convergence for edm < 0.01 strategy 1
MnSeedGenerator: for initial parameters FCN = 38.6213
MnSeedGenerator: Initial state:   - FCN =   38.62134876367 Edm =      22.5459 NCalls =     21
VariableMetric: start iterating until Edm is < 1e-05
VariableMetric: Initial state   - FCN =   38.62134876367 Edm =      22.5459 NCalls =     21
VariableMetric: Iteration #   1 - FCN =   20.60342588625 Edm =      1.35253 NCalls =     33
VariableMetric: Iteration #   2 - FCN =   18.00211416588 Edm =    0.0851045 NCalls =     45
VariableMetric: Iteration #   3 - FCN =    17.8570397312 Edm =   0.00116582 NCalls =     57
VariableMetric: Iteration #   4 - FCN =   17.85563236401 Edm =  4.55246e-06 NCalls =     69
VariableMetric: After Hessian   - FCN =   17.85563236401 Edm =  5.30871e-06 NCalls =    100
Number of iterations 6
----------> Iteration 0
            FVAL = 38.6213487637 Edm = 22.5458642934 Nfcn = 21
            Error matrix change = 1
            Parameters :  p0 = 0 p1 = 0 p2 = 0 p3 = 0 p4 = 0.0981522
----------> Iteration 1
            FVAL = 20.6034258862 Edm = 1.35252862549 Nfcn = 33
            Error matrix change = 0.594952
            Parameters :  p0 = -1.41702 p1 = -1.6673 p2 = -1.573 p3 = -1.86993 p4 = -1.44404
----------> Iteration 2
            FVAL = 18.0021141659 Edm = 0.0851044512111 Nfcn = 45
            Error matrix change = 0.374761
            Parameters :  p0 = -0.671008 p1 = -0.943304 p2 = -0.830799 p3 = -1.23682 p4 = -2.4261
----------> Iteration 3
            FVAL = 17.8570397312 Edm = 0.00116582094156 Nfcn = 57
            Error matrix change = 0.218003
            Parameters :  p0 = -0.843393 p1 = -1.02537 p2 = -0.951779 p3 = -1.21948 p4 = -2.68015
----------> Iteration 4
            FVAL = 17.855632364 Edm = 4.552461817e-06 Nfcn = 69
            Error matrix change = 0.136043
            Parameters :  p0 = -0.816952 p1 = -1.01456 p2 = -0.935985 p3 = -1.20985 p4 = -2.70778
----------> Iteration 5
            FVAL = 17.855632364 Edm = 5.30871105331e-06 Nfcn = 100
            Error matrix change = 0
            Parameters :  p0 = -0.816952 p1 = -1.01456 p2 = -0.935985 p3 = -1.20985 p4 = -2.70778
Minuit2Minimizer : Valid minimum - status = 0
FVAL  = 17.8556323640075512
Edm   = 5.30871105330749145e-06
Nfcn  = 100
jerUp_unc	  = -0.816952	 +/-  0.97046	(limited)
jesUp_unc	  = -1.01456	 +/-  0.955824	(limited)
lumi	  = -0.935985	 +/-  0.962073	(limited)
pdf_unc	  = -1.20985	 +/-  0.937875	(limited)
xs_Bkg	  = -2.70778	 +/-  0.643362	(limited)
Reference signal fit
   0) jerUp_unc                      = -0.816952
   1) jesUp_unc                      =  -1.01456
   2) lumi                           = -0.935985
   3) pdf_unc                        =  -1.20985
   4) xs_Bkg                         =  -2.70778

Fitting of the signal-plus-background hypothesis done in 0.00244594 s
      Evaluation of p-values done in  6.84925 s
	CLs = 0 +/- 0
      Evaluation of p-values done in  6.29109 s
	CLs = 0 +/- 0
      Evaluation of p-values done in  6.12274 s
	CLs = 0 +/- 0
      Evaluation of p-values done in  6.30128 s
	CLs = 0 +/- 0
      Evaluation of p-values done in  6.3996 s
	CLs = 0 +/- 0
	CLs      = 0 +/- 0
	CLb      = 0.5576 +/- 0.00702399
	CLsplusb = 0 +/- 0

Hybrid result saved as HypoTestResult_mh120_r90_3999694911 in higgsCombineTest.HybridNew.mH120.2107212114.root : higgsCombineTest.HybridNew.mH120.2107212114.root:/toys

 -- Hybrid New -- 
CLs = 0 +/- 0
Total toys: 10000
Done in 0.00 min (cpu), 0.54 min (real)
