>>> including systematics
>>> using the Profile Likelihood test statistics modified for upper limits (Q_LHC)
>>> method used to compute upper limit is HybridNew
>>> Using OpenSSL to get a really random seed 
>>> Used OpenSSL to get a really random seed 662435061
Adding /uscms_data/d2/lpcljm/sapta/SUSYSearch/LimitSetting/CMSSW_7_1_5/src to include path
Adding /cvmfs/cms.cern.ch/slc6_amd64_gcc481/lcg/roofit/5.34.18-cms3//include to include path
Input workspace 'w': 

RooWorkspace(w) w contents

variables
---------
(jerUp_unc,jerUp_unc_In,jesUp_unc,jesUp_unc_In,lumi,lumi_In,n_obs_binbin1,pdf_unc,pdf_unc_In,r,xs_Bkg,xs_Bkg_In)

p.d.f.s
-------
SimpleGaussianConstraint::jerUp_unc_Pdf[ x=jerUp_unc mean=jerUp_unc_In sigma=1 ] = 1
SimpleGaussianConstraint::jesUp_unc_Pdf[ x=jesUp_unc mean=jesUp_unc_In sigma=1 ] = 1
SimpleGaussianConstraint::lumi_Pdf[ x=lumi mean=lumi_In sigma=1 ] = 1
RooProdPdf::modelObs_b[ pdf_binbin1_bonly ] = 0.0476986
RooProdPdf::modelObs_s[ pdf_binbin1 ] = 0.0570507
RooProdPdf::model_b[ modelObs_b * nuisancePdf ] = 0.0476986
RooProdPdf::model_s[ modelObs_s * nuisancePdf ] = 0.0570507
RooProdPdf::nuisancePdf[ lumi_Pdf * jesUp_unc_Pdf * pdf_unc_Pdf * xs_Bkg_Pdf * jerUp_unc_Pdf ] = 1
RooPoisson::pdf_binbin1[ x=n_obs_binbin1 mean=n_exp_binbin1 ] = 0.0570507
RooPoisson::pdf_binbin1_bonly[ x=n_obs_binbin1 mean=n_exp_binbin1_bonly ] = 0.0476986
SimpleGaussianConstraint::pdf_unc_Pdf[ x=pdf_unc mean=pdf_unc_In sigma=1 ] = 1
SimpleGaussianConstraint::xs_Bkg_Pdf[ x=xs_Bkg mean=xs_Bkg_In sigma=1 ] = 1

functions
--------
RooAddition::n_exp_binbin1[ n_exp_binbin1_proc_BH + n_exp_binbin1_proc_Background ] = 24.2517
RooAddition::n_exp_binbin1_bonly[ n_exp_binbin1_proc_Background ] = 23.2517
ProcessNormalization::n_exp_binbin1_proc_BH[ thetaList=(lumi,jesUp_unc,pdf_unc,jerUp_unc) asymmThetaList=() otherFactorList=(r) ] = 1
ProcessNormalization::n_exp_binbin1_proc_Background[ thetaList=(xs_Bkg) asymmThetaList=() otherFactorList=() ] = 23.2517

datasets
--------
RooDataSet::data_obs(n_obs_binbin1)

named sets
----------
ModelConfig_GlobalObservables:(lumi_In,jesUp_unc_In,pdf_unc_In,xs_Bkg_In,jerUp_unc_In)
ModelConfig_NuisParams:(lumi,jesUp_unc,pdf_unc,xs_Bkg,jerUp_unc)
ModelConfig_Observables:(n_obs_binbin1)
ModelConfig_POI:(r)
ModelConfig_bonly_GlobalObservables:(lumi_In,jesUp_unc_In,pdf_unc_In,xs_Bkg_In,jerUp_unc_In)
ModelConfig_bonly_NuisParams:(lumi,jesUp_unc,pdf_unc,xs_Bkg,jerUp_unc)
ModelConfig_bonly_Observables:(n_obs_binbin1)
ModelConfig_bonly_POI:(r)
POI:(r)
globalObservables:(lumi_In,jesUp_unc_In,pdf_unc_In,xs_Bkg_In,jerUp_unc_In)
nuisances:(lumi,jesUp_unc,pdf_unc,xs_Bkg,jerUp_unc)
observables:(n_obs_binbin1)

generic objects
---------------
RooStats::ModelConfig::ModelConfig
RooStats::ModelConfig::ModelConfig_bonly
RooArgSet::discreteParams

Workspace has a ModelConfig for signal called 'ModelConfig', with contents:

=== Using the following for ModelConfig ===
Observables:             RooArgSet:: = (n_obs_binbin1)
Parameters of Interest:  RooArgSet:: = (r)
Nuisance Parameters:     RooArgSet:: = (lumi,jesUp_unc,pdf_unc,xs_Bkg,jerUp_unc)
Global Observables:      RooArgSet:: = (lumi_In,jesUp_unc_In,pdf_unc_In,xs_Bkg_In,jerUp_unc_In)
PDF:                     RooProdPdf::model_s[ modelObs_s * nuisancePdf ] = 0.0570507

Input ModelConfig 'ModelConfig': 

=== Using the following for ModelConfig ===
Observables:             RooArgSet:: = (n_obs_binbin1)
Parameters of Interest:  RooArgSet:: = (r)
Nuisance Parameters:     RooArgSet:: = (lumi,jesUp_unc,pdf_unc,xs_Bkg,jerUp_unc)
Global Observables:      RooArgSet:: = (lumi_In,jesUp_unc_In,pdf_unc_In,xs_Bkg_In,jerUp_unc_In)
PDF:                     RooProdPdf::model_s[ modelObs_s * nuisancePdf ] = 0.0570507

[#1] INFO:ObjectHandling -- RooWorkspace::import(w) importing RooUniform::prior
Computing limit starting from observation
  1) RooRealVar:: n_obs_binbin1 = 28
Set default minimizer to Minuit2
  r = 9 +/- 0
[#1] INFO:Minization --  Including the following contraint terms in minimization: (nuisancePdf)
[#1] INFO:Fitting -- RooAddition::defaultErrorLevel(nll_model_s_data_obs_with_constr) Summation contains a RooNLLVar, using its error level
Minuit2Minimizer: Minimize with max-calls 2500 convergence for edm < 0.01 strategy 1
MnSeedGenerator: for initial parameters FCN = 7.63754
MnSeedGenerator: Initial state:   - FCN =   7.637544869274 Edm =     0.399148 NCalls =     21
VariableMetric: start iterating until Edm is < 1e-05
VariableMetric: Initial state   - FCN =   7.637544869274 Edm =     0.399148 NCalls =     21
VariableMetric: Iteration #   1 - FCN =   7.257585213626 Edm =   0.00210353 NCalls =     32
VariableMetric: Iteration #   2 - FCN =   7.255746299907 Edm =  2.95171e-09 NCalls =     44
VariableMetric: After Hessian   - FCN =   7.255746299907 Edm =  2.77728e-09 NCalls =     75
Number of iterations 4
----------> Iteration 0
            FVAL = 7.63754486927 Edm = 0.399147706533 Nfcn = 21
            Error matrix change = 1
            Parameters :  p0 = 0 p1 = 0 p2 = 0 p3 = 0 p4 = 0
----------> Iteration 1
            FVAL = 7.25758521363 Edm = 0.00210353381327 Nfcn = 32
            Error matrix change = 0.501436
            Parameters :  p0 = 0 p1 = 0 p2 = 0 p3 = 0 p4 = 0.37543
----------> Iteration 2
            FVAL = 7.25574629991 Edm = 2.9517135125e-09 Nfcn = 44
            Error matrix change = 0.251928
            Parameters :  p0 = 0 p1 = 0 p2 = 0 p3 = 0 p4 = 0.35162
----------> Iteration 3
            FVAL = 7.25574629991 Edm = 2.77728349749e-09 Nfcn = 75
            Error matrix change = 0
            Parameters :  p0 = 0 p1 = 0 p2 = 0 p3 = 0 p4 = 0.35162
Minuit2Minimizer : Valid minimum - status = 0
FVAL  = 7.25574629990741471
Edm   = 2.77728349749383468e-09
Nfcn  = 75
jerUp_unc	  = 0	 +/-  0.996602	(limited)
jesUp_unc	  = 0	 +/-  0.996602	(limited)
lumi	  = 0	 +/-  0.996602	(limited)
pdf_unc	  = 0	 +/-  0.996602	(limited)
xs_Bkg	  = 0.35162	 +/-  0.39347	(limited)
Zero signal fit
   0) jerUp_unc                      =         0
   1) jesUp_unc                      =         0
   2) lumi                           =         0
   3) pdf_unc                        =         0
   4) xs_Bkg                         =   0.35162

Fitting of the background hypothesis done in 0.257246 s
[#1] INFO:Fitting -- RooAddition::defaultErrorLevel(nll_model_s_data_obs_with_constr) Summation contains a RooNLLVar, using its error level
Minuit2Minimizer: Minimize with max-calls 2500 convergence for edm < 0.01 strategy 1
MnSeedGenerator: for initial parameters FCN = 8.25597
MnSeedGenerator: Initial state:   - FCN =   8.255965458824 Edm =     0.920553 NCalls =     21
VariableMetric: start iterating until Edm is < 1e-05
VariableMetric: Initial state   - FCN =   8.255965458824 Edm =     0.920553 NCalls =     21
VariableMetric: Iteration #   1 - FCN =   7.277417038093 Edm =    0.0173666 NCalls =     33
VariableMetric: Iteration #   2 - FCN =   7.256314507352 Edm =  0.000112574 NCalls =     45
VariableMetric: Iteration #   3 - FCN =   7.256185794065 Edm =  7.14278e-09 NCalls =     57
VariableMetric: After Hessian   - FCN =   7.256185794065 Edm =  7.20879e-09 NCalls =     88
Number of iterations 5
----------> Iteration 0
            FVAL = 8.25596545882 Edm = 0.920552949358 Nfcn = 21
            Error matrix change = 1
            Parameters :  p0 = 0 p1 = 0 p2 = 0 p3 = 0 p4 = 0.35162
----------> Iteration 1
            FVAL = 7.27741703809 Edm = 0.0173666390445 Nfcn = 33
            Error matrix change = 0.524744
            Parameters :  p0 = -0.0842103 p1 = -0.104426 p2 = -0.096386 p3 = -0.12424 p4 = -0.261123
----------> Iteration 2
            FVAL = 7.25631450735 Edm = 0.00011257429783 Nfcn = 45
            Error matrix change = 0.276891
            Parameters :  p0 = -0.00976486 p1 = -0.0124914 p2 = -0.01138 p3 = -0.0154058 p4 = -0.320135
----------> Iteration 3
            FVAL = 7.25618579406 Edm = 7.14277902446e-09 Nfcn = 57
            Error matrix change = 0.150846
            Parameters :  p0 = -0.0128825 p1 = -0.0159751 p2 = -0.0147449 p3 = -0.0190106 p4 = -0.327091
----------> Iteration 4
            FVAL = 7.25618579406 Edm = 7.20879052486e-09 Nfcn = 88
            Error matrix change = 0
            Parameters :  p0 = -0.0128825 p1 = -0.0159751 p2 = -0.0147449 p3 = -0.0190106 p4 = -0.327091
Minuit2Minimizer : Valid minimum - status = 0
FVAL  = 7.25618579406471831
Edm   = 7.20879052485744291e-09
Nfcn  = 88
jerUp_unc	  = -0.0128825	 +/-  0.995753	(limited)
jesUp_unc	  = -0.0159751	 +/-  0.995288	(limited)
lumi	  = -0.0147449	 +/-  0.995485	(limited)
pdf_unc	  = -0.0190106	 +/-  0.994727	(limited)
xs_Bkg	  = -0.327091	 +/-  0.515132	(limited)
Reference signal fit
   0) jerUp_unc                      = -0.0128825
   1) jesUp_unc                      = -0.0159751
   2) lumi                           = -0.0147449
   3) pdf_unc                        = -0.0190106
   4) xs_Bkg                         = -0.327091

Fitting of the signal-plus-background hypothesis done in 0.00179291 s
      Evaluation of p-values done in  5.59037 s
	CLs = 0.55988 +/- 0.0260859
      Evaluation of p-values done in  5.67837 s
	CLs = 0.539318 +/- 0.0180277
      Evaluation of p-values done in  5.4724 s
	CLs = 0.55169 +/- 0.0149186
      Evaluation of p-values done in  5.59888 s
	CLs = 0.55568 +/- 0.0129448
      Evaluation of p-values done in  5.53238 s
	CLs = 0.558195 +/- 0.0115592
	CLs      = 0.558195 +/- 0.0115592
	CLb      = 0.6736 +/- 0.00663118
	CLsplusb = 0.376 +/- 0.00685017

Hybrid result saved as HypoTestResult_mh120_r9_2588895421 in higgsCombineTest.HybridNew.mH120.662435061.root : higgsCombineTest.HybridNew.mH120.662435061.root:/toys

 -- Hybrid New -- 
CLs = 0.558195 +/- 0.0115592
Total toys: 10000
Done in 0.00 min (cpu), 0.47 min (real)
