>>> including systematics
>>> using the Profile Likelihood test statistics modified for upper limits (Q_LHC)
>>> method used to compute upper limit is HybridNew
>>> random number generator seed is 123456
Adding /uscms_data/d2/lpcljm/sapta/SUSYSearch/LimitSetting/CMSSW_7_1_5/src to include path
Adding /cvmfs/cms.cern.ch/slc6_amd64_gcc481/lcg/roofit/5.34.18-cms3//include to include path
Input workspace 'w': 

RooWorkspace(w) w contents

variables
---------
(jerUp_unc,jerUp_unc_In,jesUp_unc,jesUp_unc_In,lumi,lumi_In,n_obs_binbin1,pdf_unc,pdf_unc_In,r,xs_Bkg,xs_Bkg_In)

p.d.f.s
-------
SimpleGaussianConstraint::jerUp_unc_Pdf[ x=jerUp_unc mean=jerUp_unc_In sigma=1 ] = 1
SimpleGaussianConstraint::jesUp_unc_Pdf[ x=jesUp_unc mean=jesUp_unc_In sigma=1 ] = 1
SimpleGaussianConstraint::lumi_Pdf[ x=lumi mean=lumi_In sigma=1 ] = 1
RooProdPdf::modelObs_b[ pdf_binbin1_bonly ] = 0.114138
RooProdPdf::modelObs_s[ pdf_binbin1 ] = 0.101109
RooProdPdf::model_b[ modelObs_b * nuisancePdf ] = 0.114138
RooProdPdf::model_s[ modelObs_s * nuisancePdf ] = 0.101109
RooProdPdf::nuisancePdf[ lumi_Pdf * jesUp_unc_Pdf * pdf_unc_Pdf * xs_Bkg_Pdf * jerUp_unc_Pdf ] = 1
RooPoisson::pdf_binbin1[ x=n_obs_binbin1 mean=n_exp_binbin1 ] = 0.101109
RooPoisson::pdf_binbin1_bonly[ x=n_obs_binbin1 mean=n_exp_binbin1_bonly ] = 0.114138
SimpleGaussianConstraint::pdf_unc_Pdf[ x=pdf_unc mean=pdf_unc_In sigma=1 ] = 1
SimpleGaussianConstraint::xs_Bkg_Pdf[ x=xs_Bkg mean=xs_Bkg_In sigma=1 ] = 1

functions
--------
RooAddition::n_exp_binbin1[ n_exp_binbin1_proc_BH + n_exp_binbin1_proc_Background ] = 13.0239
RooAddition::n_exp_binbin1_bonly[ n_exp_binbin1_proc_Background ] = 12.0239
ProcessNormalization::n_exp_binbin1_proc_BH[ thetaList=(lumi,jesUp_unc,pdf_unc) asymmThetaList=() otherFactorList=(r) ] = 1
ProcessNormalization::n_exp_binbin1_proc_Background[ thetaList=(xs_Bkg,jerUp_unc) asymmThetaList=() otherFactorList=() ] = 12.0239

datasets
--------
RooDataSet::data_obs(n_obs_binbin1)

named sets
----------
ModelConfig_GlobalObservables:(lumi_In,jesUp_unc_In,pdf_unc_In,xs_Bkg_In,jerUp_unc_In)
ModelConfig_NuisParams:(lumi,jesUp_unc,pdf_unc,xs_Bkg,jerUp_unc)
ModelConfig_Observables:(n_obs_binbin1)
ModelConfig_POI:(r)
ModelConfig_bonly_GlobalObservables:(lumi_In,jesUp_unc_In,pdf_unc_In,xs_Bkg_In,jerUp_unc_In)
ModelConfig_bonly_NuisParams:(lumi,jesUp_unc,pdf_unc,xs_Bkg,jerUp_unc)
ModelConfig_bonly_Observables:(n_obs_binbin1)
ModelConfig_bonly_POI:(r)
POI:(r)
globalObservables:(lumi_In,jesUp_unc_In,pdf_unc_In,xs_Bkg_In,jerUp_unc_In)
nuisances:(lumi,jesUp_unc,pdf_unc,xs_Bkg,jerUp_unc)
observables:(n_obs_binbin1)

generic objects
---------------
RooStats::ModelConfig::ModelConfig
RooStats::ModelConfig::ModelConfig_bonly
RooArgSet::discreteParams

Workspace has a ModelConfig for signal called 'ModelConfig', with contents:

=== Using the following for ModelConfig ===
Observables:             RooArgSet:: = (n_obs_binbin1)
Parameters of Interest:  RooArgSet:: = (r)
Nuisance Parameters:     RooArgSet:: = (lumi,jesUp_unc,pdf_unc,xs_Bkg,jerUp_unc)
Global Observables:      RooArgSet:: = (lumi_In,jesUp_unc_In,pdf_unc_In,xs_Bkg_In,jerUp_unc_In)
PDF:                     RooProdPdf::model_s[ modelObs_s * nuisancePdf ] = 0.101109

Input ModelConfig 'ModelConfig': 

=== Using the following for ModelConfig ===
Observables:             RooArgSet:: = (n_obs_binbin1)
Parameters of Interest:  RooArgSet:: = (r)
Nuisance Parameters:     RooArgSet:: = (lumi,jesUp_unc,pdf_unc,xs_Bkg,jerUp_unc)
Global Observables:      RooArgSet:: = (lumi_In,jesUp_unc_In,pdf_unc_In,xs_Bkg_In,jerUp_unc_In)
PDF:                     RooProdPdf::model_s[ modelObs_s * nuisancePdf ] = 0.101109

[#1] INFO:ObjectHandling -- RooWorkspace::import(w) importing RooUniform::prior
Computing limit starting from observation
  1) RooRealVar:: n_obs_binbin1 = 11
Set default minimizer to Minuit2
Search for upper limit using pre-computed grid of p-values
  Do HypoTestResult_mh120_r25_1550232420 -> 25 --> 25
  Do HypoTestResult_mh120_r7_2254537249 -> 7 --> 7
  Do HypoTestResult_mh120_r15_3719970885 -> 15 --> 15
  Do HypoTestResult_mh120_r5_3471546633 -> 5 --> 5
  Do HypoTestResult_mh120_r11_2044804022 -> 11 --> 11
  Do HypoTestResult_mh120_r8_3846902412 -> 8 --> 8
  Do HypoTestResult_mh120_r9_782793318 -> 9 --> 9
  Do HypoTestResult_mh120_r13_2643307611 -> 13 --> 13
  Do HypoTestResult_mh120_r6_3443973362 -> 6 --> 6
  Do HypoTestResult_mh120_r19_3200417926 -> 19 --> 19
  Do HypoTestResult_mh120_r17_1858870128 -> 17 --> 17
  Do HypoTestResult_mh120_r23_1011446801 -> 23 --> 23
  Do HypoTestResult_mh120_r21_1314618192 -> 21 --> 21
GRID, as is.
  - 5  (CLs = 0.449111 +/- 0.013497)
  - 6  (CLs = 0.379125 +/- 0.0125781)
  - 7  (CLs = 0.29085 +/- 0.010933)
  - 8  (CLs = 0.224396 +/- 0.00970785)
  - 9  (CLs = 0.167273 +/- 0.00822788)
  - 11  (CLs = 0.0852433 +/- 0.00585583)
  - 13  (CLs = 0.0351578 +/- 0.00374776)
  - 15  (CLs = 0.0185874 +/- 0.00277165)
  - 17  (CLs = 0.00806452 +/- 0.00180334)
  - 19  (CLs = 0.00442122 +/- 0.00133306)
  - 21  (CLs = 0.00121408 +/- 0.000700956)
  - 23  (CLs = 0.000807103 +/- 0.00057071)
  - 25  (CLs = 0 +/- 0)
Bisecting range [0, 12]
At r = 13:
	CLs      = 0.0103093 +/- 0.00462956
	CLb      = 0.097 +/- 0.00418547
	CLsplusb = 0.001 +/- 0.00044699

    Midpoint 6 value 0.0103093 +/- 0.00462956
    Replacing Max
Bisecting range [0, 6]
At r = 8:
	CLs      = 0.0933333 +/- 0.0115141
	CLb      = 0.15 +/- 0.00504975
	CLsplusb = 0.014 +/- 0.00166157

    Midpoint 3 value 0.0933333 +/- 0.0115141
    Replacing Min
Final range [3, 6]
  Will not use point 0 (r 5)
  Will not use point 1 (r 6)
  Will not use point 2 (r 7)
   Point 3 (r 8) was already updated during search.
   Updaing point 4 (r 9)
At r = 9:
	CLs      = 0.0860215 +/- 0.0104237
	CLb      = 0.1674 +/- 0.00527972
	CLsplusb = 0.0144 +/- 0.00168479

   Updaing point 5 (r 11)
At r = 11:
	CLs      = 0.0245399 +/- 0.00553248
	CLb      = 0.163 +/- 0.00522362
	CLsplusb = 0.004 +/- 0.000892637

   Point 6 (r 13) was already updated during search.
  Will not use point 7 (r 15)
  Will not use point 8 (r 17)
  Will not use point 9 (r 19)
  Will not use point 10 (r 21)
  Will not use point 11 (r 23)
  Will not use point 12 (r 25)
  r 8.00: CLs = 0.0933 +/- 0.0115
  r 9.00: CLs = 0.0860 +/- 0.0104
  r 11.00: CLs = 0.0245 +/- 0.0055
  r 13.00: CLs = 0.0103 +/- 0.0046
 after scan x ~ 11, bounds [ 9, 13]

 -- HybridNew, before fit -- 
Limit: r < 11 +/- 2 [9, 13]

****************************************
Minimizer is Minuit2 / Migrad
Chi2                      =     0.330317
NDf                       =            1
Edm                       =  6.30217e-09
NCalls                    =           60
p0                        =         0.05                      	 (fixed)
p1                        =    -0.584449   +/-   0.100822    
p2                        =      9.90773   +/-   0.18437     
Fit to 3 points: 9.90773 +/- 0.18437

 -- Hybrid New -- 
Limit: r < 9.90773 +/- 0.18437 @ 95% CL
Total toys: 0
Done in 0.00 min (cpu), 0.01 min (real)
