>>> including systematics
>>> using the Profile Likelihood test statistics modified for upper limits (Q_LHC)
>>> method used to compute upper limit is HybridNew
>>> random number generator seed is 123456
Adding /uscms_data/d2/lpcljm/sapta/SUSYSearch/LimitSetting/CMSSW_7_1_5/src to include path
Adding /cvmfs/cms.cern.ch/slc6_amd64_gcc481/lcg/roofit/5.34.18-cms3//include to include path
Input workspace 'w': 

RooWorkspace(w) w contents

variables
---------
(jerUp_unc,jerUp_unc_In,jesUp_unc,jesUp_unc_In,lumi,lumi_In,n_obs_binbin1,pdf_unc,pdf_unc_In,r,xs_Bkg,xs_Bkg_In)

p.d.f.s
-------
SimpleGaussianConstraint::jerUp_unc_Pdf[ x=jerUp_unc mean=jerUp_unc_In sigma=1 ] = 1
SimpleGaussianConstraint::jesUp_unc_Pdf[ x=jesUp_unc mean=jesUp_unc_In sigma=1 ] = 1
SimpleGaussianConstraint::lumi_Pdf[ x=lumi mean=lumi_In sigma=1 ] = 1
RooProdPdf::modelObs_b[ pdf_binbin1_bonly ] = 0.00024372
RooProdPdf::modelObs_s[ pdf_binbin1 ] = 0.000206148
RooProdPdf::model_b[ modelObs_b * nuisancePdf ] = 0.00024372
RooProdPdf::model_s[ modelObs_s * nuisancePdf ] = 0.000206148
RooProdPdf::nuisancePdf[ lumi_Pdf * jesUp_unc_Pdf * pdf_unc_Pdf * xs_Bkg_Pdf * jerUp_unc_Pdf ] = 1
RooPoisson::pdf_binbin1[ x=n_obs_binbin1 mean=n_exp_binbin1 ] = 0.000206148
RooPoisson::pdf_binbin1_bonly[ x=n_obs_binbin1 mean=n_exp_binbin1_bonly ] = 0.00024372
SimpleGaussianConstraint::pdf_unc_Pdf[ x=pdf_unc mean=pdf_unc_In sigma=1 ] = 1
SimpleGaussianConstraint::xs_Bkg_Pdf[ x=xs_Bkg mean=xs_Bkg_In sigma=1 ] = 1

functions
--------
RooAddition::n_exp_binbin1[ n_exp_binbin1_proc_BH + n_exp_binbin1_proc_Background ] = 316.388
RooAddition::n_exp_binbin1_bonly[ n_exp_binbin1_proc_Background ] = 315.388
ProcessNormalization::n_exp_binbin1_proc_BH[ thetaList=(lumi,jesUp_unc,pdf_unc) asymmThetaList=() otherFactorList=(r) ] = 1
ProcessNormalization::n_exp_binbin1_proc_Background[ thetaList=(xs_Bkg,jerUp_unc) asymmThetaList=() otherFactorList=() ] = 315.388

datasets
--------
RooDataSet::data_obs(n_obs_binbin1)

named sets
----------
ModelConfig_GlobalObservables:(lumi_In,jesUp_unc_In,pdf_unc_In,xs_Bkg_In,jerUp_unc_In)
ModelConfig_NuisParams:(lumi,jesUp_unc,pdf_unc,xs_Bkg,jerUp_unc)
ModelConfig_Observables:(n_obs_binbin1)
ModelConfig_POI:(r)
ModelConfig_bonly_GlobalObservables:(lumi_In,jesUp_unc_In,pdf_unc_In,xs_Bkg_In,jerUp_unc_In)
ModelConfig_bonly_NuisParams:(lumi,jesUp_unc,pdf_unc,xs_Bkg,jerUp_unc)
ModelConfig_bonly_Observables:(n_obs_binbin1)
ModelConfig_bonly_POI:(r)
POI:(r)
globalObservables:(lumi_In,jesUp_unc_In,pdf_unc_In,xs_Bkg_In,jerUp_unc_In)
nuisances:(lumi,jesUp_unc,pdf_unc,xs_Bkg,jerUp_unc)
observables:(n_obs_binbin1)

generic objects
---------------
RooStats::ModelConfig::ModelConfig
RooStats::ModelConfig::ModelConfig_bonly
RooArgSet::discreteParams

Workspace has a ModelConfig for signal called 'ModelConfig', with contents:

=== Using the following for ModelConfig ===
Observables:             RooArgSet:: = (n_obs_binbin1)
Parameters of Interest:  RooArgSet:: = (r)
Nuisance Parameters:     RooArgSet:: = (lumi,jesUp_unc,pdf_unc,xs_Bkg,jerUp_unc)
Global Observables:      RooArgSet:: = (lumi_In,jesUp_unc_In,pdf_unc_In,xs_Bkg_In,jerUp_unc_In)
PDF:                     RooProdPdf::model_s[ modelObs_s * nuisancePdf ] = 0.000206148

Input ModelConfig 'ModelConfig': 

=== Using the following for ModelConfig ===
Observables:             RooArgSet:: = (n_obs_binbin1)
Parameters of Interest:  RooArgSet:: = (r)
Nuisance Parameters:     RooArgSet:: = (lumi,jesUp_unc,pdf_unc,xs_Bkg,jerUp_unc)
Global Observables:      RooArgSet:: = (lumi_In,jesUp_unc_In,pdf_unc_In,xs_Bkg_In,jerUp_unc_In)
PDF:                     RooProdPdf::model_s[ modelObs_s * nuisancePdf ] = 0.000206148

[#1] INFO:ObjectHandling -- RooWorkspace::import(w) importing RooUniform::prior
Computing limit starting from observation
  1) RooRealVar:: n_obs_binbin1 = 263
Set default minimizer to Minuit2
Search for upper limit using pre-computed grid of p-values
  Do HypoTestResult_mh120_r180_495440128 -> 180 --> 180
  Do HypoTestResult_mh120_r90_1202428890 -> 90 --> 90
  Do HypoTestResult_mh120_r240_3059825039 -> 240 --> 240
  Do HypoTestResult_mh120_r70_869703228 -> 70 --> 70
  Do HypoTestResult_mh120_r110_1117007176 -> 110 --> 110
  Do HypoTestResult_mh120_r120_1944977629 -> 120 --> 120
  Do HypoTestResult_mh120_r130_2162029303 -> 130 --> 130
  Do HypoTestResult_mh120_r210_1977078008 -> 210 --> 210
  Do HypoTestResult_mh120_r150_87596988 -> 150 --> 150
  Do HypoTestResult_mh120_r100_1220398606 -> 100 --> 100
  Do HypoTestResult_mh120_r80_3887807473 -> 80 --> 80
GRID, as is.
  - 70  (CLs = 0.272366 +/- 0.0141415)
  - 80  (CLs = 0.200385 +/- 0.0117655)
  - 90  (CLs = 0.139961 +/- 0.00982413)
  - 100  (CLs = 0.100133 +/- 0.00830898)
  - 110  (CLs = 0.0747664 +/- 0.00716983)
  - 120  (CLs = 0.0382653 +/- 0.00497514)
  - 130  (CLs = 0.0272197 +/- 0.00422192)
  - 150  (CLs = 0.0142119 +/- 0.00303817)
  - 180  (CLs = 0.001868 +/- 0.00107885)
  - 210  (CLs = 0 +/- 0)
  - 240  (CLs = 0 +/- 0)
Bisecting range [0, 10]
At r = 120:
	CLs      = 0.017284 +/- 0.00657986
	CLb      = 0.081 +/- 0.00385847
	CLsplusb = 0.0014 +/- 0.00052878

    Midpoint 5 value 0.017284 +/- 0.00657986
    Replacing Max
Bisecting range [0, 5]
At r = 90:
	CLs      = 0.0859189 +/- 0.0104108
	CLb      = 0.1676 +/- 0.00528224
	CLsplusb = 0.0144 +/- 0.00168479

    Midpoint 2 value 0.0859189 +/- 0.0104108
    Replacing Min
Final range [2, 5]
  Will not use point 0 (r 70)
  Will not use point 1 (r 80)
   Point 2 (r 90) was already updated during search.
   Updaing point 3 (r 100)
At r = 100:
	CLs      = 0.0460449 +/- 0.00748447
	CLb      = 0.1694 +/- 0.00530478
	CLsplusb = 0.0078 +/- 0.00124412

   Updaing point 4 (r 110)
At r = 110:
	CLs      = 0.0384139 +/- 0.0069885
	CLb      = 0.1614 +/- 0.00520288
	CLsplusb = 0.0062 +/- 0.0011101

   Point 5 (r 120) was already updated during search.
  Will not use point 6 (r 130)
  Will not use point 7 (r 150)
  Will not use point 8 (r 180)
  Will not use point 9 (r 210)
  Will not use point 10 (r 240)
  r 90.00: CLs = 0.0859 +/- 0.0104
  r 100.00: CLs = 0.0460 +/- 0.0075
  r 110.00: CLs = 0.0384 +/- 0.0070
  r 120.00: CLs = 0.0173 +/- 0.0066
 after scan x ~ 100, bounds [ 90, 120]

 -- HybridNew, before fit -- 
Limit: r < 100 +/- 20 [90, 120]

****************************************
Minimizer is Minuit2 / Migrad
Chi2                      =      1.61219
NDf                       =            2
Edm                       =   9.2273e-08
NCalls                    =           37
p0                        =         0.05                      	 (fixed)
p1                        =   -0.0479756   +/-   0.00933184  
p2                        =      100.649   +/-   1.81505     
Fit to 4 points: 100.649 +/- 1.81505

 -- Hybrid New -- 
Limit: r < 100.649 +/- 1.81505 @ 95% CL
Total toys: 0
Done in 0.00 min (cpu), 0.00 min (real)
