>>> including systematics
>>> using the Profile Likelihood test statistics modified for upper limits (Q_LHC)
>>> method used to compute upper limit is HybridNew
>>> random number generator seed is 123456
Adding /uscms_data/d2/lpcljm/sapta/SUSYSearch/LimitSetting/CMSSW_7_1_5/src to include path
Adding /cvmfs/cms.cern.ch/slc6_amd64_gcc481/lcg/roofit/5.34.18-cms3//include to include path
Input workspace 'w': 

RooWorkspace(w) w contents

variables
---------
(jerUp_unc,jerUp_unc_In,jesUp_unc,jesUp_unc_In,lumi,lumi_In,n_obs_binbin1,pdf_unc,pdf_unc_In,r,xs_Bkg,xs_Bkg_In)

p.d.f.s
-------
SimpleGaussianConstraint::jerUp_unc_Pdf[ x=jerUp_unc mean=jerUp_unc_In sigma=1 ] = 1
SimpleGaussianConstraint::jesUp_unc_Pdf[ x=jesUp_unc mean=jesUp_unc_In sigma=1 ] = 1
SimpleGaussianConstraint::lumi_Pdf[ x=lumi mean=lumi_In sigma=1 ] = 1
RooProdPdf::modelObs_b[ pdf_binbin1_bonly ] = 0.367871
RooProdPdf::modelObs_s[ pdf_binbin1 ] = 0.269764
RooProdPdf::model_b[ modelObs_b * nuisancePdf ] = 0.367871
RooProdPdf::model_s[ modelObs_s * nuisancePdf ] = 0.269764
RooProdPdf::nuisancePdf[ lumi_Pdf * jesUp_unc_Pdf * pdf_unc_Pdf * xs_Bkg_Pdf * jerUp_unc_Pdf ] = 1
RooPoisson::pdf_binbin1[ x=n_obs_binbin1 mean=n_exp_binbin1 ] = 0.269764
RooPoisson::pdf_binbin1_bonly[ x=n_obs_binbin1 mean=n_exp_binbin1_bonly ] = 0.367871
SimpleGaussianConstraint::pdf_unc_Pdf[ x=pdf_unc mean=pdf_unc_In sigma=1 ] = 1
SimpleGaussianConstraint::xs_Bkg_Pdf[ x=xs_Bkg mean=xs_Bkg_In sigma=1 ] = 1

functions
--------
RooAddition::n_exp_binbin1[ n_exp_binbin1_proc_BH + n_exp_binbin1_proc_Background ] = 2.0067
RooAddition::n_exp_binbin1_bonly[ n_exp_binbin1_proc_Background ] = 1.0067
ProcessNormalization::n_exp_binbin1_proc_BH[ thetaList=(lumi,jesUp_unc,pdf_unc) asymmThetaList=() otherFactorList=(r) ] = 1
ProcessNormalization::n_exp_binbin1_proc_Background[ thetaList=(xs_Bkg,jerUp_unc) asymmThetaList=() otherFactorList=() ] = 1.0067

datasets
--------
RooDataSet::data_obs(n_obs_binbin1)

named sets
----------
ModelConfig_GlobalObservables:(lumi_In,jesUp_unc_In,pdf_unc_In,xs_Bkg_In,jerUp_unc_In)
ModelConfig_NuisParams:(lumi,jesUp_unc,pdf_unc,xs_Bkg,jerUp_unc)
ModelConfig_Observables:(n_obs_binbin1)
ModelConfig_POI:(r)
ModelConfig_bonly_GlobalObservables:(lumi_In,jesUp_unc_In,pdf_unc_In,xs_Bkg_In,jerUp_unc_In)
ModelConfig_bonly_NuisParams:(lumi,jesUp_unc,pdf_unc,xs_Bkg,jerUp_unc)
ModelConfig_bonly_Observables:(n_obs_binbin1)
ModelConfig_bonly_POI:(r)
POI:(r)
globalObservables:(lumi_In,jesUp_unc_In,pdf_unc_In,xs_Bkg_In,jerUp_unc_In)
nuisances:(lumi,jesUp_unc,pdf_unc,xs_Bkg,jerUp_unc)
observables:(n_obs_binbin1)

generic objects
---------------
RooStats::ModelConfig::ModelConfig
RooStats::ModelConfig::ModelConfig_bonly
RooArgSet::discreteParams

Workspace has a ModelConfig for signal called 'ModelConfig', with contents:

=== Using the following for ModelConfig ===
Observables:             RooArgSet:: = (n_obs_binbin1)
Parameters of Interest:  RooArgSet:: = (r)
Nuisance Parameters:     RooArgSet:: = (lumi,jesUp_unc,pdf_unc,xs_Bkg,jerUp_unc)
Global Observables:      RooArgSet:: = (lumi_In,jesUp_unc_In,pdf_unc_In,xs_Bkg_In,jerUp_unc_In)
PDF:                     RooProdPdf::model_s[ modelObs_s * nuisancePdf ] = 0.269764

Input ModelConfig 'ModelConfig': 

=== Using the following for ModelConfig ===
Observables:             RooArgSet:: = (n_obs_binbin1)
Parameters of Interest:  RooArgSet:: = (r)
Nuisance Parameters:     RooArgSet:: = (lumi,jesUp_unc,pdf_unc,xs_Bkg,jerUp_unc)
Global Observables:      RooArgSet:: = (lumi_In,jesUp_unc_In,pdf_unc_In,xs_Bkg_In,jerUp_unc_In)
PDF:                     RooProdPdf::model_s[ modelObs_s * nuisancePdf ] = 0.269764

[#1] INFO:ObjectHandling -- RooWorkspace::import(w) importing RooUniform::prior
Computing limit starting from observation
  1) RooRealVar:: n_obs_binbin1 = 1
Set default minimizer to Minuit2
Search for upper limit using pre-computed grid of p-values
  Do HypoTestResult_mh120_r5_3296320665 -> 5 --> 5
  Do HypoTestResult_mh120_r4_1962532366 -> 4 --> 4
  Do HypoTestResult_mh120_r3_1705583948 -> 3 --> 3
  Do HypoTestResult_mh120_r0.75_2125563282 -> 0.75 --> 0.75
  Do HypoTestResult_mh120_r4.5_1547089976 -> 4.5 --> 4.5
  Do HypoTestResult_mh120_r7_4287964267 -> 7 --> 7
  Do HypoTestResult_mh120_r5.5_4109798698 -> 5.5 --> 5.5
  Do HypoTestResult_mh120_r10_486838719 -> 10 --> 10
  Do HypoTestResult_mh120_r2.5_4104462125 -> 2.5 --> 2.5
  Do HypoTestResult_mh120_r3.5_3191190055 -> 3.5 --> 3.5
  Do HypoTestResult_mh120_r6_2212337729 -> 6 --> 6
  Do HypoTestResult_mh120_r1.5_1882161416 -> 1.5 --> 1.5
  Do HypoTestResult_mh120_r9_2700185639 -> 9 --> 9
  Do HypoTestResult_mh120_r1_1540635011 -> 1 --> 1
  Do HypoTestResult_mh120_r2_1267233844 -> 2 --> 2
  Do HypoTestResult_mh120_r8_3832432634 -> 8 --> 8
GRID, as is.
  - 0.75  (CLs = 0.615603 +/- 0.0141809)
  - 1  (CLs = 0.523517 +/- 0.0133766)
  - 1.5  (CLs = 0.335452 +/- 0.0106383)
  - 2  (CLs = 0.234315 +/- 0.00884804)
  - 2.5  (CLs = 0.156506 +/- 0.00739798)
  - 3  (CLs = 0.0988539 +/- 0.00591585)
  - 3.5  (CLs = 0.0734918 +/- 0.00516577)
  - 4  (CLs = 0.0450288 +/- 0.00401748)
  - 4.5  (CLs = 0.0308908 +/- 0.00332519)
  - 5  (CLs = 0.0213828 +/- 0.00275689)
  - 5.5  (CLs = 0.0113758 +/- 0.00200954)
  - 6  (CLs = 0.00972973 +/- 0.00187149)
  - 7  (CLs = 0.00105522 +/- 0.000609189)
  - 8  (CLs = 0.00182083 +/- 0.000814227)
  - 9  (CLs = 0 +/- 0)
  - 10  (CLs = 0.00107681 +/- 0.00062166)
Bisecting range [0, 15]
At r = 4:
	CLs      = 0.0179487 +/- 0.00683517
	CLb      = 0.078 +/- 0.00379252
	CLsplusb = 0.0014 +/- 0.00052878

    Midpoint 7 value 0.0179487 +/- 0.00683517
    Replacing Max
Bisecting range [0, 7]
At r = 2:
	CLs      = 0.111842 +/- 0.0285148
	CLb      = 0.0304 +/- 0.002428
	CLsplusb = 0.0034 +/- 0.000823218

    Midpoint 3 value 0.111842 +/- 0.0285148
    Tightening Range
At r = 1:
	CLs      = 0.363014 +/- 0.0577605
	CLb      = 0.0292 +/- 0.00238107
	CLsplusb = 0.0106 +/- 0.00144828

        Lowpoint 1 value 0.363014 +/- 0.0577605
At r = 1.5:
	CLs      = 0.206897 +/- 0.0462113
	CLb      = 0.0232 +/- 0.00212893
	CLsplusb = 0.0048 +/- 0.000977442

        Lowpoint 2 value 0.206897 +/- 0.0462113
At r = 3:
	CLs      = 0.0347826 +/- 0.0176775
	CLb      = 0.023 +/- 0.00211995
	CLsplusb = 0.0008 +/- 0.00039984

        Highpoint 5 value 0.0347826 +/- 0.0176775
Final range [2, 7]
  Will not use point 0 (r 0.75)
  Will not use point 1 (r 1)
   Point 2 (r 1.5) was already updated during search.
   Point 3 (r 2) was already updated during search.
   Updaing point 4 (r 2.5)
At r = 2.5:
	CLs      = 0.0684932 +/- 0.0316331
	CLb      = 0.0146 +/- 0.00169628
	CLsplusb = 0.001 +/- 0.00044699

   Point 5 (r 3) was already updated during search.
   Updaing point 6 (r 3.5)
At r = 3.5:
	CLs      = 0.0308422 +/- 0.00611017
	CLb      = 0.1686 +/- 0.00529479
	CLsplusb = 0.0052 +/- 0.00101715

   Point 7 (r 4) was already updated during search.
  Will not use point 8 (r 4.5)
  Will not use point 9 (r 5)
  Will not use point 10 (r 5.5)
  Will not use point 11 (r 6)
  Will not use point 12 (r 7)
  Will not use point 13 (r 8)
  Will not use point 14 (r 9)
  Will not use point 15 (r 10)
  r 1.50: CLs = 0.2069 +/- 0.0462
  r 2.00: CLs = 0.1118 +/- 0.0285
  r 2.50: CLs = 0.0685 +/- 0.0316
  r 3.00: CLs = 0.0348 +/- 0.0177
  r 3.50: CLs = 0.0308 +/- 0.0061
  r 4.00: CLs = 0.0179 +/- 0.0068
 after scan x ~ 3, bounds [ 1.5, 4]

 -- HybridNew, before fit -- 
Limit: r < 3 +/- 1.5 [1.5, 4]

****************************************
Minimizer is Minuit2 / Migrad
Chi2                      =     0.743288
NDf                       =            4
Edm                       =  1.15381e-07
NCalls                    =           38
p0                        =         0.05                      	 (fixed)
p1                        =    -0.948496   +/-   0.132748    
p2                        =      2.91375   +/-   0.12758     
Fit to 6 points: 2.91375 +/- 0.12758

 -- Hybrid New -- 
Limit: r < 2.91375 +/- 0.12758 @ 95% CL
Total toys: 0
Done in 0.00 min (cpu), 0.00 min (real)
