>>> including systematics
>>> using the Profile Likelihood test statistics modified for upper limits (Q_LHC)
>>> method used to compute upper limit is HybridNew
>>> random number generator seed is 123456
Adding /uscms_data/d2/lpcljm/sapta/SUSYSearch/LimitSetting/CMSSW_7_1_5/src to include path
Adding /cvmfs/cms.cern.ch/slc6_amd64_gcc481/lcg/roofit/5.34.18-cms3//include to include path
Input workspace 'w': 

RooWorkspace(w) w contents

variables
---------
(jerUp_unc,jerUp_unc_In,jesUp_unc,jesUp_unc_In,lumi,lumi_In,n_obs_binbin1,pdf_unc,pdf_unc_In,r,xs_Bkg,xs_Bkg_In)

p.d.f.s
-------
SimpleGaussianConstraint::jerUp_unc_Pdf[ x=jerUp_unc mean=jerUp_unc_In sigma=1 ] = 1
SimpleGaussianConstraint::jesUp_unc_Pdf[ x=jesUp_unc mean=jesUp_unc_In sigma=1 ] = 1
SimpleGaussianConstraint::lumi_Pdf[ x=lumi mean=lumi_In sigma=1 ] = 1
RooProdPdf::modelObs_b[ pdf_binbin1_bonly ] = 0.0262734
RooProdPdf::modelObs_s[ pdf_binbin1 ] = 0.0205368
RooProdPdf::model_b[ modelObs_b * nuisancePdf ] = 0.0262734
RooProdPdf::model_s[ modelObs_s * nuisancePdf ] = 0.0205368
RooProdPdf::nuisancePdf[ lumi_Pdf * jesUp_unc_Pdf * pdf_unc_Pdf * xs_Bkg_Pdf * jerUp_unc_Pdf ] = 1
RooPoisson::pdf_binbin1[ x=n_obs_binbin1 mean=n_exp_binbin1 ] = 0.0205368
RooPoisson::pdf_binbin1_bonly[ x=n_obs_binbin1 mean=n_exp_binbin1_bonly ] = 0.0262734
SimpleGaussianConstraint::pdf_unc_Pdf[ x=pdf_unc mean=pdf_unc_In sigma=1 ] = 1
SimpleGaussianConstraint::xs_Bkg_Pdf[ x=xs_Bkg mean=xs_Bkg_In sigma=1 ] = 1

functions
--------
RooAddition::n_exp_binbin1[ n_exp_binbin1_proc_BH + n_exp_binbin1_proc_Background ] = 36.3276
RooAddition::n_exp_binbin1_bonly[ n_exp_binbin1_proc_Background ] = 35.3276
ProcessNormalization::n_exp_binbin1_proc_BH[ thetaList=(lumi,jesUp_unc,pdf_unc) asymmThetaList=() otherFactorList=(r) ] = 1
ProcessNormalization::n_exp_binbin1_proc_Background[ thetaList=(xs_Bkg,jerUp_unc) asymmThetaList=() otherFactorList=() ] = 35.3276

datasets
--------
RooDataSet::data_obs(n_obs_binbin1)

named sets
----------
ModelConfig_GlobalObservables:(lumi_In,jesUp_unc_In,pdf_unc_In,xs_Bkg_In,jerUp_unc_In)
ModelConfig_NuisParams:(lumi,jesUp_unc,pdf_unc,xs_Bkg,jerUp_unc)
ModelConfig_Observables:(n_obs_binbin1)
ModelConfig_POI:(r)
ModelConfig_bonly_GlobalObservables:(lumi_In,jesUp_unc_In,pdf_unc_In,xs_Bkg_In,jerUp_unc_In)
ModelConfig_bonly_NuisParams:(lumi,jesUp_unc,pdf_unc,xs_Bkg,jerUp_unc)
ModelConfig_bonly_Observables:(n_obs_binbin1)
ModelConfig_bonly_POI:(r)
POI:(r)
globalObservables:(lumi_In,jesUp_unc_In,pdf_unc_In,xs_Bkg_In,jerUp_unc_In)
nuisances:(lumi,jesUp_unc,pdf_unc,xs_Bkg,jerUp_unc)
observables:(n_obs_binbin1)

generic objects
---------------
RooStats::ModelConfig::ModelConfig
RooStats::ModelConfig::ModelConfig_bonly
RooArgSet::discreteParams

Workspace has a ModelConfig for signal called 'ModelConfig', with contents:

=== Using the following for ModelConfig ===
Observables:             RooArgSet:: = (n_obs_binbin1)
Parameters of Interest:  RooArgSet:: = (r)
Nuisance Parameters:     RooArgSet:: = (lumi,jesUp_unc,pdf_unc,xs_Bkg,jerUp_unc)
Global Observables:      RooArgSet:: = (lumi_In,jesUp_unc_In,pdf_unc_In,xs_Bkg_In,jerUp_unc_In)
PDF:                     RooProdPdf::model_s[ modelObs_s * nuisancePdf ] = 0.0205368

Input ModelConfig 'ModelConfig': 

=== Using the following for ModelConfig ===
Observables:             RooArgSet:: = (n_obs_binbin1)
Parameters of Interest:  RooArgSet:: = (r)
Nuisance Parameters:     RooArgSet:: = (lumi,jesUp_unc,pdf_unc,xs_Bkg,jerUp_unc)
Global Observables:      RooArgSet:: = (lumi_In,jesUp_unc_In,pdf_unc_In,xs_Bkg_In,jerUp_unc_In)
PDF:                     RooProdPdf::model_s[ modelObs_s * nuisancePdf ] = 0.0205368

[#1] INFO:ObjectHandling -- RooWorkspace::import(w) importing RooUniform::prior
Computing limit starting from observation
  1) RooRealVar:: n_obs_binbin1 = 27
Set default minimizer to Minuit2
Search for upper limit using pre-computed grid of p-values
  Do HypoTestResult_mh120_r23_1986086332 -> 23 --> 23
  Do HypoTestResult_mh120_r17_1239532942 -> 17 --> 17
  Do HypoTestResult_mh120_r21_2057376784 -> 21 --> 21
  Do HypoTestResult_mh120_r11_1579347840 -> 11 --> 11
  Do HypoTestResult_mh120_r29_2651835924 -> 29 --> 29
  Do HypoTestResult_mh120_r38_1266543509 -> 38 --> 38
  Do HypoTestResult_mh120_r42_3991635908 -> 42 --> 42
  Do HypoTestResult_mh120_r34_1889094609 -> 34 --> 34
  Do HypoTestResult_mh120_r15_3323030780 -> 15 --> 15
  Do HypoTestResult_mh120_r27_316281345 -> 27 --> 27
  Do HypoTestResult_mh120_r25_2184792992 -> 25 --> 25
  Do HypoTestResult_mh120_r13_1872967527 -> 13 --> 13
  Do HypoTestResult_mh120_r19_2046037333 -> 19 --> 19
GRID, as is.
  - 11  (CLs = 0.337915 +/- 0.0146035)
  - 13  (CLs = 0.259322 +/- 0.012554)
  - 15  (CLs = 0.212103 +/- 0.0116638)
  - 17  (CLs = 0.12064 +/- 0.00845438)
  - 19  (CLs = 0.0669248 +/- 0.00614017)
  - 21  (CLs = 0.0509131 +/- 0.00534538)
  - 23  (CLs = 0.0267176 +/- 0.00383035)
  - 25  (CLs = 0.0263447 +/- 0.00381609)
  - 27  (CLs = 0.0130208 +/- 0.0026081)
  - 29  (CLs = 0.00739958 +/- 0.0019794)
  - 34  (CLs = 0.00160858 +/- 0.000928903)
  - 38  (CLs = 0.00101112 +/- 0.000715047)
  - 42  (CLs = 0.000501002 +/- 0.000501027)
Bisecting range [0, 12]
At r = 23:
	CLs      = 0 +/- 0
	CLb      = 0.0096 +/- 0.00137897
	CLsplusb = 0 +/- 0

    Midpoint 6 value 0 +/- 0
    Replacing Max
Bisecting range [0, 6]
At r = 17:
	CLs      = 0.00625 +/- 0.00626825
	CLb      = 0.032 +/- 0.00248902
	CLsplusb = 0.0002 +/- 0.00019998

    Midpoint 3 value 0.00625 +/- 0.00626825
    Replacing Max
Final range [0, 3]
   Updaing point 0 (r 11)
At r = 11:
	CLs      = 0.180982 +/- 0.0253482
	CLb      = 0.0652 +/- 0.00349139
	CLsplusb = 0.0118 +/- 0.00152714

   Updaing point 1 (r 13)
At r = 13:
	CLs      = 0.0900901 +/- 0.02969
	CLb      = 0.0222 +/- 0.00208361
	CLsplusb = 0.002 +/- 0.000631823

   Updaing point 2 (r 15)
At r = 15:
	CLs      = 0.0988372 +/- 0.0176581
	CLb      = 0.0688 +/- 0.00357957
	CLsplusb = 0.0068 +/- 0.00116222

   Point 3 (r 17) was already updated during search.
  Will not use point 4 (r 19)
  Will not use point 5 (r 21)
  Will not use point 6 (r 23)
  Will not use point 7 (r 25)
  Will not use point 8 (r 27)
  Will not use point 9 (r 29)
  Will not use point 10 (r 34)
  Will not use point 11 (r 38)
  Will not use point 12 (r 42)
  r 11.00: CLs = 0.1810 +/- 0.0253
  r 13.00: CLs = 0.0901 +/- 0.0297
  r 15.00: CLs = 0.0988 +/- 0.0177
  r 17.00: CLs = 0.0063 +/- 0.0063
 after scan x ~ 13, bounds [ 11, 17]

 -- HybridNew, before fit -- 
Limit: r < 13 +/- 4 [11, 17]

****************************************
Minimizer is Minuit2 / Migrad
Chi2                      =      14.9465
NDf                       =            2
Edm                       =  4.07324e-06
NCalls                    =           54
p0                        =         0.05                      	 (fixed)
p1                        =     -0.39632   +/-   0.0520399   
p2                        =      14.3716   +/-   0.415339    
Fit to 4 points: 14.3716 +/- 0.415339

 -- Hybrid New -- 
Limit: r < 14.3716 +/- 0.415339 @ 95% CL
Total toys: 0
Done in 0.00 min (cpu), 0.01 min (real)
