>>> including systematics
>>> using the Profile Likelihood test statistics modified for upper limits (Q_LHC)
>>> method used to compute upper limit is HybridNew
>>> random number generator seed is 123456
Adding /uscms_data/d2/lpcljm/sapta/SUSYSearch/LimitSetting/CMSSW_7_1_5/src to include path
Adding /cvmfs/cms.cern.ch/slc6_amd64_gcc481/lcg/roofit/5.34.18-cms3//include to include path
Input workspace 'w': 

RooWorkspace(w) w contents

variables
---------
(jerUp_unc,jerUp_unc_In,jesUp_unc,jesUp_unc_In,lumi,lumi_In,n_obs_binbin1,pdf_unc,pdf_unc_In,r,xs_Bkg,xs_Bkg_In)

p.d.f.s
-------
SimpleGaussianConstraint::jerUp_unc_Pdf[ x=jerUp_unc mean=jerUp_unc_In sigma=1 ] = 1
SimpleGaussianConstraint::jesUp_unc_Pdf[ x=jesUp_unc mean=jesUp_unc_In sigma=1 ] = 1
SimpleGaussianConstraint::lumi_Pdf[ x=lumi mean=lumi_In sigma=1 ] = 1
RooProdPdf::modelObs_b[ pdf_binbin1_bonly ] = 0.218791
RooProdPdf::modelObs_s[ pdf_binbin1 ] = 0.174682
RooProdPdf::model_b[ modelObs_b * nuisancePdf ] = 0.218791
RooProdPdf::model_s[ modelObs_s * nuisancePdf ] = 0.174682
RooProdPdf::nuisancePdf[ lumi_Pdf * jesUp_unc_Pdf * pdf_unc_Pdf * xs_Bkg_Pdf * jerUp_unc_Pdf ] = 1
RooPoisson::pdf_binbin1[ x=n_obs_binbin1 mean=n_exp_binbin1 ] = 0.174682
RooPoisson::pdf_binbin1_bonly[ x=n_obs_binbin1 mean=n_exp_binbin1_bonly ] = 0.218791
SimpleGaussianConstraint::pdf_unc_Pdf[ x=pdf_unc mean=pdf_unc_In sigma=1 ] = 1
SimpleGaussianConstraint::xs_Bkg_Pdf[ x=xs_Bkg mean=xs_Bkg_In sigma=1 ] = 1

functions
--------
RooAddition::n_exp_binbin1[ n_exp_binbin1_proc_BH + n_exp_binbin1_proc_Background ] = 4.39321
RooAddition::n_exp_binbin1_bonly[ n_exp_binbin1_proc_Background ] = 3.39321
ProcessNormalization::n_exp_binbin1_proc_BH[ thetaList=(lumi,jesUp_unc,pdf_unc) asymmThetaList=() otherFactorList=(r) ] = 1
ProcessNormalization::n_exp_binbin1_proc_Background[ thetaList=(xs_Bkg,jerUp_unc) asymmThetaList=() otherFactorList=() ] = 3.39321

datasets
--------
RooDataSet::data_obs(n_obs_binbin1)

named sets
----------
ModelConfig_GlobalObservables:(lumi_In,jesUp_unc_In,pdf_unc_In,xs_Bkg_In,jerUp_unc_In)
ModelConfig_NuisParams:(lumi,jesUp_unc,pdf_unc,xs_Bkg,jerUp_unc)
ModelConfig_Observables:(n_obs_binbin1)
ModelConfig_POI:(r)
ModelConfig_bonly_GlobalObservables:(lumi_In,jesUp_unc_In,pdf_unc_In,xs_Bkg_In,jerUp_unc_In)
ModelConfig_bonly_NuisParams:(lumi,jesUp_unc,pdf_unc,xs_Bkg,jerUp_unc)
ModelConfig_bonly_Observables:(n_obs_binbin1)
ModelConfig_bonly_POI:(r)
POI:(r)
globalObservables:(lumi_In,jesUp_unc_In,pdf_unc_In,xs_Bkg_In,jerUp_unc_In)
nuisances:(lumi,jesUp_unc,pdf_unc,xs_Bkg,jerUp_unc)
observables:(n_obs_binbin1)

generic objects
---------------
RooStats::ModelConfig::ModelConfig
RooStats::ModelConfig::ModelConfig_bonly
RooArgSet::discreteParams

Workspace has a ModelConfig for signal called 'ModelConfig', with contents:

=== Using the following for ModelConfig ===
Observables:             RooArgSet:: = (n_obs_binbin1)
Parameters of Interest:  RooArgSet:: = (r)
Nuisance Parameters:     RooArgSet:: = (lumi,jesUp_unc,pdf_unc,xs_Bkg,jerUp_unc)
Global Observables:      RooArgSet:: = (lumi_In,jesUp_unc_In,pdf_unc_In,xs_Bkg_In,jerUp_unc_In)
PDF:                     RooProdPdf::model_s[ modelObs_s * nuisancePdf ] = 0.174682

Input ModelConfig 'ModelConfig': 

=== Using the following for ModelConfig ===
Observables:             RooArgSet:: = (n_obs_binbin1)
Parameters of Interest:  RooArgSet:: = (r)
Nuisance Parameters:     RooArgSet:: = (lumi,jesUp_unc,pdf_unc,xs_Bkg,jerUp_unc)
Global Observables:      RooArgSet:: = (lumi_In,jesUp_unc_In,pdf_unc_In,xs_Bkg_In,jerUp_unc_In)
PDF:                     RooProdPdf::model_s[ modelObs_s * nuisancePdf ] = 0.174682

[#1] INFO:ObjectHandling -- RooWorkspace::import(w) importing RooUniform::prior
Computing limit starting from observation
  1) RooRealVar:: n_obs_binbin1 = 3
Set default minimizer to Minuit2
Search for upper limit using pre-computed grid of p-values
  Do HypoTestResult_mh120_r5.5_3833449579 -> 5.5 --> 5.5
  Do HypoTestResult_mh120_r4.5_1902235849 -> 4.5 --> 4.5
  Do HypoTestResult_mh120_r3.5_2288089530 -> 3.5 --> 3.5
  Do HypoTestResult_mh120_r6_1050628987 -> 6 --> 6
  Do HypoTestResult_mh120_r12_1933468344 -> 12 --> 12
  Do HypoTestResult_mh120_r5_994403811 -> 5 --> 5
  Do HypoTestResult_mh120_r3_2920585858 -> 3 --> 3
  Do HypoTestResult_mh120_r8_4021116998 -> 8 --> 8
  Do HypoTestResult_mh120_r9_2298916497 -> 9 --> 9
  Do HypoTestResult_mh120_r14_3515871209 -> 14 --> 14
  Do HypoTestResult_mh120_r2_2734710986 -> 2 --> 2
  Do HypoTestResult_mh120_r7_1062272051 -> 7 --> 7
  Do HypoTestResult_mh120_r10_2812666624 -> 10 --> 10
  Do HypoTestResult_mh120_r4_4244787482 -> 4 --> 4
  Do HypoTestResult_mh120_r2.5_3392317784 -> 2.5 --> 2.5
GRID, as is.
  - 2  (CLs = 0.46305 +/- 0.0134363)
  - 2.5  (CLs = 0.388607 +/- 0.012253)
  - 3  (CLs = 0.302698 +/- 0.0108427)
  - 3.5  (CLs = 0.217909 +/- 0.00911056)
  - 4  (CLs = 0.155991 +/- 0.00762961)
  - 4.5  (CLs = 0.116543 +/- 0.00674217)
  - 5  (CLs = 0.0944206 +/- 0.00606236)
  - 5.5  (CLs = 0.0639535 +/- 0.00497368)
  - 6  (CLs = 0.0425532 +/- 0.00409336)
  - 7  (CLs = 0.0248497 +/- 0.00315599)
  - 8  (CLs = 0.0153725 +/- 0.00246129)
  - 9  (CLs = 0.00604108 +/- 0.00155983)
  - 10  (CLs = 0.00271423 +/- 0.00102584)
  - 12  (CLs = 0.0011825 +/- 0.00068271)
  - 14  (CLs = 0 +/- 0)
Bisecting range [0, 14]
At r = 5.5:
	CLs      = 0.0209581 +/- 0.00564413
	CLb      = 0.1336 +/- 0.00481147
	CLsplusb = 0.0028 +/- 0.000747283

    Midpoint 7 value 0.0209581 +/- 0.00564413
    Tightening Range
At r = 3.5:
	CLs      = 0.056338 +/- 0.0166772
	CLb      = 0.0426 +/- 0.00285605
	CLsplusb = 0.0024 +/- 0.000691988

        Lowpoint 3 value 0.056338 +/- 0.0166772
At r = 8:
	CLs      = 0.00377358 +/- 0.00377994
	CLb      = 0.053 +/- 0.00316831
	CLsplusb = 0.0002 +/- 0.00019998

        Highpoint 10 value 0.00377358 +/- 0.00377994
At r = 6:
	CLs      = 0.00561798 +/- 0.00563262
	CLb      = 0.0356 +/- 0.00262041
	CLsplusb = 0.0002 +/- 0.00019998

        Highpoint 8 value 0.00561798 +/- 0.00563262
Final range [0, 8]
   Updaing point 0 (r 2)
At r = 2:
	CLs      = 0.232787 +/- 0.0303188
	CLb      = 0.061 +/- 0.00338464
	CLsplusb = 0.0142 +/- 0.00167322

   Updaing point 1 (r 2.5)
At r = 2.5:
	CLs      = 0.191919 +/- 0.0274859
	CLb      = 0.0594 +/- 0.0033428
	CLsplusb = 0.0114 +/- 0.00150134

   Updaing point 2 (r 3)
At r = 3:
	CLs      = 0.132597 +/- 0.0201947
	CLb      = 0.0724 +/- 0.00366492
	CLsplusb = 0.0096 +/- 0.00137897

   Point 3 (r 3.5) was already updated during search.
   Updaing point 4 (r 4)
At r = 4:
	CLs      = 0.0117647 +/- 0.0118314
	CLb      = 0.017 +/- 0.00182817
	CLsplusb = 0.0002 +/- 0.00019998

   Updaing point 5 (r 4.5)
At r = 4.5:
	CLs      = 0.039604 +/- 0.0116299
	CLb      = 0.0606 +/- 0.00337424
	CLsplusb = 0.0024 +/- 0.000691988

   Updaing point 6 (r 5)
At r = 5:
	CLs      = 0.00787402 +/- 0.00790339
	CLb      = 0.0254 +/- 0.00222508
	CLsplusb = 0.0002 +/- 0.00019998

   Point 7 (r 5.5) was already updated during search.
   Point 8 (r 6) was already updated during search.
  Will not use point 9 (r 7)
  Will not use point 10 (r 8)
  Will not use point 11 (r 9)
  Will not use point 12 (r 10)
  Will not use point 13 (r 12)
  Will not use point 14 (r 14)
  r 2.00: CLs = 0.2328 +/- 0.0303
  r 2.50: CLs = 0.1919 +/- 0.0275
  r 3.00: CLs = 0.1326 +/- 0.0202
  r 3.50: CLs = 0.0563 +/- 0.0167
  r 4.00: CLs = 0.0118 +/- 0.0118
 after scan x ~ 3.5, bounds [ 3, 4]

 -- HybridNew, before fit -- 
Limit: r < 3.5 +/- 0.5 [3, 4]

****************************************
Minimizer is Minuit2 / Migrad
Chi2                      =     0.463525
NDf                       =            1
Edm                       =  1.06134e-06
NCalls                    =           48
p0                        =         0.05                      	 (fixed)
p1                        =     -2.04939   +/-   0.508672    
p2                        =      3.48358   +/-   0.112594    
Fit to 3 points: 3.48358 +/- 0.112594

 -- Hybrid New -- 
Limit: r < 3.48358 +/- 0.112594 @ 95% CL
Total toys: 0
Done in 0.00 min (cpu), 0.01 min (real)
