>>> including systematics
>>> using the Profile Likelihood test statistics modified for upper limits (Q_LHC)
>>> method used to compute upper limit is HybridNew
>>> random number generator seed is 123456
Adding /uscms_data/d2/lpcljm/sapta/SUSYSearch/LimitSetting/CMSSW_7_1_5/src to include path
Adding /cvmfs/cms.cern.ch/slc6_amd64_gcc481/lcg/roofit/5.34.18-cms3//include to include path
Input workspace 'w': 

RooWorkspace(w) w contents

variables
---------
(jerUp_unc,jerUp_unc_In,jesUp_unc,jesUp_unc_In,lumi,lumi_In,n_obs_binbin1,pdf_unc,pdf_unc_In,r,xs_Bkg,xs_Bkg_In)

p.d.f.s
-------
SimpleGaussianConstraint::jerUp_unc_Pdf[ x=jerUp_unc mean=jerUp_unc_In sigma=1 ] = 1
SimpleGaussianConstraint::jesUp_unc_Pdf[ x=jesUp_unc mean=jesUp_unc_In sigma=1 ] = 1
SimpleGaussianConstraint::lumi_Pdf[ x=lumi mean=lumi_In sigma=1 ] = 1
RooProdPdf::modelObs_b[ pdf_binbin1_bonly ] = 0.00290516
RooProdPdf::modelObs_s[ pdf_binbin1 ] = 0.0027561
RooProdPdf::model_b[ modelObs_b * nuisancePdf ] = 0.00290516
RooProdPdf::model_s[ modelObs_s * nuisancePdf ] = 0.0027561
RooProdPdf::nuisancePdf[ lumi_Pdf * jesUp_unc_Pdf * pdf_unc_Pdf * xs_Bkg_Pdf * jerUp_unc_Pdf ] = 1
RooPoisson::pdf_binbin1[ x=n_obs_binbin1 mean=n_exp_binbin1 ] = 0.0027561
RooPoisson::pdf_binbin1_bonly[ x=n_obs_binbin1 mean=n_exp_binbin1_bonly ] = 0.00290516
SimpleGaussianConstraint::pdf_unc_Pdf[ x=pdf_unc mean=pdf_unc_In sigma=1 ] = 1
SimpleGaussianConstraint::xs_Bkg_Pdf[ x=xs_Bkg mean=xs_Bkg_In sigma=1 ] = 1

functions
--------
RooAddition::n_exp_binbin1[ n_exp_binbin1_proc_BH + n_exp_binbin1_proc_Background ] = 1058.21
RooAddition::n_exp_binbin1_bonly[ n_exp_binbin1_proc_Background ] = 1057.21
ProcessNormalization::n_exp_binbin1_proc_BH[ thetaList=(lumi,jesUp_unc,pdf_unc) asymmThetaList=() otherFactorList=(r) ] = 1
ProcessNormalization::n_exp_binbin1_proc_Background[ thetaList=(xs_Bkg,jerUp_unc) asymmThetaList=() otherFactorList=() ] = 1057.21

datasets
--------
RooDataSet::data_obs(n_obs_binbin1)

named sets
----------
ModelConfig_GlobalObservables:(lumi_In,jesUp_unc_In,pdf_unc_In,xs_Bkg_In,jerUp_unc_In)
ModelConfig_NuisParams:(lumi,jesUp_unc,pdf_unc,xs_Bkg,jerUp_unc)
ModelConfig_Observables:(n_obs_binbin1)
ModelConfig_POI:(r)
ModelConfig_bonly_GlobalObservables:(lumi_In,jesUp_unc_In,pdf_unc_In,xs_Bkg_In,jerUp_unc_In)
ModelConfig_bonly_NuisParams:(lumi,jesUp_unc,pdf_unc,xs_Bkg,jerUp_unc)
ModelConfig_bonly_Observables:(n_obs_binbin1)
ModelConfig_bonly_POI:(r)
POI:(r)
globalObservables:(lumi_In,jesUp_unc_In,pdf_unc_In,xs_Bkg_In,jerUp_unc_In)
nuisances:(lumi,jesUp_unc,pdf_unc,xs_Bkg,jerUp_unc)
observables:(n_obs_binbin1)

generic objects
---------------
RooStats::ModelConfig::ModelConfig
RooStats::ModelConfig::ModelConfig_bonly
RooArgSet::discreteParams

Workspace has a ModelConfig for signal called 'ModelConfig', with contents:

=== Using the following for ModelConfig ===
Observables:             RooArgSet:: = (n_obs_binbin1)
Parameters of Interest:  RooArgSet:: = (r)
Nuisance Parameters:     RooArgSet:: = (lumi,jesUp_unc,pdf_unc,xs_Bkg,jerUp_unc)
Global Observables:      RooArgSet:: = (lumi_In,jesUp_unc_In,pdf_unc_In,xs_Bkg_In,jerUp_unc_In)
PDF:                     RooProdPdf::model_s[ modelObs_s * nuisancePdf ] = 0.0027561

Input ModelConfig 'ModelConfig': 

=== Using the following for ModelConfig ===
Observables:             RooArgSet:: = (n_obs_binbin1)
Parameters of Interest:  RooArgSet:: = (r)
Nuisance Parameters:     RooArgSet:: = (lumi,jesUp_unc,pdf_unc,xs_Bkg,jerUp_unc)
Global Observables:      RooArgSet:: = (lumi_In,jesUp_unc_In,pdf_unc_In,xs_Bkg_In,jerUp_unc_In)
PDF:                     RooProdPdf::model_s[ modelObs_s * nuisancePdf ] = 0.0027561

[#1] INFO:ObjectHandling -- RooWorkspace::import(w) importing RooUniform::prior
Computing limit starting from observation
  1) RooRealVar:: n_obs_binbin1 = 1002
Set default minimizer to Minuit2
Search for upper limit using pre-computed grid of p-values
  Do HypoTestResult_mh120_r210_3693469755 -> 210 --> 210
  Do HypoTestResult_mh120_r310_3593580149 -> 310 --> 310
  Do HypoTestResult_mh120_r450_4149377686 -> 450 --> 450
  Do HypoTestResult_mh120_r275_1710078686 -> 275 --> 275
  Do HypoTestResult_mh120_r250_1949393401 -> 250 --> 250
  Do HypoTestResult_mh120_r700_1306123253 -> 700 --> 700
  Do HypoTestResult_mh120_r650_3673284109 -> 650 --> 650
  Do HypoTestResult_mh120_r500_1881985694 -> 500 --> 500
  Do HypoTestResult_mh120_r400_2077900266 -> 400 --> 400
  Do HypoTestResult_mh120_r550_2021691866 -> 550 --> 550
  Do HypoTestResult_mh120_r600_2799704836 -> 600 --> 600
  Do HypoTestResult_mh120_r350_3386678764 -> 350 --> 350
GRID, as is.
  - 210  (CLs = 0.258993 +/- 0.0113823)
  - 250  (CLs = 0.184729 +/- 0.0097036)
  - 275  (CLs = 0.131667 +/- 0.00804161)
  - 310  (CLs = 0.0978953 +/- 0.0069839)
  - 350  (CLs = 0.0526829 +/- 0.0050934)
  - 400  (CLs = 0.0196906 +/- 0.00304271)
  - 450  (CLs = 0.00835381 +/- 0.00202767)
  - 500  (CLs = 0.00465116 +/- 0.00147131)
  - 550  (CLs = 0 +/- 0)
  - 600  (CLs = 0 +/- 0)
  - 650  (CLs = 0 +/- 0)
  - 700  (CLs = 0 +/- 0)
Bisecting range [0, 11]
At r = 400:
	CLs      = 0.0296356 +/- 0.00344513
	CLb      = 0.4994 +/- 0.00707106
	CLsplusb = 0.0148 +/- 0.00170769

    Midpoint 5 value 0.0296356 +/- 0.00344513
    Tightening Range
At r = 275:
	CLs      = 0.175481 +/- 0.00838597
	CLb      = 0.4992 +/- 0.00707106
	CLsplusb = 0.0876 +/- 0.00399816

        Lowpoint 2 value 0.175481 +/- 0.00838597
At r = 310:
	CLs      = 0.130729 +/- 0.00721662
	CLb      = 0.5018 +/- 0.00707102
	CLsplusb = 0.0656 +/- 0.00350133

        Lowpoint 3 value 0.130729 +/- 0.00721662
At r = 350:
	CLs      = 0.071686 +/- 0.0053583
	CLb      = 0.4994 +/- 0.00707106
	CLsplusb = 0.0358 +/- 0.00262748

        Lowpoint 4 value 0.071686 +/- 0.0053583
At r = 550:
	CLs      = 0.000752445 +/- 0.000532047
	CLb      = 0.5316 +/- 0.00705693
	CLsplusb = 0.0004 +/- 0.000282786

        Highpoint 8 value 0.000752445 +/- 0.000532047
At r = 450:
	CLs      = 0.0145337 +/- 0.00242245
	CLb      = 0.4954 +/- 0.00707077
	CLsplusb = 0.0072 +/- 0.00119567

        Highpoint 6 value 0.0145337 +/- 0.00242245
Final range [3, 6]
  Will not use point 0 (r 210)
  Will not use point 1 (r 250)
  Will not use point 2 (r 275)
   Point 3 (r 310) was already updated during search.
   Point 4 (r 350) was already updated during search.
   Point 5 (r 400) was already updated during search.
   Point 6 (r 450) was already updated during search.
  Will not use point 7 (r 500)
  Will not use point 8 (r 550)
  Will not use point 9 (r 600)
  Will not use point 10 (r 650)
  Will not use point 11 (r 700)
  r 310.00: CLs = 0.1307 +/- 0.0072
  r 350.00: CLs = 0.0717 +/- 0.0054
  r 400.00: CLs = 0.0296 +/- 0.0034
  r 450.00: CLs = 0.0145 +/- 0.0024
 after scan x ~ 400, bounds [ 310, 450]

 -- HybridNew, before fit -- 
Limit: r < 400 +/- 90 [310, 450]

****************************************
Minimizer is Minuit2 / Migrad
Chi2                      =     0.444837
NDf                       =            2
Edm                       =  5.11082e-06
NCalls                    =           55
p0                        =         0.05                      	 (fixed)
p1                        =   -0.0159834   +/-   0.000989311 
p2                        =      370.574   +/-   3.13111     
Fit to 4 points: 370.574 +/- 3.13111

 -- Hybrid New -- 
Limit: r < 370.574 +/- 3.13111 @ 95% CL
Total toys: 0
Done in 0.00 min (cpu), 0.01 min (real)
