>>> including systematics
>>> using the Profile Likelihood test statistics modified for upper limits (Q_LHC)
>>> method used to compute upper limit is HybridNew
>>> random number generator seed is 123456
Adding /uscms_data/d2/lpcljm/sapta/SUSYSearch/LimitSetting/CMSSW_7_1_5/src to include path
Adding /cvmfs/cms.cern.ch/slc6_amd64_gcc481/lcg/roofit/5.34.18-cms3//include to include path
Input workspace 'w': 

RooWorkspace(w) w contents

variables
---------
(jerUp_unc,jerUp_unc_In,jesUp_unc,jesUp_unc_In,lumi,lumi_In,n_obs_binbin1,pdf_unc,pdf_unc_In,r,xs_Bkg,xs_Bkg_In)

p.d.f.s
-------
SimpleGaussianConstraint::jerUp_unc_Pdf[ x=jerUp_unc mean=jerUp_unc_In sigma=1 ] = 1
SimpleGaussianConstraint::jesUp_unc_Pdf[ x=jesUp_unc mean=jesUp_unc_In sigma=1 ] = 1
SimpleGaussianConstraint::lumi_Pdf[ x=lumi mean=lumi_In sigma=1 ] = 1
RooProdPdf::modelObs_b[ pdf_binbin1_bonly ] = 0.0262734
RooProdPdf::modelObs_s[ pdf_binbin1 ] = 0.0205368
RooProdPdf::model_b[ modelObs_b * nuisancePdf ] = 0.0262734
RooProdPdf::model_s[ modelObs_s * nuisancePdf ] = 0.0205368
RooProdPdf::nuisancePdf[ lumi_Pdf * jesUp_unc_Pdf * pdf_unc_Pdf * xs_Bkg_Pdf * jerUp_unc_Pdf ] = 1
RooPoisson::pdf_binbin1[ x=n_obs_binbin1 mean=n_exp_binbin1 ] = 0.0205368
RooPoisson::pdf_binbin1_bonly[ x=n_obs_binbin1 mean=n_exp_binbin1_bonly ] = 0.0262734
SimpleGaussianConstraint::pdf_unc_Pdf[ x=pdf_unc mean=pdf_unc_In sigma=1 ] = 1
SimpleGaussianConstraint::xs_Bkg_Pdf[ x=xs_Bkg mean=xs_Bkg_In sigma=1 ] = 1

functions
--------
RooAddition::n_exp_binbin1[ n_exp_binbin1_proc_BH + n_exp_binbin1_proc_Background ] = 36.3276
RooAddition::n_exp_binbin1_bonly[ n_exp_binbin1_proc_Background ] = 35.3276
ProcessNormalization::n_exp_binbin1_proc_BH[ thetaList=(lumi,jesUp_unc,pdf_unc) asymmThetaList=() otherFactorList=(r) ] = 1
ProcessNormalization::n_exp_binbin1_proc_Background[ thetaList=(xs_Bkg,jerUp_unc) asymmThetaList=() otherFactorList=() ] = 35.3276

datasets
--------
RooDataSet::data_obs(n_obs_binbin1)

named sets
----------
ModelConfig_GlobalObservables:(lumi_In,jesUp_unc_In,pdf_unc_In,xs_Bkg_In,jerUp_unc_In)
ModelConfig_NuisParams:(lumi,jesUp_unc,pdf_unc,xs_Bkg,jerUp_unc)
ModelConfig_Observables:(n_obs_binbin1)
ModelConfig_POI:(r)
ModelConfig_bonly_GlobalObservables:(lumi_In,jesUp_unc_In,pdf_unc_In,xs_Bkg_In,jerUp_unc_In)
ModelConfig_bonly_NuisParams:(lumi,jesUp_unc,pdf_unc,xs_Bkg,jerUp_unc)
ModelConfig_bonly_Observables:(n_obs_binbin1)
ModelConfig_bonly_POI:(r)
POI:(r)
globalObservables:(lumi_In,jesUp_unc_In,pdf_unc_In,xs_Bkg_In,jerUp_unc_In)
nuisances:(lumi,jesUp_unc,pdf_unc,xs_Bkg,jerUp_unc)
observables:(n_obs_binbin1)

generic objects
---------------
RooStats::ModelConfig::ModelConfig
RooStats::ModelConfig::ModelConfig_bonly
RooArgSet::discreteParams

Workspace has a ModelConfig for signal called 'ModelConfig', with contents:

=== Using the following for ModelConfig ===
Observables:             RooArgSet:: = (n_obs_binbin1)
Parameters of Interest:  RooArgSet:: = (r)
Nuisance Parameters:     RooArgSet:: = (lumi,jesUp_unc,pdf_unc,xs_Bkg,jerUp_unc)
Global Observables:      RooArgSet:: = (lumi_In,jesUp_unc_In,pdf_unc_In,xs_Bkg_In,jerUp_unc_In)
PDF:                     RooProdPdf::model_s[ modelObs_s * nuisancePdf ] = 0.0205368

Input ModelConfig 'ModelConfig': 

=== Using the following for ModelConfig ===
Observables:             RooArgSet:: = (n_obs_binbin1)
Parameters of Interest:  RooArgSet:: = (r)
Nuisance Parameters:     RooArgSet:: = (lumi,jesUp_unc,pdf_unc,xs_Bkg,jerUp_unc)
Global Observables:      RooArgSet:: = (lumi_In,jesUp_unc_In,pdf_unc_In,xs_Bkg_In,jerUp_unc_In)
PDF:                     RooProdPdf::model_s[ modelObs_s * nuisancePdf ] = 0.0205368

[#1] INFO:ObjectHandling -- RooWorkspace::import(w) importing RooUniform::prior
Computing limit starting from observation
  1) RooRealVar:: n_obs_binbin1 = 27
Set default minimizer to Minuit2
Search for upper limit using pre-computed grid of p-values
  Do HypoTestResult_mh120_r23_1986086332 -> 23 --> 23
  Do HypoTestResult_mh120_r17_1239532942 -> 17 --> 17
  Do HypoTestResult_mh120_r21_2057376784 -> 21 --> 21
  Do HypoTestResult_mh120_r11_1579347840 -> 11 --> 11
  Do HypoTestResult_mh120_r29_2651835924 -> 29 --> 29
  Do HypoTestResult_mh120_r38_1266543509 -> 38 --> 38
  Do HypoTestResult_mh120_r42_3991635908 -> 42 --> 42
  Do HypoTestResult_mh120_r34_1889094609 -> 34 --> 34
  Do HypoTestResult_mh120_r15_3323030780 -> 15 --> 15
  Do HypoTestResult_mh120_r27_316281345 -> 27 --> 27
  Do HypoTestResult_mh120_r25_2184792992 -> 25 --> 25
  Do HypoTestResult_mh120_r13_1872967527 -> 13 --> 13
  Do HypoTestResult_mh120_r19_2046037333 -> 19 --> 19
GRID, as is.
  - 11  (CLs = 0.337915 +/- 0.0146035)
  - 13  (CLs = 0.259322 +/- 0.012554)
  - 15  (CLs = 0.212103 +/- 0.0116638)
  - 17  (CLs = 0.12064 +/- 0.00845438)
  - 19  (CLs = 0.0669248 +/- 0.00614017)
  - 21  (CLs = 0.0509131 +/- 0.00534538)
  - 23  (CLs = 0.0267176 +/- 0.00383035)
  - 25  (CLs = 0.0263447 +/- 0.00381609)
  - 27  (CLs = 0.0130208 +/- 0.0026081)
  - 29  (CLs = 0.00739958 +/- 0.0019794)
  - 34  (CLs = 0.00160858 +/- 0.000928903)
  - 38  (CLs = 0.00101112 +/- 0.000715047)
  - 42  (CLs = 0.000501002 +/- 0.000501027)
Bisecting range [0, 12]
At r = 23:
	CLs      = 0.205 +/- 0.00648116
	CLb      = 0.84 +/- 0.00518459
	CLsplusb = 0.1722 +/- 0.00533942

    Midpoint 6 value 0.205 +/- 0.00648116
    Replacing Min
Bisecting range [6, 12]
At r = 29:
	CLs      = 0.0663812 +/- 0.00388324
	CLb      = 0.8406 +/- 0.00517671
	CLsplusb = 0.0558 +/- 0.00324612

    Midpoint 9 value 0.0663812 +/- 0.00388324
    Tightening Range
At r = 25:
	CLs      = 0.155826 +/- 0.005762
	CLb      = 0.8394 +/- 0.00519245
	CLsplusb = 0.1308 +/- 0.00476847

        Lowpoint 7 value 0.155826 +/- 0.005762
At r = 27:
	CLs      = 0.102454 +/- 0.00476588
	CLb      = 0.8394 +/- 0.00519245
	CLsplusb = 0.086 +/- 0.00396495

        Lowpoint 8 value 0.102454 +/- 0.00476588
At r = 34:
	CLs      = 0.0213777 +/- 0.00223687
	CLb      = 0.842 +/- 0.00515822
	CLsplusb = 0.018 +/- 0.00188021

        Highpoint 10 value 0.0213777 +/- 0.00223687
Final range [8, 12]
  Will not use point 0 (r 11)
  Will not use point 1 (r 13)
  Will not use point 2 (r 15)
  Will not use point 3 (r 17)
  Will not use point 4 (r 19)
  Will not use point 5 (r 21)
  Will not use point 6 (r 23)
  Will not use point 7 (r 25)
   Point 8 (r 27) was already updated during search.
   Point 9 (r 29) was already updated during search.
   Point 10 (r 34) was already updated during search.
   Updaing point 11 (r 38)
At r = 38:
	CLs      = 0.011236 +/- 0.00163272
	CLb      = 0.8366 +/- 0.00522877
	CLsplusb = 0.0094 +/- 0.00136467

   Updaing point 12 (r 42)
At r = 42:
	CLs      = 0.00262781 +/- 0.000791611
	CLb      = 0.8372 +/- 0.00522104
	CLsplusb = 0.0022 +/- 0.000662595

  r 27.00: CLs = 0.1025 +/- 0.0048
  r 29.00: CLs = 0.0664 +/- 0.0039
  r 34.00: CLs = 0.0214 +/- 0.0022
  r 38.00: CLs = 0.0112 +/- 0.0016
 after scan x ~ 29, bounds [ 27, 38]

 -- HybridNew, before fit -- 
Limit: r < 29 +/- 9 [27, 38]

****************************************
Minimizer is Minuit2 / Migrad
Chi2                      =      1.28614
NDf                       =            2
Edm                       =  1.76274e-08
NCalls                    =           47
p0                        =         0.05                      	 (fixed)
p1                        =    -0.212017   +/-   0.0117803   
p2                        =      30.3484   +/-   0.176184    
Fit to 4 points: 30.3484 +/- 0.176184

 -- Hybrid New -- 
Limit: r < 30.3484 +/- 0.176184 @ 95% CL
Total toys: 0
Done in 0.00 min (cpu), 0.01 min (real)
