>>> including systematics
>>> using the Profile Likelihood test statistics modified for upper limits (Q_LHC)
>>> method used to compute upper limit is HybridNew
>>> random number generator seed is 123456
Adding /uscms_data/d2/lpcljm/sapta/SUSYSearch/LimitSetting/CMSSW_7_1_5/src to include path
Adding /cvmfs/cms.cern.ch/slc6_amd64_gcc481/lcg/roofit/5.34.18-cms3//include to include path
Input workspace 'w': 

RooWorkspace(w) w contents

variables
---------
(jerUp_unc,jerUp_unc_In,jesUp_unc,jesUp_unc_In,lumi,lumi_In,n_obs_binbin1,pdf_unc,pdf_unc_In,r,xs_Bkg,xs_Bkg_In)

p.d.f.s
-------
SimpleGaussianConstraint::jerUp_unc_Pdf[ x=jerUp_unc mean=jerUp_unc_In sigma=1 ] = 1
SimpleGaussianConstraint::jesUp_unc_Pdf[ x=jesUp_unc mean=jesUp_unc_In sigma=1 ] = 1
SimpleGaussianConstraint::lumi_Pdf[ x=lumi mean=lumi_In sigma=1 ] = 1
RooProdPdf::modelObs_b[ pdf_binbin1_bonly ] = 0.00024372
RooProdPdf::modelObs_s[ pdf_binbin1 ] = 0.000206148
RooProdPdf::model_b[ modelObs_b * nuisancePdf ] = 0.00024372
RooProdPdf::model_s[ modelObs_s * nuisancePdf ] = 0.000206148
RooProdPdf::nuisancePdf[ lumi_Pdf * jesUp_unc_Pdf * pdf_unc_Pdf * xs_Bkg_Pdf * jerUp_unc_Pdf ] = 1
RooPoisson::pdf_binbin1[ x=n_obs_binbin1 mean=n_exp_binbin1 ] = 0.000206148
RooPoisson::pdf_binbin1_bonly[ x=n_obs_binbin1 mean=n_exp_binbin1_bonly ] = 0.00024372
SimpleGaussianConstraint::pdf_unc_Pdf[ x=pdf_unc mean=pdf_unc_In sigma=1 ] = 1
SimpleGaussianConstraint::xs_Bkg_Pdf[ x=xs_Bkg mean=xs_Bkg_In sigma=1 ] = 1

functions
--------
RooAddition::n_exp_binbin1[ n_exp_binbin1_proc_BH + n_exp_binbin1_proc_Background ] = 316.388
RooAddition::n_exp_binbin1_bonly[ n_exp_binbin1_proc_Background ] = 315.388
ProcessNormalization::n_exp_binbin1_proc_BH[ thetaList=(lumi,jesUp_unc,pdf_unc) asymmThetaList=() otherFactorList=(r) ] = 1
ProcessNormalization::n_exp_binbin1_proc_Background[ thetaList=(xs_Bkg,jerUp_unc) asymmThetaList=() otherFactorList=() ] = 315.388

datasets
--------
RooDataSet::data_obs(n_obs_binbin1)

named sets
----------
ModelConfig_GlobalObservables:(lumi_In,jesUp_unc_In,pdf_unc_In,xs_Bkg_In,jerUp_unc_In)
ModelConfig_NuisParams:(lumi,jesUp_unc,pdf_unc,xs_Bkg,jerUp_unc)
ModelConfig_Observables:(n_obs_binbin1)
ModelConfig_POI:(r)
ModelConfig_bonly_GlobalObservables:(lumi_In,jesUp_unc_In,pdf_unc_In,xs_Bkg_In,jerUp_unc_In)
ModelConfig_bonly_NuisParams:(lumi,jesUp_unc,pdf_unc,xs_Bkg,jerUp_unc)
ModelConfig_bonly_Observables:(n_obs_binbin1)
ModelConfig_bonly_POI:(r)
POI:(r)
globalObservables:(lumi_In,jesUp_unc_In,pdf_unc_In,xs_Bkg_In,jerUp_unc_In)
nuisances:(lumi,jesUp_unc,pdf_unc,xs_Bkg,jerUp_unc)
observables:(n_obs_binbin1)

generic objects
---------------
RooStats::ModelConfig::ModelConfig
RooStats::ModelConfig::ModelConfig_bonly
RooArgSet::discreteParams

Workspace has a ModelConfig for signal called 'ModelConfig', with contents:

=== Using the following for ModelConfig ===
Observables:             RooArgSet:: = (n_obs_binbin1)
Parameters of Interest:  RooArgSet:: = (r)
Nuisance Parameters:     RooArgSet:: = (lumi,jesUp_unc,pdf_unc,xs_Bkg,jerUp_unc)
Global Observables:      RooArgSet:: = (lumi_In,jesUp_unc_In,pdf_unc_In,xs_Bkg_In,jerUp_unc_In)
PDF:                     RooProdPdf::model_s[ modelObs_s * nuisancePdf ] = 0.000206148

Input ModelConfig 'ModelConfig': 

=== Using the following for ModelConfig ===
Observables:             RooArgSet:: = (n_obs_binbin1)
Parameters of Interest:  RooArgSet:: = (r)
Nuisance Parameters:     RooArgSet:: = (lumi,jesUp_unc,pdf_unc,xs_Bkg,jerUp_unc)
Global Observables:      RooArgSet:: = (lumi_In,jesUp_unc_In,pdf_unc_In,xs_Bkg_In,jerUp_unc_In)
PDF:                     RooProdPdf::model_s[ modelObs_s * nuisancePdf ] = 0.000206148

[#1] INFO:ObjectHandling -- RooWorkspace::import(w) importing RooUniform::prior
Computing limit starting from observation
  1) RooRealVar:: n_obs_binbin1 = 263
Set default minimizer to Minuit2
Search for upper limit using pre-computed grid of p-values
  Do HypoTestResult_mh120_r180_495440128 -> 180 --> 180
  Do HypoTestResult_mh120_r90_1202428890 -> 90 --> 90
  Do HypoTestResult_mh120_r240_3059825039 -> 240 --> 240
  Do HypoTestResult_mh120_r70_869703228 -> 70 --> 70
  Do HypoTestResult_mh120_r110_1117007176 -> 110 --> 110
  Do HypoTestResult_mh120_r120_1944977629 -> 120 --> 120
  Do HypoTestResult_mh120_r130_2162029303 -> 130 --> 130
  Do HypoTestResult_mh120_r210_1977078008 -> 210 --> 210
  Do HypoTestResult_mh120_r150_87596988 -> 150 --> 150
  Do HypoTestResult_mh120_r100_1220398606 -> 100 --> 100
  Do HypoTestResult_mh120_r80_3887807473 -> 80 --> 80
GRID, as is.
  - 70  (CLs = 0.272366 +/- 0.0141415)
  - 80  (CLs = 0.200385 +/- 0.0117655)
  - 90  (CLs = 0.139961 +/- 0.00982413)
  - 100  (CLs = 0.100133 +/- 0.00830898)
  - 110  (CLs = 0.0747664 +/- 0.00716983)
  - 120  (CLs = 0.0382653 +/- 0.00497514)
  - 130  (CLs = 0.0272197 +/- 0.00422192)
  - 150  (CLs = 0.0142119 +/- 0.00303817)
  - 180  (CLs = 0.001868 +/- 0.00107885)
  - 210  (CLs = 0 +/- 0)
  - 240  (CLs = 0 +/- 0)
Bisecting range [0, 10]
At r = 120:
	CLs      = 0.538655 +/- 0.00758845
	CLb      = 0.9546 +/- 0.00294411
	CLsplusb = 0.5142 +/- 0.00706822

    Midpoint 5 value 0.538655 +/- 0.00758845
    Replacing Min
Bisecting range [5, 10]
At r = 150:
	CLs      = 0.399385 +/- 0.00713032
	CLb      = 0.975 +/- 0.00220794
	CLsplusb = 0.3894 +/- 0.00689591

    Midpoint 7 value 0.399385 +/- 0.00713032
    Replacing Min
Final range [7, 10]
  Will not use point 0 (r 70)
  Will not use point 1 (r 80)
  Will not use point 2 (r 90)
  Will not use point 3 (r 100)
  Will not use point 4 (r 110)
  Will not use point 5 (r 120)
  Will not use point 6 (r 130)
   Point 7 (r 150) was already updated during search.
   Updaing point 8 (r 180)
At r = 180:
	CLs      = 0.192821 +/- 0.00568398
	CLb      = 0.975 +/- 0.00220794
	CLsplusb = 0.188 +/- 0.0055255

   Updaing point 9 (r 210)
At r = 210:
	CLs      = 0.0906667 +/- 0.00412266
	CLb      = 0.975 +/- 0.00220794
	CLsplusb = 0.0884 +/- 0.00401461

   Updaing point 10 (r 240)
At r = 240:
	CLs      = 0.0155674 +/- 0.00177241
	CLb      = 0.9764 +/- 0.00214677
	CLsplusb = 0.0152 +/- 0.00173026

  r 150.00: CLs = 0.3994 +/- 0.0071
  r 180.00: CLs = 0.1928 +/- 0.0057
  r 210.00: CLs = 0.0907 +/- 0.0041
  r 240.00: CLs = 0.0156 +/- 0.0018
 after scan x ~ 240, bounds [ 210, 240]

 -- HybridNew, before fit -- 
Limit: r < 240 +/- 30 [210, 240]

****************************************
Minimizer is Minuit2 / Migrad
Chi2                      =  1.21934e-05
NDf                       =            0
Edm                       =  1.21956e-05
NCalls                    =           74
p0                        =         0.05                      	 (fixed)
p1                        =   -0.0587237   +/-   0.00408551  
p2                        =      220.133   +/-   0.831588    
Fit to 2 points: 220.133 +/- 0.831588

 -- Hybrid New -- 
Limit: r < 220.133 +/- 0.831588 @ 95% CL
Total toys: 0
Done in 0.00 min (cpu), 0.01 min (real)
