>>> including systematics
>>> using the Profile Likelihood test statistics modified for upper limits (Q_LHC)
>>> method used to compute upper limit is HybridNew
>>> random number generator seed is 123456
Adding /uscms_data/d2/lpcljm/sapta/SUSYSearch/LimitSetting/CMSSW_7_1_5/src to include path
Adding /cvmfs/cms.cern.ch/slc6_amd64_gcc481/lcg/roofit/5.34.18-cms3//include to include path
Input workspace 'w': 

RooWorkspace(w) w contents

variables
---------
(jerUp_unc,jerUp_unc_In,jesUp_unc,jesUp_unc_In,lumi,lumi_In,n_obs_binbin1,pdf_unc,pdf_unc_In,r,xs_Bkg,xs_Bkg_In)

p.d.f.s
-------
SimpleGaussianConstraint::jerUp_unc_Pdf[ x=jerUp_unc mean=jerUp_unc_In sigma=1 ] = 1
SimpleGaussianConstraint::jesUp_unc_Pdf[ x=jesUp_unc mean=jesUp_unc_In sigma=1 ] = 1
SimpleGaussianConstraint::lumi_Pdf[ x=lumi mean=lumi_In sigma=1 ] = 1
RooProdPdf::modelObs_b[ pdf_binbin1_bonly ] = 0.00691792
RooProdPdf::modelObs_s[ pdf_binbin1 ] = 0.00573811
RooProdPdf::model_b[ modelObs_b * nuisancePdf ] = 0.00691792
RooProdPdf::model_s[ modelObs_s * nuisancePdf ] = 0.00573811
RooProdPdf::nuisancePdf[ lumi_Pdf * jesUp_unc_Pdf * pdf_unc_Pdf * xs_Bkg_Pdf * jerUp_unc_Pdf ] = 1
RooPoisson::pdf_binbin1[ x=n_obs_binbin1 mean=n_exp_binbin1 ] = 0.00573811
RooPoisson::pdf_binbin1_bonly[ x=n_obs_binbin1 mean=n_exp_binbin1_bonly ] = 0.00691792
SimpleGaussianConstraint::pdf_unc_Pdf[ x=pdf_unc mean=pdf_unc_In sigma=1 ] = 1
SimpleGaussianConstraint::xs_Bkg_Pdf[ x=xs_Bkg mean=xs_Bkg_In sigma=1 ] = 1

functions
--------
RooAddition::n_exp_binbin1[ n_exp_binbin1_proc_BH + n_exp_binbin1_proc_Background ] = 103.82
RooAddition::n_exp_binbin1_bonly[ n_exp_binbin1_proc_Background ] = 102.82
ProcessNormalization::n_exp_binbin1_proc_BH[ thetaList=(lumi,jesUp_unc,pdf_unc) asymmThetaList=() otherFactorList=(r) ] = 1
ProcessNormalization::n_exp_binbin1_proc_Background[ thetaList=(xs_Bkg,jerUp_unc) asymmThetaList=() otherFactorList=() ] = 102.82

datasets
--------
RooDataSet::data_obs(n_obs_binbin1)

named sets
----------
ModelConfig_GlobalObservables:(lumi_In,jesUp_unc_In,pdf_unc_In,xs_Bkg_In,jerUp_unc_In)
ModelConfig_NuisParams:(lumi,jesUp_unc,pdf_unc,xs_Bkg,jerUp_unc)
ModelConfig_Observables:(n_obs_binbin1)
ModelConfig_POI:(r)
ModelConfig_bonly_GlobalObservables:(lumi_In,jesUp_unc_In,pdf_unc_In,xs_Bkg_In,jerUp_unc_In)
ModelConfig_bonly_NuisParams:(lumi,jesUp_unc,pdf_unc,xs_Bkg,jerUp_unc)
ModelConfig_bonly_Observables:(n_obs_binbin1)
ModelConfig_bonly_POI:(r)
POI:(r)
globalObservables:(lumi_In,jesUp_unc_In,pdf_unc_In,xs_Bkg_In,jerUp_unc_In)
nuisances:(lumi,jesUp_unc,pdf_unc,xs_Bkg,jerUp_unc)
observables:(n_obs_binbin1)

generic objects
---------------
RooStats::ModelConfig::ModelConfig
RooStats::ModelConfig::ModelConfig_bonly
RooArgSet::discreteParams

Workspace has a ModelConfig for signal called 'ModelConfig', with contents:

=== Using the following for ModelConfig ===
Observables:             RooArgSet:: = (n_obs_binbin1)
Parameters of Interest:  RooArgSet:: = (r)
Nuisance Parameters:     RooArgSet:: = (lumi,jesUp_unc,pdf_unc,xs_Bkg,jerUp_unc)
Global Observables:      RooArgSet:: = (lumi_In,jesUp_unc_In,pdf_unc_In,xs_Bkg_In,jerUp_unc_In)
PDF:                     RooProdPdf::model_s[ modelObs_s * nuisancePdf ] = 0.00573811

Input ModelConfig 'ModelConfig': 

=== Using the following for ModelConfig ===
Observables:             RooArgSet:: = (n_obs_binbin1)
Parameters of Interest:  RooArgSet:: = (r)
Nuisance Parameters:     RooArgSet:: = (lumi,jesUp_unc,pdf_unc,xs_Bkg,jerUp_unc)
Global Observables:      RooArgSet:: = (lumi_In,jesUp_unc_In,pdf_unc_In,xs_Bkg_In,jerUp_unc_In)
PDF:                     RooProdPdf::model_s[ modelObs_s * nuisancePdf ] = 0.00573811

[#1] INFO:ObjectHandling -- RooWorkspace::import(w) importing RooUniform::prior
Computing limit starting from observation
  1) RooRealVar:: n_obs_binbin1 = 84
Set default minimizer to Minuit2
Search for upper limit using pre-computed grid of p-values
  Do HypoTestResult_mh120_r80_2114457714 -> 80 --> 80
  Do HypoTestResult_mh120_r70_1827208154 -> 70 --> 70
  Do HypoTestResult_mh120_r40_2654348793 -> 40 --> 40
  Do HypoTestResult_mh120_r35_2886690474 -> 35 --> 35
  Do HypoTestResult_mh120_r100_4206988568 -> 100 --> 100
  Do HypoTestResult_mh120_r90_3618902995 -> 90 --> 90
  Do HypoTestResult_mh120_r25_3008361213 -> 25 --> 25
  Do HypoTestResult_mh120_r50_3116573628 -> 50 --> 50
  Do HypoTestResult_mh120_r60_73403241 -> 60 --> 60
  Do HypoTestResult_mh120_r30_3464879276 -> 30 --> 30
GRID, as is.
  - 25  (CLs = 0.392467 +/- 0.0164439)
  - 30  (CLs = 0.264327 +/- 0.0129418)
  - 35  (CLs = 0.176976 +/- 0.010333)
  - 40  (CLs = 0.118545 +/- 0.00849672)
  - 50  (CLs = 0.0535045 +/- 0.00538646)
  - 60  (CLs = 0.0130081 +/- 0.00265979)
  - 70  (CLs = 0.00340716 +/- 0.00139167)
  - 80  (CLs = 0.00105319 +/- 0.000744809)
  - 90  (CLs = 0 +/- 0)
  - 100  (CLs = 0 +/- 0)
Bisecting range [0, 9]
At r = 50:
	CLs      = 0.544943 +/- 0.00753623
	CLb      = 0.959 +/- 0.00280425
	CLsplusb = 0.5226 +/- 0.00706384

    Midpoint 4 value 0.544943 +/- 0.00753623
    Replacing Min
Bisecting range [4, 9]
At r = 70:
	CLs      = 0.267487 +/- 0.00639736
	CLb      = 0.975 +/- 0.00220794
	CLsplusb = 0.2608 +/- 0.0062094

    Midpoint 6 value 0.267487 +/- 0.00639736
    Replacing Min
Final range [6, 9]
  Will not use point 0 (r 25)
  Will not use point 1 (r 30)
  Will not use point 2 (r 35)
  Will not use point 3 (r 40)
  Will not use point 4 (r 50)
  Will not use point 5 (r 60)
   Point 6 (r 70) was already updated during search.
   Updaing point 7 (r 80)
At r = 80:
	CLs      = 0.113231 +/- 0.00455284
	CLb      = 0.975 +/- 0.00220794
	CLsplusb = 0.1104 +/- 0.00443197

   Updaing point 8 (r 90)
At r = 90:
	CLs      = 0.0375308 +/- 0.00272443
	CLb      = 0.9752 +/- 0.00219932
	CLsplusb = 0.0366 +/- 0.00265558

   Updaing point 9 (r 100)
At r = 100:
	CLs      = 0.0139544 +/- 0.00168098
	CLb      = 0.9746 +/- 0.00222508
	CLsplusb = 0.0136 +/- 0.00163799

  r 70.00: CLs = 0.2675 +/- 0.0064
  r 80.00: CLs = 0.1132 +/- 0.0046
  r 90.00: CLs = 0.0375 +/- 0.0027
  r 100.00: CLs = 0.0140 +/- 0.0017
 after scan x ~ 90, bounds [ 80, 100]

 -- HybridNew, before fit -- 
Limit: r < 90 +/- 10 [80, 100]

****************************************
Minimizer is Minuit2 / Migrad
Chi2                      =     0.354294
NDf                       =            1
Edm                       =  1.12802e-05
NCalls                    =           48
p0                        =         0.05                      	 (fixed)
p1                        =    -0.106847   +/-   0.00555549  
p2                        =      87.6043   +/-   0.374836    
Fit to 3 points: 87.6043 +/- 0.374836

 -- Hybrid New -- 
Limit: r < 87.6043 +/- 0.374836 @ 95% CL
Total toys: 0
Done in 0.00 min (cpu), 0.01 min (real)
