>>> including systematics
>>> using the Profile Likelihood test statistics modified for upper limits (Q_LHC)
>>> method used to compute upper limit is HybridNew
>>> Using OpenSSL to get a really random seed 
>>> Used OpenSSL to get a really random seed 478294317
Adding /uscms_data/d2/lpcljm/sapta/SUSYSearch/LimitSetting/CMSSW_7_1_5/src to include path
Adding /cvmfs/cms.cern.ch/slc6_amd64_gcc481/lcg/roofit/5.34.18-cms3//include to include path
Input workspace 'w': 

RooWorkspace(w) w contents

variables
---------
(jerUp_unc,jerUp_unc_In,jesUp_unc,jesUp_unc_In,lumi,lumi_In,n_obs_binbin1,pdf_unc,pdf_unc_In,r,xs_Bkg,xs_Bkg_In)

p.d.f.s
-------
SimpleGaussianConstraint::jerUp_unc_Pdf[ x=jerUp_unc mean=jerUp_unc_In sigma=1 ] = 1
SimpleGaussianConstraint::jesUp_unc_Pdf[ x=jesUp_unc mean=jesUp_unc_In sigma=1 ] = 1
SimpleGaussianConstraint::lumi_Pdf[ x=lumi mean=lumi_In sigma=1 ] = 1
RooProdPdf::modelObs_b[ pdf_binbin1_bonly ] = 0.00189414
RooProdPdf::modelObs_s[ pdf_binbin1 ] = 0.0018383
RooProdPdf::model_b[ modelObs_b * nuisancePdf ] = 0.00189414
RooProdPdf::model_s[ modelObs_s * nuisancePdf ] = 0.0018383
RooProdPdf::nuisancePdf[ lumi_Pdf * jesUp_unc_Pdf * pdf_unc_Pdf * xs_Bkg_Pdf * jerUp_unc_Pdf ] = 1
RooPoisson::pdf_binbin1[ x=n_obs_binbin1 mean=n_exp_binbin1 ] = 0.0018383
RooPoisson::pdf_binbin1_bonly[ x=n_obs_binbin1 mean=n_exp_binbin1_bonly ] = 0.00189414
SimpleGaussianConstraint::pdf_unc_Pdf[ x=pdf_unc mean=pdf_unc_In sigma=1 ] = 1
SimpleGaussianConstraint::xs_Bkg_Pdf[ x=xs_Bkg mean=xs_Bkg_In sigma=1 ] = 1

functions
--------
RooAddition::n_exp_binbin1[ n_exp_binbin1_proc_BH + n_exp_binbin1_proc_Background ] = 3033.25
RooAddition::n_exp_binbin1_bonly[ n_exp_binbin1_proc_Background ] = 3032.25
ProcessNormalization::n_exp_binbin1_proc_BH[ thetaList=(lumi,jesUp_unc,pdf_unc) asymmThetaList=() otherFactorList=(r) ] = 1
ProcessNormalization::n_exp_binbin1_proc_Background[ thetaList=(xs_Bkg,jerUp_unc) asymmThetaList=() otherFactorList=() ] = 3032.25

datasets
--------
RooDataSet::data_obs(n_obs_binbin1)

named sets
----------
ModelConfig_GlobalObservables:(lumi_In,jesUp_unc_In,pdf_unc_In,xs_Bkg_In,jerUp_unc_In)
ModelConfig_NuisParams:(lumi,jesUp_unc,pdf_unc,xs_Bkg,jerUp_unc)
ModelConfig_Observables:(n_obs_binbin1)
ModelConfig_POI:(r)
ModelConfig_bonly_GlobalObservables:(lumi_In,jesUp_unc_In,pdf_unc_In,xs_Bkg_In,jerUp_unc_In)
ModelConfig_bonly_NuisParams:(lumi,jesUp_unc,pdf_unc,xs_Bkg,jerUp_unc)
ModelConfig_bonly_Observables:(n_obs_binbin1)
ModelConfig_bonly_POI:(r)
POI:(r)
globalObservables:(lumi_In,jesUp_unc_In,pdf_unc_In,xs_Bkg_In,jerUp_unc_In)
nuisances:(lumi,jesUp_unc,pdf_unc,xs_Bkg,jerUp_unc)
observables:(n_obs_binbin1)

generic objects
---------------
RooStats::ModelConfig::ModelConfig
RooStats::ModelConfig::ModelConfig_bonly
RooArgSet::discreteParams

Workspace has a ModelConfig for signal called 'ModelConfig', with contents:

=== Using the following for ModelConfig ===
Observables:             RooArgSet:: = (n_obs_binbin1)
Parameters of Interest:  RooArgSet:: = (r)
Nuisance Parameters:     RooArgSet:: = (lumi,jesUp_unc,pdf_unc,xs_Bkg,jerUp_unc)
Global Observables:      RooArgSet:: = (lumi_In,jesUp_unc_In,pdf_unc_In,xs_Bkg_In,jerUp_unc_In)
PDF:                     RooProdPdf::model_s[ modelObs_s * nuisancePdf ] = 0.0018383

Input ModelConfig 'ModelConfig': 

=== Using the following for ModelConfig ===
Observables:             RooArgSet:: = (n_obs_binbin1)
Parameters of Interest:  RooArgSet:: = (r)
Nuisance Parameters:     RooArgSet:: = (lumi,jesUp_unc,pdf_unc,xs_Bkg,jerUp_unc)
Global Observables:      RooArgSet:: = (lumi_In,jesUp_unc_In,pdf_unc_In,xs_Bkg_In,jerUp_unc_In)
PDF:                     RooProdPdf::model_s[ modelObs_s * nuisancePdf ] = 0.0018383

[#1] INFO:ObjectHandling -- RooWorkspace::import(w) importing RooUniform::prior
Computing limit starting from observation
  1) RooRealVar:: n_obs_binbin1 = 2942
Set default minimizer to Minuit2
  r = 1000 +/- 0
[#1] INFO:Minization --  Including the following contraint terms in minimization: (nuisancePdf)
[#1] INFO:Fitting -- RooAddition::defaultErrorLevel(nll_model_s_data_obs_with_constr) Summation contains a RooNLLVar, using its error level
Minuit2Minimizer: Minimize with max-calls 2500 convergence for edm < 0.01 strategy 1
MnSeedGenerator: for initial parameters FCN = 10.8637
MnSeedGenerator: Initial state:   - FCN =   10.86368106198 Edm =      2.42923 NCalls =     21
VariableMetric: start iterating until Edm is < 1e-05
VariableMetric: Initial state   - FCN =   10.86368106198 Edm =      2.42923 NCalls =     21
VariableMetric: Iteration #   1 - FCN =   9.571495733599 Edm =   0.00456323 NCalls =     33
VariableMetric: Iteration #   2 - FCN =   9.527630906811 Edm =   0.00138525 NCalls =     46
VariableMetric: Iteration #   3 - FCN =   9.526176358502 Edm =   3.2899e-09 NCalls =     58
VariableMetric: After Hessian   - FCN =   9.526176358502 Edm =  3.28963e-09 NCalls =     89
Number of iterations 5
----------> Iteration 0
            FVAL = 10.863681062 Edm = 2.42922587982 Nfcn = 21
            Error matrix change = 1
            Parameters :  p0 = 0 p1 = 0 p2 = 0 p3 = 0 p4 = 0
----------> Iteration 1
            FVAL = 9.5714957336 Edm = 0.00456322917888 Nfcn = 33
            Error matrix change = 0.509513
            Parameters :  p0 = -0.335144 p1 = 0 p2 = 0 p3 = 0 p4 = -0.106001
----------> Iteration 2
            FVAL = 9.52763090681 Edm = 0.00138525264266 Nfcn = 46
            Error matrix change = 0.384291
            Parameters :  p0 = -0.0484188 p1 = 0 p2 = 0 p3 = 0 p4 = -0.181242
----------> Iteration 3
            FVAL = 9.5261763585 Edm = 3.2899015159e-09 Nfcn = 58
            Error matrix change = 0.192244
            Parameters :  p0 = -0.0496482 p1 = 0 p2 = 0 p3 = 0 p4 = -0.187565
----------> Iteration 4
            FVAL = 9.5261763585 Edm = 3.28963196932e-09 Nfcn = 89
            Error matrix change = 0
            Parameters :  p0 = -0.0496482 p1 = 0 p2 = 0 p3 = 0 p4 = -0.187565
Minuit2Minimizer : Valid minimum - status = 0
FVAL  = 9.52617635850232602
Edm   = 3.28963196932057352e-09
Nfcn  = 89
jerUp_unc	  = -0.0496482	 +/-  0.964369	(limited)
jesUp_unc	  = 0	 +/-  0.996602	(limited)
lumi	  = 0	 +/-  0.996602	(limited)
pdf_unc	  = 0	 +/-  0.996602	(limited)
xs_Bkg	  = -0.187565	 +/-  0.28025	(limited)
Zero signal fit
   0) jerUp_unc                      = -0.0496482
   1) jesUp_unc                      =         0
   2) lumi                           =         0
   3) pdf_unc                        =         0
   4) xs_Bkg                         = -0.187565

Fitting of the background hypothesis done in 0.238066 s
[#1] INFO:Fitting -- RooAddition::defaultErrorLevel(nll_model_s_data_obs_with_constr) Summation contains a RooNLLVar, using its error level
Minuit2Minimizer: Minimize with max-calls 2500 convergence for edm < 0.01 strategy 1
MnSeedGenerator: for initial parameters FCN = 149.022
MnSeedGenerator: Initial state:   - FCN =   149.0217678608 Edm =      320.065 NCalls =     21
VariableMetric: start iterating until Edm is < 1e-05
VariableMetric: Initial state   - FCN =   149.0217678608 Edm =      320.065 NCalls =     21
VariableMetric: Iteration #   1 - FCN =   26.18057152505 Edm =      6.20196 NCalls =     39
VariableMetric: Iteration #   2 - FCN =   19.21263506467 Edm =      1.09157 NCalls =     52
VariableMetric: Iteration #   3 - FCN =   15.21467459131 Edm =      0.47026 NCalls =     66
VariableMetric: Iteration #   4 - FCN =   14.40045024958 Edm =     0.508825 NCalls =     78
VariableMetric: Iteration #   5 - FCN =   13.38587281319 Edm =    0.0385069 NCalls =     91
VariableMetric: Iteration #   6 - FCN =   13.30479410858 Edm =   0.00397216 NCalls =    103
VariableMetric: Iteration #   7 - FCN =   13.29984238096 Edm =  0.000163381 NCalls =    115
VariableMetric: Iteration #   8 - FCN =   13.29960094219 Edm =  6.82449e-06 NCalls =    127
VariableMetric: After Hessian   - FCN =   13.29960094219 Edm =  9.71748e-06 NCalls =    158
Number of iterations 10
----------> Iteration 0
            FVAL = 149.021767861 Edm = 320.065471824 Nfcn = 21
            Error matrix change = 1
            Parameters :  p0 = -0.0496482 p1 = 0 p2 = 0 p3 = 0 p4 = -0.187565
----------> Iteration 1
            FVAL = 26.1805715251 Edm = 6.20195675963 Nfcn = 39
            Error matrix change = 0.625299
            Parameters :  p0 = -2.93673 p1 = -2.80571 p2 = -2.80269 p3 = -2.75232 p4 = -1.16453
----------> Iteration 2
            FVAL = 19.2126350647 Edm = 1.09157297044 Nfcn = 52
            Error matrix change = 0.51702
            Parameters :  p0 = -2.55844 p1 = -1.31652 p2 = -1.14093 p3 = -1.64485 p4 = -1.30217
----------> Iteration 3
            FVAL = 15.2146745913 Edm = 0.470259506685 Nfcn = 66
            Error matrix change = 0.381507
            Parameters :  p0 = -2.44369 p1 = -0.0834134 p2 = 0.0725771 p3 = -0.598102 p4 = -2.07512
----------> Iteration 4
            FVAL = 14.4004502496 Edm = 0.5088245039 Nfcn = 78
            Error matrix change = 0.361728
            Parameters :  p0 = -1.99574 p1 = -0.467861 p2 = -0.458556 p3 = -0.638151 p4 = -2.22705
----------> Iteration 5
            FVAL = 13.3858728132 Edm = 0.038506875753 Nfcn = 91
            Error matrix change = 0.323188
            Parameters :  p0 = -0.774969 p1 = -0.388428 p2 = -0.532285 p3 = -0.113431 p4 = -2.56233
----------> Iteration 6
            FVAL = 13.3047941086 Edm = 0.00397216367001 Nfcn = 103
            Error matrix change = 0.283603
            Parameters :  p0 = -0.73333 p1 = -0.403986 p2 = -0.347363 p3 = -0.431237 p4 = -2.51199
----------> Iteration 7
            FVAL = 13.299842381 Edm = 0.000163381068678 Nfcn = 115
            Error matrix change = 0.182573
            Parameters :  p0 = -0.664579 p1 = -0.406267 p2 = -0.360756 p3 = -0.457595 p4 = -2.53424
----------> Iteration 8
            FVAL = 13.2996009422 Edm = 6.82449077058e-06 Nfcn = 127
            Error matrix change = 0.154104
            Parameters :  p0 = -0.671868 p1 = -0.389351 p2 = -0.354203 p3 = -0.461942 p4 = -2.53647
----------> Iteration 9
            FVAL = 13.2996009422 Edm = 9.71747528239e-06 Nfcn = 158
            Error matrix change = 0
            Parameters :  p0 = -0.671868 p1 = -0.389351 p2 = -0.354203 p3 = -0.461942 p4 = -2.53647
Minuit2Minimizer : Valid minimum - status = 0
FVAL  = 13.2996009421881407
Edm   = 9.71747528239437393e-06
Nfcn  = 158
jerUp_unc	  = -0.671868	 +/-  0.966863	(limited)
jesUp_unc	  = -0.389351	 +/-  0.975911	(limited)
lumi	  = -0.354203	 +/-  0.979036	(limited)
pdf_unc	  = -0.461942	 +/-  0.966937	(limited)
xs_Bkg	  = -2.53647	 +/-  0.381708	(limited)
Reference signal fit
   0) jerUp_unc                      = -0.671868
   1) jesUp_unc                      = -0.389351
   2) lumi                           = -0.354203
   3) pdf_unc                        = -0.461942
   4) xs_Bkg                         =  -2.53647

Fitting of the signal-plus-background hypothesis done in 0.00175881 s
      Evaluation of p-values done in  7.58241 s
	CLs = 0.0144928 +/- 0.00592401
      Evaluation of p-values done in  7.27206 s
	CLs = 0.0125714 +/- 0.00379341
      Evaluation of p-values done in  7.20804 s
	CLs = 0.0102041 +/- 0.00283228
      Evaluation of p-values done in  7.25481 s
	CLs = 0.00861079 +/- 0.00222453
      Evaluation of p-values done in  7.39741 s
	CLs = 0.00826446 +/- 0.00194899
	CLs      = 0.00826446 +/- 0.00194899
	CLb      = 0.4356 +/- 0.00701217
	CLsplusb = 0.0036 +/- 0.000846999

Hybrid result saved as HypoTestResult_mh120_r1000_1772856163 in higgsCombineTest.HybridNew.mH120.478294317.root : higgsCombineTest.HybridNew.mH120.478294317.root:/toys

 -- Hybrid New -- 
CLs = 0.00826446 +/- 0.00194899
Total toys: 10000
Done in 0.00 min (cpu), 0.62 min (real)
