>>> including systematics
>>> using the Profile Likelihood test statistics modified for upper limits (Q_LHC)
>>> method used to compute upper limit is HybridNew
>>> Using OpenSSL to get a really random seed 
>>> Used OpenSSL to get a really random seed 808256077
Adding /uscms_data/d2/lpcljm/sapta/SUSYSearch/LimitSetting/CMSSW_7_1_5/src to include path
Adding /cvmfs/cms.cern.ch/slc6_amd64_gcc481/lcg/roofit/5.34.18-cms3//include to include path
Input workspace 'w': 

RooWorkspace(w) w contents

variables
---------
(jerUp_unc,jerUp_unc_In,jesUp_unc,jesUp_unc_In,lumi,lumi_In,n_obs_binbin1,pdf_unc,pdf_unc_In,r,xs_Bkg,xs_Bkg_In)

p.d.f.s
-------
SimpleGaussianConstraint::jerUp_unc_Pdf[ x=jerUp_unc mean=jerUp_unc_In sigma=1 ] = 1
SimpleGaussianConstraint::jesUp_unc_Pdf[ x=jesUp_unc mean=jesUp_unc_In sigma=1 ] = 1
SimpleGaussianConstraint::lumi_Pdf[ x=lumi mean=lumi_In sigma=1 ] = 1
RooProdPdf::modelObs_b[ pdf_binbin1_bonly ] = 0.00024372
RooProdPdf::modelObs_s[ pdf_binbin1 ] = 0.000206148
RooProdPdf::model_b[ modelObs_b * nuisancePdf ] = 0.00024372
RooProdPdf::model_s[ modelObs_s * nuisancePdf ] = 0.000206148
RooProdPdf::nuisancePdf[ lumi_Pdf * jesUp_unc_Pdf * pdf_unc_Pdf * xs_Bkg_Pdf * jerUp_unc_Pdf ] = 1
RooPoisson::pdf_binbin1[ x=n_obs_binbin1 mean=n_exp_binbin1 ] = 0.000206148
RooPoisson::pdf_binbin1_bonly[ x=n_obs_binbin1 mean=n_exp_binbin1_bonly ] = 0.00024372
SimpleGaussianConstraint::pdf_unc_Pdf[ x=pdf_unc mean=pdf_unc_In sigma=1 ] = 1
SimpleGaussianConstraint::xs_Bkg_Pdf[ x=xs_Bkg mean=xs_Bkg_In sigma=1 ] = 1

functions
--------
RooAddition::n_exp_binbin1[ n_exp_binbin1_proc_BH + n_exp_binbin1_proc_Background ] = 316.388
RooAddition::n_exp_binbin1_bonly[ n_exp_binbin1_proc_Background ] = 315.388
ProcessNormalization::n_exp_binbin1_proc_BH[ thetaList=(lumi,jesUp_unc,pdf_unc) asymmThetaList=() otherFactorList=(r) ] = 1
ProcessNormalization::n_exp_binbin1_proc_Background[ thetaList=(xs_Bkg,jerUp_unc) asymmThetaList=() otherFactorList=() ] = 315.388

datasets
--------
RooDataSet::data_obs(n_obs_binbin1)

named sets
----------
ModelConfig_GlobalObservables:(lumi_In,jesUp_unc_In,pdf_unc_In,xs_Bkg_In,jerUp_unc_In)
ModelConfig_NuisParams:(lumi,jesUp_unc,pdf_unc,xs_Bkg,jerUp_unc)
ModelConfig_Observables:(n_obs_binbin1)
ModelConfig_POI:(r)
ModelConfig_bonly_GlobalObservables:(lumi_In,jesUp_unc_In,pdf_unc_In,xs_Bkg_In,jerUp_unc_In)
ModelConfig_bonly_NuisParams:(lumi,jesUp_unc,pdf_unc,xs_Bkg,jerUp_unc)
ModelConfig_bonly_Observables:(n_obs_binbin1)
ModelConfig_bonly_POI:(r)
POI:(r)
globalObservables:(lumi_In,jesUp_unc_In,pdf_unc_In,xs_Bkg_In,jerUp_unc_In)
nuisances:(lumi,jesUp_unc,pdf_unc,xs_Bkg,jerUp_unc)
observables:(n_obs_binbin1)

generic objects
---------------
RooStats::ModelConfig::ModelConfig
RooStats::ModelConfig::ModelConfig_bonly
RooArgSet::discreteParams

Workspace has a ModelConfig for signal called 'ModelConfig', with contents:

=== Using the following for ModelConfig ===
Observables:             RooArgSet:: = (n_obs_binbin1)
Parameters of Interest:  RooArgSet:: = (r)
Nuisance Parameters:     RooArgSet:: = (lumi,jesUp_unc,pdf_unc,xs_Bkg,jerUp_unc)
Global Observables:      RooArgSet:: = (lumi_In,jesUp_unc_In,pdf_unc_In,xs_Bkg_In,jerUp_unc_In)
PDF:                     RooProdPdf::model_s[ modelObs_s * nuisancePdf ] = 0.000206148

Input ModelConfig 'ModelConfig': 

=== Using the following for ModelConfig ===
Observables:             RooArgSet:: = (n_obs_binbin1)
Parameters of Interest:  RooArgSet:: = (r)
Nuisance Parameters:     RooArgSet:: = (lumi,jesUp_unc,pdf_unc,xs_Bkg,jerUp_unc)
Global Observables:      RooArgSet:: = (lumi_In,jesUp_unc_In,pdf_unc_In,xs_Bkg_In,jerUp_unc_In)
PDF:                     RooProdPdf::model_s[ modelObs_s * nuisancePdf ] = 0.000206148

[#1] INFO:ObjectHandling -- RooWorkspace::import(w) importing RooUniform::prior
Computing limit starting from observation
  1) RooRealVar:: n_obs_binbin1 = 263
Set default minimizer to Minuit2
  r = 100 +/- 0
[#1] INFO:Minization --  Including the following contraint terms in minimization: (nuisancePdf)
[#1] INFO:Fitting -- RooAddition::defaultErrorLevel(nll_model_s_data_obs_with_constr) Summation contains a RooNLLVar, using its error level
Minuit2Minimizer: Minimize with max-calls 2500 convergence for edm < 0.01 strategy 1
MnSeedGenerator: for initial parameters FCN = 12.9142
MnSeedGenerator: Initial state:   - FCN =   12.91418166509 Edm =      5.65282 NCalls =     21
VariableMetric: start iterating until Edm is < 1e-05
VariableMetric: Initial state   - FCN =   12.91418166509 Edm =      5.65282 NCalls =     21
VariableMetric: Iteration #   1 - FCN =   8.945909983593 Edm =     0.222357 NCalls =     33
VariableMetric: Iteration #   2 - FCN =   8.440408697814 Edm =  6.75079e-05 NCalls =     45
VariableMetric: Iteration #   3 - FCN =    8.44031565289 Edm =   2.7869e-07 NCalls =     56
VariableMetric: After Hessian   - FCN =    8.44031565289 Edm =  3.03859e-07 NCalls =     87
Number of iterations 5
----------> Iteration 0
            FVAL = 12.9141816651 Edm = 5.65281610085 Nfcn = 21
            Error matrix change = 1
            Parameters :  p0 = 0 p1 = 0 p2 = 0 p3 = 0 p4 = 0
----------> Iteration 1
            FVAL = 8.94590998359 Edm = 0.222357340568 Nfcn = 33
            Error matrix change = 0.527868
            Parameters :  p0 = -0.986704 p1 = 0 p2 = 0 p3 = 0 p4 = -0.344863
----------> Iteration 2
            FVAL = 8.44040869781 Edm = 6.75079239182e-05 Nfcn = 45
            Error matrix change = 0.335735
            Parameters :  p0 = -0.0485319 p1 = 0 p2 = 0 p3 = 0 p4 = -0.517795
----------> Iteration 3
            FVAL = 8.44031565289 Edm = 2.7869002659e-07 Nfcn = 56
            Error matrix change = 0.170055
            Parameters :  p0 = -0.0604537 p1 = 0 p2 = 0 p3 = 0 p4 = -0.517441
----------> Iteration 4
            FVAL = 8.44031565289 Edm = 3.03858843464e-07 Nfcn = 87
            Error matrix change = 0
            Parameters :  p0 = -0.0604537 p1 = 0 p2 = 0 p3 = 0 p4 = -0.517441
Minuit2Minimizer : Valid minimum - status = 0
FVAL  = 8.44031565288970853
Edm   = 3.03858843464155375e-07
Nfcn  = 87
jerUp_unc	  = -0.0604537	 +/-  0.990143	(limited)
jesUp_unc	  = 0	 +/-  0.996602	(limited)
lumi	  = 0	 +/-  0.996602	(limited)
pdf_unc	  = 0	 +/-  0.996602	(limited)
xs_Bkg	  = -0.517441	 +/-  0.212644	(limited)
Zero signal fit
   0) jerUp_unc                      = -0.0604537
   1) jesUp_unc                      =         0
   2) lumi                           =         0
   3) pdf_unc                        =         0
   4) xs_Bkg                         = -0.517441

Fitting of the background hypothesis done in 0.197894 s
[#1] INFO:Fitting -- RooAddition::defaultErrorLevel(nll_model_s_data_obs_with_constr) Summation contains a RooNLLVar, using its error level
Minuit2Minimizer: Minimize with max-calls 2500 convergence for edm < 0.01 strategy 1
MnSeedGenerator: for initial parameters FCN = 24.1156
MnSeedGenerator: Initial state:   - FCN =   24.11563169635 Edm =      17.3433 NCalls =     21
VariableMetric: start iterating until Edm is < 1e-05
VariableMetric: Initial state   - FCN =   24.11563169635 Edm =      17.3433 NCalls =     21
VariableMetric: Iteration #   1 - FCN =   12.36119283785 Edm =      1.00014 NCalls =     33
VariableMetric: Iteration #   2 - FCN =    10.1271419416 Edm =    0.0790091 NCalls =     45
VariableMetric: Iteration #   3 - FCN =   10.02971969056 Edm =   0.00043376 NCalls =     57
VariableMetric: Iteration #   4 - FCN =   10.02912334762 Edm =  5.34901e-06 NCalls =     69
VariableMetric: After Hessian   - FCN =   10.02912334762 Edm =  5.75383e-06 NCalls =    100
Number of iterations 6
----------> Iteration 0
            FVAL = 24.1156316963 Edm = 17.3433242883 Nfcn = 21
            Error matrix change = 1
            Parameters :  p0 = -0.0604537 p1 = 0 p2 = 0 p3 = 0 p4 = -0.517441
----------> Iteration 1
            FVAL = 12.3611928379 Edm = 1.00014274001 Nfcn = 33
            Error matrix change = 0.59736
            Parameters :  p0 = -1.54518 p1 = -0.856875 p2 = -0.802376 p3 = -0.979991 p4 = -1.19228
----------> Iteration 2
            FVAL = 10.1271419416 Edm = 0.0790091070319 Nfcn = 45
            Error matrix change = 0.437251
            Parameters :  p0 = -0.362949 p1 = -0.0166363 p2 = 0.010206 p3 = -0.102747 p4 = -1.67093
----------> Iteration 3
            FVAL = 10.0297196906 Edm = 0.000433759842879 Nfcn = 57
            Error matrix change = 0.22783
            Parameters :  p0 = -0.194716 p1 = -0.156936 p2 = -0.146685 p3 = -0.185486 p4 = -1.75167
----------> Iteration 4
            FVAL = 10.0291233476 Edm = 5.34901053536e-06 Nfcn = 69
            Error matrix change = 0.169315
            Parameters :  p0 = -0.20291 p1 = -0.143692 p2 = -0.131983 p3 = -0.171965 p4 = -1.76006
----------> Iteration 5
            FVAL = 10.0291233476 Edm = 5.753825138e-06 Nfcn = 100
            Error matrix change = 0
            Parameters :  p0 = -0.20291 p1 = -0.143692 p2 = -0.131983 p3 = -0.171965 p4 = -1.76006
Minuit2Minimizer : Valid minimum - status = 0
FVAL  = 10.0291233476244237
Edm   = 5.75382513800315456e-06
Nfcn  = 100
jerUp_unc	  = -0.20291	 +/-  0.990514	(limited)
jesUp_unc	  = -0.143692	 +/-  0.988852	(limited)
lumi	  = -0.131983	 +/-  0.99002	(limited)
pdf_unc	  = -0.171965	 +/-  0.98553	(limited)
xs_Bkg	  = -1.76006	 +/-  0.317218	(limited)
Reference signal fit
   0) jerUp_unc                      =  -0.20291
   1) jesUp_unc                      = -0.143692
   2) lumi                           = -0.131983
   3) pdf_unc                        = -0.171965
   4) xs_Bkg                         =  -1.76006

Fitting of the signal-plus-background hypothesis done in 0.00150204 s
      Evaluation of p-values done in  6.5718 s
	CLs = 0.0924658 +/- 0.0181341
      Evaluation of p-values done in  6.36832 s
	CLs = 0.0927487 +/- 0.0127401
      Evaluation of p-values done in  6.19327 s
	CLs = 0.100999 +/- 0.010799
      Evaluation of p-values done in  6.20611 s
	CLs = 0.102843 +/- 0.00946277
      Evaluation of p-values done in  6.24549 s
	CLs = 0.100133 +/- 0.00830898
	CLs      = 0.100133 +/- 0.00830898
	CLb      = 0.3016 +/- 0.00649057
	CLsplusb = 0.0302 +/- 0.00242025

Hybrid result saved as HypoTestResult_mh120_r100_1220398606 in higgsCombineTest.HybridNew.mH120.808256077.root : higgsCombineTest.HybridNew.mH120.808256077.root:/toys

 -- Hybrid New -- 
CLs = 0.100133 +/- 0.00830898
Total toys: 10000
Done in 0.00 min (cpu), 0.53 min (real)
