>>> including systematics
>>> using the Profile Likelihood test statistics modified for upper limits (Q_LHC)
>>> method used to compute upper limit is HybridNew
>>> Using OpenSSL to get a really random seed 
>>> Used OpenSSL to get a really random seed 1563620768
Adding /uscms_data/d2/lpcljm/sapta/SUSYSearch/LimitSetting/CMSSW_7_1_5/src to include path
Adding /cvmfs/cms.cern.ch/slc6_amd64_gcc481/lcg/roofit/5.34.18-cms3//include to include path
Input workspace 'w': 

RooWorkspace(w) w contents

variables
---------
(jerUp_unc,jerUp_unc_In,jesUp_unc,jesUp_unc_In,lumi,lumi_In,n_obs_binbin1,pdf_unc,pdf_unc_In,r,xs_Bkg,xs_Bkg_In)

p.d.f.s
-------
SimpleGaussianConstraint::jerUp_unc_Pdf[ x=jerUp_unc mean=jerUp_unc_In sigma=1 ] = 1
SimpleGaussianConstraint::jesUp_unc_Pdf[ x=jesUp_unc mean=jesUp_unc_In sigma=1 ] = 1
SimpleGaussianConstraint::lumi_Pdf[ x=lumi mean=lumi_In sigma=1 ] = 1
RooProdPdf::modelObs_b[ pdf_binbin1_bonly ] = 0.0262734
RooProdPdf::modelObs_s[ pdf_binbin1 ] = 0.0205368
RooProdPdf::model_b[ modelObs_b * nuisancePdf ] = 0.0262734
RooProdPdf::model_s[ modelObs_s * nuisancePdf ] = 0.0205368
RooProdPdf::nuisancePdf[ lumi_Pdf * jesUp_unc_Pdf * pdf_unc_Pdf * xs_Bkg_Pdf * jerUp_unc_Pdf ] = 1
RooPoisson::pdf_binbin1[ x=n_obs_binbin1 mean=n_exp_binbin1 ] = 0.0205368
RooPoisson::pdf_binbin1_bonly[ x=n_obs_binbin1 mean=n_exp_binbin1_bonly ] = 0.0262734
SimpleGaussianConstraint::pdf_unc_Pdf[ x=pdf_unc mean=pdf_unc_In sigma=1 ] = 1
SimpleGaussianConstraint::xs_Bkg_Pdf[ x=xs_Bkg mean=xs_Bkg_In sigma=1 ] = 1

functions
--------
RooAddition::n_exp_binbin1[ n_exp_binbin1_proc_BH + n_exp_binbin1_proc_Background ] = 36.3276
RooAddition::n_exp_binbin1_bonly[ n_exp_binbin1_proc_Background ] = 35.3276
ProcessNormalization::n_exp_binbin1_proc_BH[ thetaList=(lumi,jesUp_unc,pdf_unc) asymmThetaList=() otherFactorList=(r) ] = 1
ProcessNormalization::n_exp_binbin1_proc_Background[ thetaList=(xs_Bkg,jerUp_unc) asymmThetaList=() otherFactorList=() ] = 35.3276

datasets
--------
RooDataSet::data_obs(n_obs_binbin1)

named sets
----------
ModelConfig_GlobalObservables:(lumi_In,jesUp_unc_In,pdf_unc_In,xs_Bkg_In,jerUp_unc_In)
ModelConfig_NuisParams:(lumi,jesUp_unc,pdf_unc,xs_Bkg,jerUp_unc)
ModelConfig_Observables:(n_obs_binbin1)
ModelConfig_POI:(r)
ModelConfig_bonly_GlobalObservables:(lumi_In,jesUp_unc_In,pdf_unc_In,xs_Bkg_In,jerUp_unc_In)
ModelConfig_bonly_NuisParams:(lumi,jesUp_unc,pdf_unc,xs_Bkg,jerUp_unc)
ModelConfig_bonly_Observables:(n_obs_binbin1)
ModelConfig_bonly_POI:(r)
POI:(r)
globalObservables:(lumi_In,jesUp_unc_In,pdf_unc_In,xs_Bkg_In,jerUp_unc_In)
nuisances:(lumi,jesUp_unc,pdf_unc,xs_Bkg,jerUp_unc)
observables:(n_obs_binbin1)

generic objects
---------------
RooStats::ModelConfig::ModelConfig
RooStats::ModelConfig::ModelConfig_bonly
RooArgSet::discreteParams

Workspace has a ModelConfig for signal called 'ModelConfig', with contents:

=== Using the following for ModelConfig ===
Observables:             RooArgSet:: = (n_obs_binbin1)
Parameters of Interest:  RooArgSet:: = (r)
Nuisance Parameters:     RooArgSet:: = (lumi,jesUp_unc,pdf_unc,xs_Bkg,jerUp_unc)
Global Observables:      RooArgSet:: = (lumi_In,jesUp_unc_In,pdf_unc_In,xs_Bkg_In,jerUp_unc_In)
PDF:                     RooProdPdf::model_s[ modelObs_s * nuisancePdf ] = 0.0205368

Input ModelConfig 'ModelConfig': 

=== Using the following for ModelConfig ===
Observables:             RooArgSet:: = (n_obs_binbin1)
Parameters of Interest:  RooArgSet:: = (r)
Nuisance Parameters:     RooArgSet:: = (lumi,jesUp_unc,pdf_unc,xs_Bkg,jerUp_unc)
Global Observables:      RooArgSet:: = (lumi_In,jesUp_unc_In,pdf_unc_In,xs_Bkg_In,jerUp_unc_In)
PDF:                     RooProdPdf::model_s[ modelObs_s * nuisancePdf ] = 0.0205368

[#1] INFO:ObjectHandling -- RooWorkspace::import(w) importing RooUniform::prior
Computing limit starting from observation
  1) RooRealVar:: n_obs_binbin1 = 27
Set default minimizer to Minuit2
  r = 13 +/- 0
[#1] INFO:Minization --  Including the following contraint terms in minimization: (nuisancePdf)
[#1] INFO:Fitting -- RooAddition::defaultErrorLevel(nll_model_s_data_obs_with_constr) Summation contains a RooNLLVar, using its error level
Minuit2Minimizer: Minimize with max-calls 2500 convergence for edm < 0.01 strategy 1
MnSeedGenerator: for initial parameters FCN = 8.23389
MnSeedGenerator: Initial state:   - FCN =   8.233889033594 Edm =     0.950117 NCalls =     21
VariableMetric: start iterating until Edm is < 1e-05
VariableMetric: Initial state   - FCN =   8.233889033594 Edm =     0.950117 NCalls =     21
VariableMetric: Iteration #   1 - FCN =   7.310379400131 Edm =    0.0357631 NCalls =     32
VariableMetric: Iteration #   2 - FCN =   7.268248591192 Edm =   1.6143e-05 NCalls =     44
VariableMetric: Iteration #   3 - FCN =   7.268230548153 Edm =  5.15522e-10 NCalls =     56
VariableMetric: After Hessian   - FCN =   7.268230548153 Edm =  5.14029e-10 NCalls =     87
Number of iterations 5
----------> Iteration 0
            FVAL = 8.23388903359 Edm = 0.950116904278 Nfcn = 21
            Error matrix change = 1
            Parameters :  p0 = 0 p1 = 0 p2 = 0 p3 = 0 p4 = 0
----------> Iteration 1
            FVAL = 7.31037940013 Edm = 0.0357631314919 Nfcn = 32
            Error matrix change = 0.52054
            Parameters :  p0 = -0.309679 p1 = 0 p2 = 0 p3 = 0 p4 = -0.387453
----------> Iteration 2
            FVAL = 7.26824859119 Edm = 1.61429719279e-05 Nfcn = 44
            Error matrix change = 0.282641
            Parameters :  p0 = -0.0286113 p1 = 0 p2 = 0 p3 = 0 p4 = -0.427965
----------> Iteration 3
            FVAL = 7.26823054815 Edm = 5.15522435746e-10 Nfcn = 56
            Error matrix change = 0.143988
            Parameters :  p0 = -0.0302732 p1 = 0 p2 = 0 p3 = 0 p4 = -0.42972
----------> Iteration 4
            FVAL = 7.26823054815 Edm = 5.14029010723e-10 Nfcn = 87
            Error matrix change = 0
            Parameters :  p0 = -0.0302732 p1 = 0 p2 = 0 p3 = 0 p4 = -0.42972
Minuit2Minimizer : Valid minimum - status = 0
FVAL  = 7.26823054815334757
Edm   = 5.14029010723374892e-10
Nfcn  = 87
jerUp_unc	  = -0.0302732	 +/-  0.994421	(limited)
jesUp_unc	  = 0	 +/-  0.996602	(limited)
lumi	  = 0	 +/-  0.996602	(limited)
pdf_unc	  = 0	 +/-  0.996602	(limited)
xs_Bkg	  = -0.42972	 +/-  0.328295	(limited)
Zero signal fit
   0) jerUp_unc                      = -0.0302732
   1) jesUp_unc                      =         0
   2) lumi                           =         0
   3) pdf_unc                        =         0
   4) xs_Bkg                         =  -0.42972

Fitting of the background hypothesis done in 0.316123 s
[#1] INFO:Fitting -- RooAddition::defaultErrorLevel(nll_model_s_data_obs_with_constr) Summation contains a RooNLLVar, using its error level
Minuit2Minimizer: Minimize with max-calls 2500 convergence for edm < 0.01 strategy 1
MnSeedGenerator: for initial parameters FCN = 9.90085
MnSeedGenerator: Initial state:   - FCN =   9.900848123766 Edm =      1.59577 NCalls =     21
VariableMetric: start iterating until Edm is < 1e-05
VariableMetric: Initial state   - FCN =   9.900848123766 Edm =      1.59577 NCalls =     21
VariableMetric: Iteration #   1 - FCN =   8.268112029853 Edm =    0.0767674 NCalls =     32
VariableMetric: Iteration #   2 - FCN =   8.153541400328 Edm =  0.000985619 NCalls =     44
VariableMetric: Iteration #   3 - FCN =   8.152273212866 Edm =  5.30394e-07 NCalls =     56
VariableMetric: After Hessian   - FCN =   8.152273212866 Edm =  5.41867e-07 NCalls =     87
Number of iterations 5
----------> Iteration 0
            FVAL = 9.90084812377 Edm = 1.59576872772 Nfcn = 21
            Error matrix change = 1
            Parameters :  p0 = -0.0302732 p1 = 0 p2 = 0 p3 = 0 p4 = -0.42972
----------> Iteration 1
            FVAL = 8.26811202985 Edm = 0.0767674440568 Nfcn = 32
            Error matrix change = 0.545209
            Parameters :  p0 = -0.356673 p1 = -0.210626 p2 = -0.194642 p3 = -0.249752 p4 = -1.03878
----------> Iteration 2
            FVAL = 8.15354140033 Edm = 0.000985619267767 Nfcn = 44
            Error matrix change = 0.308596
            Parameters :  p0 = -0.0634973 p1 = -0.0700334 p2 = -0.064037 p3 = -0.0854983 p4 = -1.1953
----------> Iteration 3
            FVAL = 8.15227321287 Edm = 5.3039397321e-07 Nfcn = 56
            Error matrix change = 0.171957
            Parameters :  p0 = -0.0852157 p1 = -0.076867 p2 = -0.0709753 p3 = -0.0913862 p4 = -1.21384
----------> Iteration 4
            FVAL = 8.15227321287 Edm = 5.41867420325e-07 Nfcn = 87
            Error matrix change = 0
            Parameters :  p0 = -0.0852157 p1 = -0.076867 p2 = -0.0709753 p3 = -0.0913862 p4 = -1.21384
Minuit2Minimizer : Valid minimum - status = 0
FVAL  = 8.15227321286635132
Edm   = 5.41867420324975975e-07
Nfcn  = 87
jerUp_unc	  = -0.0852157	 +/-  0.994717	(limited)
jesUp_unc	  = -0.076867	 +/-  0.992796	(limited)
lumi	  = -0.0709753	 +/-  0.993369	(limited)
pdf_unc	  = -0.0913862	 +/-  0.991168	(limited)
xs_Bkg	  = -1.21384	 +/-  0.478341	(limited)
Reference signal fit
   0) jerUp_unc                      = -0.0852157
   1) jesUp_unc                      = -0.076867
   2) lumi                           = -0.0709753
   3) pdf_unc                        = -0.0913862
   4) xs_Bkg                         =  -1.21384

Fitting of the signal-plus-background hypothesis done in 0.00232792 s
      Evaluation of p-values done in  5.68801 s
	CLs = 0.257062 +/- 0.0279405
      Evaluation of p-values done in  5.65253 s
	CLs = 0.25578 +/- 0.0199686
      Evaluation of p-values done in  5.62431 s
	CLs = 0.262655 +/- 0.0164549
      Evaluation of p-values done in  5.48243 s
	CLs = 0.25461 +/- 0.0139333
      Evaluation of p-values done in  5.86793 s
	CLs = 0.259322 +/- 0.012554
	CLs      = 0.259322 +/- 0.012554
	CLb      = 0.354 +/- 0.0067629
	CLsplusb = 0.0918 +/- 0.00408345

Hybrid result saved as HypoTestResult_mh120_r13_1872967527 in higgsCombineTest.HybridNew.mH120.1563620768.root : higgsCombineTest.HybridNew.mH120.1563620768.root:/toys

 -- Hybrid New -- 
CLs = 0.259322 +/- 0.012554
Total toys: 10000
Done in 0.00 min (cpu), 0.48 min (real)
