>>> including systematics
>>> using the Profile Likelihood test statistics modified for upper limits (Q_LHC)
>>> method used to compute upper limit is HybridNew
>>> Using OpenSSL to get a really random seed 
>>> Used OpenSSL to get a really random seed 2050132810
Adding /uscms_data/d2/lpcljm/sapta/SUSYSearch/LimitSetting/CMSSW_7_1_5/src to include path
Adding /cvmfs/cms.cern.ch/slc6_amd64_gcc481/lcg/roofit/5.34.18-cms3//include to include path
Input workspace 'w': 

RooWorkspace(w) w contents

variables
---------
(jerUp_unc,jerUp_unc_In,jesUp_unc,jesUp_unc_In,lumi,lumi_In,n_obs_binbin1,pdf_unc,pdf_unc_In,r,xs_Bkg,xs_Bkg_In)

p.d.f.s
-------
SimpleGaussianConstraint::jerUp_unc_Pdf[ x=jerUp_unc mean=jerUp_unc_In sigma=1 ] = 1
SimpleGaussianConstraint::jesUp_unc_Pdf[ x=jesUp_unc mean=jesUp_unc_In sigma=1 ] = 1
SimpleGaussianConstraint::lumi_Pdf[ x=lumi mean=lumi_In sigma=1 ] = 1
RooProdPdf::modelObs_b[ pdf_binbin1_bonly ] = 0.218791
RooProdPdf::modelObs_s[ pdf_binbin1 ] = 0.174682
RooProdPdf::model_b[ modelObs_b * nuisancePdf ] = 0.218791
RooProdPdf::model_s[ modelObs_s * nuisancePdf ] = 0.174682
RooProdPdf::nuisancePdf[ lumi_Pdf * jesUp_unc_Pdf * pdf_unc_Pdf * xs_Bkg_Pdf * jerUp_unc_Pdf ] = 1
RooPoisson::pdf_binbin1[ x=n_obs_binbin1 mean=n_exp_binbin1 ] = 0.174682
RooPoisson::pdf_binbin1_bonly[ x=n_obs_binbin1 mean=n_exp_binbin1_bonly ] = 0.218791
SimpleGaussianConstraint::pdf_unc_Pdf[ x=pdf_unc mean=pdf_unc_In sigma=1 ] = 1
SimpleGaussianConstraint::xs_Bkg_Pdf[ x=xs_Bkg mean=xs_Bkg_In sigma=1 ] = 1

functions
--------
RooAddition::n_exp_binbin1[ n_exp_binbin1_proc_BH + n_exp_binbin1_proc_Background ] = 4.39321
RooAddition::n_exp_binbin1_bonly[ n_exp_binbin1_proc_Background ] = 3.39321
ProcessNormalization::n_exp_binbin1_proc_BH[ thetaList=(lumi,jesUp_unc,pdf_unc) asymmThetaList=() otherFactorList=(r) ] = 1
ProcessNormalization::n_exp_binbin1_proc_Background[ thetaList=(xs_Bkg,jerUp_unc) asymmThetaList=() otherFactorList=() ] = 3.39321

datasets
--------
RooDataSet::data_obs(n_obs_binbin1)

named sets
----------
ModelConfig_GlobalObservables:(lumi_In,jesUp_unc_In,pdf_unc_In,xs_Bkg_In,jerUp_unc_In)
ModelConfig_NuisParams:(lumi,jesUp_unc,pdf_unc,xs_Bkg,jerUp_unc)
ModelConfig_Observables:(n_obs_binbin1)
ModelConfig_POI:(r)
ModelConfig_bonly_GlobalObservables:(lumi_In,jesUp_unc_In,pdf_unc_In,xs_Bkg_In,jerUp_unc_In)
ModelConfig_bonly_NuisParams:(lumi,jesUp_unc,pdf_unc,xs_Bkg,jerUp_unc)
ModelConfig_bonly_Observables:(n_obs_binbin1)
ModelConfig_bonly_POI:(r)
POI:(r)
globalObservables:(lumi_In,jesUp_unc_In,pdf_unc_In,xs_Bkg_In,jerUp_unc_In)
nuisances:(lumi,jesUp_unc,pdf_unc,xs_Bkg,jerUp_unc)
observables:(n_obs_binbin1)

generic objects
---------------
RooStats::ModelConfig::ModelConfig
RooStats::ModelConfig::ModelConfig_bonly
RooArgSet::discreteParams

Workspace has a ModelConfig for signal called 'ModelConfig', with contents:

=== Using the following for ModelConfig ===
Observables:             RooArgSet:: = (n_obs_binbin1)
Parameters of Interest:  RooArgSet:: = (r)
Nuisance Parameters:     RooArgSet:: = (lumi,jesUp_unc,pdf_unc,xs_Bkg,jerUp_unc)
Global Observables:      RooArgSet:: = (lumi_In,jesUp_unc_In,pdf_unc_In,xs_Bkg_In,jerUp_unc_In)
PDF:                     RooProdPdf::model_s[ modelObs_s * nuisancePdf ] = 0.174682

Input ModelConfig 'ModelConfig': 

=== Using the following for ModelConfig ===
Observables:             RooArgSet:: = (n_obs_binbin1)
Parameters of Interest:  RooArgSet:: = (r)
Nuisance Parameters:     RooArgSet:: = (lumi,jesUp_unc,pdf_unc,xs_Bkg,jerUp_unc)
Global Observables:      RooArgSet:: = (lumi_In,jesUp_unc_In,pdf_unc_In,xs_Bkg_In,jerUp_unc_In)
PDF:                     RooProdPdf::model_s[ modelObs_s * nuisancePdf ] = 0.174682

[#1] INFO:ObjectHandling -- RooWorkspace::import(w) importing RooUniform::prior
Computing limit starting from observation
  1) RooRealVar:: n_obs_binbin1 = 3
Set default minimizer to Minuit2
  r = 14 +/- 0
[#1] INFO:Minization --  Including the following contraint terms in minimization: (nuisancePdf)
[#1] INFO:Fitting -- RooAddition::defaultErrorLevel(nll_model_s_data_obs_with_constr) Summation contains a RooNLLVar, using its error level
Minuit2Minimizer: Minimize with max-calls 2500 convergence for edm < 0.01 strategy 1
MnSeedGenerator: for initial parameters FCN = 6.11433
MnSeedGenerator: Initial state:   - FCN =   6.114333007185 Edm =    0.0150084 NCalls =     21
VariableMetric: start iterating until Edm is < 1e-05
VariableMetric: Initial state   - FCN =   6.114333007185 Edm =    0.0150084 NCalls =     21
VariableMetric: Iteration #   1 - FCN =   6.099232398038 Edm =  5.23869e-05 NCalls =     32
VariableMetric: Iteration #   2 - FCN =   6.099177722005 Edm =  1.29834e-08 NCalls =     43
VariableMetric: After Hessian   - FCN =   6.099177722005 Edm =  1.32018e-08 NCalls =     74
Number of iterations 4
----------> Iteration 0
            FVAL = 6.11433300719 Edm = 0.0150084363075 Nfcn = 21
            Error matrix change = 1
            Parameters :  p0 = 0 p1 = 0 p2 = 0 p3 = 0 p4 = 0
----------> Iteration 1
            FVAL = 6.09923239804 Edm = 5.23869448613e-05 Nfcn = 32
            Error matrix change = 0.505999
            Parameters :  p0 = -0.0153419 p1 = 0 p2 = 0 p3 = 0 p4 = -0.101569
----------> Iteration 2
            FVAL = 6.09917772201 Edm = 1.29834441818e-08 Nfcn = 43
            Error matrix change = 0.255026
            Parameters :  p0 = -0.00560389 p1 = 0 p2 = 0 p3 = 0 p4 = -0.103906
----------> Iteration 3
            FVAL = 6.09917772201 Edm = 1.32018470446e-08 Nfcn = 74
            Error matrix change = 0
            Parameters :  p0 = -0.00560389 p1 = 0 p2 = 0 p3 = 0 p4 = -0.103906
Minuit2Minimizer : Valid minimum - status = 0
FVAL  = 6.0991777220051695
Edm   = 1.32018470445597884e-08
Nfcn  = 74
jerUp_unc	  = -0.00560389	 +/-  0.995734	(limited)
jesUp_unc	  = 0	 +/-  0.996602	(limited)
lumi	  = 0	 +/-  0.996602	(limited)
pdf_unc	  = 0	 +/-  0.996602	(limited)
xs_Bkg	  = -0.103906	 +/-  0.603688	(limited)
Zero signal fit
   0) jerUp_unc                      = -0.00560389
   1) jesUp_unc                      =         0
   2) lumi                           =         0
   3) pdf_unc                        =         0
   4) xs_Bkg                         = -0.103906

Fitting of the background hypothesis done in 0.297009 s
[#1] INFO:Fitting -- RooAddition::defaultErrorLevel(nll_model_s_data_obs_with_constr) Summation contains a RooNLLVar, using its error level
Minuit2Minimizer: Minimize with max-calls 2500 convergence for edm < 0.01 strategy 1
MnSeedGenerator: for initial parameters FCN = 15.0073
MnSeedGenerator: Initial state:   - FCN =   15.00725119706 Edm =      1.17405 NCalls =     21
VariableMetric: start iterating until Edm is < 1e-05
VariableMetric: Initial state   - FCN =   15.00725119706 Edm =      1.17405 NCalls =     21
VariableMetric: Iteration #   1 - FCN =   13.81996379395 Edm =    0.0158993 NCalls =     32
VariableMetric: Iteration #   2 - FCN =   13.79901295389 Edm =  5.86148e-05 NCalls =     44
VariableMetric: Iteration #   3 - FCN =   13.79894869217 Edm =  2.70746e-09 NCalls =     56
VariableMetric: After Hessian   - FCN =   13.79894869217 Edm =  2.78142e-09 NCalls =     87
Number of iterations 5
----------> Iteration 0
            FVAL = 15.0072511971 Edm = 1.17404536748 Nfcn = 21
            Error matrix change = 1
            Parameters :  p0 = -0.00560389 p1 = 0 p2 = 0 p3 = 0 p4 = -0.103906
----------> Iteration 1
            FVAL = 13.8199637939 Edm = 0.0158992782412 Nfcn = 32
            Error matrix change = 0.532352
            Parameters :  p0 = -0.101182 p1 = -0.545341 p2 = -0.505125 p3 = -0.642471 p4 = -0.832987
----------> Iteration 2
            FVAL = 13.7990129539 Edm = 5.86147888159e-05 Nfcn = 44
            Error matrix change = 0.28779
            Parameters :  p0 = -0.0464424 p1 = -0.496191 p2 = -0.45656 p3 = -0.595296 p4 = -0.966341
----------> Iteration 3
            FVAL = 13.7989486922 Edm = 2.70745868658e-09 Nfcn = 56
            Error matrix change = 0.16093
            Parameters :  p0 = -0.0511305 p1 = -0.500663 p2 = -0.461529 p3 = -0.597881 p4 = -0.971544
----------> Iteration 4
            FVAL = 13.7989486922 Edm = 2.78141516089e-09 Nfcn = 87
            Error matrix change = 0
            Parameters :  p0 = -0.0511305 p1 = -0.500663 p2 = -0.461529 p3 = -0.597881 p4 = -0.971544
Minuit2Minimizer : Valid minimum - status = 0
FVAL  = 13.7989486921704287
Edm   = 2.78141516089306187e-09
Nfcn  = 87
jerUp_unc	  = -0.0511305	 +/-  0.996018	(limited)
jesUp_unc	  = -0.500663	 +/-  0.982979	(limited)
lumi	  = -0.461529	 +/-  0.98504	(limited)
pdf_unc	  = -0.597881	 +/-  0.977113	(limited)
xs_Bkg	  = -0.971544	 +/-  0.755777	(limited)
Reference signal fit
   0) jerUp_unc                      = -0.0511305
   1) jesUp_unc                      = -0.500663
   2) lumi                           = -0.461529
   3) pdf_unc                        = -0.597881
   4) xs_Bkg                         = -0.971544

Fitting of the signal-plus-background hypothesis done in 0.0022428 s
      Evaluation of p-values done in  5.66268 s
	CLs = 0 +/- 0
      Evaluation of p-values done in  5.59693 s
	CLs = 0 +/- 0
      Evaluation of p-values done in  5.78829 s
	CLs = 0 +/- 0
      Evaluation of p-values done in  5.54341 s
	CLs = 0 +/- 0
      Evaluation of p-values done in  5.84393 s
	CLs = 0 +/- 0
	CLs      = 0 +/- 0
	CLb      = 0.5056 +/- 0.00707062
	CLsplusb = 0 +/- 0

Hybrid result saved as HypoTestResult_mh120_r14_3515871209 in higgsCombineTest.HybridNew.mH120.2050132810.root : higgsCombineTest.HybridNew.mH120.2050132810.root:/toys

 -- Hybrid New -- 
CLs = 0 +/- 0
Total toys: 10000
Done in 0.00 min (cpu), 0.48 min (real)
