>>> including systematics
>>> using the Profile Likelihood test statistics modified for upper limits (Q_LHC)
>>> method used to compute upper limit is HybridNew
>>> Using OpenSSL to get a really random seed 
>>> Used OpenSSL to get a really random seed 447623962
Adding /uscms_data/d2/lpcljm/sapta/SUSYSearch/LimitSetting/CMSSW_7_1_5/src to include path
Adding /cvmfs/cms.cern.ch/slc6_amd64_gcc481/lcg/roofit/5.34.18-cms3//include to include path
Input workspace 'w': 

RooWorkspace(w) w contents

variables
---------
(jerUp_unc,jerUp_unc_In,jesUp_unc,jesUp_unc_In,lumi,lumi_In,n_obs_binbin1,pdf_unc,pdf_unc_In,r,xs_Bkg,xs_Bkg_In)

p.d.f.s
-------
SimpleGaussianConstraint::jerUp_unc_Pdf[ x=jerUp_unc mean=jerUp_unc_In sigma=1 ] = 1
SimpleGaussianConstraint::jesUp_unc_Pdf[ x=jesUp_unc mean=jesUp_unc_In sigma=1 ] = 1
SimpleGaussianConstraint::lumi_Pdf[ x=lumi mean=lumi_In sigma=1 ] = 1
RooProdPdf::modelObs_b[ pdf_binbin1_bonly ] = 0.00024372
RooProdPdf::modelObs_s[ pdf_binbin1 ] = 0.000206148
RooProdPdf::model_b[ modelObs_b * nuisancePdf ] = 0.00024372
RooProdPdf::model_s[ modelObs_s * nuisancePdf ] = 0.000206148
RooProdPdf::nuisancePdf[ lumi_Pdf * jesUp_unc_Pdf * pdf_unc_Pdf * xs_Bkg_Pdf * jerUp_unc_Pdf ] = 1
RooPoisson::pdf_binbin1[ x=n_obs_binbin1 mean=n_exp_binbin1 ] = 0.000206148
RooPoisson::pdf_binbin1_bonly[ x=n_obs_binbin1 mean=n_exp_binbin1_bonly ] = 0.00024372
SimpleGaussianConstraint::pdf_unc_Pdf[ x=pdf_unc mean=pdf_unc_In sigma=1 ] = 1
SimpleGaussianConstraint::xs_Bkg_Pdf[ x=xs_Bkg mean=xs_Bkg_In sigma=1 ] = 1

functions
--------
RooAddition::n_exp_binbin1[ n_exp_binbin1_proc_BH + n_exp_binbin1_proc_Background ] = 316.388
RooAddition::n_exp_binbin1_bonly[ n_exp_binbin1_proc_Background ] = 315.388
ProcessNormalization::n_exp_binbin1_proc_BH[ thetaList=(lumi,jesUp_unc,pdf_unc) asymmThetaList=() otherFactorList=(r) ] = 1
ProcessNormalization::n_exp_binbin1_proc_Background[ thetaList=(xs_Bkg,jerUp_unc) asymmThetaList=() otherFactorList=() ] = 315.388

datasets
--------
RooDataSet::data_obs(n_obs_binbin1)

named sets
----------
ModelConfig_GlobalObservables:(lumi_In,jesUp_unc_In,pdf_unc_In,xs_Bkg_In,jerUp_unc_In)
ModelConfig_NuisParams:(lumi,jesUp_unc,pdf_unc,xs_Bkg,jerUp_unc)
ModelConfig_Observables:(n_obs_binbin1)
ModelConfig_POI:(r)
ModelConfig_bonly_GlobalObservables:(lumi_In,jesUp_unc_In,pdf_unc_In,xs_Bkg_In,jerUp_unc_In)
ModelConfig_bonly_NuisParams:(lumi,jesUp_unc,pdf_unc,xs_Bkg,jerUp_unc)
ModelConfig_bonly_Observables:(n_obs_binbin1)
ModelConfig_bonly_POI:(r)
POI:(r)
globalObservables:(lumi_In,jesUp_unc_In,pdf_unc_In,xs_Bkg_In,jerUp_unc_In)
nuisances:(lumi,jesUp_unc,pdf_unc,xs_Bkg,jerUp_unc)
observables:(n_obs_binbin1)

generic objects
---------------
RooStats::ModelConfig::ModelConfig
RooStats::ModelConfig::ModelConfig_bonly
RooArgSet::discreteParams

Workspace has a ModelConfig for signal called 'ModelConfig', with contents:

=== Using the following for ModelConfig ===
Observables:             RooArgSet:: = (n_obs_binbin1)
Parameters of Interest:  RooArgSet:: = (r)
Nuisance Parameters:     RooArgSet:: = (lumi,jesUp_unc,pdf_unc,xs_Bkg,jerUp_unc)
Global Observables:      RooArgSet:: = (lumi_In,jesUp_unc_In,pdf_unc_In,xs_Bkg_In,jerUp_unc_In)
PDF:                     RooProdPdf::model_s[ modelObs_s * nuisancePdf ] = 0.000206148

Input ModelConfig 'ModelConfig': 

=== Using the following for ModelConfig ===
Observables:             RooArgSet:: = (n_obs_binbin1)
Parameters of Interest:  RooArgSet:: = (r)
Nuisance Parameters:     RooArgSet:: = (lumi,jesUp_unc,pdf_unc,xs_Bkg,jerUp_unc)
Global Observables:      RooArgSet:: = (lumi_In,jesUp_unc_In,pdf_unc_In,xs_Bkg_In,jerUp_unc_In)
PDF:                     RooProdPdf::model_s[ modelObs_s * nuisancePdf ] = 0.000206148

[#1] INFO:ObjectHandling -- RooWorkspace::import(w) importing RooUniform::prior
Computing limit starting from observation
  1) RooRealVar:: n_obs_binbin1 = 263
Set default minimizer to Minuit2
  r = 150 +/- 0
[#1] INFO:Minization --  Including the following contraint terms in minimization: (nuisancePdf)
[#1] INFO:Fitting -- RooAddition::defaultErrorLevel(nll_model_s_data_obs_with_constr) Summation contains a RooNLLVar, using its error level
Minuit2Minimizer: Minimize with max-calls 2500 convergence for edm < 0.01 strategy 1
MnSeedGenerator: for initial parameters FCN = 12.9142
MnSeedGenerator: Initial state:   - FCN =   12.91418166509 Edm =      5.65282 NCalls =     21
VariableMetric: start iterating until Edm is < 1e-05
VariableMetric: Initial state   - FCN =   12.91418166509 Edm =      5.65282 NCalls =     21
VariableMetric: Iteration #   1 - FCN =   8.945909983593 Edm =     0.222357 NCalls =     33
VariableMetric: Iteration #   2 - FCN =   8.440408697814 Edm =  6.75079e-05 NCalls =     45
VariableMetric: Iteration #   3 - FCN =    8.44031565289 Edm =   2.7869e-07 NCalls =     56
VariableMetric: After Hessian   - FCN =    8.44031565289 Edm =  3.03859e-07 NCalls =     87
Number of iterations 5
----------> Iteration 0
            FVAL = 12.9141816651 Edm = 5.65281610085 Nfcn = 21
            Error matrix change = 1
            Parameters :  p0 = 0 p1 = 0 p2 = 0 p3 = 0 p4 = 0
----------> Iteration 1
            FVAL = 8.94590998359 Edm = 0.222357340568 Nfcn = 33
            Error matrix change = 0.527868
            Parameters :  p0 = -0.986704 p1 = 0 p2 = 0 p3 = 0 p4 = -0.344863
----------> Iteration 2
            FVAL = 8.44040869781 Edm = 6.75079239182e-05 Nfcn = 45
            Error matrix change = 0.335735
            Parameters :  p0 = -0.0485319 p1 = 0 p2 = 0 p3 = 0 p4 = -0.517795
----------> Iteration 3
            FVAL = 8.44031565289 Edm = 2.7869002659e-07 Nfcn = 56
            Error matrix change = 0.170055
            Parameters :  p0 = -0.0604537 p1 = 0 p2 = 0 p3 = 0 p4 = -0.517441
----------> Iteration 4
            FVAL = 8.44031565289 Edm = 3.03858843464e-07 Nfcn = 87
            Error matrix change = 0
            Parameters :  p0 = -0.0604537 p1 = 0 p2 = 0 p3 = 0 p4 = -0.517441
Minuit2Minimizer : Valid minimum - status = 0
FVAL  = 8.44031565288970853
Edm   = 3.03858843464155375e-07
Nfcn  = 87
jerUp_unc	  = -0.0604537	 +/-  0.990143	(limited)
jesUp_unc	  = 0	 +/-  0.996602	(limited)
lumi	  = 0	 +/-  0.996602	(limited)
pdf_unc	  = 0	 +/-  0.996602	(limited)
xs_Bkg	  = -0.517441	 +/-  0.212644	(limited)
Zero signal fit
   0) jerUp_unc                      = -0.0604537
   1) jesUp_unc                      =         0
   2) lumi                           =         0
   3) pdf_unc                        =         0
   4) xs_Bkg                         = -0.517441

Fitting of the background hypothesis done in 0.233494 s
[#1] INFO:Fitting -- RooAddition::defaultErrorLevel(nll_model_s_data_obs_with_constr) Summation contains a RooNLLVar, using its error level
Minuit2Minimizer: Minimize with max-calls 2500 convergence for edm < 0.01 strategy 1
MnSeedGenerator: for initial parameters FCN = 40.3129
MnSeedGenerator: Initial state:   - FCN =   40.31288397121 Edm =      35.7238 NCalls =     21
VariableMetric: start iterating until Edm is < 1e-05
VariableMetric: Initial state   - FCN =   40.31288397121 Edm =      35.7238 NCalls =     21
VariableMetric: Iteration #   1 - FCN =   17.21239368668 Edm =      1.85545 NCalls =     33
VariableMetric: Iteration #   2 - FCN =   12.41725488442 Edm =     0.260606 NCalls =     45
VariableMetric: Iteration #   3 - FCN =   12.03556951459 Edm =     0.015296 NCalls =     57
VariableMetric: Iteration #   4 - FCN =   12.01199938939 Edm =  0.000246946 NCalls =     69
VariableMetric: Iteration #   5 - FCN =   12.01172562329 Edm =  7.34066e-07 NCalls =     81
VariableMetric: After Hessian   - FCN =   12.01172562329 Edm =  8.86595e-07 NCalls =    112
Number of iterations 7
----------> Iteration 0
            FVAL = 40.3128839712 Edm = 35.7237551251 Nfcn = 21
            Error matrix change = 1
            Parameters :  p0 = -0.0604537 p1 = 0 p2 = 0 p3 = 0 p4 = -0.517441
----------> Iteration 1
            FVAL = 17.2123936867 Edm = 1.85545004051 Nfcn = 33
            Error matrix change = 0.608646
            Parameters :  p0 = -1.96427 p1 = -1.49266 p2 = -1.41426 p3 = -1.65572 p4 = -1.40817
----------> Iteration 2
            FVAL = 12.4172548844 Edm = 0.260605628846 Nfcn = 45
            Error matrix change = 0.461017
            Parameters :  p0 = -0.398199 p1 = -0.237401 p2 = -0.140579 p3 = -0.512666 p4 = -2.19977
----------> Iteration 3
            FVAL = 12.0355695146 Edm = 0.0152960143153 Nfcn = 57
            Error matrix change = 0.265568
            Parameters :  p0 = -0.20483 p1 = -0.455437 p2 = -0.427143 p3 = -0.546444 p4 = -2.40176
----------> Iteration 4
            FVAL = 12.0119993894 Edm = 0.00024694588274 Nfcn = 69
            Error matrix change = 0.220421
            Parameters :  p0 = -0.269894 p1 = -0.368931 p2 = -0.341744 p3 = -0.433176 p4 = -2.46425
----------> Iteration 5
            FVAL = 12.0117256233 Edm = 7.34065666047e-07 Nfcn = 81
            Error matrix change = 0.132037
            Parameters :  p0 = -0.288511 p1 = -0.3719 p2 = -0.342883 p3 = -0.442478 p4 = -2.4635
----------> Iteration 6
            FVAL = 12.0117256233 Edm = 8.86594684642e-07 Nfcn = 112
            Error matrix change = 0
            Parameters :  p0 = -0.288511 p1 = -0.3719 p2 = -0.342883 p3 = -0.442478 p4 = -2.4635
Minuit2Minimizer : Valid minimum - status = 0
FVAL  = 12.0117256232854981
Edm   = 8.86594684642365115e-07
Nfcn  = 112
jerUp_unc	  = -0.288511	 +/-  0.99093	(limited)
jesUp_unc	  = -0.3719	 +/-  0.974763	(limited)
lumi	  = -0.342883	 +/-  0.978078	(limited)
pdf_unc	  = -0.442478	 +/-  0.965291	(limited)
xs_Bkg	  = -2.4635	 +/-  0.401987	(limited)
Reference signal fit
   0) jerUp_unc                      = -0.288511
   1) jesUp_unc                      =   -0.3719
   2) lumi                           = -0.342883
   3) pdf_unc                        = -0.442478
   4) xs_Bkg                         =   -2.4635

Fitting of the signal-plus-background hypothesis done in 0.00192809 s
      Evaluation of p-values done in  6.39471 s
	CLs = 0.00925926 +/- 0.00535454
      Evaluation of p-values done in  6.25929 s
	CLs = 0.0114754 +/- 0.00434699
      Evaluation of p-values done in  6.3083 s
	CLs = 0.0140693 +/- 0.00391264
      Evaluation of p-values done in  6.32184 s
	CLs = 0.0160256 +/- 0.00359422
      Evaluation of p-values done in  6.41047 s
	CLs = 0.0142119 +/- 0.00303817
	CLs      = 0.0142119 +/- 0.00303817
	CLb      = 0.3096 +/- 0.00653832
	CLsplusb = 0.0044 +/- 0.000936017

Hybrid result saved as HypoTestResult_mh120_r150_87596988 in higgsCombineTest.HybridNew.mH120.447623962.root : higgsCombineTest.HybridNew.mH120.447623962.root:/toys

 -- Hybrid New -- 
CLs = 0.0142119 +/- 0.00303817
Total toys: 10000
Done in 0.00 min (cpu), 0.53 min (real)
