>>> including systematics
>>> using the Profile Likelihood test statistics modified for upper limits (Q_LHC)
>>> method used to compute upper limit is HybridNew
>>> Using OpenSSL to get a really random seed 
>>> Used OpenSSL to get a really random seed -1464355715
Adding /uscms_data/d2/lpcljm/sapta/SUSYSearch/LimitSetting/CMSSW_7_1_5/src to include path
Adding /cvmfs/cms.cern.ch/slc6_amd64_gcc481/lcg/roofit/5.34.18-cms3//include to include path
Input workspace 'w': 

RooWorkspace(w) w contents

variables
---------
(jerUp_unc,jerUp_unc_In,jesUp_unc,jesUp_unc_In,lumi,lumi_In,n_obs_binbin1,pdf_unc,pdf_unc_In,r,xs_Bkg,xs_Bkg_In)

p.d.f.s
-------
SimpleGaussianConstraint::jerUp_unc_Pdf[ x=jerUp_unc mean=jerUp_unc_In sigma=1 ] = 1
SimpleGaussianConstraint::jesUp_unc_Pdf[ x=jesUp_unc mean=jesUp_unc_In sigma=1 ] = 1
SimpleGaussianConstraint::lumi_Pdf[ x=lumi mean=lumi_In sigma=1 ] = 1
RooProdPdf::modelObs_b[ pdf_binbin1_bonly ] = 0.00024372
RooProdPdf::modelObs_s[ pdf_binbin1 ] = 0.000206148
RooProdPdf::model_b[ modelObs_b * nuisancePdf ] = 0.00024372
RooProdPdf::model_s[ modelObs_s * nuisancePdf ] = 0.000206148
RooProdPdf::nuisancePdf[ lumi_Pdf * jesUp_unc_Pdf * pdf_unc_Pdf * xs_Bkg_Pdf * jerUp_unc_Pdf ] = 1
RooPoisson::pdf_binbin1[ x=n_obs_binbin1 mean=n_exp_binbin1 ] = 0.000206148
RooPoisson::pdf_binbin1_bonly[ x=n_obs_binbin1 mean=n_exp_binbin1_bonly ] = 0.00024372
SimpleGaussianConstraint::pdf_unc_Pdf[ x=pdf_unc mean=pdf_unc_In sigma=1 ] = 1
SimpleGaussianConstraint::xs_Bkg_Pdf[ x=xs_Bkg mean=xs_Bkg_In sigma=1 ] = 1

functions
--------
RooAddition::n_exp_binbin1[ n_exp_binbin1_proc_BH + n_exp_binbin1_proc_Background ] = 316.388
RooAddition::n_exp_binbin1_bonly[ n_exp_binbin1_proc_Background ] = 315.388
ProcessNormalization::n_exp_binbin1_proc_BH[ thetaList=(lumi,jesUp_unc,pdf_unc) asymmThetaList=() otherFactorList=(r) ] = 1
ProcessNormalization::n_exp_binbin1_proc_Background[ thetaList=(xs_Bkg,jerUp_unc) asymmThetaList=() otherFactorList=() ] = 315.388

datasets
--------
RooDataSet::data_obs(n_obs_binbin1)

named sets
----------
ModelConfig_GlobalObservables:(lumi_In,jesUp_unc_In,pdf_unc_In,xs_Bkg_In,jerUp_unc_In)
ModelConfig_NuisParams:(lumi,jesUp_unc,pdf_unc,xs_Bkg,jerUp_unc)
ModelConfig_Observables:(n_obs_binbin1)
ModelConfig_POI:(r)
ModelConfig_bonly_GlobalObservables:(lumi_In,jesUp_unc_In,pdf_unc_In,xs_Bkg_In,jerUp_unc_In)
ModelConfig_bonly_NuisParams:(lumi,jesUp_unc,pdf_unc,xs_Bkg,jerUp_unc)
ModelConfig_bonly_Observables:(n_obs_binbin1)
ModelConfig_bonly_POI:(r)
POI:(r)
globalObservables:(lumi_In,jesUp_unc_In,pdf_unc_In,xs_Bkg_In,jerUp_unc_In)
nuisances:(lumi,jesUp_unc,pdf_unc,xs_Bkg,jerUp_unc)
observables:(n_obs_binbin1)

generic objects
---------------
RooStats::ModelConfig::ModelConfig
RooStats::ModelConfig::ModelConfig_bonly
RooArgSet::discreteParams

Workspace has a ModelConfig for signal called 'ModelConfig', with contents:

=== Using the following for ModelConfig ===
Observables:             RooArgSet:: = (n_obs_binbin1)
Parameters of Interest:  RooArgSet:: = (r)
Nuisance Parameters:     RooArgSet:: = (lumi,jesUp_unc,pdf_unc,xs_Bkg,jerUp_unc)
Global Observables:      RooArgSet:: = (lumi_In,jesUp_unc_In,pdf_unc_In,xs_Bkg_In,jerUp_unc_In)
PDF:                     RooProdPdf::model_s[ modelObs_s * nuisancePdf ] = 0.000206148

Input ModelConfig 'ModelConfig': 

=== Using the following for ModelConfig ===
Observables:             RooArgSet:: = (n_obs_binbin1)
Parameters of Interest:  RooArgSet:: = (r)
Nuisance Parameters:     RooArgSet:: = (lumi,jesUp_unc,pdf_unc,xs_Bkg,jerUp_unc)
Global Observables:      RooArgSet:: = (lumi_In,jesUp_unc_In,pdf_unc_In,xs_Bkg_In,jerUp_unc_In)
PDF:                     RooProdPdf::model_s[ modelObs_s * nuisancePdf ] = 0.000206148

[#1] INFO:ObjectHandling -- RooWorkspace::import(w) importing RooUniform::prior
Computing limit starting from observation
  1) RooRealVar:: n_obs_binbin1 = 263
Set default minimizer to Minuit2
  r = 180 +/- 0
[#1] INFO:Minization --  Including the following contraint terms in minimization: (nuisancePdf)
[#1] INFO:Fitting -- RooAddition::defaultErrorLevel(nll_model_s_data_obs_with_constr) Summation contains a RooNLLVar, using its error level
Minuit2Minimizer: Minimize with max-calls 2500 convergence for edm < 0.01 strategy 1
MnSeedGenerator: for initial parameters FCN = 12.9142
MnSeedGenerator: Initial state:   - FCN =   12.91418166509 Edm =      5.65282 NCalls =     21
VariableMetric: start iterating until Edm is < 1e-05
VariableMetric: Initial state   - FCN =   12.91418166509 Edm =      5.65282 NCalls =     21
VariableMetric: Iteration #   1 - FCN =   8.945909983593 Edm =     0.222357 NCalls =     33
VariableMetric: Iteration #   2 - FCN =   8.440408697814 Edm =  6.75079e-05 NCalls =     45
VariableMetric: Iteration #   3 - FCN =    8.44031565289 Edm =   2.7869e-07 NCalls =     56
VariableMetric: After Hessian   - FCN =    8.44031565289 Edm =  3.03859e-07 NCalls =     87
Number of iterations 5
----------> Iteration 0
            FVAL = 12.9141816651 Edm = 5.65281610085 Nfcn = 21
            Error matrix change = 1
            Parameters :  p0 = 0 p1 = 0 p2 = 0 p3 = 0 p4 = 0
----------> Iteration 1
            FVAL = 8.94590998359 Edm = 0.222357340568 Nfcn = 33
            Error matrix change = 0.527868
            Parameters :  p0 = -0.986704 p1 = 0 p2 = 0 p3 = 0 p4 = -0.344863
----------> Iteration 2
            FVAL = 8.44040869781 Edm = 6.75079239182e-05 Nfcn = 45
            Error matrix change = 0.335735
            Parameters :  p0 = -0.0485319 p1 = 0 p2 = 0 p3 = 0 p4 = -0.517795
----------> Iteration 3
            FVAL = 8.44031565289 Edm = 2.7869002659e-07 Nfcn = 56
            Error matrix change = 0.170055
            Parameters :  p0 = -0.0604537 p1 = 0 p2 = 0 p3 = 0 p4 = -0.517441
----------> Iteration 4
            FVAL = 8.44031565289 Edm = 3.03858843464e-07 Nfcn = 87
            Error matrix change = 0
            Parameters :  p0 = -0.0604537 p1 = 0 p2 = 0 p3 = 0 p4 = -0.517441
Minuit2Minimizer : Valid minimum - status = 0
FVAL  = 8.44031565288970853
Edm   = 3.03858843464155375e-07
Nfcn  = 87
jerUp_unc	  = -0.0604537	 +/-  0.990143	(limited)
jesUp_unc	  = 0	 +/-  0.996602	(limited)
lumi	  = 0	 +/-  0.996602	(limited)
pdf_unc	  = 0	 +/-  0.996602	(limited)
xs_Bkg	  = -0.517441	 +/-  0.212644	(limited)
Zero signal fit
   0) jerUp_unc                      = -0.0604537
   1) jesUp_unc                      =         0
   2) lumi                           =         0
   3) pdf_unc                        =         0
   4) xs_Bkg                         = -0.517441

Fitting of the background hypothesis done in 0.216631 s
[#1] INFO:Fitting -- RooAddition::defaultErrorLevel(nll_model_s_data_obs_with_constr) Summation contains a RooNLLVar, using its error level
Minuit2Minimizer: Minimize with max-calls 2500 convergence for edm < 0.01 strategy 1
MnSeedGenerator: for initial parameters FCN = 51.9377
MnSeedGenerator: Initial state:   - FCN =   51.93765301909 Edm =      49.2314 NCalls =     21
VariableMetric: start iterating until Edm is < 1e-05
VariableMetric: Initial state   - FCN =   51.93765301909 Edm =      49.2314 NCalls =     21
VariableMetric: Iteration #   1 - FCN =   20.84156530186 Edm =      2.30557 NCalls =     33
VariableMetric: Iteration #   2 - FCN =   14.47016243169 Edm =     0.407149 NCalls =     45
VariableMetric: Iteration #   3 - FCN =   13.82107177615 Edm =    0.0419804 NCalls =     57
VariableMetric: Iteration #   4 - FCN =    13.7542249225 Edm =  0.000969167 NCalls =     69
VariableMetric: Iteration #   5 - FCN =     13.753100868 Edm =  9.57436e-06 NCalls =     81
VariableMetric: Iteration #   6 - FCN =   13.75308873598 Edm =  4.03114e-08 NCalls =     93
VariableMetric: After Hessian   - FCN =   13.75308873598 Edm =  4.39179e-08 NCalls =    124
Number of iterations 8
----------> Iteration 0
            FVAL = 51.9376530191 Edm = 49.231367988 Nfcn = 21
            Error matrix change = 1
            Parameters :  p0 = -0.0604537 p1 = 0 p2 = 0 p3 = 0 p4 = -0.517441
----------> Iteration 1
            FVAL = 20.8415653019 Edm = 2.30556810455 Nfcn = 33
            Error matrix change = 0.611488
            Parameters :  p0 = -2.16078 p1 = -1.86449 p2 = -1.77866 p3 = -2.0331 p4 = -1.50972
----------> Iteration 2
            FVAL = 14.4701624317 Edm = 0.407148535567 Nfcn = 45
            Error matrix change = 0.467119
            Parameters :  p0 = -0.373216 p1 = -0.444152 p2 = -0.289804 p3 = -0.858763 p4 = -2.46831
----------> Iteration 3
            FVAL = 13.8210717761 Edm = 0.0419803570323 Nfcn = 57
            Error matrix change = 0.278058
            Parameters :  p0 = -0.213771 p1 = -0.715536 p2 = -0.672892 p3 = -0.862972 p4 = -2.74334
----------> Iteration 4
            FVAL = 13.7542249225 Edm = 0.000969166620538 Nfcn = 69
            Error matrix change = 0.232204
            Parameters :  p0 = -0.30302 p1 = -0.572329 p2 = -0.534687 p3 = -0.665881 p4 = -2.86302
----------> Iteration 5
            FVAL = 13.753100868 Edm = 9.57435599682e-06 Nfcn = 81
            Error matrix change = 0.147441
            Parameters :  p0 = -0.33675 p1 = -0.57741 p2 = -0.533072 p3 = -0.683958 p4 = -2.86552
----------> Iteration 6
            FVAL = 13.753088736 Edm = 4.03114178385e-08 Nfcn = 93
            Error matrix change = 0.137552
            Parameters :  p0 = -0.335636 p1 = -0.575098 p2 = -0.52994 p3 = -0.686688 p4 = -2.86594
----------> Iteration 7
            FVAL = 13.753088736 Edm = 4.3917913949e-08 Nfcn = 124
            Error matrix change = 0
            Parameters :  p0 = -0.335636 p1 = -0.575098 p2 = -0.52994 p3 = -0.686688 p4 = -2.86594
Minuit2Minimizer : Valid minimum - status = 0
FVAL  = 13.7530887359837166
Edm   = 4.39179139490217346e-08
Nfcn  = 124
jerUp_unc	  = -0.335636	 +/-  0.991203	(limited)
jesUp_unc	  = -0.575098	 +/-  0.963061	(limited)
lumi	  = -0.52994	 +/-  0.968179	(limited)
pdf_unc	  = -0.686688	 +/-  0.948391	(limited)
xs_Bkg	  = -2.86594	 +/-  0.449683	(limited)
Reference signal fit
   0) jerUp_unc                      = -0.335636
   1) jesUp_unc                      = -0.575098
   2) lumi                           =  -0.52994
   3) pdf_unc                        = -0.686688
   4) xs_Bkg                         =  -2.86594

Fitting of the signal-plus-background hypothesis done in 0.00166702 s
      Evaluation of p-values done in  6.62463 s
	CLs = 0.00310559 +/- 0.00310731
      Evaluation of p-values done in  6.43323 s
	CLs = 0.00153139 +/- 0.0015318
      Evaluation of p-values done in  6.59131 s
	CLs = 0.00102669 +/- 0.00102688
      Evaluation of p-values done in  6.58898 s
	CLs = 0.0015748 +/- 0.00111387
      Evaluation of p-values done in  6.6609 s
	CLs = 0.001868 +/- 0.00107885
	CLs      = 0.001868 +/- 0.00107885
	CLb      = 0.3212 +/- 0.00660349
	CLsplusb = 0.0006 +/- 0.000346306

Hybrid result saved as HypoTestResult_mh120_r180_495440128 in higgsCombineTest.HybridNew.mH120.-1464355715.root : higgsCombineTest.HybridNew.mH120.-1464355715.root:/toys

 -- Hybrid New -- 
CLs = 0.001868 +/- 0.00107885
Total toys: 10000
Done in 0.00 min (cpu), 0.55 min (real)
