>>> including systematics
>>> using the Profile Likelihood test statistics modified for upper limits (Q_LHC)
>>> method used to compute upper limit is HybridNew
>>> Using OpenSSL to get a really random seed 
>>> Used OpenSSL to get a really random seed -1139911320
Adding /uscms_data/d2/lpcljm/sapta/SUSYSearch/LimitSetting/CMSSW_7_1_5/src to include path
Adding /cvmfs/cms.cern.ch/slc6_amd64_gcc481/lcg/roofit/5.34.18-cms3//include to include path
Input workspace 'w': 

RooWorkspace(w) w contents

variables
---------
(jerUp_unc,jerUp_unc_In,jesUp_unc,jesUp_unc_In,lumi,lumi_In,n_obs_binbin1,pdf_unc,pdf_unc_In,r,xs_Bkg,xs_Bkg_In)

p.d.f.s
-------
SimpleGaussianConstraint::jerUp_unc_Pdf[ x=jerUp_unc mean=jerUp_unc_In sigma=1 ] = 1
SimpleGaussianConstraint::jesUp_unc_Pdf[ x=jesUp_unc mean=jesUp_unc_In sigma=1 ] = 1
SimpleGaussianConstraint::lumi_Pdf[ x=lumi mean=lumi_In sigma=1 ] = 1
RooProdPdf::modelObs_b[ pdf_binbin1_bonly ] = 0.00290516
RooProdPdf::modelObs_s[ pdf_binbin1 ] = 0.0027561
RooProdPdf::model_b[ modelObs_b * nuisancePdf ] = 0.00290516
RooProdPdf::model_s[ modelObs_s * nuisancePdf ] = 0.0027561
RooProdPdf::nuisancePdf[ lumi_Pdf * jesUp_unc_Pdf * pdf_unc_Pdf * xs_Bkg_Pdf * jerUp_unc_Pdf ] = 1
RooPoisson::pdf_binbin1[ x=n_obs_binbin1 mean=n_exp_binbin1 ] = 0.0027561
RooPoisson::pdf_binbin1_bonly[ x=n_obs_binbin1 mean=n_exp_binbin1_bonly ] = 0.00290516
SimpleGaussianConstraint::pdf_unc_Pdf[ x=pdf_unc mean=pdf_unc_In sigma=1 ] = 1
SimpleGaussianConstraint::xs_Bkg_Pdf[ x=xs_Bkg mean=xs_Bkg_In sigma=1 ] = 1

functions
--------
RooAddition::n_exp_binbin1[ n_exp_binbin1_proc_BH + n_exp_binbin1_proc_Background ] = 1058.21
RooAddition::n_exp_binbin1_bonly[ n_exp_binbin1_proc_Background ] = 1057.21
ProcessNormalization::n_exp_binbin1_proc_BH[ thetaList=(lumi,jesUp_unc,pdf_unc) asymmThetaList=() otherFactorList=(r) ] = 1
ProcessNormalization::n_exp_binbin1_proc_Background[ thetaList=(xs_Bkg,jerUp_unc) asymmThetaList=() otherFactorList=() ] = 1057.21

datasets
--------
RooDataSet::data_obs(n_obs_binbin1)

named sets
----------
ModelConfig_GlobalObservables:(lumi_In,jesUp_unc_In,pdf_unc_In,xs_Bkg_In,jerUp_unc_In)
ModelConfig_NuisParams:(lumi,jesUp_unc,pdf_unc,xs_Bkg,jerUp_unc)
ModelConfig_Observables:(n_obs_binbin1)
ModelConfig_POI:(r)
ModelConfig_bonly_GlobalObservables:(lumi_In,jesUp_unc_In,pdf_unc_In,xs_Bkg_In,jerUp_unc_In)
ModelConfig_bonly_NuisParams:(lumi,jesUp_unc,pdf_unc,xs_Bkg,jerUp_unc)
ModelConfig_bonly_Observables:(n_obs_binbin1)
ModelConfig_bonly_POI:(r)
POI:(r)
globalObservables:(lumi_In,jesUp_unc_In,pdf_unc_In,xs_Bkg_In,jerUp_unc_In)
nuisances:(lumi,jesUp_unc,pdf_unc,xs_Bkg,jerUp_unc)
observables:(n_obs_binbin1)

generic objects
---------------
RooStats::ModelConfig::ModelConfig
RooStats::ModelConfig::ModelConfig_bonly
RooArgSet::discreteParams

Workspace has a ModelConfig for signal called 'ModelConfig', with contents:

=== Using the following for ModelConfig ===
Observables:             RooArgSet:: = (n_obs_binbin1)
Parameters of Interest:  RooArgSet:: = (r)
Nuisance Parameters:     RooArgSet:: = (lumi,jesUp_unc,pdf_unc,xs_Bkg,jerUp_unc)
Global Observables:      RooArgSet:: = (lumi_In,jesUp_unc_In,pdf_unc_In,xs_Bkg_In,jerUp_unc_In)
PDF:                     RooProdPdf::model_s[ modelObs_s * nuisancePdf ] = 0.0027561

Input ModelConfig 'ModelConfig': 

=== Using the following for ModelConfig ===
Observables:             RooArgSet:: = (n_obs_binbin1)
Parameters of Interest:  RooArgSet:: = (r)
Nuisance Parameters:     RooArgSet:: = (lumi,jesUp_unc,pdf_unc,xs_Bkg,jerUp_unc)
Global Observables:      RooArgSet:: = (lumi_In,jesUp_unc_In,pdf_unc_In,xs_Bkg_In,jerUp_unc_In)
PDF:                     RooProdPdf::model_s[ modelObs_s * nuisancePdf ] = 0.0027561

[#1] INFO:ObjectHandling -- RooWorkspace::import(w) importing RooUniform::prior
Computing limit starting from observation
  1) RooRealVar:: n_obs_binbin1 = 1002
Set default minimizer to Minuit2
  r = 210 +/- 0
[#1] INFO:Minization --  Including the following contraint terms in minimization: (nuisancePdf)
[#1] INFO:Fitting -- RooAddition::defaultErrorLevel(nll_model_s_data_obs_with_constr) Summation contains a RooNLLVar, using its error level
Minuit2Minimizer: Minimize with max-calls 2500 convergence for edm < 0.01 strategy 1
MnSeedGenerator: for initial parameters FCN = 10.436
MnSeedGenerator: Initial state:   - FCN =    10.4359602983 Edm =      2.30827 NCalls =     21
VariableMetric: start iterating until Edm is < 1e-05
VariableMetric: Initial state   - FCN =    10.4359602983 Edm =      2.30827 NCalls =     21
VariableMetric: Iteration #   1 - FCN =   9.104688210867 Edm =    0.0244305 NCalls =     33
VariableMetric: Iteration #   2 - FCN =   8.995499802835 Edm =  0.000272255 NCalls =     45
VariableMetric: Iteration #   3 - FCN =   8.995220752417 Edm =  2.21192e-07 NCalls =     56
VariableMetric: After Hessian   - FCN =   8.995220752417 Edm =  2.27806e-07 NCalls =     87
Number of iterations 5
----------> Iteration 0
            FVAL = 10.4359602983 Edm = 2.30827099786 Nfcn = 21
            Error matrix change = 1
            Parameters :  p0 = 0 p1 = 0 p2 = 0 p3 = 0 p4 = 0
----------> Iteration 1
            FVAL = 9.10468821087 Edm = 0.0244304589749 Nfcn = 33
            Error matrix change = 0.518245
            Parameters :  p0 = -0.480652 p1 = 0 p2 = 0 p3 = 0 p4 = -0.131853
----------> Iteration 2
            FVAL = 8.99549980283 Edm = 0.000272254566259 Nfcn = 45
            Error matrix change = 0.363192
            Parameters :  p0 = -0.0321579 p1 = 0 p2 = 0 p3 = 0 p4 = -0.223332
----------> Iteration 3
            FVAL = 8.99522075242 Edm = 2.21191965619e-07 Nfcn = 56
            Error matrix change = 0.181735
            Parameters :  p0 = -0.0388385 p1 = 0 p2 = 0 p3 = 0 p4 = -0.225224
----------> Iteration 4
            FVAL = 8.99522075242 Edm = 2.278060203e-07 Nfcn = 87
            Error matrix change = 0
            Parameters :  p0 = -0.0388385 p1 = 0 p2 = 0 p3 = 0 p4 = -0.225224
Minuit2Minimizer : Valid minimum - status = 0
FVAL  = 8.99522075241718255
Edm   = 2.27806020300338469e-07
Nfcn  = 87
jerUp_unc	  = -0.0388385	 +/-  0.98249	(limited)
jesUp_unc	  = 0	 +/-  0.996602	(limited)
lumi	  = 0	 +/-  0.996602	(limited)
pdf_unc	  = 0	 +/-  0.996602	(limited)
xs_Bkg	  = -0.225224	 +/-  0.216635	(limited)
Zero signal fit
   0) jerUp_unc                      = -0.0388385
   1) jesUp_unc                      =         0
   2) lumi                           =         0
   3) pdf_unc                        =         0
   4) xs_Bkg                         = -0.225224

Fitting of the background hypothesis done in 0.258868 s
[#1] INFO:Fitting -- RooAddition::defaultErrorLevel(nll_model_s_data_obs_with_constr) Summation contains a RooNLLVar, using its error level
Minuit2Minimizer: Minimize with max-calls 2500 convergence for edm < 0.01 strategy 1
MnSeedGenerator: for initial parameters FCN = 28.5163
MnSeedGenerator: Initial state:   - FCN =   28.51631255493 Edm =      31.4072 NCalls =     21
VariableMetric: start iterating until Edm is < 1e-05
VariableMetric: Initial state   - FCN =   28.51631255493 Edm =      31.4072 NCalls =     21
VariableMetric: Iteration #   1 - FCN =   12.05275644979 Edm =     0.811377 NCalls =     33
VariableMetric: Iteration #   2 - FCN =   10.41438321895 Edm =     0.280929 NCalls =     45
VariableMetric: Iteration #   3 - FCN =   9.753097970496 Edm =     0.022041 NCalls =     57
VariableMetric: Iteration #   4 - FCN =   9.725357532703 Edm =   0.00029611 NCalls =     69
VariableMetric: Iteration #   5 - FCN =    9.72504191381 Edm =  5.42381e-08 NCalls =     81
VariableMetric: After Hessian   - FCN =    9.72504191381 Edm =  5.83491e-08 NCalls =    112
Number of iterations 7
----------> Iteration 0
            FVAL = 28.5163125549 Edm = 31.4072081356 Nfcn = 21
            Error matrix change = 1
            Parameters :  p0 = -0.0388385 p1 = 0 p2 = 0 p3 = 0 p4 = -0.225224
----------> Iteration 1
            FVAL = 12.0527564498 Edm = 0.811377150246 Nfcn = 33
            Error matrix change = 0.593193
            Parameters :  p0 = -1.63781 p1 = -0.84752 p2 = -0.797845 p3 = -0.955764 p4 = -0.702772
----------> Iteration 2
            FVAL = 10.4143832189 Edm = 0.280928781092 Nfcn = 45
            Error matrix change = 0.4549
            Parameters :  p0 = -1.19165 p1 = 0.130284 p2 = 0.153769 p3 = 0.0496952 p4 = -0.96128
----------> Iteration 3
            FVAL = 9.7530979705 Edm = 0.0220410145184 Nfcn = 57
            Error matrix change = 0.337425
            Parameters :  p0 = -0.35814 p1 = -0.0845122 p2 = -0.104222 p3 = -0.0331075 p4 = -1.19167
----------> Iteration 4
            FVAL = 9.7253575327 Edm = 0.000296109617313 Nfcn = 69
            Error matrix change = 0.194788
            Parameters :  p0 = -0.199247 p1 = -0.0564074 p2 = -0.0520862 p3 = -0.0609799 p4 = -1.19326
----------> Iteration 5
            FVAL = 9.72504191381 Edm = 5.42381255158e-08 Nfcn = 81
            Error matrix change = 0.114827
            Parameters :  p0 = -0.205625 p1 = -0.0664578 p2 = -0.0609852 p3 = -0.07908 p4 = -1.18865
----------> Iteration 6
            FVAL = 9.72504191381 Edm = 5.8349094233e-08 Nfcn = 112
            Error matrix change = 0
            Parameters :  p0 = -0.205625 p1 = -0.0664578 p2 = -0.0609852 p3 = -0.07908 p4 = -1.18865
Minuit2Minimizer : Valid minimum - status = 0
FVAL  = 9.72504191380962979
Edm   = 5.83490942329819232e-08
Nfcn  = 112
jerUp_unc	  = -0.205625	 +/-  0.982782	(limited)
jesUp_unc	  = -0.0664578	 +/-  0.993229	(limited)
lumi	  = -0.0609852	 +/-  0.993737	(limited)
pdf_unc	  = -0.07908	 +/-  0.991788	(limited)
xs_Bkg	  = -1.18865	 +/-  0.256219	(limited)
Reference signal fit
   0) jerUp_unc                      = -0.205625
   1) jesUp_unc                      = -0.0664578
   2) lumi                           = -0.0609852
   3) pdf_unc                        =  -0.07908
   4) xs_Bkg                         =  -1.18865

Fitting of the signal-plus-background hypothesis done in 0.00242496 s
      Evaluation of p-values done in  7.02796 s
	CLs = 0.242353 +/- 0.0243099
      Evaluation of p-values done in  6.8897 s
	CLs = 0.247904 +/- 0.0175794
      Evaluation of p-values done in  6.58883 s
	CLs = 0.256939 +/- 0.0145636
      Evaluation of p-values done in  6.83659 s
	CLs = 0.264706 +/- 0.0128806
      Evaluation of p-values done in  6.55026 s
	CLs = 0.258993 +/- 0.0113823
	CLs      = 0.258993 +/- 0.0113823
	CLb      = 0.417 +/- 0.00697296
	CLsplusb = 0.108 +/- 0.00438944

Hybrid result saved as HypoTestResult_mh120_r210_3693469755 in higgsCombineTest.HybridNew.mH120.-1139911320.root : higgsCombineTest.HybridNew.mH120.-1139911320.root:/toys

 -- Hybrid New -- 
CLs = 0.258993 +/- 0.0113823
Total toys: 10000
Done in 0.00 min (cpu), 0.57 min (real)
