>>> including systematics
>>> using the Profile Likelihood test statistics modified for upper limits (Q_LHC)
>>> method used to compute upper limit is HybridNew
>>> Using OpenSSL to get a really random seed 
>>> Used OpenSSL to get a really random seed -1615680027
Adding /uscms_data/d2/lpcljm/sapta/SUSYSearch/LimitSetting/CMSSW_7_1_5/src to include path
Adding /cvmfs/cms.cern.ch/slc6_amd64_gcc481/lcg/roofit/5.34.18-cms3//include to include path
Input workspace 'w': 

RooWorkspace(w) w contents

variables
---------
(jerUp_unc,jerUp_unc_In,jesUp_unc,jesUp_unc_In,lumi,lumi_In,n_obs_binbin1,pdf_unc,pdf_unc_In,r,xs_Bkg,xs_Bkg_In)

p.d.f.s
-------
SimpleGaussianConstraint::jerUp_unc_Pdf[ x=jerUp_unc mean=jerUp_unc_In sigma=1 ] = 1
SimpleGaussianConstraint::jesUp_unc_Pdf[ x=jesUp_unc mean=jesUp_unc_In sigma=1 ] = 1
SimpleGaussianConstraint::lumi_Pdf[ x=lumi mean=lumi_In sigma=1 ] = 1
RooProdPdf::modelObs_b[ pdf_binbin1_bonly ] = 0.0262734
RooProdPdf::modelObs_s[ pdf_binbin1 ] = 0.0205368
RooProdPdf::model_b[ modelObs_b * nuisancePdf ] = 0.0262734
RooProdPdf::model_s[ modelObs_s * nuisancePdf ] = 0.0205368
RooProdPdf::nuisancePdf[ lumi_Pdf * jesUp_unc_Pdf * pdf_unc_Pdf * xs_Bkg_Pdf * jerUp_unc_Pdf ] = 1
RooPoisson::pdf_binbin1[ x=n_obs_binbin1 mean=n_exp_binbin1 ] = 0.0205368
RooPoisson::pdf_binbin1_bonly[ x=n_obs_binbin1 mean=n_exp_binbin1_bonly ] = 0.0262734
SimpleGaussianConstraint::pdf_unc_Pdf[ x=pdf_unc mean=pdf_unc_In sigma=1 ] = 1
SimpleGaussianConstraint::xs_Bkg_Pdf[ x=xs_Bkg mean=xs_Bkg_In sigma=1 ] = 1

functions
--------
RooAddition::n_exp_binbin1[ n_exp_binbin1_proc_BH + n_exp_binbin1_proc_Background ] = 36.3276
RooAddition::n_exp_binbin1_bonly[ n_exp_binbin1_proc_Background ] = 35.3276
ProcessNormalization::n_exp_binbin1_proc_BH[ thetaList=(lumi,jesUp_unc,pdf_unc) asymmThetaList=() otherFactorList=(r) ] = 1
ProcessNormalization::n_exp_binbin1_proc_Background[ thetaList=(xs_Bkg,jerUp_unc) asymmThetaList=() otherFactorList=() ] = 35.3276

datasets
--------
RooDataSet::data_obs(n_obs_binbin1)

named sets
----------
ModelConfig_GlobalObservables:(lumi_In,jesUp_unc_In,pdf_unc_In,xs_Bkg_In,jerUp_unc_In)
ModelConfig_NuisParams:(lumi,jesUp_unc,pdf_unc,xs_Bkg,jerUp_unc)
ModelConfig_Observables:(n_obs_binbin1)
ModelConfig_POI:(r)
ModelConfig_bonly_GlobalObservables:(lumi_In,jesUp_unc_In,pdf_unc_In,xs_Bkg_In,jerUp_unc_In)
ModelConfig_bonly_NuisParams:(lumi,jesUp_unc,pdf_unc,xs_Bkg,jerUp_unc)
ModelConfig_bonly_Observables:(n_obs_binbin1)
ModelConfig_bonly_POI:(r)
POI:(r)
globalObservables:(lumi_In,jesUp_unc_In,pdf_unc_In,xs_Bkg_In,jerUp_unc_In)
nuisances:(lumi,jesUp_unc,pdf_unc,xs_Bkg,jerUp_unc)
observables:(n_obs_binbin1)

generic objects
---------------
RooStats::ModelConfig::ModelConfig
RooStats::ModelConfig::ModelConfig_bonly
RooArgSet::discreteParams

Workspace has a ModelConfig for signal called 'ModelConfig', with contents:

=== Using the following for ModelConfig ===
Observables:             RooArgSet:: = (n_obs_binbin1)
Parameters of Interest:  RooArgSet:: = (r)
Nuisance Parameters:     RooArgSet:: = (lumi,jesUp_unc,pdf_unc,xs_Bkg,jerUp_unc)
Global Observables:      RooArgSet:: = (lumi_In,jesUp_unc_In,pdf_unc_In,xs_Bkg_In,jerUp_unc_In)
PDF:                     RooProdPdf::model_s[ modelObs_s * nuisancePdf ] = 0.0205368

Input ModelConfig 'ModelConfig': 

=== Using the following for ModelConfig ===
Observables:             RooArgSet:: = (n_obs_binbin1)
Parameters of Interest:  RooArgSet:: = (r)
Nuisance Parameters:     RooArgSet:: = (lumi,jesUp_unc,pdf_unc,xs_Bkg,jerUp_unc)
Global Observables:      RooArgSet:: = (lumi_In,jesUp_unc_In,pdf_unc_In,xs_Bkg_In,jerUp_unc_In)
PDF:                     RooProdPdf::model_s[ modelObs_s * nuisancePdf ] = 0.0205368

[#1] INFO:ObjectHandling -- RooWorkspace::import(w) importing RooUniform::prior
Computing limit starting from observation
  1) RooRealVar:: n_obs_binbin1 = 27
Set default minimizer to Minuit2
  r = 21 +/- 0
[#1] INFO:Minization --  Including the following contraint terms in minimization: (nuisancePdf)
[#1] INFO:Fitting -- RooAddition::defaultErrorLevel(nll_model_s_data_obs_with_constr) Summation contains a RooNLLVar, using its error level
Minuit2Minimizer: Minimize with max-calls 2500 convergence for edm < 0.01 strategy 1
MnSeedGenerator: for initial parameters FCN = 8.23389
MnSeedGenerator: Initial state:   - FCN =   8.233889033594 Edm =     0.950117 NCalls =     21
VariableMetric: start iterating until Edm is < 1e-05
VariableMetric: Initial state   - FCN =   8.233889033594 Edm =     0.950117 NCalls =     21
VariableMetric: Iteration #   1 - FCN =   7.310379400131 Edm =    0.0357631 NCalls =     32
VariableMetric: Iteration #   2 - FCN =   7.268248591192 Edm =   1.6143e-05 NCalls =     44
VariableMetric: Iteration #   3 - FCN =   7.268230548153 Edm =  5.15522e-10 NCalls =     56
VariableMetric: After Hessian   - FCN =   7.268230548153 Edm =  5.14029e-10 NCalls =     87
Number of iterations 5
----------> Iteration 0
            FVAL = 8.23388903359 Edm = 0.950116904278 Nfcn = 21
            Error matrix change = 1
            Parameters :  p0 = 0 p1 = 0 p2 = 0 p3 = 0 p4 = 0
----------> Iteration 1
            FVAL = 7.31037940013 Edm = 0.0357631314919 Nfcn = 32
            Error matrix change = 0.52054
            Parameters :  p0 = -0.309679 p1 = 0 p2 = 0 p3 = 0 p4 = -0.387453
----------> Iteration 2
            FVAL = 7.26824859119 Edm = 1.61429719279e-05 Nfcn = 44
            Error matrix change = 0.282641
            Parameters :  p0 = -0.0286113 p1 = 0 p2 = 0 p3 = 0 p4 = -0.427965
----------> Iteration 3
            FVAL = 7.26823054815 Edm = 5.15522435746e-10 Nfcn = 56
            Error matrix change = 0.143988
            Parameters :  p0 = -0.0302732 p1 = 0 p2 = 0 p3 = 0 p4 = -0.42972
----------> Iteration 4
            FVAL = 7.26823054815 Edm = 5.14029010723e-10 Nfcn = 87
            Error matrix change = 0
            Parameters :  p0 = -0.0302732 p1 = 0 p2 = 0 p3 = 0 p4 = -0.42972
Minuit2Minimizer : Valid minimum - status = 0
FVAL  = 7.26823054815334757
Edm   = 5.14029010723374892e-10
Nfcn  = 87
jerUp_unc	  = -0.0302732	 +/-  0.994421	(limited)
jesUp_unc	  = 0	 +/-  0.996602	(limited)
lumi	  = 0	 +/-  0.996602	(limited)
pdf_unc	  = 0	 +/-  0.996602	(limited)
xs_Bkg	  = -0.42972	 +/-  0.328295	(limited)
Zero signal fit
   0) jerUp_unc                      = -0.0302732
   1) jesUp_unc                      =         0
   2) lumi                           =         0
   3) pdf_unc                        =         0
   4) xs_Bkg                         =  -0.42972

Fitting of the background hypothesis done in 0.296666 s
[#1] INFO:Fitting -- RooAddition::defaultErrorLevel(nll_model_s_data_obs_with_constr) Summation contains a RooNLLVar, using its error level
Minuit2Minimizer: Minimize with max-calls 2500 convergence for edm < 0.01 strategy 1
MnSeedGenerator: for initial parameters FCN = 13.0634
MnSeedGenerator: Initial state:   - FCN =   13.06341292784 Edm =      3.18257 NCalls =     21
VariableMetric: start iterating until Edm is < 1e-05
VariableMetric: Initial state   - FCN =   13.06341292784 Edm =      3.18257 NCalls =     21
VariableMetric: Iteration #   1 - FCN =   9.796956217668 Edm =     0.193288 NCalls =     32
VariableMetric: Iteration #   2 - FCN =   9.459297456341 Edm =   0.00672662 NCalls =     44
VariableMetric: Iteration #   3 - FCN =   9.449486248413 Edm =  8.96514e-06 NCalls =     56
VariableMetric: Iteration #   4 - FCN =   9.449476535351 Edm =  2.17245e-08 NCalls =     67
VariableMetric: After Hessian   - FCN =   9.449476535351 Edm =  2.29594e-08 NCalls =     98
Number of iterations 6
----------> Iteration 0
            FVAL = 13.0634129278 Edm = 3.18256561888 Nfcn = 21
            Error matrix change = 1
            Parameters :  p0 = -0.0302732 p1 = 0 p2 = 0 p3 = 0 p4 = -0.42972
----------> Iteration 1
            FVAL = 9.79695621767 Edm = 0.193288491096 Nfcn = 32
            Error matrix change = 0.557329
            Parameters :  p0 = -0.471374 p1 = -0.44194 p2 = -0.409443 p3 = -0.520321 p4 = -1.27403
----------> Iteration 2
            FVAL = 9.45929745634 Edm = 0.0067266237195 Nfcn = 44
            Error matrix change = 0.324056
            Parameters :  p0 = -0.0587958 p1 = -0.189934 p2 = -0.172687 p3 = -0.235194 p4 = -1.59446
----------> Iteration 3
            FVAL = 9.44948624841 Edm = 8.96513910633e-06 Nfcn = 56
            Error matrix change = 0.189313
            Parameters :  p0 = -0.116652 p1 = -0.212667 p2 = -0.19674 p3 = -0.251712 p4 = -1.65363
----------> Iteration 4
            FVAL = 9.44947653535 Edm = 2.17245088852e-08 Nfcn = 67
            Error matrix change = 0.105125
            Parameters :  p0 = -0.116591 p1 = -0.210577 p2 = -0.194122 p3 = -0.251386 p4 = -1.65524
----------> Iteration 5
            FVAL = 9.44947653535 Edm = 2.29594144445e-08 Nfcn = 98
            Error matrix change = 0
            Parameters :  p0 = -0.116591 p1 = -0.210577 p2 = -0.194122 p3 = -0.251386 p4 = -1.65524
Minuit2Minimizer : Valid minimum - status = 0
FVAL  = 9.44947653535057697
Edm   = 2.29594144444582319e-08
Nfcn  = 98
jerUp_unc	  = -0.116591	 +/-  0.99492	(limited)
jesUp_unc	  = -0.210577	 +/-  0.985816	(limited)
lumi	  = -0.194122	 +/-  0.987446	(limited)
pdf_unc	  = -0.251386	 +/-  0.981181	(limited)
xs_Bkg	  = -1.65524	 +/-  0.558421	(limited)
Reference signal fit
   0) jerUp_unc                      = -0.116591
   1) jesUp_unc                      = -0.210577
   2) lumi                           = -0.194122
   3) pdf_unc                        = -0.251386
   4) xs_Bkg                         =  -1.65524

Fitting of the signal-plus-background hypothesis done in 0.00237417 s
      Evaluation of p-values done in  5.8729 s
	CLs = 0.0701754 +/- 0.0144825
      Evaluation of p-values done in  5.83594 s
	CLs = 0.0526316 +/- 0.00871994
      Evaluation of p-values done in  5.6666 s
	CLs = 0.0447344 +/- 0.00649783
      Evaluation of p-values done in  5.64961 s
	CLs = 0.0492264 +/- 0.00592539
      Evaluation of p-values done in  5.8454 s
	CLs = 0.0509131 +/- 0.00534538
	CLs      = 0.0509131 +/- 0.00534538
	CLb      = 0.3614 +/- 0.00679397
	CLsplusb = 0.0184 +/- 0.0019006

Hybrid result saved as HypoTestResult_mh120_r21_2057376784 in higgsCombineTest.HybridNew.mH120.-1615680027.root : higgsCombineTest.HybridNew.mH120.-1615680027.root:/toys

 -- Hybrid New -- 
CLs = 0.0509131 +/- 0.00534538
Total toys: 10000
Done in 0.00 min (cpu), 0.49 min (real)
