>>> including systematics
>>> using the Profile Likelihood test statistics modified for upper limits (Q_LHC)
>>> method used to compute upper limit is HybridNew
>>> Using OpenSSL to get a really random seed 
>>> Used OpenSSL to get a really random seed 1993771346
Adding /uscms_data/d2/lpcljm/sapta/SUSYSearch/LimitSetting/CMSSW_7_1_5/src to include path
Adding /cvmfs/cms.cern.ch/slc6_amd64_gcc481/lcg/roofit/5.34.18-cms3//include to include path
Input workspace 'w': 

RooWorkspace(w) w contents

variables
---------
(jerUp_unc,jerUp_unc_In,jesUp_unc,jesUp_unc_In,lumi,lumi_In,n_obs_binbin1,pdf_unc,pdf_unc_In,r,xs_Bkg,xs_Bkg_In)

p.d.f.s
-------
SimpleGaussianConstraint::jerUp_unc_Pdf[ x=jerUp_unc mean=jerUp_unc_In sigma=1 ] = 1
SimpleGaussianConstraint::jesUp_unc_Pdf[ x=jesUp_unc mean=jesUp_unc_In sigma=1 ] = 1
SimpleGaussianConstraint::lumi_Pdf[ x=lumi mean=lumi_In sigma=1 ] = 1
RooProdPdf::modelObs_b[ pdf_binbin1_bonly ] = 0.00691792
RooProdPdf::modelObs_s[ pdf_binbin1 ] = 0.00573811
RooProdPdf::model_b[ modelObs_b * nuisancePdf ] = 0.00691792
RooProdPdf::model_s[ modelObs_s * nuisancePdf ] = 0.00573811
RooProdPdf::nuisancePdf[ lumi_Pdf * jesUp_unc_Pdf * pdf_unc_Pdf * xs_Bkg_Pdf * jerUp_unc_Pdf ] = 1
RooPoisson::pdf_binbin1[ x=n_obs_binbin1 mean=n_exp_binbin1 ] = 0.00573811
RooPoisson::pdf_binbin1_bonly[ x=n_obs_binbin1 mean=n_exp_binbin1_bonly ] = 0.00691792
SimpleGaussianConstraint::pdf_unc_Pdf[ x=pdf_unc mean=pdf_unc_In sigma=1 ] = 1
SimpleGaussianConstraint::xs_Bkg_Pdf[ x=xs_Bkg mean=xs_Bkg_In sigma=1 ] = 1

functions
--------
RooAddition::n_exp_binbin1[ n_exp_binbin1_proc_BH + n_exp_binbin1_proc_Background ] = 103.82
RooAddition::n_exp_binbin1_bonly[ n_exp_binbin1_proc_Background ] = 102.82
ProcessNormalization::n_exp_binbin1_proc_BH[ thetaList=(lumi,jesUp_unc,pdf_unc) asymmThetaList=() otherFactorList=(r) ] = 1
ProcessNormalization::n_exp_binbin1_proc_Background[ thetaList=(xs_Bkg,jerUp_unc) asymmThetaList=() otherFactorList=() ] = 102.82

datasets
--------
RooDataSet::data_obs(n_obs_binbin1)

named sets
----------
ModelConfig_GlobalObservables:(lumi_In,jesUp_unc_In,pdf_unc_In,xs_Bkg_In,jerUp_unc_In)
ModelConfig_NuisParams:(lumi,jesUp_unc,pdf_unc,xs_Bkg,jerUp_unc)
ModelConfig_Observables:(n_obs_binbin1)
ModelConfig_POI:(r)
ModelConfig_bonly_GlobalObservables:(lumi_In,jesUp_unc_In,pdf_unc_In,xs_Bkg_In,jerUp_unc_In)
ModelConfig_bonly_NuisParams:(lumi,jesUp_unc,pdf_unc,xs_Bkg,jerUp_unc)
ModelConfig_bonly_Observables:(n_obs_binbin1)
ModelConfig_bonly_POI:(r)
POI:(r)
globalObservables:(lumi_In,jesUp_unc_In,pdf_unc_In,xs_Bkg_In,jerUp_unc_In)
nuisances:(lumi,jesUp_unc,pdf_unc,xs_Bkg,jerUp_unc)
observables:(n_obs_binbin1)

generic objects
---------------
RooStats::ModelConfig::ModelConfig
RooStats::ModelConfig::ModelConfig_bonly
RooArgSet::discreteParams

Workspace has a ModelConfig for signal called 'ModelConfig', with contents:

=== Using the following for ModelConfig ===
Observables:             RooArgSet:: = (n_obs_binbin1)
Parameters of Interest:  RooArgSet:: = (r)
Nuisance Parameters:     RooArgSet:: = (lumi,jesUp_unc,pdf_unc,xs_Bkg,jerUp_unc)
Global Observables:      RooArgSet:: = (lumi_In,jesUp_unc_In,pdf_unc_In,xs_Bkg_In,jerUp_unc_In)
PDF:                     RooProdPdf::model_s[ modelObs_s * nuisancePdf ] = 0.00573811

Input ModelConfig 'ModelConfig': 

=== Using the following for ModelConfig ===
Observables:             RooArgSet:: = (n_obs_binbin1)
Parameters of Interest:  RooArgSet:: = (r)
Nuisance Parameters:     RooArgSet:: = (lumi,jesUp_unc,pdf_unc,xs_Bkg,jerUp_unc)
Global Observables:      RooArgSet:: = (lumi_In,jesUp_unc_In,pdf_unc_In,xs_Bkg_In,jerUp_unc_In)
PDF:                     RooProdPdf::model_s[ modelObs_s * nuisancePdf ] = 0.00573811

[#1] INFO:ObjectHandling -- RooWorkspace::import(w) importing RooUniform::prior
Computing limit starting from observation
  1) RooRealVar:: n_obs_binbin1 = 84
Set default minimizer to Minuit2
  r = 25 +/- 0
[#1] INFO:Minization --  Including the following contraint terms in minimization: (nuisancePdf)
[#1] INFO:Fitting -- RooAddition::defaultErrorLevel(nll_model_s_data_obs_with_constr) Summation contains a RooNLLVar, using its error level
Minuit2Minimizer: Minimize with max-calls 2500 convergence for edm < 0.01 strategy 1
MnSeedGenerator: for initial parameters FCN = 9.56833
MnSeedGenerator: Initial state:   - FCN =   9.568332283583 Edm =      1.87787 NCalls =     21
VariableMetric: start iterating until Edm is < 1e-05
VariableMetric: Initial state   - FCN =   9.568332283583 Edm =      1.87787 NCalls =     21
VariableMetric: Iteration #   1 - FCN =   7.976180551436 Edm =     0.100189 NCalls =     33
VariableMetric: Iteration #   2 - FCN =   7.825638823658 Edm =  1.52603e-06 NCalls =     45
VariableMetric: After Hessian   - FCN =   7.825638823658 Edm =  1.79816e-06 NCalls =     76
Number of iterations 4
----------> Iteration 0
            FVAL = 9.56833228358 Edm = 1.87786632943 Nfcn = 21
            Error matrix change = 1
            Parameters :  p0 = 0 p1 = 0 p2 = 0 p3 = 0 p4 = 0
----------> Iteration 1
            FVAL = 7.97618055144 Edm = 0.100189254083 Nfcn = 33
            Error matrix change = 0.528236
            Parameters :  p0 = -0.544388 p1 = 0 p2 = 0 p3 = 0 p4 = -0.333338
----------> Iteration 2
            FVAL = 7.82563882366 Edm = 1.52602936466e-06 Nfcn = 45
            Error matrix change = 0.307601
            Parameters :  p0 = -0.0355922 p1 = 0 p2 = 0 p3 = 0 p4 = -0.423248
----------> Iteration 3
            FVAL = 7.82563882366 Edm = 1.79816098876e-06 Nfcn = 76
            Error matrix change = 0
            Parameters :  p0 = -0.0355922 p1 = 0 p2 = 0 p3 = 0 p4 = -0.423248
Minuit2Minimizer : Valid minimum - status = 0
FVAL  = 7.8256388236578962
Edm   = 1.79816098875960998e-06
Nfcn  = 76
jerUp_unc	  = -0.0355922	 +/-  0.993049	(limited)
jesUp_unc	  = 0	 +/-  0.996602	(limited)
lumi	  = 0	 +/-  0.996602	(limited)
pdf_unc	  = 0	 +/-  0.996602	(limited)
xs_Bkg	  = -0.423248	 +/-  0.249536	(limited)
Zero signal fit
   0) jerUp_unc                      = -0.0355922
   1) jesUp_unc                      =         0
   2) lumi                           =         0
   3) pdf_unc                        =         0
   4) xs_Bkg                         = -0.423248

Fitting of the background hypothesis done in 0.283152 s
[#1] INFO:Fitting -- RooAddition::defaultErrorLevel(nll_model_s_data_obs_with_constr) Summation contains a RooNLLVar, using its error level
Minuit2Minimizer: Minimize with max-calls 2500 convergence for edm < 0.01 strategy 1
MnSeedGenerator: for initial parameters FCN = 11.1582
MnSeedGenerator: Initial state:   - FCN =   11.15820628994 Edm =      2.80283 NCalls =     21
VariableMetric: start iterating until Edm is < 1e-05
VariableMetric: Initial state   - FCN =   11.15820628994 Edm =      2.80283 NCalls =     21
VariableMetric: Iteration #   1 - FCN =   8.688874605296 Edm =     0.180718 NCalls =     33
VariableMetric: Iteration #   2 - FCN =    8.41206290635 Edm =  0.000935899 NCalls =     45
VariableMetric: Iteration #   3 - FCN =   8.410998826613 Edm =  7.67607e-06 NCalls =     57
VariableMetric: Iteration #   4 - FCN =   8.410990143209 Edm =  3.61411e-10 NCalls =     69
VariableMetric: After Hessian   - FCN =   8.410990143209 Edm =  3.71632e-10 NCalls =    102
Number of iterations 6
----------> Iteration 0
            FVAL = 11.1582062899 Edm = 2.80282653689 Nfcn = 21
            Error matrix change = 1
            Parameters :  p0 = -0.0355922 p1 = 0 p2 = 0 p3 = 0 p4 = -0.423248
----------> Iteration 1
            FVAL = 8.6888746053 Edm = 0.180717675534 Nfcn = 33
            Error matrix change = 0.566456
            Parameters :  p0 = -0.637942 p1 = -0.250233 p2 = -0.231493 p3 = -0.29582 p4 = -0.924822
----------> Iteration 2
            FVAL = 8.41206290635 Edm = 0.000935898971914 Nfcn = 45
            Error matrix change = 0.359915
            Parameters :  p0 = -0.0960942 p1 = -0.0337673 p2 = -0.0300055 p3 = -0.044323 p4 = -1.08846
----------> Iteration 3
            FVAL = 8.41099882661 Edm = 7.67606910341e-06 Nfcn = 57
            Error matrix change = 0.195896
            Parameters :  p0 = -0.0938332 p1 = -0.0490583 p2 = -0.045365 p3 = -0.0581314 p4 = -1.0989
----------> Iteration 4
            FVAL = 8.41099014321 Edm = 3.61411420678e-10 Nfcn = 69
            Error matrix change = 0.126418
            Parameters :  p0 = -0.096344 p1 = -0.0474827 p2 = -0.0437571 p3 = -0.056735 p4 = -1.0995
----------> Iteration 5
            FVAL = 8.41099014321 Edm = 3.71631981271e-10 Nfcn = 102
            Error matrix change = 0
            Parameters :  p0 = -0.096344 p1 = -0.0474827 p2 = -0.0437571 p3 = -0.056735 p4 = -1.0995
Minuit2Minimizer : Valid minimum - status = 0
FVAL  = 8.41099014320944249
Edm   = 3.71631981271038304e-10
Nfcn  = 102
jerUp_unc	  = -0.096344	 +/-  0.993229	(limited)
jesUp_unc	  = -0.0474827	 +/-  0.994318	(limited)
lumi	  = -0.0437571	 +/-  0.994662	(limited)
pdf_unc	  = -0.056735	 +/-  0.993342	(limited)
xs_Bkg	  = -1.0995	 +/-  0.330448	(limited)
Reference signal fit
   0) jerUp_unc                      = -0.096344
   1) jesUp_unc                      = -0.0474827
   2) lumi                           = -0.0437571
   3) pdf_unc                        = -0.056735
   4) xs_Bkg                         =   -1.0995

Fitting of the signal-plus-background hypothesis done in 0.00190902 s
      Evaluation of p-values done in  6.08571 s
	CLs = 0.370821 +/- 0.0356378
      Evaluation of p-values done in  5.80224 s
	CLs = 0.364444 +/- 0.0245737
      Evaluation of p-values done in  5.92901 s
	CLs = 0.363902 +/- 0.0198982
      Evaluation of p-values done in  6.05165 s
	CLs = 0.396055 +/- 0.0184684
      Evaluation of p-values done in  6.08397 s
	CLs = 0.392467 +/- 0.0164439
	CLs      = 0.392467 +/- 0.0164439
	CLb      = 0.3292 +/- 0.00664571
	CLsplusb = 0.1292 +/- 0.00474357

Hybrid result saved as HypoTestResult_mh120_r25_3008361213 in higgsCombineTest.HybridNew.mH120.1993771346.root : higgsCombineTest.HybridNew.mH120.1993771346.root:/toys

 -- Hybrid New -- 
CLs = 0.392467 +/- 0.0164439
Total toys: 10000
Done in 0.00 min (cpu), 0.50 min (real)
