>>> including systematics
>>> using the Profile Likelihood test statistics modified for upper limits (Q_LHC)
>>> method used to compute upper limit is HybridNew
>>> Using OpenSSL to get a really random seed 
>>> Used OpenSSL to get a really random seed 1491605723
Adding /uscms_data/d2/lpcljm/sapta/SUSYSearch/LimitSetting/CMSSW_7_1_5/src to include path
Adding /cvmfs/cms.cern.ch/slc6_amd64_gcc481/lcg/roofit/5.34.18-cms3//include to include path
Input workspace 'w': 

RooWorkspace(w) w contents

variables
---------
(jerUp_unc,jerUp_unc_In,jesUp_unc,jesUp_unc_In,lumi,lumi_In,n_obs_binbin1,pdf_unc,pdf_unc_In,r,xs_Bkg,xs_Bkg_In)

p.d.f.s
-------
SimpleGaussianConstraint::jerUp_unc_Pdf[ x=jerUp_unc mean=jerUp_unc_In sigma=1 ] = 1
SimpleGaussianConstraint::jesUp_unc_Pdf[ x=jesUp_unc mean=jesUp_unc_In sigma=1 ] = 1
SimpleGaussianConstraint::lumi_Pdf[ x=lumi mean=lumi_In sigma=1 ] = 1
RooProdPdf::modelObs_b[ pdf_binbin1_bonly ] = 0.0262734
RooProdPdf::modelObs_s[ pdf_binbin1 ] = 0.0205368
RooProdPdf::model_b[ modelObs_b * nuisancePdf ] = 0.0262734
RooProdPdf::model_s[ modelObs_s * nuisancePdf ] = 0.0205368
RooProdPdf::nuisancePdf[ lumi_Pdf * jesUp_unc_Pdf * pdf_unc_Pdf * xs_Bkg_Pdf * jerUp_unc_Pdf ] = 1
RooPoisson::pdf_binbin1[ x=n_obs_binbin1 mean=n_exp_binbin1 ] = 0.0205368
RooPoisson::pdf_binbin1_bonly[ x=n_obs_binbin1 mean=n_exp_binbin1_bonly ] = 0.0262734
SimpleGaussianConstraint::pdf_unc_Pdf[ x=pdf_unc mean=pdf_unc_In sigma=1 ] = 1
SimpleGaussianConstraint::xs_Bkg_Pdf[ x=xs_Bkg mean=xs_Bkg_In sigma=1 ] = 1

functions
--------
RooAddition::n_exp_binbin1[ n_exp_binbin1_proc_BH + n_exp_binbin1_proc_Background ] = 36.3276
RooAddition::n_exp_binbin1_bonly[ n_exp_binbin1_proc_Background ] = 35.3276
ProcessNormalization::n_exp_binbin1_proc_BH[ thetaList=(lumi,jesUp_unc,pdf_unc) asymmThetaList=() otherFactorList=(r) ] = 1
ProcessNormalization::n_exp_binbin1_proc_Background[ thetaList=(xs_Bkg,jerUp_unc) asymmThetaList=() otherFactorList=() ] = 35.3276

datasets
--------
RooDataSet::data_obs(n_obs_binbin1)

named sets
----------
ModelConfig_GlobalObservables:(lumi_In,jesUp_unc_In,pdf_unc_In,xs_Bkg_In,jerUp_unc_In)
ModelConfig_NuisParams:(lumi,jesUp_unc,pdf_unc,xs_Bkg,jerUp_unc)
ModelConfig_Observables:(n_obs_binbin1)
ModelConfig_POI:(r)
ModelConfig_bonly_GlobalObservables:(lumi_In,jesUp_unc_In,pdf_unc_In,xs_Bkg_In,jerUp_unc_In)
ModelConfig_bonly_NuisParams:(lumi,jesUp_unc,pdf_unc,xs_Bkg,jerUp_unc)
ModelConfig_bonly_Observables:(n_obs_binbin1)
ModelConfig_bonly_POI:(r)
POI:(r)
globalObservables:(lumi_In,jesUp_unc_In,pdf_unc_In,xs_Bkg_In,jerUp_unc_In)
nuisances:(lumi,jesUp_unc,pdf_unc,xs_Bkg,jerUp_unc)
observables:(n_obs_binbin1)

generic objects
---------------
RooStats::ModelConfig::ModelConfig
RooStats::ModelConfig::ModelConfig_bonly
RooArgSet::discreteParams

Workspace has a ModelConfig for signal called 'ModelConfig', with contents:

=== Using the following for ModelConfig ===
Observables:             RooArgSet:: = (n_obs_binbin1)
Parameters of Interest:  RooArgSet:: = (r)
Nuisance Parameters:     RooArgSet:: = (lumi,jesUp_unc,pdf_unc,xs_Bkg,jerUp_unc)
Global Observables:      RooArgSet:: = (lumi_In,jesUp_unc_In,pdf_unc_In,xs_Bkg_In,jerUp_unc_In)
PDF:                     RooProdPdf::model_s[ modelObs_s * nuisancePdf ] = 0.0205368

Input ModelConfig 'ModelConfig': 

=== Using the following for ModelConfig ===
Observables:             RooArgSet:: = (n_obs_binbin1)
Parameters of Interest:  RooArgSet:: = (r)
Nuisance Parameters:     RooArgSet:: = (lumi,jesUp_unc,pdf_unc,xs_Bkg,jerUp_unc)
Global Observables:      RooArgSet:: = (lumi_In,jesUp_unc_In,pdf_unc_In,xs_Bkg_In,jerUp_unc_In)
PDF:                     RooProdPdf::model_s[ modelObs_s * nuisancePdf ] = 0.0205368

[#1] INFO:ObjectHandling -- RooWorkspace::import(w) importing RooUniform::prior
Computing limit starting from observation
  1) RooRealVar:: n_obs_binbin1 = 27
Set default minimizer to Minuit2
  r = 25 +/- 0
[#1] INFO:Minization --  Including the following contraint terms in minimization: (nuisancePdf)
[#1] INFO:Fitting -- RooAddition::defaultErrorLevel(nll_model_s_data_obs_with_constr) Summation contains a RooNLLVar, using its error level
Minuit2Minimizer: Minimize with max-calls 2500 convergence for edm < 0.01 strategy 1
MnSeedGenerator: for initial parameters FCN = 8.23389
MnSeedGenerator: Initial state:   - FCN =   8.233889033594 Edm =     0.950117 NCalls =     21
VariableMetric: start iterating until Edm is < 1e-05
VariableMetric: Initial state   - FCN =   8.233889033594 Edm =     0.950117 NCalls =     21
VariableMetric: Iteration #   1 - FCN =   7.310379400131 Edm =    0.0357631 NCalls =     32
VariableMetric: Iteration #   2 - FCN =   7.268248591192 Edm =   1.6143e-05 NCalls =     44
VariableMetric: Iteration #   3 - FCN =   7.268230548153 Edm =  5.15522e-10 NCalls =     56
VariableMetric: After Hessian   - FCN =   7.268230548153 Edm =  5.14029e-10 NCalls =     87
Number of iterations 5
----------> Iteration 0
            FVAL = 8.23388903359 Edm = 0.950116904278 Nfcn = 21
            Error matrix change = 1
            Parameters :  p0 = 0 p1 = 0 p2 = 0 p3 = 0 p4 = 0
----------> Iteration 1
            FVAL = 7.31037940013 Edm = 0.0357631314919 Nfcn = 32
            Error matrix change = 0.52054
            Parameters :  p0 = -0.309679 p1 = 0 p2 = 0 p3 = 0 p4 = -0.387453
----------> Iteration 2
            FVAL = 7.26824859119 Edm = 1.61429719279e-05 Nfcn = 44
            Error matrix change = 0.282641
            Parameters :  p0 = -0.0286113 p1 = 0 p2 = 0 p3 = 0 p4 = -0.427965
----------> Iteration 3
            FVAL = 7.26823054815 Edm = 5.15522435746e-10 Nfcn = 56
            Error matrix change = 0.143988
            Parameters :  p0 = -0.0302732 p1 = 0 p2 = 0 p3 = 0 p4 = -0.42972
----------> Iteration 4
            FVAL = 7.26823054815 Edm = 5.14029010723e-10 Nfcn = 87
            Error matrix change = 0
            Parameters :  p0 = -0.0302732 p1 = 0 p2 = 0 p3 = 0 p4 = -0.42972
Minuit2Minimizer : Valid minimum - status = 0
FVAL  = 7.26823054815334757
Edm   = 5.14029010723374892e-10
Nfcn  = 87
jerUp_unc	  = -0.0302732	 +/-  0.994421	(limited)
jesUp_unc	  = 0	 +/-  0.996602	(limited)
lumi	  = 0	 +/-  0.996602	(limited)
pdf_unc	  = 0	 +/-  0.996602	(limited)
xs_Bkg	  = -0.42972	 +/-  0.328295	(limited)
Zero signal fit
   0) jerUp_unc                      = -0.0302732
   1) jesUp_unc                      =         0
   2) lumi                           =         0
   3) pdf_unc                        =         0
   4) xs_Bkg                         =  -0.42972

Fitting of the background hypothesis done in 0.311417 s
[#1] INFO:Fitting -- RooAddition::defaultErrorLevel(nll_model_s_data_obs_with_constr) Summation contains a RooNLLVar, using its error level
Minuit2Minimizer: Minimize with max-calls 2500 convergence for edm < 0.01 strategy 1
MnSeedGenerator: for initial parameters FCN = 14.9351
MnSeedGenerator: Initial state:   - FCN =   14.93511886644 Edm =      4.01978 NCalls =     21
VariableMetric: start iterating until Edm is < 1e-05
VariableMetric: Initial state   - FCN =   14.93511886644 Edm =      4.01978 NCalls =     21
VariableMetric: Iteration #   1 - FCN =   10.83637418543 Edm =     0.255557 NCalls =     32
VariableMetric: Iteration #   2 - FCN =   10.37357783346 Edm =    0.0111919 NCalls =     44
VariableMetric: Iteration #   3 - FCN =   10.35659150492 Edm =  2.41951e-05 NCalls =     56
VariableMetric: Iteration #   4 - FCN =   10.35656470961 Edm =  2.26259e-08 NCalls =     68
VariableMetric: After Hessian   - FCN =   10.35656470961 Edm =  2.29003e-08 NCalls =     99
Number of iterations 6
----------> Iteration 0
            FVAL = 14.9351188664 Edm = 4.01978489283 Nfcn = 21
            Error matrix change = 1
            Parameters :  p0 = -0.0302732 p1 = 0 p2 = 0 p3 = 0 p4 = -0.42972
----------> Iteration 1
            FVAL = 10.8363741854 Edm = 0.25555689747 Nfcn = 32
            Error matrix change = 0.561244
            Parameters :  p0 = -0.515585 p1 = -0.570217 p2 = -0.529006 p3 = -0.66883 p4 = -1.36133
----------> Iteration 2
            FVAL = 10.3735778335 Edm = 0.0111918629263 Nfcn = 44
            Error matrix change = 0.329046
            Parameters :  p0 = -0.0576019 p1 = -0.272186 p2 = -0.246969 p3 = -0.338599 p4 = -1.74859
----------> Iteration 3
            FVAL = 10.3565915049 Edm = 2.41951180526e-05 Nfcn = 56
            Error matrix change = 0.195326
            Parameters :  p0 = -0.129108 p1 = -0.305426 p2 = -0.282748 p3 = -0.361029 p4 = -1.82976
----------> Iteration 4
            FVAL = 10.3565647096 Edm = 2.26259292554e-08 Nfcn = 68
            Error matrix change = 0.110655
            Parameters :  p0 = -0.129166 p1 = -0.301981 p2 = -0.278337 p3 = -0.360617 p4 = -1.83276
----------> Iteration 5
            FVAL = 10.3565647096 Edm = 2.29002737571e-08 Nfcn = 99
            Error matrix change = 0
            Parameters :  p0 = -0.129166 p1 = -0.301981 p2 = -0.278337 p3 = -0.360617 p4 = -1.83276
Minuit2Minimizer : Valid minimum - status = 0
FVAL  = 10.3565647096141102
Edm   = 2.29002737570619986e-08
Nfcn  = 99
jerUp_unc	  = -0.129166	 +/-  0.994989	(limited)
jesUp_unc	  = -0.301981	 +/-  0.981745	(limited)
lumi	  = -0.278337	 +/-  0.983993	(limited)
pdf_unc	  = -0.360617	 +/-  0.97534	(limited)
xs_Bkg	  = -1.83276	 +/-  0.58322	(limited)
Reference signal fit
   0) jerUp_unc                      = -0.129166
   1) jesUp_unc                      = -0.301981
   2) lumi                           = -0.278337
   3) pdf_unc                        = -0.360617
   4) xs_Bkg                         =  -1.83276

Fitting of the signal-plus-background hypothesis done in 0.00251579 s
      Evaluation of p-values done in  6.18093 s
	CLs = 0.0302198 +/- 0.00914898
      Evaluation of p-values done in  5.90646 s
	CLs = 0.0285714 +/- 0.00625836
      Evaluation of p-values done in  5.76884 s
	CLs = 0.0238751 +/- 0.00469759
      Evaluation of p-values done in  5.76605 s
	CLs = 0.0276434 +/- 0.00438748
      Evaluation of p-values done in  6.15866 s
	CLs = 0.0263447 +/- 0.00381609
	CLs      = 0.0263447 +/- 0.00381609
	CLb      = 0.3644 +/- 0.00680607
	CLsplusb = 0.0096 +/- 0.00137897

Hybrid result saved as HypoTestResult_mh120_r25_2184792992 in higgsCombineTest.HybridNew.mH120.1491605723.root : higgsCombineTest.HybridNew.mH120.1491605723.root:/toys

 -- Hybrid New -- 
CLs = 0.0263447 +/- 0.00381609
Total toys: 10000
Done in 0.00 min (cpu), 0.50 min (real)
