>>> including systematics
>>> using the Profile Likelihood test statistics modified for upper limits (Q_LHC)
>>> method used to compute upper limit is HybridNew
>>> Using OpenSSL to get a really random seed 
>>> Used OpenSSL to get a really random seed -1452152817
Adding /uscms_data/d2/lpcljm/sapta/SUSYSearch/LimitSetting/CMSSW_7_1_5/src to include path
Adding /cvmfs/cms.cern.ch/slc6_amd64_gcc481/lcg/roofit/5.34.18-cms3//include to include path
Input workspace 'w': 

RooWorkspace(w) w contents

variables
---------
(jerUp_unc,jerUp_unc_In,jesUp_unc,jesUp_unc_In,lumi,lumi_In,n_obs_binbin1,pdf_unc,pdf_unc_In,r,xs_Bkg,xs_Bkg_In)

p.d.f.s
-------
SimpleGaussianConstraint::jerUp_unc_Pdf[ x=jerUp_unc mean=jerUp_unc_In sigma=1 ] = 1
SimpleGaussianConstraint::jesUp_unc_Pdf[ x=jesUp_unc mean=jesUp_unc_In sigma=1 ] = 1
SimpleGaussianConstraint::lumi_Pdf[ x=lumi mean=lumi_In sigma=1 ] = 1
RooProdPdf::modelObs_b[ pdf_binbin1_bonly ] = 0.00290516
RooProdPdf::modelObs_s[ pdf_binbin1 ] = 0.0027561
RooProdPdf::model_b[ modelObs_b * nuisancePdf ] = 0.00290516
RooProdPdf::model_s[ modelObs_s * nuisancePdf ] = 0.0027561
RooProdPdf::nuisancePdf[ lumi_Pdf * jesUp_unc_Pdf * pdf_unc_Pdf * xs_Bkg_Pdf * jerUp_unc_Pdf ] = 1
RooPoisson::pdf_binbin1[ x=n_obs_binbin1 mean=n_exp_binbin1 ] = 0.0027561
RooPoisson::pdf_binbin1_bonly[ x=n_obs_binbin1 mean=n_exp_binbin1_bonly ] = 0.00290516
SimpleGaussianConstraint::pdf_unc_Pdf[ x=pdf_unc mean=pdf_unc_In sigma=1 ] = 1
SimpleGaussianConstraint::xs_Bkg_Pdf[ x=xs_Bkg mean=xs_Bkg_In sigma=1 ] = 1

functions
--------
RooAddition::n_exp_binbin1[ n_exp_binbin1_proc_BH + n_exp_binbin1_proc_Background ] = 1058.21
RooAddition::n_exp_binbin1_bonly[ n_exp_binbin1_proc_Background ] = 1057.21
ProcessNormalization::n_exp_binbin1_proc_BH[ thetaList=(lumi,jesUp_unc,pdf_unc) asymmThetaList=() otherFactorList=(r) ] = 1
ProcessNormalization::n_exp_binbin1_proc_Background[ thetaList=(xs_Bkg,jerUp_unc) asymmThetaList=() otherFactorList=() ] = 1057.21

datasets
--------
RooDataSet::data_obs(n_obs_binbin1)

named sets
----------
ModelConfig_GlobalObservables:(lumi_In,jesUp_unc_In,pdf_unc_In,xs_Bkg_In,jerUp_unc_In)
ModelConfig_NuisParams:(lumi,jesUp_unc,pdf_unc,xs_Bkg,jerUp_unc)
ModelConfig_Observables:(n_obs_binbin1)
ModelConfig_POI:(r)
ModelConfig_bonly_GlobalObservables:(lumi_In,jesUp_unc_In,pdf_unc_In,xs_Bkg_In,jerUp_unc_In)
ModelConfig_bonly_NuisParams:(lumi,jesUp_unc,pdf_unc,xs_Bkg,jerUp_unc)
ModelConfig_bonly_Observables:(n_obs_binbin1)
ModelConfig_bonly_POI:(r)
POI:(r)
globalObservables:(lumi_In,jesUp_unc_In,pdf_unc_In,xs_Bkg_In,jerUp_unc_In)
nuisances:(lumi,jesUp_unc,pdf_unc,xs_Bkg,jerUp_unc)
observables:(n_obs_binbin1)

generic objects
---------------
RooStats::ModelConfig::ModelConfig
RooStats::ModelConfig::ModelConfig_bonly
RooArgSet::discreteParams

Workspace has a ModelConfig for signal called 'ModelConfig', with contents:

=== Using the following for ModelConfig ===
Observables:             RooArgSet:: = (n_obs_binbin1)
Parameters of Interest:  RooArgSet:: = (r)
Nuisance Parameters:     RooArgSet:: = (lumi,jesUp_unc,pdf_unc,xs_Bkg,jerUp_unc)
Global Observables:      RooArgSet:: = (lumi_In,jesUp_unc_In,pdf_unc_In,xs_Bkg_In,jerUp_unc_In)
PDF:                     RooProdPdf::model_s[ modelObs_s * nuisancePdf ] = 0.0027561

Input ModelConfig 'ModelConfig': 

=== Using the following for ModelConfig ===
Observables:             RooArgSet:: = (n_obs_binbin1)
Parameters of Interest:  RooArgSet:: = (r)
Nuisance Parameters:     RooArgSet:: = (lumi,jesUp_unc,pdf_unc,xs_Bkg,jerUp_unc)
Global Observables:      RooArgSet:: = (lumi_In,jesUp_unc_In,pdf_unc_In,xs_Bkg_In,jerUp_unc_In)
PDF:                     RooProdPdf::model_s[ modelObs_s * nuisancePdf ] = 0.0027561

[#1] INFO:ObjectHandling -- RooWorkspace::import(w) importing RooUniform::prior
Computing limit starting from observation
  1) RooRealVar:: n_obs_binbin1 = 1002
Set default minimizer to Minuit2
  r = 310 +/- 0
[#1] INFO:Minization --  Including the following contraint terms in minimization: (nuisancePdf)
[#1] INFO:Fitting -- RooAddition::defaultErrorLevel(nll_model_s_data_obs_with_constr) Summation contains a RooNLLVar, using its error level
Minuit2Minimizer: Minimize with max-calls 2500 convergence for edm < 0.01 strategy 1
MnSeedGenerator: for initial parameters FCN = 10.436
MnSeedGenerator: Initial state:   - FCN =    10.4359602983 Edm =      2.30827 NCalls =     21
VariableMetric: start iterating until Edm is < 1e-05
VariableMetric: Initial state   - FCN =    10.4359602983 Edm =      2.30827 NCalls =     21
VariableMetric: Iteration #   1 - FCN =   9.104688210867 Edm =    0.0244305 NCalls =     33
VariableMetric: Iteration #   2 - FCN =   8.995499802835 Edm =  0.000272255 NCalls =     45
VariableMetric: Iteration #   3 - FCN =   8.995220752417 Edm =  2.21192e-07 NCalls =     56
VariableMetric: After Hessian   - FCN =   8.995220752417 Edm =  2.27806e-07 NCalls =     87
Number of iterations 5
----------> Iteration 0
            FVAL = 10.4359602983 Edm = 2.30827099786 Nfcn = 21
            Error matrix change = 1
            Parameters :  p0 = 0 p1 = 0 p2 = 0 p3 = 0 p4 = 0
----------> Iteration 1
            FVAL = 9.10468821087 Edm = 0.0244304589749 Nfcn = 33
            Error matrix change = 0.518245
            Parameters :  p0 = -0.480652 p1 = 0 p2 = 0 p3 = 0 p4 = -0.131853
----------> Iteration 2
            FVAL = 8.99549980283 Edm = 0.000272254566259 Nfcn = 45
            Error matrix change = 0.363192
            Parameters :  p0 = -0.0321579 p1 = 0 p2 = 0 p3 = 0 p4 = -0.223332
----------> Iteration 3
            FVAL = 8.99522075242 Edm = 2.21191965619e-07 Nfcn = 56
            Error matrix change = 0.181735
            Parameters :  p0 = -0.0388385 p1 = 0 p2 = 0 p3 = 0 p4 = -0.225224
----------> Iteration 4
            FVAL = 8.99522075242 Edm = 2.278060203e-07 Nfcn = 87
            Error matrix change = 0
            Parameters :  p0 = -0.0388385 p1 = 0 p2 = 0 p3 = 0 p4 = -0.225224
Minuit2Minimizer : Valid minimum - status = 0
FVAL  = 8.99522075241718255
Edm   = 2.27806020300338469e-07
Nfcn  = 87
jerUp_unc	  = -0.0388385	 +/-  0.98249	(limited)
jesUp_unc	  = 0	 +/-  0.996602	(limited)
lumi	  = 0	 +/-  0.996602	(limited)
pdf_unc	  = 0	 +/-  0.996602	(limited)
xs_Bkg	  = -0.225224	 +/-  0.216635	(limited)
Zero signal fit
   0) jerUp_unc                      = -0.0388385
   1) jesUp_unc                      =         0
   2) lumi                           =         0
   3) pdf_unc                        =         0
   4) xs_Bkg                         = -0.225224

Fitting of the background hypothesis done in 0.241499 s
[#1] INFO:Fitting -- RooAddition::defaultErrorLevel(nll_model_s_data_obs_with_constr) Summation contains a RooNLLVar, using its error level
Minuit2Minimizer: Minimize with max-calls 2500 convergence for edm < 0.01 strategy 1
MnSeedGenerator: for initial parameters FCN = 49.1408
MnSeedGenerator: Initial state:   - FCN =   49.14078976097 Edm =      67.6007 NCalls =     21
VariableMetric: start iterating until Edm is < 1e-05
VariableMetric: Initial state   - FCN =   49.14078976097 Edm =      67.6007 NCalls =     21
VariableMetric: Iteration #   1 - FCN =   15.79292115475 Edm =      1.69092 NCalls =     33
VariableMetric: Iteration #   2 - FCN =   12.10700456072 Edm =     0.713639 NCalls =     45
VariableMetric: Iteration #   3 - FCN =   10.68480561203 Edm =    0.0978173 NCalls =     57
VariableMetric: Iteration #   4 - FCN =   10.56212945695 Edm =   0.00375186 NCalls =     69
VariableMetric: Iteration #   5 - FCN =   10.55649029164 Edm =   3.7855e-06 NCalls =     81
VariableMetric: After Hessian   - FCN =   10.55649029164 Edm =  4.17781e-06 NCalls =    112
Number of iterations 7
----------> Iteration 0
            FVAL = 49.140789761 Edm = 67.6006969169 Nfcn = 21
            Error matrix change = 1
            Parameters :  p0 = -0.0388385 p1 = 0 p2 = 0 p3 = 0 p4 = -0.225224
----------> Iteration 1
            FVAL = 15.7929211547 Edm = 1.69091764461 Nfcn = 33
            Error matrix change = 0.611084
            Parameters :  p0 = -2.19265 p1 = -1.45923 p2 = -1.39531 p3 = -1.58176 p4 = -0.884223
----------> Iteration 2
            FVAL = 12.1070045607 Edm = 0.713639406796 Nfcn = 45
            Error matrix change = 0.49398
            Parameters :  p0 = -1.58041 p1 = 0.0653315 p2 = 0.158667 p3 = -0.196334 p4 = -1.31328
----------> Iteration 3
            FVAL = 10.684805612 Edm = 0.0978173307192 Nfcn = 57
            Error matrix change = 0.339668
            Parameters :  p0 = -0.720023 p1 = -0.256684 p2 = -0.272995 p3 = -0.254109 p4 = -1.64012
----------> Iteration 4
            FVAL = 10.562129457 Edm = 0.00375186187187 Nfcn = 69
            Error matrix change = 0.222098
            Parameters :  p0 = -0.325652 p1 = -0.117458 p2 = -0.119806 p3 = -0.113874 p4 = -1.71961
----------> Iteration 5
            FVAL = 10.5564902916 Edm = 3.7854957729e-06 Nfcn = 81
            Error matrix change = 0.185268
            Parameters :  p0 = -0.294522 p1 = -0.158066 p2 = -0.143459 p3 = -0.186623 p4 = -1.70189
----------> Iteration 6
            FVAL = 10.5564902916 Edm = 4.17780968148e-06 Nfcn = 112
            Error matrix change = 0
            Parameters :  p0 = -0.294522 p1 = -0.158066 p2 = -0.143459 p3 = -0.186623 p4 = -1.70189
Minuit2Minimizer : Valid minimum - status = 0
FVAL  = 10.5564902916426249
Edm   = 4.17780968148133485e-06
Nfcn  = 112
jerUp_unc	  = -0.294522	 +/-  0.983098	(limited)
jesUp_unc	  = -0.158066	 +/-  0.988008	(limited)
lumi	  = -0.143459	 +/-  0.989302	(limited)
pdf_unc	  = -0.186623	 +/-  0.984318	(limited)
xs_Bkg	  = -1.70189	 +/-  0.293671	(limited)
Reference signal fit
   0) jerUp_unc                      = -0.294522
   1) jesUp_unc                      = -0.158066
   2) lumi                           = -0.143459
   3) pdf_unc                        = -0.186623
   4) xs_Bkg                         =  -1.70189

Fitting of the signal-plus-background hypothesis done in 0.00173688 s
      Evaluation of p-values done in  6.92042 s
	CLs = 0.0798005 +/- 0.0142179
      Evaluation of p-values done in  6.90381 s
	CLs = 0.0968523 +/- 0.0109193
      Evaluation of p-values done in  6.6968 s
	CLs = 0.0931929 +/- 0.00876179
      Evaluation of p-values done in  6.71582 s
	CLs = 0.0989078 +/- 0.00781419
      Evaluation of p-values done in  7.03782 s
	CLs = 0.0978953 +/- 0.0069839
	CLs      = 0.0978953 +/- 0.0069839
	CLb      = 0.4086 +/- 0.00695192
	CLsplusb = 0.04 +/- 0.00277128

Hybrid result saved as HypoTestResult_mh120_r310_3593580149 in higgsCombineTest.HybridNew.mH120.-1452152817.root : higgsCombineTest.HybridNew.mH120.-1452152817.root:/toys

 -- Hybrid New -- 
CLs = 0.0978953 +/- 0.0069839
Total toys: 10000
Done in 0.00 min (cpu), 0.58 min (real)
