>>> including systematics
>>> using the Profile Likelihood test statistics modified for upper limits (Q_LHC)
>>> method used to compute upper limit is HybridNew
>>> Using OpenSSL to get a really random seed 
>>> Used OpenSSL to get a really random seed -923374985
Adding /uscms_data/d2/lpcljm/sapta/SUSYSearch/LimitSetting/CMSSW_7_1_5/src to include path
Adding /cvmfs/cms.cern.ch/slc6_amd64_gcc481/lcg/roofit/5.34.18-cms3//include to include path
Input workspace 'w': 

RooWorkspace(w) w contents

variables
---------
(jerUp_unc,jerUp_unc_In,jesUp_unc,jesUp_unc_In,lumi,lumi_In,n_obs_binbin1,pdf_unc,pdf_unc_In,r,xs_Bkg,xs_Bkg_In)

p.d.f.s
-------
SimpleGaussianConstraint::jerUp_unc_Pdf[ x=jerUp_unc mean=jerUp_unc_In sigma=1 ] = 1
SimpleGaussianConstraint::jesUp_unc_Pdf[ x=jesUp_unc mean=jesUp_unc_In sigma=1 ] = 1
SimpleGaussianConstraint::lumi_Pdf[ x=lumi mean=lumi_In sigma=1 ] = 1
RooProdPdf::modelObs_b[ pdf_binbin1_bonly ] = 0.0262734
RooProdPdf::modelObs_s[ pdf_binbin1 ] = 0.0205368
RooProdPdf::model_b[ modelObs_b * nuisancePdf ] = 0.0262734
RooProdPdf::model_s[ modelObs_s * nuisancePdf ] = 0.0205368
RooProdPdf::nuisancePdf[ lumi_Pdf * jesUp_unc_Pdf * pdf_unc_Pdf * xs_Bkg_Pdf * jerUp_unc_Pdf ] = 1
RooPoisson::pdf_binbin1[ x=n_obs_binbin1 mean=n_exp_binbin1 ] = 0.0205368
RooPoisson::pdf_binbin1_bonly[ x=n_obs_binbin1 mean=n_exp_binbin1_bonly ] = 0.0262734
SimpleGaussianConstraint::pdf_unc_Pdf[ x=pdf_unc mean=pdf_unc_In sigma=1 ] = 1
SimpleGaussianConstraint::xs_Bkg_Pdf[ x=xs_Bkg mean=xs_Bkg_In sigma=1 ] = 1

functions
--------
RooAddition::n_exp_binbin1[ n_exp_binbin1_proc_BH + n_exp_binbin1_proc_Background ] = 36.3276
RooAddition::n_exp_binbin1_bonly[ n_exp_binbin1_proc_Background ] = 35.3276
ProcessNormalization::n_exp_binbin1_proc_BH[ thetaList=(lumi,jesUp_unc,pdf_unc) asymmThetaList=() otherFactorList=(r) ] = 1
ProcessNormalization::n_exp_binbin1_proc_Background[ thetaList=(xs_Bkg,jerUp_unc) asymmThetaList=() otherFactorList=() ] = 35.3276

datasets
--------
RooDataSet::data_obs(n_obs_binbin1)

named sets
----------
ModelConfig_GlobalObservables:(lumi_In,jesUp_unc_In,pdf_unc_In,xs_Bkg_In,jerUp_unc_In)
ModelConfig_NuisParams:(lumi,jesUp_unc,pdf_unc,xs_Bkg,jerUp_unc)
ModelConfig_Observables:(n_obs_binbin1)
ModelConfig_POI:(r)
ModelConfig_bonly_GlobalObservables:(lumi_In,jesUp_unc_In,pdf_unc_In,xs_Bkg_In,jerUp_unc_In)
ModelConfig_bonly_NuisParams:(lumi,jesUp_unc,pdf_unc,xs_Bkg,jerUp_unc)
ModelConfig_bonly_Observables:(n_obs_binbin1)
ModelConfig_bonly_POI:(r)
POI:(r)
globalObservables:(lumi_In,jesUp_unc_In,pdf_unc_In,xs_Bkg_In,jerUp_unc_In)
nuisances:(lumi,jesUp_unc,pdf_unc,xs_Bkg,jerUp_unc)
observables:(n_obs_binbin1)

generic objects
---------------
RooStats::ModelConfig::ModelConfig
RooStats::ModelConfig::ModelConfig_bonly
RooArgSet::discreteParams

Workspace has a ModelConfig for signal called 'ModelConfig', with contents:

=== Using the following for ModelConfig ===
Observables:             RooArgSet:: = (n_obs_binbin1)
Parameters of Interest:  RooArgSet:: = (r)
Nuisance Parameters:     RooArgSet:: = (lumi,jesUp_unc,pdf_unc,xs_Bkg,jerUp_unc)
Global Observables:      RooArgSet:: = (lumi_In,jesUp_unc_In,pdf_unc_In,xs_Bkg_In,jerUp_unc_In)
PDF:                     RooProdPdf::model_s[ modelObs_s * nuisancePdf ] = 0.0205368

Input ModelConfig 'ModelConfig': 

=== Using the following for ModelConfig ===
Observables:             RooArgSet:: = (n_obs_binbin1)
Parameters of Interest:  RooArgSet:: = (r)
Nuisance Parameters:     RooArgSet:: = (lumi,jesUp_unc,pdf_unc,xs_Bkg,jerUp_unc)
Global Observables:      RooArgSet:: = (lumi_In,jesUp_unc_In,pdf_unc_In,xs_Bkg_In,jerUp_unc_In)
PDF:                     RooProdPdf::model_s[ modelObs_s * nuisancePdf ] = 0.0205368

[#1] INFO:ObjectHandling -- RooWorkspace::import(w) importing RooUniform::prior
Computing limit starting from observation
  1) RooRealVar:: n_obs_binbin1 = 27
Set default minimizer to Minuit2
  r = 34 +/- 0
[#1] INFO:Minization --  Including the following contraint terms in minimization: (nuisancePdf)
[#1] INFO:Fitting -- RooAddition::defaultErrorLevel(nll_model_s_data_obs_with_constr) Summation contains a RooNLLVar, using its error level
Minuit2Minimizer: Minimize with max-calls 2500 convergence for edm < 0.01 strategy 1
MnSeedGenerator: for initial parameters FCN = 8.23389
MnSeedGenerator: Initial state:   - FCN =   8.233889033594 Edm =     0.950117 NCalls =     21
VariableMetric: start iterating until Edm is < 1e-05
VariableMetric: Initial state   - FCN =   8.233889033594 Edm =     0.950117 NCalls =     21
VariableMetric: Iteration #   1 - FCN =   7.310379400131 Edm =    0.0357631 NCalls =     32
VariableMetric: Iteration #   2 - FCN =   7.268248591192 Edm =   1.6143e-05 NCalls =     44
VariableMetric: Iteration #   3 - FCN =   7.268230548153 Edm =  5.15522e-10 NCalls =     56
VariableMetric: After Hessian   - FCN =   7.268230548153 Edm =  5.14029e-10 NCalls =     87
Number of iterations 5
----------> Iteration 0
            FVAL = 8.23388903359 Edm = 0.950116904278 Nfcn = 21
            Error matrix change = 1
            Parameters :  p0 = 0 p1 = 0 p2 = 0 p3 = 0 p4 = 0
----------> Iteration 1
            FVAL = 7.31037940013 Edm = 0.0357631314919 Nfcn = 32
            Error matrix change = 0.52054
            Parameters :  p0 = -0.309679 p1 = 0 p2 = 0 p3 = 0 p4 = -0.387453
----------> Iteration 2
            FVAL = 7.26824859119 Edm = 1.61429719279e-05 Nfcn = 44
            Error matrix change = 0.282641
            Parameters :  p0 = -0.0286113 p1 = 0 p2 = 0 p3 = 0 p4 = -0.427965
----------> Iteration 3
            FVAL = 7.26823054815 Edm = 5.15522435746e-10 Nfcn = 56
            Error matrix change = 0.143988
            Parameters :  p0 = -0.0302732 p1 = 0 p2 = 0 p3 = 0 p4 = -0.42972
----------> Iteration 4
            FVAL = 7.26823054815 Edm = 5.14029010723e-10 Nfcn = 87
            Error matrix change = 0
            Parameters :  p0 = -0.0302732 p1 = 0 p2 = 0 p3 = 0 p4 = -0.42972
Minuit2Minimizer : Valid minimum - status = 0
FVAL  = 7.26823054815334757
Edm   = 5.14029010723374892e-10
Nfcn  = 87
jerUp_unc	  = -0.0302732	 +/-  0.994421	(limited)
jesUp_unc	  = 0	 +/-  0.996602	(limited)
lumi	  = 0	 +/-  0.996602	(limited)
pdf_unc	  = 0	 +/-  0.996602	(limited)
xs_Bkg	  = -0.42972	 +/-  0.328295	(limited)
Zero signal fit
   0) jerUp_unc                      = -0.0302732
   1) jesUp_unc                      =         0
   2) lumi                           =         0
   3) pdf_unc                        =         0
   4) xs_Bkg                         =  -0.42972

Fitting of the background hypothesis done in 0.302593 s
[#1] INFO:Fitting -- RooAddition::defaultErrorLevel(nll_model_s_data_obs_with_constr) Summation contains a RooNLLVar, using its error level
Minuit2Minimizer: Minimize with max-calls 2500 convergence for edm < 0.01 strategy 1
MnSeedGenerator: for initial parameters FCN = 19.6834
MnSeedGenerator: Initial state:   - FCN =   19.68337986467 Edm =      5.99309 NCalls =     21
VariableMetric: start iterating until Edm is < 1e-05
VariableMetric: Initial state   - FCN =   19.68337986467 Edm =      5.99309 NCalls =     21
VariableMetric: Iteration #   1 - FCN =   13.71884926805 Edm =     0.392373 NCalls =     34
VariableMetric: Iteration #   2 - FCN =   12.99540956561 Edm =    0.0231567 NCalls =     46
VariableMetric: Iteration #   3 - FCN =   12.95860567621 Edm =  0.000111356 NCalls =     58
VariableMetric: Iteration #   4 - FCN =   12.95847972853 Edm =  2.02598e-07 NCalls =     70
VariableMetric: After Hessian   - FCN =   12.95847972853 Edm =  2.06502e-07 NCalls =    101
Number of iterations 6
----------> Iteration 0
            FVAL = 19.6833798647 Edm = 5.99309323023 Nfcn = 21
            Error matrix change = 1
            Parameters :  p0 = -0.0302732 p1 = 0 p2 = 0 p3 = 0 p4 = -0.42972
----------> Iteration 1
            FVAL = 13.7188492681 Edm = 0.392372835749 Nfcn = 34
            Error matrix change = 0.566515
            Parameters :  p0 = -0.593895 p1 = -0.874472 p2 = -0.813818 p3 = -1.01692 p4 = -1.50665
----------> Iteration 2
            FVAL = 12.9954095656 Edm = 0.0231567492207 Nfcn = 46
            Error matrix change = 0.336559
            Parameters :  p0 = -0.0598766 p1 = -0.488123 p2 = -0.441285 p3 = -0.611693 p4 = -1.99647
----------> Iteration 3
            FVAL = 12.9586056762 Edm = 0.000111356241774 Nfcn = 58
            Error matrix change = 0.205089
            Parameters :  p0 = -0.148582 p1 = -0.548221 p2 = -0.508012 p3 = -0.647339 p4 = -2.12064
----------> Iteration 4
            FVAL = 12.9584797285 Edm = 2.02598199428e-07 Nfcn = 70
            Error matrix change = 0.120621
            Parameters :  p0 = -0.150214 p1 = -0.541252 p2 = -0.498911 p3 = -0.646133 p4 = -2.1275
----------> Iteration 5
            FVAL = 12.9584797285 Edm = 2.06502247376e-07 Nfcn = 101
            Error matrix change = 0
            Parameters :  p0 = -0.150214 p1 = -0.541252 p2 = -0.498911 p3 = -0.646133 p4 = -2.1275
Minuit2Minimizer : Valid minimum - status = 0
FVAL  = 12.9584797285288698
Edm   = 2.06502247376327343e-07
Nfcn  = 101
jerUp_unc	  = -0.150214	 +/-  0.995071	(limited)
jesUp_unc	  = -0.541252	 +/-  0.973303	(limited)
lumi	  = -0.498911	 +/-  0.976842	(limited)
pdf_unc	  = -0.646133	 +/-  0.963194	(limited)
xs_Bkg	  = -2.1275	 +/-  0.611319	(limited)
Reference signal fit
   0) jerUp_unc                      = -0.150214
   1) jesUp_unc                      = -0.541252
   2) lumi                           = -0.498911
   3) pdf_unc                        = -0.646133
   4) xs_Bkg                         =   -2.1275

Fitting of the signal-plus-background hypothesis done in 0.00242901 s
      Evaluation of p-values done in  6.16482 s
	CLs = 0 +/- 0
      Evaluation of p-values done in  5.95385 s
	CLs = 0 +/- 0
      Evaluation of p-values done in  6.08609 s
	CLs = 0.000881834 +/- 0.000881929
      Evaluation of p-values done in  6.05463 s
	CLs = 0.0013468 +/- 0.000952497
      Evaluation of p-values done in  6.0832 s
	CLs = 0.00160858 +/- 0.000928903
	CLs      = 0.00160858 +/- 0.000928903
	CLb      = 0.373 +/- 0.00683917
	CLsplusb = 0.0006 +/- 0.000346306

Hybrid result saved as HypoTestResult_mh120_r34_1889094609 in higgsCombineTest.HybridNew.mH120.-923374985.root : higgsCombineTest.HybridNew.mH120.-923374985.root:/toys

 -- Hybrid New -- 
CLs = 0.00160858 +/- 0.000928903
Total toys: 10000
Done in 0.00 min (cpu), 0.51 min (real)
