>>> including systematics
>>> using the Profile Likelihood test statistics modified for upper limits (Q_LHC)
>>> method used to compute upper limit is HybridNew
>>> Using OpenSSL to get a really random seed 
>>> Used OpenSSL to get a really random seed -405140894
Adding /uscms_data/d2/lpcljm/sapta/SUSYSearch/LimitSetting/CMSSW_7_1_5/src to include path
Adding /cvmfs/cms.cern.ch/slc6_amd64_gcc481/lcg/roofit/5.34.18-cms3//include to include path
Input workspace 'w': 

RooWorkspace(w) w contents

variables
---------
(jerUp_unc,jerUp_unc_In,jesUp_unc,jesUp_unc_In,lumi,lumi_In,n_obs_binbin1,pdf_unc,pdf_unc_In,r,xs_Bkg,xs_Bkg_In)

p.d.f.s
-------
SimpleGaussianConstraint::jerUp_unc_Pdf[ x=jerUp_unc mean=jerUp_unc_In sigma=1 ] = 1
SimpleGaussianConstraint::jesUp_unc_Pdf[ x=jesUp_unc mean=jesUp_unc_In sigma=1 ] = 1
SimpleGaussianConstraint::lumi_Pdf[ x=lumi mean=lumi_In sigma=1 ] = 1
RooProdPdf::modelObs_b[ pdf_binbin1_bonly ] = 0.00691792
RooProdPdf::modelObs_s[ pdf_binbin1 ] = 0.00573811
RooProdPdf::model_b[ modelObs_b * nuisancePdf ] = 0.00691792
RooProdPdf::model_s[ modelObs_s * nuisancePdf ] = 0.00573811
RooProdPdf::nuisancePdf[ lumi_Pdf * jesUp_unc_Pdf * pdf_unc_Pdf * xs_Bkg_Pdf * jerUp_unc_Pdf ] = 1
RooPoisson::pdf_binbin1[ x=n_obs_binbin1 mean=n_exp_binbin1 ] = 0.00573811
RooPoisson::pdf_binbin1_bonly[ x=n_obs_binbin1 mean=n_exp_binbin1_bonly ] = 0.00691792
SimpleGaussianConstraint::pdf_unc_Pdf[ x=pdf_unc mean=pdf_unc_In sigma=1 ] = 1
SimpleGaussianConstraint::xs_Bkg_Pdf[ x=xs_Bkg mean=xs_Bkg_In sigma=1 ] = 1

functions
--------
RooAddition::n_exp_binbin1[ n_exp_binbin1_proc_BH + n_exp_binbin1_proc_Background ] = 103.82
RooAddition::n_exp_binbin1_bonly[ n_exp_binbin1_proc_Background ] = 102.82
ProcessNormalization::n_exp_binbin1_proc_BH[ thetaList=(lumi,jesUp_unc,pdf_unc) asymmThetaList=() otherFactorList=(r) ] = 1
ProcessNormalization::n_exp_binbin1_proc_Background[ thetaList=(xs_Bkg,jerUp_unc) asymmThetaList=() otherFactorList=() ] = 102.82

datasets
--------
RooDataSet::data_obs(n_obs_binbin1)

named sets
----------
ModelConfig_GlobalObservables:(lumi_In,jesUp_unc_In,pdf_unc_In,xs_Bkg_In,jerUp_unc_In)
ModelConfig_NuisParams:(lumi,jesUp_unc,pdf_unc,xs_Bkg,jerUp_unc)
ModelConfig_Observables:(n_obs_binbin1)
ModelConfig_POI:(r)
ModelConfig_bonly_GlobalObservables:(lumi_In,jesUp_unc_In,pdf_unc_In,xs_Bkg_In,jerUp_unc_In)
ModelConfig_bonly_NuisParams:(lumi,jesUp_unc,pdf_unc,xs_Bkg,jerUp_unc)
ModelConfig_bonly_Observables:(n_obs_binbin1)
ModelConfig_bonly_POI:(r)
POI:(r)
globalObservables:(lumi_In,jesUp_unc_In,pdf_unc_In,xs_Bkg_In,jerUp_unc_In)
nuisances:(lumi,jesUp_unc,pdf_unc,xs_Bkg,jerUp_unc)
observables:(n_obs_binbin1)

generic objects
---------------
RooStats::ModelConfig::ModelConfig
RooStats::ModelConfig::ModelConfig_bonly
RooArgSet::discreteParams

Workspace has a ModelConfig for signal called 'ModelConfig', with contents:

=== Using the following for ModelConfig ===
Observables:             RooArgSet:: = (n_obs_binbin1)
Parameters of Interest:  RooArgSet:: = (r)
Nuisance Parameters:     RooArgSet:: = (lumi,jesUp_unc,pdf_unc,xs_Bkg,jerUp_unc)
Global Observables:      RooArgSet:: = (lumi_In,jesUp_unc_In,pdf_unc_In,xs_Bkg_In,jerUp_unc_In)
PDF:                     RooProdPdf::model_s[ modelObs_s * nuisancePdf ] = 0.00573811

Input ModelConfig 'ModelConfig': 

=== Using the following for ModelConfig ===
Observables:             RooArgSet:: = (n_obs_binbin1)
Parameters of Interest:  RooArgSet:: = (r)
Nuisance Parameters:     RooArgSet:: = (lumi,jesUp_unc,pdf_unc,xs_Bkg,jerUp_unc)
Global Observables:      RooArgSet:: = (lumi_In,jesUp_unc_In,pdf_unc_In,xs_Bkg_In,jerUp_unc_In)
PDF:                     RooProdPdf::model_s[ modelObs_s * nuisancePdf ] = 0.00573811

[#1] INFO:ObjectHandling -- RooWorkspace::import(w) importing RooUniform::prior
Computing limit starting from observation
  1) RooRealVar:: n_obs_binbin1 = 84
Set default minimizer to Minuit2
  r = 35 +/- 0
[#1] INFO:Minization --  Including the following contraint terms in minimization: (nuisancePdf)
[#1] INFO:Fitting -- RooAddition::defaultErrorLevel(nll_model_s_data_obs_with_constr) Summation contains a RooNLLVar, using its error level
Minuit2Minimizer: Minimize with max-calls 2500 convergence for edm < 0.01 strategy 1
MnSeedGenerator: for initial parameters FCN = 9.56833
MnSeedGenerator: Initial state:   - FCN =   9.568332283583 Edm =      1.87787 NCalls =     21
VariableMetric: start iterating until Edm is < 1e-05
VariableMetric: Initial state   - FCN =   9.568332283583 Edm =      1.87787 NCalls =     21
VariableMetric: Iteration #   1 - FCN =   7.976180551436 Edm =     0.100189 NCalls =     33
VariableMetric: Iteration #   2 - FCN =   7.825638823658 Edm =  1.52603e-06 NCalls =     45
VariableMetric: After Hessian   - FCN =   7.825638823658 Edm =  1.79816e-06 NCalls =     76
Number of iterations 4
----------> Iteration 0
            FVAL = 9.56833228358 Edm = 1.87786632943 Nfcn = 21
            Error matrix change = 1
            Parameters :  p0 = 0 p1 = 0 p2 = 0 p3 = 0 p4 = 0
----------> Iteration 1
            FVAL = 7.97618055144 Edm = 0.100189254083 Nfcn = 33
            Error matrix change = 0.528236
            Parameters :  p0 = -0.544388 p1 = 0 p2 = 0 p3 = 0 p4 = -0.333338
----------> Iteration 2
            FVAL = 7.82563882366 Edm = 1.52602936466e-06 Nfcn = 45
            Error matrix change = 0.307601
            Parameters :  p0 = -0.0355922 p1 = 0 p2 = 0 p3 = 0 p4 = -0.423248
----------> Iteration 3
            FVAL = 7.82563882366 Edm = 1.79816098876e-06 Nfcn = 76
            Error matrix change = 0
            Parameters :  p0 = -0.0355922 p1 = 0 p2 = 0 p3 = 0 p4 = -0.423248
Minuit2Minimizer : Valid minimum - status = 0
FVAL  = 7.8256388236578962
Edm   = 1.79816098875960998e-06
Nfcn  = 76
jerUp_unc	  = -0.0355922	 +/-  0.993049	(limited)
jesUp_unc	  = 0	 +/-  0.996602	(limited)
lumi	  = 0	 +/-  0.996602	(limited)
pdf_unc	  = 0	 +/-  0.996602	(limited)
xs_Bkg	  = -0.423248	 +/-  0.249536	(limited)
Zero signal fit
   0) jerUp_unc                      = -0.0355922
   1) jesUp_unc                      =         0
   2) lumi                           =         0
   3) pdf_unc                        =         0
   4) xs_Bkg                         = -0.423248

Fitting of the background hypothesis done in 0.31076 s
[#1] INFO:Fitting -- RooAddition::defaultErrorLevel(nll_model_s_data_obs_with_constr) Summation contains a RooNLLVar, using its error level
Minuit2Minimizer: Minimize with max-calls 2500 convergence for edm < 0.01 strategy 1
MnSeedGenerator: for initial parameters FCN = 13.8465
MnSeedGenerator: Initial state:   - FCN =   13.84647774696 Edm =      4.94365 NCalls =     19
VariableMetric: start iterating until Edm is < 1e-05
VariableMetric: Initial state   - FCN =   13.84647774696 Edm =      4.94365 NCalls =     19
VariableMetric: Iteration #   1 - FCN =   9.495680992934 Edm =     0.358031 NCalls =     31
VariableMetric: Iteration #   2 - FCN =   8.891396099143 Edm =   0.00530711 NCalls =     43
VariableMetric: Iteration #   3 - FCN =   8.884362390199 Edm =  7.79669e-05 NCalls =     55
VariableMetric: Iteration #   4 - FCN =   8.884276108568 Edm =  7.76901e-10 NCalls =     67
VariableMetric: After Hessian   - FCN =   8.884276108568 Edm =  8.02514e-10 NCalls =     98
Number of iterations 6
----------> Iteration 0
            FVAL = 13.846477747 Edm = 4.94365154152 Nfcn = 19
            Error matrix change = 1
            Parameters :  p0 = -0.0355922 p1 = 0 p2 = 0 p3 = 0 p4 = -0.423248
----------> Iteration 1
            FVAL = 9.49568099293 Edm = 0.358031125574 Nfcn = 31
            Error matrix change = 0.578273
            Parameters :  p0 = -0.811267 p1 = -0.437755 p2 = -0.406007 p3 = -0.513843 p4 = -1.08886
----------> Iteration 2
            FVAL = 8.89139609914 Edm = 0.00530711012492 Nfcn = 43
            Error matrix change = 0.381054
            Parameters :  p0 = -0.103285 p1 = -0.0770762 p2 = -0.0674964 p3 = -0.104436 p4 = -1.36587
----------> Iteration 3
            FVAL = 8.8843623902 Edm = 7.79668815162e-05 Nfcn = 55
            Error matrix change = 0.209058
            Parameters :  p0 = -0.114674 p1 = -0.102229 p2 = -0.0950631 p3 = -0.11953 p4 = -1.40015
----------> Iteration 4
            FVAL = 8.88427610857 Edm = 7.76900552689e-10 Nfcn = 67
            Error matrix change = 0.129856
            Parameters :  p0 = -0.122808 p1 = -0.0963658 p2 = -0.0887993 p3 = -0.115109 p4 = -1.40163
----------> Iteration 5
            FVAL = 8.88427610857 Edm = 8.02513626254e-10 Nfcn = 98
            Error matrix change = 0
            Parameters :  p0 = -0.122808 p1 = -0.0963658 p2 = -0.0887993 p3 = -0.115109 p4 = -1.40163
Minuit2Minimizer : Valid minimum - status = 0
FVAL  = 8.88427610856753347
Edm   = 8.02513626253975276e-10
Nfcn  = 98
jerUp_unc	  = -0.122808	 +/-  0.993348	(limited)
jesUp_unc	  = -0.0963658	 +/-  0.991426	(limited)
lumi	  = -0.0887993	 +/-  0.992206	(limited)
pdf_unc	  = -0.115109	 +/-  0.989211	(limited)
xs_Bkg	  = -1.40163	 +/-  0.375138	(limited)
Reference signal fit
   0) jerUp_unc                      = -0.122808
   1) jesUp_unc                      = -0.0963658
   2) lumi                           = -0.0887993
   3) pdf_unc                        = -0.115109
   4) xs_Bkg                         =  -1.40163

Fitting of the signal-plus-background hypothesis done in 0.00244308 s
      Evaluation of p-values done in  6.09398 s
	CLs = 0.18 +/- 0.0232821
      Evaluation of p-values done in  6.16214 s
	CLs = 0.171717 +/- 0.0161509
      Evaluation of p-values done in  6.00517 s
	CLs = 0.180407 +/- 0.0135961
      Evaluation of p-values done in  5.77866 s
	CLs = 0.174037 +/- 0.0114278
      Evaluation of p-values done in  6.18043 s
	CLs = 0.176976 +/- 0.010333
	CLs      = 0.176976 +/- 0.010333
	CLb      = 0.3492 +/- 0.0067418
	CLsplusb = 0.0618 +/- 0.00340531

Hybrid result saved as HypoTestResult_mh120_r35_2886690474 in higgsCombineTest.HybridNew.mH120.-405140894.root : higgsCombineTest.HybridNew.mH120.-405140894.root:/toys

 -- Hybrid New -- 
CLs = 0.176976 +/- 0.010333
Total toys: 10000
Done in 0.00 min (cpu), 0.51 min (real)
