>>> including systematics
>>> using the Profile Likelihood test statistics modified for upper limits (Q_LHC)
>>> method used to compute upper limit is HybridNew
>>> Using OpenSSL to get a really random seed 
>>> Used OpenSSL to get a really random seed -225828501
Adding /uscms_data/d2/lpcljm/sapta/SUSYSearch/LimitSetting/CMSSW_7_1_5/src to include path
Adding /cvmfs/cms.cern.ch/slc6_amd64_gcc481/lcg/roofit/5.34.18-cms3//include to include path
Input workspace 'w': 

RooWorkspace(w) w contents

variables
---------
(jerUp_unc,jerUp_unc_In,jesUp_unc,jesUp_unc_In,lumi,lumi_In,n_obs_binbin1,pdf_unc,pdf_unc_In,r,xs_Bkg,xs_Bkg_In)

p.d.f.s
-------
SimpleGaussianConstraint::jerUp_unc_Pdf[ x=jerUp_unc mean=jerUp_unc_In sigma=1 ] = 1
SimpleGaussianConstraint::jesUp_unc_Pdf[ x=jesUp_unc mean=jesUp_unc_In sigma=1 ] = 1
SimpleGaussianConstraint::lumi_Pdf[ x=lumi mean=lumi_In sigma=1 ] = 1
RooProdPdf::modelObs_b[ pdf_binbin1_bonly ] = 0.0262734
RooProdPdf::modelObs_s[ pdf_binbin1 ] = 0.0205368
RooProdPdf::model_b[ modelObs_b * nuisancePdf ] = 0.0262734
RooProdPdf::model_s[ modelObs_s * nuisancePdf ] = 0.0205368
RooProdPdf::nuisancePdf[ lumi_Pdf * jesUp_unc_Pdf * pdf_unc_Pdf * xs_Bkg_Pdf * jerUp_unc_Pdf ] = 1
RooPoisson::pdf_binbin1[ x=n_obs_binbin1 mean=n_exp_binbin1 ] = 0.0205368
RooPoisson::pdf_binbin1_bonly[ x=n_obs_binbin1 mean=n_exp_binbin1_bonly ] = 0.0262734
SimpleGaussianConstraint::pdf_unc_Pdf[ x=pdf_unc mean=pdf_unc_In sigma=1 ] = 1
SimpleGaussianConstraint::xs_Bkg_Pdf[ x=xs_Bkg mean=xs_Bkg_In sigma=1 ] = 1

functions
--------
RooAddition::n_exp_binbin1[ n_exp_binbin1_proc_BH + n_exp_binbin1_proc_Background ] = 36.3276
RooAddition::n_exp_binbin1_bonly[ n_exp_binbin1_proc_Background ] = 35.3276
ProcessNormalization::n_exp_binbin1_proc_BH[ thetaList=(lumi,jesUp_unc,pdf_unc) asymmThetaList=() otherFactorList=(r) ] = 1
ProcessNormalization::n_exp_binbin1_proc_Background[ thetaList=(xs_Bkg,jerUp_unc) asymmThetaList=() otherFactorList=() ] = 35.3276

datasets
--------
RooDataSet::data_obs(n_obs_binbin1)

named sets
----------
ModelConfig_GlobalObservables:(lumi_In,jesUp_unc_In,pdf_unc_In,xs_Bkg_In,jerUp_unc_In)
ModelConfig_NuisParams:(lumi,jesUp_unc,pdf_unc,xs_Bkg,jerUp_unc)
ModelConfig_Observables:(n_obs_binbin1)
ModelConfig_POI:(r)
ModelConfig_bonly_GlobalObservables:(lumi_In,jesUp_unc_In,pdf_unc_In,xs_Bkg_In,jerUp_unc_In)
ModelConfig_bonly_NuisParams:(lumi,jesUp_unc,pdf_unc,xs_Bkg,jerUp_unc)
ModelConfig_bonly_Observables:(n_obs_binbin1)
ModelConfig_bonly_POI:(r)
POI:(r)
globalObservables:(lumi_In,jesUp_unc_In,pdf_unc_In,xs_Bkg_In,jerUp_unc_In)
nuisances:(lumi,jesUp_unc,pdf_unc,xs_Bkg,jerUp_unc)
observables:(n_obs_binbin1)

generic objects
---------------
RooStats::ModelConfig::ModelConfig
RooStats::ModelConfig::ModelConfig_bonly
RooArgSet::discreteParams

Workspace has a ModelConfig for signal called 'ModelConfig', with contents:

=== Using the following for ModelConfig ===
Observables:             RooArgSet:: = (n_obs_binbin1)
Parameters of Interest:  RooArgSet:: = (r)
Nuisance Parameters:     RooArgSet:: = (lumi,jesUp_unc,pdf_unc,xs_Bkg,jerUp_unc)
Global Observables:      RooArgSet:: = (lumi_In,jesUp_unc_In,pdf_unc_In,xs_Bkg_In,jerUp_unc_In)
PDF:                     RooProdPdf::model_s[ modelObs_s * nuisancePdf ] = 0.0205368

Input ModelConfig 'ModelConfig': 

=== Using the following for ModelConfig ===
Observables:             RooArgSet:: = (n_obs_binbin1)
Parameters of Interest:  RooArgSet:: = (r)
Nuisance Parameters:     RooArgSet:: = (lumi,jesUp_unc,pdf_unc,xs_Bkg,jerUp_unc)
Global Observables:      RooArgSet:: = (lumi_In,jesUp_unc_In,pdf_unc_In,xs_Bkg_In,jerUp_unc_In)
PDF:                     RooProdPdf::model_s[ modelObs_s * nuisancePdf ] = 0.0205368

[#1] INFO:ObjectHandling -- RooWorkspace::import(w) importing RooUniform::prior
Computing limit starting from observation
  1) RooRealVar:: n_obs_binbin1 = 27
Set default minimizer to Minuit2
  r = 38 +/- 0
[#1] INFO:Minization --  Including the following contraint terms in minimization: (nuisancePdf)
[#1] INFO:Fitting -- RooAddition::defaultErrorLevel(nll_model_s_data_obs_with_constr) Summation contains a RooNLLVar, using its error level
Minuit2Minimizer: Minimize with max-calls 2500 convergence for edm < 0.01 strategy 1
MnSeedGenerator: for initial parameters FCN = 8.23389
MnSeedGenerator: Initial state:   - FCN =   8.233889033594 Edm =     0.950117 NCalls =     21
VariableMetric: start iterating until Edm is < 1e-05
VariableMetric: Initial state   - FCN =   8.233889033594 Edm =     0.950117 NCalls =     21
VariableMetric: Iteration #   1 - FCN =   7.310379400131 Edm =    0.0357631 NCalls =     32
VariableMetric: Iteration #   2 - FCN =   7.268248591192 Edm =   1.6143e-05 NCalls =     44
VariableMetric: Iteration #   3 - FCN =   7.268230548153 Edm =  5.15522e-10 NCalls =     56
VariableMetric: After Hessian   - FCN =   7.268230548153 Edm =  5.14029e-10 NCalls =     87
Number of iterations 5
----------> Iteration 0
            FVAL = 8.23388903359 Edm = 0.950116904278 Nfcn = 21
            Error matrix change = 1
            Parameters :  p0 = 0 p1 = 0 p2 = 0 p3 = 0 p4 = 0
----------> Iteration 1
            FVAL = 7.31037940013 Edm = 0.0357631314919 Nfcn = 32
            Error matrix change = 0.52054
            Parameters :  p0 = -0.309679 p1 = 0 p2 = 0 p3 = 0 p4 = -0.387453
----------> Iteration 2
            FVAL = 7.26824859119 Edm = 1.61429719279e-05 Nfcn = 44
            Error matrix change = 0.282641
            Parameters :  p0 = -0.0286113 p1 = 0 p2 = 0 p3 = 0 p4 = -0.427965
----------> Iteration 3
            FVAL = 7.26823054815 Edm = 5.15522435746e-10 Nfcn = 56
            Error matrix change = 0.143988
            Parameters :  p0 = -0.0302732 p1 = 0 p2 = 0 p3 = 0 p4 = -0.42972
----------> Iteration 4
            FVAL = 7.26823054815 Edm = 5.14029010723e-10 Nfcn = 87
            Error matrix change = 0
            Parameters :  p0 = -0.0302732 p1 = 0 p2 = 0 p3 = 0 p4 = -0.42972
Minuit2Minimizer : Valid minimum - status = 0
FVAL  = 7.26823054815334757
Edm   = 5.14029010723374892e-10
Nfcn  = 87
jerUp_unc	  = -0.0302732	 +/-  0.994421	(limited)
jesUp_unc	  = 0	 +/-  0.996602	(limited)
lumi	  = 0	 +/-  0.996602	(limited)
pdf_unc	  = 0	 +/-  0.996602	(limited)
xs_Bkg	  = -0.42972	 +/-  0.328295	(limited)
Zero signal fit
   0) jerUp_unc                      = -0.0302732
   1) jesUp_unc                      =         0
   2) lumi                           =         0
   3) pdf_unc                        =         0
   4) xs_Bkg                         =  -0.42972

Fitting of the background hypothesis done in 0.305135 s
[#1] INFO:Fitting -- RooAddition::defaultErrorLevel(nll_model_s_data_obs_with_constr) Summation contains a RooNLLVar, using its error level
Minuit2Minimizer: Minimize with max-calls 2500 convergence for edm < 0.01 strategy 1
MnSeedGenerator: for initial parameters FCN = 21.9893
MnSeedGenerator: Initial state:   - FCN =   21.98926823296 Edm =      6.91967 NCalls =     19
VariableMetric: start iterating until Edm is < 1e-05
VariableMetric: Initial state   - FCN =   21.98926823296 Edm =      6.91967 NCalls =     19
VariableMetric: Iteration #   1 - FCN =   15.19212413833 Edm =     0.452324 NCalls =     32
VariableMetric: Iteration #   2 - FCN =   14.36047596225 Edm =    0.0255994 NCalls =     44
VariableMetric: Iteration #   3 - FCN =   14.31884115503 Edm =  0.000118052 NCalls =     56
VariableMetric: Iteration #   4 - FCN =   14.31870482646 Edm =  2.33591e-07 NCalls =     68
VariableMetric: After Hessian   - FCN =   14.31870482646 Edm =  2.38992e-07 NCalls =     99
Number of iterations 6
----------> Iteration 0
            FVAL = 21.989268233 Edm = 6.91966737253 Nfcn = 19
            Error matrix change = 1
            Parameters :  p0 = -0.0302732 p1 = 0 p2 = 0 p3 = 0 p4 = -0.42972
----------> Iteration 1
            FVAL = 15.1921241383 Edm = 0.452323606632 Nfcn = 32
            Error matrix change = 0.573976
            Parameters :  p0 = -0.621731 p1 = -1.01331 p2 = -0.944352 p3 = -1.17388 p4 = -1.5546
----------> Iteration 2
            FVAL = 14.3604759623 Edm = 0.0255993641843 Nfcn = 44
            Error matrix change = 0.353847
            Parameters :  p0 = -0.0659033 p1 = -0.596658 p2 = -0.53881 p3 = -0.748991 p4 = -2.08001
----------> Iteration 3
            FVAL = 14.318841155 Edm = 0.000118052087584 Nfcn = 56
            Error matrix change = 0.216167
            Parameters :  p0 = -0.155284 p1 = -0.661091 p2 = -0.612823 p3 = -0.780548 p4 = -2.21504
----------> Iteration 4
            FVAL = 14.3187048265 Edm = 2.33591150146e-07 Nfcn = 68
            Error matrix change = 0.128533
            Parameters :  p0 = -0.156879 p1 = -0.654407 p2 = -0.603219 p3 = -0.781138 p4 = -2.22234
----------> Iteration 5
            FVAL = 14.3187048265 Edm = 2.38992451878e-07 Nfcn = 99
            Error matrix change = 0
            Parameters :  p0 = -0.156879 p1 = -0.654407 p2 = -0.603219 p3 = -0.781138 p4 = -2.22234
Minuit2Minimizer : Valid minimum - status = 0
FVAL  = 14.3187048264553987
Edm   = 2.38992451878331022e-07
Nfcn  = 99
jerUp_unc	  = -0.156879	 +/-  0.995088	(limited)
jesUp_unc	  = -0.654407	 +/-  0.970087	(limited)
lumi	  = -0.603219	 +/-  0.974121	(limited)
pdf_unc	  = -0.781138	 +/-  0.958554	(limited)
xs_Bkg	  = -2.22234	 +/-  0.616783	(limited)
Reference signal fit
   0) jerUp_unc                      = -0.156879
   1) jesUp_unc                      = -0.654407
   2) lumi                           = -0.603219
   3) pdf_unc                        = -0.781138
   4) xs_Bkg                         =  -2.22234

Fitting of the signal-plus-background hypothesis done in 0.00237107 s
      Evaluation of p-values done in  6.17159 s
	CLs = 0 +/- 0
      Evaluation of p-values done in  6.48147 s
	CLs = 0.00125471 +/- 0.00125486
      Evaluation of p-values done in  6.22404 s
	CLs = 0.00167504 +/- 0.00118464
      Evaluation of p-values done in  5.94251 s
	CLs = 0.00125392 +/- 0.000886767
      Evaluation of p-values done in  6.18806 s
	CLs = 0.00101112 +/- 0.000715047
	CLs      = 0.00101112 +/- 0.000715047
	CLb      = 0.3956 +/- 0.00691521
	CLsplusb = 0.0004 +/- 0.000282786

Hybrid result saved as HypoTestResult_mh120_r38_1266543509 in higgsCombineTest.HybridNew.mH120.-225828501.root : higgsCombineTest.HybridNew.mH120.-225828501.root:/toys

 -- Hybrid New -- 
CLs = 0.00101112 +/- 0.000715047
Total toys: 10000
Done in 0.00 min (cpu), 0.52 min (real)
