>>> including systematics
>>> using the Profile Likelihood test statistics modified for upper limits (Q_LHC)
>>> method used to compute upper limit is HybridNew
>>> Using OpenSSL to get a really random seed 
>>> Used OpenSSL to get a really random seed 393611831
Adding /uscms_data/d2/lpcljm/sapta/SUSYSearch/LimitSetting/CMSSW_7_1_5/src to include path
Adding /cvmfs/cms.cern.ch/slc6_amd64_gcc481/lcg/roofit/5.34.18-cms3//include to include path
Input workspace 'w': 

RooWorkspace(w) w contents

variables
---------
(jerUp_unc,jerUp_unc_In,jesUp_unc,jesUp_unc_In,lumi,lumi_In,n_obs_binbin1,pdf_unc,pdf_unc_In,r,xs_Bkg,xs_Bkg_In)

p.d.f.s
-------
SimpleGaussianConstraint::jerUp_unc_Pdf[ x=jerUp_unc mean=jerUp_unc_In sigma=1 ] = 1
SimpleGaussianConstraint::jesUp_unc_Pdf[ x=jesUp_unc mean=jesUp_unc_In sigma=1 ] = 1
SimpleGaussianConstraint::lumi_Pdf[ x=lumi mean=lumi_In sigma=1 ] = 1
RooProdPdf::modelObs_b[ pdf_binbin1_bonly ] = 0.00189414
RooProdPdf::modelObs_s[ pdf_binbin1 ] = 0.0018383
RooProdPdf::model_b[ modelObs_b * nuisancePdf ] = 0.00189414
RooProdPdf::model_s[ modelObs_s * nuisancePdf ] = 0.0018383
RooProdPdf::nuisancePdf[ lumi_Pdf * jesUp_unc_Pdf * pdf_unc_Pdf * xs_Bkg_Pdf * jerUp_unc_Pdf ] = 1
RooPoisson::pdf_binbin1[ x=n_obs_binbin1 mean=n_exp_binbin1 ] = 0.0018383
RooPoisson::pdf_binbin1_bonly[ x=n_obs_binbin1 mean=n_exp_binbin1_bonly ] = 0.00189414
SimpleGaussianConstraint::pdf_unc_Pdf[ x=pdf_unc mean=pdf_unc_In sigma=1 ] = 1
SimpleGaussianConstraint::xs_Bkg_Pdf[ x=xs_Bkg mean=xs_Bkg_In sigma=1 ] = 1

functions
--------
RooAddition::n_exp_binbin1[ n_exp_binbin1_proc_BH + n_exp_binbin1_proc_Background ] = 3033.25
RooAddition::n_exp_binbin1_bonly[ n_exp_binbin1_proc_Background ] = 3032.25
ProcessNormalization::n_exp_binbin1_proc_BH[ thetaList=(lumi,jesUp_unc,pdf_unc) asymmThetaList=() otherFactorList=(r) ] = 1
ProcessNormalization::n_exp_binbin1_proc_Background[ thetaList=(xs_Bkg,jerUp_unc) asymmThetaList=() otherFactorList=() ] = 3032.25

datasets
--------
RooDataSet::data_obs(n_obs_binbin1)

named sets
----------
ModelConfig_GlobalObservables:(lumi_In,jesUp_unc_In,pdf_unc_In,xs_Bkg_In,jerUp_unc_In)
ModelConfig_NuisParams:(lumi,jesUp_unc,pdf_unc,xs_Bkg,jerUp_unc)
ModelConfig_Observables:(n_obs_binbin1)
ModelConfig_POI:(r)
ModelConfig_bonly_GlobalObservables:(lumi_In,jesUp_unc_In,pdf_unc_In,xs_Bkg_In,jerUp_unc_In)
ModelConfig_bonly_NuisParams:(lumi,jesUp_unc,pdf_unc,xs_Bkg,jerUp_unc)
ModelConfig_bonly_Observables:(n_obs_binbin1)
ModelConfig_bonly_POI:(r)
POI:(r)
globalObservables:(lumi_In,jesUp_unc_In,pdf_unc_In,xs_Bkg_In,jerUp_unc_In)
nuisances:(lumi,jesUp_unc,pdf_unc,xs_Bkg,jerUp_unc)
observables:(n_obs_binbin1)

generic objects
---------------
RooStats::ModelConfig::ModelConfig
RooStats::ModelConfig::ModelConfig_bonly
RooArgSet::discreteParams

Workspace has a ModelConfig for signal called 'ModelConfig', with contents:

=== Using the following for ModelConfig ===
Observables:             RooArgSet:: = (n_obs_binbin1)
Parameters of Interest:  RooArgSet:: = (r)
Nuisance Parameters:     RooArgSet:: = (lumi,jesUp_unc,pdf_unc,xs_Bkg,jerUp_unc)
Global Observables:      RooArgSet:: = (lumi_In,jesUp_unc_In,pdf_unc_In,xs_Bkg_In,jerUp_unc_In)
PDF:                     RooProdPdf::model_s[ modelObs_s * nuisancePdf ] = 0.0018383

Input ModelConfig 'ModelConfig': 

=== Using the following for ModelConfig ===
Observables:             RooArgSet:: = (n_obs_binbin1)
Parameters of Interest:  RooArgSet:: = (r)
Nuisance Parameters:     RooArgSet:: = (lumi,jesUp_unc,pdf_unc,xs_Bkg,jerUp_unc)
Global Observables:      RooArgSet:: = (lumi_In,jesUp_unc_In,pdf_unc_In,xs_Bkg_In,jerUp_unc_In)
PDF:                     RooProdPdf::model_s[ modelObs_s * nuisancePdf ] = 0.0018383

[#1] INFO:ObjectHandling -- RooWorkspace::import(w) importing RooUniform::prior
Computing limit starting from observation
  1) RooRealVar:: n_obs_binbin1 = 2942
Set default minimizer to Minuit2
  r = 400 +/- 0
[#1] INFO:Minization --  Including the following contraint terms in minimization: (nuisancePdf)
[#1] INFO:Fitting -- RooAddition::defaultErrorLevel(nll_model_s_data_obs_with_constr) Summation contains a RooNLLVar, using its error level
Minuit2Minimizer: Minimize with max-calls 2500 convergence for edm < 0.01 strategy 1
MnSeedGenerator: for initial parameters FCN = 10.8637
MnSeedGenerator: Initial state:   - FCN =   10.86368106198 Edm =      2.42923 NCalls =     21
VariableMetric: start iterating until Edm is < 1e-05
VariableMetric: Initial state   - FCN =   10.86368106198 Edm =      2.42923 NCalls =     21
VariableMetric: Iteration #   1 - FCN =   9.571495733599 Edm =   0.00456323 NCalls =     33
VariableMetric: Iteration #   2 - FCN =   9.527630906811 Edm =   0.00138525 NCalls =     46
VariableMetric: Iteration #   3 - FCN =   9.526176358502 Edm =   3.2899e-09 NCalls =     58
VariableMetric: After Hessian   - FCN =   9.526176358502 Edm =  3.28963e-09 NCalls =     89
Number of iterations 5
----------> Iteration 0
            FVAL = 10.863681062 Edm = 2.42922587982 Nfcn = 21
            Error matrix change = 1
            Parameters :  p0 = 0 p1 = 0 p2 = 0 p3 = 0 p4 = 0
----------> Iteration 1
            FVAL = 9.5714957336 Edm = 0.00456322917888 Nfcn = 33
            Error matrix change = 0.509513
            Parameters :  p0 = -0.335144 p1 = 0 p2 = 0 p3 = 0 p4 = -0.106001
----------> Iteration 2
            FVAL = 9.52763090681 Edm = 0.00138525264266 Nfcn = 46
            Error matrix change = 0.384291
            Parameters :  p0 = -0.0484188 p1 = 0 p2 = 0 p3 = 0 p4 = -0.181242
----------> Iteration 3
            FVAL = 9.5261763585 Edm = 3.2899015159e-09 Nfcn = 58
            Error matrix change = 0.192244
            Parameters :  p0 = -0.0496482 p1 = 0 p2 = 0 p3 = 0 p4 = -0.187565
----------> Iteration 4
            FVAL = 9.5261763585 Edm = 3.28963196932e-09 Nfcn = 89
            Error matrix change = 0
            Parameters :  p0 = -0.0496482 p1 = 0 p2 = 0 p3 = 0 p4 = -0.187565
Minuit2Minimizer : Valid minimum - status = 0
FVAL  = 9.52617635850232602
Edm   = 3.28963196932057352e-09
Nfcn  = 89
jerUp_unc	  = -0.0496482	 +/-  0.964369	(limited)
jesUp_unc	  = 0	 +/-  0.996602	(limited)
lumi	  = 0	 +/-  0.996602	(limited)
pdf_unc	  = 0	 +/-  0.996602	(limited)
xs_Bkg	  = -0.187565	 +/-  0.28025	(limited)
Zero signal fit
   0) jerUp_unc                      = -0.0496482
   1) jesUp_unc                      =         0
   2) lumi                           =         0
   3) pdf_unc                        =         0
   4) xs_Bkg                         = -0.187565

Fitting of the background hypothesis done in 0.206772 s
[#1] INFO:Fitting -- RooAddition::defaultErrorLevel(nll_model_s_data_obs_with_constr) Summation contains a RooNLLVar, using its error level
Minuit2Minimizer: Minimize with max-calls 2500 convergence for edm < 0.01 strategy 1
MnSeedGenerator: for initial parameters FCN = 34.6319
MnSeedGenerator: Initial state:   - FCN =   34.63185585957 Edm =      49.0886 NCalls =     21
VariableMetric: start iterating until Edm is < 1e-05
VariableMetric: Initial state   - FCN =   34.63185585957 Edm =      49.0886 NCalls =     21
VariableMetric: Iteration #   1 - FCN =   12.11213857436 Edm =     0.827175 NCalls =     33
VariableMetric: Iteration #   2 - FCN =   10.87924802496 Edm =     0.103107 NCalls =     45
VariableMetric: Iteration #   3 - FCN =   10.42848773545 Edm =     0.132253 NCalls =     57
VariableMetric: Iteration #   4 - FCN =   10.15482982264 Edm =     0.005058 NCalls =     69
VariableMetric: Iteration #   5 - FCN =    10.1493888463 Edm =  2.64414e-05 NCalls =     81
VariableMetric: Iteration #   6 - FCN =   10.14935764424 Edm =  3.17534e-08 NCalls =     93
VariableMetric: After Hessian   - FCN =   10.14935764424 Edm =  3.30884e-08 NCalls =    124
Number of iterations 8
----------> Iteration 0
            FVAL = 34.6318558596 Edm = 49.0886186797 Nfcn = 21
            Error matrix change = 1
            Parameters :  p0 = -0.0496482 p1 = 0 p2 = 0 p3 = 0 p4 = -0.187565
----------> Iteration 1
            FVAL = 12.1121385744 Edm = 0.827175366642 Nfcn = 33
            Error matrix change = 0.587754
            Parameters :  p0 = -1.36159 p1 = -0.931657 p2 = -0.882474 p3 = -1.03402 p4 = -0.61445
----------> Iteration 2
            FVAL = 10.879248025 Edm = 0.10310725042 Nfcn = 45
            Error matrix change = 0.425681
            Parameters :  p0 = -1.37356 p1 = -0.0269328 p2 = 0.00695988 p3 = -0.126818 p4 = -0.738546
----------> Iteration 3
            FVAL = 10.4284877354 Edm = 0.132253267751 Nfcn = 57
            Error matrix change = 0.337884
            Parameters :  p0 = -0.907737 p1 = -0.140275 p2 = -0.205001 p3 = 0.0256379 p4 = -0.959897
----------> Iteration 4
            FVAL = 10.1548298226 Edm = 0.00505799836491 Nfcn = 69
            Error matrix change = 0.25736
            Parameters :  p0 = -0.280203 p1 = -0.0314512 p2 = -0.0426454 p3 = 0.0346834 p4 = -1.09069
----------> Iteration 5
            FVAL = 10.1493888463 Edm = 2.64413779193e-05 Nfcn = 81
            Error matrix change = 0.153264
            Parameters :  p0 = -0.286558 p1 = -0.0604971 p2 = -0.055349 p3 = -0.0634387 p4 = -1.08025
----------> Iteration 6
            FVAL = 10.1493576442 Edm = 3.17533631018e-08 Nfcn = 93
            Error matrix change = 0.107417
            Parameters :  p0 = -0.285602 p1 = -0.0552378 p2 = -0.0507184 p3 = -0.0658852 p4 = -1.08117
----------> Iteration 7
            FVAL = 10.1493576442 Edm = 3.30883579952e-08 Nfcn = 124
            Error matrix change = 0
            Parameters :  p0 = -0.285602 p1 = -0.0552378 p2 = -0.0507184 p3 = -0.0658852 p4 = -1.08117
Minuit2Minimizer : Valid minimum - status = 0
FVAL  = 10.1493576442442652
Edm   = 3.3088357995226956e-08
Nfcn  = 124
jerUp_unc	  = -0.285602	 +/-  0.964787	(limited)
jesUp_unc	  = -0.0552378	 +/-  0.993934	(limited)
lumi	  = -0.0507184	 +/-  0.994335	(limited)
pdf_unc	  = -0.0658852	 +/-  0.992794	(limited)
xs_Bkg	  = -1.08117	 +/-  0.299745	(limited)
Reference signal fit
   0) jerUp_unc                      = -0.285602
   1) jesUp_unc                      = -0.0552378
   2) lumi                           = -0.0507184
   3) pdf_unc                        = -0.0658852
   4) xs_Bkg                         =  -1.08117

Fitting of the signal-plus-background hypothesis done in 0.00169206 s
      Evaluation of p-values done in  6.98794 s
	CLs = 0.272512 +/- 0.0259464
      Evaluation of p-values done in  6.82337 s
	CLs = 0.305882 +/- 0.0194003
      Evaluation of p-values done in  6.81663 s
	CLs = 0.305666 +/- 0.0160071
      Evaluation of p-values done in  6.80501 s
	CLs = 0.303898 +/- 0.0139695
      Evaluation of p-values done in  6.80927 s
	CLs = 0.303519 +/- 0.012511
	CLs      = 0.303519 +/- 0.012511
	CLb      = 0.4092 +/- 0.00695349
	CLsplusb = 0.1242 +/- 0.00466421

Hybrid result saved as HypoTestResult_mh120_r400_3072618595 in higgsCombineTest.HybridNew.mH120.393611831.root : higgsCombineTest.HybridNew.mH120.393611831.root:/toys

 -- Hybrid New -- 
CLs = 0.303519 +/- 0.012511
Total toys: 10000
Done in 0.00 min (cpu), 0.57 min (real)
