>>> including systematics
>>> using the Profile Likelihood test statistics modified for upper limits (Q_LHC)
>>> method used to compute upper limit is HybridNew
>>> Using OpenSSL to get a really random seed 
>>> Used OpenSSL to get a really random seed 2084688052
Adding /uscms_data/d2/lpcljm/sapta/SUSYSearch/LimitSetting/CMSSW_7_1_5/src to include path
Adding /cvmfs/cms.cern.ch/slc6_amd64_gcc481/lcg/roofit/5.34.18-cms3//include to include path
Input workspace 'w': 

RooWorkspace(w) w contents

variables
---------
(jerUp_unc,jerUp_unc_In,jesUp_unc,jesUp_unc_In,lumi,lumi_In,n_obs_binbin1,pdf_unc,pdf_unc_In,r,xs_Bkg,xs_Bkg_In)

p.d.f.s
-------
SimpleGaussianConstraint::jerUp_unc_Pdf[ x=jerUp_unc mean=jerUp_unc_In sigma=1 ] = 1
SimpleGaussianConstraint::jesUp_unc_Pdf[ x=jesUp_unc mean=jesUp_unc_In sigma=1 ] = 1
SimpleGaussianConstraint::lumi_Pdf[ x=lumi mean=lumi_In sigma=1 ] = 1
RooProdPdf::modelObs_b[ pdf_binbin1_bonly ] = 0.00290516
RooProdPdf::modelObs_s[ pdf_binbin1 ] = 0.0027561
RooProdPdf::model_b[ modelObs_b * nuisancePdf ] = 0.00290516
RooProdPdf::model_s[ modelObs_s * nuisancePdf ] = 0.0027561
RooProdPdf::nuisancePdf[ lumi_Pdf * jesUp_unc_Pdf * pdf_unc_Pdf * xs_Bkg_Pdf * jerUp_unc_Pdf ] = 1
RooPoisson::pdf_binbin1[ x=n_obs_binbin1 mean=n_exp_binbin1 ] = 0.0027561
RooPoisson::pdf_binbin1_bonly[ x=n_obs_binbin1 mean=n_exp_binbin1_bonly ] = 0.00290516
SimpleGaussianConstraint::pdf_unc_Pdf[ x=pdf_unc mean=pdf_unc_In sigma=1 ] = 1
SimpleGaussianConstraint::xs_Bkg_Pdf[ x=xs_Bkg mean=xs_Bkg_In sigma=1 ] = 1

functions
--------
RooAddition::n_exp_binbin1[ n_exp_binbin1_proc_BH + n_exp_binbin1_proc_Background ] = 1058.21
RooAddition::n_exp_binbin1_bonly[ n_exp_binbin1_proc_Background ] = 1057.21
ProcessNormalization::n_exp_binbin1_proc_BH[ thetaList=(lumi,jesUp_unc,pdf_unc) asymmThetaList=() otherFactorList=(r) ] = 1
ProcessNormalization::n_exp_binbin1_proc_Background[ thetaList=(xs_Bkg,jerUp_unc) asymmThetaList=() otherFactorList=() ] = 1057.21

datasets
--------
RooDataSet::data_obs(n_obs_binbin1)

named sets
----------
ModelConfig_GlobalObservables:(lumi_In,jesUp_unc_In,pdf_unc_In,xs_Bkg_In,jerUp_unc_In)
ModelConfig_NuisParams:(lumi,jesUp_unc,pdf_unc,xs_Bkg,jerUp_unc)
ModelConfig_Observables:(n_obs_binbin1)
ModelConfig_POI:(r)
ModelConfig_bonly_GlobalObservables:(lumi_In,jesUp_unc_In,pdf_unc_In,xs_Bkg_In,jerUp_unc_In)
ModelConfig_bonly_NuisParams:(lumi,jesUp_unc,pdf_unc,xs_Bkg,jerUp_unc)
ModelConfig_bonly_Observables:(n_obs_binbin1)
ModelConfig_bonly_POI:(r)
POI:(r)
globalObservables:(lumi_In,jesUp_unc_In,pdf_unc_In,xs_Bkg_In,jerUp_unc_In)
nuisances:(lumi,jesUp_unc,pdf_unc,xs_Bkg,jerUp_unc)
observables:(n_obs_binbin1)

generic objects
---------------
RooStats::ModelConfig::ModelConfig
RooStats::ModelConfig::ModelConfig_bonly
RooArgSet::discreteParams

Workspace has a ModelConfig for signal called 'ModelConfig', with contents:

=== Using the following for ModelConfig ===
Observables:             RooArgSet:: = (n_obs_binbin1)
Parameters of Interest:  RooArgSet:: = (r)
Nuisance Parameters:     RooArgSet:: = (lumi,jesUp_unc,pdf_unc,xs_Bkg,jerUp_unc)
Global Observables:      RooArgSet:: = (lumi_In,jesUp_unc_In,pdf_unc_In,xs_Bkg_In,jerUp_unc_In)
PDF:                     RooProdPdf::model_s[ modelObs_s * nuisancePdf ] = 0.0027561

Input ModelConfig 'ModelConfig': 

=== Using the following for ModelConfig ===
Observables:             RooArgSet:: = (n_obs_binbin1)
Parameters of Interest:  RooArgSet:: = (r)
Nuisance Parameters:     RooArgSet:: = (lumi,jesUp_unc,pdf_unc,xs_Bkg,jerUp_unc)
Global Observables:      RooArgSet:: = (lumi_In,jesUp_unc_In,pdf_unc_In,xs_Bkg_In,jerUp_unc_In)
PDF:                     RooProdPdf::model_s[ modelObs_s * nuisancePdf ] = 0.0027561

[#1] INFO:ObjectHandling -- RooWorkspace::import(w) importing RooUniform::prior
Computing limit starting from observation
  1) RooRealVar:: n_obs_binbin1 = 1002
Set default minimizer to Minuit2
  r = 500 +/- 0
[#1] INFO:Minization --  Including the following contraint terms in minimization: (nuisancePdf)
[#1] INFO:Fitting -- RooAddition::defaultErrorLevel(nll_model_s_data_obs_with_constr) Summation contains a RooNLLVar, using its error level
Minuit2Minimizer: Minimize with max-calls 2500 convergence for edm < 0.01 strategy 1
MnSeedGenerator: for initial parameters FCN = 10.436
MnSeedGenerator: Initial state:   - FCN =    10.4359602983 Edm =      2.30827 NCalls =     21
VariableMetric: start iterating until Edm is < 1e-05
VariableMetric: Initial state   - FCN =    10.4359602983 Edm =      2.30827 NCalls =     21
VariableMetric: Iteration #   1 - FCN =   9.104688210867 Edm =    0.0244305 NCalls =     33
VariableMetric: Iteration #   2 - FCN =   8.995499802835 Edm =  0.000272255 NCalls =     45
VariableMetric: Iteration #   3 - FCN =   8.995220752417 Edm =  2.21192e-07 NCalls =     56
VariableMetric: After Hessian   - FCN =   8.995220752417 Edm =  2.27806e-07 NCalls =     87
Number of iterations 5
----------> Iteration 0
            FVAL = 10.4359602983 Edm = 2.30827099786 Nfcn = 21
            Error matrix change = 1
            Parameters :  p0 = 0 p1 = 0 p2 = 0 p3 = 0 p4 = 0
----------> Iteration 1
            FVAL = 9.10468821087 Edm = 0.0244304589749 Nfcn = 33
            Error matrix change = 0.518245
            Parameters :  p0 = -0.480652 p1 = 0 p2 = 0 p3 = 0 p4 = -0.131853
----------> Iteration 2
            FVAL = 8.99549980283 Edm = 0.000272254566259 Nfcn = 45
            Error matrix change = 0.363192
            Parameters :  p0 = -0.0321579 p1 = 0 p2 = 0 p3 = 0 p4 = -0.223332
----------> Iteration 3
            FVAL = 8.99522075242 Edm = 2.21191965619e-07 Nfcn = 56
            Error matrix change = 0.181735
            Parameters :  p0 = -0.0388385 p1 = 0 p2 = 0 p3 = 0 p4 = -0.225224
----------> Iteration 4
            FVAL = 8.99522075242 Edm = 2.278060203e-07 Nfcn = 87
            Error matrix change = 0
            Parameters :  p0 = -0.0388385 p1 = 0 p2 = 0 p3 = 0 p4 = -0.225224
Minuit2Minimizer : Valid minimum - status = 0
FVAL  = 8.99522075241718255
Edm   = 2.27806020300338469e-07
Nfcn  = 87
jerUp_unc	  = -0.0388385	 +/-  0.98249	(limited)
jesUp_unc	  = 0	 +/-  0.996602	(limited)
lumi	  = 0	 +/-  0.996602	(limited)
pdf_unc	  = 0	 +/-  0.996602	(limited)
xs_Bkg	  = -0.225224	 +/-  0.216635	(limited)
Zero signal fit
   0) jerUp_unc                      = -0.0388385
   1) jesUp_unc                      =         0
   2) lumi                           =         0
   3) pdf_unc                        =         0
   4) xs_Bkg                         = -0.225224

Fitting of the background hypothesis done in 0.229168 s
[#1] INFO:Fitting -- RooAddition::defaultErrorLevel(nll_model_s_data_obs_with_constr) Summation contains a RooNLLVar, using its error level
Minuit2Minimizer: Minimize with max-calls 2500 convergence for edm < 0.01 strategy 1
MnSeedGenerator: for initial parameters FCN = 103.723
MnSeedGenerator: Initial state:   - FCN =   103.7233243663 Edm =      169.705 NCalls =     21
VariableMetric: start iterating until Edm is < 1e-05
VariableMetric: Initial state   - FCN =   103.7233243663 Edm =      169.705 NCalls =     21
VariableMetric: Iteration #   1 - FCN =   25.59538534406 Edm =      3.46386 NCalls =     33
VariableMetric: Iteration #   2 - FCN =   17.82368860819 Edm =      1.60105 NCalls =     46
VariableMetric: Iteration #   3 - FCN =    13.5460905023 Edm =     0.165752 NCalls =     59
VariableMetric: Iteration #   4 - FCN =   13.38321097261 Edm =   0.00635423 NCalls =     71
VariableMetric: Iteration #   5 - FCN =   13.37340384866 Edm =  0.000571626 NCalls =     83
VariableMetric: Iteration #   6 - FCN =   13.37249369893 Edm =   1.9993e-05 NCalls =     95
VariableMetric: Iteration #   7 - FCN =   13.37246036325 Edm =  1.88652e-06 NCalls =    107
VariableMetric: After Hessian   - FCN =   13.37246036325 Edm =  2.14924e-06 NCalls =    138
Number of iterations 9
----------> Iteration 0
            FVAL = 103.723324366 Edm = 169.705280374 Nfcn = 21
            Error matrix change = 1
            Parameters :  p0 = -0.0388385 p1 = 0 p2 = 0 p3 = 0 p4 = -0.225224
----------> Iteration 1
            FVAL = 25.5953853441 Edm = 3.4638623219 Nfcn = 33
            Error matrix change = 0.624561
            Parameters :  p0 = -3.10545 p1 = -2.57063 p2 = -2.5226 p3 = -2.6222 p4 = -1.19882
----------> Iteration 2
            FVAL = 17.8236886082 Edm = 1.60105312498 Nfcn = 46
            Error matrix change = 0.538244
            Parameters :  p0 = -2.04421 p1 = -0.686775 p2 = -0.441516 p3 = -1.2313 p4 = -1.76011
----------> Iteration 3
            FVAL = 13.5460905023 Edm = 0.165751540468 Nfcn = 59
            Error matrix change = 0.360143
            Parameters :  p0 = -0.715089 p1 = -0.671821 p2 = -0.617804 p3 = -0.972811 p4 = -2.55908
----------> Iteration 4
            FVAL = 13.3832109726 Edm = 0.00635422781381 Nfcn = 71
            Error matrix change = 0.237654
            Parameters :  p0 = -0.442202 p1 = -0.45336 p2 = -0.410976 p3 = -0.676344 p4 = -2.68502
----------> Iteration 5
            FVAL = 13.3734038487 Edm = 0.000571626131198 Nfcn = 83
            Error matrix change = 0.207125
            Parameters :  p0 = -0.433831 p1 = -0.488247 p2 = -0.454909 p3 = -0.594764 p4 = -2.7135
----------> Iteration 6
            FVAL = 13.3724936989 Edm = 1.9993018439e-05 Nfcn = 95
            Error matrix change = 0.191513
            Parameters :  p0 = -0.46574 p1 = -0.484795 p2 = -0.446838 p3 = -0.571618 p4 = -2.71177
----------> Iteration 7
            FVAL = 13.3724603632 Edm = 1.88651570484e-06 Nfcn = 107
            Error matrix change = 0.181523
            Parameters :  p0 = -0.469756 p1 = -0.482822 p2 = -0.444727 p3 = -0.575714 p4 = -2.71216
----------> Iteration 8
            FVAL = 13.3724603632 Edm = 2.14924104085e-06 Nfcn = 138
            Error matrix change = 0
            Parameters :  p0 = -0.469756 p1 = -0.482822 p2 = -0.444727 p3 = -0.575714 p4 = -2.71216
Minuit2Minimizer : Valid minimum - status = 0
FVAL  = 13.3724603632476846
Edm   = 2.14924104084541713e-06
Nfcn  = 138
jerUp_unc	  = -0.469756	 +/-  0.984025	(limited)
jesUp_unc	  = -0.482822	 +/-  0.96841	(limited)
lumi	  = -0.444727	 +/-  0.972701	(limited)
pdf_unc	  = -0.575714	 +/-  0.956125	(limited)
xs_Bkg	  = -2.71216	 +/-  0.38651	(limited)
Reference signal fit
   0) jerUp_unc                      = -0.469756
   1) jesUp_unc                      = -0.482822
   2) lumi                           = -0.444727
   3) pdf_unc                        = -0.575714
   4) xs_Bkg                         =  -2.71216

Fitting of the signal-plus-background hypothesis done in 0.001791 s
      Evaluation of p-values done in  7.05886 s
	CLs = 0.00963855 +/- 0.00482322
      Evaluation of p-values done in  7.17744 s
	CLs = 0.00480192 +/- 0.00240192
      Evaluation of p-values done in  6.95044 s
	CLs = 0.00398089 +/- 0.00178089
      Evaluation of p-values done in  7.23743 s
	CLs = 0.00470865 +/- 0.00166535
      Evaluation of p-values done in  7.02872 s
	CLs = 0.00465116 +/- 0.00147131
	CLs      = 0.00465116 +/- 0.00147131
	CLb      = 0.43 +/- 0.00700143
	CLsplusb = 0.002 +/- 0.000631823

Hybrid result saved as HypoTestResult_mh120_r500_1881985694 in higgsCombineTest.HybridNew.mH120.2084688052.root : higgsCombineTest.HybridNew.mH120.2084688052.root:/toys

 -- Hybrid New -- 
CLs = 0.00465116 +/- 0.00147131
Total toys: 10000
Done in 0.00 min (cpu), 0.60 min (real)
