>>> including systematics
>>> using the Profile Likelihood test statistics modified for upper limits (Q_LHC)
>>> method used to compute upper limit is HybridNew
>>> Using OpenSSL to get a really random seed 
>>> Used OpenSSL to get a really random seed -370692807
Adding /uscms_data/d2/lpcljm/sapta/SUSYSearch/LimitSetting/CMSSW_7_1_5/src to include path
Adding /cvmfs/cms.cern.ch/slc6_amd64_gcc481/lcg/roofit/5.34.18-cms3//include to include path
Input workspace 'w': 

RooWorkspace(w) w contents

variables
---------
(jerUp_unc,jerUp_unc_In,jesUp_unc,jesUp_unc_In,lumi,lumi_In,n_obs_binbin1,pdf_unc,pdf_unc_In,r,xs_Bkg,xs_Bkg_In)

p.d.f.s
-------
SimpleGaussianConstraint::jerUp_unc_Pdf[ x=jerUp_unc mean=jerUp_unc_In sigma=1 ] = 1
SimpleGaussianConstraint::jesUp_unc_Pdf[ x=jesUp_unc mean=jesUp_unc_In sigma=1 ] = 1
SimpleGaussianConstraint::lumi_Pdf[ x=lumi mean=lumi_In sigma=1 ] = 1
RooProdPdf::modelObs_b[ pdf_binbin1_bonly ] = 0.00189414
RooProdPdf::modelObs_s[ pdf_binbin1 ] = 0.0018383
RooProdPdf::model_b[ modelObs_b * nuisancePdf ] = 0.00189414
RooProdPdf::model_s[ modelObs_s * nuisancePdf ] = 0.0018383
RooProdPdf::nuisancePdf[ lumi_Pdf * jesUp_unc_Pdf * pdf_unc_Pdf * xs_Bkg_Pdf * jerUp_unc_Pdf ] = 1
RooPoisson::pdf_binbin1[ x=n_obs_binbin1 mean=n_exp_binbin1 ] = 0.0018383
RooPoisson::pdf_binbin1_bonly[ x=n_obs_binbin1 mean=n_exp_binbin1_bonly ] = 0.00189414
SimpleGaussianConstraint::pdf_unc_Pdf[ x=pdf_unc mean=pdf_unc_In sigma=1 ] = 1
SimpleGaussianConstraint::xs_Bkg_Pdf[ x=xs_Bkg mean=xs_Bkg_In sigma=1 ] = 1

functions
--------
RooAddition::n_exp_binbin1[ n_exp_binbin1_proc_BH + n_exp_binbin1_proc_Background ] = 3033.25
RooAddition::n_exp_binbin1_bonly[ n_exp_binbin1_proc_Background ] = 3032.25
ProcessNormalization::n_exp_binbin1_proc_BH[ thetaList=(lumi,jesUp_unc,pdf_unc) asymmThetaList=() otherFactorList=(r) ] = 1
ProcessNormalization::n_exp_binbin1_proc_Background[ thetaList=(xs_Bkg,jerUp_unc) asymmThetaList=() otherFactorList=() ] = 3032.25

datasets
--------
RooDataSet::data_obs(n_obs_binbin1)

named sets
----------
ModelConfig_GlobalObservables:(lumi_In,jesUp_unc_In,pdf_unc_In,xs_Bkg_In,jerUp_unc_In)
ModelConfig_NuisParams:(lumi,jesUp_unc,pdf_unc,xs_Bkg,jerUp_unc)
ModelConfig_Observables:(n_obs_binbin1)
ModelConfig_POI:(r)
ModelConfig_bonly_GlobalObservables:(lumi_In,jesUp_unc_In,pdf_unc_In,xs_Bkg_In,jerUp_unc_In)
ModelConfig_bonly_NuisParams:(lumi,jesUp_unc,pdf_unc,xs_Bkg,jerUp_unc)
ModelConfig_bonly_Observables:(n_obs_binbin1)
ModelConfig_bonly_POI:(r)
POI:(r)
globalObservables:(lumi_In,jesUp_unc_In,pdf_unc_In,xs_Bkg_In,jerUp_unc_In)
nuisances:(lumi,jesUp_unc,pdf_unc,xs_Bkg,jerUp_unc)
observables:(n_obs_binbin1)

generic objects
---------------
RooStats::ModelConfig::ModelConfig
RooStats::ModelConfig::ModelConfig_bonly
RooArgSet::discreteParams

Workspace has a ModelConfig for signal called 'ModelConfig', with contents:

=== Using the following for ModelConfig ===
Observables:             RooArgSet:: = (n_obs_binbin1)
Parameters of Interest:  RooArgSet:: = (r)
Nuisance Parameters:     RooArgSet:: = (lumi,jesUp_unc,pdf_unc,xs_Bkg,jerUp_unc)
Global Observables:      RooArgSet:: = (lumi_In,jesUp_unc_In,pdf_unc_In,xs_Bkg_In,jerUp_unc_In)
PDF:                     RooProdPdf::model_s[ modelObs_s * nuisancePdf ] = 0.0018383

Input ModelConfig 'ModelConfig': 

=== Using the following for ModelConfig ===
Observables:             RooArgSet:: = (n_obs_binbin1)
Parameters of Interest:  RooArgSet:: = (r)
Nuisance Parameters:     RooArgSet:: = (lumi,jesUp_unc,pdf_unc,xs_Bkg,jerUp_unc)
Global Observables:      RooArgSet:: = (lumi_In,jesUp_unc_In,pdf_unc_In,xs_Bkg_In,jerUp_unc_In)
PDF:                     RooProdPdf::model_s[ modelObs_s * nuisancePdf ] = 0.0018383

[#1] INFO:ObjectHandling -- RooWorkspace::import(w) importing RooUniform::prior
Computing limit starting from observation
  1) RooRealVar:: n_obs_binbin1 = 2942
Set default minimizer to Minuit2
  r = 500 +/- 0
[#1] INFO:Minization --  Including the following contraint terms in minimization: (nuisancePdf)
[#1] INFO:Fitting -- RooAddition::defaultErrorLevel(nll_model_s_data_obs_with_constr) Summation contains a RooNLLVar, using its error level
Minuit2Minimizer: Minimize with max-calls 2500 convergence for edm < 0.01 strategy 1
MnSeedGenerator: for initial parameters FCN = 10.8637
MnSeedGenerator: Initial state:   - FCN =   10.86368106198 Edm =      2.42923 NCalls =     21
VariableMetric: start iterating until Edm is < 1e-05
VariableMetric: Initial state   - FCN =   10.86368106198 Edm =      2.42923 NCalls =     21
VariableMetric: Iteration #   1 - FCN =   9.571495733599 Edm =   0.00456323 NCalls =     33
VariableMetric: Iteration #   2 - FCN =   9.527630906811 Edm =   0.00138525 NCalls =     46
VariableMetric: Iteration #   3 - FCN =   9.526176358502 Edm =   3.2899e-09 NCalls =     58
VariableMetric: After Hessian   - FCN =   9.526176358502 Edm =  3.28963e-09 NCalls =     89
Number of iterations 5
----------> Iteration 0
            FVAL = 10.863681062 Edm = 2.42922587982 Nfcn = 21
            Error matrix change = 1
            Parameters :  p0 = 0 p1 = 0 p2 = 0 p3 = 0 p4 = 0
----------> Iteration 1
            FVAL = 9.5714957336 Edm = 0.00456322917888 Nfcn = 33
            Error matrix change = 0.509513
            Parameters :  p0 = -0.335144 p1 = 0 p2 = 0 p3 = 0 p4 = -0.106001
----------> Iteration 2
            FVAL = 9.52763090681 Edm = 0.00138525264266 Nfcn = 46
            Error matrix change = 0.384291
            Parameters :  p0 = -0.0484188 p1 = 0 p2 = 0 p3 = 0 p4 = -0.181242
----------> Iteration 3
            FVAL = 9.5261763585 Edm = 3.2899015159e-09 Nfcn = 58
            Error matrix change = 0.192244
            Parameters :  p0 = -0.0496482 p1 = 0 p2 = 0 p3 = 0 p4 = -0.187565
----------> Iteration 4
            FVAL = 9.5261763585 Edm = 3.28963196932e-09 Nfcn = 89
            Error matrix change = 0
            Parameters :  p0 = -0.0496482 p1 = 0 p2 = 0 p3 = 0 p4 = -0.187565
Minuit2Minimizer : Valid minimum - status = 0
FVAL  = 9.52617635850232602
Edm   = 3.28963196932057352e-09
Nfcn  = 89
jerUp_unc	  = -0.0496482	 +/-  0.964369	(limited)
jesUp_unc	  = 0	 +/-  0.996602	(limited)
lumi	  = 0	 +/-  0.996602	(limited)
pdf_unc	  = 0	 +/-  0.996602	(limited)
xs_Bkg	  = -0.187565	 +/-  0.28025	(limited)
Zero signal fit
   0) jerUp_unc                      = -0.0496482
   1) jesUp_unc                      =         0
   2) lumi                           =         0
   3) pdf_unc                        =         0
   4) xs_Bkg                         = -0.187565

Fitting of the background hypothesis done in 0.220521 s
[#1] INFO:Fitting -- RooAddition::defaultErrorLevel(nll_model_s_data_obs_with_constr) Summation contains a RooNLLVar, using its error level
Minuit2Minimizer: Minimize with max-calls 2500 convergence for edm < 0.01 strategy 1
MnSeedGenerator: for initial parameters FCN = 47.9244
MnSeedGenerator: Initial state:   - FCN =   47.92440849286 Edm =       77.964 NCalls =     21
VariableMetric: start iterating until Edm is < 1e-05
VariableMetric: Initial state   - FCN =   47.92440849286 Edm =       77.964 NCalls =     21
VariableMetric: Iteration #   1 - FCN =   13.72234208535 Edm =      1.34168 NCalls =     33
VariableMetric: Iteration #   2 - FCN =   11.63174783599 Edm =     0.201444 NCalls =     45
VariableMetric: Iteration #   3 - FCN =   11.06043499836 Edm =     0.187218 NCalls =     57
VariableMetric: Iteration #   4 - FCN =   10.51816837964 Edm =    0.0420865 NCalls =     69
VariableMetric: Iteration #   5 - FCN =   10.46876414357 Edm =  0.000337567 NCalls =     81
VariableMetric: Iteration #   6 - FCN =   10.46834592716 Edm =  4.61339e-06 NCalls =     93
VariableMetric: After Hessian   - FCN =   10.46834592716 Edm =  4.97863e-06 NCalls =    124
Number of iterations 8
----------> Iteration 0
            FVAL = 47.9244084929 Edm = 77.9640293163 Nfcn = 21
            Error matrix change = 1
            Parameters :  p0 = -0.0496482 p1 = 0 p2 = 0 p3 = 0 p4 = -0.187565
----------> Iteration 1
            FVAL = 13.7223420854 Edm = 1.34168431762 Nfcn = 33
            Error matrix change = 0.599722
            Parameters :  p0 = -1.62849 p1 = -1.26729 p2 = -1.21301 p3 = -1.37015 p4 = -0.704443
----------> Iteration 2
            FVAL = 11.631747836 Edm = 0.20144430418 Nfcn = 45
            Error matrix change = 0.452182
            Parameters :  p0 = -1.65233 p1 = -0.0667345 p2 = -0.000876993 p3 = -0.246175 p4 = -0.874613
----------> Iteration 3
            FVAL = 11.0604349984 Edm = 0.187218154048 Nfcn = 57
            Error matrix change = 0.326186
            Parameters :  p0 = -1.34416 p1 = -0.20629 p2 = -0.255368 p3 = -0.113414 p4 = -1.08086
----------> Iteration 4
            FVAL = 10.5181683796 Edm = 0.0420864997919 Nfcn = 69
            Error matrix change = 0.295582
            Parameters :  p0 = -0.429076 p1 = 0.0183158 p2 = -0.0239383 p3 = 0.173368 p4 = -1.33331
----------> Iteration 5
            FVAL = 10.4687641436 Edm = 0.000337566777759 Nfcn = 81
            Error matrix change = 0.190045
            Parameters :  p0 = -0.351579 p1 = -0.10526 p2 = -0.0983942 p3 = -0.0912804 p4 = -1.31626
----------> Iteration 6
            FVAL = 10.4683459272 Edm = 4.61339429224e-06 Nfcn = 93
            Error matrix change = 0.1479
            Parameters :  p0 = -0.347318 p1 = -0.0875762 p2 = -0.0796596 p3 = -0.102869 p4 = -1.31821
----------> Iteration 7
            FVAL = 10.4683459272 Edm = 4.97863377412e-06 Nfcn = 124
            Error matrix change = 0
            Parameters :  p0 = -0.347318 p1 = -0.0875762 p2 = -0.0796596 p3 = -0.102869 p4 = -1.31821
Minuit2Minimizer : Valid minimum - status = 0
FVAL  = 10.4683459271594188
Edm   = 4.97863377411539975e-06
Nfcn  = 124
jerUp_unc	  = -0.347318	 +/-  0.964984	(limited)
jesUp_unc	  = -0.0875762	 +/-  0.992223	(limited)
lumi	  = -0.0796596	 +/-  0.992881	(limited)
pdf_unc	  = -0.102869	 +/-  0.99035	(limited)
xs_Bkg	  = -1.31821	 +/-  0.309317	(limited)
Reference signal fit
   0) jerUp_unc                      = -0.347318
   1) jesUp_unc                      = -0.0875762
   2) lumi                           = -0.0796596
   3) pdf_unc                        = -0.102869
   4) xs_Bkg                         =  -1.31821

Fitting of the signal-plus-background hypothesis done in 0.00160408 s
      Evaluation of p-values done in  7.01123 s
	CLs = 0.194373 +/- 0.0227636
      Evaluation of p-values done in  7.20631 s
	CLs = 0.194821 +/- 0.0157819
      Evaluation of p-values done in  6.97956 s
	CLs = 0.194268 +/- 0.0126317
      Evaluation of p-values done in  6.9794 s
	CLs = 0.195962 +/- 0.0109531
      Evaluation of p-values done in  7.18838 s
	CLs = 0.200566 +/- 0.00987646
	CLs      = 0.200566 +/- 0.00987646
	CLb      = 0.4238 +/- 0.00698847
	CLsplusb = 0.085 +/- 0.00394398

Hybrid result saved as HypoTestResult_mh120_r500_1264365474 in higgsCombineTest.HybridNew.mH120.-370692807.root : higgsCombineTest.HybridNew.mH120.-370692807.root:/toys

 -- Hybrid New -- 
CLs = 0.200566 +/- 0.00987646
Total toys: 10000
Done in 0.00 min (cpu), 0.59 min (real)
