>>> including systematics
>>> using the Profile Likelihood test statistics modified for upper limits (Q_LHC)
>>> method used to compute upper limit is HybridNew
>>> Using OpenSSL to get a really random seed 
>>> Used OpenSSL to get a really random seed 460314820
Adding /uscms_data/d2/lpcljm/sapta/SUSYSearch/LimitSetting/CMSSW_7_1_5/src to include path
Adding /cvmfs/cms.cern.ch/slc6_amd64_gcc481/lcg/roofit/5.34.18-cms3//include to include path
Input workspace 'w': 

RooWorkspace(w) w contents

variables
---------
(jerUp_unc,jerUp_unc_In,jesUp_unc,jesUp_unc_In,lumi,lumi_In,n_obs_binbin1,pdf_unc,pdf_unc_In,r,xs_Bkg,xs_Bkg_In)

p.d.f.s
-------
SimpleGaussianConstraint::jerUp_unc_Pdf[ x=jerUp_unc mean=jerUp_unc_In sigma=1 ] = 1
SimpleGaussianConstraint::jesUp_unc_Pdf[ x=jesUp_unc mean=jesUp_unc_In sigma=1 ] = 1
SimpleGaussianConstraint::lumi_Pdf[ x=lumi mean=lumi_In sigma=1 ] = 1
RooProdPdf::modelObs_b[ pdf_binbin1_bonly ] = 0.00290516
RooProdPdf::modelObs_s[ pdf_binbin1 ] = 0.0027561
RooProdPdf::model_b[ modelObs_b * nuisancePdf ] = 0.00290516
RooProdPdf::model_s[ modelObs_s * nuisancePdf ] = 0.0027561
RooProdPdf::nuisancePdf[ lumi_Pdf * jesUp_unc_Pdf * pdf_unc_Pdf * xs_Bkg_Pdf * jerUp_unc_Pdf ] = 1
RooPoisson::pdf_binbin1[ x=n_obs_binbin1 mean=n_exp_binbin1 ] = 0.0027561
RooPoisson::pdf_binbin1_bonly[ x=n_obs_binbin1 mean=n_exp_binbin1_bonly ] = 0.00290516
SimpleGaussianConstraint::pdf_unc_Pdf[ x=pdf_unc mean=pdf_unc_In sigma=1 ] = 1
SimpleGaussianConstraint::xs_Bkg_Pdf[ x=xs_Bkg mean=xs_Bkg_In sigma=1 ] = 1

functions
--------
RooAddition::n_exp_binbin1[ n_exp_binbin1_proc_BH + n_exp_binbin1_proc_Background ] = 1058.21
RooAddition::n_exp_binbin1_bonly[ n_exp_binbin1_proc_Background ] = 1057.21
ProcessNormalization::n_exp_binbin1_proc_BH[ thetaList=(lumi,jesUp_unc,pdf_unc) asymmThetaList=() otherFactorList=(r) ] = 1
ProcessNormalization::n_exp_binbin1_proc_Background[ thetaList=(xs_Bkg,jerUp_unc) asymmThetaList=() otherFactorList=() ] = 1057.21

datasets
--------
RooDataSet::data_obs(n_obs_binbin1)

named sets
----------
ModelConfig_GlobalObservables:(lumi_In,jesUp_unc_In,pdf_unc_In,xs_Bkg_In,jerUp_unc_In)
ModelConfig_NuisParams:(lumi,jesUp_unc,pdf_unc,xs_Bkg,jerUp_unc)
ModelConfig_Observables:(n_obs_binbin1)
ModelConfig_POI:(r)
ModelConfig_bonly_GlobalObservables:(lumi_In,jesUp_unc_In,pdf_unc_In,xs_Bkg_In,jerUp_unc_In)
ModelConfig_bonly_NuisParams:(lumi,jesUp_unc,pdf_unc,xs_Bkg,jerUp_unc)
ModelConfig_bonly_Observables:(n_obs_binbin1)
ModelConfig_bonly_POI:(r)
POI:(r)
globalObservables:(lumi_In,jesUp_unc_In,pdf_unc_In,xs_Bkg_In,jerUp_unc_In)
nuisances:(lumi,jesUp_unc,pdf_unc,xs_Bkg,jerUp_unc)
observables:(n_obs_binbin1)

generic objects
---------------
RooStats::ModelConfig::ModelConfig
RooStats::ModelConfig::ModelConfig_bonly
RooArgSet::discreteParams

Workspace has a ModelConfig for signal called 'ModelConfig', with contents:

=== Using the following for ModelConfig ===
Observables:             RooArgSet:: = (n_obs_binbin1)
Parameters of Interest:  RooArgSet:: = (r)
Nuisance Parameters:     RooArgSet:: = (lumi,jesUp_unc,pdf_unc,xs_Bkg,jerUp_unc)
Global Observables:      RooArgSet:: = (lumi_In,jesUp_unc_In,pdf_unc_In,xs_Bkg_In,jerUp_unc_In)
PDF:                     RooProdPdf::model_s[ modelObs_s * nuisancePdf ] = 0.0027561

Input ModelConfig 'ModelConfig': 

=== Using the following for ModelConfig ===
Observables:             RooArgSet:: = (n_obs_binbin1)
Parameters of Interest:  RooArgSet:: = (r)
Nuisance Parameters:     RooArgSet:: = (lumi,jesUp_unc,pdf_unc,xs_Bkg,jerUp_unc)
Global Observables:      RooArgSet:: = (lumi_In,jesUp_unc_In,pdf_unc_In,xs_Bkg_In,jerUp_unc_In)
PDF:                     RooProdPdf::model_s[ modelObs_s * nuisancePdf ] = 0.0027561

[#1] INFO:ObjectHandling -- RooWorkspace::import(w) importing RooUniform::prior
Computing limit starting from observation
  1) RooRealVar:: n_obs_binbin1 = 1002
Set default minimizer to Minuit2
  r = 550 +/- 0
[#1] INFO:Minization --  Including the following contraint terms in minimization: (nuisancePdf)
[#1] INFO:Fitting -- RooAddition::defaultErrorLevel(nll_model_s_data_obs_with_constr) Summation contains a RooNLLVar, using its error level
Minuit2Minimizer: Minimize with max-calls 2500 convergence for edm < 0.01 strategy 1
MnSeedGenerator: for initial parameters FCN = 10.436
MnSeedGenerator: Initial state:   - FCN =    10.4359602983 Edm =      2.30827 NCalls =     21
VariableMetric: start iterating until Edm is < 1e-05
VariableMetric: Initial state   - FCN =    10.4359602983 Edm =      2.30827 NCalls =     21
VariableMetric: Iteration #   1 - FCN =   9.104688210867 Edm =    0.0244305 NCalls =     33
VariableMetric: Iteration #   2 - FCN =   8.995499802835 Edm =  0.000272255 NCalls =     45
VariableMetric: Iteration #   3 - FCN =   8.995220752417 Edm =  2.21192e-07 NCalls =     56
VariableMetric: After Hessian   - FCN =   8.995220752417 Edm =  2.27806e-07 NCalls =     87
Number of iterations 5
----------> Iteration 0
            FVAL = 10.4359602983 Edm = 2.30827099786 Nfcn = 21
            Error matrix change = 1
            Parameters :  p0 = 0 p1 = 0 p2 = 0 p3 = 0 p4 = 0
----------> Iteration 1
            FVAL = 9.10468821087 Edm = 0.0244304589749 Nfcn = 33
            Error matrix change = 0.518245
            Parameters :  p0 = -0.480652 p1 = 0 p2 = 0 p3 = 0 p4 = -0.131853
----------> Iteration 2
            FVAL = 8.99549980283 Edm = 0.000272254566259 Nfcn = 45
            Error matrix change = 0.363192
            Parameters :  p0 = -0.0321579 p1 = 0 p2 = 0 p3 = 0 p4 = -0.223332
----------> Iteration 3
            FVAL = 8.99522075242 Edm = 2.21191965619e-07 Nfcn = 56
            Error matrix change = 0.181735
            Parameters :  p0 = -0.0388385 p1 = 0 p2 = 0 p3 = 0 p4 = -0.225224
----------> Iteration 4
            FVAL = 8.99522075242 Edm = 2.278060203e-07 Nfcn = 87
            Error matrix change = 0
            Parameters :  p0 = -0.0388385 p1 = 0 p2 = 0 p3 = 0 p4 = -0.225224
Minuit2Minimizer : Valid minimum - status = 0
FVAL  = 8.99522075241718255
Edm   = 2.27806020300338469e-07
Nfcn  = 87
jerUp_unc	  = -0.0388385	 +/-  0.98249	(limited)
jesUp_unc	  = 0	 +/-  0.996602	(limited)
lumi	  = 0	 +/-  0.996602	(limited)
pdf_unc	  = 0	 +/-  0.996602	(limited)
xs_Bkg	  = -0.225224	 +/-  0.216635	(limited)
Zero signal fit
   0) jerUp_unc                      = -0.0388385
   1) jesUp_unc                      =         0
   2) lumi                           =         0
   3) pdf_unc                        =         0
   4) xs_Bkg                         = -0.225224

Fitting of the background hypothesis done in 0.269806 s
[#1] INFO:Fitting -- RooAddition::defaultErrorLevel(nll_model_s_data_obs_with_constr) Summation contains a RooNLLVar, using its error level
Minuit2Minimizer: Minimize with max-calls 2500 convergence for edm < 0.01 strategy 1
MnSeedGenerator: for initial parameters FCN = 120.933
MnSeedGenerator: Initial state:   - FCN =   120.9327398167 Edm =      202.667 NCalls =     21
VariableMetric: start iterating until Edm is < 1e-05
VariableMetric: Initial state   - FCN =   120.9327398167 Edm =      202.667 NCalls =     21
VariableMetric: Iteration #   1 - FCN =   28.57226948336 Edm =      3.91407 NCalls =     33
VariableMetric: Iteration #   2 - FCN =   19.84215692266 Edm =      1.77126 NCalls =     46
VariableMetric: Iteration #   3 - FCN =   14.59833561163 Edm =     0.154278 NCalls =     60
VariableMetric: Iteration #   4 - FCN =   14.46089531935 Edm =    0.0161839 NCalls =     72
VariableMetric: Iteration #   5 - FCN =   14.42939500586 Edm =  0.000457586 NCalls =     84
VariableMetric: Iteration #   6 - FCN =   14.42857284734 Edm =  3.63116e-05 NCalls =     96
VariableMetric: Iteration #   7 - FCN =   14.42852184654 Edm =  1.44014e-06 NCalls =    108
VariableMetric: After Hessian   - FCN =   14.42852184654 Edm =  1.62785e-06 NCalls =    139
Number of iterations 9
----------> Iteration 0
            FVAL = 120.932739817 Edm = 202.666601977 Nfcn = 21
            Error matrix change = 1
            Parameters :  p0 = -0.0388385 p1 = 0 p2 = 0 p3 = 0 p4 = -0.225224
----------> Iteration 1
            FVAL = 28.5722694834 Edm = 3.91407238356 Nfcn = 33
            Error matrix change = 0.625611
            Parameters :  p0 = -3.32599 p1 = -2.84149 p2 = -2.80388 p3 = -2.86334 p4 = -1.27772
----------> Iteration 2
            FVAL = 19.8421569227 Edm = 1.77126200184 Nfcn = 46
            Error matrix change = 0.546243
            Parameters :  p0 = -2.12624 p1 = -0.945178 p2 = -0.673813 p3 = -1.51917 p4 = -1.84475
----------> Iteration 3
            FVAL = 14.5983356116 Edm = 0.154277928062 Nfcn = 60
            Error matrix change = 0.371584
            Parameters :  p0 = -0.546259 p1 = -0.778128 p2 = -0.698187 p3 = -1.18499 p4 = -2.83681
----------> Iteration 4
            FVAL = 14.4608953194 Edm = 0.0161839362497 Nfcn = 72
            Error matrix change = 0.281675
            Parameters :  p0 = -0.397768 p1 = -0.579484 p2 = -0.513008 p3 = -0.896245 p4 = -2.9302
----------> Iteration 5
            FVAL = 14.4293950059 Edm = 0.000457586019858 Nfcn = 84
            Error matrix change = 0.260025
            Parameters :  p0 = -0.485982 p1 = -0.618398 p2 = -0.582492 p3 = -0.716986 p4 = -2.96734
----------> Iteration 6
            FVAL = 14.4285728473 Edm = 3.6311551841e-05 Nfcn = 96
            Error matrix change = 0.246261
            Parameters :  p0 = -0.515641 p1 = -0.607137 p2 = -0.55858 p3 = -0.717058 p4 = -2.96814
----------> Iteration 7
            FVAL = 14.4285218465 Edm = 1.4401431664e-06 Nfcn = 108
            Error matrix change = 0.175193
            Parameters :  p0 = -0.514168 p1 = -0.605281 p2 = -0.556879 p3 = -0.722231 p4 = -2.96996
----------> Iteration 8
            FVAL = 14.4285218465 Edm = 1.62784611021e-06 Nfcn = 139
            Error matrix change = 0
            Parameters :  p0 = -0.514168 p1 = -0.605281 p2 = -0.556879 p3 = -0.722231 p4 = -2.96996
Minuit2Minimizer : Valid minimum - status = 0
FVAL  = 14.4285218465359222
Edm   = 1.62784611021271483e-06
Nfcn  = 139
jerUp_unc	  = -0.514168	 +/-  0.984316	(limited)
jesUp_unc	  = -0.605281	 +/-  0.961543	(limited)
lumi	  = -0.556879	 +/-  0.966892	(limited)
pdf_unc	  = -0.722231	 +/-  0.946185	(limited)
xs_Bkg	  = -2.96996	 +/-  0.411104	(limited)
Reference signal fit
   0) jerUp_unc                      = -0.514168
   1) jesUp_unc                      = -0.605281
   2) lumi                           = -0.556879
   3) pdf_unc                        = -0.722231
   4) xs_Bkg                         =  -2.96996

Fitting of the signal-plus-background hypothesis done in 0.00261188 s
      Evaluation of p-values done in  6.9826 s
	CLs = 0 +/- 0
      Evaluation of p-values done in  7.04007 s
	CLs = 0 +/- 0
      Evaluation of p-values done in  7.22936 s
	CLs = 0 +/- 0
      Evaluation of p-values done in  6.9668 s
	CLs = 0 +/- 0
      Evaluation of p-values done in  6.95516 s
	CLs = 0 +/- 0
	CLs      = 0 +/- 0
	CLb      = 0.4196 +/- 0.00697905
	CLsplusb = 0 +/- 0

Hybrid result saved as HypoTestResult_mh120_r550_2021691866 in higgsCombineTest.HybridNew.mH120.460314820.root : higgsCombineTest.HybridNew.mH120.460314820.root:/toys

 -- Hybrid New -- 
CLs = 0 +/- 0
Total toys: 10000
Done in 0.00 min (cpu), 0.59 min (real)
