>>> including systematics
>>> using the Profile Likelihood test statistics modified for upper limits (Q_LHC)
>>> method used to compute upper limit is HybridNew
>>> Using OpenSSL to get a really random seed 
>>> Used OpenSSL to get a really random seed -233118864
Adding /uscms_data/d2/lpcljm/sapta/SUSYSearch/LimitSetting/CMSSW_7_1_5/src to include path
Adding /cvmfs/cms.cern.ch/slc6_amd64_gcc481/lcg/roofit/5.34.18-cms3//include to include path
Input workspace 'w': 

RooWorkspace(w) w contents

variables
---------
(jerUp_unc,jerUp_unc_In,jesUp_unc,jesUp_unc_In,lumi,lumi_In,n_obs_binbin1,pdf_unc,pdf_unc_In,r,xs_Bkg,xs_Bkg_In)

p.d.f.s
-------
SimpleGaussianConstraint::jerUp_unc_Pdf[ x=jerUp_unc mean=jerUp_unc_In sigma=1 ] = 1
SimpleGaussianConstraint::jesUp_unc_Pdf[ x=jesUp_unc mean=jesUp_unc_In sigma=1 ] = 1
SimpleGaussianConstraint::lumi_Pdf[ x=lumi mean=lumi_In sigma=1 ] = 1
RooProdPdf::modelObs_b[ pdf_binbin1_bonly ] = 0.367871
RooProdPdf::modelObs_s[ pdf_binbin1 ] = 0.269764
RooProdPdf::model_b[ modelObs_b * nuisancePdf ] = 0.367871
RooProdPdf::model_s[ modelObs_s * nuisancePdf ] = 0.269764
RooProdPdf::nuisancePdf[ lumi_Pdf * jesUp_unc_Pdf * pdf_unc_Pdf * xs_Bkg_Pdf * jerUp_unc_Pdf ] = 1
RooPoisson::pdf_binbin1[ x=n_obs_binbin1 mean=n_exp_binbin1 ] = 0.269764
RooPoisson::pdf_binbin1_bonly[ x=n_obs_binbin1 mean=n_exp_binbin1_bonly ] = 0.367871
SimpleGaussianConstraint::pdf_unc_Pdf[ x=pdf_unc mean=pdf_unc_In sigma=1 ] = 1
SimpleGaussianConstraint::xs_Bkg_Pdf[ x=xs_Bkg mean=xs_Bkg_In sigma=1 ] = 1

functions
--------
RooAddition::n_exp_binbin1[ n_exp_binbin1_proc_BH + n_exp_binbin1_proc_Background ] = 2.0067
RooAddition::n_exp_binbin1_bonly[ n_exp_binbin1_proc_Background ] = 1.0067
ProcessNormalization::n_exp_binbin1_proc_BH[ thetaList=(lumi,jesUp_unc,pdf_unc) asymmThetaList=() otherFactorList=(r) ] = 1
ProcessNormalization::n_exp_binbin1_proc_Background[ thetaList=(xs_Bkg,jerUp_unc) asymmThetaList=() otherFactorList=() ] = 1.0067

datasets
--------
RooDataSet::data_obs(n_obs_binbin1)

named sets
----------
ModelConfig_GlobalObservables:(lumi_In,jesUp_unc_In,pdf_unc_In,xs_Bkg_In,jerUp_unc_In)
ModelConfig_NuisParams:(lumi,jesUp_unc,pdf_unc,xs_Bkg,jerUp_unc)
ModelConfig_Observables:(n_obs_binbin1)
ModelConfig_POI:(r)
ModelConfig_bonly_GlobalObservables:(lumi_In,jesUp_unc_In,pdf_unc_In,xs_Bkg_In,jerUp_unc_In)
ModelConfig_bonly_NuisParams:(lumi,jesUp_unc,pdf_unc,xs_Bkg,jerUp_unc)
ModelConfig_bonly_Observables:(n_obs_binbin1)
ModelConfig_bonly_POI:(r)
POI:(r)
globalObservables:(lumi_In,jesUp_unc_In,pdf_unc_In,xs_Bkg_In,jerUp_unc_In)
nuisances:(lumi,jesUp_unc,pdf_unc,xs_Bkg,jerUp_unc)
observables:(n_obs_binbin1)

generic objects
---------------
RooStats::ModelConfig::ModelConfig
RooStats::ModelConfig::ModelConfig_bonly
RooArgSet::discreteParams

Workspace has a ModelConfig for signal called 'ModelConfig', with contents:

=== Using the following for ModelConfig ===
Observables:             RooArgSet:: = (n_obs_binbin1)
Parameters of Interest:  RooArgSet:: = (r)
Nuisance Parameters:     RooArgSet:: = (lumi,jesUp_unc,pdf_unc,xs_Bkg,jerUp_unc)
Global Observables:      RooArgSet:: = (lumi_In,jesUp_unc_In,pdf_unc_In,xs_Bkg_In,jerUp_unc_In)
PDF:                     RooProdPdf::model_s[ modelObs_s * nuisancePdf ] = 0.269764

Input ModelConfig 'ModelConfig': 

=== Using the following for ModelConfig ===
Observables:             RooArgSet:: = (n_obs_binbin1)
Parameters of Interest:  RooArgSet:: = (r)
Nuisance Parameters:     RooArgSet:: = (lumi,jesUp_unc,pdf_unc,xs_Bkg,jerUp_unc)
Global Observables:      RooArgSet:: = (lumi_In,jesUp_unc_In,pdf_unc_In,xs_Bkg_In,jerUp_unc_In)
PDF:                     RooProdPdf::model_s[ modelObs_s * nuisancePdf ] = 0.269764

[#1] INFO:ObjectHandling -- RooWorkspace::import(w) importing RooUniform::prior
Computing limit starting from observation
  1) RooRealVar:: n_obs_binbin1 = 1
Set default minimizer to Minuit2
  r = 5.5 +/- 0
[#1] INFO:Minization --  Including the following contraint terms in minimization: (nuisancePdf)
[#1] INFO:Fitting -- RooAddition::defaultErrorLevel(nll_model_s_data_obs_with_constr) Summation contains a RooNLLVar, using its error level
Minuit2Minimizer: Minimize with max-calls 2500 convergence for edm < 0.01 strategy 1
MnSeedGenerator: for initial parameters FCN = 5.59472
MnSeedGenerator: Initial state:   - FCN =   5.594715011257 Edm =  8.64521e-06 NCalls =     21
VariableMetric: start iterating until Edm is < 1e-05
VariableMetric: Initial state   - FCN =   5.594715011257 Edm =  8.64521e-06 NCalls =     21
VariableMetric: Iteration #   1 - FCN =   5.594706390277 Edm =  5.13769e-09 NCalls =     32
VariableMetric: After Hessian   - FCN =   5.594706390277 Edm =  5.13026e-09 NCalls =     63
Number of iterations 3
----------> Iteration 0
            FVAL = 5.59471501126 Edm = 8.6452058814e-06 Nfcn = 21
            Error matrix change = 1
            Parameters :  p0 = 0 p1 = 0 p2 = 0 p3 = 0 p4 = 0
----------> Iteration 1
            FVAL = 5.59470639028 Edm = 5.13769042521e-09 Nfcn = 32
            Error matrix change = 0.502498
            Parameters :  p0 = -0.000262373 p1 = 0 p2 = 0 p3 = 0 p4 = -0.00325127
----------> Iteration 2
            FVAL = 5.59470639028 Edm = 5.13025807411e-09 Nfcn = 63
            Error matrix change = 0
            Parameters :  p0 = -0.000262373 p1 = 0 p2 = 0 p3 = 0 p4 = -0.00325127
Minuit2Minimizer : Valid minimum - status = 0
FVAL  = 5.59470639027708305
Edm   = 5.13025807410977936e-09
Nfcn  = 63
jerUp_unc	  = -0.000262373	 +/-  0.996133	(limited)
jesUp_unc	  = 0	 +/-  0.996602	(limited)
lumi	  = 0	 +/-  0.996602	(limited)
pdf_unc	  = 0	 +/-  0.996602	(limited)
xs_Bkg	  = -0.00325127	 +/-  0.782448	(limited)
Zero signal fit
   0) jerUp_unc                      = -0.000262373
   1) jesUp_unc                      =         0
   2) lumi                           =         0
   3) pdf_unc                        =         0
   4) xs_Bkg                         = -0.00325127

Fitting of the background hypothesis done in 0.308789 s
[#1] INFO:Fitting -- RooAddition::defaultErrorLevel(nll_model_s_data_obs_with_constr) Summation contains a RooNLLVar, using its error level
Minuit2Minimizer: Minimize with max-calls 2500 convergence for edm < 0.01 strategy 1
MnSeedGenerator: for initial parameters FCN = 9.22637
MnSeedGenerator: Initial state:   - FCN =    9.22636986971 Edm =     0.228328 NCalls =     21
VariableMetric: start iterating until Edm is < 1e-05
VariableMetric: Initial state   - FCN =    9.22636986971 Edm =     0.228328 NCalls =     21
VariableMetric: Iteration #   1 - FCN =   8.996435132878 Edm =  0.000531254 NCalls =     32
VariableMetric: Iteration #   2 - FCN =   8.995851021115 Edm =  2.05332e-07 NCalls =     44
VariableMetric: After Hessian   - FCN =   8.995851021115 Edm =  2.10509e-07 NCalls =     75
Number of iterations 4
----------> Iteration 0
            FVAL = 9.22636986971 Edm = 0.22832783885 Nfcn = 21
            Error matrix change = 1
            Parameters :  p0 = -0.000262373 p1 = 0 p2 = 0 p3 = 0 p4 = -0.00325127
----------> Iteration 1
            FVAL = 8.99643513288 Edm = 0.000531253867254 Nfcn = 32
            Error matrix change = 0.513841
            Parameters :  p0 = -0.0332823 p1 = -0.224184 p2 = -0.207044 p3 = -0.266286 p4 = -0.435378
----------> Iteration 2
            FVAL = 8.99585102112 Edm = 2.0533173372e-07 Nfcn = 44
            Error matrix change = 0.265119
            Parameters :  p0 = -0.0225778 p1 = -0.215834 p2 = -0.198907 p3 = -0.257912 p4 = -0.460274
----------> Iteration 3
            FVAL = 8.99585102112 Edm = 2.10508910408e-07 Nfcn = 75
            Error matrix change = 0
            Parameters :  p0 = -0.0225778 p1 = -0.215834 p2 = -0.198907 p3 = -0.257912 p4 = -0.460274
Minuit2Minimizer : Valid minimum - status = 0
FVAL  = 8.99585102111548096
Edm   = 2.10508910408300493e-07
Nfcn  = 75
jerUp_unc	  = -0.0225778	 +/-  0.996272	(limited)
jesUp_unc	  = -0.215834	 +/-  0.990686	(limited)
lumi	  = -0.198907	 +/-  0.991578	(limited)
pdf_unc	  = -0.257912	 +/-  0.988154	(limited)
xs_Bkg	  = -0.460274	 +/-  0.851528	(limited)
Reference signal fit
   0) jerUp_unc                      = -0.0225778
   1) jesUp_unc                      = -0.215834
   2) lumi                           = -0.198907
   3) pdf_unc                        = -0.257912
   4) xs_Bkg                         = -0.460274

Fitting of the signal-plus-background hypothesis done in 0.00223804 s
      Evaluation of p-values done in  5.56218 s
	CLs = 0.0126126 +/- 0.00476381
      Evaluation of p-values done in  5.31167 s
	CLs = 0.0159574 +/- 0.00375736
      Evaluation of p-values done in  5.57961 s
	CLs = 0.0136823 +/- 0.00285061
      Evaluation of p-values done in  5.38239 s
	CLs = 0.0115248 +/- 0.00225854
      Evaluation of p-values done in  5.21741 s
	CLs = 0.0113758 +/- 0.00200954
	CLs      = 0.0113758 +/- 0.00200954
	CLb      = 0.5626 +/- 0.00701543
	CLsplusb = 0.0064 +/- 0.00112774

Hybrid result saved as HypoTestResult_mh120_r5.5_4109798698 in higgsCombineTest.HybridNew.mH120.-233118864.root : higgsCombineTest.HybridNew.mH120.-233118864.root:/toys

 -- Hybrid New -- 
CLs = 0.0113758 +/- 0.00200954
Total toys: 10000
Done in 0.00 min (cpu), 0.46 min (real)
