>>> including systematics
>>> using the Profile Likelihood test statistics modified for upper limits (Q_LHC)
>>> method used to compute upper limit is HybridNew
>>> Using OpenSSL to get a really random seed 
>>> Used OpenSSL to get a really random seed 648946454
Adding /uscms_data/d2/lpcljm/sapta/SUSYSearch/LimitSetting/CMSSW_7_1_5/src to include path
Adding /cvmfs/cms.cern.ch/slc6_amd64_gcc481/lcg/roofit/5.34.18-cms3//include to include path
Input workspace 'w': 

RooWorkspace(w) w contents

variables
---------
(jerUp_unc,jerUp_unc_In,jesUp_unc,jesUp_unc_In,lumi,lumi_In,n_obs_binbin1,pdf_unc,pdf_unc_In,r,xs_Bkg,xs_Bkg_In)

p.d.f.s
-------
SimpleGaussianConstraint::jerUp_unc_Pdf[ x=jerUp_unc mean=jerUp_unc_In sigma=1 ] = 1
SimpleGaussianConstraint::jesUp_unc_Pdf[ x=jesUp_unc mean=jesUp_unc_In sigma=1 ] = 1
SimpleGaussianConstraint::lumi_Pdf[ x=lumi mean=lumi_In sigma=1 ] = 1
RooProdPdf::modelObs_b[ pdf_binbin1_bonly ] = 0.00691792
RooProdPdf::modelObs_s[ pdf_binbin1 ] = 0.00573811
RooProdPdf::model_b[ modelObs_b * nuisancePdf ] = 0.00691792
RooProdPdf::model_s[ modelObs_s * nuisancePdf ] = 0.00573811
RooProdPdf::nuisancePdf[ lumi_Pdf * jesUp_unc_Pdf * pdf_unc_Pdf * xs_Bkg_Pdf * jerUp_unc_Pdf ] = 1
RooPoisson::pdf_binbin1[ x=n_obs_binbin1 mean=n_exp_binbin1 ] = 0.00573811
RooPoisson::pdf_binbin1_bonly[ x=n_obs_binbin1 mean=n_exp_binbin1_bonly ] = 0.00691792
SimpleGaussianConstraint::pdf_unc_Pdf[ x=pdf_unc mean=pdf_unc_In sigma=1 ] = 1
SimpleGaussianConstraint::xs_Bkg_Pdf[ x=xs_Bkg mean=xs_Bkg_In sigma=1 ] = 1

functions
--------
RooAddition::n_exp_binbin1[ n_exp_binbin1_proc_BH + n_exp_binbin1_proc_Background ] = 103.82
RooAddition::n_exp_binbin1_bonly[ n_exp_binbin1_proc_Background ] = 102.82
ProcessNormalization::n_exp_binbin1_proc_BH[ thetaList=(lumi,jesUp_unc,pdf_unc) asymmThetaList=() otherFactorList=(r) ] = 1
ProcessNormalization::n_exp_binbin1_proc_Background[ thetaList=(xs_Bkg,jerUp_unc) asymmThetaList=() otherFactorList=() ] = 102.82

datasets
--------
RooDataSet::data_obs(n_obs_binbin1)

named sets
----------
ModelConfig_GlobalObservables:(lumi_In,jesUp_unc_In,pdf_unc_In,xs_Bkg_In,jerUp_unc_In)
ModelConfig_NuisParams:(lumi,jesUp_unc,pdf_unc,xs_Bkg,jerUp_unc)
ModelConfig_Observables:(n_obs_binbin1)
ModelConfig_POI:(r)
ModelConfig_bonly_GlobalObservables:(lumi_In,jesUp_unc_In,pdf_unc_In,xs_Bkg_In,jerUp_unc_In)
ModelConfig_bonly_NuisParams:(lumi,jesUp_unc,pdf_unc,xs_Bkg,jerUp_unc)
ModelConfig_bonly_Observables:(n_obs_binbin1)
ModelConfig_bonly_POI:(r)
POI:(r)
globalObservables:(lumi_In,jesUp_unc_In,pdf_unc_In,xs_Bkg_In,jerUp_unc_In)
nuisances:(lumi,jesUp_unc,pdf_unc,xs_Bkg,jerUp_unc)
observables:(n_obs_binbin1)

generic objects
---------------
RooStats::ModelConfig::ModelConfig
RooStats::ModelConfig::ModelConfig_bonly
RooArgSet::discreteParams

Workspace has a ModelConfig for signal called 'ModelConfig', with contents:

=== Using the following for ModelConfig ===
Observables:             RooArgSet:: = (n_obs_binbin1)
Parameters of Interest:  RooArgSet:: = (r)
Nuisance Parameters:     RooArgSet:: = (lumi,jesUp_unc,pdf_unc,xs_Bkg,jerUp_unc)
Global Observables:      RooArgSet:: = (lumi_In,jesUp_unc_In,pdf_unc_In,xs_Bkg_In,jerUp_unc_In)
PDF:                     RooProdPdf::model_s[ modelObs_s * nuisancePdf ] = 0.00573811

Input ModelConfig 'ModelConfig': 

=== Using the following for ModelConfig ===
Observables:             RooArgSet:: = (n_obs_binbin1)
Parameters of Interest:  RooArgSet:: = (r)
Nuisance Parameters:     RooArgSet:: = (lumi,jesUp_unc,pdf_unc,xs_Bkg,jerUp_unc)
Global Observables:      RooArgSet:: = (lumi_In,jesUp_unc_In,pdf_unc_In,xs_Bkg_In,jerUp_unc_In)
PDF:                     RooProdPdf::model_s[ modelObs_s * nuisancePdf ] = 0.00573811

[#1] INFO:ObjectHandling -- RooWorkspace::import(w) importing RooUniform::prior
Computing limit starting from observation
  1) RooRealVar:: n_obs_binbin1 = 84
Set default minimizer to Minuit2
  r = 60 +/- 0
[#1] INFO:Minization --  Including the following contraint terms in minimization: (nuisancePdf)
[#1] INFO:Fitting -- RooAddition::defaultErrorLevel(nll_model_s_data_obs_with_constr) Summation contains a RooNLLVar, using its error level
Minuit2Minimizer: Minimize with max-calls 2500 convergence for edm < 0.01 strategy 1
MnSeedGenerator: for initial parameters FCN = 9.56833
MnSeedGenerator: Initial state:   - FCN =   9.568332283583 Edm =      1.87787 NCalls =     21
VariableMetric: start iterating until Edm is < 1e-05
VariableMetric: Initial state   - FCN =   9.568332283583 Edm =      1.87787 NCalls =     21
VariableMetric: Iteration #   1 - FCN =   7.976180551436 Edm =     0.100189 NCalls =     33
VariableMetric: Iteration #   2 - FCN =   7.825638823658 Edm =  1.52603e-06 NCalls =     45
VariableMetric: After Hessian   - FCN =   7.825638823658 Edm =  1.79816e-06 NCalls =     76
Number of iterations 4
----------> Iteration 0
            FVAL = 9.56833228358 Edm = 1.87786632943 Nfcn = 21
            Error matrix change = 1
            Parameters :  p0 = 0 p1 = 0 p2 = 0 p3 = 0 p4 = 0
----------> Iteration 1
            FVAL = 7.97618055144 Edm = 0.100189254083 Nfcn = 33
            Error matrix change = 0.528236
            Parameters :  p0 = -0.544388 p1 = 0 p2 = 0 p3 = 0 p4 = -0.333338
----------> Iteration 2
            FVAL = 7.82563882366 Edm = 1.52602936466e-06 Nfcn = 45
            Error matrix change = 0.307601
            Parameters :  p0 = -0.0355922 p1 = 0 p2 = 0 p3 = 0 p4 = -0.423248
----------> Iteration 3
            FVAL = 7.82563882366 Edm = 1.79816098876e-06 Nfcn = 76
            Error matrix change = 0
            Parameters :  p0 = -0.0355922 p1 = 0 p2 = 0 p3 = 0 p4 = -0.423248
Minuit2Minimizer : Valid minimum - status = 0
FVAL  = 7.8256388236578962
Edm   = 1.79816098875960998e-06
Nfcn  = 76
jerUp_unc	  = -0.0355922	 +/-  0.993049	(limited)
jesUp_unc	  = 0	 +/-  0.996602	(limited)
lumi	  = 0	 +/-  0.996602	(limited)
pdf_unc	  = 0	 +/-  0.996602	(limited)
xs_Bkg	  = -0.423248	 +/-  0.249536	(limited)
Zero signal fit
   0) jerUp_unc                      = -0.0355922
   1) jesUp_unc                      =         0
   2) lumi                           =         0
   3) pdf_unc                        =         0
   4) xs_Bkg                         = -0.423248

Fitting of the background hypothesis done in 0.311265 s
[#1] INFO:Fitting -- RooAddition::defaultErrorLevel(nll_model_s_data_obs_with_constr) Summation contains a RooNLLVar, using its error level
Minuit2Minimizer: Minimize with max-calls 2500 convergence for edm < 0.01 strategy 1
MnSeedGenerator: for initial parameters FCN = 22.9449
MnSeedGenerator: Initial state:   - FCN =   22.94489112626 Edm =      11.6987 NCalls =     21
VariableMetric: start iterating until Edm is < 1e-05
VariableMetric: Initial state   - FCN =   22.94489112626 Edm =      11.6987 NCalls =     21
VariableMetric: Iteration #   1 - FCN =   12.95884069702 Edm =       1.0178 NCalls =     34
VariableMetric: Iteration #   2 - FCN =   11.16188756444 Edm =     0.088927 NCalls =     46
VariableMetric: Iteration #   3 - FCN =   11.01371106375 Edm =   0.00408501 NCalls =     58
VariableMetric: Iteration #   4 - FCN =   11.00870259245 Edm =  5.52679e-06 NCalls =     70
VariableMetric: After Hessian   - FCN =   11.00870259245 Edm =  5.98653e-06 NCalls =    101
Number of iterations 6
----------> Iteration 0
            FVAL = 22.9448911263 Edm = 11.6986830344 Nfcn = 21
            Error matrix change = 1
            Parameters :  p0 = -0.0355922 p1 = 0 p2 = 0 p3 = 0 p4 = -0.423248
----------> Iteration 1
            FVAL = 12.958840697 Edm = 1.01780376172 Nfcn = 34
            Error matrix change = 0.593537
            Parameters :  p0 = -1.17462 p1 = -1.03368 p2 = -0.965775 p3 = -1.18932 p4 = -1.43533
----------> Iteration 2
            FVAL = 11.1618875644 Edm = 0.088927032146 Nfcn = 46
            Error matrix change = 0.411317
            Parameters :  p0 = -0.0948806 p1 = -0.281077 p2 = -0.240326 p3 = -0.396735 p4 = -1.92953
----------> Iteration 3
            FVAL = 11.0137110638 Edm = 0.00408501406574 Nfcn = 58
            Error matrix change = 0.238476
            Parameters :  p0 = -0.152346 p1 = -0.387655 p2 = -0.364485 p3 = -0.444004 p4 = -2.11916
----------> Iteration 4
            FVAL = 11.0087025924 Edm = 5.52679454788e-06 Nfcn = 70
            Error matrix change = 0.148858
            Parameters :  p0 = -0.188772 p1 = -0.341243 p2 = -0.314712 p3 = -0.406101 p4 = -2.14878
----------> Iteration 5
            FVAL = 11.0087025924 Edm = 5.98653131199e-06 Nfcn = 101
            Error matrix change = 0
            Parameters :  p0 = -0.188772 p1 = -0.341243 p2 = -0.314712 p3 = -0.406101 p4 = -2.14878
Minuit2Minimizer : Valid minimum - status = 0
FVAL  = 11.0087025924458839
Edm   = 5.98653131199230498e-06
Nfcn  = 101
jerUp_unc	  = -0.188772	 +/-  0.993717	(limited)
jesUp_unc	  = -0.341243	 +/-  0.976724	(limited)
lumi	  = -0.314712	 +/-  0.979739	(limited)
pdf_unc	  = -0.406101	 +/-  0.968117	(limited)
xs_Bkg	  = -2.14878	 +/-  0.489005	(limited)
Reference signal fit
   0) jerUp_unc                      = -0.188772
   1) jesUp_unc                      = -0.341243
   2) lumi                           = -0.314712
   3) pdf_unc                        = -0.406101
   4) xs_Bkg                         =  -2.14878

Fitting of the signal-plus-background hypothesis done in 0.00247407 s
      Evaluation of p-values done in  6.34541 s
	CLs = 0.0140845 +/- 0.00631163
      Evaluation of p-values done in  6.31196 s
	CLs = 0.0150892 +/- 0.00455885
      Evaluation of p-values done in  6.20563 s
	CLs = 0.0117967 +/- 0.00327694
      Evaluation of p-values done in  6.33009 s
	CLs = 0.00960219 +/- 0.00256963
      Evaluation of p-values done in  6.35671 s
	CLs = 0.0130081 +/- 0.00265979
	CLs      = 0.0130081 +/- 0.00265979
	CLb      = 0.369 +/- 0.00682406
	CLsplusb = 0.0048 +/- 0.000977442

Hybrid result saved as HypoTestResult_mh120_r60_73403241 in higgsCombineTest.HybridNew.mH120.648946454.root : higgsCombineTest.HybridNew.mH120.648946454.root:/toys

 -- Hybrid New -- 
CLs = 0.0130081 +/- 0.00265979
Total toys: 10000
Done in 0.00 min (cpu), 0.53 min (real)
