>>> including systematics
>>> using the Profile Likelihood test statistics modified for upper limits (Q_LHC)
>>> method used to compute upper limit is HybridNew
>>> Using OpenSSL to get a really random seed 
>>> Used OpenSSL to get a really random seed 1874256208
Adding /uscms_data/d2/lpcljm/sapta/SUSYSearch/LimitSetting/CMSSW_7_1_5/src to include path
Adding /cvmfs/cms.cern.ch/slc6_amd64_gcc481/lcg/roofit/5.34.18-cms3//include to include path
Input workspace 'w': 

RooWorkspace(w) w contents

variables
---------
(jerUp_unc,jerUp_unc_In,jesUp_unc,jesUp_unc_In,lumi,lumi_In,n_obs_binbin1,pdf_unc,pdf_unc_In,r,xs_Bkg,xs_Bkg_In)

p.d.f.s
-------
SimpleGaussianConstraint::jerUp_unc_Pdf[ x=jerUp_unc mean=jerUp_unc_In sigma=1 ] = 1
SimpleGaussianConstraint::jesUp_unc_Pdf[ x=jesUp_unc mean=jesUp_unc_In sigma=1 ] = 1
SimpleGaussianConstraint::lumi_Pdf[ x=lumi mean=lumi_In sigma=1 ] = 1
RooProdPdf::modelObs_b[ pdf_binbin1_bonly ] = 0.367871
RooProdPdf::modelObs_s[ pdf_binbin1 ] = 0.269764
RooProdPdf::model_b[ modelObs_b * nuisancePdf ] = 0.367871
RooProdPdf::model_s[ modelObs_s * nuisancePdf ] = 0.269764
RooProdPdf::nuisancePdf[ lumi_Pdf * jesUp_unc_Pdf * pdf_unc_Pdf * xs_Bkg_Pdf * jerUp_unc_Pdf ] = 1
RooPoisson::pdf_binbin1[ x=n_obs_binbin1 mean=n_exp_binbin1 ] = 0.269764
RooPoisson::pdf_binbin1_bonly[ x=n_obs_binbin1 mean=n_exp_binbin1_bonly ] = 0.367871
SimpleGaussianConstraint::pdf_unc_Pdf[ x=pdf_unc mean=pdf_unc_In sigma=1 ] = 1
SimpleGaussianConstraint::xs_Bkg_Pdf[ x=xs_Bkg mean=xs_Bkg_In sigma=1 ] = 1

functions
--------
RooAddition::n_exp_binbin1[ n_exp_binbin1_proc_BH + n_exp_binbin1_proc_Background ] = 2.0067
RooAddition::n_exp_binbin1_bonly[ n_exp_binbin1_proc_Background ] = 1.0067
ProcessNormalization::n_exp_binbin1_proc_BH[ thetaList=(lumi,jesUp_unc,pdf_unc) asymmThetaList=() otherFactorList=(r) ] = 1
ProcessNormalization::n_exp_binbin1_proc_Background[ thetaList=(xs_Bkg,jerUp_unc) asymmThetaList=() otherFactorList=() ] = 1.0067

datasets
--------
RooDataSet::data_obs(n_obs_binbin1)

named sets
----------
ModelConfig_GlobalObservables:(lumi_In,jesUp_unc_In,pdf_unc_In,xs_Bkg_In,jerUp_unc_In)
ModelConfig_NuisParams:(lumi,jesUp_unc,pdf_unc,xs_Bkg,jerUp_unc)
ModelConfig_Observables:(n_obs_binbin1)
ModelConfig_POI:(r)
ModelConfig_bonly_GlobalObservables:(lumi_In,jesUp_unc_In,pdf_unc_In,xs_Bkg_In,jerUp_unc_In)
ModelConfig_bonly_NuisParams:(lumi,jesUp_unc,pdf_unc,xs_Bkg,jerUp_unc)
ModelConfig_bonly_Observables:(n_obs_binbin1)
ModelConfig_bonly_POI:(r)
POI:(r)
globalObservables:(lumi_In,jesUp_unc_In,pdf_unc_In,xs_Bkg_In,jerUp_unc_In)
nuisances:(lumi,jesUp_unc,pdf_unc,xs_Bkg,jerUp_unc)
observables:(n_obs_binbin1)

generic objects
---------------
RooStats::ModelConfig::ModelConfig
RooStats::ModelConfig::ModelConfig_bonly
RooArgSet::discreteParams

Workspace has a ModelConfig for signal called 'ModelConfig', with contents:

=== Using the following for ModelConfig ===
Observables:             RooArgSet:: = (n_obs_binbin1)
Parameters of Interest:  RooArgSet:: = (r)
Nuisance Parameters:     RooArgSet:: = (lumi,jesUp_unc,pdf_unc,xs_Bkg,jerUp_unc)
Global Observables:      RooArgSet:: = (lumi_In,jesUp_unc_In,pdf_unc_In,xs_Bkg_In,jerUp_unc_In)
PDF:                     RooProdPdf::model_s[ modelObs_s * nuisancePdf ] = 0.269764

Input ModelConfig 'ModelConfig': 

=== Using the following for ModelConfig ===
Observables:             RooArgSet:: = (n_obs_binbin1)
Parameters of Interest:  RooArgSet:: = (r)
Nuisance Parameters:     RooArgSet:: = (lumi,jesUp_unc,pdf_unc,xs_Bkg,jerUp_unc)
Global Observables:      RooArgSet:: = (lumi_In,jesUp_unc_In,pdf_unc_In,xs_Bkg_In,jerUp_unc_In)
PDF:                     RooProdPdf::model_s[ modelObs_s * nuisancePdf ] = 0.269764

[#1] INFO:ObjectHandling -- RooWorkspace::import(w) importing RooUniform::prior
Computing limit starting from observation
  1) RooRealVar:: n_obs_binbin1 = 1
Set default minimizer to Minuit2
  r = 6 +/- 0
[#1] INFO:Minization --  Including the following contraint terms in minimization: (nuisancePdf)
[#1] INFO:Fitting -- RooAddition::defaultErrorLevel(nll_model_s_data_obs_with_constr) Summation contains a RooNLLVar, using its error level
Minuit2Minimizer: Minimize with max-calls 2500 convergence for edm < 0.01 strategy 1
MnSeedGenerator: for initial parameters FCN = 5.59472
MnSeedGenerator: Initial state:   - FCN =   5.594715011257 Edm =  8.64521e-06 NCalls =     21
VariableMetric: start iterating until Edm is < 1e-05
VariableMetric: Initial state   - FCN =   5.594715011257 Edm =  8.64521e-06 NCalls =     21
VariableMetric: Iteration #   1 - FCN =   5.594706390277 Edm =  5.13769e-09 NCalls =     32
VariableMetric: After Hessian   - FCN =   5.594706390277 Edm =  5.13026e-09 NCalls =     63
Number of iterations 3
----------> Iteration 0
            FVAL = 5.59471501126 Edm = 8.6452058814e-06 Nfcn = 21
            Error matrix change = 1
            Parameters :  p0 = 0 p1 = 0 p2 = 0 p3 = 0 p4 = 0
----------> Iteration 1
            FVAL = 5.59470639028 Edm = 5.13769042521e-09 Nfcn = 32
            Error matrix change = 0.502498
            Parameters :  p0 = -0.000262373 p1 = 0 p2 = 0 p3 = 0 p4 = -0.00325127
----------> Iteration 2
            FVAL = 5.59470639028 Edm = 5.13025807411e-09 Nfcn = 63
            Error matrix change = 0
            Parameters :  p0 = -0.000262373 p1 = 0 p2 = 0 p3 = 0 p4 = -0.00325127
Minuit2Minimizer : Valid minimum - status = 0
FVAL  = 5.59470639027708305
Edm   = 5.13025807410977936e-09
Nfcn  = 63
jerUp_unc	  = -0.000262373	 +/-  0.996133	(limited)
jesUp_unc	  = 0	 +/-  0.996602	(limited)
lumi	  = 0	 +/-  0.996602	(limited)
pdf_unc	  = 0	 +/-  0.996602	(limited)
xs_Bkg	  = -0.00325127	 +/-  0.782448	(limited)
Zero signal fit
   0) jerUp_unc                      = -0.000262373
   1) jesUp_unc                      =         0
   2) lumi                           =         0
   3) pdf_unc                        =         0
   4) xs_Bkg                         = -0.00325127

Fitting of the background hypothesis done in 0.283977 s
[#1] INFO:Fitting -- RooAddition::defaultErrorLevel(nll_model_s_data_obs_with_constr) Summation contains a RooNLLVar, using its error level
Minuit2Minimizer: Minimize with max-calls 2500 convergence for edm < 0.01 strategy 1
MnSeedGenerator: for initial parameters FCN = 9.65231
MnSeedGenerator: Initial state:   - FCN =   9.652306985179 Edm =     0.249944 NCalls =     21
VariableMetric: start iterating until Edm is < 1e-05
VariableMetric: Initial state   - FCN =   9.652306985179 Edm =     0.249944 NCalls =     21
VariableMetric: Iteration #   1 - FCN =   9.401374628774 Edm =  0.000578607 NCalls =     32
VariableMetric: Iteration #   2 - FCN =   9.400741207745 Edm =  2.56075e-07 NCalls =     44
VariableMetric: After Hessian   - FCN =   9.400741207745 Edm =  2.62826e-07 NCalls =     75
Number of iterations 4
----------> Iteration 0
            FVAL = 9.65230698518 Edm = 0.249943830132 Nfcn = 21
            Error matrix change = 1
            Parameters :  p0 = -0.000262373 p1 = 0 p2 = 0 p3 = 0 p4 = -0.00325127
----------> Iteration 1
            FVAL = 9.40137462877 Edm = 0.000578607157646 Nfcn = 32
            Error matrix change = 0.514326
            Parameters :  p0 = -0.0337136 p1 = -0.247431 p2 = -0.228556 p3 = -0.293748 p4 = -0.439639
----------> Iteration 2
            FVAL = 9.40074120774 Edm = 2.56075471633e-07 Nfcn = 44
            Error matrix change = 0.265978
            Parameters :  p0 = -0.022839 p1 = -0.237936 p2 = -0.219271 p3 = -0.284332 p4 = -0.464993
----------> Iteration 3
            FVAL = 9.40074120774 Edm = 2.62825960833e-07 Nfcn = 75
            Error matrix change = 0
            Parameters :  p0 = -0.022839 p1 = -0.237936 p2 = -0.219271 p3 = -0.284332 p4 = -0.464993
Minuit2Minimizer : Valid minimum - status = 0
FVAL  = 9.40074120774495725
Edm   = 2.62825960833070497e-07
Nfcn  = 75
jerUp_unc	  = -0.022839	 +/-  0.99627	(limited)
jesUp_unc	  = -0.237936	 +/-  0.990173	(limited)
lumi	  = -0.219271	 +/-  0.991142	(limited)
pdf_unc	  = -0.284332	 +/-  0.98742	(limited)
xs_Bkg	  = -0.464993	 +/-  0.850734	(limited)
Reference signal fit
   0) jerUp_unc                      = -0.022839
   1) jesUp_unc                      = -0.237936
   2) lumi                           = -0.219271
   3) pdf_unc                        = -0.284332
   4) xs_Bkg                         = -0.464993

Fitting of the signal-plus-background hypothesis done in 0.00220704 s
      Evaluation of p-values done in  5.76796 s
	CLs = 0.0143369 +/- 0.00506465
      Evaluation of p-values done in  5.41401 s
	CLs = 0.0115146 +/- 0.00319121
      Evaluation of p-values done in  5.36651 s
	CLs = 0.0124187 +/- 0.00270784
      Evaluation of p-values done in  5.55014 s
	CLs = 0.0108303 +/- 0.00220944
      Evaluation of p-values done in  5.42643 s
	CLs = 0.00972973 +/- 0.00187149
	CLs      = 0.00972973 +/- 0.00187149
	CLb      = 0.555 +/- 0.00702816
	CLsplusb = 0.0054 +/- 0.00103642

Hybrid result saved as HypoTestResult_mh120_r6_2212337729 in higgsCombineTest.HybridNew.mH120.1874256208.root : higgsCombineTest.HybridNew.mH120.1874256208.root:/toys

 -- Hybrid New -- 
CLs = 0.00972973 +/- 0.00187149
Total toys: 10000
Done in 0.00 min (cpu), 0.46 min (real)
