>>> including systematics
>>> using the Profile Likelihood test statistics modified for upper limits (Q_LHC)
>>> method used to compute upper limit is HybridNew
>>> Using OpenSSL to get a really random seed 
>>> Used OpenSSL to get a really random seed -1798757321
Adding /uscms_data/d2/lpcljm/sapta/SUSYSearch/LimitSetting/CMSSW_7_1_5/src to include path
Adding /cvmfs/cms.cern.ch/slc6_amd64_gcc481/lcg/roofit/5.34.18-cms3//include to include path
Input workspace 'w': 

RooWorkspace(w) w contents

variables
---------
(jerUp_unc,jerUp_unc_In,jesUp_unc,jesUp_unc_In,lumi,lumi_In,n_obs_binbin1,pdf_unc,pdf_unc_In,r,xs_Bkg,xs_Bkg_In)

p.d.f.s
-------
SimpleGaussianConstraint::jerUp_unc_Pdf[ x=jerUp_unc mean=jerUp_unc_In sigma=1 ] = 1
SimpleGaussianConstraint::jesUp_unc_Pdf[ x=jesUp_unc mean=jesUp_unc_In sigma=1 ] = 1
SimpleGaussianConstraint::lumi_Pdf[ x=lumi mean=lumi_In sigma=1 ] = 1
RooProdPdf::modelObs_b[ pdf_binbin1_bonly ] = 0.218791
RooProdPdf::modelObs_s[ pdf_binbin1 ] = 0.174682
RooProdPdf::model_b[ modelObs_b * nuisancePdf ] = 0.218791
RooProdPdf::model_s[ modelObs_s * nuisancePdf ] = 0.174682
RooProdPdf::nuisancePdf[ lumi_Pdf * jesUp_unc_Pdf * pdf_unc_Pdf * xs_Bkg_Pdf * jerUp_unc_Pdf ] = 1
RooPoisson::pdf_binbin1[ x=n_obs_binbin1 mean=n_exp_binbin1 ] = 0.174682
RooPoisson::pdf_binbin1_bonly[ x=n_obs_binbin1 mean=n_exp_binbin1_bonly ] = 0.218791
SimpleGaussianConstraint::pdf_unc_Pdf[ x=pdf_unc mean=pdf_unc_In sigma=1 ] = 1
SimpleGaussianConstraint::xs_Bkg_Pdf[ x=xs_Bkg mean=xs_Bkg_In sigma=1 ] = 1

functions
--------
RooAddition::n_exp_binbin1[ n_exp_binbin1_proc_BH + n_exp_binbin1_proc_Background ] = 4.39321
RooAddition::n_exp_binbin1_bonly[ n_exp_binbin1_proc_Background ] = 3.39321
ProcessNormalization::n_exp_binbin1_proc_BH[ thetaList=(lumi,jesUp_unc,pdf_unc) asymmThetaList=() otherFactorList=(r) ] = 1
ProcessNormalization::n_exp_binbin1_proc_Background[ thetaList=(xs_Bkg,jerUp_unc) asymmThetaList=() otherFactorList=() ] = 3.39321

datasets
--------
RooDataSet::data_obs(n_obs_binbin1)

named sets
----------
ModelConfig_GlobalObservables:(lumi_In,jesUp_unc_In,pdf_unc_In,xs_Bkg_In,jerUp_unc_In)
ModelConfig_NuisParams:(lumi,jesUp_unc,pdf_unc,xs_Bkg,jerUp_unc)
ModelConfig_Observables:(n_obs_binbin1)
ModelConfig_POI:(r)
ModelConfig_bonly_GlobalObservables:(lumi_In,jesUp_unc_In,pdf_unc_In,xs_Bkg_In,jerUp_unc_In)
ModelConfig_bonly_NuisParams:(lumi,jesUp_unc,pdf_unc,xs_Bkg,jerUp_unc)
ModelConfig_bonly_Observables:(n_obs_binbin1)
ModelConfig_bonly_POI:(r)
POI:(r)
globalObservables:(lumi_In,jesUp_unc_In,pdf_unc_In,xs_Bkg_In,jerUp_unc_In)
nuisances:(lumi,jesUp_unc,pdf_unc,xs_Bkg,jerUp_unc)
observables:(n_obs_binbin1)

generic objects
---------------
RooStats::ModelConfig::ModelConfig
RooStats::ModelConfig::ModelConfig_bonly
RooArgSet::discreteParams

Workspace has a ModelConfig for signal called 'ModelConfig', with contents:

=== Using the following for ModelConfig ===
Observables:             RooArgSet:: = (n_obs_binbin1)
Parameters of Interest:  RooArgSet:: = (r)
Nuisance Parameters:     RooArgSet:: = (lumi,jesUp_unc,pdf_unc,xs_Bkg,jerUp_unc)
Global Observables:      RooArgSet:: = (lumi_In,jesUp_unc_In,pdf_unc_In,xs_Bkg_In,jerUp_unc_In)
PDF:                     RooProdPdf::model_s[ modelObs_s * nuisancePdf ] = 0.174682

Input ModelConfig 'ModelConfig': 

=== Using the following for ModelConfig ===
Observables:             RooArgSet:: = (n_obs_binbin1)
Parameters of Interest:  RooArgSet:: = (r)
Nuisance Parameters:     RooArgSet:: = (lumi,jesUp_unc,pdf_unc,xs_Bkg,jerUp_unc)
Global Observables:      RooArgSet:: = (lumi_In,jesUp_unc_In,pdf_unc_In,xs_Bkg_In,jerUp_unc_In)
PDF:                     RooProdPdf::model_s[ modelObs_s * nuisancePdf ] = 0.174682

[#1] INFO:ObjectHandling -- RooWorkspace::import(w) importing RooUniform::prior
Computing limit starting from observation
  1) RooRealVar:: n_obs_binbin1 = 3
Set default minimizer to Minuit2
  r = 6 +/- 0
[#1] INFO:Minization --  Including the following contraint terms in minimization: (nuisancePdf)
[#1] INFO:Fitting -- RooAddition::defaultErrorLevel(nll_model_s_data_obs_with_constr) Summation contains a RooNLLVar, using its error level
Minuit2Minimizer: Minimize with max-calls 2500 convergence for edm < 0.01 strategy 1
MnSeedGenerator: for initial parameters FCN = 6.11433
MnSeedGenerator: Initial state:   - FCN =   6.114333007185 Edm =    0.0150084 NCalls =     21
VariableMetric: start iterating until Edm is < 1e-05
VariableMetric: Initial state   - FCN =   6.114333007185 Edm =    0.0150084 NCalls =     21
VariableMetric: Iteration #   1 - FCN =   6.099232398038 Edm =  5.23869e-05 NCalls =     32
VariableMetric: Iteration #   2 - FCN =   6.099177722005 Edm =  1.29834e-08 NCalls =     43
VariableMetric: After Hessian   - FCN =   6.099177722005 Edm =  1.32018e-08 NCalls =     74
Number of iterations 4
----------> Iteration 0
            FVAL = 6.11433300719 Edm = 0.0150084363075 Nfcn = 21
            Error matrix change = 1
            Parameters :  p0 = 0 p1 = 0 p2 = 0 p3 = 0 p4 = 0
----------> Iteration 1
            FVAL = 6.09923239804 Edm = 5.23869448613e-05 Nfcn = 32
            Error matrix change = 0.505999
            Parameters :  p0 = -0.0153419 p1 = 0 p2 = 0 p3 = 0 p4 = -0.101569
----------> Iteration 2
            FVAL = 6.09917772201 Edm = 1.29834441818e-08 Nfcn = 43
            Error matrix change = 0.255026
            Parameters :  p0 = -0.00560389 p1 = 0 p2 = 0 p3 = 0 p4 = -0.103906
----------> Iteration 3
            FVAL = 6.09917772201 Edm = 1.32018470446e-08 Nfcn = 74
            Error matrix change = 0
            Parameters :  p0 = -0.00560389 p1 = 0 p2 = 0 p3 = 0 p4 = -0.103906
Minuit2Minimizer : Valid minimum - status = 0
FVAL  = 6.0991777220051695
Edm   = 1.32018470445597884e-08
Nfcn  = 74
jerUp_unc	  = -0.00560389	 +/-  0.995734	(limited)
jesUp_unc	  = 0	 +/-  0.996602	(limited)
lumi	  = 0	 +/-  0.996602	(limited)
pdf_unc	  = 0	 +/-  0.996602	(limited)
xs_Bkg	  = -0.103906	 +/-  0.603688	(limited)
Zero signal fit
   0) jerUp_unc                      = -0.00560389
   1) jesUp_unc                      =         0
   2) lumi                           =         0
   3) pdf_unc                        =         0
   4) xs_Bkg                         = -0.103906

Fitting of the background hypothesis done in 0.293716 s
[#1] INFO:Fitting -- RooAddition::defaultErrorLevel(nll_model_s_data_obs_with_constr) Summation contains a RooNLLVar, using its error level
Minuit2Minimizer: Minimize with max-calls 2500 convergence for edm < 0.01 strategy 1
MnSeedGenerator: for initial parameters FCN = 8.89358
MnSeedGenerator: Initial state:   - FCN =   8.893583522271 Edm =     0.519973 NCalls =     21
VariableMetric: start iterating until Edm is < 1e-05
VariableMetric: Initial state   - FCN =   8.893583522271 Edm =     0.519973 NCalls =     21
VariableMetric: Iteration #   1 - FCN =   8.339915547298 Edm =   0.00538193 NCalls =     33
VariableMetric: Iteration #   2 - FCN =   8.333262586327 Edm =   2.9706e-05 NCalls =     45
VariableMetric: Iteration #   3 - FCN =   8.333229775224 Edm =  1.33155e-09 NCalls =     57
VariableMetric: After Hessian   - FCN =   8.333229775224 Edm =  1.33541e-09 NCalls =     88
Number of iterations 5
----------> Iteration 0
            FVAL = 8.89358352227 Edm = 0.519973387652 Nfcn = 21
            Error matrix change = 1
            Parameters :  p0 = -0.00560389 p1 = 0 p2 = 0 p3 = 0 p4 = -0.103906
----------> Iteration 1
            FVAL = 8.3399155473 Edm = 0.00538192938366 Nfcn = 33
            Error matrix change = 0.525135
            Parameters :  p0 = -0.0870108 p1 = -0.205757 p2 = -0.190022 p3 = -0.244412 p4 = -0.758493
----------> Iteration 2
            FVAL = 8.33326258633 Edm = 2.97059576289e-05 Nfcn = 45
            Error matrix change = 0.281678
            Parameters :  p0 = -0.0401427 p1 = -0.170721 p2 = -0.157243 p3 = -0.204326 p4 = -0.824298
----------> Iteration 3
            FVAL = 8.33322977522 Edm = 1.33155268977e-09 Nfcn = 57
            Error matrix change = 0.161099
            Parameters :  p0 = -0.0435726 p1 = -0.173287 p2 = -0.159742 p3 = -0.206918 p4 = -0.828549
----------> Iteration 4
            FVAL = 8.33322977522 Edm = 1.33540724927e-09 Nfcn = 88
            Error matrix change = 0
            Parameters :  p0 = -0.0435726 p1 = -0.173287 p2 = -0.159742 p3 = -0.206918 p4 = -0.828549
Minuit2Minimizer : Valid minimum - status = 0
FVAL  = 8.33322977522389507
Edm   = 1.33540724927165051e-09
Nfcn  = 88
jerUp_unc	  = -0.0435726	 +/-  0.996034	(limited)
jesUp_unc	  = -0.173287	 +/-  0.9907	(limited)
lumi	  = -0.159742	 +/-  0.99159	(limited)
pdf_unc	  = -0.206918	 +/-  0.988173	(limited)
xs_Bkg	  = -0.828549	 +/-  0.763191	(limited)
Reference signal fit
   0) jerUp_unc                      = -0.0435726
   1) jesUp_unc                      = -0.173287
   2) lumi                           = -0.159742
   3) pdf_unc                        = -0.206918
   4) xs_Bkg                         = -0.828549

Fitting of the signal-plus-background hypothesis done in 0.00243497 s
      Evaluation of p-values done in  5.58475 s
	CLs = 0.05 +/- 0.0102164
      Evaluation of p-values done in  5.47229 s
	CLs = 0.0449102 +/- 0.00669451
      Evaluation of p-values done in  5.48018 s
	CLs = 0.0413058 +/- 0.00524577
      Evaluation of p-values done in  5.50997 s
	CLs = 0.0399408 +/- 0.00443663
      Evaluation of p-values done in  5.47904 s
	CLs = 0.0425532 +/- 0.00409336
	CLs      = 0.0425532 +/- 0.00409336
	CLb      = 0.5076 +/- 0.00707025
	CLsplusb = 0.0216 +/- 0.00205589

Hybrid result saved as HypoTestResult_mh120_r6_1050628987 in higgsCombineTest.HybridNew.mH120.-1798757321.root : higgsCombineTest.HybridNew.mH120.-1798757321.root:/toys

 -- Hybrid New -- 
CLs = 0.0425532 +/- 0.00409336
Total toys: 10000
Done in 0.00 min (cpu), 0.46 min (real)
