>>> including systematics
>>> using the Profile Likelihood test statistics modified for upper limits (Q_LHC)
>>> method used to compute upper limit is HybridNew
>>> Using OpenSSL to get a really random seed 
>>> Used OpenSSL to get a really random seed 676400632
Adding /uscms_data/d2/lpcljm/sapta/SUSYSearch/LimitSetting/CMSSW_7_1_5/src to include path
Adding /cvmfs/cms.cern.ch/slc6_amd64_gcc481/lcg/roofit/5.34.18-cms3//include to include path
Input workspace 'w': 

RooWorkspace(w) w contents

variables
---------
(jerUp_unc,jerUp_unc_In,jesUp_unc,jesUp_unc_In,lumi,lumi_In,n_obs_binbin1,pdf_unc,pdf_unc_In,r,xs_Bkg,xs_Bkg_In)

p.d.f.s
-------
SimpleGaussianConstraint::jerUp_unc_Pdf[ x=jerUp_unc mean=jerUp_unc_In sigma=1 ] = 1
SimpleGaussianConstraint::jesUp_unc_Pdf[ x=jesUp_unc mean=jesUp_unc_In sigma=1 ] = 1
SimpleGaussianConstraint::lumi_Pdf[ x=lumi mean=lumi_In sigma=1 ] = 1
RooProdPdf::modelObs_b[ pdf_binbin1_bonly ] = 0.00189414
RooProdPdf::modelObs_s[ pdf_binbin1 ] = 0.0018383
RooProdPdf::model_b[ modelObs_b * nuisancePdf ] = 0.00189414
RooProdPdf::model_s[ modelObs_s * nuisancePdf ] = 0.0018383
RooProdPdf::nuisancePdf[ lumi_Pdf * jesUp_unc_Pdf * pdf_unc_Pdf * xs_Bkg_Pdf * jerUp_unc_Pdf ] = 1
RooPoisson::pdf_binbin1[ x=n_obs_binbin1 mean=n_exp_binbin1 ] = 0.0018383
RooPoisson::pdf_binbin1_bonly[ x=n_obs_binbin1 mean=n_exp_binbin1_bonly ] = 0.00189414
SimpleGaussianConstraint::pdf_unc_Pdf[ x=pdf_unc mean=pdf_unc_In sigma=1 ] = 1
SimpleGaussianConstraint::xs_Bkg_Pdf[ x=xs_Bkg mean=xs_Bkg_In sigma=1 ] = 1

functions
--------
RooAddition::n_exp_binbin1[ n_exp_binbin1_proc_BH + n_exp_binbin1_proc_Background ] = 3033.25
RooAddition::n_exp_binbin1_bonly[ n_exp_binbin1_proc_Background ] = 3032.25
ProcessNormalization::n_exp_binbin1_proc_BH[ thetaList=(lumi,jesUp_unc,pdf_unc) asymmThetaList=() otherFactorList=(r) ] = 1
ProcessNormalization::n_exp_binbin1_proc_Background[ thetaList=(xs_Bkg,jerUp_unc) asymmThetaList=() otherFactorList=() ] = 3032.25

datasets
--------
RooDataSet::data_obs(n_obs_binbin1)

named sets
----------
ModelConfig_GlobalObservables:(lumi_In,jesUp_unc_In,pdf_unc_In,xs_Bkg_In,jerUp_unc_In)
ModelConfig_NuisParams:(lumi,jesUp_unc,pdf_unc,xs_Bkg,jerUp_unc)
ModelConfig_Observables:(n_obs_binbin1)
ModelConfig_POI:(r)
ModelConfig_bonly_GlobalObservables:(lumi_In,jesUp_unc_In,pdf_unc_In,xs_Bkg_In,jerUp_unc_In)
ModelConfig_bonly_NuisParams:(lumi,jesUp_unc,pdf_unc,xs_Bkg,jerUp_unc)
ModelConfig_bonly_Observables:(n_obs_binbin1)
ModelConfig_bonly_POI:(r)
POI:(r)
globalObservables:(lumi_In,jesUp_unc_In,pdf_unc_In,xs_Bkg_In,jerUp_unc_In)
nuisances:(lumi,jesUp_unc,pdf_unc,xs_Bkg,jerUp_unc)
observables:(n_obs_binbin1)

generic objects
---------------
RooStats::ModelConfig::ModelConfig
RooStats::ModelConfig::ModelConfig_bonly
RooArgSet::discreteParams

Workspace has a ModelConfig for signal called 'ModelConfig', with contents:

=== Using the following for ModelConfig ===
Observables:             RooArgSet:: = (n_obs_binbin1)
Parameters of Interest:  RooArgSet:: = (r)
Nuisance Parameters:     RooArgSet:: = (lumi,jesUp_unc,pdf_unc,xs_Bkg,jerUp_unc)
Global Observables:      RooArgSet:: = (lumi_In,jesUp_unc_In,pdf_unc_In,xs_Bkg_In,jerUp_unc_In)
PDF:                     RooProdPdf::model_s[ modelObs_s * nuisancePdf ] = 0.0018383

Input ModelConfig 'ModelConfig': 

=== Using the following for ModelConfig ===
Observables:             RooArgSet:: = (n_obs_binbin1)
Parameters of Interest:  RooArgSet:: = (r)
Nuisance Parameters:     RooArgSet:: = (lumi,jesUp_unc,pdf_unc,xs_Bkg,jerUp_unc)
Global Observables:      RooArgSet:: = (lumi_In,jesUp_unc_In,pdf_unc_In,xs_Bkg_In,jerUp_unc_In)
PDF:                     RooProdPdf::model_s[ modelObs_s * nuisancePdf ] = 0.0018383

[#1] INFO:ObjectHandling -- RooWorkspace::import(w) importing RooUniform::prior
Computing limit starting from observation
  1) RooRealVar:: n_obs_binbin1 = 2942
Set default minimizer to Minuit2
  r = 700 +/- 0
[#1] INFO:Minization --  Including the following contraint terms in minimization: (nuisancePdf)
[#1] INFO:Fitting -- RooAddition::defaultErrorLevel(nll_model_s_data_obs_with_constr) Summation contains a RooNLLVar, using its error level
Minuit2Minimizer: Minimize with max-calls 2500 convergence for edm < 0.01 strategy 1
MnSeedGenerator: for initial parameters FCN = 10.8637
MnSeedGenerator: Initial state:   - FCN =   10.86368106198 Edm =      2.42923 NCalls =     21
VariableMetric: start iterating until Edm is < 1e-05
VariableMetric: Initial state   - FCN =   10.86368106198 Edm =      2.42923 NCalls =     21
VariableMetric: Iteration #   1 - FCN =   9.571495733599 Edm =   0.00456323 NCalls =     33
VariableMetric: Iteration #   2 - FCN =   9.527630906811 Edm =   0.00138525 NCalls =     46
VariableMetric: Iteration #   3 - FCN =   9.526176358502 Edm =   3.2899e-09 NCalls =     58
VariableMetric: After Hessian   - FCN =   9.526176358502 Edm =  3.28963e-09 NCalls =     89
Number of iterations 5
----------> Iteration 0
            FVAL = 10.863681062 Edm = 2.42922587982 Nfcn = 21
            Error matrix change = 1
            Parameters :  p0 = 0 p1 = 0 p2 = 0 p3 = 0 p4 = 0
----------> Iteration 1
            FVAL = 9.5714957336 Edm = 0.00456322917888 Nfcn = 33
            Error matrix change = 0.509513
            Parameters :  p0 = -0.335144 p1 = 0 p2 = 0 p3 = 0 p4 = -0.106001
----------> Iteration 2
            FVAL = 9.52763090681 Edm = 0.00138525264266 Nfcn = 46
            Error matrix change = 0.384291
            Parameters :  p0 = -0.0484188 p1 = 0 p2 = 0 p3 = 0 p4 = -0.181242
----------> Iteration 3
            FVAL = 9.5261763585 Edm = 3.2899015159e-09 Nfcn = 58
            Error matrix change = 0.192244
            Parameters :  p0 = -0.0496482 p1 = 0 p2 = 0 p3 = 0 p4 = -0.187565
----------> Iteration 4
            FVAL = 9.5261763585 Edm = 3.28963196932e-09 Nfcn = 89
            Error matrix change = 0
            Parameters :  p0 = -0.0496482 p1 = 0 p2 = 0 p3 = 0 p4 = -0.187565
Minuit2Minimizer : Valid minimum - status = 0
FVAL  = 9.52617635850232602
Edm   = 3.28963196932057352e-09
Nfcn  = 89
jerUp_unc	  = -0.0496482	 +/-  0.964369	(limited)
jesUp_unc	  = 0	 +/-  0.996602	(limited)
lumi	  = 0	 +/-  0.996602	(limited)
pdf_unc	  = 0	 +/-  0.996602	(limited)
xs_Bkg	  = -0.187565	 +/-  0.28025	(limited)
Zero signal fit
   0) jerUp_unc                      = -0.0496482
   1) jesUp_unc                      =         0
   2) lumi                           =         0
   3) pdf_unc                        =         0
   4) xs_Bkg                         = -0.187565

Fitting of the background hypothesis done in 0.216384 s
[#1] INFO:Fitting -- RooAddition::defaultErrorLevel(nll_model_s_data_obs_with_constr) Summation contains a RooNLLVar, using its error level
Minuit2Minimizer: Minimize with max-calls 2500 convergence for edm < 0.01 strategy 1
MnSeedGenerator: for initial parameters FCN = 81.8187
MnSeedGenerator: Initial state:   - FCN =   81.81874170387 Edm =      156.294 NCalls =     21
VariableMetric: start iterating until Edm is < 1e-05
VariableMetric: Initial state   - FCN =   81.81874170387 Edm =      156.294 NCalls =     21
VariableMetric: Iteration #   1 - FCN =   17.87092797794 Edm =      2.70664 NCalls =     33
VariableMetric: Iteration #   2 - FCN =   13.85381695856 Edm =     0.516008 NCalls =     46
VariableMetric: Iteration #   3 - FCN =    12.4696568711 Edm =     0.225206 NCalls =     58
VariableMetric: Iteration #   4 - FCN =   11.64996903993 Edm =     0.236898 NCalls =     70
VariableMetric: Iteration #   5 - FCN =   11.35705512323 Edm =    0.0125155 NCalls =     82
VariableMetric: Iteration #   6 - FCN =   11.34044362315 Edm =  0.000484514 NCalls =     94
VariableMetric: Iteration #   7 - FCN =    11.3397686489 Edm =  5.45736e-06 NCalls =    106
VariableMetric: After Hessian   - FCN =    11.3397686489 Edm =  5.90857e-06 NCalls =    137
Number of iterations 9
----------> Iteration 0
            FVAL = 81.8187417039 Edm = 156.293627116 Nfcn = 21
            Error matrix change = 1
            Parameters :  p0 = -0.0496482 p1 = 0 p2 = 0 p3 = 0 p4 = -0.187565
----------> Iteration 1
            FVAL = 17.8709279779 Edm = 2.70664331736 Nfcn = 33
            Error matrix change = 0.614891
            Parameters :  p0 = -2.1509 p1 = -1.9197 p2 = -1.87397 p3 = -1.98093 p4 = -0.884137
----------> Iteration 2
            FVAL = 13.8538169586 Edm = 0.516007878651 Nfcn = 46
            Error matrix change = 0.492113
            Parameters :  p0 = -2.08556 p1 = -0.42837 p2 = -0.291677 p3 = -0.744719 p4 = -1.08673
----------> Iteration 3
            FVAL = 12.4696568711 Edm = 0.22520616208 Nfcn = 58
            Error matrix change = 0.339434
            Parameters :  p0 = -1.92101 p1 = -0.194927 p2 = -0.195644 p3 = -0.289588 p4 = -1.43575
----------> Iteration 4
            FVAL = 11.6499690399 Edm = 0.236897557202 Nfcn = 70
            Error matrix change = 0.369768
            Parameters :  p0 = -0.888773 p1 = 0.135088 p2 = 0.0592432 p3 = 0.321053 p4 = -1.79998
----------> Iteration 5
            FVAL = 11.3570551232 Edm = 0.012515520013 Nfcn = 82
            Error matrix change = 0.265242
            Parameters :  p0 = -0.506037 p1 = -0.223672 p2 = -0.246 p3 = -0.0897767 p4 = -1.81341
----------> Iteration 6
            FVAL = 11.3404436231 Edm = 0.000484514374704 Nfcn = 94
            Error matrix change = 0.193727
            Parameters :  p0 = -0.474377 p1 = -0.196854 p2 = -0.17903 p3 = -0.199149 p4 = -1.79805
----------> Iteration 7
            FVAL = 11.3397686489 Edm = 5.45735962377e-06 Nfcn = 106
            Error matrix change = 0.147145
            Parameters :  p0 = -0.479019 p1 = -0.177436 p2 = -0.161678 p3 = -0.210155 p4 = -1.8026
----------> Iteration 8
            FVAL = 11.3397686489 Edm = 5.90856564523e-06 Nfcn = 137
            Error matrix change = 0
            Parameters :  p0 = -0.479019 p1 = -0.177436 p2 = -0.161678 p3 = -0.210155 p4 = -1.8026
Minuit2Minimizer : Valid minimum - status = 0
FVAL  = 11.3397686488983211
Edm   = 5.90856564523060584e-06
Nfcn  = 137
jerUp_unc	  = -0.479019	 +/-  0.965593	(limited)
jesUp_unc	  = -0.177436	 +/-  0.987308	(limited)
lumi	  = -0.161678	 +/-  0.988708	(limited)
pdf_unc	  = -0.210155	 +/-  0.983317	(limited)
xs_Bkg	  = -1.8026	 +/-  0.334152	(limited)
Reference signal fit
   0) jerUp_unc                      = -0.479019
   1) jesUp_unc                      = -0.177436
   2) lumi                           = -0.161678
   3) pdf_unc                        = -0.210155
   4) xs_Bkg                         =   -1.8026

Fitting of the signal-plus-background hypothesis done in 0.00172687 s
      Evaluation of p-values done in  7.35584 s
	CLs = 0.081448 +/- 0.0136386
      Evaluation of p-values done in  7.10971 s
	CLs = 0.0801887 +/- 0.00978339
      Evaluation of p-values done in  7.09693 s
	CLs = 0.0781373 +/- 0.00790061
      Evaluation of p-values done in  7.10334 s
	CLs = 0.083383 +/- 0.00709415
      Evaluation of p-values done in  7.13806 s
	CLs = 0.0808226 +/- 0.00625809
	CLs      = 0.0808226 +/- 0.00625809
	CLb      = 0.4182 +/- 0.0069758
	CLsplusb = 0.0338 +/- 0.00255568

Hybrid result saved as HypoTestResult_mh120_r700_1413581056 in higgsCombineTest.HybridNew.mH120.676400632.root : higgsCombineTest.HybridNew.mH120.676400632.root:/toys

 -- Hybrid New -- 
CLs = 0.0808226 +/- 0.00625809
Total toys: 10000
Done in 0.00 min (cpu), 0.60 min (real)
