>>> including systematics
>>> using the Profile Likelihood test statistics modified for upper limits (Q_LHC)
>>> method used to compute upper limit is HybridNew
>>> Using OpenSSL to get a really random seed 
>>> Used OpenSSL to get a really random seed -1798628190
Adding /uscms_data/d2/lpcljm/sapta/SUSYSearch/LimitSetting/CMSSW_7_1_5/src to include path
Adding /cvmfs/cms.cern.ch/slc6_amd64_gcc481/lcg/roofit/5.34.18-cms3//include to include path
Input workspace 'w': 

RooWorkspace(w) w contents

variables
---------
(jerUp_unc,jerUp_unc_In,jesUp_unc,jesUp_unc_In,lumi,lumi_In,n_obs_binbin1,pdf_unc,pdf_unc_In,r,xs_Bkg,xs_Bkg_In)

p.d.f.s
-------
SimpleGaussianConstraint::jerUp_unc_Pdf[ x=jerUp_unc mean=jerUp_unc_In sigma=1 ] = 1
SimpleGaussianConstraint::jesUp_unc_Pdf[ x=jesUp_unc mean=jesUp_unc_In sigma=1 ] = 1
SimpleGaussianConstraint::lumi_Pdf[ x=lumi mean=lumi_In sigma=1 ] = 1
RooProdPdf::modelObs_b[ pdf_binbin1_bonly ] = 0.00691792
RooProdPdf::modelObs_s[ pdf_binbin1 ] = 0.00573811
RooProdPdf::model_b[ modelObs_b * nuisancePdf ] = 0.00691792
RooProdPdf::model_s[ modelObs_s * nuisancePdf ] = 0.00573811
RooProdPdf::nuisancePdf[ lumi_Pdf * jesUp_unc_Pdf * pdf_unc_Pdf * xs_Bkg_Pdf * jerUp_unc_Pdf ] = 1
RooPoisson::pdf_binbin1[ x=n_obs_binbin1 mean=n_exp_binbin1 ] = 0.00573811
RooPoisson::pdf_binbin1_bonly[ x=n_obs_binbin1 mean=n_exp_binbin1_bonly ] = 0.00691792
SimpleGaussianConstraint::pdf_unc_Pdf[ x=pdf_unc mean=pdf_unc_In sigma=1 ] = 1
SimpleGaussianConstraint::xs_Bkg_Pdf[ x=xs_Bkg mean=xs_Bkg_In sigma=1 ] = 1

functions
--------
RooAddition::n_exp_binbin1[ n_exp_binbin1_proc_BH + n_exp_binbin1_proc_Background ] = 103.82
RooAddition::n_exp_binbin1_bonly[ n_exp_binbin1_proc_Background ] = 102.82
ProcessNormalization::n_exp_binbin1_proc_BH[ thetaList=(lumi,jesUp_unc,pdf_unc) asymmThetaList=() otherFactorList=(r) ] = 1
ProcessNormalization::n_exp_binbin1_proc_Background[ thetaList=(xs_Bkg,jerUp_unc) asymmThetaList=() otherFactorList=() ] = 102.82

datasets
--------
RooDataSet::data_obs(n_obs_binbin1)

named sets
----------
ModelConfig_GlobalObservables:(lumi_In,jesUp_unc_In,pdf_unc_In,xs_Bkg_In,jerUp_unc_In)
ModelConfig_NuisParams:(lumi,jesUp_unc,pdf_unc,xs_Bkg,jerUp_unc)
ModelConfig_Observables:(n_obs_binbin1)
ModelConfig_POI:(r)
ModelConfig_bonly_GlobalObservables:(lumi_In,jesUp_unc_In,pdf_unc_In,xs_Bkg_In,jerUp_unc_In)
ModelConfig_bonly_NuisParams:(lumi,jesUp_unc,pdf_unc,xs_Bkg,jerUp_unc)
ModelConfig_bonly_Observables:(n_obs_binbin1)
ModelConfig_bonly_POI:(r)
POI:(r)
globalObservables:(lumi_In,jesUp_unc_In,pdf_unc_In,xs_Bkg_In,jerUp_unc_In)
nuisances:(lumi,jesUp_unc,pdf_unc,xs_Bkg,jerUp_unc)
observables:(n_obs_binbin1)

generic objects
---------------
RooStats::ModelConfig::ModelConfig
RooStats::ModelConfig::ModelConfig_bonly
RooArgSet::discreteParams

Workspace has a ModelConfig for signal called 'ModelConfig', with contents:

=== Using the following for ModelConfig ===
Observables:             RooArgSet:: = (n_obs_binbin1)
Parameters of Interest:  RooArgSet:: = (r)
Nuisance Parameters:     RooArgSet:: = (lumi,jesUp_unc,pdf_unc,xs_Bkg,jerUp_unc)
Global Observables:      RooArgSet:: = (lumi_In,jesUp_unc_In,pdf_unc_In,xs_Bkg_In,jerUp_unc_In)
PDF:                     RooProdPdf::model_s[ modelObs_s * nuisancePdf ] = 0.00573811

Input ModelConfig 'ModelConfig': 

=== Using the following for ModelConfig ===
Observables:             RooArgSet:: = (n_obs_binbin1)
Parameters of Interest:  RooArgSet:: = (r)
Nuisance Parameters:     RooArgSet:: = (lumi,jesUp_unc,pdf_unc,xs_Bkg,jerUp_unc)
Global Observables:      RooArgSet:: = (lumi_In,jesUp_unc_In,pdf_unc_In,xs_Bkg_In,jerUp_unc_In)
PDF:                     RooProdPdf::model_s[ modelObs_s * nuisancePdf ] = 0.00573811

[#1] INFO:ObjectHandling -- RooWorkspace::import(w) importing RooUniform::prior
Computing limit starting from observation
  1) RooRealVar:: n_obs_binbin1 = 84
Set default minimizer to Minuit2
  r = 70 +/- 0
[#1] INFO:Minization --  Including the following contraint terms in minimization: (nuisancePdf)
[#1] INFO:Fitting -- RooAddition::defaultErrorLevel(nll_model_s_data_obs_with_constr) Summation contains a RooNLLVar, using its error level
Minuit2Minimizer: Minimize with max-calls 2500 convergence for edm < 0.01 strategy 1
MnSeedGenerator: for initial parameters FCN = 9.56833
MnSeedGenerator: Initial state:   - FCN =   9.568332283583 Edm =      1.87787 NCalls =     21
VariableMetric: start iterating until Edm is < 1e-05
VariableMetric: Initial state   - FCN =   9.568332283583 Edm =      1.87787 NCalls =     21
VariableMetric: Iteration #   1 - FCN =   7.976180551436 Edm =     0.100189 NCalls =     33
VariableMetric: Iteration #   2 - FCN =   7.825638823658 Edm =  1.52603e-06 NCalls =     45
VariableMetric: After Hessian   - FCN =   7.825638823658 Edm =  1.79816e-06 NCalls =     76
Number of iterations 4
----------> Iteration 0
            FVAL = 9.56833228358 Edm = 1.87786632943 Nfcn = 21
            Error matrix change = 1
            Parameters :  p0 = 0 p1 = 0 p2 = 0 p3 = 0 p4 = 0
----------> Iteration 1
            FVAL = 7.97618055144 Edm = 0.100189254083 Nfcn = 33
            Error matrix change = 0.528236
            Parameters :  p0 = -0.544388 p1 = 0 p2 = 0 p3 = 0 p4 = -0.333338
----------> Iteration 2
            FVAL = 7.82563882366 Edm = 1.52602936466e-06 Nfcn = 45
            Error matrix change = 0.307601
            Parameters :  p0 = -0.0355922 p1 = 0 p2 = 0 p3 = 0 p4 = -0.423248
----------> Iteration 3
            FVAL = 7.82563882366 Edm = 1.79816098876e-06 Nfcn = 76
            Error matrix change = 0
            Parameters :  p0 = -0.0355922 p1 = 0 p2 = 0 p3 = 0 p4 = -0.423248
Minuit2Minimizer : Valid minimum - status = 0
FVAL  = 7.8256388236578962
Edm   = 1.79816098875960998e-06
Nfcn  = 76
jerUp_unc	  = -0.0355922	 +/-  0.993049	(limited)
jesUp_unc	  = 0	 +/-  0.996602	(limited)
lumi	  = 0	 +/-  0.996602	(limited)
pdf_unc	  = 0	 +/-  0.996602	(limited)
xs_Bkg	  = -0.423248	 +/-  0.249536	(limited)
Zero signal fit
   0) jerUp_unc                      = -0.0355922
   1) jesUp_unc                      =         0
   2) lumi                           =         0
   3) pdf_unc                        =         0
   4) xs_Bkg                         = -0.423248

Fitting of the background hypothesis done in 0.299357 s
[#1] INFO:Fitting -- RooAddition::defaultErrorLevel(nll_model_s_data_obs_with_constr) Summation contains a RooNLLVar, using its error level
Minuit2Minimizer: Minimize with max-calls 2500 convergence for edm < 0.01 strategy 1
MnSeedGenerator: for initial parameters FCN = 27.3412
MnSeedGenerator: Initial state:   - FCN =   27.34118724964 Edm =      14.8528 NCalls =     21
VariableMetric: start iterating until Edm is < 1e-05
VariableMetric: Initial state   - FCN =   27.34118724964 Edm =      14.8528 NCalls =     21
VariableMetric: Iteration #   1 - FCN =   14.89066255382 Edm =      1.25474 NCalls =     36
VariableMetric: Iteration #   2 - FCN =   12.56290441731 Edm =     0.138623 NCalls =     48
VariableMetric: Iteration #   3 - FCN =   12.31989717525 Edm =   0.00804771 NCalls =     60
VariableMetric: Iteration #   4 - FCN =   12.30962757824 Edm =  2.66237e-05 NCalls =     72
VariableMetric: Iteration #   5 - FCN =   12.30959803122 Edm =  2.11241e-08 NCalls =     84
VariableMetric: After Hessian   - FCN =   12.30959803122 Edm =  2.28493e-08 NCalls =    115
Number of iterations 7
----------> Iteration 0
            FVAL = 27.3411872496 Edm = 14.8527634043 Nfcn = 21
            Error matrix change = 1
            Parameters :  p0 = -0.0355922 p1 = 0 p2 = 0 p3 = 0 p4 = -0.423248
----------> Iteration 1
            FVAL = 14.8906625538 Edm = 1.25474230324 Nfcn = 36
            Error matrix change = 0.595321
            Parameters :  p0 = -1.25904 p1 = -1.26416 p2 = -1.18473 p3 = -1.44273 p4 = -1.51532
----------> Iteration 2
            FVAL = 12.5629044173 Edm = 0.138623270495 Nfcn = 48
            Error matrix change = 0.41291
            Parameters :  p0 = -0.0837793 p1 = -0.408477 p2 = -0.348179 p3 = -0.57718 p4 = -2.10876
----------> Iteration 3
            FVAL = 12.3198971753 Edm = 0.00804770810577 Nfcn = 60
            Error matrix change = 0.245046
            Parameters :  p0 = -0.16878 p1 = -0.552929 p2 = -0.520768 p3 = -0.63337 p4 = -2.35649
----------> Iteration 4
            FVAL = 12.3096275782 Edm = 2.66236753812e-05 Nfcn = 72
            Error matrix change = 0.151625
            Parameters :  p0 = -0.212361 p1 = -0.489253 p2 = -0.451596 p3 = -0.581001 p4 = -2.40613
----------> Iteration 5
            FVAL = 12.3095980312 Edm = 2.11241319667e-08 Nfcn = 84
            Error matrix change = 0.0894423
            Parameters :  p0 = -0.211169 p1 = -0.489997 p2 = -0.451647 p3 = -0.584967 p4 = -2.40874
----------> Iteration 6
            FVAL = 12.3095980312 Edm = 2.28493207469e-08 Nfcn = 115
            Error matrix change = 0
            Parameters :  p0 = -0.211169 p1 = -0.489997 p2 = -0.451647 p3 = -0.584967 p4 = -2.40874
Minuit2Minimizer : Valid minimum - status = 0
FVAL  = 12.3095980312237057
Edm   = 2.28493207469259293e-08
Nfcn  = 115
jerUp_unc	  = -0.211169	 +/-  0.993847	(limited)
jesUp_unc	  = -0.489997	 +/-  0.969183	(limited)
lumi	  = -0.451647	 +/-  0.973356	(limited)
pdf_unc	  = -0.584967	 +/-  0.957249	(limited)
xs_Bkg	  = -2.40874	 +/-  0.522698	(limited)
Reference signal fit
   0) jerUp_unc                      = -0.211169
   1) jesUp_unc                      = -0.489997
   2) lumi                           = -0.451647
   3) pdf_unc                        = -0.584967
   4) xs_Bkg                         =  -2.40874

Fitting of the signal-plus-background hypothesis done in 0.00251603 s
      Evaluation of p-values done in  6.62593 s
	CLs = 0.00555556 +/- 0.00393143
      Evaluation of p-values done in  6.43142 s
	CLs = 0.002849 +/- 0.0020154
      Evaluation of p-values done in  6.42492 s
	CLs = 0.00191022 +/- 0.00135112
      Evaluation of p-values done in  6.28526 s
	CLs = 0.00361272 +/- 0.00161655
      Evaluation of p-values done in  6.29097 s
	CLs = 0.00340716 +/- 0.00139167
	CLs      = 0.00340716 +/- 0.00139167
	CLb      = 0.3522 +/- 0.00675507
	CLsplusb = 0.0012 +/- 0.000489604

Hybrid result saved as HypoTestResult_mh120_r70_1827208154 in higgsCombineTest.HybridNew.mH120.-1798628190.root : higgsCombineTest.HybridNew.mH120.-1798628190.root:/toys

 -- Hybrid New -- 
CLs = 0.00340716 +/- 0.00139167
Total toys: 10000
Done in 0.00 min (cpu), 0.54 min (real)
