>>> including systematics
>>> using the Profile Likelihood test statistics modified for upper limits (Q_LHC)
>>> method used to compute upper limit is HybridNew
>>> Using OpenSSL to get a really random seed 
>>> Used OpenSSL to get a really random seed -2131364898
Adding /uscms_data/d2/lpcljm/sapta/SUSYSearch/LimitSetting/CMSSW_7_1_5/src to include path
Adding /cvmfs/cms.cern.ch/slc6_amd64_gcc481/lcg/roofit/5.34.18-cms3//include to include path
Input workspace 'w': 

RooWorkspace(w) w contents

variables
---------
(jerUp_unc,jerUp_unc_In,jesUp_unc,jesUp_unc_In,lumi,lumi_In,n_obs_binbin1,pdf_unc,pdf_unc_In,r,xs_Bkg,xs_Bkg_In)

p.d.f.s
-------
SimpleGaussianConstraint::jerUp_unc_Pdf[ x=jerUp_unc mean=jerUp_unc_In sigma=1 ] = 1
SimpleGaussianConstraint::jesUp_unc_Pdf[ x=jesUp_unc mean=jesUp_unc_In sigma=1 ] = 1
SimpleGaussianConstraint::lumi_Pdf[ x=lumi mean=lumi_In sigma=1 ] = 1
RooProdPdf::modelObs_b[ pdf_binbin1_bonly ] = 0.367871
RooProdPdf::modelObs_s[ pdf_binbin1 ] = 0.269764
RooProdPdf::model_b[ modelObs_b * nuisancePdf ] = 0.367871
RooProdPdf::model_s[ modelObs_s * nuisancePdf ] = 0.269764
RooProdPdf::nuisancePdf[ lumi_Pdf * jesUp_unc_Pdf * pdf_unc_Pdf * xs_Bkg_Pdf * jerUp_unc_Pdf ] = 1
RooPoisson::pdf_binbin1[ x=n_obs_binbin1 mean=n_exp_binbin1 ] = 0.269764
RooPoisson::pdf_binbin1_bonly[ x=n_obs_binbin1 mean=n_exp_binbin1_bonly ] = 0.367871
SimpleGaussianConstraint::pdf_unc_Pdf[ x=pdf_unc mean=pdf_unc_In sigma=1 ] = 1
SimpleGaussianConstraint::xs_Bkg_Pdf[ x=xs_Bkg mean=xs_Bkg_In sigma=1 ] = 1

functions
--------
RooAddition::n_exp_binbin1[ n_exp_binbin1_proc_BH + n_exp_binbin1_proc_Background ] = 2.0067
RooAddition::n_exp_binbin1_bonly[ n_exp_binbin1_proc_Background ] = 1.0067
ProcessNormalization::n_exp_binbin1_proc_BH[ thetaList=(lumi,jesUp_unc,pdf_unc) asymmThetaList=() otherFactorList=(r) ] = 1
ProcessNormalization::n_exp_binbin1_proc_Background[ thetaList=(xs_Bkg,jerUp_unc) asymmThetaList=() otherFactorList=() ] = 1.0067

datasets
--------
RooDataSet::data_obs(n_obs_binbin1)

named sets
----------
ModelConfig_GlobalObservables:(lumi_In,jesUp_unc_In,pdf_unc_In,xs_Bkg_In,jerUp_unc_In)
ModelConfig_NuisParams:(lumi,jesUp_unc,pdf_unc,xs_Bkg,jerUp_unc)
ModelConfig_Observables:(n_obs_binbin1)
ModelConfig_POI:(r)
ModelConfig_bonly_GlobalObservables:(lumi_In,jesUp_unc_In,pdf_unc_In,xs_Bkg_In,jerUp_unc_In)
ModelConfig_bonly_NuisParams:(lumi,jesUp_unc,pdf_unc,xs_Bkg,jerUp_unc)
ModelConfig_bonly_Observables:(n_obs_binbin1)
ModelConfig_bonly_POI:(r)
POI:(r)
globalObservables:(lumi_In,jesUp_unc_In,pdf_unc_In,xs_Bkg_In,jerUp_unc_In)
nuisances:(lumi,jesUp_unc,pdf_unc,xs_Bkg,jerUp_unc)
observables:(n_obs_binbin1)

generic objects
---------------
RooStats::ModelConfig::ModelConfig
RooStats::ModelConfig::ModelConfig_bonly
RooArgSet::discreteParams

Workspace has a ModelConfig for signal called 'ModelConfig', with contents:

=== Using the following for ModelConfig ===
Observables:             RooArgSet:: = (n_obs_binbin1)
Parameters of Interest:  RooArgSet:: = (r)
Nuisance Parameters:     RooArgSet:: = (lumi,jesUp_unc,pdf_unc,xs_Bkg,jerUp_unc)
Global Observables:      RooArgSet:: = (lumi_In,jesUp_unc_In,pdf_unc_In,xs_Bkg_In,jerUp_unc_In)
PDF:                     RooProdPdf::model_s[ modelObs_s * nuisancePdf ] = 0.269764

Input ModelConfig 'ModelConfig': 

=== Using the following for ModelConfig ===
Observables:             RooArgSet:: = (n_obs_binbin1)
Parameters of Interest:  RooArgSet:: = (r)
Nuisance Parameters:     RooArgSet:: = (lumi,jesUp_unc,pdf_unc,xs_Bkg,jerUp_unc)
Global Observables:      RooArgSet:: = (lumi_In,jesUp_unc_In,pdf_unc_In,xs_Bkg_In,jerUp_unc_In)
PDF:                     RooProdPdf::model_s[ modelObs_s * nuisancePdf ] = 0.269764

[#1] INFO:ObjectHandling -- RooWorkspace::import(w) importing RooUniform::prior
Computing limit starting from observation
  1) RooRealVar:: n_obs_binbin1 = 1
Set default minimizer to Minuit2
  r = 7 +/- 0
[#1] INFO:Minization --  Including the following contraint terms in minimization: (nuisancePdf)
[#1] INFO:Fitting -- RooAddition::defaultErrorLevel(nll_model_s_data_obs_with_constr) Summation contains a RooNLLVar, using its error level
Minuit2Minimizer: Minimize with max-calls 2500 convergence for edm < 0.01 strategy 1
MnSeedGenerator: for initial parameters FCN = 5.59472
MnSeedGenerator: Initial state:   - FCN =   5.594715011257 Edm =  8.64521e-06 NCalls =     21
VariableMetric: start iterating until Edm is < 1e-05
VariableMetric: Initial state   - FCN =   5.594715011257 Edm =  8.64521e-06 NCalls =     21
VariableMetric: Iteration #   1 - FCN =   5.594706390277 Edm =  5.13769e-09 NCalls =     32
VariableMetric: After Hessian   - FCN =   5.594706390277 Edm =  5.13026e-09 NCalls =     63
Number of iterations 3
----------> Iteration 0
            FVAL = 5.59471501126 Edm = 8.6452058814e-06 Nfcn = 21
            Error matrix change = 1
            Parameters :  p0 = 0 p1 = 0 p2 = 0 p3 = 0 p4 = 0
----------> Iteration 1
            FVAL = 5.59470639028 Edm = 5.13769042521e-09 Nfcn = 32
            Error matrix change = 0.502498
            Parameters :  p0 = -0.000262373 p1 = 0 p2 = 0 p3 = 0 p4 = -0.00325127
----------> Iteration 2
            FVAL = 5.59470639028 Edm = 5.13025807411e-09 Nfcn = 63
            Error matrix change = 0
            Parameters :  p0 = -0.000262373 p1 = 0 p2 = 0 p3 = 0 p4 = -0.00325127
Minuit2Minimizer : Valid minimum - status = 0
FVAL  = 5.59470639027708305
Edm   = 5.13025807410977936e-09
Nfcn  = 63
jerUp_unc	  = -0.000262373	 +/-  0.996133	(limited)
jesUp_unc	  = 0	 +/-  0.996602	(limited)
lumi	  = 0	 +/-  0.996602	(limited)
pdf_unc	  = 0	 +/-  0.996602	(limited)
xs_Bkg	  = -0.00325127	 +/-  0.782448	(limited)
Zero signal fit
   0) jerUp_unc                      = -0.000262373
   1) jesUp_unc                      =         0
   2) lumi                           =         0
   3) pdf_unc                        =         0
   4) xs_Bkg                         = -0.00325127

Fitting of the background hypothesis done in 0.30161 s
[#1] INFO:Fitting -- RooAddition::defaultErrorLevel(nll_model_s_data_obs_with_constr) Summation contains a RooNLLVar, using its error level
Minuit2Minimizer: Minimize with max-calls 2500 convergence for edm < 0.01 strategy 1
MnSeedGenerator: for initial parameters FCN = 10.5188
MnSeedGenerator: Initial state:   - FCN =   10.51884886428 Edm =     0.297487 NCalls =     21
VariableMetric: start iterating until Edm is < 1e-05
VariableMetric: Initial state   - FCN =   10.51884886428 Edm =     0.297487 NCalls =     21
VariableMetric: Iteration #   1 - FCN =   10.22208350853 Edm =   0.00069229 NCalls =     32
VariableMetric: Iteration #   2 - FCN =   10.22133421654 Edm =  4.28588e-07 NCalls =     44
VariableMetric: After Hessian   - FCN =   10.22133421654 Edm =  4.41154e-07 NCalls =     75
Number of iterations 4
----------> Iteration 0
            FVAL = 10.5188488643 Edm = 0.297487212809 Nfcn = 21
            Error matrix change = 1
            Parameters :  p0 = -0.000262373 p1 = 0 p2 = 0 p3 = 0 p4 = -0.00325127
----------> Iteration 1
            FVAL = 10.2220835085 Edm = 0.000692289922266 Nfcn = 32
            Error matrix change = 0.515466
            Parameters :  p0 = -0.0344144 p1 = -0.293952 p2 = -0.271627 p3 = -0.34862 p4 = -0.446415
----------> Iteration 2
            FVAL = 10.2213342165 Edm = 4.28587885299e-07 Nfcn = 44
            Error matrix change = 0.267923
            Parameters :  p0 = -0.0232806 p1 = -0.281822 p2 = -0.259706 p3 = -0.336797 p4 = -0.472477
----------> Iteration 3
            FVAL = 10.2213342165 Edm = 4.41153549232e-07 Nfcn = 75
            Error matrix change = 0
            Parameters :  p0 = -0.0232806 p1 = -0.281822 p2 = -0.259706 p3 = -0.336797 p4 = -0.472477
Minuit2Minimizer : Valid minimum - status = 0
FVAL  = 10.2213342165377767
Edm   = 4.41153549232109645e-07
Nfcn  = 75
jerUp_unc	  = -0.0232806	 +/-  0.996267	(limited)
jesUp_unc	  = -0.281822	 +/-  0.989169	(limited)
lumi	  = -0.259706	 +/-  0.99029	(limited)
pdf_unc	  = -0.336797	 +/-  0.985983	(limited)
xs_Bkg	  = -0.472477	 +/-  0.849402	(limited)
Reference signal fit
   0) jerUp_unc                      = -0.0232806
   1) jesUp_unc                      = -0.281822
   2) lumi                           = -0.259706
   3) pdf_unc                        = -0.336797
   4) xs_Bkg                         = -0.472477

Fitting of the signal-plus-background hypothesis done in 0.00215721 s
      Evaluation of p-values done in  5.70027 s
	CLs = 0 +/- 0
      Evaluation of p-values done in  5.56638 s
	CLs = 0 +/- 0
      Evaluation of p-values done in  5.88455 s
	CLs = 0 +/- 0
      Evaluation of p-values done in  6.07065 s
	CLs = 0.000438212 +/- 0.000438199
      Evaluation of p-values done in  5.17035 s
	CLs = 0.00105522 +/- 0.000609189
	CLs      = 0.00105522 +/- 0.000609189
	CLb      = 0.5686 +/- 0.0070042
	CLsplusb = 0.0006 +/- 0.000346306

Hybrid result saved as HypoTestResult_mh120_r7_4287964267 in higgsCombineTest.HybridNew.mH120.-2131364898.root : higgsCombineTest.HybridNew.mH120.-2131364898.root:/toys

 -- Hybrid New -- 
CLs = 0.00105522 +/- 0.000609189
Total toys: 10000
Done in 0.00 min (cpu), 0.48 min (real)
