>>> including systematics
>>> using the Profile Likelihood test statistics modified for upper limits (Q_LHC)
>>> method used to compute upper limit is HybridNew
>>> Using OpenSSL to get a really random seed 
>>> Used OpenSSL to get a really random seed -583663883
Adding /uscms_data/d2/lpcljm/sapta/SUSYSearch/LimitSetting/CMSSW_7_1_5/src to include path
Adding /cvmfs/cms.cern.ch/slc6_amd64_gcc481/lcg/roofit/5.34.18-cms3//include to include path
Input workspace 'w': 

RooWorkspace(w) w contents

variables
---------
(jerUp_unc,jerUp_unc_In,jesUp_unc,jesUp_unc_In,lumi,lumi_In,n_obs_binbin1,pdf_unc,pdf_unc_In,r,xs_Bkg,xs_Bkg_In)

p.d.f.s
-------
SimpleGaussianConstraint::jerUp_unc_Pdf[ x=jerUp_unc mean=jerUp_unc_In sigma=1 ] = 1
SimpleGaussianConstraint::jesUp_unc_Pdf[ x=jesUp_unc mean=jesUp_unc_In sigma=1 ] = 1
SimpleGaussianConstraint::lumi_Pdf[ x=lumi mean=lumi_In sigma=1 ] = 1
RooProdPdf::modelObs_b[ pdf_binbin1_bonly ] = 0.00189414
RooProdPdf::modelObs_s[ pdf_binbin1 ] = 0.0018383
RooProdPdf::model_b[ modelObs_b * nuisancePdf ] = 0.00189414
RooProdPdf::model_s[ modelObs_s * nuisancePdf ] = 0.0018383
RooProdPdf::nuisancePdf[ lumi_Pdf * jesUp_unc_Pdf * pdf_unc_Pdf * xs_Bkg_Pdf * jerUp_unc_Pdf ] = 1
RooPoisson::pdf_binbin1[ x=n_obs_binbin1 mean=n_exp_binbin1 ] = 0.0018383
RooPoisson::pdf_binbin1_bonly[ x=n_obs_binbin1 mean=n_exp_binbin1_bonly ] = 0.00189414
SimpleGaussianConstraint::pdf_unc_Pdf[ x=pdf_unc mean=pdf_unc_In sigma=1 ] = 1
SimpleGaussianConstraint::xs_Bkg_Pdf[ x=xs_Bkg mean=xs_Bkg_In sigma=1 ] = 1

functions
--------
RooAddition::n_exp_binbin1[ n_exp_binbin1_proc_BH + n_exp_binbin1_proc_Background ] = 3033.25
RooAddition::n_exp_binbin1_bonly[ n_exp_binbin1_proc_Background ] = 3032.25
ProcessNormalization::n_exp_binbin1_proc_BH[ thetaList=(lumi,jesUp_unc,pdf_unc) asymmThetaList=() otherFactorList=(r) ] = 1
ProcessNormalization::n_exp_binbin1_proc_Background[ thetaList=(xs_Bkg,jerUp_unc) asymmThetaList=() otherFactorList=() ] = 3032.25

datasets
--------
RooDataSet::data_obs(n_obs_binbin1)

named sets
----------
ModelConfig_GlobalObservables:(lumi_In,jesUp_unc_In,pdf_unc_In,xs_Bkg_In,jerUp_unc_In)
ModelConfig_NuisParams:(lumi,jesUp_unc,pdf_unc,xs_Bkg,jerUp_unc)
ModelConfig_Observables:(n_obs_binbin1)
ModelConfig_POI:(r)
ModelConfig_bonly_GlobalObservables:(lumi_In,jesUp_unc_In,pdf_unc_In,xs_Bkg_In,jerUp_unc_In)
ModelConfig_bonly_NuisParams:(lumi,jesUp_unc,pdf_unc,xs_Bkg,jerUp_unc)
ModelConfig_bonly_Observables:(n_obs_binbin1)
ModelConfig_bonly_POI:(r)
POI:(r)
globalObservables:(lumi_In,jesUp_unc_In,pdf_unc_In,xs_Bkg_In,jerUp_unc_In)
nuisances:(lumi,jesUp_unc,pdf_unc,xs_Bkg,jerUp_unc)
observables:(n_obs_binbin1)

generic objects
---------------
RooStats::ModelConfig::ModelConfig
RooStats::ModelConfig::ModelConfig_bonly
RooArgSet::discreteParams

Workspace has a ModelConfig for signal called 'ModelConfig', with contents:

=== Using the following for ModelConfig ===
Observables:             RooArgSet:: = (n_obs_binbin1)
Parameters of Interest:  RooArgSet:: = (r)
Nuisance Parameters:     RooArgSet:: = (lumi,jesUp_unc,pdf_unc,xs_Bkg,jerUp_unc)
Global Observables:      RooArgSet:: = (lumi_In,jesUp_unc_In,pdf_unc_In,xs_Bkg_In,jerUp_unc_In)
PDF:                     RooProdPdf::model_s[ modelObs_s * nuisancePdf ] = 0.0018383

Input ModelConfig 'ModelConfig': 

=== Using the following for ModelConfig ===
Observables:             RooArgSet:: = (n_obs_binbin1)
Parameters of Interest:  RooArgSet:: = (r)
Nuisance Parameters:     RooArgSet:: = (lumi,jesUp_unc,pdf_unc,xs_Bkg,jerUp_unc)
Global Observables:      RooArgSet:: = (lumi_In,jesUp_unc_In,pdf_unc_In,xs_Bkg_In,jerUp_unc_In)
PDF:                     RooProdPdf::model_s[ modelObs_s * nuisancePdf ] = 0.0018383

[#1] INFO:ObjectHandling -- RooWorkspace::import(w) importing RooUniform::prior
Computing limit starting from observation
  1) RooRealVar:: n_obs_binbin1 = 2942
Set default minimizer to Minuit2
  r = 800 +/- 0
[#1] INFO:Minization --  Including the following contraint terms in minimization: (nuisancePdf)
[#1] INFO:Fitting -- RooAddition::defaultErrorLevel(nll_model_s_data_obs_with_constr) Summation contains a RooNLLVar, using its error level
Minuit2Minimizer: Minimize with max-calls 2500 convergence for edm < 0.01 strategy 1
MnSeedGenerator: for initial parameters FCN = 10.8637
MnSeedGenerator: Initial state:   - FCN =   10.86368106198 Edm =      2.42923 NCalls =     21
VariableMetric: start iterating until Edm is < 1e-05
VariableMetric: Initial state   - FCN =   10.86368106198 Edm =      2.42923 NCalls =     21
VariableMetric: Iteration #   1 - FCN =   9.571495733599 Edm =   0.00456323 NCalls =     33
VariableMetric: Iteration #   2 - FCN =   9.527630906811 Edm =   0.00138525 NCalls =     46
VariableMetric: Iteration #   3 - FCN =   9.526176358502 Edm =   3.2899e-09 NCalls =     58
VariableMetric: After Hessian   - FCN =   9.526176358502 Edm =  3.28963e-09 NCalls =     89
Number of iterations 5
----------> Iteration 0
            FVAL = 10.863681062 Edm = 2.42922587982 Nfcn = 21
            Error matrix change = 1
            Parameters :  p0 = 0 p1 = 0 p2 = 0 p3 = 0 p4 = 0
----------> Iteration 1
            FVAL = 9.5714957336 Edm = 0.00456322917888 Nfcn = 33
            Error matrix change = 0.509513
            Parameters :  p0 = -0.335144 p1 = 0 p2 = 0 p3 = 0 p4 = -0.106001
----------> Iteration 2
            FVAL = 9.52763090681 Edm = 0.00138525264266 Nfcn = 46
            Error matrix change = 0.384291
            Parameters :  p0 = -0.0484188 p1 = 0 p2 = 0 p3 = 0 p4 = -0.181242
----------> Iteration 3
            FVAL = 9.5261763585 Edm = 3.2899015159e-09 Nfcn = 58
            Error matrix change = 0.192244
            Parameters :  p0 = -0.0496482 p1 = 0 p2 = 0 p3 = 0 p4 = -0.187565
----------> Iteration 4
            FVAL = 9.5261763585 Edm = 3.28963196932e-09 Nfcn = 89
            Error matrix change = 0
            Parameters :  p0 = -0.0496482 p1 = 0 p2 = 0 p3 = 0 p4 = -0.187565
Minuit2Minimizer : Valid minimum - status = 0
FVAL  = 9.52617635850232602
Edm   = 3.28963196932057352e-09
Nfcn  = 89
jerUp_unc	  = -0.0496482	 +/-  0.964369	(limited)
jesUp_unc	  = 0	 +/-  0.996602	(limited)
lumi	  = 0	 +/-  0.996602	(limited)
pdf_unc	  = 0	 +/-  0.996602	(limited)
xs_Bkg	  = -0.187565	 +/-  0.28025	(limited)
Zero signal fit
   0) jerUp_unc                      = -0.0496482
   1) jesUp_unc                      =         0
   2) lumi                           =         0
   3) pdf_unc                        =         0
   4) xs_Bkg                         = -0.187565

Fitting of the background hypothesis done in 0.226431 s
[#1] INFO:Fitting -- RooAddition::defaultErrorLevel(nll_model_s_data_obs_with_constr) Summation contains a RooNLLVar, using its error level
Minuit2Minimizer: Minimize with max-calls 2500 convergence for edm < 0.01 strategy 1
MnSeedGenerator: for initial parameters FCN = 102.155
MnSeedGenerator: Initial state:   - FCN =   102.1553482574 Edm =       205.15 NCalls =     21
VariableMetric: start iterating until Edm is < 1e-05
VariableMetric: Initial state   - FCN =   102.1553482574 Edm =       205.15 NCalls =     21
VariableMetric: Iteration #   1 - FCN =   20.36566447274 Edm =      3.65066 NCalls =     33
VariableMetric: Iteration #   2 - FCN =   15.39202753793 Edm =     0.722718 NCalls =     46
VariableMetric: Iteration #   3 - FCN =   13.25580506435 Edm =     0.252163 NCalls =     59
VariableMetric: Iteration #   4 - FCN =   12.24609769268 Edm =     0.288732 NCalls =     72
VariableMetric: Iteration #   5 - FCN =   11.93759714187 Edm =    0.0210899 NCalls =     84
VariableMetric: Iteration #   6 - FCN =   11.90341054935 Edm =  0.000957179 NCalls =     96
VariableMetric: Iteration #   7 - FCN =   11.90205644066 Edm =  8.27413e-06 NCalls =    108
VariableMetric: Iteration #   8 - FCN =    11.9020467042 Edm =  4.57364e-07 NCalls =    120
VariableMetric: After Hessian   - FCN =    11.9020467042 Edm =  6.36169e-07 NCalls =    151
Number of iterations 10
----------> Iteration 0
            FVAL = 102.155348257 Edm = 205.150329806 Nfcn = 21
            Error matrix change = 1
            Parameters :  p0 = -0.0496482 p1 = 0 p2 = 0 p3 = 0 p4 = -0.187565
----------> Iteration 1
            FVAL = 20.3656644727 Edm = 3.65066234034 Nfcn = 33
            Error matrix change = 0.619558
            Parameters :  p0 = -2.41274 p1 = -2.22883 p2 = -2.19456 p3 = -2.25569 p4 = -0.976102
----------> Iteration 2
            FVAL = 15.3920275379 Edm = 0.722718294178 Nfcn = 46
            Error matrix change = 0.504882
            Parameters :  p0 = -2.25488 p1 = -0.695359 p2 = -0.533941 p3 = -1.04265 p4 = -1.16854
----------> Iteration 3
            FVAL = 13.2558050643 Edm = 0.252163415715 Nfcn = 59
            Error matrix change = 0.3684
            Parameters :  p0 = -2.12656 p1 = -0.17833 p2 = -0.146924 p3 = -0.383994 p4 = -1.65309
----------> Iteration 4
            FVAL = 12.2460976927 Edm = 0.288732485269 Nfcn = 72
            Error matrix change = 0.407838
            Parameters :  p0 = -0.986664 p1 = 0.0686649 p2 = -0.0140102 p3 = 0.248535 p4 = -2.02623
----------> Iteration 5
            FVAL = 11.9375971419 Edm = 0.0210898740915 Nfcn = 84
            Error matrix change = 0.271509
            Parameters :  p0 = -0.59272 p1 = -0.280292 p2 = -0.335263 p3 = -0.0737192 p4 = -2.06175
----------> Iteration 6
            FVAL = 11.9034105494 Edm = 0.000957179288725 Nfcn = 96
            Error matrix change = 0.222133
            Parameters :  p0 = -0.543698 p1 = -0.268703 p2 = -0.240293 p3 = -0.274848 p4 = -2.03745
----------> Iteration 7
            FVAL = 11.9020564407 Edm = 8.27412958603e-06 Nfcn = 108
            Error matrix change = 0.162434
            Parameters :  p0 = -0.544082 p1 = -0.238365 p2 = -0.215553 p3 = -0.281218 p4 = -2.04781
----------> Iteration 8
            FVAL = 11.9020467042 Edm = 4.57363787368e-07 Nfcn = 120
            Error matrix change = 0.158654
            Parameters :  p0 = -0.540703 p1 = -0.237476 p2 = -0.217635 p3 = -0.282654 p4 = -2.04847
----------> Iteration 9
            FVAL = 11.9020467042 Edm = 6.36168897375e-07 Nfcn = 151
            Error matrix change = 0
            Parameters :  p0 = -0.540703 p1 = -0.237476 p2 = -0.217635 p3 = -0.282654 p4 = -2.04847
Minuit2Minimizer : Valid minimum - status = 0
FVAL  = 11.9020467041950049
Edm   = 6.36168897375445111e-07
Nfcn  = 151
jerUp_unc	  = -0.540703	 +/-  0.965959	(limited)
jesUp_unc	  = -0.237476	 +/-  0.984031	(limited)
lumi	  = -0.217635	 +/-  0.985928	(limited)
pdf_unc	  = -0.282654	 +/-  0.978617	(limited)
xs_Bkg	  = -2.04847	 +/-  0.34896	(limited)
Reference signal fit
   0) jerUp_unc                      = -0.540703
   1) jesUp_unc                      = -0.237476
   2) lumi                           = -0.217635
   3) pdf_unc                        = -0.282654
   4) xs_Bkg                         =  -2.04847

Fitting of the signal-plus-background hypothesis done in 0.00173807 s
      Evaluation of p-values done in  7.38024 s
	CLs = 0.0383693 +/- 0.00962283
      Evaluation of p-values done in  7.18187 s
	CLs = 0.0347722 +/- 0.00647564
      Evaluation of p-values done in  7.18845 s
	CLs = 0.0347277 +/- 0.0052495
      Evaluation of p-values done in  7.21981 s
	CLs = 0.0343195 +/- 0.00451834
      Evaluation of p-values done in  7.1809 s
	CLs = 0.0326395 +/- 0.00393923
	CLs      = 0.0326395 +/- 0.00393923
	CLb      = 0.4228 +/- 0.00698627
	CLsplusb = 0.0138 +/- 0.00164982

Hybrid result saved as HypoTestResult_mh120_r800_3604046175 in higgsCombineTest.HybridNew.mH120.-583663883.root : higgsCombineTest.HybridNew.mH120.-583663883.root:/toys

 -- Hybrid New -- 
CLs = 0.0326395 +/- 0.00393923
Total toys: 10000
Done in 0.00 min (cpu), 0.61 min (real)
