>>> including systematics
>>> using the Profile Likelihood test statistics modified for upper limits (Q_LHC)
>>> method used to compute upper limit is HybridNew
>>> Using OpenSSL to get a really random seed 
>>> Used OpenSSL to get a really random seed -973319637
Adding /uscms_data/d2/lpcljm/sapta/SUSYSearch/LimitSetting/CMSSW_7_1_5/src to include path
Adding /cvmfs/cms.cern.ch/slc6_amd64_gcc481/lcg/roofit/5.34.18-cms3//include to include path
Input workspace 'w': 

RooWorkspace(w) w contents

variables
---------
(jerUp_unc,jerUp_unc_In,jesUp_unc,jesUp_unc_In,lumi,lumi_In,n_obs_binbin1,pdf_unc,pdf_unc_In,r,xs_Bkg,xs_Bkg_In)

p.d.f.s
-------
SimpleGaussianConstraint::jerUp_unc_Pdf[ x=jerUp_unc mean=jerUp_unc_In sigma=1 ] = 1
SimpleGaussianConstraint::jesUp_unc_Pdf[ x=jesUp_unc mean=jesUp_unc_In sigma=1 ] = 1
SimpleGaussianConstraint::lumi_Pdf[ x=lumi mean=lumi_In sigma=1 ] = 1
RooProdPdf::modelObs_b[ pdf_binbin1_bonly ] = 0.00691792
RooProdPdf::modelObs_s[ pdf_binbin1 ] = 0.00573811
RooProdPdf::model_b[ modelObs_b * nuisancePdf ] = 0.00691792
RooProdPdf::model_s[ modelObs_s * nuisancePdf ] = 0.00573811
RooProdPdf::nuisancePdf[ lumi_Pdf * jesUp_unc_Pdf * pdf_unc_Pdf * xs_Bkg_Pdf * jerUp_unc_Pdf ] = 1
RooPoisson::pdf_binbin1[ x=n_obs_binbin1 mean=n_exp_binbin1 ] = 0.00573811
RooPoisson::pdf_binbin1_bonly[ x=n_obs_binbin1 mean=n_exp_binbin1_bonly ] = 0.00691792
SimpleGaussianConstraint::pdf_unc_Pdf[ x=pdf_unc mean=pdf_unc_In sigma=1 ] = 1
SimpleGaussianConstraint::xs_Bkg_Pdf[ x=xs_Bkg mean=xs_Bkg_In sigma=1 ] = 1

functions
--------
RooAddition::n_exp_binbin1[ n_exp_binbin1_proc_BH + n_exp_binbin1_proc_Background ] = 103.82
RooAddition::n_exp_binbin1_bonly[ n_exp_binbin1_proc_Background ] = 102.82
ProcessNormalization::n_exp_binbin1_proc_BH[ thetaList=(lumi,jesUp_unc,pdf_unc) asymmThetaList=() otherFactorList=(r) ] = 1
ProcessNormalization::n_exp_binbin1_proc_Background[ thetaList=(xs_Bkg,jerUp_unc) asymmThetaList=() otherFactorList=() ] = 102.82

datasets
--------
RooDataSet::data_obs(n_obs_binbin1)

named sets
----------
ModelConfig_GlobalObservables:(lumi_In,jesUp_unc_In,pdf_unc_In,xs_Bkg_In,jerUp_unc_In)
ModelConfig_NuisParams:(lumi,jesUp_unc,pdf_unc,xs_Bkg,jerUp_unc)
ModelConfig_Observables:(n_obs_binbin1)
ModelConfig_POI:(r)
ModelConfig_bonly_GlobalObservables:(lumi_In,jesUp_unc_In,pdf_unc_In,xs_Bkg_In,jerUp_unc_In)
ModelConfig_bonly_NuisParams:(lumi,jesUp_unc,pdf_unc,xs_Bkg,jerUp_unc)
ModelConfig_bonly_Observables:(n_obs_binbin1)
ModelConfig_bonly_POI:(r)
POI:(r)
globalObservables:(lumi_In,jesUp_unc_In,pdf_unc_In,xs_Bkg_In,jerUp_unc_In)
nuisances:(lumi,jesUp_unc,pdf_unc,xs_Bkg,jerUp_unc)
observables:(n_obs_binbin1)

generic objects
---------------
RooStats::ModelConfig::ModelConfig
RooStats::ModelConfig::ModelConfig_bonly
RooArgSet::discreteParams

Workspace has a ModelConfig for signal called 'ModelConfig', with contents:

=== Using the following for ModelConfig ===
Observables:             RooArgSet:: = (n_obs_binbin1)
Parameters of Interest:  RooArgSet:: = (r)
Nuisance Parameters:     RooArgSet:: = (lumi,jesUp_unc,pdf_unc,xs_Bkg,jerUp_unc)
Global Observables:      RooArgSet:: = (lumi_In,jesUp_unc_In,pdf_unc_In,xs_Bkg_In,jerUp_unc_In)
PDF:                     RooProdPdf::model_s[ modelObs_s * nuisancePdf ] = 0.00573811

Input ModelConfig 'ModelConfig': 

=== Using the following for ModelConfig ===
Observables:             RooArgSet:: = (n_obs_binbin1)
Parameters of Interest:  RooArgSet:: = (r)
Nuisance Parameters:     RooArgSet:: = (lumi,jesUp_unc,pdf_unc,xs_Bkg,jerUp_unc)
Global Observables:      RooArgSet:: = (lumi_In,jesUp_unc_In,pdf_unc_In,xs_Bkg_In,jerUp_unc_In)
PDF:                     RooProdPdf::model_s[ modelObs_s * nuisancePdf ] = 0.00573811

[#1] INFO:ObjectHandling -- RooWorkspace::import(w) importing RooUniform::prior
Computing limit starting from observation
  1) RooRealVar:: n_obs_binbin1 = 84
Set default minimizer to Minuit2
  r = 90 +/- 0
[#1] INFO:Minization --  Including the following contraint terms in minimization: (nuisancePdf)
[#1] INFO:Fitting -- RooAddition::defaultErrorLevel(nll_model_s_data_obs_with_constr) Summation contains a RooNLLVar, using its error level
Minuit2Minimizer: Minimize with max-calls 2500 convergence for edm < 0.01 strategy 1
MnSeedGenerator: for initial parameters FCN = 9.56833
MnSeedGenerator: Initial state:   - FCN =   9.568332283583 Edm =      1.87787 NCalls =     21
VariableMetric: start iterating until Edm is < 1e-05
VariableMetric: Initial state   - FCN =   9.568332283583 Edm =      1.87787 NCalls =     21
VariableMetric: Iteration #   1 - FCN =   7.976180551436 Edm =     0.100189 NCalls =     33
VariableMetric: Iteration #   2 - FCN =   7.825638823658 Edm =  1.52603e-06 NCalls =     45
VariableMetric: After Hessian   - FCN =   7.825638823658 Edm =  1.79816e-06 NCalls =     76
Number of iterations 4
----------> Iteration 0
            FVAL = 9.56833228358 Edm = 1.87786632943 Nfcn = 21
            Error matrix change = 1
            Parameters :  p0 = 0 p1 = 0 p2 = 0 p3 = 0 p4 = 0
----------> Iteration 1
            FVAL = 7.97618055144 Edm = 0.100189254083 Nfcn = 33
            Error matrix change = 0.528236
            Parameters :  p0 = -0.544388 p1 = 0 p2 = 0 p3 = 0 p4 = -0.333338
----------> Iteration 2
            FVAL = 7.82563882366 Edm = 1.52602936466e-06 Nfcn = 45
            Error matrix change = 0.307601
            Parameters :  p0 = -0.0355922 p1 = 0 p2 = 0 p3 = 0 p4 = -0.423248
----------> Iteration 3
            FVAL = 7.82563882366 Edm = 1.79816098876e-06 Nfcn = 76
            Error matrix change = 0
            Parameters :  p0 = -0.0355922 p1 = 0 p2 = 0 p3 = 0 p4 = -0.423248
Minuit2Minimizer : Valid minimum - status = 0
FVAL  = 7.8256388236578962
Edm   = 1.79816098875960998e-06
Nfcn  = 76
jerUp_unc	  = -0.0355922	 +/-  0.993049	(limited)
jesUp_unc	  = 0	 +/-  0.996602	(limited)
lumi	  = 0	 +/-  0.996602	(limited)
pdf_unc	  = 0	 +/-  0.996602	(limited)
xs_Bkg	  = -0.423248	 +/-  0.249536	(limited)
Zero signal fit
   0) jerUp_unc                      = -0.0355922
   1) jesUp_unc                      =         0
   2) lumi                           =         0
   3) pdf_unc                        =         0
   4) xs_Bkg                         = -0.423248

Fitting of the background hypothesis done in 0.308006 s
[#1] INFO:Fitting -- RooAddition::defaultErrorLevel(nll_model_s_data_obs_with_constr) Summation contains a RooNLLVar, using its error level
Minuit2Minimizer: Minimize with max-calls 2500 convergence for edm < 0.01 strategy 1
MnSeedGenerator: for initial parameters FCN = 37.1442
MnSeedGenerator: Initial state:   - FCN =   37.14417680831 Edm =      21.8821 NCalls =     21
VariableMetric: start iterating until Edm is < 1e-05
VariableMetric: Initial state   - FCN =   37.14417680831 Edm =      21.8821 NCalls =     21
VariableMetric: Iteration #   1 - FCN =   19.49468787446 Edm =      1.48046 NCalls =     35
VariableMetric: Iteration #   2 - FCN =   15.99078785874 Edm =     0.145973 NCalls =     47
VariableMetric: Iteration #   3 - FCN =    15.6805820855 Edm =   0.00424935 NCalls =     59
VariableMetric: Iteration #   4 - FCN =   15.67465584103 Edm =   5.4923e-05 NCalls =     71
VariableMetric: Iteration #   5 - FCN =   15.67459451405 Edm =  1.07036e-07 NCalls =     83
VariableMetric: After Hessian   - FCN =   15.67459451405 Edm =  1.23763e-07 NCalls =    114
Number of iterations 7
----------> Iteration 0
            FVAL = 37.1441768083 Edm = 21.8820606942 Nfcn = 21
            Error matrix change = 1
            Parameters :  p0 = -0.0355922 p1 = 0 p2 = 0 p3 = 0 p4 = -0.423248
----------> Iteration 1
            FVAL = 19.4946878745 Edm = 1.48046237821 Nfcn = 35
            Error matrix change = 0.595846
            Parameters :  p0 = -1.30712 p1 = -1.61104 p2 = -1.51874 p3 = -1.81045 p4 = -1.55936
----------> Iteration 2
            FVAL = 15.9907878587 Edm = 0.145972701594 Nfcn = 47
            Error matrix change = 0.401807
            Parameters :  p0 = -0.0530752 p1 = -0.765167 p2 = -0.654036 p3 = -1.06498 p4 = -2.45343
----------> Iteration 3
            FVAL = 15.6805820855 Edm = 0.0042493470446 Nfcn = 59
            Error matrix change = 0.241186
            Parameters :  p0 = -0.220707 p1 = -0.879596 p2 = -0.830682 p3 = -1.01302 p4 = -2.77273
----------> Iteration 4
            FVAL = 15.674655841 Edm = 5.49230496494e-05 Nfcn = 71
            Error matrix change = 0.153522
            Parameters :  p0 = -0.251415 p1 = -0.838837 p2 = -0.774639 p3 = -0.995279 p4 = -2.81779
----------> Iteration 5
            FVAL = 15.6745945141 Edm = 1.07035574744e-07 Nfcn = 83
            Error matrix change = 0.0989187
            Parameters :  p0 = -0.247131 p1 = -0.839972 p2 = -0.774155 p3 = -1.00253 p4 = -2.82053
----------> Iteration 6
            FVAL = 15.6745945141 Edm = 1.2376297693e-07 Nfcn = 114
            Error matrix change = 0
            Parameters :  p0 = -0.247131 p1 = -0.839972 p2 = -0.774155 p3 = -1.00253 p4 = -2.82053
Minuit2Minimizer : Valid minimum - status = 0
FVAL  = 15.6745945140504279
Edm   = 1.23762976930243492e-07
Nfcn  = 114
jerUp_unc	  = -0.247131	 +/-  0.99401	(limited)
jesUp_unc	  = -0.839972	 +/-  0.955493	(limited)
lumi	  = -0.774155	 +/-  0.961787	(limited)
pdf_unc	  = -1.00253	 +/-  0.937403	(limited)
xs_Bkg	  = -2.82053	 +/-  0.562789	(limited)
Reference signal fit
   0) jerUp_unc                      = -0.247131
   1) jesUp_unc                      = -0.839972
   2) lumi                           = -0.774155
   3) pdf_unc                        =  -1.00253
   4) xs_Bkg                         =  -2.82053

Fitting of the signal-plus-background hypothesis done in 0.00248098 s
      Evaluation of p-values done in  6.90584 s
	CLs = 0 +/- 0
      Evaluation of p-values done in  6.44214 s
	CLs = 0 +/- 0
      Evaluation of p-values done in  6.33756 s
	CLs = 0 +/- 0
      Evaluation of p-values done in  6.66844 s
	CLs = 0 +/- 0
      Evaluation of p-values done in  6.68259 s
	CLs = 0 +/- 0
	CLs      = 0 +/- 0
	CLb      = 0.3768 +/- 0.00685305
	CLsplusb = 0 +/- 0

Hybrid result saved as HypoTestResult_mh120_r90_3618902995 in higgsCombineTest.HybridNew.mH120.-973319637.root : higgsCombineTest.HybridNew.mH120.-973319637.root:/toys

 -- Hybrid New -- 
CLs = 0 +/- 0
Total toys: 10000
Done in 0.00 min (cpu), 0.56 min (real)
