	CLs = 0.075 +/- 0.0275
	CLs = 0.0561447 +/- 0.0145324
	CLs = 0.0433333 +/- 0.0101904
	CLs = 0.0484255 +/- 0.00918568
	CLs = 0.045159 +/- 0.00804157
	CLs = 0.0410206 +/- 0.00707821
	CLs = 0.0366301 +/- 0.00612408
	CLs = 0.0388553 +/- 0.00586776
	CLs = 0.0399071 +/- 0.00563791
	CLs = 0.0393841 +/- 0.00527854
	CLs = 0.0413786 +/- 0.00518955
	CLs = 0.0418816 +/- 0.00501152
	CLs = 0.0433175 +/- 0.0049129
	CLs      = 0.0433175 +/- 0.0049129
	CLb      = 0.305437 +/- 0.0113839
	CLsplusb = 0.0132308 +/- 0.00141724


 -- HybridNew, before fit -- 
Limit: r < 118.104 +/- 6.20697 [113.061, 128.965]
Fit to 4 points: 120.43 +/- 1.18615

 -- Hybrid New -- 
Limit: r < 120.43 +/- 1.18615 @ 95% CL
Done in 0.01 min (cpu), 2.02 min (real)
